2022-05-25 09:18:54 info: =================================
2022-05-25 09:18:54 info: ======= ENV: development =======
2022-05-25 09:18:54 info: 🚀 App listening on the port 5100
2022-05-25 09:18:54 info: =================================
2022-05-25 11:34:38 info: =================================
2022-05-25 11:34:38 info: ======= ENV: development =======
2022-05-25 11:34:38 info: 🚀 App listening on the port 5100
2022-05-25 11:34:38 info: =================================
2022-05-25 23:17:53 info: [0mPOST /api/auth/login [32m200[0m 256.884 ms - 607[0m
2022-05-25 23:17:53 info: [0mGET /api/roles/getRoles [32m200[0m 78.083 ms - 581[0m
2022-05-25 23:21:25 info: =================================
2022-05-25 23:21:25 info: ======= ENV: development =======
2022-05-25 23:21:25 info: 🚀 App listening on the port 5100
2022-05-25 23:21:25 info: =================================
2022-05-25 23:21:30 info: [0mGET /api/users/getUsers [32m200[0m 472.750 ms - 937[0m
2022-05-25 23:25:01 info: =================================
2022-05-25 23:25:01 info: ======= ENV: development =======
2022-05-25 23:25:01 info: 🚀 App listening on the port 5100
2022-05-25 23:25:01 info: =================================
2022-05-25 23:36:05 info: =================================
2022-05-25 23:36:05 info: ======= ENV: development =======
2022-05-25 23:36:05 info: 🚀 App listening on the port 5100
2022-05-25 23:36:05 info: =================================
2022-05-25 23:36:31 info: [0mGET /api/users/getUsers [32m200[0m 164.121 ms - 937[0m
2022-05-25 23:48:49 info: [0mGET /api/users/getUsers [36m304[0m 158.363 ms - -[0m
2022-05-25 23:49:55 info: =================================
2022-05-25 23:49:55 info: ======= ENV: development =======
2022-05-25 23:49:55 info: 🚀 App listening on the port 5100
2022-05-25 23:49:55 info: =================================
2022-05-25 23:51:26 info: [0mGET /api/clients/getAllClients [0m-[0m - ms - -[0m
2022-05-25 23:52:52 info: =================================
2022-05-25 23:52:52 info: ======= ENV: development =======
2022-05-25 23:52:52 info: 🚀 App listening on the port 5100
2022-05-25 23:52:52 info: =================================
2022-05-25 23:53:45 info: =================================
2022-05-25 23:53:45 info: ======= ENV: development =======
2022-05-25 23:53:45 info: 🚀 App listening on the port 5100
2022-05-25 23:53:45 info: =================================
2022-05-25 23:54:16 info: =================================
2022-05-25 23:54:16 info: ======= ENV: development =======
2022-05-25 23:54:16 info: 🚀 App listening on the port 5100
2022-05-25 23:54:16 info: =================================
2022-05-25 23:54:36 info: [0mGET /api/users/getUsers [32m200[0m 164.683 ms - 937[0m
2022-05-25 23:54:58 info: [0mGET /api/clients/getAllClients [0m-[0m - ms - -[0m
2022-05-25 23:55:26 info: =================================
2022-05-25 23:55:26 info: ======= ENV: development =======
2022-05-25 23:55:26 info: 🚀 App listening on the port 5100
2022-05-25 23:55:26 info: =================================
2022-05-25 23:57:21 info: =================================
2022-05-25 23:57:21 info: ======= ENV: development =======
2022-05-25 23:57:21 info: 🚀 App listening on the port 5100
2022-05-25 23:57:21 info: =================================
2022-05-25 23:57:32 info: [0mGET /api/clients/getAllClients [32m200[0m 12.248 ms - 890[0m
2022-05-25 23:59:15 info: =================================
2022-05-25 23:59:15 info: ======= ENV: development =======
2022-05-25 23:59:15 info: 🚀 App listening on the port 5100
2022-05-25 23:59:15 info: =================================
2022-05-25 23:59:38 info: [0mGET /api/clients/getAllClients [36m304[0m 10.782 ms - -[0m
