2022-04-28 17:42:36 info: =================================
2022-04-28 17:42:36 info: ======= ENV: development =======
2022-04-28 17:42:36 info: 🚀 App listening on the port 5100
2022-04-28 17:42:36 info: =================================
2022-04-28 18:12:41 info: =================================
2022-04-28 18:12:41 info: ======= ENV: development =======
2022-04-28 18:12:41 info: 🚀 App listening on the port 5100
2022-04-28 18:12:41 info: =================================
2022-04-28 18:15:19 info: =================================
2022-04-28 18:15:19 info: ======= ENV: development =======
2022-04-28 18:15:19 info: 🚀 App listening on the port 5100
2022-04-28 18:15:19 info: =================================
2022-04-28 18:16:47 info: =================================
2022-04-28 18:16:47 info: ======= ENV: development =======
2022-04-28 18:16:47 info: 🚀 App listening on the port 5100
2022-04-28 18:16:47 info: =================================
2022-04-28 18:17:24 info: =================================
2022-04-28 18:17:24 info: ======= ENV: development =======
2022-04-28 18:17:24 info: 🚀 App listening on the port 5100
2022-04-28 18:17:24 info: =================================
2022-04-28 18:17:29 info: =================================
2022-04-28 18:17:29 info: ======= ENV: development =======
2022-04-28 18:17:29 info: 🚀 App listening on the port 5100
2022-04-28 18:17:29 info: =================================
2022-04-28 18:17:52 info: [0mGET /admin [33m404[0m 5.754 ms - 144[0m
2022-04-28 18:17:57 info: [0mGET /admin [33m404[0m 2.404 ms - 144[0m
2022-04-28 18:18:06 info: =================================
2022-04-28 18:18:06 info: ======= ENV: development =======
2022-04-28 18:18:06 info: 🚀 App listening on the port 5100
2022-04-28 18:18:06 info: =================================
2022-04-28 18:18:09 info: [0mGET /admin/ [33m404[0m 4.372 ms - 145[0m
2022-04-28 18:18:12 info: [0mGET /admin [33m404[0m 2.214 ms - 144[0m
2022-04-28 18:18:31 info: =================================
2022-04-28 18:18:31 info: ======= ENV: development =======
2022-04-28 18:18:31 info: 🚀 App listening on the port 5100
2022-04-28 18:18:31 info: =================================
2022-04-28 18:19:11 info: =================================
2022-04-28 18:19:11 info: ======= ENV: development =======
2022-04-28 18:19:11 info: 🚀 App listening on the port 5100
2022-04-28 18:19:11 info: =================================
2022-04-28 19:06:01 info: =================================
2022-04-28 19:06:01 info: ======= ENV: development =======
2022-04-28 19:06:01 info: 🚀 App listening on the port 5100
2022-04-28 19:06:01 info: =================================
