2022-06-11 07:40:09 info: =================================
2022-06-11 07:40:09 info: ======= ENV: development =======
2022-06-11 07:40:09 info: 🚀 App listening on the port 5100
2022-06-11 07:40:09 info: =================================
2022-06-11 07:40:15 info: [0mGET /api/users/getUsers [32m200[0m 441.931 ms - -[0m
2022-06-11 07:40:16 info: [0mGET /api/users/getUsers [36m304[0m 565.563 ms - -[0m
2022-06-11 07:40:22 info: [0mGET /api/users/getUsers [36m304[0m 152.064 ms - -[0m
2022-06-11 07:40:22 info: [0mGET /api/users/getUsers [36m304[0m 144.581 ms - -[0m
2022-06-11 07:40:26 info: [0mGET /api/clients/getAllClients [32m200[0m 236.842 ms - 528[0m
2022-06-11 07:40:29 info: [0mGET /api/servicios/obtenerProcedimientos [32m200[0m 79.305 ms - 473[0m
2022-06-11 07:40:29 info: [0mGET /api/causas/obtenerCausas [32m201[0m 78.909 ms - -[0m
2022-06-11 07:40:29 info: [0mGET /api/servicios/obtenerTipoServicios [32m200[0m 81.496 ms - 458[0m
2022-06-11 07:54:02 info: [0mGET /api/causas/obtenerCausas [32m201[0m 87.385 ms - -[0m
2022-06-11 07:54:02 info: [0mGET /api/servicios/obtenerTipoServicios [36m304[0m 87.303 ms - -[0m
2022-06-11 07:54:02 info: [0mGET /api/servicios/obtenerProcedimientos [36m304[0m 73.300 ms - -[0m
2022-06-11 07:59:51 info: =================================
2022-06-11 07:59:51 info: ======= ENV: development =======
2022-06-11 07:59:51 info: 🚀 App listening on the port 5100
2022-06-11 07:59:51 info: =================================
2022-06-11 08:13:30 info: [0mGET /api/servicios/obtenerTipoServicios [36m304[0m 80.189 ms - -[0m
2022-06-11 08:13:30 info: [0mGET /api/causas/obtenerCausas [32m201[0m 84.138 ms - -[0m
2022-06-11 08:13:31 info: [0mGET /api/servicios/obtenerProcedimientos [36m304[0m 73.543 ms - -[0m
2022-06-11 08:32:26 info: [0mGET /api/servicios/obtenerTipoServicios [36m304[0m 77.176 ms - -[0m
2022-06-11 09:22:31 info: [0mGET /api/servicios/obtenerProcedimientos [36m304[0m 245.406 ms - -[0m
2022-06-11 09:22:31 info: [0mGET /api/servicios/obtenerTipoServicios [36m304[0m 249.434 ms - -[0m
2022-06-11 09:22:31 info: [0mGET /api/causas/obtenerCausas [32m201[0m 250.317 ms - -[0m
2022-06-11 09:23:27 info: [0mGET /api/causas/obtenerCausas [32m201[0m 77.005 ms - -[0m
2022-06-11 09:23:27 info: [0mGET /api/servicios/obtenerProcedimientos [36m304[0m 74.852 ms - -[0m
2022-06-11 09:23:27 info: [0mGET /api/servicios/obtenerTipoServicios [36m304[0m 79.497 ms - -[0m
2022-06-11 09:24:04 info: =================================
2022-06-11 09:24:04 info: ======= ENV: development =======
2022-06-11 09:24:04 info: 🚀 App listening on the port 5100
2022-06-11 09:24:04 info: =================================
2022-06-11 09:24:10 info: =================================
2022-06-11 09:24:10 info: ======= ENV: development =======
2022-06-11 09:24:10 info: 🚀 App listening on the port 5100
2022-06-11 09:24:10 info: =================================
2022-06-11 09:25:08 info: =================================
2022-06-11 09:25:08 info: ======= ENV: development =======
2022-06-11 09:25:08 info: 🚀 App listening on the port 5100
2022-06-11 09:25:08 info: =================================
2022-06-11 09:25:30 info: =================================
2022-06-11 09:25:30 info: ======= ENV: development =======
2022-06-11 09:25:30 info: 🚀 App listening on the port 5100
2022-06-11 09:25:30 info: =================================
2022-06-11 10:08:31 info: =================================
2022-06-11 10:08:31 info: ======= ENV: development =======
2022-06-11 10:08:31 info: 🚀 App listening on the port 5100
2022-06-11 10:08:31 info: =================================
2022-06-11 10:08:36 info: [0mGET /api/servicios/obtenerTipoServicios [32m200[0m 279.646 ms - 458[0m
2022-06-11 10:08:36 info: [0mGET /api/servicios/obtenerProcedimientos [32m200[0m 280.107 ms - 473[0m
2022-06-11 10:08:36 info: [0mGET /api/causas/obtenerCausas [32m201[0m 281.573 ms - -[0m
2022-06-11 10:08:36 info: [0mGET /api/servicios/obtenerTipoServicios [36m304[0m 78.635 ms - -[0m
2022-06-11 10:08:36 info: [0mGET /api/servicios/obtenerProcedimientos [36m304[0m 76.398 ms - -[0m
2022-06-11 10:08:36 info: [0mGET /api/causas/obtenerCausas [32m201[0m 82.758 ms - -[0m
2022-06-11 10:08:37 info: [0mGET /api/servicios/obtenerTipoServicios [36m304[0m 77.032 ms - -[0m
2022-06-11 10:08:37 info: [0mGET /api/servicios/obtenerProcedimientos [36m304[0m 75.631 ms - -[0m
2022-06-11 10:08:37 info: [0mGET /api/causas/obtenerCausas [32m201[0m 73.580 ms - -[0m
2022-06-11 10:08:40 info: [0mGET /api/servicios/obtenerTipoServicios [36m304[0m 80.240 ms - -[0m
2022-06-11 10:09:05 info: [0mGET /api/servicios/obtenerTipoServicios [36m304[0m 207.359 ms - -[0m
2022-06-11 10:09:12 info: [0mPOST /api/servicios/crearTipoServicio [32m201[0m 140.182 ms - 178[0m
2022-06-11 10:09:15 info: [0mGET /api/servicios/obtenerTipoServicios [32m200[0m 156.206 ms - 595[0m
2022-06-11 10:11:57 info: [0mGET /api/servicios/obtenerProcedimientos [36m304[0m 77.157 ms - -[0m
2022-06-11 10:19:19 info: [0mGET /api/causas/obtenerCausas [32m201[0m 91.581 ms - -[0m
2022-06-11 10:19:19 info: [0mGET /api/servicios/obtenerTipoServicios [36m304[0m 75.489 ms - -[0m
2022-06-11 10:19:19 info: [0mGET /api/servicios/obtenerProcedimientos [36m304[0m 76.088 ms - -[0m
2022-06-11 10:20:33 info: [0mGET /api/causas/obtenerCausas [32m201[0m 79.096 ms - -[0m
2022-06-11 10:20:33 info: [0mGET /api/servicios/obtenerTipoServicios [36m304[0m 82.485 ms - -[0m
2022-06-11 10:20:33 info: [0mGET /api/servicios/obtenerProcedimientos [36m304[0m 159.645 ms - -[0m
2022-06-11 11:07:08 info: [0mGET /api/users/getUsers [32m200[0m 462.910 ms - -[0m
2022-06-11 11:07:21 info: [0mGET /api/users/getAbogados [32m200[0m 79.226 ms - 456[0m
2022-06-11 11:10:55 info: =================================
2022-06-11 11:10:55 info: ======= ENV: development =======
2022-06-11 11:10:55 info: 🚀 App listening on the port 5100
2022-06-11 11:10:55 info: =================================
2022-06-11 11:11:21 info: [0mGET /api/causas/obtenerCausas [32m201[0m 95.380 ms - -[0m
2022-06-11 11:11:21 info: [0mGET /api/servicios/obtenerProcedimientos [36m304[0m 79.250 ms - -[0m
2022-06-11 11:11:21 info: [0mGET /api/servicios/obtenerTipoServicios [36m304[0m 84.715 ms - -[0m
2022-06-11 11:11:37 info: [0mGET /api/causas/obtenerCausas [32m201[0m 195.461 ms - -[0m
2022-06-11 11:11:37 info: [0mGET /api/servicios/obtenerTipoServicios [36m304[0m 413.704 ms - -[0m
2022-06-11 11:11:37 info: [0mGET /api/servicios/obtenerProcedimientos [36m304[0m 414.874 ms - -[0m
2022-06-11 11:20:22 info: =================================
2022-06-11 11:20:22 info: ======= ENV: development =======
2022-06-11 11:20:22 info: 🚀 App listening on the port 5100
2022-06-11 11:20:22 info: =================================
2022-06-11 11:22:41 info: [0mGET /api/causas/obtenerCausas [32m201[0m 99.739 ms - -[0m
2022-06-11 11:22:41 info: [0mGET /api/servicios/obtenerTipoServicios [32m200[0m 75.137 ms - 595[0m
2022-06-11 11:22:42 info: [0mGET /api/servicios/obtenerProcedimientos [32m200[0m 77.580 ms - 473[0m
2022-06-11 11:22:50 info: [0mPOST /api/causas/eliminarCausa [32m201[0m 112.293 ms - 650[0m
2022-06-11 11:22:50 info: [0mGET /api/causas/obtenerCausas [32m201[0m 75.745 ms - -[0m
2022-06-11 11:22:55 info: [0mPOST /api/causas/eliminarCausa [32m201[0m 87.727 ms - 692[0m
2022-06-11 11:22:55 info: [0mGET /api/causas/obtenerCausas [32m201[0m 72.421 ms - -[0m
2022-06-11 11:22:57 info: [0mPOST /api/causas/eliminarCausa [32m201[0m 459.394 ms - 676[0m
2022-06-11 11:22:58 info: [0mGET /api/causas/obtenerCausas [32m201[0m 282.175 ms - 648[0m
2022-06-11 11:22:59 info: [0mPOST /api/causas/eliminarCausa [32m201[0m 372.467 ms - 646[0m
2022-06-11 11:22:59 info: [0mGET /api/causas/obtenerCausas [32m201[0m 294.889 ms - 36[0m
2022-06-11 11:25:31 info: [0mGET /api/clients/getAllClients [36m304[0m 74.419 ms - -[0m
2022-06-11 11:25:33 info: [0mGET /api/users/getAbogados [36m304[0m 85.222 ms - -[0m
2022-06-11 11:25:35 info: [0mGET /api/servicios/obtenerTipoServicios [36m304[0m 75.816 ms - -[0m
2022-06-11 11:25:37 info: [0mGET /api/servicios/obtenerProcedimientos [36m304[0m 151.670 ms - -[0m
2022-06-11 11:26:14 info: [0mPOST /api/causas/guardarCausa [32m201[0m 86.988 ms - 857[0m
2022-06-11 11:26:14 info: [0mGET /api/causas/obtenerCausas [32m201[0m 79.798 ms - 859[0m
2022-06-11 11:26:14 info: [0mGET /api/servicios/obtenerProcedimientos [36m304[0m 75.937 ms - -[0m
2022-06-11 11:26:14 info: [0mGET /api/servicios/obtenerTipoServicios [36m304[0m 75.135 ms - -[0m
2022-06-11 11:26:14 info: [0mGET /api/causas/obtenerCausas [32m201[0m 80.502 ms - 859[0m
2022-06-11 11:26:14 info: [0mGET /api/servicios/obtenerProcedimientos [36m304[0m 82.915 ms - -[0m
2022-06-11 11:26:14 info: [0mGET /api/servicios/obtenerTipoServicios [36m304[0m 87.370 ms - -[0m
2022-06-11 11:26:14 info: [0mGET /api/servicios/obtenerProcedimientos [36m304[0m 92.578 ms - -[0m
2022-06-11 11:26:14 info: [0mGET /api/causas/obtenerCausas [32m201[0m 96.512 ms - 859[0m
2022-06-11 11:26:15 info: [0mGET /api/servicios/obtenerTipoServicios [36m304[0m 77.861 ms - -[0m
2022-06-11 11:32:18 info: [0mGET /api/causas/obtenerCausas [32m201[0m 279.152 ms - 36[0m
2022-06-11 11:32:18 info: [0mGET /api/servicios/obtenerTipoServicios [36m304[0m 201.821 ms - -[0m
2022-06-11 11:32:18 info: [0mGET /api/servicios/obtenerProcedimientos [36m304[0m 352.389 ms - -[0m
2022-06-11 11:35:06 info: [0mGET /api/clients/getAllClients [36m304[0m 78.258 ms - -[0m
2022-06-11 11:35:10 info: [0mGET /api/users/getAbogados [36m304[0m 347.074 ms - -[0m
2022-06-11 11:35:15 info: [0mGET /api/servicios/obtenerTipoServicios [36m304[0m 72.643 ms - -[0m
2022-06-11 11:35:17 info: [0mGET /api/servicios/obtenerProcedimientos [36m304[0m 314.623 ms - -[0m
2022-06-11 11:35:35 info: [0mPOST /api/causas/guardarCausa [32m201[0m 95.551 ms - 871[0m
2022-06-11 11:35:36 info: [0mGET /api/causas/obtenerCausas [32m201[0m 73.216 ms - 873[0m
2022-06-11 11:35:36 info: [0mGET /api/servicios/obtenerTipoServicios [36m304[0m 74.845 ms - -[0m
2022-06-11 11:35:36 info: [0mGET /api/servicios/obtenerProcedimientos [36m304[0m 76.623 ms - -[0m
2022-06-11 11:35:36 info: [0mGET /api/causas/obtenerCausas [32m201[0m 80.070 ms - 873[0m
2022-06-11 11:35:36 info: [0mGET /api/servicios/obtenerTipoServicios [36m304[0m 77.707 ms - -[0m
2022-06-11 11:35:36 info: [0mGET /api/servicios/obtenerProcedimientos [36m304[0m 73.595 ms - -[0m
2022-06-11 11:35:36 info: [0mGET /api/causas/obtenerCausas [32m201[0m 76.940 ms - 873[0m
2022-06-11 11:35:36 info: [0mGET /api/servicios/obtenerTipoServicios [36m304[0m 77.300 ms - -[0m
2022-06-11 11:35:36 info: [0mGET /api/servicios/obtenerProcedimientos [36m304[0m 75.974 ms - -[0m
2022-06-11 11:35:36 info: [0mGET /api/causas/obtenerCausas [32m201[0m 73.837 ms - 873[0m
2022-06-11 11:35:37 info: [0mGET /api/servicios/obtenerTipoServicios [36m304[0m 77.048 ms - -[0m
2022-06-11 11:35:37 info: [0mGET /api/servicios/obtenerProcedimientos [36m304[0m 233.159 ms - -[0m
2022-06-11 11:39:49 info: [0mGET /api/servicios/obtenerTipoServicios [36m304[0m 133.931 ms - -[0m
2022-06-11 11:39:49 info: [0mGET /api/causas/obtenerCausas [32m201[0m 138.799 ms - 36[0m
2022-06-11 11:39:49 info: [0mGET /api/servicios/obtenerProcedimientos [36m304[0m 282.635 ms - -[0m
2022-06-11 11:39:55 info: [0mGET /api/clients/getAllClients [36m304[0m 77.295 ms - -[0m
2022-06-11 11:39:57 info: [0mGET /api/users/getAbogados [36m304[0m 82.365 ms - -[0m
2022-06-11 11:39:59 info: [0mGET /api/servicios/obtenerTipoServicios [36m304[0m 144.332 ms - -[0m
2022-06-11 11:40:00 info: [0mGET /api/servicios/obtenerProcedimientos [36m304[0m 76.584 ms - -[0m
2022-06-11 11:40:29 info: [0mPOST /api/causas/guardarCausa [32m201[0m 173.362 ms - 835[0m
2022-06-11 11:40:29 info: [0mGET /api/causas/obtenerCausas [32m201[0m 145.382 ms - 837[0m
2022-06-11 11:40:29 info: [0mGET /api/servicios/obtenerProcedimientos [36m304[0m 279.411 ms - -[0m
2022-06-11 11:40:29 info: [0mGET /api/servicios/obtenerTipoServicios [36m304[0m 284.451 ms - -[0m
2022-06-11 11:42:21 info: =================================
2022-06-11 11:42:21 info: ======= ENV: development =======
2022-06-11 11:42:21 info: 🚀 App listening on the port 5100
2022-06-11 11:42:21 info: =================================
2022-06-11 11:42:27 info: [0mPOST /api/causas/eliminarCausa [32m201[0m 112.597 ms - 835[0m
2022-06-11 11:42:27 info: [0mGET /api/causas/obtenerCausas [32m201[0m 75.790 ms - 36[0m
2022-06-11 11:42:33 info: [0mGET /api/clients/getAllClients [36m304[0m 81.837 ms - -[0m
2022-06-11 11:42:35 info: [0mGET /api/users/getAbogados [36m304[0m 80.287 ms - -[0m
2022-06-11 11:42:36 info: [0mGET /api/servicios/obtenerTipoServicios [36m304[0m 75.069 ms - -[0m
2022-06-11 11:42:39 info: [0mGET /api/servicios/obtenerProcedimientos [36m304[0m 146.327 ms - -[0m
2022-06-11 11:43:08 info: [0mPOST /api/causas/guardarCausa [32m201[0m 494.918 ms - 849[0m
2022-06-11 11:43:09 info: [0mGET /api/causas/obtenerCausas [32m201[0m 196.645 ms - 851[0m
2022-06-11 11:43:09 info: [0mGET /api/servicios/obtenerTipoServicios [36m304[0m 353.778 ms - -[0m
2022-06-11 11:43:09 info: [0mGET /api/servicios/obtenerProcedimientos [36m304[0m 353.837 ms - -[0m
2022-06-11 11:43:51 info: [0mGET /api/causas/obtenerCausas [32m201[0m 75.043 ms - 851[0m
2022-06-11 11:43:51 info: [0mGET /api/servicios/obtenerTipoServicios [36m304[0m 80.156 ms - -[0m
2022-06-11 11:43:51 info: [0mGET /api/servicios/obtenerProcedimientos [36m304[0m 77.961 ms - -[0m
2022-06-11 11:44:21 info: [0mGET /api/causas/obtenerCausas [32m201[0m 75.492 ms - 851[0m
2022-06-11 11:44:21 info: [0mGET /api/servicios/obtenerTipoServicios [36m304[0m 74.585 ms - -[0m
2022-06-11 11:44:21 info: [0mGET /api/servicios/obtenerProcedimientos [36m304[0m 70.212 ms - -[0m
2022-06-11 11:44:26 info: [0mGET /api/causas/obtenerCausas [32m201[0m 75.826 ms - 851[0m
2022-06-11 11:44:26 info: [0mGET /api/servicios/obtenerTipoServicios [36m304[0m 77.951 ms - -[0m
2022-06-11 11:44:26 info: [0mGET /api/servicios/obtenerProcedimientos [36m304[0m 78.209 ms - -[0m
2022-06-11 11:44:27 info: [0mGET /api/servicios/obtenerTipoServicios [36m304[0m 77.531 ms - -[0m
2022-06-11 11:44:27 info: [0mGET /api/causas/obtenerCausas [32m201[0m 81.087 ms - 851[0m
2022-06-11 11:44:27 info: [0mGET /api/servicios/obtenerProcedimientos [36m304[0m 75.451 ms - -[0m
2022-06-11 11:44:27 info: [0mGET /api/servicios/obtenerTipoServicios [36m304[0m 74.207 ms - -[0m
2022-06-11 11:44:27 info: [0mGET /api/causas/obtenerCausas [32m201[0m 87.287 ms - 851[0m
2022-06-11 11:44:27 info: [0mGET /api/servicios/obtenerProcedimientos [36m304[0m 201.537 ms - -[0m
2022-06-11 11:44:52 info: [0mGET /api/causas/obtenerCausas [32m201[0m 80.039 ms - 851[0m
2022-06-11 11:44:53 info: [0mGET /api/servicios/obtenerTipoServicios [36m304[0m 78.986 ms - -[0m
2022-06-11 11:44:53 info: [0mGET /api/servicios/obtenerProcedimientos [36m304[0m 84.067 ms - -[0m
2022-06-11 11:44:58 info: [0mGET /api/causas/obtenerCausas [32m201[0m 278.285 ms - 851[0m
2022-06-11 11:44:59 info: [0mGET /api/servicios/obtenerProcedimientos [36m304[0m 249.617 ms - -[0m
2022-06-11 11:44:59 info: [0mGET /api/servicios/obtenerTipoServicios [36m304[0m 248.074 ms - -[0m
2022-06-11 11:45:31 info: [0mGET /api/causas/obtenerCausas [32m201[0m 536.631 ms - 851[0m
2022-06-11 11:45:31 info: [0mGET /api/servicios/obtenerTipoServicios [36m304[0m 362.304 ms - -[0m
2022-06-11 11:45:31 info: [0mGET /api/servicios/obtenerProcedimientos [36m304[0m 237.920 ms - -[0m
2022-06-11 11:46:13 info: [0mGET /api/causas/obtenerCausas [32m201[0m 78.744 ms - 851[0m
2022-06-11 11:46:13 info: [0mGET /api/servicios/obtenerTipoServicios [36m304[0m 73.649 ms - -[0m
2022-06-11 11:46:13 info: [0mGET /api/servicios/obtenerProcedimientos [36m304[0m 81.214 ms - -[0m
2022-06-11 11:46:24 info: [0mGET /api/clients/getAllClients [36m304[0m 77.234 ms - -[0m
2022-06-11 11:46:26 info: [0mGET /api/users/getAbogados [36m304[0m 76.197 ms - -[0m
2022-06-11 11:46:28 info: [0mGET /api/servicios/obtenerTipoServicios [36m304[0m 272.784 ms - -[0m
2022-06-11 11:46:30 info: [0mGET /api/servicios/obtenerProcedimientos [36m304[0m 243.530 ms - -[0m
2022-06-11 11:47:09 info: [0mPOST /api/causas/guardarCausa [32m201[0m 226.845 ms - 938[0m
2022-06-11 11:47:10 info: [0mGET /api/causas/obtenerCausas [32m201[0m 216.822 ms - -[0m
2022-06-11 11:47:10 info: [0mGET /api/servicios/obtenerTipoServicios [36m304[0m 211.927 ms - -[0m
2022-06-11 11:47:10 info: [0mGET /api/servicios/obtenerProcedimientos [36m304[0m 377.389 ms - -[0m
2022-06-11 11:47:10 info: [0mGET /api/causas/obtenerCausas [32m201[0m 236.027 ms - -[0m
2022-06-11 11:47:10 info: [0mGET /api/servicios/obtenerTipoServicios [36m304[0m 87.806 ms - -[0m
2022-06-11 11:47:11 info: [0mGET /api/servicios/obtenerProcedimientos [36m304[0m 73.509 ms - -[0m
2022-06-11 11:47:11 info: [0mGET /api/causas/obtenerCausas [32m201[0m 82.834 ms - -[0m
2022-06-11 11:47:11 info: [0mGET /api/servicios/obtenerTipoServicios [36m304[0m 75.320 ms - -[0m
2022-06-11 11:47:11 info: [0mGET /api/servicios/obtenerProcedimientos [36m304[0m 80.198 ms - -[0m
2022-06-11 11:47:11 info: [0mGET /api/causas/obtenerCausas [32m201[0m 70.880 ms - -[0m
2022-06-11 11:47:11 info: [0mGET /api/servicios/obtenerTipoServicios [36m304[0m 75.011 ms - -[0m
2022-06-11 11:47:11 info: [0mGET /api/servicios/obtenerProcedimientos [36m304[0m 75.906 ms - -[0m
2022-06-11 11:47:11 info: [0mGET /api/causas/obtenerCausas [32m201[0m 77.374 ms - -[0m
2022-06-11 11:47:12 info: [0mGET /api/servicios/obtenerTipoServicios [36m304[0m 72.276 ms - -[0m
2022-06-11 11:47:12 info: [0mGET /api/servicios/obtenerProcedimientos [36m304[0m 72.444 ms - -[0m
2022-06-11 11:47:12 info: [0mGET /api/causas/obtenerCausas [32m201[0m 74.183 ms - -[0m
2022-06-11 11:47:12 info: [0mGET /api/servicios/obtenerTipoServicios [36m304[0m 76.774 ms - -[0m
2022-06-11 11:47:12 info: [0mGET /api/servicios/obtenerProcedimientos [36m304[0m 72.825 ms - -[0m
2022-06-11 11:47:12 info: [0mGET /api/causas/obtenerCausas [32m201[0m 76.101 ms - -[0m
2022-06-11 11:47:12 info: [0mGET /api/servicios/obtenerTipoServicios [36m304[0m 74.644 ms - -[0m
2022-06-11 11:47:13 info: [0mGET /api/servicios/obtenerProcedimientos [36m304[0m 74.337 ms - -[0m
2022-06-11 11:48:56 info: [0mGET /api/causas/obtenerCausas [32m201[0m 73.790 ms - -[0m
2022-06-11 11:48:56 info: [0mGET /api/servicios/obtenerTipoServicios [36m304[0m 77.442 ms - -[0m
2022-06-11 11:48:56 info: [0mGET /api/servicios/obtenerProcedimientos [36m304[0m 78.400 ms - -[0m
2022-06-11 11:50:14 info: [0mGET /api/servicios/obtenerTipoServicios [36m304[0m 76.698 ms - -[0m
2022-06-11 11:50:14 info: [0mGET /api/causas/obtenerCausas [32m201[0m 77.301 ms - -[0m
2022-06-11 11:50:14 info: [0mGET /api/servicios/obtenerProcedimientos [36m304[0m 81.185 ms - -[0m
2022-06-11 11:50:14 info: [0mGET /api/servicios/obtenerTipoServicios [36m304[0m 75.145 ms - -[0m
2022-06-11 11:50:14 info: [0mGET /api/causas/obtenerCausas [32m201[0m 74.424 ms - -[0m
2022-06-11 11:50:14 info: [0mGET /api/servicios/obtenerProcedimientos [36m304[0m 75.612 ms - -[0m
2022-06-11 11:50:14 info: [0mGET /api/servicios/obtenerTipoServicios [36m304[0m 74.241 ms - -[0m
2022-06-11 11:50:14 info: [0mGET /api/causas/obtenerCausas [32m201[0m 77.995 ms - -[0m
2022-06-11 11:50:15 info: [0mGET /api/servicios/obtenerTipoServicios [36m304[0m 71.520 ms - -[0m
2022-06-11 11:50:15 info: [0mGET /api/servicios/obtenerProcedimientos [36m304[0m 77.483 ms - -[0m
2022-06-11 11:50:15 info: [0mGET /api/causas/obtenerCausas [32m201[0m 87.287 ms - -[0m
2022-06-11 11:50:15 info: [0mGET /api/servicios/obtenerTipoServicios [36m304[0m 76.739 ms - -[0m
2022-06-11 11:50:15 info: [0mGET /api/servicios/obtenerProcedimientos [36m304[0m 85.111 ms - -[0m
2022-06-11 11:50:15 info: [0mGET /api/causas/obtenerCausas [32m201[0m 82.339 ms - -[0m
2022-06-11 11:50:15 info: [0mGET /api/servicios/obtenerTipoServicios [36m304[0m 73.569 ms - -[0m
2022-06-11 11:50:15 info: [0mGET /api/servicios/obtenerProcedimientos [36m304[0m 74.054 ms - -[0m
2022-06-11 11:50:15 info: [0mGET /api/servicios/obtenerTipoServicios [36m304[0m 78.358 ms - -[0m
2022-06-11 11:50:15 info: [0mGET /api/causas/obtenerCausas [32m201[0m 80.515 ms - -[0m
2022-06-11 11:50:15 info: [0mGET /api/servicios/obtenerProcedimientos [36m304[0m 75.039 ms - -[0m
2022-06-11 11:50:16 info: [0mGET /api/servicios/obtenerTipoServicios [36m304[0m 74.707 ms - -[0m
2022-06-11 11:50:16 info: [0mGET /api/causas/obtenerCausas [32m201[0m 75.105 ms - -[0m
2022-06-11 11:50:16 info: [0mGET /api/servicios/obtenerProcedimientos [36m304[0m 75.249 ms - -[0m
2022-06-11 11:50:16 info: [0mGET /api/causas/obtenerCausas [32m201[0m 75.981 ms - -[0m
2022-06-11 11:50:16 info: [0mGET /api/servicios/obtenerProcedimientos [36m304[0m 73.347 ms - -[0m
2022-06-11 11:55:56 info: [0mGET /api/causas/obtenerCausas [32m201[0m 76.702 ms - -[0m
2022-06-11 11:55:56 info: [0mGET /api/servicios/obtenerTipoServicios [36m304[0m 77.744 ms - -[0m
2022-06-11 11:55:57 info: [0mGET /api/servicios/obtenerProcedimientos [36m304[0m 76.685 ms - -[0m
2022-06-11 12:02:14 info: [0mGET /api/servicios/obtenerTipoServicios [36m304[0m 78.361 ms - -[0m
2022-06-11 12:02:14 info: [0mGET /api/servicios/obtenerProcedimientos [36m304[0m 80.334 ms - -[0m
2022-06-11 12:02:14 info: [0mGET /api/causas/obtenerCausas [32m201[0m 79.033 ms - -[0m
2022-06-11 12:02:14 info: [0mGET /api/servicios/obtenerTipoServicios [36m304[0m 87.234 ms - -[0m
2022-06-11 12:02:14 info: [0mGET /api/servicios/obtenerProcedimientos [36m304[0m 77.363 ms - -[0m
2022-06-11 12:02:14 info: [0mGET /api/causas/obtenerCausas [32m201[0m 79.559 ms - -[0m
2022-06-11 12:02:15 info: [0mGET /api/servicios/obtenerTipoServicios [36m304[0m 79.054 ms - -[0m
2022-06-11 12:02:15 info: [0mGET /api/servicios/obtenerProcedimientos [36m304[0m 77.125 ms - -[0m
2022-06-11 12:02:15 info: [0mGET /api/servicios/obtenerTipoServicios [36m304[0m 73.177 ms - -[0m
2022-06-11 12:02:15 info: [0mGET /api/causas/obtenerCausas [32m201[0m 81.016 ms - -[0m
2022-06-11 12:02:15 info: [0mGET /api/servicios/obtenerProcedimientos [36m304[0m 76.798 ms - -[0m
2022-06-11 12:02:15 info: [0mGET /api/servicios/obtenerTipoServicios [36m304[0m 72.374 ms - -[0m
2022-06-11 12:02:15 info: [0mGET /api/servicios/obtenerProcedimientos [36m304[0m 76.556 ms - -[0m
2022-06-11 12:02:15 info: [0mGET /api/causas/obtenerCausas [32m201[0m 77.431 ms - -[0m
2022-06-11 12:02:15 info: [0mGET /api/servicios/obtenerTipoServicios [36m304[0m 77.588 ms - -[0m
2022-06-11 12:02:16 info: [0mGET /api/servicios/obtenerProcedimientos [36m304[0m 77.017 ms - -[0m
2022-06-11 12:02:16 info: [0mGET /api/causas/obtenerCausas [32m201[0m 70.353 ms - -[0m
2022-06-11 12:02:16 info: [0mGET /api/servicios/obtenerTipoServicios [36m304[0m 77.406 ms - -[0m
2022-06-11 12:02:16 info: [0mGET /api/servicios/obtenerProcedimientos [36m304[0m 74.697 ms - -[0m
2022-06-11 12:02:16 info: [0mGET /api/causas/obtenerCausas [32m201[0m 73.209 ms - -[0m
2022-06-11 12:02:16 info: [0mGET /api/servicios/obtenerTipoServicios [36m304[0m 72.767 ms - -[0m
2022-06-11 12:02:16 info: [0mGET /api/servicios/obtenerProcedimientos [36m304[0m 73.815 ms - -[0m
2022-06-11 12:02:16 info: [0mGET /api/causas/obtenerCausas [32m201[0m 75.599 ms - -[0m
2022-06-11 12:02:16 info: [0mGET /api/servicios/obtenerTipoServicios [36m304[0m 85.566 ms - -[0m
2022-06-11 12:02:16 info: [0mGET /api/servicios/obtenerProcedimientos [36m304[0m 68.792 ms - -[0m
2022-06-11 12:02:16 info: [0mGET /api/causas/obtenerCausas [32m201[0m 75.691 ms - -[0m
2022-06-11 12:02:17 info: [0mGET /api/causas/obtenerCausas [32m201[0m 81.651 ms - -[0m
2022-06-11 12:02:18 info: [0mGET /api/servicios/obtenerProcedimientos [36m304[0m 232.370 ms - -[0m
2022-06-11 12:02:19 info: [0mGET /api/servicios/obtenerTipoServicios [36m304[0m 459.659 ms - -[0m
2022-06-11 12:02:19 info: [0mGET /api/causas/obtenerCausas [32m201[0m 461.724 ms - -[0m
2022-06-11 12:02:19 info: [0mGET /api/servicios/obtenerProcedimientos [36m304[0m 505.308 ms - -[0m
2022-06-11 12:02:19 info: [0mGET /api/servicios/obtenerTipoServicios [36m304[0m 279.836 ms - -[0m
2022-06-11 12:02:19 info: [0mGET /api/servicios/obtenerProcedimientos [36m304[0m 283.133 ms - -[0m
2022-06-11 12:02:19 info: [0mGET /api/causas/obtenerCausas [32m201[0m 290.647 ms - -[0m
2022-06-11 12:02:20 info: [0mGET /api/servicios/obtenerTipoServicios [36m304[0m 251.455 ms - -[0m
2022-06-11 12:02:20 info: [0mGET /api/servicios/obtenerProcedimientos [36m304[0m 233.251 ms - -[0m
2022-06-11 12:02:20 info: [0mGET /api/servicios/obtenerTipoServicios [36m304[0m 138.322 ms - -[0m
2022-06-11 12:02:20 info: [0mGET /api/causas/obtenerCausas [32m201[0m 139.408 ms - -[0m
2022-06-11 12:02:20 info: [0mGET /api/servicios/obtenerProcedimientos [36m304[0m 96.713 ms - -[0m
2022-06-11 12:02:20 info: [0mGET /api/servicios/obtenerTipoServicios [36m304[0m 237.112 ms - -[0m
2022-06-11 12:02:20 info: [0mGET /api/causas/obtenerCausas [32m201[0m 175.549 ms - -[0m
2022-06-11 12:02:20 info: [0mGET /api/servicios/obtenerProcedimientos [36m304[0m 178.227 ms - -[0m
2022-06-11 12:02:22 info: [0mGET /api/servicios/obtenerProcedimientos [36m304[0m 1221.381 ms - -[0m
2022-06-11 12:02:22 info: [0mGET /api/servicios/obtenerTipoServicios [36m304[0m 1488.722 ms - -[0m
2022-06-11 12:02:22 info: [0mGET /api/causas/obtenerCausas [32m201[0m 1283.576 ms - -[0m
2022-06-11 12:02:22 info: [0mGET /api/servicios/obtenerProcedimientos [36m304[0m 85.605 ms - -[0m
2022-06-11 12:02:22 info: [0mGET /api/servicios/obtenerTipoServicios [36m304[0m 142.306 ms - -[0m
2022-06-11 12:02:22 info: [0mGET /api/causas/obtenerCausas [32m201[0m 143.361 ms - -[0m
2022-06-11 12:02:22 info: [0mGET /api/servicios/obtenerProcedimientos [36m304[0m 119.070 ms - -[0m
2022-06-11 12:02:23 info: [0mGET /api/servicios/obtenerTipoServicios [36m304[0m 72.877 ms - -[0m
2022-06-11 12:02:23 info: [0mGET /api/causas/obtenerCausas [32m201[0m 72.926 ms - -[0m
2022-06-11 12:02:23 info: [0mGET /api/servicios/obtenerTipoServicios [36m304[0m 75.070 ms - -[0m
2022-06-11 12:02:23 info: [0mGET /api/causas/obtenerCausas [32m201[0m 83.661 ms - -[0m
2022-06-11 12:02:23 info: [0mGET /api/causas/obtenerCausas [32m201[0m 77.212 ms - -[0m
2022-06-11 12:09:17 info: [0mGET /api/causas/obtenerCausas [32m201[0m 86.456 ms - -[0m
2022-06-11 12:09:18 info: [0mGET /api/servicios/obtenerProcedimientos [36m304[0m 73.758 ms - -[0m
2022-06-11 12:09:18 info: [0mGET /api/servicios/obtenerTipoServicios [36m304[0m 78.060 ms - -[0m
2022-06-11 12:09:18 info: [0mGET /api/causas/obtenerCausas [32m201[0m 78.788 ms - -[0m
2022-06-11 12:09:18 info: [0mGET /api/servicios/obtenerTipoServicios [36m304[0m 75.526 ms - -[0m
2022-06-11 12:09:18 info: [0mGET /api/servicios/obtenerProcedimientos [36m304[0m 76.525 ms - -[0m
2022-06-11 12:09:18 info: [0mGET /api/causas/obtenerCausas [32m201[0m 78.190 ms - -[0m
2022-06-11 12:09:19 info: [0mGET /api/causas/obtenerCausas [32m201[0m 130.643 ms - -[0m
2022-06-11 12:09:19 info: [0mGET /api/servicios/obtenerTipoServicios [36m304[0m 478.926 ms - -[0m
2022-06-11 12:09:19 info: [0mGET /api/servicios/obtenerProcedimientos [36m304[0m 478.341 ms - -[0m
2022-06-11 12:09:19 info: [0mGET /api/causas/obtenerCausas [32m201[0m 247.005 ms - -[0m
2022-06-11 12:09:19 info: [0mGET /api/servicios/obtenerTipoServicios [36m304[0m 291.468 ms - -[0m
2022-06-11 12:09:19 info: [0mGET /api/servicios/obtenerProcedimientos [36m304[0m 282.998 ms - -[0m
2022-06-11 12:09:20 info: [0mGET /api/causas/obtenerCausas [32m201[0m 299.345 ms - -[0m
2022-06-11 12:09:20 info: [0mGET /api/servicios/obtenerTipoServicios [36m304[0m 255.942 ms - -[0m
2022-06-11 12:09:20 info: [0mGET /api/servicios/obtenerProcedimientos [36m304[0m 255.095 ms - -[0m
2022-06-11 12:09:20 info: [0mGET /api/causas/obtenerCausas [32m201[0m 132.854 ms - -[0m
2022-06-11 12:09:20 info: [0mGET /api/servicios/obtenerTipoServicios [36m304[0m 120.540 ms - -[0m
2022-06-11 12:09:20 info: [0mGET /api/servicios/obtenerProcedimientos [36m304[0m 106.227 ms - -[0m
2022-06-11 12:09:21 info: [0mGET /api/causas/obtenerCausas [32m201[0m 466.882 ms - -[0m
2022-06-11 12:09:21 info: [0mGET /api/servicios/obtenerTipoServicios [36m304[0m 424.039 ms - -[0m
2022-06-11 12:09:21 info: [0mGET /api/servicios/obtenerProcedimientos [36m304[0m 423.996 ms - -[0m
2022-06-11 12:09:21 info: [0mGET /api/causas/obtenerCausas [32m201[0m 213.881 ms - -[0m
2022-06-11 12:09:22 info: [0mGET /api/servicios/obtenerTipoServicios [36m304[0m 94.487 ms - -[0m
2022-06-11 12:09:22 info: [0mGET /api/servicios/obtenerProcedimientos [36m304[0m 94.446 ms - -[0m
2022-06-11 12:09:22 info: [0mGET /api/servicios/obtenerTipoServicios [36m304[0m 77.376 ms - -[0m
2022-06-11 12:09:22 info: [0mGET /api/servicios/obtenerProcedimientos [36m304[0m 80.636 ms - -[0m
2022-06-11 12:09:24 info: [0mGET /api/servicios/obtenerProcedimientos [36m304[0m 77.158 ms - -[0m
2022-06-11 12:09:24 info: [0mGET /api/causas/obtenerCausas [32m201[0m 80.280 ms - -[0m
2022-06-11 12:09:24 info: [0mGET /api/servicios/obtenerTipoServicios [36m304[0m 84.531 ms - -[0m
2022-06-11 12:09:44 info: [0mGET /api/causas/obtenerCausas [32m201[0m 77.139 ms - -[0m
2022-06-11 12:09:44 info: [0mGET /api/servicios/obtenerTipoServicios [36m304[0m 73.262 ms - -[0m
2022-06-11 12:09:44 info: [0mGET /api/servicios/obtenerProcedimientos [36m304[0m 81.225 ms - -[0m
2022-06-11 12:09:47 info: [0mGET /api/servicios/obtenerTipoServicios [36m304[0m 81.028 ms - -[0m
2022-06-11 12:09:47 info: [0mGET /api/servicios/obtenerProcedimientos [36m304[0m 80.247 ms - -[0m
2022-06-11 12:09:47 info: [0mGET /api/causas/obtenerCausas [32m201[0m 82.204 ms - -[0m
2022-06-11 12:12:42 info: [0mGET /api/causas/obtenerCausas [32m201[0m 238.482 ms - -[0m
2022-06-11 12:12:42 info: [0mGET /api/servicios/obtenerTipoServicios [36m304[0m 97.072 ms - -[0m
2022-06-11 12:12:42 info: [0mGET /api/servicios/obtenerProcedimientos [36m304[0m 102.450 ms - -[0m
2022-06-11 12:12:42 info: [0mGET /api/causas/obtenerCausas [32m201[0m 73.357 ms - -[0m
2022-06-11 12:12:42 info: [0mGET /api/servicios/obtenerTipoServicios [36m304[0m 77.459 ms - -[0m
2022-06-11 12:12:42 info: [0mGET /api/servicios/obtenerProcedimientos [36m304[0m 80.835 ms - -[0m
2022-06-11 12:12:47 info: [0mGET /api/servicios/obtenerTipoServicios [36m304[0m 79.560 ms - -[0m
2022-06-11 12:12:47 info: [0mGET /api/causas/obtenerCausas [32m201[0m 80.608 ms - -[0m
2022-06-11 12:12:47 info: [0mGET /api/servicios/obtenerProcedimientos [36m304[0m 79.887 ms - -[0m
2022-06-11 12:12:47 info: [0mGET /api/servicios/obtenerTipoServicios [36m304[0m 73.434 ms - -[0m
2022-06-11 12:12:47 info: [0mGET /api/servicios/obtenerProcedimientos [36m304[0m 76.397 ms - -[0m
2022-06-11 12:12:47 info: [0mGET /api/causas/obtenerCausas [32m201[0m 76.962 ms - -[0m
2022-06-11 12:12:49 info: [0mGET /api/servicios/obtenerTipoServicios [36m304[0m 457.950 ms - -[0m
2022-06-11 12:12:49 info: [0mGET /api/causas/obtenerCausas [32m201[0m 458.962 ms - -[0m
2022-06-11 12:12:49 info: [0mGET /api/servicios/obtenerProcedimientos [36m304[0m 249.570 ms - -[0m
2022-06-11 12:13:12 info: [0mGET /api/clients/getAllClients [36m304[0m 327.158 ms - -[0m
2022-06-11 13:28:28 info: =================================
2022-06-11 13:28:28 info: ======= ENV: development =======
2022-06-11 13:28:28 info: 🚀 App listening on the port 5100
2022-06-11 13:28:28 info: =================================
2022-06-11 13:30:46 info: =================================
2022-06-11 13:30:46 info: ======= ENV: development =======
2022-06-11 13:30:46 info: 🚀 App listening on the port 5100
2022-06-11 13:30:46 info: =================================
