2022-07-16 11:15:29 info: [0mPOST /api/clients/getClientById [32m201[0m 562.676 ms - 607[0m
2022-07-16 11:15:29 info: [0mPOST /api/users/user/62c2e800353557aac802d479 [32m200[0m 628.829 ms - 537[0m
2022-07-16 11:15:36 info: =================================
2022-07-16 11:15:36 info: ======= ENV: development =======
2022-07-16 11:15:36 info: 🚀 App listening on the port 5101
2022-07-16 11:15:36 info: =================================
2022-07-16 11:16:44 info: [0mPOST /api/clients/getClientById [32m201[0m 116.726 ms - 607[0m
2022-07-16 11:16:44 info: [0mPOST /api/users/user/62c2e800353557aac802d479 [32m200[0m 161.032 ms - 537[0m
2022-07-16 11:16:47 info: [0mPOST /api/clients/getClientById [32m201[0m 87.002 ms - 607[0m
2022-07-16 11:16:47 info: [0mPOST /api/users/user/62c2e800353557aac802d479 [32m200[0m 154.593 ms - 537[0m
2022-07-16 11:16:50 info: [0mPOST /api/clients/getClientById [32m201[0m 76.173 ms - 607[0m
2022-07-16 11:16:51 info: [0mPOST /api/users/user/62c2e800353557aac802d479 [32m200[0m 149.184 ms - 537[0m
2022-07-16 11:16:59 info: [0mPOST /api/clients/getClientById [32m201[0m 77.186 ms - 607[0m
2022-07-16 11:16:59 info: [0mPOST /api/users/user/62c2e800353557aac802d479 [32m200[0m 153.636 ms - 537[0m
2022-07-16 11:32:37 info: [0mPOST /api/clients/getClientById [32m201[0m 79.838 ms - 607[0m
2022-07-16 11:32:37 info: [0mPOST /api/users/user/62c2e800353557aac802d479 [32m200[0m 156.832 ms - 537[0m
2022-07-16 11:33:06 info: [0mPOST /api/clients/getClientById [32m201[0m 73.630 ms - 607[0m
2022-07-16 11:33:06 info: [0mPOST /api/users/user/62c2e800353557aac802d479 [32m200[0m 192.946 ms - 537[0m
2022-07-16 11:33:13 info: [0mPOST /api/clients/getClientById [32m201[0m 77.051 ms - 607[0m
2022-07-16 11:33:13 info: [0mPOST /api/users/user/62c2e800353557aac802d479 [32m200[0m 148.900 ms - 537[0m
2022-07-16 11:35:47 info: [0mGET /api/causas/obtenerCausas [32m201[0m 83.387 ms - -[0m
2022-07-16 11:35:47 info: [0mPOST /api/causas/obtenerCausasPorProcurador [32m201[0m 88.120 ms - -[0m
2022-07-16 11:35:47 info: [0mPOST /api/clients/getClientById [32m201[0m 71.655 ms - 607[0m
2022-07-16 11:35:47 info: [0mPOST /api/clients/getClientById [32m201[0m 75.598 ms - 607[0m
2022-07-16 11:35:47 info: [0mPOST /api/clients/getClientById [32m201[0m 74.666 ms - 607[0m
2022-07-16 11:35:47 info: [0mPOST /api/users/user/62c2e800353557aac802d479 [32m200[0m 147.525 ms - 537[0m
2022-07-16 11:35:47 info: [0mPOST /api/users/user/62c2e800353557aac802d479 [32m200[0m 147.869 ms - 537[0m
2022-07-16 11:35:48 info: [0mPOST /api/users/user/62c2e800353557aac802d479 [32m200[0m 158.347 ms - 537[0m
2022-07-16 11:35:55 info: [0mGET /api/causas/obtenerCausas [32m201[0m 82.562 ms - -[0m
2022-07-16 11:35:55 info: [0mPOST /api/clients/getClientById [32m201[0m 78.254 ms - 607[0m
2022-07-16 11:35:55 info: [0mPOST /api/clients/getClientById [32m201[0m 77.494 ms - 607[0m
2022-07-16 11:35:56 info: [0mPOST /api/users/user/62c2e800353557aac802d479 [32m200[0m 156.871 ms - 537[0m
2022-07-16 11:35:56 info: [0mPOST /api/users/user/62c2e800353557aac802d479 [32m200[0m 148.027 ms - 537[0m
2022-07-16 11:37:33 info: [0mGET /api/causas/obtenerCausas [32m201[0m 75.278 ms - -[0m
2022-07-16 11:37:33 info: [0mPOST /api/clients/getClientById [32m201[0m 75.970 ms - 607[0m
2022-07-16 11:37:33 info: [0mPOST /api/causas/obtenerCausasPorProcurador [32m201[0m 76.416 ms - -[0m
2022-07-16 11:37:33 info: [0mPOST /api/clients/getClientById [32m201[0m 73.083 ms - 607[0m
2022-07-16 11:37:33 info: [0mPOST /api/clients/getClientById [32m201[0m 75.848 ms - 607[0m
2022-07-16 11:37:33 info: [0mPOST /api/users/user/62c2e800353557aac802d479 [32m200[0m 147.457 ms - 537[0m
2022-07-16 11:37:33 info: [0mPOST /api/users/user/62c2e800353557aac802d479 [32m200[0m 144.330 ms - 537[0m
2022-07-16 11:37:34 info: [0mPOST /api/users/user/62c2e800353557aac802d479 [32m200[0m 159.692 ms - 537[0m
2022-07-16 11:37:36 info: [0mGET /api/causas/obtenerCausas [32m201[0m 76.532 ms - -[0m
2022-07-16 11:37:36 info: [0mPOST /api/clients/getClientById [32m201[0m 85.598 ms - 607[0m
2022-07-16 11:37:36 info: [0mPOST /api/clients/getClientById [32m201[0m 75.041 ms - 607[0m
2022-07-16 11:37:36 info: [0mPOST /api/users/user/62c2e800353557aac802d479 [32m200[0m 149.109 ms - 537[0m
2022-07-16 11:37:36 info: [0mPOST /api/users/user/62c2e800353557aac802d479 [32m200[0m 147.942 ms - 537[0m
2022-07-16 11:37:46 info: [0mGET /api/causas/obtenerCausas [32m201[0m 78.461 ms - -[0m
2022-07-16 11:37:46 info: [0mPOST /api/clients/getClientById [32m201[0m 76.053 ms - 607[0m
2022-07-16 11:37:47 info: [0mPOST /api/clients/getClientById [32m201[0m 72.266 ms - 607[0m
2022-07-16 11:37:47 info: [0mPOST /api/causas/obtenerCausasPorProcurador [32m201[0m 79.501 ms - -[0m
2022-07-16 11:37:47 info: [0mPOST /api/users/user/62c2e800353557aac802d479 [32m200[0m 148.294 ms - 537[0m
2022-07-16 11:37:47 info: [0mPOST /api/clients/getClientById [32m201[0m 73.225 ms - 607[0m
2022-07-16 11:37:47 info: [0mPOST /api/users/user/62c2e800353557aac802d479 [32m200[0m 143.754 ms - 537[0m
2022-07-16 11:37:48 info: [0mPOST /api/users/user/62c2e800353557aac802d479 [32m200[0m 152.328 ms - 537[0m
2022-07-16 11:38:20 info: [0mGET /api/causas/obtenerCausas [32m201[0m 75.701 ms - -[0m
2022-07-16 11:38:20 info: [0mPOST /api/clients/getClientById [32m201[0m 75.126 ms - 607[0m
2022-07-16 11:38:21 info: [0mPOST /api/clients/getClientById [32m201[0m 73.207 ms - 607[0m
2022-07-16 11:38:21 info: [0mPOST /api/causas/obtenerCausasPorProcurador [32m201[0m 76.658 ms - -[0m
2022-07-16 11:38:21 info: [0mPOST /api/users/user/62c2e800353557aac802d479 [32m200[0m 151.288 ms - 537[0m
2022-07-16 11:38:21 info: [0mPOST /api/users/user/62c2e800353557aac802d479 [32m200[0m 142.148 ms - 537[0m
2022-07-16 11:38:21 info: [0mPOST /api/clients/getClientById [32m201[0m 77.027 ms - 607[0m
2022-07-16 11:38:22 info: [0mPOST /api/users/user/62c2e800353557aac802d479 [32m200[0m 147.959 ms - 537[0m
2022-07-16 11:38:38 info: [0mGET /api/causas/obtenerCausas [32m201[0m 87.263 ms - -[0m
2022-07-16 11:38:38 info: [0mPOST /api/clients/getClientById [32m201[0m 77.385 ms - 607[0m
2022-07-16 11:38:38 info: [0mPOST /api/clients/getClientById [32m201[0m 76.048 ms - 607[0m
2022-07-16 11:38:38 info: [0mPOST /api/users/user/62c2e800353557aac802d479 [32m200[0m 153.711 ms - 537[0m
2022-07-16 11:38:38 info: [0mPOST /api/users/user/62c2e800353557aac802d479 [32m200[0m 151.777 ms - 537[0m
2022-07-16 11:38:45 info: [0mGET /api/causas/obtenerCausas [32m201[0m 82.248 ms - -[0m
2022-07-16 11:38:45 info: [0mPOST /api/clients/getClientById [32m201[0m 75.997 ms - 607[0m
2022-07-16 11:38:46 info: [0mPOST /api/clients/getClientById [32m201[0m 75.820 ms - 607[0m
2022-07-16 11:38:46 info: [0mPOST /api/causas/obtenerCausasPorProcurador [32m201[0m 77.955 ms - -[0m
2022-07-16 11:38:46 info: [0mPOST /api/users/user/62c2e800353557aac802d479 [32m200[0m 149.190 ms - 537[0m
2022-07-16 11:38:46 info: [0mPOST /api/clients/getClientById [32m201[0m 71.916 ms - 607[0m
2022-07-16 11:38:46 info: [0mPOST /api/users/user/62c2e800353557aac802d479 [32m200[0m 150.683 ms - 537[0m
2022-07-16 11:38:46 info: [0mPOST /api/users/user/62c2e800353557aac802d479 [32m200[0m 143.736 ms - 537[0m
2022-07-16 11:38:58 info: [0mGET /api/causas/obtenerCausas [32m201[0m 79.249 ms - -[0m
2022-07-16 11:38:58 info: [0mPOST /api/causas/obtenerCausasPorProcurador [32m201[0m 75.548 ms - -[0m
2022-07-16 11:38:58 info: [0mPOST /api/clients/getClientById [32m201[0m 74.911 ms - 607[0m
2022-07-16 11:38:58 info: [0mPOST /api/clients/getClientById [32m201[0m 74.125 ms - 607[0m
2022-07-16 11:38:58 info: [0mPOST /api/users/user/62c2e800353557aac802d479 [32m200[0m 150.558 ms - 537[0m
2022-07-16 11:38:58 info: [0mPOST /api/clients/getClientById [32m201[0m 79.021 ms - 607[0m
2022-07-16 11:38:58 info: [0mPOST /api/users/user/62c2e800353557aac802d479 [32m200[0m 154.605 ms - 537[0m
2022-07-16 11:38:59 info: [0mPOST /api/users/user/62c2e800353557aac802d479 [32m200[0m 145.699 ms - 537[0m
2022-07-16 11:40:14 info: [0mGET /api/causas/obtenerCausas [32m201[0m 77.159 ms - -[0m
2022-07-16 11:40:14 info: [0mPOST /api/causas/obtenerCausasPorProcurador [32m201[0m 91.593 ms - -[0m
2022-07-16 11:40:14 info: [0mPOST /api/clients/getClientById [32m201[0m 77.227 ms - 607[0m
2022-07-16 11:40:14 info: [0mPOST /api/clients/getClientById [32m201[0m 74.335 ms - 607[0m
2022-07-16 11:40:14 info: [0mPOST /api/clients/getClientById [32m201[0m 75.593 ms - 607[0m
2022-07-16 11:40:14 info: [0mPOST /api/users/user/62c2e800353557aac802d479 [32m200[0m 161.129 ms - 537[0m
2022-07-16 11:40:14 info: [0mPOST /api/users/user/62c2e800353557aac802d479 [32m200[0m 160.088 ms - 537[0m
2022-07-16 11:40:15 info: [0mPOST /api/users/user/62c2e800353557aac802d479 [32m200[0m 147.735 ms - 537[0m
2022-07-16 11:40:27 info: [0mGET /api/causas/obtenerCausas [32m201[0m 76.446 ms - -[0m
2022-07-16 11:40:27 info: [0mPOST /api/causas/obtenerCausasPorProcurador [32m201[0m 77.470 ms - -[0m
2022-07-16 11:40:27 info: [0mPOST /api/clients/getClientById [32m201[0m 74.558 ms - 607[0m
2022-07-16 11:40:27 info: [0mPOST /api/clients/getClientById [32m201[0m 77.094 ms - 607[0m
2022-07-16 11:40:27 info: [0mPOST /api/clients/getClientById [32m201[0m 75.917 ms - 607[0m
2022-07-16 11:40:27 info: [0mPOST /api/users/user/62c2e800353557aac802d479 [32m200[0m 145.656 ms - 537[0m
2022-07-16 11:40:27 info: [0mPOST /api/users/user/62c2e800353557aac802d479 [32m200[0m 149.700 ms - 537[0m
2022-07-16 11:40:27 info: [0mPOST /api/users/user/62c2e800353557aac802d479 [32m200[0m 156.256 ms - 537[0m
2022-07-16 11:41:26 info: [0mPOST /api/causas/obtenerCausasPorProcurador [32m201[0m 83.717 ms - -[0m
2022-07-16 11:41:26 info: [0mGET /api/causas/obtenerCausas [32m201[0m 95.815 ms - -[0m
2022-07-16 11:41:27 info: [0mPOST /api/clients/getClientById [32m201[0m 74.808 ms - 607[0m
2022-07-16 11:41:27 info: [0mPOST /api/clients/getClientById [32m201[0m 79.762 ms - 607[0m
2022-07-16 11:41:27 info: [0mPOST /api/clients/getClientById [32m201[0m 80.092 ms - 607[0m
2022-07-16 11:41:27 info: [0mPOST /api/users/user/62c2e800353557aac802d479 [32m200[0m 156.934 ms - 537[0m
2022-07-16 11:41:27 info: [0mPOST /api/users/user/62c2e800353557aac802d479 [32m200[0m 177.736 ms - 537[0m
2022-07-16 11:41:27 info: [0mPOST /api/users/user/62c2e800353557aac802d479 [32m200[0m 154.012 ms - 537[0m
2022-07-16 11:41:43 info: [0mGET /api/causas/obtenerCausas [32m201[0m 86.711 ms - -[0m
2022-07-16 11:41:43 info: [0mPOST /api/clients/getClientById [32m201[0m 89.921 ms - 607[0m
2022-07-16 11:41:43 info: [0mPOST /api/clients/getClientById [32m201[0m 88.748 ms - 607[0m
2022-07-16 11:41:44 info: [0mPOST /api/users/user/62c2e800353557aac802d479 [32m200[0m 173.291 ms - 537[0m
2022-07-16 11:41:44 info: [0mPOST /api/users/user/62c2e800353557aac802d479 [32m200[0m 152.492 ms - 537[0m
2022-07-16 11:41:44 info: [0mPOST /api/causas/obtenerCausasPorProcurador [32m201[0m 87.549 ms - -[0m
2022-07-16 11:41:44 info: [0mPOST /api/clients/getClientById [32m201[0m 72.430 ms - 607[0m
2022-07-16 11:41:44 info: [0mPOST /api/users/user/62c2e800353557aac802d479 [32m200[0m 154.495 ms - 537[0m
2022-07-16 11:41:52 info: [0mGET /api/causas/obtenerCausas [32m201[0m 84.233 ms - -[0m
2022-07-16 11:41:52 info: [0mPOST /api/clients/getClientById [32m201[0m 77.028 ms - 607[0m
2022-07-16 11:41:52 info: [0mPOST /api/clients/getClientById [32m201[0m 85.298 ms - 607[0m
2022-07-16 11:41:53 info: [0mPOST /api/causas/obtenerCausasPorProcurador [32m201[0m 88.538 ms - -[0m
2022-07-16 11:41:53 info: [0mPOST /api/users/user/62c2e800353557aac802d479 [32m200[0m 180.197 ms - 537[0m
2022-07-16 11:41:53 info: [0mPOST /api/users/user/62c2e800353557aac802d479 [32m200[0m 170.559 ms - 537[0m
2022-07-16 11:41:53 info: [0mPOST /api/clients/getClientById [32m201[0m 139.835 ms - 607[0m
2022-07-16 11:41:54 info: [0mPOST /api/users/user/62c2e800353557aac802d479 [32m200[0m 172.860 ms - 537[0m
2022-07-16 11:43:29 info: [0mGET /api/causas/obtenerCausas [32m201[0m 78.971 ms - -[0m
2022-07-16 11:43:29 info: [0mPOST /api/clients/getClientById [32m201[0m 79.100 ms - 607[0m
2022-07-16 11:43:29 info: [0mPOST /api/clients/getClientById [32m201[0m 95.160 ms - 607[0m
2022-07-16 11:43:30 info: [0mPOST /api/users/user/62c2e800353557aac802d479 [32m200[0m 181.689 ms - 537[0m
2022-07-16 11:43:30 info: [0mPOST /api/users/user/62c2e800353557aac802d479 [32m200[0m 173.061 ms - 537[0m
2022-07-16 11:43:30 info: [0mPOST /api/causas/obtenerCausasPorProcurador [32m201[0m 76.879 ms - -[0m
2022-07-16 11:43:30 info: [0mPOST /api/clients/getClientById [32m201[0m 74.766 ms - 607[0m
2022-07-16 11:43:31 info: [0mPOST /api/users/user/62c2e800353557aac802d479 [32m200[0m 157.124 ms - 537[0m
2022-07-16 11:43:44 info: [0mGET /api/causas/obtenerCausas [32m201[0m 86.139 ms - -[0m
2022-07-16 11:43:44 info: [0mPOST /api/causas/obtenerCausasPorProcurador [32m201[0m 83.031 ms - -[0m
2022-07-16 11:43:44 info: [0mPOST /api/clients/getClientById [32m201[0m 80.147 ms - 607[0m
2022-07-16 11:43:44 info: [0mPOST /api/clients/getClientById [32m201[0m 84.806 ms - 607[0m
2022-07-16 11:43:44 info: [0mPOST /api/clients/getClientById [32m201[0m 77.802 ms - 607[0m
2022-07-16 11:43:44 info: [0mPOST /api/users/user/62c2e800353557aac802d479 [32m200[0m 178.954 ms - 537[0m
2022-07-16 11:43:44 info: [0mPOST /api/users/user/62c2e800353557aac802d479 [32m200[0m 159.989 ms - 537[0m
2022-07-16 11:43:45 info: [0mPOST /api/users/user/62c2e800353557aac802d479 [32m200[0m 181.872 ms - 537[0m
2022-07-16 11:49:56 info: [0mGET /api/causas/obtenerCausas [32m201[0m 75.601 ms - -[0m
2022-07-16 11:49:56 info: [0mPOST /api/clients/getClientById [32m201[0m 84.905 ms - 607[0m
2022-07-16 11:49:56 info: [0mPOST /api/clients/getClientById [32m201[0m 76.507 ms - 607[0m
2022-07-16 11:49:57 info: [0mPOST /api/users/user/62c2e800353557aac802d479 [32m200[0m 156.612 ms - 537[0m
2022-07-16 11:49:57 info: [0mPOST /api/users/user/62c2e800353557aac802d479 [32m200[0m 165.386 ms - 537[0m
2022-07-16 11:49:57 info: [0mPOST /api/causas/obtenerCausasPorProcurador [32m201[0m 75.027 ms - -[0m
2022-07-16 11:49:57 info: [0mPOST /api/clients/getClientById [32m201[0m 74.650 ms - 607[0m
2022-07-16 11:49:58 info: [0mPOST /api/users/user/62c2e800353557aac802d479 [32m200[0m 142.349 ms - 537[0m
2022-07-16 11:50:27 info: [0mGET /api/causas/obtenerCausas [32m201[0m 74.567 ms - -[0m
2022-07-16 11:50:28 info: [0mPOST /api/clients/getClientById [32m201[0m 72.176 ms - 607[0m
2022-07-16 11:50:28 info: [0mPOST /api/clients/getClientById [32m201[0m 77.395 ms - 607[0m
2022-07-16 11:50:28 info: [0mPOST /api/causas/obtenerCausasPorProcurador [32m201[0m 75.415 ms - -[0m
2022-07-16 11:50:28 info: [0mPOST /api/users/user/62c2e800353557aac802d479 [32m200[0m 154.854 ms - 537[0m
2022-07-16 11:50:28 info: [0mPOST /api/clients/getClientById [32m201[0m 75.906 ms - 607[0m
2022-07-16 11:50:28 info: [0mPOST /api/users/user/62c2e800353557aac802d479 [32m200[0m 141.269 ms - 537[0m
2022-07-16 11:50:29 info: [0mPOST /api/users/user/62c2e800353557aac802d479 [32m200[0m 147.249 ms - 537[0m
2022-07-16 11:50:47 info: [0mGET /api/causas/obtenerCausas [32m201[0m 76.897 ms - -[0m
2022-07-16 11:50:48 info: [0mPOST /api/causas/obtenerCausasPorProcurador [32m201[0m 79.352 ms - -[0m
2022-07-16 11:50:48 info: [0mPOST /api/clients/getClientById [32m201[0m 75.406 ms - 607[0m
2022-07-16 11:50:48 info: [0mPOST /api/clients/getClientById [32m201[0m 76.329 ms - 607[0m
2022-07-16 11:50:48 info: [0mPOST /api/clients/getClientById [32m201[0m 75.564 ms - 607[0m
2022-07-16 11:50:48 info: [0mPOST /api/users/user/62c2e800353557aac802d479 [32m200[0m 147.005 ms - 537[0m
2022-07-16 11:50:48 info: [0mPOST /api/users/user/62c2e800353557aac802d479 [32m200[0m 153.995 ms - 537[0m
2022-07-16 11:50:49 info: [0mPOST /api/users/user/62c2e800353557aac802d479 [32m200[0m 172.118 ms - 537[0m
2022-07-16 11:50:56 info: [0mGET /api/causas/obtenerCausas [32m201[0m 75.384 ms - -[0m
2022-07-16 11:50:56 info: [0mPOST /api/clients/getClientById [32m201[0m 74.427 ms - 607[0m
2022-07-16 11:50:56 info: [0mPOST /api/clients/getClientById [32m201[0m 80.401 ms - 607[0m
2022-07-16 11:50:57 info: [0mPOST /api/users/user/62c2e800353557aac802d479 [32m200[0m 150.053 ms - 537[0m
2022-07-16 11:50:57 info: [0mPOST /api/users/user/62c2e800353557aac802d479 [32m200[0m 154.152 ms - 537[0m
2022-07-16 11:50:57 info: [0mPOST /api/causas/obtenerCausasPorProcurador [32m201[0m 84.254 ms - -[0m
2022-07-16 11:50:57 info: [0mPOST /api/clients/getClientById [32m201[0m 73.663 ms - 607[0m
2022-07-16 11:50:57 info: [0mPOST /api/users/user/62c2e800353557aac802d479 [32m200[0m 144.784 ms - 537[0m
2022-07-16 11:51:07 info: [0mGET /api/causas/obtenerCausas [32m201[0m 77.391 ms - -[0m
2022-07-16 11:51:07 info: [0mPOST /api/clients/getClientById [32m201[0m 72.870 ms - 607[0m
2022-07-16 11:51:07 info: [0mPOST /api/clients/getClientById [32m201[0m 76.073 ms - 607[0m
2022-07-16 11:51:08 info: [0mPOST /api/users/user/62c2e800353557aac802d479 [32m200[0m 147.552 ms - 537[0m
2022-07-16 11:51:08 info: [0mPOST /api/causas/obtenerCausasPorProcurador [32m201[0m 81.132 ms - -[0m
2022-07-16 11:51:08 info: [0mPOST /api/users/user/62c2e800353557aac802d479 [32m200[0m 142.381 ms - 537[0m
2022-07-16 11:51:08 info: [0mPOST /api/clients/getClientById [32m201[0m 83.341 ms - 607[0m
2022-07-16 11:51:08 info: [0mPOST /api/users/user/62c2e800353557aac802d479 [32m200[0m 145.112 ms - 537[0m
2022-07-16 11:52:04 info: [0mGET /api/causas/obtenerCausas [32m201[0m 80.441 ms - -[0m
2022-07-16 11:52:04 info: [0mPOST /api/clients/getClientById [32m201[0m 73.712 ms - 607[0m
2022-07-16 11:52:04 info: [0mPOST /api/clients/getClientById [32m201[0m 77.225 ms - 607[0m
2022-07-16 11:52:05 info: [0mPOST /api/users/user/62c2e800353557aac802d479 [32m200[0m 179.558 ms - 537[0m
2022-07-16 11:52:05 info: [0mPOST /api/users/user/62c2e800353557aac802d479 [32m200[0m 149.908 ms - 537[0m
2022-07-16 11:52:05 info: [0mPOST /api/causas/obtenerCausasPorProcurador [32m201[0m 78.940 ms - -[0m
2022-07-16 11:52:05 info: [0mPOST /api/clients/getClientById [32m201[0m 73.506 ms - 607[0m
2022-07-16 11:52:06 info: [0mPOST /api/users/user/62c2e800353557aac802d479 [32m200[0m 143.121 ms - 537[0m
2022-07-16 11:53:38 info: [0mGET /api/causas/obtenerCausas [32m201[0m 77.811 ms - -[0m
2022-07-16 11:53:38 info: [0mPOST /api/clients/getClientById [32m201[0m 73.692 ms - 607[0m
2022-07-16 11:53:38 info: [0mPOST /api/clients/getClientById [32m201[0m 74.424 ms - 607[0m
2022-07-16 11:53:38 info: [0mPOST /api/users/user/62c2e800353557aac802d479 [32m200[0m 149.992 ms - 537[0m
2022-07-16 11:53:39 info: [0mPOST /api/users/user/62c2e800353557aac802d479 [32m200[0m 147.607 ms - 537[0m
2022-07-16 11:53:39 info: [0mPOST /api/causas/obtenerCausasPorProcurador [32m201[0m 78.204 ms - -[0m
2022-07-16 11:53:39 info: [0mPOST /api/clients/getClientById [32m201[0m 73.695 ms - 607[0m
2022-07-16 11:53:40 info: [0mPOST /api/users/user/62c2e800353557aac802d479 [32m200[0m 146.723 ms - 537[0m
2022-07-16 11:57:41 info: [0mGET /api/causas/obtenerCausas [32m201[0m 76.388 ms - -[0m
2022-07-16 11:57:41 info: [0mPOST /api/clients/getClientById [32m201[0m 73.563 ms - 607[0m
2022-07-16 11:57:42 info: [0mPOST /api/clients/getClientById [32m201[0m 76.012 ms - 607[0m
2022-07-16 11:57:42 info: [0mPOST /api/users/user/62c2e800353557aac802d479 [32m200[0m 152.332 ms - 537[0m
2022-07-16 11:57:42 info: [0mPOST /api/causas/obtenerCausasPorProcurador [32m201[0m 74.461 ms - -[0m
2022-07-16 11:57:42 info: [0mPOST /api/users/user/62c2e800353557aac802d479 [32m200[0m 165.140 ms - 537[0m
2022-07-16 11:57:42 info: [0mPOST /api/clients/getClientById [32m201[0m 77.516 ms - 607[0m
2022-07-16 11:57:43 info: [0mPOST /api/users/user/62c2e800353557aac802d479 [32m200[0m 144.661 ms - 537[0m
2022-07-16 11:59:34 info: [0mGET /api/causas/obtenerCausas [32m201[0m 75.847 ms - -[0m
2022-07-16 11:59:35 info: [0mPOST /api/clients/getClientById [32m201[0m 76.736 ms - 607[0m
2022-07-16 11:59:35 info: [0mPOST /api/clients/getClientById [32m201[0m 80.098 ms - 607[0m
2022-07-16 11:59:35 info: [0mPOST /api/causas/obtenerCausasPorProcurador [32m201[0m 82.437 ms - -[0m
2022-07-16 11:59:35 info: [0mPOST /api/users/user/62c2e800353557aac802d479 [32m200[0m 163.646 ms - 537[0m
2022-07-16 11:59:35 info: [0mPOST /api/clients/getClientById [32m201[0m 71.929 ms - 607[0m
2022-07-16 11:59:35 info: [0mPOST /api/users/user/62c2e800353557aac802d479 [32m200[0m 144.189 ms - 537[0m
2022-07-16 11:59:35 info: [0mPOST /api/users/user/62c2e800353557aac802d479 [32m200[0m 150.143 ms - 537[0m
2022-07-16 11:59:44 info: [0mGET /api/causas/obtenerCausas [32m201[0m 77.420 ms - -[0m
2022-07-16 11:59:45 info: [0mPOST /api/clients/getClientById [32m201[0m 73.659 ms - 607[0m
2022-07-16 11:59:45 info: [0mPOST /api/clients/getClientById [32m201[0m 78.088 ms - 607[0m
2022-07-16 11:59:45 info: [0mPOST /api/causas/obtenerCausasPorProcurador [32m201[0m 79.729 ms - -[0m
2022-07-16 11:59:45 info: [0mPOST /api/users/user/62c2e800353557aac802d479 [32m200[0m 147.833 ms - 537[0m
2022-07-16 11:59:45 info: [0mPOST /api/users/user/62c2e800353557aac802d479 [32m200[0m 157.817 ms - 537[0m
2022-07-16 11:59:45 info: [0mPOST /api/clients/getClientById [32m201[0m 75.369 ms - 607[0m
2022-07-16 11:59:46 info: [0mPOST /api/users/user/62c2e800353557aac802d479 [32m200[0m 150.413 ms - 537[0m
2022-07-16 11:59:56 info: [0mGET /api/causas/obtenerCausas [32m201[0m 78.828 ms - -[0m
2022-07-16 11:59:56 info: [0mPOST /api/clients/getClientById [32m201[0m 76.355 ms - 607[0m
2022-07-16 11:59:56 info: [0mPOST /api/clients/getClientById [32m201[0m 78.426 ms - 607[0m
2022-07-16 11:59:57 info: [0mPOST /api/users/user/62c2e800353557aac802d479 [32m200[0m 145.121 ms - 537[0m
2022-07-16 11:59:57 info: [0mPOST /api/users/user/62c2e800353557aac802d479 [32m200[0m 151.811 ms - 537[0m
2022-07-16 11:59:57 info: [0mPOST /api/causas/obtenerCausasPorProcurador [32m201[0m 84.801 ms - -[0m
2022-07-16 11:59:57 info: [0mPOST /api/clients/getClientById [32m201[0m 70.681 ms - 607[0m
2022-07-16 11:59:57 info: [0mPOST /api/users/user/62c2e800353557aac802d479 [32m200[0m 142.395 ms - 537[0m
2022-07-16 12:00:38 info: [0mGET /api/causas/obtenerCausas [32m201[0m 77.538 ms - -[0m
2022-07-16 12:00:38 info: [0mPOST /api/clients/getClientById [32m201[0m 74.470 ms - 607[0m
2022-07-16 12:00:38 info: [0mPOST /api/clients/getClientById [32m201[0m 76.508 ms - 607[0m
2022-07-16 12:00:39 info: [0mPOST /api/users/user/62c2e800353557aac802d479 [32m200[0m 148.564 ms - 537[0m
2022-07-16 12:00:39 info: [0mPOST /api/causas/obtenerCausasPorProcurador [32m201[0m 77.667 ms - -[0m
2022-07-16 12:00:39 info: [0mPOST /api/users/user/62c2e800353557aac802d479 [32m200[0m 143.894 ms - 537[0m
2022-07-16 12:00:39 info: [0mPOST /api/clients/getClientById [32m201[0m 73.651 ms - 607[0m
2022-07-16 12:00:40 info: [0mPOST /api/users/user/62c2e800353557aac802d479 [32m200[0m 147.012 ms - 537[0m
2022-07-16 12:02:35 info: [0mGET /api/causas/obtenerCausas [32m201[0m 74.645 ms - -[0m
2022-07-16 12:02:35 info: [0mPOST /api/causas/obtenerCausasPorProcurador [32m201[0m 78.958 ms - -[0m
2022-07-16 12:02:35 info: [0mPOST /api/clients/getClientById [32m201[0m 77.945 ms - 607[0m
2022-07-16 12:02:35 info: [0mPOST /api/clients/getClientById [32m201[0m 78.045 ms - 607[0m
2022-07-16 12:02:35 info: [0mPOST /api/clients/getClientById [32m201[0m 74.319 ms - 607[0m
2022-07-16 12:02:35 info: [0mPOST /api/users/user/62c2e800353557aac802d479 [32m200[0m 147.011 ms - 537[0m
2022-07-16 12:02:35 info: [0mPOST /api/users/user/62c2e800353557aac802d479 [32m200[0m 141.087 ms - 537[0m
2022-07-16 12:02:35 info: [0mPOST /api/users/user/62c2e800353557aac802d479 [32m200[0m 151.499 ms - 537[0m
2022-07-16 12:03:32 info: [0mGET /api/causas/obtenerCausas [32m201[0m 78.001 ms - -[0m
2022-07-16 12:03:33 info: [0mGET /api/causas/obtenerCausas [32m201[0m 73.709 ms - -[0m
2022-07-16 12:03:33 info: [0mPOST /api/clients/getClientById [32m201[0m 74.958 ms - 607[0m
2022-07-16 12:03:33 info: [0mPOST /api/clients/getClientById [32m201[0m 83.835 ms - 607[0m
2022-07-16 12:03:33 info: [0mGET /api/causas/obtenerCausas [32m201[0m 74.440 ms - -[0m
2022-07-16 12:03:33 info: [0mPOST /api/clients/getClientById [32m201[0m 77.420 ms - 607[0m
2022-07-16 12:03:33 info: [0mPOST /api/clients/getClientById [32m201[0m 76.783 ms - 607[0m
2022-07-16 12:03:33 info: [0mPOST /api/users/user/62c2e800353557aac802d479 [32m200[0m 141.792 ms - 537[0m
2022-07-16 12:03:33 info: [0mPOST /api/users/user/62c2e800353557aac802d479 [32m200[0m 146.065 ms - 537[0m
2022-07-16 12:03:33 info: [0mGET /api/causas/obtenerCausas [32m201[0m 73.328 ms - -[0m
2022-07-16 12:03:33 info: [0mPOST /api/clients/getClientById [32m201[0m 75.015 ms - 607[0m
2022-07-16 12:03:33 info: [0mPOST /api/clients/getClientById [32m201[0m 70.072 ms - 607[0m
2022-07-16 12:03:33 info: [0mPOST /api/users/user/62c2e800353557aac802d479 [32m200[0m 152.977 ms - 537[0m
2022-07-16 12:03:34 info: [0mPOST /api/users/user/62c2e800353557aac802d479 [32m200[0m 141.910 ms - 537[0m
2022-07-16 12:03:34 info: [0mGET /api/causas/obtenerCausas [32m201[0m 75.255 ms - -[0m
2022-07-16 12:03:34 info: [0mPOST /api/clients/getClientById [32m201[0m 73.849 ms - 607[0m
2022-07-16 12:03:34 info: [0mPOST /api/clients/getClientById [32m201[0m 87.311 ms - 607[0m
2022-07-16 12:03:34 info: [0mPOST /api/users/user/62c2e800353557aac802d479 [32m200[0m 166.934 ms - 537[0m
2022-07-16 12:03:34 info: [0mPOST /api/users/user/62c2e800353557aac802d479 [32m200[0m 146.538 ms - 537[0m
2022-07-16 12:03:34 info: [0mGET /api/causas/obtenerCausas [32m201[0m 70.585 ms - -[0m
2022-07-16 12:03:34 info: [0mPOST /api/clients/getClientById [32m201[0m 73.965 ms - 607[0m
2022-07-16 12:03:34 info: [0mPOST /api/clients/getClientById [32m201[0m 70.761 ms - 607[0m
2022-07-16 12:03:34 info: [0mPOST /api/users/user/62c2e800353557aac802d479 [32m200[0m 138.825 ms - 537[0m
2022-07-16 12:03:34 info: [0mPOST /api/users/user/62c2e800353557aac802d479 [32m200[0m 139.321 ms - 537[0m
2022-07-16 12:03:35 info: [0mPOST /api/clients/getClientById [32m201[0m 72.409 ms - 607[0m
2022-07-16 12:03:35 info: [0mGET /api/causas/obtenerCausas [32m201[0m 75.212 ms - -[0m
2022-07-16 12:03:35 info: [0mPOST /api/clients/getClientById [32m201[0m 75.234 ms - 607[0m
2022-07-16 12:03:35 info: [0mPOST /api/users/user/62c2e800353557aac802d479 [32m200[0m 149.859 ms - 537[0m
2022-07-16 12:03:35 info: [0mPOST /api/users/user/62c2e800353557aac802d479 [32m200[0m 142.480 ms - 537[0m
2022-07-16 12:03:35 info: [0mGET /api/causas/obtenerCausas [32m201[0m 72.380 ms - -[0m
2022-07-16 12:03:35 info: [0mPOST /api/clients/getClientById [32m201[0m 73.476 ms - 607[0m
2022-07-16 12:03:35 info: [0mPOST /api/clients/getClientById [32m201[0m 73.030 ms - 607[0m
2022-07-16 12:03:35 info: [0mPOST /api/users/user/62c2e800353557aac802d479 [32m200[0m 144.604 ms - 537[0m
2022-07-16 12:03:35 info: [0mPOST /api/users/user/62c2e800353557aac802d479 [32m200[0m 148.589 ms - 537[0m
2022-07-16 12:03:35 info: [0mPOST /api/clients/getClientById [32m201[0m 75.245 ms - 607[0m
2022-07-16 12:03:35 info: [0mGET /api/causas/obtenerCausas [32m201[0m 76.790 ms - -[0m
2022-07-16 12:03:35 info: [0mPOST /api/clients/getClientById [32m201[0m 71.553 ms - 607[0m
2022-07-16 12:03:35 info: [0mPOST /api/users/user/62c2e800353557aac802d479 [32m200[0m 144.229 ms - 537[0m
2022-07-16 12:03:35 info: [0mPOST /api/users/user/62c2e800353557aac802d479 [32m200[0m 142.606 ms - 537[0m
2022-07-16 12:03:36 info: [0mGET /api/causas/obtenerCausas [32m201[0m 74.744 ms - -[0m
2022-07-16 12:03:36 info: [0mPOST /api/clients/getClientById [32m201[0m 70.658 ms - 607[0m
2022-07-16 12:03:36 info: [0mPOST /api/clients/getClientById [32m201[0m 74.280 ms - 607[0m
2022-07-16 12:03:36 info: [0mPOST /api/users/user/62c2e800353557aac802d479 [32m200[0m 141.486 ms - 537[0m
2022-07-16 12:03:36 info: [0mPOST /api/users/user/62c2e800353557aac802d479 [32m200[0m 140.124 ms - 537[0m
2022-07-16 12:03:36 info: [0mGET /api/causas/obtenerCausas [32m201[0m 74.072 ms - -[0m
2022-07-16 12:03:36 info: [0mPOST /api/clients/getClientById [32m201[0m 73.573 ms - 607[0m
2022-07-16 12:03:36 info: [0mPOST /api/clients/getClientById [32m201[0m 73.483 ms - 607[0m
2022-07-16 12:03:36 info: [0mPOST /api/users/user/62c2e800353557aac802d479 [32m200[0m 146.351 ms - 537[0m
2022-07-16 12:03:36 info: [0mPOST /api/users/user/62c2e800353557aac802d479 [32m200[0m 140.063 ms - 537[0m
2022-07-16 12:03:36 info: [0mPOST /api/clients/getClientById [32m201[0m 70.911 ms - 607[0m
2022-07-16 12:03:36 info: [0mGET /api/causas/obtenerCausas [32m201[0m 75.597 ms - -[0m
2022-07-16 12:03:36 info: [0mPOST /api/clients/getClientById [32m201[0m 70.487 ms - 607[0m
2022-07-16 12:03:37 info: [0mPOST /api/users/user/62c2e800353557aac802d479 [32m200[0m 145.747 ms - 537[0m
2022-07-16 12:03:37 info: [0mPOST /api/users/user/62c2e800353557aac802d479 [32m200[0m 138.521 ms - 537[0m
2022-07-16 12:03:37 info: [0mPOST /api/clients/getClientById [32m201[0m 72.612 ms - 607[0m
2022-07-16 12:03:37 info: [0mGET /api/causas/obtenerCausas [32m201[0m 73.440 ms - -[0m
2022-07-16 12:03:37 info: [0mPOST /api/clients/getClientById [32m201[0m 71.647 ms - 607[0m
2022-07-16 12:03:37 info: [0mPOST /api/users/user/62c2e800353557aac802d479 [32m200[0m 142.417 ms - 537[0m
2022-07-16 12:03:37 info: [0mPOST /api/users/user/62c2e800353557aac802d479 [32m200[0m 140.439 ms - 537[0m
2022-07-16 12:03:37 info: [0mGET /api/causas/obtenerCausas [32m201[0m 71.393 ms - -[0m
2022-07-16 12:03:37 info: [0mPOST /api/clients/getClientById [32m201[0m 70.812 ms - 607[0m
2022-07-16 12:03:37 info: [0mPOST /api/clients/getClientById [32m201[0m 73.877 ms - 607[0m
2022-07-16 12:03:37 info: [0mPOST /api/users/user/62c2e800353557aac802d479 [32m200[0m 144.767 ms - 537[0m
2022-07-16 12:03:37 info: [0mPOST /api/users/user/62c2e800353557aac802d479 [32m200[0m 146.187 ms - 537[0m
2022-07-16 12:03:38 info: [0mPOST /api/clients/getClientById [32m201[0m 74.253 ms - 607[0m
2022-07-16 12:03:38 info: [0mGET /api/causas/obtenerCausas [32m201[0m 75.002 ms - -[0m
2022-07-16 12:03:38 info: [0mPOST /api/clients/getClientById [32m201[0m 76.658 ms - 607[0m
2022-07-16 12:03:38 info: [0mPOST /api/users/user/62c2e800353557aac802d479 [32m200[0m 149.070 ms - 537[0m
2022-07-16 12:03:38 info: [0mPOST /api/users/user/62c2e800353557aac802d479 [32m200[0m 152.284 ms - 537[0m
2022-07-16 12:03:38 info: [0mGET /api/causas/obtenerCausas [32m201[0m 70.558 ms - -[0m
2022-07-16 12:03:38 info: [0mPOST /api/clients/getClientById [32m201[0m 74.411 ms - 607[0m
2022-07-16 12:03:38 info: [0mPOST /api/clients/getClientById [32m201[0m 78.168 ms - 607[0m
2022-07-16 12:03:38 info: [0mPOST /api/users/user/62c2e800353557aac802d479 [32m200[0m 146.476 ms - 537[0m
2022-07-16 12:03:38 info: [0mPOST /api/users/user/62c2e800353557aac802d479 [32m200[0m 142.116 ms - 537[0m
2022-07-16 12:03:38 info: [0mGET /api/causas/obtenerCausas [32m201[0m 72.000 ms - -[0m
2022-07-16 12:03:38 info: [0mPOST /api/clients/getClientById [32m201[0m 79.580 ms - 607[0m
2022-07-16 12:03:38 info: [0mPOST /api/clients/getClientById [32m201[0m 74.391 ms - 607[0m
2022-07-16 12:03:38 info: [0mPOST /api/users/user/62c2e800353557aac802d479 [32m200[0m 139.472 ms - 537[0m
2022-07-16 12:03:39 info: [0mPOST /api/users/user/62c2e800353557aac802d479 [32m200[0m 141.180 ms - 537[0m
2022-07-16 12:03:39 info: [0mGET /api/causas/obtenerCausas [32m201[0m 72.068 ms - -[0m
2022-07-16 12:03:39 info: [0mPOST /api/clients/getClientById [32m201[0m 72.233 ms - 607[0m
2022-07-16 12:03:39 info: [0mPOST /api/clients/getClientById [32m201[0m 82.327 ms - 607[0m
2022-07-16 12:03:39 info: [0mPOST /api/users/user/62c2e800353557aac802d479 [32m200[0m 144.161 ms - 537[0m
2022-07-16 12:03:39 info: [0mPOST /api/users/user/62c2e800353557aac802d479 [32m200[0m 148.137 ms - 537[0m
2022-07-16 12:03:39 info: [0mPOST /api/clients/getClientById [32m201[0m 74.904 ms - 607[0m
2022-07-16 12:03:39 info: [0mGET /api/causas/obtenerCausas [32m201[0m 76.190 ms - -[0m
2022-07-16 12:03:39 info: [0mPOST /api/clients/getClientById [32m201[0m 73.972 ms - 607[0m
2022-07-16 12:03:39 info: [0mPOST /api/users/user/62c2e800353557aac802d479 [32m200[0m 144.377 ms - 537[0m
2022-07-16 12:03:39 info: [0mPOST /api/users/user/62c2e800353557aac802d479 [32m200[0m 141.258 ms - 537[0m
2022-07-16 12:03:40 info: [0mGET /api/causas/obtenerCausas [32m201[0m 71.741 ms - -[0m
2022-07-16 12:03:40 info: [0mPOST /api/clients/getClientById [32m201[0m 72.456 ms - 607[0m
2022-07-16 12:03:40 info: [0mPOST /api/clients/getClientById [32m201[0m 74.574 ms - 607[0m
2022-07-16 12:03:40 info: [0mPOST /api/users/user/62c2e800353557aac802d479 [32m200[0m 146.730 ms - 537[0m
2022-07-16 12:03:40 info: [0mPOST /api/users/user/62c2e800353557aac802d479 [32m200[0m 144.546 ms - 537[0m
2022-07-16 12:03:40 info: [0mGET /api/causas/obtenerCausas [32m201[0m 71.402 ms - -[0m
2022-07-16 12:03:40 info: [0mPOST /api/clients/getClientById [32m201[0m 73.545 ms - 607[0m
2022-07-16 12:03:40 info: [0mPOST /api/clients/getClientById [32m201[0m 78.088 ms - 607[0m
2022-07-16 12:03:40 info: [0mPOST /api/users/user/62c2e800353557aac802d479 [32m200[0m 147.539 ms - 537[0m
2022-07-16 12:03:40 info: [0mPOST /api/users/user/62c2e800353557aac802d479 [32m200[0m 140.530 ms - 537[0m
2022-07-16 12:03:40 info: [0mPOST /api/clients/getClientById [32m201[0m 69.601 ms - 607[0m
2022-07-16 12:03:40 info: [0mPOST /api/clients/getClientById [32m201[0m 78.300 ms - 607[0m
2022-07-16 12:03:40 info: [0mGET /api/causas/obtenerCausas [32m201[0m 75.345 ms - -[0m
2022-07-16 12:03:40 info: [0mPOST /api/users/user/62c2e800353557aac802d479 [32m200[0m 147.071 ms - 537[0m
2022-07-16 12:03:41 info: [0mPOST /api/users/user/62c2e800353557aac802d479 [32m200[0m 144.996 ms - 537[0m
2022-07-16 12:03:41 info: [0mGET /api/causas/obtenerCausas [32m201[0m 75.182 ms - -[0m
2022-07-16 12:03:41 info: [0mPOST /api/clients/getClientById [32m201[0m 95.601 ms - 607[0m
2022-07-16 12:03:41 info: [0mPOST /api/users/user/62c2e800353557aac802d479 [32m200[0m 140.381 ms - 537[0m
2022-07-16 12:03:41 info: [0mPOST /api/clients/getClientById [32m201[0m 69.773 ms - 607[0m
2022-07-16 12:03:41 info: [0mPOST /api/users/user/62c2e800353557aac802d479 [32m200[0m 170.284 ms - 537[0m
2022-07-16 12:03:41 info: [0mPOST /api/clients/getClientById [32m201[0m 70.493 ms - 607[0m
2022-07-16 12:03:41 info: [0mPOST /api/clients/getClientById [32m201[0m 74.563 ms - 607[0m
2022-07-16 12:03:41 info: [0mPOST /api/users/user/62c2e800353557aac802d479 [32m200[0m 141.305 ms - 537[0m
2022-07-16 12:03:41 info: [0mPOST /api/users/user/62c2e800353557aac802d479 [32m200[0m 139.066 ms - 537[0m
2022-07-16 12:03:42 info: [0mPOST /api/users/user/62c2e800353557aac802d479 [32m200[0m 140.799 ms - 537[0m
2022-07-16 12:03:42 info: [0mPOST /api/users/user/62c2e800353557aac802d479 [32m200[0m 142.640 ms - 537[0m
2022-07-16 12:12:19 info: [0mPOST /api/causas/obtenerCausasPorProcurador [32m201[0m 77.940 ms - -[0m
2022-07-16 12:12:19 info: [0mGET /api/causas/obtenerCausas [32m201[0m 76.629 ms - -[0m
2022-07-16 12:12:19 info: [0mPOST /api/clients/getClientById [32m201[0m 74.248 ms - 607[0m
2022-07-16 12:12:19 info: [0mPOST /api/clients/getClientById [32m201[0m 74.971 ms - 607[0m
2022-07-16 12:12:19 info: [0mPOST /api/clients/getClientById [32m201[0m 76.514 ms - 607[0m
2022-07-16 12:12:19 info: [0mPOST /api/users/user/62c2e800353557aac802d479 [32m200[0m 146.340 ms - 537[0m
2022-07-16 12:12:19 info: [0mPOST /api/users/user/62c2e800353557aac802d479 [32m200[0m 147.491 ms - 537[0m
2022-07-16 12:12:20 info: [0mPOST /api/users/user/62c2e800353557aac802d479 [32m200[0m 150.774 ms - 537[0m
2022-07-16 12:13:17 info: [0mPOST /api/causas/obtenerCausasPorProcurador [32m201[0m 76.629 ms - -[0m
2022-07-16 12:13:17 info: [0mGET /api/causas/obtenerCausas [32m201[0m 79.168 ms - -[0m
2022-07-16 12:13:17 info: [0mPOST /api/clients/getClientById [32m201[0m 75.912 ms - 607[0m
2022-07-16 12:13:17 info: [0mPOST /api/clients/getClientById [32m201[0m 79.782 ms - 607[0m
2022-07-16 12:13:17 info: [0mPOST /api/clients/getClientById [32m201[0m 80.653 ms - 607[0m
2022-07-16 12:13:17 info: [0mPOST /api/users/user/62c2e800353557aac802d479 [32m200[0m 160.266 ms - 537[0m
2022-07-16 12:13:18 info: [0mPOST /api/users/user/62c2e800353557aac802d479 [32m200[0m 146.925 ms - 537[0m
2022-07-16 12:13:18 info: [0mPOST /api/users/user/62c2e800353557aac802d479 [32m200[0m 151.068 ms - 537[0m
2022-07-16 12:14:36 info: [0mGET /api/causas/obtenerCausas [32m201[0m 77.060 ms - -[0m
2022-07-16 12:14:36 info: [0mPOST /api/clients/getClientById [32m201[0m 74.909 ms - 607[0m
2022-07-16 12:14:36 info: [0mPOST /api/clients/getClientById [32m201[0m 71.453 ms - 607[0m
2022-07-16 12:14:36 info: [0mPOST /api/users/user/62c2e800353557aac802d479 [32m200[0m 161.817 ms - 537[0m
2022-07-16 12:14:37 info: [0mPOST /api/users/user/62c2e800353557aac802d479 [32m200[0m 145.987 ms - 537[0m
2022-07-16 12:14:37 info: [0mPOST /api/causas/obtenerCausasPorProcurador [32m201[0m 78.837 ms - -[0m
2022-07-16 12:14:37 info: [0mPOST /api/clients/getClientById [32m201[0m 81.739 ms - 607[0m
2022-07-16 12:14:38 info: [0mPOST /api/users/user/62c2e800353557aac802d479 [32m200[0m 147.035 ms - 537[0m
2022-07-16 12:17:32 info: [0mGET /api/causas/obtenerCausas [32m201[0m 77.114 ms - -[0m
2022-07-16 12:17:32 info: [0mPOST /api/clients/getClientById [32m201[0m 74.909 ms - 607[0m
2022-07-16 12:17:32 info: [0mPOST /api/clients/getClientById [32m201[0m 72.750 ms - 607[0m
2022-07-16 12:17:32 info: [0mPOST /api/users/user/62c2e800353557aac802d479 [32m200[0m 146.486 ms - 537[0m
2022-07-16 12:17:33 info: [0mPOST /api/users/user/62c2e800353557aac802d479 [32m200[0m 147.283 ms - 537[0m
2022-07-16 12:17:33 info: [0mPOST /api/causas/obtenerCausasPorProcurador [32m201[0m 87.152 ms - -[0m
2022-07-16 12:17:33 info: [0mPOST /api/clients/getClientById [32m201[0m 77.144 ms - 607[0m
2022-07-16 12:17:34 info: [0mPOST /api/users/user/62c2e800353557aac802d479 [32m200[0m 144.511 ms - 537[0m
2022-07-16 12:18:08 info: [0mGET /api/causas/obtenerCausas [32m201[0m 78.036 ms - -[0m
2022-07-16 12:18:08 info: [0mPOST /api/clients/getClientById [32m201[0m 78.884 ms - 607[0m
2022-07-16 12:18:09 info: [0mPOST /api/clients/getClientById [32m201[0m 74.970 ms - 607[0m
2022-07-16 12:18:09 info: [0mPOST /api/causas/obtenerCausasPorProcurador [32m201[0m 77.829 ms - -[0m
2022-07-16 12:18:09 info: [0mPOST /api/users/user/62c2e800353557aac802d479 [32m200[0m 147.001 ms - 537[0m
2022-07-16 12:18:09 info: [0mPOST /api/users/user/62c2e800353557aac802d479 [32m200[0m 145.565 ms - 537[0m
2022-07-16 12:18:09 info: [0mPOST /api/clients/getClientById [32m201[0m 76.697 ms - 607[0m
2022-07-16 12:18:10 info: [0mPOST /api/users/user/62c2e800353557aac802d479 [32m200[0m 142.082 ms - 537[0m
2022-07-16 12:19:46 info: [0mGET /api/causas/obtenerCausas [32m201[0m 77.219 ms - -[0m
2022-07-16 12:19:46 info: [0mPOST /api/clients/getClientById [32m201[0m 84.273 ms - 607[0m
2022-07-16 12:19:46 info: [0mPOST /api/clients/getClientById [32m201[0m 71.506 ms - 607[0m
2022-07-16 12:19:46 info: [0mPOST /api/users/user/62c2e800353557aac802d479 [32m200[0m 145.006 ms - 537[0m
2022-07-16 12:19:47 info: [0mPOST /api/users/user/62c2e800353557aac802d479 [32m200[0m 140.686 ms - 537[0m
2022-07-16 12:19:47 info: [0mPOST /api/causas/obtenerCausasPorProcurador [32m201[0m 395.881 ms - -[0m
2022-07-16 12:19:47 info: [0mPOST /api/clients/getClientById [32m201[0m 74.571 ms - 607[0m
2022-07-16 12:19:48 info: [0mPOST /api/users/user/62c2e800353557aac802d479 [32m200[0m 147.046 ms - 537[0m
2022-07-16 12:22:22 info: [0mGET /api/clients/getAllClients [36m304[0m 76.072 ms - -[0m
2022-07-16 12:22:24 info: [0mGET /api/users/getAbogados [36m304[0m 86.285 ms - -[0m
2022-07-16 12:22:28 info: [0mGET /api/servicios/obtenerTipoServicios [32m200[0m 76.035 ms - 1013[0m
2022-07-16 12:22:30 info: [0mGET /api/servicios/obtenerSubMateria [32m200[0m 75.135 ms - 327[0m
2022-07-16 12:22:32 info: [0mGET /api/servicios/obtenerProcedimientos [32m200[0m 73.251 ms - 890[0m
2022-07-16 12:23:09 info: [0mPOST /api/causas/guardarCausa [32m201[0m 192.071 ms - 949[0m
2022-07-16 12:23:11 info: [0mGET /api/causas/obtenerCausas [32m201[0m 78.512 ms - -[0m
2022-07-16 12:23:12 info: [0mGET /api/causas/obtenerCausas [32m201[0m 80.663 ms - -[0m
2022-07-16 12:23:12 info: [0mPOST /api/clients/getClientById [32m201[0m 93.750 ms - 607[0m
2022-07-16 12:23:12 info: [0mPOST /api/clients/getClientById [32m201[0m 86.163 ms - 607[0m
2022-07-16 12:23:12 info: [0mPOST /api/clients/getClientById [32m201[0m 85.342 ms - 607[0m
2022-07-16 12:23:12 info: [0mGET /api/causas/obtenerCausas [32m201[0m 93.187 ms - -[0m
2022-07-16 12:23:12 info: [0mPOST /api/clients/getClientById [32m201[0m 74.088 ms - 607[0m
2022-07-16 12:23:12 info: [0mPOST /api/clients/getClientById [32m201[0m 78.844 ms - 607[0m
2022-07-16 12:23:12 info: [0mPOST /api/clients/getClientById [32m201[0m 78.161 ms - 607[0m
2022-07-16 12:23:12 info: [0mPOST /api/users/user/62c2e800353557aac802d479 [32m200[0m 149.560 ms - 537[0m
2022-07-16 12:23:12 info: [0mPOST /api/users/user/62c2e800353557aac802d479 [32m200[0m 151.544 ms - 537[0m
2022-07-16 12:23:12 info: [0mPOST /api/users/user/62c2ed4d353557aac802d55f [32m200[0m 152.351 ms - 543[0m
2022-07-16 12:23:12 info: [0mGET /api/causas/obtenerCausas [32m201[0m 73.269 ms - -[0m
2022-07-16 12:23:12 info: [0mPOST /api/clients/getClientById [32m201[0m 70.205 ms - 607[0m
2022-07-16 12:23:13 info: [0mPOST /api/clients/getClientById [32m201[0m 74.823 ms - 607[0m
2022-07-16 12:23:13 info: [0mPOST /api/clients/getClientById [32m201[0m 71.858 ms - 607[0m
2022-07-16 12:23:13 info: [0mPOST /api/users/user/62c2e800353557aac802d479 [32m200[0m 141.345 ms - 537[0m
2022-07-16 12:23:13 info: [0mPOST /api/users/user/62c2e800353557aac802d479 [32m200[0m 144.097 ms - 537[0m
2022-07-16 12:23:13 info: [0mGET /api/causas/obtenerCausas [32m201[0m 73.994 ms - -[0m
2022-07-16 12:23:13 info: [0mPOST /api/users/user/62c2ed4d353557aac802d55f [32m200[0m 140.904 ms - 543[0m
2022-07-16 12:23:13 info: [0mPOST /api/clients/getClientById [32m201[0m 70.925 ms - 607[0m
2022-07-16 12:23:13 info: [0mPOST /api/clients/getClientById [32m201[0m 71.522 ms - 607[0m
2022-07-16 12:23:13 info: [0mPOST /api/clients/getClientById [32m201[0m 70.193 ms - 607[0m
2022-07-16 12:23:13 info: [0mPOST /api/users/user/62c2e800353557aac802d479 [32m200[0m 138.999 ms - 537[0m
2022-07-16 12:23:13 info: [0mPOST /api/users/user/62c2e800353557aac802d479 [32m200[0m 142.304 ms - 537[0m
2022-07-16 12:23:13 info: [0mPOST /api/users/user/62c2ed4d353557aac802d55f [32m200[0m 140.713 ms - 543[0m
2022-07-16 12:23:13 info: [0mGET /api/causas/obtenerCausas [32m201[0m 79.429 ms - -[0m
2022-07-16 12:23:13 info: [0mPOST /api/clients/getClientById [32m201[0m 74.399 ms - 607[0m
2022-07-16 12:23:14 info: [0mPOST /api/clients/getClientById [32m201[0m 70.226 ms - 607[0m
2022-07-16 12:23:14 info: [0mPOST /api/clients/getClientById [32m201[0m 74.072 ms - 607[0m
2022-07-16 12:23:14 info: [0mPOST /api/users/user/62c2e800353557aac802d479 [32m200[0m 141.839 ms - 537[0m
2022-07-16 12:23:14 info: [0mPOST /api/users/user/62c2e800353557aac802d479 [32m200[0m 145.376 ms - 537[0m
2022-07-16 12:23:14 info: [0mPOST /api/users/user/62c2ed4d353557aac802d55f [32m200[0m 139.839 ms - 543[0m
2022-07-16 12:23:14 info: [0mGET /api/causas/obtenerCausas [32m201[0m 74.762 ms - -[0m
2022-07-16 12:23:14 info: [0mPOST /api/clients/getClientById [32m201[0m 69.982 ms - 607[0m
2022-07-16 12:23:14 info: [0mPOST /api/clients/getClientById [32m201[0m 69.659 ms - 607[0m
2022-07-16 12:23:14 info: [0mPOST /api/clients/getClientById [32m201[0m 69.969 ms - 607[0m
2022-07-16 12:23:14 info: [0mPOST /api/users/user/62c2e800353557aac802d479 [32m200[0m 138.362 ms - 537[0m
2022-07-16 12:23:14 info: [0mPOST /api/users/user/62c2e800353557aac802d479 [32m200[0m 151.778 ms - 537[0m
2022-07-16 12:23:14 info: [0mPOST /api/users/user/62c2ed4d353557aac802d55f [32m200[0m 146.744 ms - 543[0m
2022-07-16 12:23:14 info: [0mGET /api/causas/obtenerCausas [32m201[0m 77.288 ms - -[0m
2022-07-16 12:23:14 info: [0mPOST /api/clients/getClientById [32m201[0m 80.447 ms - 607[0m
2022-07-16 12:23:15 info: [0mPOST /api/clients/getClientById [32m201[0m 71.432 ms - 607[0m
2022-07-16 12:23:15 info: [0mPOST /api/clients/getClientById [32m201[0m 68.649 ms - 607[0m
2022-07-16 12:23:15 info: [0mPOST /api/users/user/62c2e800353557aac802d479 [32m200[0m 141.035 ms - 537[0m
2022-07-16 12:23:15 info: [0mPOST /api/users/user/62c2ed4d353557aac802d55f [32m200[0m 140.315 ms - 543[0m
2022-07-16 12:23:15 info: [0mPOST /api/users/user/62c2e800353557aac802d479 [32m200[0m 142.019 ms - 537[0m
2022-07-16 12:23:15 info: [0mGET /api/causas/obtenerCausas [32m201[0m 76.128 ms - -[0m
2022-07-16 12:23:15 info: [0mPOST /api/clients/getClientById [32m201[0m 69.067 ms - 607[0m
2022-07-16 12:23:15 info: [0mPOST /api/clients/getClientById [32m201[0m 71.613 ms - 607[0m
2022-07-16 12:23:15 info: [0mPOST /api/clients/getClientById [32m201[0m 73.357 ms - 607[0m
2022-07-16 12:23:15 info: [0mPOST /api/users/user/62c2e800353557aac802d479 [32m200[0m 144.476 ms - 537[0m
2022-07-16 12:23:15 info: [0mPOST /api/users/user/62c2e800353557aac802d479 [32m200[0m 146.861 ms - 537[0m
2022-07-16 12:23:15 info: [0mPOST /api/users/user/62c2ed4d353557aac802d55f [32m200[0m 147.425 ms - 543[0m
2022-07-16 12:23:15 info: [0mGET /api/causas/obtenerCausas [32m201[0m 75.023 ms - -[0m
2022-07-16 12:23:15 info: [0mPOST /api/clients/getClientById [32m201[0m 68.920 ms - 607[0m
2022-07-16 12:23:15 info: [0mPOST /api/clients/getClientById [32m201[0m 70.966 ms - 607[0m
2022-07-16 12:23:16 info: [0mPOST /api/clients/getClientById [32m201[0m 78.570 ms - 607[0m
2022-07-16 12:23:16 info: [0mPOST /api/users/user/62c2e800353557aac802d479 [32m200[0m 153.370 ms - 537[0m
2022-07-16 12:23:16 info: [0mPOST /api/users/user/62c2e800353557aac802d479 [32m200[0m 157.546 ms - 537[0m
2022-07-16 12:23:16 info: [0mPOST /api/users/user/62c2ed4d353557aac802d55f [32m200[0m 143.610 ms - 543[0m
2022-07-16 12:23:16 info: [0mGET /api/causas/obtenerCausas [32m201[0m 72.975 ms - -[0m
2022-07-16 12:23:16 info: [0mPOST /api/clients/getClientById [32m201[0m 72.213 ms - 607[0m
2022-07-16 12:23:16 info: [0mPOST /api/clients/getClientById [32m201[0m 71.502 ms - 607[0m
2022-07-16 12:23:16 info: [0mPOST /api/clients/getClientById [32m201[0m 68.961 ms - 607[0m
2022-07-16 12:23:16 info: [0mPOST /api/users/user/62c2e800353557aac802d479 [32m200[0m 146.015 ms - 537[0m
2022-07-16 12:23:16 info: [0mPOST /api/users/user/62c2e800353557aac802d479 [32m200[0m 139.974 ms - 537[0m
2022-07-16 12:23:16 info: [0mGET /api/causas/obtenerCausas [32m201[0m 70.253 ms - -[0m
2022-07-16 12:23:16 info: [0mPOST /api/users/user/62c2ed4d353557aac802d55f [32m200[0m 151.746 ms - 543[0m
2022-07-16 12:23:16 info: [0mPOST /api/clients/getClientById [32m201[0m 70.698 ms - 607[0m
2022-07-16 12:23:16 info: [0mPOST /api/clients/getClientById [32m201[0m 71.918 ms - 607[0m
2022-07-16 12:23:17 info: [0mPOST /api/clients/getClientById [32m201[0m 71.985 ms - 607[0m
2022-07-16 12:23:17 info: [0mPOST /api/users/user/62c2e800353557aac802d479 [32m200[0m 151.747 ms - 537[0m
2022-07-16 12:23:17 info: [0mPOST /api/users/user/62c2e800353557aac802d479 [32m200[0m 139.152 ms - 537[0m
2022-07-16 12:23:17 info: [0mPOST /api/users/user/62c2ed4d353557aac802d55f [32m200[0m 146.882 ms - 543[0m
2022-07-16 12:23:17 info: [0mGET /api/causas/obtenerCausas [32m201[0m 71.442 ms - -[0m
2022-07-16 12:23:17 info: [0mPOST /api/clients/getClientById [32m201[0m 69.586 ms - 607[0m
2022-07-16 12:23:17 info: [0mPOST /api/clients/getClientById [32m201[0m 71.994 ms - 607[0m
2022-07-16 12:23:17 info: [0mPOST /api/clients/getClientById [32m201[0m 72.127 ms - 607[0m
2022-07-16 12:23:17 info: [0mPOST /api/users/user/62c2e800353557aac802d479 [32m200[0m 140.515 ms - 537[0m
2022-07-16 12:23:17 info: [0mPOST /api/users/user/62c2e800353557aac802d479 [32m200[0m 142.961 ms - 537[0m
2022-07-16 12:23:17 info: [0mPOST /api/users/user/62c2ed4d353557aac802d55f [32m200[0m 141.362 ms - 543[0m
2022-07-16 12:23:17 info: [0mGET /api/causas/obtenerCausas [32m201[0m 76.948 ms - -[0m
2022-07-16 12:23:17 info: [0mPOST /api/clients/getClientById [32m201[0m 71.455 ms - 607[0m
2022-07-16 12:23:17 info: [0mPOST /api/clients/getClientById [32m201[0m 71.763 ms - 607[0m
2022-07-16 12:23:18 info: [0mPOST /api/clients/getClientById [32m201[0m 79.919 ms - 607[0m
2022-07-16 12:23:18 info: [0mPOST /api/users/user/62c2e800353557aac802d479 [32m200[0m 142.632 ms - 537[0m
2022-07-16 12:23:18 info: [0mPOST /api/users/user/62c2e800353557aac802d479 [32m200[0m 142.470 ms - 537[0m
2022-07-16 12:23:18 info: [0mGET /api/causas/obtenerCausas [32m201[0m 72.355 ms - -[0m
2022-07-16 12:23:18 info: [0mPOST /api/users/user/62c2ed4d353557aac802d55f [32m200[0m 142.950 ms - 543[0m
2022-07-16 12:23:18 info: [0mPOST /api/clients/getClientById [32m201[0m 69.918 ms - 607[0m
2022-07-16 12:23:18 info: [0mPOST /api/clients/getClientById [32m201[0m 70.792 ms - 607[0m
2022-07-16 12:23:18 info: [0mPOST /api/clients/getClientById [32m201[0m 70.976 ms - 607[0m
2022-07-16 12:23:18 info: [0mPOST /api/users/user/62c2e800353557aac802d479 [32m200[0m 143.140 ms - 537[0m
2022-07-16 12:23:18 info: [0mPOST /api/users/user/62c2e800353557aac802d479 [32m200[0m 141.309 ms - 537[0m
2022-07-16 12:23:18 info: [0mPOST /api/users/user/62c2ed4d353557aac802d55f [32m200[0m 171.339 ms - 543[0m
2022-07-16 12:23:18 info: [0mGET /api/causas/obtenerCausas [32m201[0m 75.667 ms - -[0m
2022-07-16 12:23:18 info: [0mPOST /api/clients/getClientById [32m201[0m 69.192 ms - 607[0m
2022-07-16 12:23:18 info: [0mPOST /api/clients/getClientById [32m201[0m 74.747 ms - 607[0m
2022-07-16 12:23:19 info: [0mPOST /api/clients/getClientById [32m201[0m 69.312 ms - 607[0m
2022-07-16 12:23:19 info: [0mPOST /api/users/user/62c2e800353557aac802d479 [32m200[0m 141.825 ms - 537[0m
2022-07-16 12:23:19 info: [0mPOST /api/users/user/62c2e800353557aac802d479 [32m200[0m 140.670 ms - 537[0m
2022-07-16 12:23:19 info: [0mPOST /api/users/user/62c2ed4d353557aac802d55f [32m200[0m 141.314 ms - 543[0m
2022-07-16 12:23:19 info: [0mGET /api/causas/obtenerCausas [32m201[0m 76.768 ms - -[0m
2022-07-16 12:23:19 info: [0mPOST /api/clients/getClientById [32m201[0m 71.709 ms - 607[0m
2022-07-16 12:23:19 info: [0mPOST /api/clients/getClientById [32m201[0m 70.589 ms - 607[0m
2022-07-16 12:23:19 info: [0mPOST /api/clients/getClientById [32m201[0m 72.840 ms - 607[0m
2022-07-16 12:23:19 info: [0mPOST /api/users/user/62c2e800353557aac802d479 [32m200[0m 140.038 ms - 537[0m
2022-07-16 12:23:19 info: [0mPOST /api/users/user/62c2e800353557aac802d479 [32m200[0m 137.505 ms - 537[0m
2022-07-16 12:23:19 info: [0mPOST /api/users/user/62c2ed4d353557aac802d55f [32m200[0m 143.270 ms - 543[0m
2022-07-16 12:23:19 info: [0mGET /api/causas/obtenerCausas [32m201[0m 74.838 ms - -[0m
2022-07-16 12:23:19 info: [0mPOST /api/clients/getClientById [32m201[0m 73.243 ms - 607[0m
2022-07-16 12:23:19 info: [0mPOST /api/clients/getClientById [32m201[0m 72.680 ms - 607[0m
2022-07-16 12:23:19 info: [0mPOST /api/clients/getClientById [32m201[0m 71.498 ms - 607[0m
2022-07-16 12:23:20 info: [0mPOST /api/users/user/62c2e800353557aac802d479 [32m200[0m 141.430 ms - 537[0m
2022-07-16 12:23:20 info: [0mPOST /api/users/user/62c2e800353557aac802d479 [32m200[0m 149.536 ms - 537[0m
2022-07-16 12:23:20 info: [0mPOST /api/users/user/62c2ed4d353557aac802d55f [32m200[0m 138.091 ms - 543[0m
2022-07-16 12:23:20 info: [0mGET /api/causas/obtenerCausas [32m201[0m 74.090 ms - -[0m
2022-07-16 12:23:20 info: [0mPOST /api/clients/getClientById [32m201[0m 66.792 ms - 607[0m
2022-07-16 12:23:20 info: [0mPOST /api/clients/getClientById [32m201[0m 69.555 ms - 607[0m
2022-07-16 12:23:20 info: [0mPOST /api/clients/getClientById [32m201[0m 70.201 ms - 607[0m
2022-07-16 12:23:20 info: [0mPOST /api/users/user/62c2e800353557aac802d479 [32m200[0m 141.321 ms - 537[0m
2022-07-16 12:23:20 info: [0mPOST /api/users/user/62c2e800353557aac802d479 [32m200[0m 140.300 ms - 537[0m
2022-07-16 12:23:20 info: [0mGET /api/causas/obtenerCausas [32m201[0m 73.094 ms - -[0m
2022-07-16 12:23:20 info: [0mPOST /api/users/user/62c2ed4d353557aac802d55f [32m200[0m 139.423 ms - 543[0m
2022-07-16 12:23:20 info: [0mPOST /api/clients/getClientById [32m201[0m 72.399 ms - 607[0m
2022-07-16 12:23:20 info: [0mPOST /api/clients/getClientById [32m201[0m 69.922 ms - 607[0m
2022-07-16 12:23:20 info: [0mPOST /api/clients/getClientById [32m201[0m 78.848 ms - 607[0m
2022-07-16 12:23:21 info: [0mPOST /api/users/user/62c2e800353557aac802d479 [32m200[0m 142.633 ms - 537[0m
2022-07-16 12:23:21 info: [0mPOST /api/users/user/62c2e800353557aac802d479 [32m200[0m 138.145 ms - 537[0m
2022-07-16 12:23:21 info: [0mPOST /api/users/user/62c2ed4d353557aac802d55f [32m200[0m 139.813 ms - 543[0m
2022-07-16 12:23:21 info: [0mGET /api/causas/obtenerCausas [32m201[0m 71.928 ms - -[0m
2022-07-16 12:23:21 info: [0mPOST /api/clients/getClientById [32m201[0m 73.701 ms - 607[0m
2022-07-16 12:23:21 info: [0mPOST /api/clients/getClientById [32m201[0m 70.411 ms - 607[0m
2022-07-16 12:23:21 info: [0mPOST /api/clients/getClientById [32m201[0m 74.654 ms - 607[0m
2022-07-16 12:23:21 info: [0mPOST /api/users/user/62c2e800353557aac802d479 [32m200[0m 139.550 ms - 537[0m
2022-07-16 12:23:21 info: [0mPOST /api/users/user/62c2e800353557aac802d479 [32m200[0m 141.797 ms - 537[0m
2022-07-16 12:23:21 info: [0mPOST /api/users/user/62c2ed4d353557aac802d55f [32m200[0m 138.565 ms - 543[0m
2022-07-16 12:23:21 info: [0mGET /api/causas/obtenerCausas [32m201[0m 81.510 ms - -[0m
2022-07-16 12:23:21 info: [0mPOST /api/clients/getClientById [32m201[0m 71.391 ms - 607[0m
2022-07-16 12:23:21 info: [0mPOST /api/clients/getClientById [32m201[0m 69.969 ms - 607[0m
2022-07-16 12:23:21 info: [0mPOST /api/clients/getClientById [32m201[0m 78.871 ms - 607[0m
2022-07-16 12:23:21 info: [0mPOST /api/users/user/62c2e800353557aac802d479 [32m200[0m 143.697 ms - 537[0m
2022-07-16 12:23:22 info: [0mPOST /api/users/user/62c2e800353557aac802d479 [32m200[0m 141.286 ms - 537[0m
2022-07-16 12:23:22 info: [0mPOST /api/users/user/62c2ed4d353557aac802d55f [32m200[0m 137.420 ms - 543[0m
2022-07-16 12:23:22 info: [0mGET /api/causas/obtenerCausas [32m201[0m 72.405 ms - -[0m
2022-07-16 12:23:22 info: [0mPOST /api/clients/getClientById [32m201[0m 70.243 ms - 607[0m
2022-07-16 12:23:22 info: [0mPOST /api/clients/getClientById [32m201[0m 71.272 ms - 607[0m
2022-07-16 12:23:22 info: [0mPOST /api/clients/getClientById [32m201[0m 70.446 ms - 607[0m
2022-07-16 12:23:22 info: [0mPOST /api/users/user/62c2e800353557aac802d479 [32m200[0m 137.789 ms - 537[0m
2022-07-16 12:23:22 info: [0mPOST /api/users/user/62c2e800353557aac802d479 [32m200[0m 138.558 ms - 537[0m
2022-07-16 12:23:22 info: [0mPOST /api/users/user/62c2ed4d353557aac802d55f [32m200[0m 140.010 ms - 543[0m
2022-07-16 12:23:22 info: [0mGET /api/causas/obtenerCausas [32m201[0m 75.997 ms - -[0m
2022-07-16 12:23:22 info: [0mPOST /api/clients/getClientById [32m201[0m 70.118 ms - 607[0m
2022-07-16 12:23:22 info: [0mPOST /api/clients/getClientById [32m201[0m 69.651 ms - 607[0m
2022-07-16 12:23:22 info: [0mPOST /api/clients/getClientById [32m201[0m 70.096 ms - 607[0m
2022-07-16 12:23:22 info: [0mPOST /api/users/user/62c2e800353557aac802d479 [32m200[0m 139.559 ms - 537[0m
2022-07-16 12:23:23 info: [0mPOST /api/users/user/62c2e800353557aac802d479 [32m200[0m 134.525 ms - 537[0m
2022-07-16 12:23:23 info: [0mGET /api/causas/obtenerCausas [32m201[0m 72.752 ms - -[0m
2022-07-16 12:23:23 info: [0mPOST /api/users/user/62c2ed4d353557aac802d55f [32m200[0m 152.572 ms - 543[0m
2022-07-16 12:23:23 info: [0mPOST /api/clients/getClientById [32m201[0m 71.857 ms - 607[0m
2022-07-16 12:23:23 info: [0mPOST /api/clients/getClientById [32m201[0m 70.945 ms - 607[0m
2022-07-16 12:23:23 info: [0mPOST /api/clients/getClientById [32m201[0m 77.485 ms - 607[0m
2022-07-16 12:23:23 info: [0mPOST /api/users/user/62c2e800353557aac802d479 [32m200[0m 139.192 ms - 537[0m
2022-07-16 12:23:23 info: [0mPOST /api/users/user/62c2e800353557aac802d479 [32m200[0m 137.989 ms - 537[0m
2022-07-16 12:23:23 info: [0mPOST /api/users/user/62c2ed4d353557aac802d55f [32m200[0m 142.924 ms - 543[0m
2022-07-16 12:23:23 info: [0mGET /api/causas/obtenerCausas [32m201[0m 75.063 ms - -[0m
2022-07-16 12:23:23 info: [0mPOST /api/clients/getClientById [32m201[0m 71.629 ms - 607[0m
2022-07-16 12:23:23 info: [0mPOST /api/clients/getClientById [32m201[0m 71.085 ms - 607[0m
2022-07-16 12:23:23 info: [0mPOST /api/clients/getClientById [32m201[0m 68.431 ms - 607[0m
2022-07-16 12:23:23 info: [0mPOST /api/users/user/62c2e800353557aac802d479 [32m200[0m 143.106 ms - 537[0m
2022-07-16 12:23:23 info: [0mPOST /api/users/user/62c2e800353557aac802d479 [32m200[0m 144.741 ms - 537[0m
2022-07-16 12:23:23 info: [0mPOST /api/users/user/62c2ed4d353557aac802d55f [32m200[0m 139.040 ms - 543[0m
2022-07-16 12:23:24 info: [0mGET /api/causas/obtenerCausas [32m201[0m 71.723 ms - -[0m
2022-07-16 12:23:24 info: [0mPOST /api/clients/getClientById [32m201[0m 71.580 ms - 607[0m
2022-07-16 12:23:24 info: [0mPOST /api/clients/getClientById [32m201[0m 71.364 ms - 607[0m
2022-07-16 12:23:24 info: [0mPOST /api/clients/getClientById [32m201[0m 72.045 ms - 607[0m
2022-07-16 12:23:24 info: [0mPOST /api/users/user/62c2e800353557aac802d479 [32m200[0m 141.238 ms - 537[0m
2022-07-16 12:23:24 info: [0mPOST /api/users/user/62c2e800353557aac802d479 [32m200[0m 147.468 ms - 537[0m
2022-07-16 12:23:24 info: [0mPOST /api/users/user/62c2ed4d353557aac802d55f [32m200[0m 138.955 ms - 543[0m
2022-07-16 12:23:24 info: [0mGET /api/causas/obtenerCausas [32m201[0m 70.325 ms - -[0m
2022-07-16 12:23:24 info: [0mPOST /api/clients/getClientById [32m201[0m 72.452 ms - 607[0m
2022-07-16 12:23:24 info: [0mPOST /api/clients/getClientById [32m201[0m 70.608 ms - 607[0m
2022-07-16 12:23:24 info: [0mPOST /api/clients/getClientById [32m201[0m 70.896 ms - 607[0m
2022-07-16 12:23:24 info: [0mPOST /api/users/user/62c2e800353557aac802d479 [32m200[0m 142.444 ms - 537[0m
2022-07-16 12:23:24 info: [0mPOST /api/users/user/62c2e800353557aac802d479 [32m200[0m 138.382 ms - 537[0m
2022-07-16 12:23:24 info: [0mPOST /api/users/user/62c2ed4d353557aac802d55f [32m200[0m 137.096 ms - 543[0m
2022-07-16 12:23:25 info: [0mGET /api/causas/obtenerCausas [32m201[0m 71.356 ms - -[0m
2022-07-16 12:23:25 info: [0mPOST /api/clients/getClientById [32m201[0m 71.057 ms - 607[0m
2022-07-16 12:23:25 info: [0mPOST /api/clients/getClientById [32m201[0m 67.654 ms - 607[0m
2022-07-16 12:23:25 info: [0mPOST /api/clients/getClientById [32m201[0m 69.563 ms - 607[0m
2022-07-16 12:23:25 info: [0mPOST /api/users/user/62c2e800353557aac802d479 [32m200[0m 139.799 ms - 537[0m
2022-07-16 12:23:25 info: [0mPOST /api/users/user/62c2e800353557aac802d479 [32m200[0m 139.961 ms - 537[0m
2022-07-16 12:23:25 info: [0mPOST /api/users/user/62c2ed4d353557aac802d55f [32m200[0m 142.940 ms - 543[0m
2022-07-16 12:23:25 info: [0mPOST /api/clients/getClientById [32m201[0m 69.959 ms - 607[0m
2022-07-16 12:23:25 info: [0mPOST /api/clients/getClientById [32m201[0m 72.182 ms - 607[0m
2022-07-16 12:23:25 info: [0mPOST /api/clients/getClientById [32m201[0m 72.174 ms - 607[0m
2022-07-16 12:23:25 info: [0mPOST /api/users/user/62c2e800353557aac802d479 [32m200[0m 140.411 ms - 537[0m
2022-07-16 12:23:25 info: [0mPOST /api/users/user/62c2e800353557aac802d479 [32m200[0m 138.962 ms - 537[0m
2022-07-16 12:23:25 info: [0mPOST /api/users/user/62c2ed4d353557aac802d55f [32m200[0m 141.635 ms - 543[0m
2022-07-16 12:23:25 info: [0mPOST /api/users/user/62c2e800353557aac802d479 [32m200[0m 139.995 ms - 537[0m
2022-07-16 12:23:26 info: [0mPOST /api/users/user/62c2e800353557aac802d479 [32m200[0m 139.131 ms - 537[0m
2022-07-16 12:23:26 info: [0mPOST /api/users/user/62c2ed4d353557aac802d55f [32m200[0m 143.545 ms - 543[0m
2022-07-16 12:23:34 info: [0mPOST /api/causas/obtenerCausaPorId [32m201[0m 75.837 ms - 40[0m
2022-07-16 12:23:34 info: [0mPOST /api/causas/obtenerCausaPorId [32m201[0m 75.102 ms - 40[0m
2022-07-16 12:23:34 info: [0mPOST /api/causas/obtenerCausaPorId [32m201[0m 75.269 ms - 951[0m
2022-07-16 12:23:34 info: [0mPOST /api/users/user/62c2ed4d353557aac802d55f [32m200[0m 150.310 ms - 543[0m
2022-07-16 12:23:34 info: [0mGET /api/servicios/obtenerSubMateria/ [36m304[0m 74.915 ms - -[0m
2022-07-16 12:23:34 info: [0mGET /api/servicios/obtenerProcedimientos/ [36m304[0m 74.934 ms - -[0m
2022-07-16 12:23:34 info: [0mGET /api/servicios/obtenerTipoServicios/ [36m304[0m 78.823 ms - -[0m
2022-07-16 12:23:34 info: [0mPOST /api/clients/getClientById [32m201[0m 82.615 ms - 607[0m
2022-07-16 12:23:49 info: [0mPOST /api/causas/editarCausa [32m201[0m 93.998 ms - 950[0m
2022-07-16 12:23:50 info: [0mGET /api/causas/obtenerCausas [32m201[0m 78.191 ms - -[0m
2022-07-16 12:23:51 info: [0mGET /api/causas/obtenerCausas [32m201[0m 82.383 ms - -[0m
2022-07-16 12:23:51 info: [0mPOST /api/clients/getClientById [32m201[0m 75.808 ms - 607[0m
2022-07-16 12:23:51 info: [0mPOST /api/clients/getClientById [32m201[0m 74.886 ms - 607[0m
2022-07-16 12:23:51 info: [0mPOST /api/clients/getClientById [32m201[0m 80.241 ms - 607[0m
2022-07-16 12:23:51 info: [0mGET /api/causas/obtenerCausas [32m201[0m 74.992 ms - -[0m
2022-07-16 12:23:51 info: [0mPOST /api/clients/getClientById [32m201[0m 86.353 ms - 607[0m
2022-07-16 12:23:51 info: [0mPOST /api/clients/getClientById [32m201[0m 85.101 ms - 607[0m
2022-07-16 12:23:51 info: [0mPOST /api/clients/getClientById [32m201[0m 75.193 ms - 607[0m
2022-07-16 12:23:51 info: [0mGET /api/causas/obtenerCausas [32m201[0m 76.960 ms - -[0m
2022-07-16 12:23:51 info: [0mPOST /api/users/user/62c2e800353557aac802d479 [32m200[0m 149.281 ms - 537[0m
2022-07-16 12:23:51 info: [0mPOST /api/users/user/62c2e800353557aac802d479 [32m200[0m 149.793 ms - 537[0m
2022-07-16 12:23:51 info: [0mPOST /api/clients/getClientById [32m201[0m 70.792 ms - 607[0m
2022-07-16 12:23:52 info: [0mPOST /api/users/user/62c2ed4d353557aac802d55f [32m200[0m 145.505 ms - 543[0m
2022-07-16 12:23:52 info: [0mPOST /api/clients/getClientById [32m201[0m 75.052 ms - 607[0m
2022-07-16 12:23:52 info: [0mPOST /api/clients/getClientById [32m201[0m 98.267 ms - 607[0m
2022-07-16 12:23:52 info: [0mPOST /api/users/user/62c2e800353557aac802d479 [32m200[0m 146.112 ms - 537[0m
2022-07-16 12:23:52 info: [0mPOST /api/users/user/62c2e800353557aac802d479 [32m200[0m 152.114 ms - 537[0m
2022-07-16 12:23:52 info: [0mPOST /api/users/user/62c2ed4d353557aac802d55f [32m200[0m 143.783 ms - 543[0m
2022-07-16 12:23:52 info: [0mGET /api/causas/obtenerCausas [32m201[0m 73.055 ms - -[0m
2022-07-16 12:23:52 info: [0mPOST /api/clients/getClientById [32m201[0m 74.653 ms - 607[0m
2022-07-16 12:23:52 info: [0mPOST /api/clients/getClientById [32m201[0m 70.342 ms - 607[0m
2022-07-16 12:23:52 info: [0mPOST /api/clients/getClientById [32m201[0m 71.013 ms - 607[0m
2022-07-16 12:23:52 info: [0mPOST /api/users/user/62c2e800353557aac802d479 [32m200[0m 145.669 ms - 537[0m
2022-07-16 12:23:52 info: [0mPOST /api/clients/getClientById [32m201[0m 69.380 ms - 607[0m
2022-07-16 12:23:52 info: [0mGET /api/causas/obtenerCausas [32m201[0m 74.911 ms - -[0m
2022-07-16 12:23:52 info: [0mPOST /api/users/user/62c2ed4d353557aac802d55f [32m200[0m 156.043 ms - 543[0m
2022-07-16 12:23:52 info: [0mPOST /api/users/user/62c2e800353557aac802d479 [32m200[0m 142.983 ms - 537[0m
2022-07-16 12:23:52 info: [0mPOST /api/clients/getClientById [32m201[0m 70.988 ms - 607[0m
2022-07-16 12:23:53 info: [0mPOST /api/clients/getClientById [32m201[0m 78.036 ms - 607[0m
2022-07-16 12:23:53 info: [0mPOST /api/users/user/62c2e800353557aac802d479 [32m200[0m 140.536 ms - 537[0m
2022-07-16 12:23:53 info: [0mPOST /api/users/user/62c2e800353557aac802d479 [32m200[0m 141.870 ms - 537[0m
2022-07-16 12:23:53 info: [0mPOST /api/users/user/62c2ed4d353557aac802d55f [32m200[0m 150.554 ms - 543[0m
2022-07-16 12:23:53 info: [0mPOST /api/users/user/62c2e800353557aac802d479 [32m200[0m 152.922 ms - 537[0m
2022-07-16 12:23:53 info: [0mGET /api/causas/obtenerCausas [32m201[0m 74.763 ms - -[0m
2022-07-16 12:23:53 info: [0mPOST /api/clients/getClientById [32m201[0m 75.754 ms - 607[0m
2022-07-16 12:23:53 info: [0mPOST /api/clients/getClientById [32m201[0m 72.543 ms - 607[0m
2022-07-16 12:23:53 info: [0mPOST /api/clients/getClientById [32m201[0m 76.818 ms - 607[0m
2022-07-16 12:23:53 info: [0mGET /api/causas/obtenerCausas [32m201[0m 71.034 ms - -[0m
2022-07-16 12:23:53 info: [0mPOST /api/users/user/62c2e800353557aac802d479 [32m200[0m 136.271 ms - 537[0m
2022-07-16 12:23:53 info: [0mPOST /api/users/user/62c2ed4d353557aac802d55f [32m200[0m 149.884 ms - 543[0m
2022-07-16 12:23:53 info: [0mPOST /api/clients/getClientById [32m201[0m 75.699 ms - 607[0m
2022-07-16 12:23:54 info: [0mPOST /api/clients/getClientById [32m201[0m 70.368 ms - 607[0m
2022-07-16 12:23:54 info: [0mPOST /api/clients/getClientById [32m201[0m 70.622 ms - 607[0m
2022-07-16 12:23:54 info: [0mPOST /api/users/user/62c2e800353557aac802d479 [32m200[0m 150.029 ms - 537[0m
2022-07-16 12:23:54 info: [0mGET /api/causas/obtenerCausas [32m201[0m 71.092 ms - -[0m
2022-07-16 12:23:54 info: [0mPOST /api/users/user/62c2e800353557aac802d479 [32m200[0m 146.459 ms - 537[0m
2022-07-16 12:23:54 info: [0mPOST /api/users/user/62c2ed4d353557aac802d55f [32m200[0m 137.586 ms - 543[0m
2022-07-16 12:23:54 info: [0mPOST /api/clients/getClientById [32m201[0m 69.546 ms - 607[0m
2022-07-16 12:23:54 info: [0mPOST /api/clients/getClientById [32m201[0m 69.933 ms - 607[0m
2022-07-16 12:23:54 info: [0mPOST /api/clients/getClientById [32m201[0m 71.571 ms - 607[0m
2022-07-16 12:23:54 info: [0mPOST /api/users/user/62c2e800353557aac802d479 [32m200[0m 137.114 ms - 537[0m
2022-07-16 12:23:54 info: [0mPOST /api/users/user/62c2e800353557aac802d479 [32m200[0m 139.945 ms - 537[0m
2022-07-16 12:23:54 info: [0mPOST /api/users/user/62c2ed4d353557aac802d55f [32m200[0m 143.018 ms - 543[0m
2022-07-16 12:23:54 info: [0mGET /api/causas/obtenerCausas [32m201[0m 70.481 ms - -[0m
2022-07-16 12:23:54 info: [0mPOST /api/clients/getClientById [32m201[0m 70.721 ms - 607[0m
2022-07-16 12:23:54 info: [0mPOST /api/clients/getClientById [32m201[0m 70.525 ms - 607[0m
2022-07-16 12:23:55 info: [0mPOST /api/clients/getClientById [32m201[0m 69.818 ms - 607[0m
2022-07-16 12:23:55 info: [0mPOST /api/users/user/62c2e800353557aac802d479 [32m200[0m 137.222 ms - 537[0m
2022-07-16 12:23:55 info: [0mPOST /api/users/user/62c2e800353557aac802d479 [32m200[0m 137.572 ms - 537[0m
2022-07-16 12:23:55 info: [0mGET /api/causas/obtenerCausas [32m201[0m 70.096 ms - -[0m
2022-07-16 12:23:55 info: [0mPOST /api/users/user/62c2ed4d353557aac802d55f [32m200[0m 140.773 ms - 543[0m
2022-07-16 12:23:55 info: [0mPOST /api/clients/getClientById [32m201[0m 73.923 ms - 607[0m
2022-07-16 12:23:55 info: [0mPOST /api/clients/getClientById [32m201[0m 68.259 ms - 607[0m
2022-07-16 12:23:55 info: [0mPOST /api/clients/getClientById [32m201[0m 69.239 ms - 607[0m
2022-07-16 12:23:55 info: [0mPOST /api/users/user/62c2e800353557aac802d479 [32m200[0m 143.159 ms - 537[0m
2022-07-16 12:23:55 info: [0mPOST /api/users/user/62c2e800353557aac802d479 [32m200[0m 142.482 ms - 537[0m
2022-07-16 12:23:55 info: [0mPOST /api/users/user/62c2ed4d353557aac802d55f [32m200[0m 148.523 ms - 543[0m
2022-07-16 12:23:55 info: [0mGET /api/causas/obtenerCausas [32m201[0m 71.497 ms - -[0m
2022-07-16 12:23:55 info: [0mPOST /api/clients/getClientById [32m201[0m 74.147 ms - 607[0m
2022-07-16 12:23:55 info: [0mPOST /api/clients/getClientById [32m201[0m 71.205 ms - 607[0m
2022-07-16 12:23:55 info: [0mPOST /api/clients/getClientById [32m201[0m 73.138 ms - 607[0m
2022-07-16 12:23:56 info: [0mPOST /api/users/user/62c2e800353557aac802d479 [32m200[0m 139.998 ms - 537[0m
2022-07-16 12:23:56 info: [0mPOST /api/users/user/62c2e800353557aac802d479 [32m200[0m 142.708 ms - 537[0m
2022-07-16 12:23:56 info: [0mPOST /api/users/user/62c2ed4d353557aac802d55f [32m200[0m 139.335 ms - 543[0m
2022-07-16 12:23:56 info: [0mGET /api/causas/obtenerCausas [32m201[0m 71.801 ms - -[0m
2022-07-16 12:23:56 info: [0mPOST /api/clients/getClientById [32m201[0m 82.526 ms - 607[0m
2022-07-16 12:23:56 info: [0mPOST /api/clients/getClientById [32m201[0m 70.959 ms - 607[0m
2022-07-16 12:23:56 info: [0mPOST /api/clients/getClientById [32m201[0m 72.565 ms - 607[0m
2022-07-16 12:23:56 info: [0mPOST /api/users/user/62c2e800353557aac802d479 [32m200[0m 144.080 ms - 537[0m
2022-07-16 12:23:56 info: [0mPOST /api/users/user/62c2e800353557aac802d479 [32m200[0m 139.258 ms - 537[0m
2022-07-16 12:23:56 info: [0mPOST /api/users/user/62c2ed4d353557aac802d55f [32m200[0m 141.622 ms - 543[0m
2022-07-16 12:23:56 info: [0mGET /api/causas/obtenerCausas [32m201[0m 75.104 ms - -[0m
2022-07-16 12:23:56 info: [0mPOST /api/clients/getClientById [32m201[0m 71.203 ms - 607[0m
2022-07-16 12:23:56 info: [0mPOST /api/clients/getClientById [32m201[0m 69.602 ms - 607[0m
2022-07-16 12:23:57 info: [0mPOST /api/clients/getClientById [32m201[0m 69.855 ms - 607[0m
2022-07-16 12:23:57 info: [0mPOST /api/users/user/62c2e800353557aac802d479 [32m200[0m 141.334 ms - 537[0m
2022-07-16 12:23:57 info: [0mGET /api/causas/obtenerCausas [32m201[0m 69.331 ms - -[0m
2022-07-16 12:23:57 info: [0mPOST /api/users/user/62c2e800353557aac802d479 [32m200[0m 149.994 ms - 537[0m
2022-07-16 12:23:57 info: [0mPOST /api/users/user/62c2ed4d353557aac802d55f [32m200[0m 157.397 ms - 543[0m
2022-07-16 12:23:57 info: [0mPOST /api/clients/getClientById [32m201[0m 74.508 ms - 607[0m
2022-07-16 12:23:57 info: [0mPOST /api/clients/getClientById [32m201[0m 70.800 ms - 607[0m
2022-07-16 12:23:57 info: [0mPOST /api/clients/getClientById [32m201[0m 72.621 ms - 607[0m
2022-07-16 12:23:57 info: [0mPOST /api/users/user/62c2e800353557aac802d479 [32m200[0m 139.377 ms - 537[0m
2022-07-16 12:23:57 info: [0mPOST /api/users/user/62c2e800353557aac802d479 [32m200[0m 140.132 ms - 537[0m
2022-07-16 12:23:57 info: [0mPOST /api/users/user/62c2ed4d353557aac802d55f [32m200[0m 142.387 ms - 543[0m
2022-07-16 12:23:57 info: [0mGET /api/causas/obtenerCausas [32m201[0m 71.463 ms - -[0m
2022-07-16 12:23:57 info: [0mPOST /api/clients/getClientById [32m201[0m 71.153 ms - 607[0m
2022-07-16 12:23:57 info: [0mPOST /api/clients/getClientById [32m201[0m 70.564 ms - 607[0m
2022-07-16 12:23:57 info: [0mPOST /api/clients/getClientById [32m201[0m 72.320 ms - 607[0m
2022-07-16 12:23:58 info: [0mPOST /api/users/user/62c2e800353557aac802d479 [32m200[0m 140.705 ms - 537[0m
2022-07-16 12:23:58 info: [0mPOST /api/users/user/62c2e800353557aac802d479 [32m200[0m 145.086 ms - 537[0m
2022-07-16 12:23:58 info: [0mPOST /api/users/user/62c2ed4d353557aac802d55f [32m200[0m 142.636 ms - 543[0m
2022-07-16 12:23:58 info: [0mGET /api/causas/obtenerCausas [32m201[0m 71.911 ms - -[0m
2022-07-16 12:23:58 info: [0mPOST /api/clients/getClientById [32m201[0m 72.265 ms - 607[0m
2022-07-16 12:23:58 info: [0mPOST /api/clients/getClientById [32m201[0m 67.534 ms - 607[0m
2022-07-16 12:23:58 info: [0mPOST /api/clients/getClientById [32m201[0m 73.655 ms - 607[0m
2022-07-16 12:23:58 info: [0mPOST /api/users/user/62c2e800353557aac802d479 [32m200[0m 138.080 ms - 537[0m
2022-07-16 12:23:58 info: [0mPOST /api/users/user/62c2e800353557aac802d479 [32m200[0m 138.811 ms - 537[0m
2022-07-16 12:23:58 info: [0mGET /api/causas/obtenerCausas [32m201[0m 71.212 ms - -[0m
2022-07-16 12:23:58 info: [0mPOST /api/users/user/62c2ed4d353557aac802d55f [32m200[0m 139.004 ms - 543[0m
2022-07-16 12:23:58 info: [0mPOST /api/clients/getClientById [32m201[0m 69.367 ms - 607[0m
2022-07-16 12:23:58 info: [0mPOST /api/clients/getClientById [32m201[0m 70.417 ms - 607[0m
2022-07-16 12:23:58 info: [0mPOST /api/clients/getClientById [32m201[0m 70.839 ms - 607[0m
2022-07-16 12:23:59 info: [0mPOST /api/users/user/62c2e800353557aac802d479 [32m200[0m 141.611 ms - 537[0m
2022-07-16 12:23:59 info: [0mPOST /api/users/user/62c2e800353557aac802d479 [32m200[0m 139.743 ms - 537[0m
2022-07-16 12:23:59 info: [0mPOST /api/users/user/62c2ed4d353557aac802d55f [32m200[0m 144.932 ms - 543[0m
2022-07-16 12:23:59 info: [0mGET /api/causas/obtenerCausas [32m201[0m 72.545 ms - -[0m
2022-07-16 12:23:59 info: [0mPOST /api/clients/getClientById [32m201[0m 71.740 ms - 607[0m
2022-07-16 12:23:59 info: [0mPOST /api/clients/getClientById [32m201[0m 70.215 ms - 607[0m
2022-07-16 12:23:59 info: [0mPOST /api/clients/getClientById [32m201[0m 70.668 ms - 607[0m
2022-07-16 12:23:59 info: [0mPOST /api/users/user/62c2e800353557aac802d479 [32m200[0m 142.414 ms - 537[0m
2022-07-16 12:23:59 info: [0mPOST /api/users/user/62c2e800353557aac802d479 [32m200[0m 144.665 ms - 537[0m
2022-07-16 12:23:59 info: [0mPOST /api/users/user/62c2ed4d353557aac802d55f [32m200[0m 137.397 ms - 543[0m
2022-07-16 12:23:59 info: [0mGET /api/causas/obtenerCausas [32m201[0m 72.397 ms - -[0m
2022-07-16 12:23:59 info: [0mPOST /api/clients/getClientById [32m201[0m 71.293 ms - 607[0m
2022-07-16 12:23:59 info: [0mPOST /api/clients/getClientById [32m201[0m 70.921 ms - 607[0m
2022-07-16 12:23:59 info: [0mPOST /api/clients/getClientById [32m201[0m 69.885 ms - 607[0m
2022-07-16 12:24:00 info: [0mPOST /api/users/user/62c2e800353557aac802d479 [32m200[0m 147.070 ms - 537[0m
2022-07-16 12:24:00 info: [0mPOST /api/users/user/62c2e800353557aac802d479 [32m200[0m 137.815 ms - 537[0m
2022-07-16 12:24:00 info: [0mPOST /api/users/user/62c2ed4d353557aac802d55f [32m200[0m 141.262 ms - 543[0m
2022-07-16 12:24:00 info: [0mGET /api/causas/obtenerCausas [32m201[0m 70.703 ms - -[0m
2022-07-16 12:24:00 info: [0mPOST /api/clients/getClientById [32m201[0m 69.908 ms - 607[0m
2022-07-16 12:24:00 info: [0mPOST /api/clients/getClientById [32m201[0m 69.775 ms - 607[0m
2022-07-16 12:24:00 info: [0mPOST /api/clients/getClientById [32m201[0m 74.946 ms - 607[0m
2022-07-16 12:24:00 info: [0mPOST /api/users/user/62c2e800353557aac802d479 [32m200[0m 139.555 ms - 537[0m
2022-07-16 12:24:00 info: [0mPOST /api/users/user/62c2e800353557aac802d479 [32m200[0m 139.316 ms - 537[0m
2022-07-16 12:24:00 info: [0mPOST /api/users/user/62c2ed4d353557aac802d55f [32m200[0m 139.472 ms - 543[0m
2022-07-16 12:24:00 info: [0mGET /api/causas/obtenerCausas [32m201[0m 75.049 ms - -[0m
2022-07-16 12:24:00 info: [0mPOST /api/clients/getClientById [32m201[0m 71.964 ms - 607[0m
2022-07-16 12:24:00 info: [0mPOST /api/clients/getClientById [32m201[0m 71.832 ms - 607[0m
2022-07-16 12:24:00 info: [0mPOST /api/clients/getClientById [32m201[0m 70.621 ms - 607[0m
2022-07-16 12:24:00 info: [0mPOST /api/users/user/62c2e800353557aac802d479 [32m200[0m 151.740 ms - 537[0m
2022-07-16 12:24:00 info: [0mPOST /api/users/user/62c2e800353557aac802d479 [32m200[0m 142.903 ms - 537[0m
2022-07-16 12:24:01 info: [0mPOST /api/users/user/62c2ed4d353557aac802d55f [32m200[0m 151.100 ms - 543[0m
2022-07-16 12:24:01 info: [0mGET /api/causas/obtenerCausas [32m201[0m 71.822 ms - -[0m
2022-07-16 12:24:01 info: [0mPOST /api/clients/getClientById [32m201[0m 68.907 ms - 607[0m
2022-07-16 12:24:01 info: [0mPOST /api/clients/getClientById [32m201[0m 71.781 ms - 607[0m
2022-07-16 12:24:01 info: [0mPOST /api/clients/getClientById [32m201[0m 69.578 ms - 607[0m
2022-07-16 12:24:01 info: [0mPOST /api/users/user/62c2e800353557aac802d479 [32m200[0m 141.585 ms - 537[0m
2022-07-16 12:24:01 info: [0mPOST /api/users/user/62c2e800353557aac802d479 [32m200[0m 137.461 ms - 537[0m
2022-07-16 12:24:01 info: [0mGET /api/causas/obtenerCausas [32m201[0m 72.871 ms - -[0m
2022-07-16 12:24:01 info: [0mPOST /api/users/user/62c2ed4d353557aac802d55f [32m200[0m 143.619 ms - 543[0m
2022-07-16 12:24:01 info: [0mPOST /api/clients/getClientById [32m201[0m 71.097 ms - 607[0m
2022-07-16 12:24:01 info: [0mPOST /api/clients/getClientById [32m201[0m 70.219 ms - 607[0m
2022-07-16 12:24:01 info: [0mPOST /api/clients/getClientById [32m201[0m 67.993 ms - 607[0m
2022-07-16 12:24:01 info: [0mPOST /api/users/user/62c2e800353557aac802d479 [32m200[0m 141.281 ms - 537[0m
2022-07-16 12:24:02 info: [0mPOST /api/users/user/62c2e800353557aac802d479 [32m200[0m 140.787 ms - 537[0m
2022-07-16 12:24:02 info: [0mPOST /api/users/user/62c2ed4d353557aac802d55f [32m200[0m 141.760 ms - 543[0m
2022-07-16 12:24:02 info: [0mGET /api/causas/obtenerCausas [32m201[0m 75.778 ms - -[0m
2022-07-16 12:24:02 info: [0mPOST /api/clients/getClientById [32m201[0m 71.026 ms - 607[0m
2022-07-16 12:24:02 info: [0mPOST /api/clients/getClientById [32m201[0m 71.358 ms - 607[0m
2022-07-16 12:24:02 info: [0mPOST /api/clients/getClientById [32m201[0m 69.516 ms - 607[0m
2022-07-16 12:24:02 info: [0mPOST /api/users/user/62c2e800353557aac802d479 [32m200[0m 140.721 ms - 537[0m
2022-07-16 12:24:02 info: [0mPOST /api/users/user/62c2e800353557aac802d479 [32m200[0m 143.098 ms - 537[0m
2022-07-16 12:24:02 info: [0mPOST /api/users/user/62c2ed4d353557aac802d55f [32m200[0m 141.771 ms - 543[0m
2022-07-16 12:24:02 info: [0mGET /api/causas/obtenerCausas [32m201[0m 76.926 ms - -[0m
2022-07-16 12:24:02 info: [0mPOST /api/clients/getClientById [32m201[0m 73.952 ms - 607[0m
2022-07-16 12:24:02 info: [0mPOST /api/clients/getClientById [32m201[0m 72.403 ms - 607[0m
2022-07-16 12:24:02 info: [0mPOST /api/clients/getClientById [32m201[0m 72.925 ms - 607[0m
2022-07-16 12:24:02 info: [0mPOST /api/users/user/62c2e800353557aac802d479 [32m200[0m 146.675 ms - 537[0m
2022-07-16 12:24:02 info: [0mPOST /api/users/user/62c2e800353557aac802d479 [32m200[0m 147.015 ms - 537[0m
2022-07-16 12:24:02 info: [0mPOST /api/users/user/62c2ed4d353557aac802d55f [32m200[0m 147.607 ms - 543[0m
2022-07-16 12:24:02 info: [0mGET /api/causas/obtenerCausas [32m201[0m 79.828 ms - -[0m
2022-07-16 12:24:03 info: [0mPOST /api/clients/getClientById [32m201[0m 69.952 ms - 607[0m
2022-07-16 12:24:03 info: [0mPOST /api/clients/getClientById [32m201[0m 69.444 ms - 607[0m
2022-07-16 12:24:03 info: [0mPOST /api/clients/getClientById [32m201[0m 72.286 ms - 607[0m
2022-07-16 12:24:03 info: [0mPOST /api/users/user/62c2e800353557aac802d479 [32m200[0m 139.689 ms - 537[0m
2022-07-16 12:24:03 info: [0mPOST /api/users/user/62c2ed4d353557aac802d55f [32m200[0m 141.174 ms - 543[0m
2022-07-16 12:24:03 info: [0mPOST /api/users/user/62c2e800353557aac802d479 [32m200[0m 144.438 ms - 537[0m
2022-07-16 12:24:03 info: [0mGET /api/causas/obtenerCausas [32m201[0m 74.034 ms - -[0m
2022-07-16 12:24:03 info: [0mPOST /api/clients/getClientById [32m201[0m 70.308 ms - 607[0m
2022-07-16 12:24:03 info: [0mPOST /api/clients/getClientById [32m201[0m 70.035 ms - 607[0m
2022-07-16 12:24:03 info: [0mPOST /api/clients/getClientById [32m201[0m 71.598 ms - 607[0m
2022-07-16 12:24:03 info: [0mPOST /api/users/user/62c2e800353557aac802d479 [32m200[0m 139.696 ms - 537[0m
2022-07-16 12:24:03 info: [0mPOST /api/users/user/62c2e800353557aac802d479 [32m200[0m 142.994 ms - 537[0m
2022-07-16 12:24:03 info: [0mPOST /api/users/user/62c2ed4d353557aac802d55f [32m200[0m 141.674 ms - 543[0m
2022-07-16 12:24:04 info: [0mGET /api/causas/obtenerCausas [32m201[0m 70.586 ms - -[0m
2022-07-16 12:24:04 info: [0mPOST /api/clients/getClientById [32m201[0m 70.415 ms - 607[0m
2022-07-16 12:24:04 info: [0mPOST /api/clients/getClientById [32m201[0m 77.622 ms - 607[0m
2022-07-16 12:24:04 info: [0mPOST /api/clients/getClientById [32m201[0m 74.593 ms - 607[0m
2022-07-16 12:24:04 info: [0mPOST /api/users/user/62c2e800353557aac802d479 [32m200[0m 144.550 ms - 537[0m
2022-07-16 12:24:04 info: [0mPOST /api/users/user/62c2e800353557aac802d479 [32m200[0m 141.297 ms - 537[0m
2022-07-16 12:24:04 info: [0mPOST /api/clients/getClientById [32m201[0m 70.236 ms - 607[0m
2022-07-16 12:24:04 info: [0mPOST /api/users/user/62c2ed4d353557aac802d55f [32m200[0m 145.362 ms - 543[0m
2022-07-16 12:24:04 info: [0mPOST /api/clients/getClientById [32m201[0m 71.626 ms - 607[0m
2022-07-16 12:24:04 info: [0mPOST /api/clients/getClientById [32m201[0m 70.274 ms - 607[0m
2022-07-16 12:24:04 info: [0mPOST /api/users/user/62c2e800353557aac802d479 [32m200[0m 140.181 ms - 537[0m
2022-07-16 12:24:04 info: [0mPOST /api/users/user/62c2e800353557aac802d479 [32m200[0m 139.907 ms - 537[0m
2022-07-16 12:24:04 info: [0mPOST /api/users/user/62c2e800353557aac802d479 [32m200[0m 143.270 ms - 537[0m
2022-07-16 12:24:04 info: [0mPOST /api/users/user/62c2ed4d353557aac802d55f [32m200[0m 146.762 ms - 543[0m
2022-07-16 12:24:05 info: [0mPOST /api/users/user/62c2e800353557aac802d479 [32m200[0m 149.407 ms - 537[0m
2022-07-16 12:24:05 info: [0mPOST /api/users/user/62c2ed4d353557aac802d55f [32m200[0m 144.371 ms - 543[0m
2022-07-16 12:32:58 info: [0mGET /api/causas/obtenerCausas [32m201[0m 76.371 ms - -[0m
2022-07-16 12:32:59 info: [0mPOST /api/clients/getClientById [32m201[0m 74.993 ms - 607[0m
2022-07-16 12:32:59 info: [0mPOST /api/clients/getClientById [32m201[0m 72.613 ms - 607[0m
2022-07-16 12:32:59 info: [0mPOST /api/clients/getClientById [32m201[0m 77.905 ms - 607[0m
2022-07-16 12:32:59 info: [0mPOST /api/causas/obtenerCausasPorProcurador [32m201[0m 75.710 ms - -[0m
2022-07-16 12:32:59 info: [0mPOST /api/users/user/62c2e800353557aac802d479 [32m200[0m 144.543 ms - 537[0m
2022-07-16 12:32:59 info: [0mPOST /api/clients/getClientById [32m201[0m 72.515 ms - 607[0m
2022-07-16 12:32:59 info: [0mPOST /api/users/user/62c2e800353557aac802d479 [32m200[0m 148.708 ms - 537[0m
2022-07-16 12:32:59 info: [0mPOST /api/users/user/62c2ed4d353557aac802d55f [32m200[0m 148.630 ms - 543[0m
2022-07-16 12:32:59 info: [0mPOST /api/users/user/62c2e800353557aac802d479 [32m200[0m 152.716 ms - 537[0m
2022-07-16 12:34:10 info: [0mPOST /api/causas/obtenerCausasPorProcurador [32m201[0m 81.690 ms - -[0m
2022-07-16 12:34:10 info: [0mGET /api/causas/obtenerCausas [32m201[0m 79.606 ms - -[0m
2022-07-16 12:34:10 info: [0mPOST /api/clients/getClientById [32m201[0m 72.651 ms - 607[0m
2022-07-16 12:34:10 info: [0mPOST /api/clients/getClientById [32m201[0m 75.467 ms - 607[0m
2022-07-16 12:34:10 info: [0mPOST /api/clients/getClientById [32m201[0m 71.833 ms - 607[0m
2022-07-16 12:34:10 info: [0mPOST /api/clients/getClientById [32m201[0m 76.307 ms - 607[0m
2022-07-16 12:34:10 info: [0mPOST /api/users/user/62c2e800353557aac802d479 [32m200[0m 148.265 ms - 537[0m
2022-07-16 12:34:10 info: [0mPOST /api/users/user/62c2e800353557aac802d479 [32m200[0m 146.432 ms - 537[0m
2022-07-16 12:34:10 info: [0mPOST /api/users/user/62c2ed4d353557aac802d55f [32m200[0m 143.335 ms - 543[0m
2022-07-16 12:34:11 info: [0mPOST /api/users/user/62c2e800353557aac802d479 [32m200[0m 145.561 ms - 537[0m
2022-07-16 12:34:19 info: [0mGET /api/causas/obtenerCausas [32m201[0m 80.261 ms - -[0m
2022-07-16 12:34:19 info: [0mPOST /api/clients/getClientById [32m201[0m 81.252 ms - 607[0m
2022-07-16 12:34:19 info: [0mPOST /api/clients/getClientById [32m201[0m 77.192 ms - 607[0m
2022-07-16 12:34:19 info: [0mPOST /api/clients/getClientById [32m201[0m 76.346 ms - 607[0m
2022-07-16 12:34:19 info: [0mPOST /api/users/user/62c2e800353557aac802d479 [32m200[0m 147.257 ms - 537[0m
2022-07-16 12:34:19 info: [0mPOST /api/users/user/62c2e800353557aac802d479 [32m200[0m 149.001 ms - 537[0m
2022-07-16 12:34:19 info: [0mPOST /api/users/user/62c2ed4d353557aac802d55f [32m200[0m 145.483 ms - 543[0m
2022-07-16 12:34:49 info: [0mGET /api/causas/obtenerCausas [32m201[0m 78.769 ms - -[0m
2022-07-16 12:34:49 info: [0mPOST /api/causas/obtenerCausasPorProcurador [32m201[0m 75.817 ms - -[0m
2022-07-16 12:34:49 info: [0mPOST /api/clients/getClientById [32m201[0m 73.623 ms - 607[0m
2022-07-16 12:34:49 info: [0mPOST /api/clients/getClientById [32m201[0m 75.440 ms - 607[0m
2022-07-16 12:34:49 info: [0mPOST /api/clients/getClientById [32m201[0m 73.521 ms - 607[0m
2022-07-16 12:34:49 info: [0mPOST /api/clients/getClientById [32m201[0m 71.804 ms - 607[0m
2022-07-16 12:34:49 info: [0mPOST /api/users/user/62c2e800353557aac802d479 [32m200[0m 152.897 ms - 537[0m
2022-07-16 12:34:49 info: [0mPOST /api/users/user/62c2e800353557aac802d479 [32m200[0m 161.270 ms - 537[0m
2022-07-16 12:34:49 info: [0mPOST /api/users/user/62c2e800353557aac802d479 [32m200[0m 142.012 ms - 537[0m
2022-07-16 12:34:50 info: [0mPOST /api/users/user/62c2ed4d353557aac802d55f [32m200[0m 137.864 ms - 543[0m
2022-07-16 12:36:14 info: [0mGET /api/clients/getAllClients [36m304[0m 83.337 ms - -[0m
2022-07-16 12:36:14 info: [0mGET /api/causas/obtenerCausas [32m201[0m 95.966 ms - -[0m
2022-07-16 12:36:45 info: [0mGET /api/clients/getAllClients [36m304[0m 75.102 ms - -[0m
2022-07-16 12:36:45 info: [0mGET /api/causas/obtenerCausas [32m201[0m 79.282 ms - -[0m
2022-07-16 13:23:23 info: [0mGET /api/clients/getAllClients [36m304[0m 76.585 ms - -[0m
2022-07-16 13:23:23 info: [0mGET /api/causas/obtenerCausas [32m201[0m 80.279 ms - -[0m
2022-07-16 13:23:40 info: [0mGET /api/clients/getAllClients [36m304[0m 75.076 ms - -[0m
2022-07-16 13:23:40 info: [0mGET /api/causas/obtenerCausas [32m201[0m 79.144 ms - -[0m
2022-07-16 13:23:54 info: [0mGET /api/clients/getAllClients [36m304[0m 72.719 ms - -[0m
2022-07-16 13:23:54 info: [0mGET /api/causas/obtenerCausas [32m201[0m 77.261 ms - -[0m
2022-07-16 13:24:06 info: [0mGET /api/clients/getAllClients [36m304[0m 71.266 ms - -[0m
2022-07-16 13:24:06 info: [0mGET /api/causas/obtenerCausas [32m201[0m 76.579 ms - -[0m
2022-07-16 15:25:23 info: [0mGET /api/causas/obtenerCausas [32m201[0m 76.032 ms - -[0m
2022-07-16 15:25:24 info: [0mGET /api/causas/obtenerCausas [32m201[0m 80.967 ms - -[0m
2022-07-16 15:25:24 info: [0mPOST /api/clients/getClientById [32m201[0m 73.401 ms - 607[0m
2022-07-16 15:25:24 info: [0mPOST /api/clients/getClientById [32m201[0m 80.488 ms - 607[0m
2022-07-16 15:25:24 info: [0mPOST /api/clients/getClientById [32m201[0m 80.340 ms - 607[0m
2022-07-16 15:25:24 info: [0mPOST /api/clients/getClientById [32m201[0m 83.875 ms - 607[0m
2022-07-16 15:25:24 info: [0mPOST /api/clients/getClientById [32m201[0m 85.014 ms - 607[0m
2022-07-16 15:25:24 info: [0mPOST /api/clients/getClientById [32m201[0m 89.693 ms - 607[0m
2022-07-16 15:25:24 info: [0mPOST /api/users/user/62c2ed4d353557aac802d55f [32m200[0m 148.865 ms - 543[0m
2022-07-16 15:25:24 info: [0mPOST /api/users/user/62c2e800353557aac802d479 [32m200[0m 148.216 ms - 537[0m
2022-07-16 15:25:24 info: [0mPOST /api/users/user/62c2e800353557aac802d479 [32m200[0m 153.046 ms - 537[0m
2022-07-16 15:25:24 info: [0mPOST /api/users/user/62c2e800353557aac802d479 [32m200[0m 150.816 ms - 537[0m
2022-07-16 15:25:25 info: [0mPOST /api/users/user/62c2ed4d353557aac802d55f [32m200[0m 142.058 ms - 543[0m
2022-07-16 15:25:25 info: [0mPOST /api/users/user/62c2e800353557aac802d479 [32m200[0m 148.153 ms - 537[0m
2022-07-16 15:25:25 info: [0mGET /api/clients/getAllClients [36m304[0m 69.479 ms - -[0m
2022-07-16 15:25:25 info: [0mGET /api/causas/obtenerCausas [32m201[0m 74.406 ms - -[0m
2022-07-16 15:25:25 info: [0mGET /api/clients/getAllClients [36m304[0m 70.397 ms - -[0m
2022-07-16 15:25:25 info: [0mGET /api/causas/obtenerCausas [32m201[0m 77.575 ms - -[0m
2022-07-16 15:25:26 info: [0mGET /api/clients/getAllClients [36m304[0m 72.364 ms - -[0m
2022-07-16 15:25:26 info: [0mGET /api/causas/obtenerCausas [32m201[0m 79.319 ms - -[0m
2022-07-16 15:25:26 info: [0mGET /api/clients/getAllClients [36m304[0m 69.815 ms - -[0m
2022-07-16 15:25:26 info: [0mGET /api/causas/obtenerCausas [32m201[0m 79.291 ms - -[0m
2022-07-16 15:25:27 info: [0mGET /api/clients/getAllClients [36m304[0m 71.285 ms - -[0m
2022-07-16 15:25:27 info: [0mGET /api/causas/obtenerCausas [32m201[0m 76.462 ms - -[0m
2022-07-16 15:25:27 info: [0mGET /api/causas/obtenerCausas [32m201[0m 73.578 ms - -[0m
2022-07-16 15:25:27 info: [0mGET /api/clients/getAllClients [36m304[0m 77.112 ms - -[0m
2022-07-16 15:25:27 info: [0mGET /api/causas/obtenerCausas [32m201[0m 75.858 ms - -[0m
2022-07-16 15:25:28 info: [0mPOST /api/clients/getClientById [32m201[0m 75.734 ms - 607[0m
2022-07-16 15:25:28 info: [0mGET /api/causas/obtenerCausas [32m201[0m 76.239 ms - -[0m
2022-07-16 15:25:28 info: [0mPOST /api/clients/getClientById [32m201[0m 76.625 ms - 607[0m
2022-07-16 15:25:28 info: [0mPOST /api/clients/getClientById [32m201[0m 81.267 ms - 607[0m
2022-07-16 15:25:28 info: [0mPOST /api/clients/getClientById [32m201[0m 74.309 ms - 607[0m
2022-07-16 15:25:28 info: [0mPOST /api/clients/getClientById [32m201[0m 82.342 ms - 607[0m
2022-07-16 15:25:28 info: [0mPOST /api/clients/getClientById [32m201[0m 80.884 ms - 607[0m
2022-07-16 15:25:28 info: [0mPOST /api/users/user/62c2e800353557aac802d479 [32m200[0m 148.977 ms - 537[0m
2022-07-16 15:25:28 info: [0mPOST /api/users/user/62c2ed4d353557aac802d55f [32m200[0m 143.389 ms - 543[0m
2022-07-16 15:25:28 info: [0mPOST /api/users/user/62c2e800353557aac802d479 [32m200[0m 147.348 ms - 537[0m
2022-07-16 15:25:29 info: [0mPOST /api/users/user/62c2e800353557aac802d479 [32m200[0m 138.367 ms - 537[0m
2022-07-16 15:25:29 info: [0mPOST /api/users/user/62c2e800353557aac802d479 [32m200[0m 141.576 ms - 537[0m
2022-07-16 15:25:29 info: [0mPOST /api/users/user/62c2ed4d353557aac802d55f [32m200[0m 143.480 ms - 543[0m
2022-07-16 15:25:32 info: [0mPOST /api/clients/getClientById [32m201[0m 71.779 ms - 607[0m
2022-07-16 15:25:32 info: [0mPOST /api/users/user/62c2e800353557aac802d479 [32m200[0m 151.618 ms - 537[0m
2022-07-16 15:25:38 info: [0mPOST /api/clients/getClientById [32m201[0m 80.736 ms - 607[0m
2022-07-16 15:25:39 info: [0mPOST /api/users/user/62c2e800353557aac802d479 [32m200[0m 143.148 ms - 537[0m
2022-07-16 15:25:44 info: [0mPOST /api/clients/getClientById [32m201[0m 72.771 ms - 607[0m
2022-07-16 15:25:44 info: [0mPOST /api/users/user/62c2e800353557aac802d479 [32m200[0m 149.888 ms - 537[0m
2022-07-16 15:26:23 info: [0mPOST /api/clients/getClientById [32m201[0m 76.800 ms - 607[0m
2022-07-16 15:26:23 info: [0mPOST /api/users/user/62c2ed4d353557aac802d55f [32m200[0m 153.818 ms - 543[0m
2022-07-16 15:26:28 info: [0mPOST /api/clients/getClientById [32m201[0m 72.101 ms - 607[0m
2022-07-16 15:26:28 info: [0mPOST /api/users/user/62c2e800353557aac802d479 [32m200[0m 157.168 ms - 537[0m
2022-07-16 15:26:44 info: [0mGET /api/clients/getAllClients [36m304[0m 74.846 ms - -[0m
2022-07-16 15:26:45 info: [0mGET /api/causas/obtenerCausas [32m201[0m 78.503 ms - -[0m
2022-07-16 15:26:45 info: [0mGET /api/clients/getAllClients [36m304[0m 77.897 ms - -[0m
2022-07-16 15:26:45 info: [0mGET /api/causas/obtenerCausas [32m201[0m 74.969 ms - -[0m
2022-07-16 15:26:45 info: [0mGET /api/clients/getAllClients [36m304[0m 73.390 ms - -[0m
2022-07-16 15:26:45 info: [0mGET /api/causas/obtenerCausas [32m201[0m 77.196 ms - -[0m
2022-07-16 15:26:46 info: [0mGET /api/clients/getAllClients [36m304[0m 73.198 ms - -[0m
2022-07-16 15:26:46 info: [0mGET /api/causas/obtenerCausas [32m201[0m 77.247 ms - -[0m
2022-07-16 15:26:46 info: [0mGET /api/clients/getAllClients [36m304[0m 74.025 ms - -[0m
2022-07-16 15:26:46 info: [0mGET /api/causas/obtenerCausas [32m201[0m 74.387 ms - -[0m
2022-07-16 15:26:46 info: [0mGET /api/clients/getAllClients [36m304[0m 73.486 ms - -[0m
2022-07-16 15:26:47 info: [0mGET /api/causas/obtenerCausas [32m201[0m 76.158 ms - -[0m
2022-07-16 15:32:24 info: [0mGET /api/users/getUsers [32m200[0m 80.020 ms - -[0m
2022-07-16 15:33:44 info: [0mGET /api/users/getUsers [36m304[0m 93.518 ms - -[0m
2022-07-16 15:34:39 info: [0mGET /api/users/getUsers [36m304[0m 77.118 ms - -[0m
2022-07-16 15:35:00 info: [0mGET /api/users/getUsers [36m304[0m 81.235 ms - -[0m
2022-07-16 15:35:03 info: [0mGET /api/users/getUsers [36m304[0m 80.030 ms - -[0m
2022-07-16 15:35:48 info: [0mGET /api/users/getUsers [36m304[0m 78.096 ms - -[0m
2022-07-16 15:36:22 info: [0mGET /api/users/getUsers [36m304[0m 76.947 ms - -[0m
2022-07-16 15:36:22 info: [0mGET /api/users/getUsers [36m304[0m 76.933 ms - -[0m
2022-07-16 15:36:23 info: [0mGET /api/clients/getAllClients [36m304[0m 80.882 ms - -[0m
2022-07-16 15:36:46 info: [0mGET /api/clients/getAllClients [36m304[0m 72.733 ms - -[0m
2022-07-16 15:36:46 info: [0mGET /api/causas/obtenerCausas [32m201[0m 82.193 ms - -[0m
2022-07-16 15:36:48 info: [0mGET /api/clients/getAllClients [36m304[0m 90.322 ms - -[0m
2022-07-16 15:36:50 info: [0mGET /api/causas/obtenerCausas [32m201[0m 81.537 ms - -[0m
2022-07-16 15:36:50 info: [0mPOST /api/clients/getClientById [32m201[0m 77.366 ms - 607[0m
2022-07-16 15:36:50 info: [0mPOST /api/clients/getClientById [32m201[0m 74.023 ms - 607[0m
2022-07-16 15:36:50 info: [0mPOST /api/clients/getClientById [32m201[0m 77.755 ms - 607[0m
2022-07-16 15:36:50 info: [0mPOST /api/users/user/62c2e800353557aac802d479 [32m200[0m 162.030 ms - 537[0m
2022-07-16 15:36:51 info: [0mPOST /api/users/user/62c2e800353557aac802d479 [32m200[0m 142.679 ms - 537[0m
2022-07-16 15:36:51 info: [0mPOST /api/users/user/62c2ed4d353557aac802d55f [32m200[0m 144.453 ms - 543[0m
