2022-10-14 12:21:18 info: =================================
2022-10-14 12:21:18 info: ======= ENV: development =======
2022-10-14 12:21:18 info: 🚀 App listening on the port 5103
2022-10-14 12:21:18 info: =================================
2022-10-14 12:21:57 info: [0mGET /api/clients/getClients [32m200[0m 246.981 ms - -[0m
2022-10-14 12:36:41 info: [0mGET /api/orders/getWorkOrders [32m201[0m 344.511 ms - -[0m
2022-10-14 13:49:29 info: [0mGET /api/clients/getClients [36m304[0m 280.542 ms - -[0m
2022-10-14 13:49:36 info: [0mGET /api/clients/getClients [32m200[0m 228.773 ms - -[0m
2022-10-14 16:39:35 info: =================================
2022-10-14 16:39:35 info: ======= ENV: development =======
2022-10-14 16:39:35 info: 🚀 App listening on the port 5103
2022-10-14 16:39:35 info: =================================
2022-10-14 16:41:39 info: =================================
2022-10-14 16:41:39 info: ======= ENV: development =======
2022-10-14 16:41:39 info: 🚀 App listening on the port 5103
2022-10-14 16:41:39 info: =================================
2022-10-14 16:44:20 info: =================================
2022-10-14 16:44:20 info: ======= ENV: development =======
2022-10-14 16:44:20 info: 🚀 App listening on the port 5103
2022-10-14 16:44:20 info: =================================
2022-10-14 17:21:47 info: =================================
2022-10-14 17:21:47 info: ======= ENV: development =======
2022-10-14 17:21:47 info: 🚀 App listening on the port 5103
2022-10-14 17:21:47 info: =================================
2022-10-14 17:22:32 info: =================================
2022-10-14 17:22:32 info: ======= ENV: development =======
2022-10-14 17:22:32 info: 🚀 App listening on the port 5103
2022-10-14 17:22:32 info: =================================
2022-10-14 18:41:53 info: =================================
2022-10-14 18:41:53 info: ======= ENV: development =======
2022-10-14 18:41:53 info: 🚀 App listening on the port 5103
2022-10-14 18:41:53 info: =================================
2022-10-14 18:41:56 info: [0mGET /main.183a7397f2757980cf16.hot-update.json [32m200[0m 21.521 ms - 882[0m
2022-10-14 18:41:56 info: [0mGET /main.183a7397f2757980cf16.hot-update.json [32m200[0m 15.698 ms - 882[0m
2022-10-14 18:42:09 error: [POST] /api/users/editUser >> StatusCode:: 401, Message:: Wrong authentication token
2022-10-14 18:42:09 info: [0mPOST /api/users/editUser [33m401[0m 43.432 ms - 40[0m
2022-10-14 18:42:16 info: [0mPOST /api/logout [32m200[0m 74.481 ms - 445[0m
2022-10-14 18:42:27 info: [0mGET /api/clients/getClients [32m200[0m 275.201 ms - -[0m
2022-10-14 18:42:30 info: [0mGET /api/users/getUsers [36m304[0m 153.327 ms - -[0m
2022-10-14 18:42:52 info: [0mPOST /api/login [32m200[0m 142.634 ms - 627[0m
2022-10-14 18:43:08 info: [0mPOST /api/users/editUser [32m200[0m 176.686 ms - 446[0m
2022-10-14 18:44:27 info: [0mPOST /api/orders/getWoByUserId [32m201[0m 350.377 ms - -[0m
2022-10-14 18:44:28 info: [0mPOST /api/orders/getWoById [32m201[0m 239.844 ms - -[0m
2022-10-14 18:44:46 info: [0mGET /api/users/getUsers [32m200[0m 154.356 ms - -[0m
2022-10-14 18:44:53 info: [0mPOST /api/logout [32m200[0m 75.845 ms - 403[0m
2022-10-14 18:48:00 info: [0mPOST /api/login [32m200[0m 152.168 ms - 585[0m
2022-10-14 18:48:01 info: [0mGET /api/clients/getClients [32m200[0m 241.768 ms - -[0m
2022-10-14 18:49:06 info: [0mGET /api/users/getUsers [32m200[0m 154.398 ms - -[0m
2022-10-14 18:49:39 info: [0mGET /api/users/getUsers [36m304[0m 146.353 ms - -[0m
2022-10-14 18:49:56 info: [0mGET /api/users/getUsers [36m304[0m 153.577 ms - -[0m
2022-10-14 18:51:05 info: [0mGET /api/clients/getClients [36m304[0m 222.704 ms - -[0m
2022-10-14 18:53:58 info: [0mGET /api/orders/getWorkOrders [32m201[0m 260.824 ms - -[0m
2022-10-14 18:54:33 info: [0mGET /api/clients/getClients [36m304[0m 221.574 ms - -[0m
2022-10-14 18:54:34 info: [0mGET /api/users/getSupervisores [32m200[0m 146.624 ms - 463[0m
2022-10-14 18:54:35 info: [0mGET /api/users/getOperadores [32m200[0m 159.597 ms - -[0m
2022-10-14 18:54:35 info: [0mPOST /api/orders/getWoById [32m201[0m 235.995 ms - -[0m
2022-10-14 18:54:36 info: [0mPOST /api/clients/getClientById [32m200[0m 212.844 ms - 914[0m
2022-10-14 18:54:36 info: [0mPOST /api/templates/getTemplateByContract [32m201[0m 164.181 ms - -[0m
2022-10-14 18:54:41 info: [0mGET /api/clients/getClients [36m304[0m 223.307 ms - -[0m
2022-10-14 18:54:42 info: [0mGET /api/users/getSupervisores [36m304[0m 152.350 ms - -[0m
2022-10-14 18:54:42 info: [0mGET /api/users/getOperadores [36m304[0m 144.338 ms - -[0m
2022-10-14 18:54:43 info: [0mPOST /api/orders/getWoById [32m201[0m 237.028 ms - -[0m
2022-10-14 18:54:43 info: [0mPOST /api/clients/getClientById [32m200[0m 214.516 ms - 914[0m
2022-10-14 18:54:44 info: [0mPOST /api/templates/getTemplateByContract [32m201[0m 153.917 ms - -[0m
2022-10-14 18:55:03 info: [0mGET /api/clients/getClients [36m304[0m 231.545 ms - -[0m
2022-10-14 18:55:04 info: [0mGET /api/users/getSupervisores [36m304[0m 144.405 ms - -[0m
2022-10-14 18:55:04 info: [0mGET /api/users/getOperadores [36m304[0m 146.929 ms - -[0m
2022-10-14 18:55:05 info: [0mPOST /api/orders/getWoById [32m201[0m 232.766 ms - -[0m
2022-10-14 18:55:05 info: [0mPOST /api/clients/getClientById [32m200[0m 208.098 ms - 914[0m
2022-10-14 18:55:06 info: [0mPOST /api/templates/getTemplateByContract [32m201[0m 146.766 ms - -[0m
2022-10-14 18:55:20 info: [0mGET /api/templates/getTemplates [32m201[0m 235.144 ms - -[0m
2022-10-14 18:55:20 info: [0mGET /api/clients/getClients [36m304[0m 217.271 ms - -[0m
2022-10-14 18:55:30 info: [0mPOST /api/templates/createTemplate [32m201[0m 200.538 ms - 333[0m
2022-10-14 18:55:39 info: [0mPOST /api/templates/createTemplate [32m201[0m 462.414 ms - 333[0m
2022-10-14 18:57:55 error: [POST] /api/templates/saveTemplate >> StatusCode:: 500, Message:: Cannot read property '_id' of null
2022-10-14 18:57:55 info: [0mPOST /api/templates/saveTemplate [31m500[0m 171.793 ms - 48[0m
2022-10-14 19:01:08 info: [0mPOST /api/templates/saveTemplate [32m201[0m 195.556 ms - 66[0m
2022-10-14 19:01:59 info: [0mGET /api/clients/getClients [36m304[0m 228.743 ms - -[0m
2022-10-14 19:01:59 info: [0mGET /api/users/getSupervisores [36m304[0m 142.814 ms - -[0m
2022-10-14 19:02:00 info: [0mGET /api/users/getOperadores [36m304[0m 141.291 ms - -[0m
2022-10-14 19:02:00 info: [0mGET /api/orders/getNumberWorkOrders [32m201[0m 145.788 ms - 49[0m
2022-10-14 19:02:13 info: [0mPOST /api/clients/getClientById [32m200[0m 334.235 ms - 914[0m
2022-10-14 19:02:18 info: [0mPOST /api/templates/getTemplateByContract [32m201[0m 159.469 ms - -[0m
2022-10-14 19:02:51 info: [0mPOST /api/orders/saveOrder [32m201[0m 254.149 ms - 556[0m
2022-10-14 19:02:57 info: [0mGET /api/orders/getWorkOrders [32m201[0m 254.643 ms - -[0m
2022-10-14 19:03:06 info: [0mGET /api/templates/getTemplates [32m201[0m 233.102 ms - -[0m
2022-10-14 19:03:07 info: [0mGET /api/clients/getClients [36m304[0m 220.885 ms - -[0m
2022-10-14 19:06:13 info: [0mPOST /api/logout [32m200[0m 73.840 ms - 403[0m
2022-10-14 19:06:43 info: [0mPOST /api/login [32m200[0m 131.075 ms - 585[0m
2022-10-14 19:06:45 info: [0mGET /api/clients/getClients [36m304[0m 241.330 ms - -[0m
2022-10-14 19:07:31 info: [0mGET /api/users/getUsers [36m304[0m 150.339 ms - -[0m
2022-10-14 19:08:04 info: [0mGET /api/clients/getClients [36m304[0m 223.719 ms - -[0m
2022-10-14 19:09:12 info: [0mGET /api/orders/getWorkOrders [32m201[0m 241.104 ms - -[0m
2022-10-14 19:09:16 info: [0mGET /api/templates/getTemplates [32m201[0m 231.173 ms - -[0m
2022-10-14 19:09:17 info: [0mGET /api/clients/getClients [36m304[0m 222.729 ms - -[0m
2022-10-14 19:10:20 info: [0mGET /api/clients/getClients [36m304[0m 224.768 ms - -[0m
2022-10-14 19:10:20 info: [0mGET /api/users/getSupervisores [36m304[0m 146.270 ms - -[0m
2022-10-14 19:10:21 info: [0mGET /api/users/getOperadores [36m304[0m 148.357 ms - -[0m
2022-10-14 19:10:21 info: [0mGET /api/orders/getNumberWorkOrders [32m201[0m 147.465 ms - 49[0m
2022-10-14 19:10:30 info: [0mPOST /api/clients/getClientById [32m200[0m 219.172 ms - 914[0m
2022-10-14 19:10:32 info: [0mPOST /api/templates/getTemplateByContract [32m201[0m 168.900 ms - -[0m
2022-10-14 19:10:54 info: [0mPOST /api/orders/saveOrder [32m201[0m 223.794 ms - 564[0m
2022-10-14 19:10:57 info: [0mGET /api/clients/getClients [36m304[0m 230.770 ms - -[0m
2022-10-14 19:11:01 info: [0mGET /api/orders/getWorkOrders [32m201[0m 245.587 ms - -[0m
2022-10-14 19:18:26 info: =================================
2022-10-14 19:18:26 info: ======= ENV: development =======
2022-10-14 19:18:26 info: 🚀 App listening on the port 5103
2022-10-14 19:18:26 info: =================================
2022-10-14 19:19:09 error: [POST] /api/users/editUser >> StatusCode:: 401, Message:: Wrong authentication token
2022-10-14 19:19:09 info: [0mPOST /api/users/editUser [33m401[0m 33.707 ms - 40[0m
2022-10-14 19:19:13 info: [0mPOST /api/logout [32m200[0m 78.037 ms - 445[0m
2022-10-14 19:19:18 info: [0mGET /api/clients/getClients [32m200[0m 315.001 ms - -[0m
2022-10-14 19:20:13 info: [0mGET /api/users/getUsers [32m200[0m 158.130 ms - -[0m
2022-10-14 19:21:34 error: [POST] /api/users/editUser >> StatusCode:: 401, Message:: Wrong authentication token
2022-10-14 19:21:34 info: [0mPOST /api/users/editUser [33m401[0m 2.045 ms - 40[0m
2022-10-14 19:21:44 error: [POST] /api/orders/getWoByUserId >> StatusCode:: 401, Message:: Wrong authentication token
2022-10-14 19:21:44 info: [0mPOST /api/orders/getWoByUserId [33m401[0m 2.699 ms - 40[0m
2022-10-14 19:21:50 error: [POST] /api/orders/getWoByUserId >> StatusCode:: 401, Message:: Wrong authentication token
2022-10-14 19:21:50 info: [0mPOST /api/orders/getWoByUserId [33m401[0m 1.989 ms - 40[0m
2022-10-14 19:22:00 info: [0mPOST /api/logout [32m200[0m 74.896 ms - 445[0m
2022-10-14 19:23:32 error: [POST] /api/users/editUser >> StatusCode:: 401, Message:: Wrong authentication token
2022-10-14 19:23:32 info: [0mPOST /api/users/editUser [33m401[0m 1.986 ms - 40[0m
2022-10-14 19:23:34 error: [POST] /api/orders/getWoByUserId >> StatusCode:: 401, Message:: Wrong authentication token
2022-10-14 19:23:34 info: [0mPOST /api/orders/getWoByUserId [33m401[0m 1.444 ms - 40[0m
2022-10-14 19:23:40 info: [0mPOST /api/logout [32m200[0m 77.901 ms - 445[0m
2022-10-14 19:23:53 info: [0mPOST /api/login [32m200[0m 177.785 ms - 627[0m
2022-10-14 19:24:04 info: [0mPOST /api/users/editUser [32m200[0m 176.046 ms - 446[0m
2022-10-14 19:24:22 info: [0mPOST /api/logout [32m200[0m 78.807 ms - 445[0m
2022-10-14 19:25:38 error: [POST] /api/users/editUser >> StatusCode:: 401, Message:: Wrong authentication token
2022-10-14 19:25:38 info: [0mPOST /api/users/editUser [33m401[0m 2.647 ms - 40[0m
2022-10-14 19:25:40 info: [0mPOST /api/logout [32m200[0m 79.395 ms - 445[0m
2022-10-14 19:26:50 error: [POST] /api/login >> StatusCode:: 409, Message:: Email ekenobi@email.com no encontrado
2022-10-14 19:26:50 info: [0mPOST /api/login [33m409[0m 72.659 ms - 51[0m
2022-10-14 19:27:02 info: [0mPOST /api/login [32m200[0m 132.351 ms - 627[0m
2022-10-14 19:27:31 info: [0mPOST /api/users/editUser [32m200[0m 161.807 ms - 446[0m
2022-10-14 19:27:34 info: [0mPOST /api/orders/getWoByUserId [32m201[0m 346.351 ms - -[0m
2022-10-14 19:27:45 info: [0mPOST /api/orders/getWoById [32m201[0m 250.449 ms - -[0m
2022-10-14 19:28:10 info: [0mPOST /api/orders/getWoById [32m201[0m 248.245 ms - -[0m
2022-10-14 19:30:05 info: [0mPOST /api/logout [32m200[0m 298.898 ms - -[0m
2022-10-14 22:13:08 info: [0mPOST /api/login [32m200[0m 144.244 ms - -[0m
2022-10-14 22:13:17 info: [0mPOST /api/users/editUser [32m200[0m 187.175 ms - -[0m
2022-10-14 22:13:36 info: [0mPOST /api/logout [32m200[0m 75.570 ms - -[0m
2022-10-14 22:13:38 info: [0mPOST /api/login [32m200[0m 132.801 ms - -[0m
2022-10-14 22:16:31 info: [0mPOST /api/logout [32m200[0m 86.437 ms - 445[0m
2022-10-14 22:16:39 info: [0mPOST /api/login [32m200[0m 129.999 ms - 627[0m
2022-10-14 22:16:46 info: [0mPOST /api/users/editUser [32m200[0m 159.832 ms - 446[0m
2022-10-14 22:16:50 info: [0mPOST /api/logout [32m200[0m 80.312 ms - -[0m
2022-10-14 22:16:51 info: [0mPOST /api/login [32m200[0m 133.132 ms - -[0m
2022-10-14 22:17:00 info: [0mPOST /api/logout [32m200[0m 76.716 ms - -[0m
2022-10-14 22:19:44 info: [0mPOST /api/login [32m200[0m 127.404 ms - 627[0m
2022-10-14 22:20:41 info: [0mPOST /api/users/editUser [32m200[0m 161.928 ms - 446[0m
2022-10-14 22:20:52 info: [0mPOST /api/orders/getWoByUserId [32m201[0m 247.028 ms - -[0m
2022-10-14 22:21:03 info: [0mPOST /api/orders/getWoById [32m201[0m 244.200 ms - -[0m
2022-10-14 22:23:14 info: [0mPOST /api/orders/getWoById [32m201[0m 243.041 ms - -[0m
2022-10-14 22:23:24 info: [0mPOST /api/orders/getWoById [32m201[0m 245.165 ms - -[0m
2022-10-14 22:24:43 info: [0mPOST /api/logout [32m200[0m 76.266 ms - -[0m
2022-10-14 22:45:00 info: [0mPOST /api/login [32m200[0m 174.070 ms - 585[0m
2022-10-14 22:45:02 info: [0mGET /api/clients/getClients [36m304[0m 254.783 ms - -[0m
2022-10-14 22:45:06 info: [0mGET /api/orders/getWorkOrders [32m201[0m 270.302 ms - -[0m
2022-10-14 22:45:08 info: [0mGET /api/templates/getTemplates [32m201[0m 244.123 ms - -[0m
2022-10-14 22:45:09 info: [0mGET /api/clients/getClients [36m304[0m 224.328 ms - -[0m
