2022-10-05 08:55:14 info: [0mGET /api/orders/getWorkOrders [32m201[0m 827.367 ms - -[0m
2022-10-05 08:55:15 info: [0mGET /api/templates/getTemplates [32m201[0m 139.321 ms - -[0m
2022-10-05 08:55:22 info: =================================
2022-10-05 08:55:22 info: ======= ENV: development =======
2022-10-05 08:55:22 info: 🚀 App listening on the port 5103
2022-10-05 08:55:22 info: =================================
2022-10-05 09:08:20 info: [0mGET /api/templates/getTemplates [32m201[0m 194.564 ms - -[0m
2022-10-05 09:10:49 info: [0mGET /api/templates/getTemplates [32m201[0m 152.005 ms - -[0m
2022-10-05 09:49:46 info: [0mGET /api/templates/getTemplates [32m201[0m 164.058 ms - -[0m
2022-10-05 09:51:55 info: [0mGET /api/templates/getTemplates [32m201[0m 157.502 ms - -[0m
2022-10-05 09:52:53 info: [0mGET /api/templates/getTemplates [32m201[0m 155.822 ms - -[0m
2022-10-05 09:53:08 info: [0mGET /api/templates/getTemplates [32m201[0m 149.320 ms - -[0m
2022-10-05 09:53:31 info: [0mGET /api/templates/getTemplates [32m201[0m 168.604 ms - -[0m
2022-10-05 09:56:38 info: [0mGET /api/templates/getTemplates [32m201[0m 152.169 ms - -[0m
2022-10-05 11:06:34 info: =================================
2022-10-05 11:06:34 info: ======= ENV: development =======
2022-10-05 11:06:34 info: 🚀 App listening on the port 5103
2022-10-05 11:06:34 info: =================================
2022-10-05 11:06:49 info: [0mGET /api/clients/getClients [32m200[0m 292.804 ms - -[0m
2022-10-05 11:06:54 info: [0mGET /api/orders/getWorkOrders [32m201[0m 253.002 ms - -[0m
2022-10-05 11:06:56 info: [0mGET /api/templates/getTemplates [32m201[0m 160.703 ms - -[0m
2022-10-05 11:45:44 info: [0mGET /api/templates/getTemplates [32m201[0m 181.747 ms - -[0m
2022-10-05 11:56:05 info: [0mGET /api/templates/getTemplates [32m201[0m 155.936 ms - -[0m
2022-10-05 12:04:13 info: [0mGET /api/templates/getTemplates [32m201[0m 153.340 ms - -[0m
2022-10-05 12:04:20 info: [0mGET /api/templates/getTemplates [32m201[0m 150.978 ms - -[0m
2022-10-05 12:08:48 info: [0mGET /api/templates/getTemplates [32m201[0m 148.230 ms - -[0m
2022-10-05 12:09:15 info: [0mPOST /api/templates/saveTemplate [32m201[0m 244.977 ms - 66[0m
2022-10-05 12:10:29 info: [0mPOST /api/templates/saveTemplate [32m201[0m 153.715 ms - 66[0m
2022-10-05 12:29:55 info: [0mPOST /api/templates/saveTemplate [32m201[0m 160.880 ms - 66[0m
2022-10-05 12:30:03 info: [0mPOST /api/templates/saveTemplate [32m201[0m 148.735 ms - 66[0m
2022-10-05 12:33:39 info: [0mPOST /api/templates/saveTemplate [32m201[0m 174.332 ms - 66[0m
2022-10-05 12:34:59 info: [0mPOST /api/templates/saveTemplate [32m201[0m 162.031 ms - 66[0m
2022-10-05 12:37:29 info: [0mPOST /api/templates/saveTemplate [32m201[0m 215.485 ms - 66[0m
2022-10-05 12:37:42 info: [0mGET /api/templates/getTemplates [32m201[0m 152.127 ms - -[0m
2022-10-05 12:38:40 info: [0mGET /api/templates/getTemplates [32m201[0m 154.415 ms - -[0m
2022-10-05 12:39:21 info: [0mGET /api/templates/getTemplates [32m201[0m 141.686 ms - -[0m
2022-10-05 12:39:28 info: [0mPOST /api/templates/saveTemplate [32m201[0m 160.168 ms - 66[0m
2022-10-05 12:39:32 info: [0mGET /api/templates/getTemplates [32m201[0m 150.860 ms - -[0m
2022-10-05 12:40:59 info: [0mGET /api/templates/getTemplates [32m201[0m 168.700 ms - -[0m
2022-10-05 12:43:00 info: [0mGET /api/templates/getTemplates [32m201[0m 149.061 ms - -[0m
2022-10-05 12:45:25 info: [0mGET /api/templates/getTemplates [32m201[0m 156.972 ms - -[0m
2022-10-05 12:45:50 info: [0mGET /api/templates/getTemplates [32m201[0m 149.538 ms - -[0m
2022-10-05 12:53:51 info: [0mGET /api/templates/getTemplates [32m201[0m 147.527 ms - -[0m
2022-10-05 12:54:54 info: [0mGET /api/templates/getTemplates [32m201[0m 159.886 ms - -[0m
2022-10-05 12:56:55 info: [0mGET /api/templates/getTemplates [32m201[0m 169.778 ms - -[0m
2022-10-05 13:03:06 info: [0mGET /api/templates/getTemplates [32m201[0m 151.350 ms - -[0m
2022-10-05 13:03:44 info: [0mGET /api/templates/getTemplates [32m201[0m 149.018 ms - -[0m
2022-10-05 13:50:41 info: [0mGET /api/templates/getTemplates [32m201[0m 205.841 ms - -[0m
2022-10-05 15:23:24 info: [0mGET /api/templates/getTemplates [32m201[0m 196.988 ms - -[0m
2022-10-05 15:23:35 info: [0mGET /api/templates/getTemplates [32m201[0m 149.094 ms - -[0m
2022-10-05 15:37:41 info: [0mGET /api/templates/getTemplates [32m201[0m 150.762 ms - -[0m
2022-10-05 15:38:13 info: [0mGET /api/templates/getTemplates [32m201[0m 144.951 ms - -[0m
2022-10-05 15:40:39 info: [0mGET /api/templates/getTemplates [32m201[0m 152.526 ms - -[0m
2022-10-05 15:46:09 info: [0mGET /api/templates/getTemplates [32m201[0m 154.180 ms - -[0m
2022-10-05 15:46:31 info: [0mPOST /api/templates/saveTemplate [32m201[0m 204.225 ms - 66[0m
2022-10-05 15:46:37 info: [0mGET /api/templates/getTemplates [32m201[0m 149.983 ms - -[0m
2022-10-05 15:56:00 info: [0mGET /api/templates/getTemplates [32m201[0m 160.636 ms - -[0m
2022-10-05 15:56:21 info: [0mGET /api/templates/getTemplates [32m201[0m 158.805 ms - -[0m
2022-10-05 16:30:31 info: [0mGET /api/templates/getTemplates [32m201[0m 185.717 ms - -[0m
2022-10-05 16:30:54 info: [0mGET /api/templates/getTemplates [32m201[0m 145.091 ms - -[0m
2022-10-05 16:31:02 info: [0mPOST /api/templates/saveTemplate [32m201[0m 163.627 ms - 66[0m
2022-10-05 16:31:08 info: [0mGET /api/templates/getTemplates [32m201[0m 158.047 ms - -[0m
2022-10-05 16:32:38 info: [0mGET /api/templates/getTemplates [32m201[0m 148.005 ms - -[0m
2022-10-05 16:32:45 info: [0mPOST /api/templates/saveTemplate [32m201[0m 174.383 ms - 66[0m
2022-10-05 16:32:53 info: [0mPOST /api/templates/saveTemplate [32m201[0m 156.465 ms - 66[0m
2022-10-05 16:33:00 info: [0mGET /api/templates/getTemplates [32m201[0m 153.334 ms - -[0m
2022-10-05 16:37:27 info: [0mGET /api/templates/getTemplates [32m201[0m 158.434 ms - -[0m
2022-10-05 16:38:11 info: [0mPOST /api/templates/saveTemplate [32m201[0m 153.626 ms - 66[0m
2022-10-05 16:38:13 info: [0mPOST /api/templates/saveTemplate [32m201[0m 149.186 ms - 66[0m
2022-10-05 16:38:15 info: [0mPOST /api/templates/saveTemplate [32m201[0m 164.906 ms - 66[0m
2022-10-05 16:38:21 info: [0mGET /api/templates/getTemplates [32m201[0m 145.489 ms - 864[0m
2022-10-05 16:38:28 info: [0mPOST /api/templates/saveTemplate [32m201[0m 150.177 ms - 66[0m
2022-10-05 16:38:33 info: [0mGET /api/templates/getTemplates [32m201[0m 145.489 ms - -[0m
