2022-07-03 20:03:49 info: =================================
2022-07-03 20:03:49 info: ======= ENV: development =======
2022-07-03 20:03:49 info: 🚀 App listening on the port 5101
2022-07-03 20:03:49 info: =================================
2022-07-03 20:04:16 info: =================================
2022-07-03 20:04:16 info: ======= ENV: development =======
2022-07-03 20:04:16 info: 🚀 App listening on the port 5101
2022-07-03 20:04:16 info: =================================
2022-07-03 20:09:58 info: =================================
2022-07-03 20:09:58 info: ======= ENV: development =======
2022-07-03 20:09:58 info: 🚀 App listening on the port 5101
2022-07-03 20:09:58 info: =================================
2022-07-03 20:11:08 info: [0mGET /api/clients/getAllClients [32m200[0m 644.923 ms - 40[0m
2022-07-03 20:11:08 info: [0mGET /api/causas/obtenerCausas [32m201[0m 595.692 ms - 36[0m
2022-07-03 20:11:11 info: =================================
2022-07-03 20:11:11 info: ======= ENV: development =======
2022-07-03 20:11:11 info: 🚀 App listening on the port 5101
2022-07-03 20:11:11 info: =================================
2022-07-03 20:11:16 info: [0mGET /api/clients/getAllClients [36m304[0m 82.445 ms - -[0m
2022-07-03 20:11:16 info: [0mGET /api/causas/obtenerCausas [32m201[0m 72.992 ms - 36[0m
2022-07-03 20:11:18 info: [0mGET /api/clients/getAllClients [36m304[0m 88.946 ms - -[0m
2022-07-03 20:11:18 info: [0mGET /api/causas/obtenerCausas [32m201[0m 76.632 ms - 36[0m
2022-07-03 20:11:38 info: [0mGET /api/clients/getAllClients [36m304[0m 74.995 ms - -[0m
2022-07-03 20:11:38 info: [0mGET /api/causas/obtenerCausas [32m201[0m 75.581 ms - 36[0m
2022-07-03 20:12:09 info: =================================
2022-07-03 20:12:09 info: ======= ENV: development =======
2022-07-03 20:12:09 info: 🚀 App listening on the port 5101
2022-07-03 20:12:09 info: =================================
2022-07-03 20:12:14 info: [0mGET /api/causas/obtenerCausas [32m200[0m 10.643 ms - 890[0m
2022-07-03 20:12:14 info: [0mGET /api/clients/getAllClients [36m304[0m 84.673 ms - -[0m
2022-07-03 20:12:55 info: [0mGET /api/causas/obtenerCausas [36m304[0m 3.923 ms - -[0m
2022-07-03 20:12:55 info: [0mGET /api/clients/getAllClients [36m304[0m 77.441 ms - -[0m
2022-07-03 20:13:12 info: [0mGET /api/causas/obtenerCausas [36m304[0m 2.261 ms - -[0m
2022-07-03 20:13:13 info: [0mGET /api/clients/getAllClients [36m304[0m 75.652 ms - -[0m
2022-07-03 20:13:15 info: [0mGET /api/causas/obtenerCausas [36m304[0m 1.843 ms - -[0m
2022-07-03 20:13:15 info: [0mGET /api/clients/getAllClients [36m304[0m 72.200 ms - -[0m
2022-07-03 20:13:29 info: [0mGET /api/causas/obtenerCausas [36m304[0m 1.667 ms - -[0m
2022-07-03 20:13:29 info: [0mGET /api/clients/getAllClients [36m304[0m 72.759 ms - -[0m
2022-07-03 20:17:03 info: [0mGET /api/clients/getAllClients [36m304[0m 73.222 ms - -[0m
2022-07-03 20:17:08 info: [0mGET /api/clients/getAllClients [36m304[0m 79.494 ms - -[0m
2022-07-03 20:17:15 info: [0mGET /api/clients/getAllClients [36m304[0m 73.399 ms - -[0m
2022-07-03 20:17:15 info: [0mGET /api/causas/obtenerCausas [36m304[0m 1.367 ms - -[0m
2022-07-03 20:18:22 info: [0mGET /api/clients/getAllClients [36m304[0m 71.632 ms - -[0m
2022-07-03 20:18:22 info: [0mGET /api/causas/obtenerCausas [36m304[0m 1.034 ms - -[0m
2022-07-03 20:20:02 info: =================================
2022-07-03 20:20:02 info: ======= ENV: development =======
2022-07-03 20:20:02 info: 🚀 App listening on the port 5101
2022-07-03 20:20:02 info: =================================
2022-07-03 20:20:16 info: [0mGET /api/causas/obtenerCausas [36m304[0m 7.531 ms - -[0m
2022-07-03 20:20:16 info: [0mGET /api/clients/getAllClients [36m304[0m 84.463 ms - -[0m
2022-07-03 20:21:23 info: =================================
2022-07-03 20:21:23 info: ======= ENV: development =======
2022-07-03 20:21:23 info: 🚀 App listening on the port 5101
2022-07-03 20:21:23 info: =================================
2022-07-03 20:21:25 info: [0mGET /api/causas/obtenerCausas [36m304[0m 9.510 ms - -[0m
2022-07-03 20:21:25 info: [0mGET /api/clients/getAllClients [36m304[0m 77.689 ms - -[0m
2022-07-03 20:21:32 info: [0mGET /api/causas/obtenerCausas [36m304[0m 2.631 ms - -[0m
2022-07-03 20:21:32 info: [0mGET /api/clients/getAllClients [36m304[0m 77.970 ms - -[0m
2022-07-03 20:22:10 info: [0mGET / [32m200[0m 3.030 ms - 890[0m
2022-07-03 20:22:10 info: [0mGET /static/css/main.6e79b1b1.css [32m200[0m 5.595 ms - -[0m
2022-07-03 20:22:10 info: [0mGET /static/js/main.cd3f1b17.js [32m200[0m 9.431 ms - -[0m
2022-07-03 20:22:10 info: [0mGET /static/js/22.49e8e693.chunk.js [32m200[0m 2.018 ms - 841[0m
2022-07-03 20:22:10 info: [0mGET /static/media/md-eye.eff33657acbd422b951f.svg [32m200[0m 2.135 ms - 390[0m
2022-07-03 20:22:10 info: [0mGET /assets/images/logo.png [32m200[0m 2.604 ms - 40959[0m
2022-07-03 20:22:10 info: [0mGET /manifest.json [32m200[0m 1.799 ms - 459[0m
2022-07-03 20:22:10 info: [0mGET /assets/images/logo_icon.png [32m200[0m 2.225 ms - 7174[0m
2022-07-03 20:22:10 info: [0mGET /static/js/215.7a005347.chunk.js [32m200[0m 1.923 ms - -[0m
2022-07-03 20:22:45 info: =================================
2022-07-03 20:22:45 info: ======= ENV: development =======
2022-07-03 20:22:45 info: 🚀 App listening on the port 5101
2022-07-03 20:22:45 info: =================================
2022-07-03 20:22:47 info: [0mGET /api/causas/obtenerCausas [36m304[0m 6.935 ms - -[0m
2022-07-03 20:22:47 info: [0mGET /api/clients/getAllClients [36m304[0m 83.411 ms - -[0m
2022-07-03 20:23:22 info: =================================
2022-07-03 20:23:22 info: ======= ENV: development =======
2022-07-03 20:23:22 info: 🚀 App listening on the port 5101
2022-07-03 20:23:22 info: =================================
2022-07-03 20:23:56 info: =================================
2022-07-03 20:23:56 info: ======= ENV: development =======
2022-07-03 20:23:56 info: 🚀 App listening on the port 5101
2022-07-03 20:23:56 info: =================================
2022-07-03 20:26:25 info: [0mGET /api/causas/obtenerCausas [36m304[0m 15.582 ms - -[0m
2022-07-03 20:26:25 info: [0mGET /api/clients/getAllClients [36m304[0m 82.205 ms - -[0m
2022-07-03 20:27:37 info: =================================
2022-07-03 20:27:37 info: ======= ENV: development =======
2022-07-03 20:27:37 info: 🚀 App listening on the port 5101
2022-07-03 20:27:37 info: =================================
2022-07-03 20:28:49 info: =================================
2022-07-03 20:28:49 info: ======= ENV: development =======
2022-07-03 20:28:49 info: 🚀 App listening on the port 5101
2022-07-03 20:28:49 info: =================================
2022-07-03 20:48:04 info: =================================
2022-07-03 20:48:04 info: ======= ENV: development =======
2022-07-03 20:48:04 info: 🚀 App listening on the port 5101
2022-07-03 20:48:04 info: =================================
2022-07-03 20:49:28 info: =================================
2022-07-03 20:49:28 info: ======= ENV: development =======
2022-07-03 20:49:28 info: 🚀 App listening on the port 5101
2022-07-03 20:49:28 info: =================================
2022-07-03 20:49:50 info: =================================
2022-07-03 20:49:50 info: ======= ENV: development =======
2022-07-03 20:49:50 info: 🚀 App listening on the port 5101
2022-07-03 20:49:50 info: =================================
2022-07-03 20:49:54 info: [0mGET /api/clients/getAllClients [36m304[0m 81.478 ms - -[0m
2022-07-03 20:49:54 info: [0mGET /api/causas/obtenerCausas [32m201[0m 84.167 ms - 36[0m
2022-07-03 20:50:22 info: [0mGET /api/clients/getAllClients [36m304[0m 76.289 ms - -[0m
2022-07-03 20:50:22 info: [0mGET /api/causas/obtenerCausas [32m201[0m 74.793 ms - 36[0m
2022-07-03 20:54:03 info: [0mGET /api/clients/getAllClients [36m304[0m 71.853 ms - -[0m
2022-07-03 20:54:04 info: [0mGET /api/causas/obtenerCausas [32m201[0m 77.458 ms - 36[0m
2022-07-03 20:54:08 info: [0mGET /api/clients/getAllClients [36m304[0m 74.892 ms - -[0m
2022-07-03 20:54:08 info: [0mGET /api/causas/obtenerCausas [32m201[0m 78.275 ms - 36[0m
2022-07-03 20:56:47 info: [0mGET /api/clients/getAllClients [36m304[0m 78.188 ms - -[0m
2022-07-03 20:56:47 info: [0mGET /api/causas/obtenerCausas [32m201[0m 83.608 ms - 36[0m
2022-07-03 20:57:12 info: [0mGET /api/clients/getAllClients [36m304[0m 80.000 ms - -[0m
2022-07-03 20:57:12 info: [0mGET /api/causas/obtenerCausas [32m201[0m 78.371 ms - 36[0m
2022-07-03 20:57:57 info: [0mGET /api/clients/getAllClients [36m304[0m 79.413 ms - -[0m
2022-07-03 20:57:57 info: [0mGET /api/causas/obtenerCausas [32m201[0m 81.650 ms - 36[0m
2022-07-03 21:04:24 info: [0mGET /api/clients/getAllClients [36m304[0m 76.219 ms - -[0m
2022-07-03 21:04:24 info: [0mGET /api/causas/obtenerCausas [32m201[0m 76.022 ms - 36[0m
2022-07-03 21:09:41 info: [0mGET /api/users/getUsers [32m200[0m 160.094 ms - 482[0m
2022-07-03 21:13:03 error: [POST] /api/users/createUser >> StatusCode:: 500, Message:: E11000 duplicate key error collection: sac.users index: name_1_organizationId_1 dup key: { name: null, organizationId: null }
2022-07-03 21:13:03 info: [0mPOST /api/users/createUser [31m500[0m 264.577 ms - 139[0m
2022-07-03 21:14:29 info: =================================
2022-07-03 21:14:29 info: ======= ENV: development =======
2022-07-03 21:14:29 info: 🚀 App listening on the port 5101
2022-07-03 21:14:29 info: =================================
2022-07-03 21:15:02 info: =================================
2022-07-03 21:15:02 info: ======= ENV: development =======
2022-07-03 21:15:02 info: 🚀 App listening on the port 5101
2022-07-03 21:15:02 info: =================================
2022-07-03 21:15:05 info: [0mGET /api/users/getUsers [32m200[0m 163.868 ms - 482[0m
2022-07-03 21:15:56 error: [POST] /api/users/createUser >> StatusCode:: 500, Message:: E11000 duplicate key error collection: sac.users index: name_1_organizationId_1 dup key: { name: null, organizationId: null }
2022-07-03 21:15:56 info: [0mPOST /api/users/createUser [31m500[0m 243.958 ms - 139[0m
2022-07-03 21:16:48 info: =================================
2022-07-03 21:16:48 info: ======= ENV: development =======
2022-07-03 21:16:48 info: 🚀 App listening on the port 5101
2022-07-03 21:16:48 info: =================================
2022-07-03 21:16:55 info: [0mGET /api/users/getUsers [32m200[0m 90.736 ms - 342[0m
2022-07-03 21:17:40 info: [0mPOST /api/users/createUser [32m201[0m 246.951 ms - 503[0m
2022-07-03 21:18:16 info: [0mGET /api/users/getUsers [32m200[0m 161.984 ms - 717[0m
2022-07-03 21:19:03 info: [0mPOST /api/users/createUser [32m201[0m 301.207 ms - 469[0m
2022-07-03 21:19:04 info: [0mGET /api/users/getUsers [32m200[0m 193.506 ms - -[0m
2022-07-03 21:20:57 info: [0mPOST /api/users/createUser [32m201[0m 236.262 ms - 465[0m
2022-07-03 21:20:59 info: [0mGET /api/users/getUsers [32m200[0m 163.538 ms - -[0m
2022-07-03 21:28:07 info: [0mPOST /api/users/createUser [32m201[0m 207.306 ms - 459[0m
2022-07-03 21:28:08 info: [0mGET /api/users/getUsers [32m200[0m 151.553 ms - -[0m
2022-07-03 21:28:37 info: [0mGET /api/clients/getAllClients [32m200[0m 75.532 ms - 40[0m
2022-07-03 21:28:38 info: [0mGET /api/causas/obtenerCausas [32m201[0m 84.656 ms - 36[0m
2022-07-03 21:28:39 info: [0mGET /api/users/getUsers [36m304[0m 158.595 ms - -[0m
2022-07-03 21:28:39 info: [0mGET /api/users/getUsers [36m304[0m 154.376 ms - -[0m
2022-07-03 21:28:59 info: [0mGET /api/clients/getAllClients [36m304[0m 77.656 ms - -[0m
2022-07-03 21:28:59 info: [0mGET /api/causas/obtenerCausas [32m201[0m 74.957 ms - 36[0m
2022-07-03 21:29:01 info: [0mGET /api/causas/obtenerCausas [32m201[0m 73.286 ms - 36[0m
2022-07-03 21:29:01 info: [0mGET /api/clients/getAllClients [36m304[0m 76.827 ms - -[0m
2022-07-03 21:29:03 info: [0mGET /api/users/getUsers [36m304[0m 157.775 ms - -[0m
2022-07-03 21:31:33 info: =================================
2022-07-03 21:31:33 info: ======= ENV: development =======
2022-07-03 21:31:33 info: 🚀 App listening on the port 5101
2022-07-03 21:31:33 info: =================================
2022-07-03 21:31:55 info: =================================
2022-07-03 21:31:55 info: ======= ENV: development =======
2022-07-03 21:31:55 info: 🚀 App listening on the port 5101
2022-07-03 21:31:55 info: =================================
2022-07-03 21:32:14 info: =================================
2022-07-03 21:32:14 info: ======= ENV: development =======
2022-07-03 21:32:14 info: 🚀 App listening on the port 5101
2022-07-03 21:32:14 info: =================================
2022-07-03 21:32:48 info: [0mGET /api/clients/getAllClients [36m304[0m 76.724 ms - -[0m
2022-07-03 21:32:48 info: [0mGET /api/causas/obtenerCausas [32m201[0m 74.474 ms - 36[0m
2022-07-03 21:32:49 info: [0mGET /api/clients/getAllClients [36m304[0m 83.721 ms - -[0m
2022-07-03 21:32:49 info: [0mGET /api/causas/obtenerCausas [32m201[0m 80.771 ms - 36[0m
2022-07-03 21:32:53 info: [0mGET /api/users/getUsers [32m200[0m 166.661 ms - -[0m
2022-07-03 21:35:30 info: =================================
2022-07-03 21:35:30 info: ======= ENV: development =======
2022-07-03 21:35:30 info: 🚀 App listening on the port 5101
2022-07-03 21:35:30 info: =================================
2022-07-03 21:35:34 info: [0mGET /api/users/getUsers [32m200[0m 92.792 ms - -[0m
2022-07-03 21:38:06 info: [0mGET /api/users/getUsers [36m304[0m 85.189 ms - -[0m
2022-07-03 21:38:19 info: [0mGET /api/users/getUsers [36m304[0m 93.580 ms - -[0m
2022-07-03 21:39:43 info: [0mGET /api/users/getUsers [36m304[0m 81.678 ms - -[0m
2022-07-03 21:43:54 info: [0mGET /api/users/getUsers [36m304[0m 82.263 ms - -[0m
2022-07-03 21:44:25 info: [0mGET /api/users/getUsers [36m304[0m 80.105 ms - -[0m
2022-07-03 21:44:54 info: [0mGET /api/users/getUsers [36m304[0m 80.625 ms - -[0m
2022-07-03 21:46:46 info: [0mGET /api/users/getUsers [36m304[0m 79.426 ms - -[0m
2022-07-03 21:47:02 info: [0mGET /api/users/getUsers [36m304[0m 77.234 ms - -[0m
2022-07-03 21:48:27 info: [0mGET /api/users/getUsers [36m304[0m 78.521 ms - -[0m
2022-07-03 21:49:33 info: [0mGET /api/users/getUsers [36m304[0m 79.254 ms - -[0m
2022-07-03 21:49:40 info: [0mGET /api/users/getUsers [36m304[0m 79.460 ms - -[0m
2022-07-03 21:49:56 info: [0mGET /api/users/getUsers [36m304[0m 79.929 ms - -[0m
2022-07-03 21:50:12 info: [0mGET /api/users/getUsers [36m304[0m 77.790 ms - -[0m
2022-07-03 21:51:12 info: [0mGET /api/users/getUsers [36m304[0m 82.263 ms - -[0m
2022-07-03 21:51:46 info: [0mGET /api/users/getUsers [36m304[0m 81.967 ms - -[0m
2022-07-03 21:52:02 info: [0mGET /api/users/getUsers [36m304[0m 79.095 ms - -[0m
2022-07-03 21:52:08 info: [0mGET /api/clients/getAllClients [36m304[0m 85.156 ms - -[0m
2022-07-03 21:52:08 info: [0mGET /api/causas/obtenerCausas [32m201[0m 74.854 ms - 36[0m
2022-07-03 21:52:10 info: [0mGET /api/users/getUsers [36m304[0m 81.973 ms - -[0m
2022-07-03 21:52:11 info: [0mGET /api/users/getUsers [36m304[0m 77.903 ms - -[0m
2022-07-03 21:52:11 info: [0mGET /api/users/getUsers [36m304[0m 76.619 ms - -[0m
2022-07-03 21:52:11 info: [0mGET /api/users/getUsers [36m304[0m 80.730 ms - -[0m
2022-07-03 21:52:11 info: [0mGET /api/users/getUsers [36m304[0m 77.690 ms - -[0m
2022-07-03 21:52:11 info: [0mGET /api/users/getUsers [36m304[0m 74.433 ms - -[0m
2022-07-03 21:54:27 info: [0mGET /api/users/getUsers [36m304[0m 81.024 ms - -[0m
2022-07-03 21:54:53 info: [0mGET /api/users/getUsers [36m304[0m 76.855 ms - -[0m
2022-07-03 21:55:00 info: [0mGET /api/users/getUsers [36m304[0m 78.108 ms - -[0m
2022-07-03 21:55:38 info: [0mGET /api/users/getUsers [36m304[0m 78.188 ms - -[0m
2022-07-03 21:56:06 info: [0mGET /api/users/getUsers [36m304[0m 79.749 ms - -[0m
2022-07-03 21:56:25 info: [0mGET /api/users/getUsers [36m304[0m 80.188 ms - -[0m
2022-07-03 21:57:01 info: [0mGET /api/users/getUsers [36m304[0m 77.337 ms - -[0m
2022-07-03 21:57:46 info: [0mGET /api/users/getUsers [36m304[0m 87.209 ms - -[0m
2022-07-03 21:58:10 info: [0mPOST /api/login [33m404[0m 41.593 ms - 149[0m
2022-07-03 21:58:14 info: [0mPOST /api/login [33m404[0m 1.751 ms - 149[0m
2022-07-03 21:59:02 info: =================================
2022-07-03 21:59:02 info: ======= ENV: development =======
2022-07-03 21:59:02 info: 🚀 App listening on the port 5101
2022-07-03 21:59:02 info: =================================
2022-07-03 21:59:06 info: [0mPOST /api/login [32m200[0m 162.415 ms - 595[0m
2022-07-03 21:59:06 info: [0mGET /api/roles/getRoles [32m200[0m 18.927 ms - 890[0m
