2022-03-29 15:47:48 info: =================================
2022-03-29 15:47:48 info: ======= ENV: development =======
2022-03-29 15:47:48 info: 🚀 App listening on the port 5000
2022-03-29 15:47:48 info: =================================
2022-03-29 16:08:21 info: =================================
2022-03-29 16:08:21 info: ======= ENV: development =======
2022-03-29 16:08:21 info: 🚀 App listening on the port 5000
2022-03-29 16:08:21 info: =================================
2022-03-29 16:09:49 info: =================================
2022-03-29 16:09:49 info: ======= ENV: development =======
2022-03-29 16:09:49 info: 🚀 App listening on the port 5000
2022-03-29 16:09:49 info: =================================
2022-03-29 16:11:17 info: =================================
2022-03-29 16:11:17 info: ======= ENV: development =======
2022-03-29 16:11:17 info: 🚀 App listening on the port 5000
2022-03-29 16:11:17 info: =================================
2022-03-29 16:39:58 info: =================================
2022-03-29 16:39:58 info: ======= ENV: development =======
2022-03-29 16:39:58 info: 🚀 App listening on the port 5000
2022-03-29 16:39:58 info: =================================
2022-03-29 16:40:15 info: =================================
2022-03-29 16:40:15 info: ======= ENV: development =======
2022-03-29 16:40:15 info: 🚀 App listening on the port 5000
2022-03-29 16:40:15 info: =================================
2022-03-29 16:42:27 info: =================================
2022-03-29 16:42:27 info: ======= ENV: development =======
2022-03-29 16:42:27 info: 🚀 App listening on the port 5000
2022-03-29 16:42:27 info: =================================
2022-03-29 16:43:04 info: =================================
2022-03-29 16:43:04 info: ======= ENV: development =======
2022-03-29 16:43:04 info: 🚀 App listening on the port 5000
2022-03-29 16:43:04 info: =================================
2022-03-29 16:43:50 info: =================================
2022-03-29 16:43:50 info: ======= ENV: development =======
2022-03-29 16:43:50 info: 🚀 App listening on the port 5000
2022-03-29 16:43:50 info: =================================
2022-03-29 16:44:34 info: =================================
2022-03-29 16:44:34 info: ======= ENV: development =======
2022-03-29 16:44:34 info: 🚀 App listening on the port 5000
2022-03-29 16:44:34 info: =================================
2022-03-29 16:45:08 info: =================================
2022-03-29 16:45:08 info: ======= ENV: development =======
2022-03-29 16:45:08 info: 🚀 App listening on the port 5000
2022-03-29 16:45:08 info: =================================
2022-03-29 16:45:29 info: =================================
2022-03-29 16:45:29 info: ======= ENV: development =======
2022-03-29 16:45:29 info: 🚀 App listening on the port 5000
2022-03-29 16:45:29 info: =================================
2022-03-29 16:45:49 info: =================================
2022-03-29 16:45:49 info: ======= ENV: development =======
2022-03-29 16:45:49 info: 🚀 App listening on the port 5000
2022-03-29 16:45:49 info: =================================
2022-03-29 16:46:44 info: =================================
2022-03-29 16:46:44 info: ======= ENV: development =======
2022-03-29 16:46:44 info: 🚀 App listening on the port 5000
2022-03-29 16:46:44 info: =================================
2022-03-29 16:50:25 info: =================================
2022-03-29 16:50:25 info: ======= ENV: development =======
2022-03-29 16:50:25 info: 🚀 App listening on the port 5000
2022-03-29 16:50:25 info: =================================
2022-03-29 16:51:42 info: =================================
2022-03-29 16:51:42 info: ======= ENV: development =======
2022-03-29 16:51:42 info: 🚀 App listening on the port 5000
2022-03-29 16:51:42 info: =================================
2022-03-29 16:53:04 info: =================================
2022-03-29 16:53:04 info: ======= ENV: development =======
2022-03-29 16:53:04 info: 🚀 App listening on the port 5000
2022-03-29 16:53:04 info: =================================
2022-03-29 16:55:29 error: [POST] /users/ >> StatusCode:: 401, Message:: Wrong authentication token
2022-03-29 16:55:42 info: =================================
2022-03-29 16:55:42 info: ======= ENV: development =======
2022-03-29 16:55:42 info: 🚀 App listening on the port 5000
2022-03-29 16:55:42 info: =================================
2022-03-29 16:55:43 error: [POST] /users/ >> StatusCode:: 500, Message:: Cannot read property '_id' of undefined
2022-03-29 17:28:45 info: =================================
2022-03-29 17:28:45 info: ======= ENV: development =======
2022-03-29 17:28:45 info: 🚀 App listening on the port 5000
2022-03-29 17:28:45 info: =================================
2022-03-29 18:08:11 info: =================================
2022-03-29 18:08:11 info: ======= ENV: development =======
2022-03-29 18:08:11 info: 🚀 App listening on the port 5000
2022-03-29 18:08:11 info: =================================
2022-03-29 18:30:12 info: =================================
2022-03-29 18:30:12 info: ======= ENV: development =======
2022-03-29 18:30:12 info: 🚀 App listening on the port 5000
2022-03-29 18:30:12 info: =================================
2022-03-29 18:57:10 info: =================================
2022-03-29 18:57:10 info: ======= ENV: development =======
2022-03-29 18:57:10 info: 🚀 App listening on the port 5000
2022-03-29 18:57:10 info: =================================
