2022-07-09 16:05:38 info: [0mGET /api/clients/getAllClients [36m304[0m 577.245 ms - -[0m
2022-07-09 16:05:38 info: [0mGET /api/causas/obtenerCausas [32m201[0m 586.931 ms - -[0m
2022-07-09 16:06:13 info: =================================
2022-07-09 16:06:13 info: ======= ENV: development =======
2022-07-09 16:06:13 info: 🚀 App listening on the port 5101
2022-07-09 16:06:13 info: =================================
2022-07-09 16:31:21 info: [0mGET /api/users/getUsers [32m200[0m 91.037 ms - -[0m
2022-07-09 16:38:14 info: [0mGET /api/users/getUsers [36m304[0m 77.520 ms - -[0m
2022-07-09 16:49:05 info: [0mGET /api/users/getUsers [36m304[0m 78.722 ms - -[0m
2022-07-09 16:49:06 info: [0mGET /api/users/getUsers [36m304[0m 78.423 ms - -[0m
2022-07-09 16:49:08 info: [0mGET /api/clients/getAllClients [36m304[0m 75.251 ms - -[0m
2022-07-09 16:49:11 info: [0mGET /api/users/getVendedores [36m304[0m 75.188 ms - -[0m
2022-07-09 17:14:07 info: [0mGET /api/users/getVendedores [36m304[0m 80.486 ms - -[0m
2022-07-09 17:19:09 info: [0mGET /api/users/getVendedores [36m304[0m 80.080 ms - -[0m
2022-07-09 17:21:29 info: [0mGET /api/users/getVendedores [36m304[0m 78.850 ms - -[0m
2022-07-09 17:21:57 info: [0mGET /api/users/getVendedores [36m304[0m 76.319 ms - -[0m
2022-07-09 17:22:47 info: [0mGET /api/users/getVendedores [36m304[0m 75.116 ms - -[0m
2022-07-09 17:22:50 info: [0mGET /api/clients/getAllClients [36m304[0m 74.526 ms - -[0m
2022-07-09 17:22:55 info: [0mGET /api/users/getVendedores [36m304[0m 79.084 ms - -[0m
2022-07-09 17:23:33 info: [0mGET /api/users/getVendedores [36m304[0m 73.852 ms - -[0m
2022-07-09 17:23:43 info: [0mPOST /api/clients/editClient [32m201[0m 136.606 ms - 29[0m
2022-07-09 17:23:45 info: [0mGET /api/clients/getAllClients [32m200[0m 74.917 ms - 586[0m
2022-07-09 17:24:00 info: [0mGET /api/clients/getAllClients [36m304[0m 72.920 ms - -[0m
2022-07-09 17:24:01 info: [0mGET /api/users/getVendedores [36m304[0m 74.209 ms - -[0m
2022-07-09 17:24:06 info: [0mGET /api/clients/getAllClients [36m304[0m 73.375 ms - -[0m
2022-07-09 17:24:07 info: [0mGET /api/users/getVendedores [36m304[0m 76.960 ms - -[0m
2022-07-09 17:59:40 info: [0mGET /api/clients/getAllClients [36m304[0m 77.598 ms - -[0m
2022-07-09 17:59:40 info: [0mGET /api/causas/obtenerCausas [32m201[0m 84.875 ms - -[0m
2022-07-09 17:59:41 info: [0mGET /api/users/getUsers [36m304[0m 81.921 ms - -[0m
2022-07-09 18:29:11 info: [0mGET /api/users/getUsers [36m304[0m 75.866 ms - -[0m
2022-07-09 18:43:02 info: [0mGET /api/users/getUsers [36m304[0m 81.336 ms - -[0m
2022-07-09 18:43:05 info: [0mGET /api/users/getUsers [36m304[0m 76.350 ms - -[0m
2022-07-09 18:44:00 info: [0mGET /api/users/getUsers [36m304[0m 83.302 ms - -[0m
2022-07-09 18:45:01 info: [0mGET /api/users/getUsers [36m304[0m 78.293 ms - -[0m
2022-07-09 18:45:33 info: [0mGET /api/causas/obtenerCausas [32m201[0m 79.072 ms - -[0m
2022-07-09 18:45:33 info: [0mPOST /api/clients/getClientById [32m201[0m 79.350 ms - 582[0m
2022-07-09 18:45:33 info: [0mPOST /api/users/user/62c2e800353557aac802d479 [32m200[0m 199.760 ms - 490[0m
2022-07-09 18:45:34 info: [0mPOST /api/causas/obtenerCausaPorId [32m201[0m 76.906 ms - 40[0m
2022-07-09 18:45:46 info: [0mGET /api/causas/obtenerCausas [32m201[0m 78.664 ms - -[0m
2022-07-09 18:45:47 info: [0mPOST /api/clients/getClientById [32m201[0m 84.659 ms - 582[0m
2022-07-09 18:45:47 info: [0mPOST /api/users/user/62c2e800353557aac802d479 [32m200[0m 163.354 ms - 490[0m
2022-07-09 19:00:38 info: [0mGET /api/users/getUsers [36m304[0m 98.700 ms - -[0m
2022-07-09 19:13:34 info: =================================
2022-07-09 19:13:34 info: ======= ENV: development =======
2022-07-09 19:13:34 info: 🚀 App listening on the port 5101
2022-07-09 19:13:34 info: =================================
2022-07-09 19:13:38 info: [0mGET /api/users/getUsers [32m200[0m 91.607 ms - -[0m
2022-07-09 19:14:12 info: =================================
2022-07-09 19:14:12 info: ======= ENV: development =======
2022-07-09 19:14:12 info: 🚀 App listening on the port 5101
2022-07-09 19:14:12 info: =================================
2022-07-09 19:19:57 info: [0mGET /api/users/getUsers [32m200[0m 89.833 ms - -[0m
2022-07-09 19:20:03 info: [0mGET /api/users/getUsers [36m304[0m 79.387 ms - -[0m
2022-07-09 19:20:07 info: [0mGET /api/users/getUsers [36m304[0m 78.783 ms - -[0m
2022-07-09 19:22:28 info: [0mPOST /api/users/createUser [32m201[0m 262.316 ms - 717[0m
2022-07-09 19:22:30 info: [0mGET /api/users/getUsers [32m200[0m 78.010 ms - -[0m
2022-07-09 19:27:16 info: [0mGET /api/users/getUsers [36m304[0m 76.019 ms - -[0m
2022-07-09 19:27:28 info: [0mGET /api/users/getUsers [36m304[0m 81.740 ms - -[0m
2022-07-09 19:28:03 info: [0mGET /api/users/getUsers [36m304[0m 80.318 ms - -[0m
2022-07-09 19:28:11 info: [0mGET /api/users/getUsers [36m304[0m 78.795 ms - -[0m
2022-07-09 19:28:19 info: [0mGET /api/users/getUsers [36m304[0m 83.435 ms - -[0m
2022-07-09 19:28:43 info: [0mGET /api/users/getUsers [36m304[0m 75.513 ms - -[0m
2022-07-09 19:40:55 info: [0mGET /api/clients/getAllClients [32m200[0m 74.900 ms - 586[0m
2022-07-09 19:40:57 info: [0mGET /api/users/getVendedores [32m200[0m 77.447 ms - -[0m
2022-07-09 19:42:25 info: [0mGET /api/clients/getAllClients [36m304[0m 72.978 ms - -[0m
2022-07-09 19:42:27 info: [0mGET /api/users/getVendedores [36m304[0m 75.974 ms - -[0m
2022-07-09 19:42:47 info: [0mGET /api/users/getVendedores [36m304[0m 81.338 ms - -[0m
2022-07-09 19:56:11 info: [0mPOST /api/clients/editClient [32m201[0m 92.414 ms - 29[0m
2022-07-09 19:56:13 info: [0mGET /api/clients/getAllClients [32m200[0m 75.218 ms - 611[0m
2022-07-09 19:56:19 info: [0mGET /api/clients/getAllClients [36m304[0m 72.474 ms - -[0m
2022-07-09 19:56:20 info: [0mGET /api/users/getVendedores [36m304[0m 79.335 ms - -[0m
2022-07-09 19:59:45 info: [0mGET /api/users/getVendedores [36m304[0m 77.469 ms - -[0m
2022-07-09 19:59:52 info: [0mGET /api/clients/getAllClients [36m304[0m 79.519 ms - -[0m
2022-07-09 19:59:54 info: [0mGET /api/users/getVendedores [36m304[0m 75.165 ms - -[0m
2022-07-09 20:01:47 info: [0mGET /api/users/getVendedores [36m304[0m 76.899 ms - -[0m
2022-07-09 20:01:54 info: [0mGET /api/clients/getAllClients [36m304[0m 73.827 ms - -[0m
2022-07-09 20:01:57 info: [0mGET /api/clients/getAllClients [36m304[0m 76.190 ms - -[0m
2022-07-09 20:01:59 info: [0mGET /api/users/getVendedores [36m304[0m 77.668 ms - -[0m
2022-07-09 20:03:22 info: [0mGET /api/users/getVendedores [36m304[0m 77.149 ms - -[0m
2022-07-09 20:03:36 info: [0mGET /api/users/getVendedores [36m304[0m 71.691 ms - -[0m
2022-07-09 20:03:39 info: [0mGET /api/clients/getAllClients [36m304[0m 73.402 ms - -[0m
2022-07-09 20:03:41 info: [0mGET /api/clients/getAllClients [36m304[0m 74.647 ms - -[0m
2022-07-09 20:03:43 info: [0mGET /api/users/getVendedores [36m304[0m 71.973 ms - -[0m
2022-07-09 20:05:04 info: [0mGET /api/users/getVendedores [36m304[0m 72.956 ms - -[0m
2022-07-09 20:05:39 info: [0mGET /api/users/getVendedores [36m304[0m 79.162 ms - -[0m
2022-07-09 20:05:51 info: [0mGET /api/clients/getAllClients [36m304[0m 75.781 ms - -[0m
2022-07-09 20:05:54 info: [0mGET /api/users/getVendedores [36m304[0m 77.574 ms - -[0m
2022-07-09 20:06:00 info: [0mGET /api/clients/getAllClients [36m304[0m 72.366 ms - -[0m
2022-07-09 20:14:35 info: [0mGET /api/clients/getAllClients [36m304[0m 73.943 ms - -[0m
2022-07-09 20:14:35 info: [0mGET /api/causas/obtenerCausas [32m201[0m 80.395 ms - -[0m
2022-07-09 20:15:17 info: [0mGET /api/users/getUsers [36m304[0m 85.417 ms - -[0m
2022-07-09 20:15:35 info: [0mPOST /api/login [32m200[0m 155.505 ms - 689[0m
2022-07-09 20:15:36 info: [0mGET /api/roles/getRoles [32m200[0m 78.518 ms - 581[0m
2022-07-09 20:15:36 info: [0mGET /api/clients/getAllClients [32m200[0m 78.449 ms - 611[0m
2022-07-09 20:15:36 info: [0mGET /api/causas/obtenerCausas [32m201[0m 75.712 ms - -[0m
2022-07-09 20:15:46 info: [0mGET /api/causas/obtenerCausas [32m201[0m 75.925 ms - -[0m
2022-07-09 20:15:46 info: [0mPOST /api/clients/getClientById [32m201[0m 78.624 ms - 607[0m
2022-07-09 20:15:46 info: [0mPOST /api/users/user/62c2e800353557aac802d479 [32m200[0m 160.603 ms - 490[0m
2022-07-09 20:15:49 info: [0mGET /api/causas/obtenerCausas [32m201[0m 75.660 ms - -[0m
2022-07-09 20:15:49 info: [0mPOST /api/clients/getClientById [32m201[0m 73.753 ms - 607[0m
2022-07-09 20:15:50 info: [0mPOST /api/users/user/62c2e800353557aac802d479 [32m200[0m 150.999 ms - 490[0m
2022-07-09 20:15:54 info: [0mGET /api/clients/getAllClients [36m304[0m 73.595 ms - -[0m
2022-07-09 20:15:55 info: [0mGET /api/causas/obtenerCausas [32m201[0m 78.684 ms - -[0m
2022-07-09 20:15:57 info: [0mGET /api/causas/obtenerCausas [32m201[0m 74.107 ms - -[0m
2022-07-09 20:15:57 info: [0mPOST /api/clients/getClientById [32m201[0m 73.682 ms - 607[0m
2022-07-09 20:15:58 info: [0mPOST /api/users/user/62c2e800353557aac802d479 [32m200[0m 157.480 ms - 490[0m
2022-07-09 20:16:02 info: [0mGET /api/clients/getAllClients [36m304[0m 76.520 ms - -[0m
2022-07-09 20:16:03 info: [0mGET /api/causas/obtenerCausas [32m201[0m 74.970 ms - -[0m
2022-07-09 20:16:07 info: [0mGET /api/causas/obtenerCausas [32m201[0m 74.593 ms - -[0m
2022-07-09 20:16:07 info: [0mGET /api/clients/getAllClients [32m200[0m 84.053 ms - 611[0m
2022-07-09 20:16:08 info: [0mGET /api/causas/obtenerCausas [32m201[0m 78.939 ms - -[0m
2022-07-09 20:16:09 info: [0mPOST /api/clients/getClientById [32m201[0m 77.334 ms - 607[0m
2022-07-09 20:16:09 info: [0mPOST /api/users/user/62c2e800353557aac802d479 [32m200[0m 144.868 ms - 490[0m
2022-07-09 20:16:48 info: [0mPOST /api/login [32m200[0m 133.238 ms - 689[0m
2022-07-09 20:16:48 info: [0mGET /api/roles/getRoles [36m304[0m 74.174 ms - -[0m
2022-07-09 20:16:49 info: [0mGET /api/clients/getAllClients [36m304[0m 85.327 ms - -[0m
2022-07-09 20:16:49 info: [0mGET /api/causas/obtenerCausas [32m201[0m 96.777 ms - -[0m
2022-07-09 20:16:51 info: [0mGET /api/causas/obtenerCausas [32m201[0m 73.361 ms - -[0m
2022-07-09 20:16:51 info: [0mPOST /api/clients/getClientById [32m201[0m 72.702 ms - 607[0m
2022-07-09 20:16:51 info: [0mPOST /api/users/user/62c2e800353557aac802d479 [32m200[0m 149.572 ms - 490[0m
2022-07-09 20:18:41 info: [0mGET /api/causas/obtenerCausas [32m201[0m 75.312 ms - -[0m
2022-07-09 20:18:41 info: [0mPOST /api/clients/getClientById [32m201[0m 73.826 ms - 607[0m
2022-07-09 20:18:41 info: [0mPOST /api/users/user/62c2e800353557aac802d479 [32m200[0m 153.936 ms - 490[0m
2022-07-09 20:20:05 info: [0mGET /api/causas/obtenerCausas [32m201[0m 76.596 ms - -[0m
2022-07-09 20:20:05 info: [0mPOST /api/clients/getClientById [32m201[0m 71.798 ms - 607[0m
2022-07-09 20:20:05 info: [0mPOST /api/users/user/62c2e800353557aac802d479 [32m200[0m 147.824 ms - 490[0m
2022-07-09 20:20:37 info: [0mPOST /api/login [32m200[0m 133.809 ms - 689[0m
2022-07-09 20:20:38 info: [0mGET /api/roles/getRoles [36m304[0m 73.087 ms - -[0m
2022-07-09 20:20:38 info: [0mGET /api/clients/getAllClients [36m304[0m 75.388 ms - -[0m
2022-07-09 20:20:38 info: [0mGET /api/causas/obtenerCausas [32m201[0m 84.295 ms - -[0m
2022-07-09 20:20:40 info: [0mGET /api/causas/obtenerCausas [32m201[0m 77.948 ms - -[0m
2022-07-09 20:20:40 info: [0mPOST /api/clients/getClientById [32m201[0m 75.120 ms - 607[0m
2022-07-09 20:20:40 info: [0mPOST /api/users/user/62c2e800353557aac802d479 [32m200[0m 143.883 ms - 490[0m
2022-07-09 20:21:46 info: [0mGET /api/causas/obtenerCausas [32m201[0m 73.564 ms - -[0m
2022-07-09 20:21:46 info: [0mPOST /api/clients/getClientById [32m201[0m 75.814 ms - 607[0m
2022-07-09 20:21:46 info: [0mPOST /api/users/user/62c2e800353557aac802d479 [32m200[0m 147.795 ms - 490[0m
2022-07-09 20:22:00 info: [0mGET /api/clients/getAllClients [36m304[0m 76.557 ms - -[0m
2022-07-09 20:22:01 info: [0mGET /api/causas/obtenerCausas [32m201[0m 72.438 ms - -[0m
2022-07-09 20:22:02 info: [0mGET /api/causas/obtenerCausas [32m201[0m 77.511 ms - -[0m
2022-07-09 20:22:02 info: [0mGET /api/causas/obtenerCausas [32m201[0m 82.805 ms - -[0m
2022-07-09 20:22:02 info: [0mPOST /api/clients/getClientById [32m201[0m 72.232 ms - 607[0m
2022-07-09 20:22:02 info: [0mPOST /api/clients/getClientById [32m201[0m 81.724 ms - 607[0m
2022-07-09 20:22:03 info: [0mPOST /api/users/user/62c2e800353557aac802d479 [32m200[0m 145.333 ms - 490[0m
2022-07-09 20:22:03 info: [0mPOST /api/users/user/62c2e800353557aac802d479 [32m200[0m 143.374 ms - 490[0m
2022-07-09 20:22:04 info: [0mGET /api/clients/getAllClients [36m304[0m 75.825 ms - -[0m
2022-07-09 20:22:04 info: [0mGET /api/causas/obtenerCausas [32m201[0m 77.538 ms - -[0m
2022-07-09 20:22:18 info: [0mPOST /api/login [32m200[0m 131.417 ms - 689[0m
2022-07-09 20:22:18 info: [0mGET /api/roles/getRoles [36m304[0m 72.312 ms - -[0m
2022-07-09 20:22:19 info: [0mGET /api/clients/getAllClients [36m304[0m 78.310 ms - -[0m
2022-07-09 20:22:19 info: [0mGET /api/causas/obtenerCausas [32m201[0m 84.412 ms - -[0m
2022-07-09 20:22:20 info: [0mGET /api/causas/obtenerCausas [32m201[0m 75.454 ms - -[0m
2022-07-09 20:22:20 info: [0mPOST /api/clients/getClientById [32m201[0m 76.238 ms - 607[0m
2022-07-09 20:22:20 info: [0mPOST /api/users/user/62c2e800353557aac802d479 [32m200[0m 143.656 ms - 490[0m
2022-07-09 20:23:56 info: [0mGET /api/causas/obtenerCausas [32m201[0m 74.642 ms - -[0m
2022-07-09 20:23:56 info: [0mPOST /api/clients/getClientById [32m201[0m 71.769 ms - 607[0m
2022-07-09 20:23:56 info: [0mPOST /api/users/user/62c2e800353557aac802d479 [32m200[0m 145.040 ms - 490[0m
2022-07-09 20:24:18 info: [0mGET /api/causas/obtenerCausas [32m201[0m 80.564 ms - -[0m
2022-07-09 20:24:18 info: [0mPOST /api/clients/getClientById [32m201[0m 75.746 ms - 607[0m
2022-07-09 20:24:18 info: [0mPOST /api/users/user/62c2e800353557aac802d479 [32m200[0m 147.195 ms - 490[0m
2022-07-09 20:24:52 info: [0mGET /api/causas/obtenerCausas [32m201[0m 74.513 ms - -[0m
2022-07-09 20:24:52 info: [0mPOST /api/clients/getClientById [32m201[0m 76.736 ms - 607[0m
2022-07-09 20:24:53 info: [0mPOST /api/users/user/62c2e800353557aac802d479 [32m200[0m 170.943 ms - 490[0m
2022-07-09 20:25:59 info: [0mGET /api/causas/obtenerCausas [32m201[0m 72.022 ms - -[0m
2022-07-09 20:25:59 info: [0mPOST /api/clients/getClientById [32m201[0m 73.251 ms - 607[0m
2022-07-09 20:25:59 info: [0mPOST /api/users/user/62c2e800353557aac802d479 [32m200[0m 149.105 ms - 490[0m
2022-07-09 20:26:09 info: [0mPOST /api/causas/obtenerCausasPorProcurador [32m201[0m 74.028 ms - 36[0m
2022-07-09 20:26:13 info: [0mGET /api/clients/getAllClients [32m200[0m 74.404 ms - 611[0m
2022-07-09 20:26:15 info: [0mPOST /api/causas/obtenerCausasPorAbogado [32m201[0m 2.601 ms - 26[0m
2022-07-09 20:26:16 info: [0mGET /api/clients/getAllClients [36m304[0m 73.515 ms - -[0m
2022-07-09 20:26:21 info: [0mGET /api/causas/obtenerCausas [32m201[0m 74.786 ms - -[0m
2022-07-09 20:26:21 info: [0mPOST /api/clients/getClientById [32m201[0m 76.588 ms - 607[0m
2022-07-09 20:26:21 info: [0mPOST /api/users/user/62c2e800353557aac802d479 [32m200[0m 148.363 ms - 490[0m
2022-07-09 20:26:24 info: [0mGET /api/causas/obtenerCausas [32m201[0m 74.649 ms - -[0m
2022-07-09 20:26:24 info: [0mGET /api/causas/obtenerCausas [32m201[0m 76.449 ms - -[0m
2022-07-09 20:26:25 info: [0mPOST /api/clients/getClientById [32m201[0m 73.446 ms - 607[0m
2022-07-09 20:26:25 info: [0mPOST /api/clients/getClientById [32m201[0m 76.309 ms - 607[0m
2022-07-09 20:26:25 info: [0mPOST /api/users/user/62c2e800353557aac802d479 [32m200[0m 149.879 ms - 490[0m
2022-07-09 20:26:25 info: [0mPOST /api/users/user/62c2e800353557aac802d479 [32m200[0m 141.853 ms - 490[0m
2022-07-09 20:26:28 info: [0mPOST /api/causas/obtenerCausasPorProcurador [32m201[0m 76.362 ms - -[0m
2022-07-09 20:26:28 info: [0mPOST /api/clients/getClientById [32m201[0m 78.410 ms - 607[0m
2022-07-09 20:26:28 info: [0mPOST /api/users/user/62c2e800353557aac802d479 [32m200[0m 149.874 ms - 490[0m
2022-07-09 20:26:31 info: [0mPOST /api/causas/obtenerCausasPorAbogado [32m201[0m 1.712 ms - 26[0m
2022-07-09 20:26:35 info: [0mPOST /api/causas/obtenerCausasPorProcurador [32m201[0m 76.472 ms - -[0m
2022-07-09 20:26:35 info: [0mPOST /api/clients/getClientById [32m201[0m 77.736 ms - 607[0m
2022-07-09 20:26:35 info: [0mPOST /api/users/user/62c2e800353557aac802d479 [32m200[0m 149.842 ms - 490[0m
2022-07-09 20:27:05 info: [0mPOST /api/causas/obtenerCausasPorProcurador [32m201[0m 89.060 ms - -[0m
2022-07-09 20:27:05 info: [0mGET /api/causas/obtenerCausas [32m201[0m 77.584 ms - -[0m
2022-07-09 20:27:05 info: [0mGET /api/causas/obtenerCausas [32m201[0m 80.296 ms - -[0m
2022-07-09 20:27:05 info: [0mPOST /api/clients/getClientById [32m201[0m 77.908 ms - 607[0m
2022-07-09 20:27:06 info: [0mPOST /api/clients/getClientById [32m201[0m 76.851 ms - 607[0m
2022-07-09 20:27:06 info: [0mPOST /api/clients/getClientById [32m201[0m 74.358 ms - 607[0m
2022-07-09 20:27:06 info: [0mPOST /api/users/user/62c2e800353557aac802d479 [32m200[0m 149.587 ms - 490[0m
2022-07-09 20:27:06 info: [0mPOST /api/users/user/62c2e800353557aac802d479 [32m200[0m 138.755 ms - 490[0m
2022-07-09 20:27:06 info: [0mPOST /api/users/user/62c2e800353557aac802d479 [32m200[0m 144.099 ms - 490[0m
2022-07-09 20:27:10 info: [0mGET /api/causas/obtenerCausas [32m201[0m 77.297 ms - -[0m
2022-07-09 20:27:11 info: [0mPOST /api/clients/getClientById [32m201[0m 71.603 ms - 607[0m
2022-07-09 20:27:11 info: [0mPOST /api/users/user/62c2e800353557aac802d479 [32m200[0m 145.238 ms - 490[0m
2022-07-09 20:27:13 info: [0mGET /api/clients/getAllClients [36m304[0m 87.224 ms - -[0m
2022-07-09 20:27:13 info: [0mGET /api/causas/obtenerCausas [32m201[0m 89.740 ms - -[0m
2022-07-09 20:27:15 info: [0mGET /api/causas/obtenerCausas [32m201[0m 76.227 ms - -[0m
2022-07-09 20:27:15 info: [0mPOST /api/clients/getClientById [32m201[0m 74.512 ms - 607[0m
2022-07-09 20:27:16 info: [0mPOST /api/users/user/62c2e800353557aac802d479 [32m200[0m 147.523 ms - 490[0m
2022-07-09 20:27:22 info: [0mPOST /api/causas/obtenerCausasPorProcurador [32m201[0m 73.784 ms - -[0m
2022-07-09 20:27:23 info: [0mPOST /api/clients/getClientById [32m201[0m 76.401 ms - 607[0m
2022-07-09 20:27:23 info: [0mPOST /api/users/user/62c2e800353557aac802d479 [32m200[0m 146.630 ms - 490[0m
2022-07-09 20:27:23 info: [0mGET /api/causas/obtenerCausas [32m201[0m 73.317 ms - -[0m
2022-07-09 20:27:23 info: [0mGET /api/causas/obtenerCausas [32m201[0m 77.725 ms - -[0m
2022-07-09 20:27:24 info: [0mPOST /api/clients/getClientById [32m201[0m 76.561 ms - 607[0m
2022-07-09 20:27:24 info: [0mPOST /api/clients/getClientById [32m201[0m 80.129 ms - 607[0m
2022-07-09 20:27:24 info: [0mPOST /api/users/user/62c2e800353557aac802d479 [32m200[0m 143.074 ms - 490[0m
2022-07-09 20:27:24 info: [0mPOST /api/users/user/62c2e800353557aac802d479 [32m200[0m 145.732 ms - 490[0m
2022-07-09 20:27:25 info: [0mPOST /api/causas/obtenerCausasPorProcurador [32m201[0m 77.084 ms - -[0m
2022-07-09 20:27:25 info: [0mPOST /api/clients/getClientById [32m201[0m 74.847 ms - 607[0m
2022-07-09 20:27:25 info: [0mPOST /api/users/user/62c2e800353557aac802d479 [32m200[0m 148.786 ms - 490[0m
2022-07-09 20:27:32 info: [0mPOST /api/causas/obtenerCausasPorProcurador [32m201[0m 76.019 ms - -[0m
2022-07-09 20:27:32 info: [0mPOST /api/clients/getClientById [32m201[0m 75.442 ms - 607[0m
2022-07-09 20:27:33 info: [0mPOST /api/users/user/62c2e800353557aac802d479 [32m200[0m 148.344 ms - 490[0m
2022-07-09 20:27:33 info: [0mGET /api/causas/obtenerCausas [32m201[0m 89.440 ms - -[0m
2022-07-09 20:27:33 info: [0mGET /api/causas/obtenerCausas [32m201[0m 90.888 ms - -[0m
2022-07-09 20:27:33 info: [0mPOST /api/clients/getClientById [32m201[0m 72.641 ms - 607[0m
2022-07-09 20:27:33 info: [0mPOST /api/clients/getClientById [32m201[0m 74.661 ms - 607[0m
2022-07-09 20:27:34 info: [0mPOST /api/users/user/62c2e800353557aac802d479 [32m200[0m 160.591 ms - 490[0m
2022-07-09 20:27:34 info: [0mPOST /api/users/user/62c2e800353557aac802d479 [32m200[0m 168.196 ms - 490[0m
2022-07-09 20:27:55 info: [0mPOST /api/causas/obtenerCausasPorProcurador [32m201[0m 76.699 ms - -[0m
2022-07-09 20:27:56 info: [0mPOST /api/clients/getClientById [32m201[0m 76.099 ms - 607[0m
2022-07-09 20:27:56 info: [0mGET /api/causas/obtenerCausas [32m201[0m 74.345 ms - -[0m
2022-07-09 20:27:56 info: [0mGET /api/causas/obtenerCausas [32m201[0m 76.882 ms - -[0m
2022-07-09 20:27:56 info: [0mPOST /api/users/user/62c2e800353557aac802d479 [32m200[0m 151.817 ms - 490[0m
2022-07-09 20:27:57 info: [0mPOST /api/clients/getClientById [32m201[0m 71.557 ms - 607[0m
2022-07-09 20:27:57 info: [0mPOST /api/clients/getClientById [32m201[0m 77.084 ms - 607[0m
2022-07-09 20:27:57 info: [0mPOST /api/users/user/62c2e800353557aac802d479 [32m200[0m 144.506 ms - 490[0m
2022-07-09 20:27:57 info: [0mPOST /api/users/user/62c2e800353557aac802d479 [32m200[0m 145.281 ms - 490[0m
2022-07-09 20:28:00 info: [0mGET /api/causas/obtenerCausas [32m201[0m 73.512 ms - -[0m
2022-07-09 20:28:00 info: [0mPOST /api/clients/getClientById [32m201[0m 74.363 ms - 607[0m
2022-07-09 20:28:00 info: [0mPOST /api/users/user/62c2e800353557aac802d479 [32m200[0m 148.579 ms - 490[0m
2022-07-09 20:28:09 info: [0mGET /api/causas/obtenerCausas [32m201[0m 77.297 ms - -[0m
2022-07-09 20:28:09 info: [0mPOST /api/clients/getClientById [32m201[0m 77.350 ms - 607[0m
2022-07-09 20:28:09 info: [0mPOST /api/causas/obtenerCausasPorProcurador [32m201[0m 75.307 ms - -[0m
2022-07-09 20:28:09 info: [0mGET /api/causas/obtenerCausas [32m201[0m 79.552 ms - -[0m
2022-07-09 20:28:09 info: [0mPOST /api/users/user/62c2e800353557aac802d479 [32m200[0m 146.540 ms - 490[0m
2022-07-09 20:28:10 info: [0mPOST /api/clients/getClientById [32m201[0m 75.471 ms - 607[0m
2022-07-09 20:28:10 info: [0mPOST /api/clients/getClientById [32m201[0m 80.043 ms - 607[0m
2022-07-09 20:28:10 info: [0mPOST /api/users/user/62c2e800353557aac802d479 [32m200[0m 145.010 ms - 490[0m
2022-07-09 20:28:10 info: [0mPOST /api/users/user/62c2e800353557aac802d479 [32m200[0m 157.228 ms - 490[0m
2022-07-09 20:28:15 info: [0mPOST /api/causas/obtenerCausasPorProcurador [32m201[0m 77.144 ms - -[0m
2022-07-09 20:28:15 info: [0mPOST /api/clients/getClientById [32m201[0m 72.507 ms - 607[0m
2022-07-09 20:28:16 info: [0mPOST /api/users/user/62c2e800353557aac802d479 [32m200[0m 148.205 ms - 490[0m
2022-07-09 20:28:20 info: [0mGET /api/clients/getAllClients [36m304[0m 84.072 ms - -[0m
2022-07-09 20:28:20 info: [0mGET /api/causas/obtenerCausas [32m201[0m 75.712 ms - -[0m
2022-07-09 20:28:22 info: [0mGET /api/causas/obtenerCausas [32m201[0m 74.836 ms - -[0m
2022-07-09 20:28:22 info: [0mGET /api/causas/obtenerCausas [32m201[0m 73.438 ms - -[0m
2022-07-09 20:28:22 info: [0mPOST /api/clients/getClientById [32m201[0m 73.491 ms - 607[0m
2022-07-09 20:28:22 info: [0mPOST /api/clients/getClientById [32m201[0m 73.575 ms - 607[0m
2022-07-09 20:28:23 info: [0mPOST /api/users/user/62c2e800353557aac802d479 [32m200[0m 146.764 ms - 490[0m
2022-07-09 20:28:23 info: [0mPOST /api/users/user/62c2e800353557aac802d479 [32m200[0m 144.187 ms - 490[0m
2022-07-09 20:28:29 info: [0mPOST /api/causas/obtenerCausasPorProcurador [32m201[0m 74.421 ms - -[0m
2022-07-09 20:28:29 info: [0mGET /api/causas/obtenerCausas [32m201[0m 71.464 ms - -[0m
2022-07-09 20:28:29 info: [0mPOST /api/clients/getClientById [32m201[0m 73.909 ms - 607[0m
2022-07-09 20:28:30 info: [0mPOST /api/clients/getClientById [32m201[0m 74.694 ms - 607[0m
2022-07-09 20:28:30 info: [0mPOST /api/users/user/62c2e800353557aac802d479 [32m200[0m 157.035 ms - 490[0m
2022-07-09 20:28:30 info: [0mPOST /api/users/user/62c2e800353557aac802d479 [32m200[0m 142.624 ms - 490[0m
2022-07-09 20:28:30 info: [0mGET /api/causas/obtenerCausas [32m201[0m 72.712 ms - -[0m
2022-07-09 20:28:30 info: [0mPOST /api/clients/getClientById [32m201[0m 71.571 ms - 607[0m
2022-07-09 20:28:31 info: [0mPOST /api/users/user/62c2e800353557aac802d479 [32m200[0m 148.451 ms - 490[0m
2022-07-09 20:28:33 info: [0mPOST /api/causas/obtenerCausasPorAbogado [32m201[0m 1.714 ms - 26[0m
2022-07-09 20:28:34 info: [0mPOST /api/causas/obtenerCausasPorAbogado [32m201[0m 1.036 ms - 26[0m
2022-07-09 20:28:36 info: [0mPOST /api/causas/obtenerCausasPorProcurador [32m201[0m 86.151 ms - -[0m
2022-07-09 20:28:36 info: [0mPOST /api/clients/getClientById [32m201[0m 74.480 ms - 607[0m
2022-07-09 20:28:36 info: [0mPOST /api/users/user/62c2e800353557aac802d479 [32m200[0m 150.369 ms - 490[0m
2022-07-09 20:29:12 info: [0mGET /api/causas/obtenerCausas [32m201[0m 77.261 ms - -[0m
2022-07-09 20:29:12 info: [0mPOST /api/causas/obtenerCausasPorProcurador [32m201[0m 80.033 ms - -[0m
2022-07-09 20:29:12 info: [0mGET /api/causas/obtenerCausas [32m201[0m 84.179 ms - -[0m
2022-07-09 20:29:13 info: [0mPOST /api/clients/getClientById [32m201[0m 75.811 ms - 607[0m
2022-07-09 20:29:13 info: [0mPOST /api/clients/getClientById [32m201[0m 74.668 ms - 607[0m
2022-07-09 20:29:13 info: [0mPOST /api/clients/getClientById [32m201[0m 77.160 ms - 607[0m
2022-07-09 20:29:13 info: [0mPOST /api/users/user/62c2e800353557aac802d479 [32m200[0m 144.629 ms - 490[0m
2022-07-09 20:29:13 info: [0mPOST /api/users/user/62c2e800353557aac802d479 [32m200[0m 144.339 ms - 490[0m
2022-07-09 20:29:13 info: [0mPOST /api/users/user/62c2e800353557aac802d479 [32m200[0m 149.315 ms - 490[0m
2022-07-09 20:29:17 info: [0mPOST /api/causas/obtenerCausasPorAbogado [32m201[0m 1.666 ms - 26[0m
2022-07-09 20:29:17 info: [0mPOST /api/causas/obtenerCausasPorAbogado [32m201[0m 1.017 ms - 26[0m
2022-07-09 20:29:41 info: [0mPOST /api/causas/obtenerCausasPorProcurador [32m201[0m 90.898 ms - -[0m
2022-07-09 20:29:42 info: [0mPOST /api/clients/getClientById [32m201[0m 73.648 ms - 607[0m
2022-07-09 20:29:42 info: [0mPOST /api/users/user/62c2e800353557aac802d479 [32m200[0m 147.853 ms - 490[0m
2022-07-09 20:29:54 info: [0mPOST /api/causas/obtenerCausasPorAbogado [32m201[0m 1.941 ms - 26[0m
2022-07-09 20:30:09 info: [0mPOST /api/login [32m200[0m 138.316 ms - 645[0m
2022-07-09 20:30:10 info: [0mGET /api/roles/getRoles [36m304[0m 74.970 ms - -[0m
2022-07-09 20:30:17 info: [0mPOST /api/causas/obtenerCausasPorProcurador [32m201[0m 76.653 ms - -[0m
2022-07-09 20:30:17 info: [0mPOST /api/clients/getClientById [32m201[0m 76.897 ms - 607[0m
2022-07-09 20:30:17 info: [0mPOST /api/users/user/62c2e800353557aac802d479 [32m200[0m 163.062 ms - 490[0m
2022-07-09 20:30:38 info: [0mPOST /api/causas/obtenerCausasPorAbogado [32m201[0m 1.695 ms - 26[0m
2022-07-09 20:30:42 info: [0mGET /api/clients/getAllClients [36m304[0m 76.379 ms - -[0m
2022-07-09 20:30:42 info: [0mGET /api/causas/obtenerCausas [32m201[0m 71.797 ms - -[0m
2022-07-09 20:30:43 info: [0mGET /api/causas/obtenerCausas [32m201[0m 79.372 ms - -[0m
2022-07-09 20:30:43 info: [0mGET /api/causas/obtenerCausas [32m201[0m 75.298 ms - -[0m
2022-07-09 20:30:43 info: [0mPOST /api/clients/getClientById [32m201[0m 78.846 ms - 607[0m
2022-07-09 20:30:44 info: [0mGET /api/causas/obtenerCausas [32m201[0m 75.609 ms - -[0m
2022-07-09 20:30:44 info: [0mPOST /api/clients/getClientById [32m201[0m 78.523 ms - 607[0m
2022-07-09 20:30:44 info: [0mPOST /api/users/user/62c2e800353557aac802d479 [32m200[0m 159.712 ms - 490[0m
2022-07-09 20:30:44 info: [0mGET /api/causas/obtenerCausas [32m201[0m 74.244 ms - -[0m
2022-07-09 20:30:44 info: [0mPOST /api/clients/getClientById [32m201[0m 70.843 ms - 607[0m
2022-07-09 20:30:44 info: [0mPOST /api/users/user/62c2e800353557aac802d479 [32m200[0m 144.008 ms - 490[0m
2022-07-09 20:30:44 info: [0mPOST /api/clients/getClientById [0m-[0m - ms - -[0m
2022-07-09 20:30:44 info: [0mGET /api/causas/obtenerCausas [0m-[0m - ms - -[0m
2022-07-09 20:30:44 info: [0mPOST /api/users/user/62c2e800353557aac802d479 [0m-[0m - ms - -[0m
2022-07-09 20:30:45 info: [0mGET /api/causas/obtenerCausas [32m201[0m 83.779 ms - -[0m
2022-07-09 20:30:45 info: [0mPOST /api/clients/getClientById [32m201[0m 76.971 ms - 607[0m
2022-07-09 20:30:46 info: [0mPOST /api/users/user/62c2e800353557aac802d479 [32m200[0m 155.280 ms - 490[0m
2022-07-09 20:30:53 info: [0mGET /api/causas/obtenerCausas [32m201[0m 83.691 ms - -[0m
2022-07-09 20:30:53 info: [0mPOST /api/clients/getClientById [32m201[0m 76.933 ms - 607[0m
2022-07-09 20:30:53 info: [0mPOST /api/users/user/62c2e800353557aac802d479 [32m200[0m 149.569 ms - 490[0m
2022-07-09 20:30:58 info: [0mGET /api/causas/obtenerCausas [32m201[0m 72.469 ms - -[0m
2022-07-09 20:30:58 info: [0mPOST /api/clients/getClientById [32m201[0m 75.411 ms - 607[0m
2022-07-09 20:30:58 info: [0mPOST /api/users/user/62c2e800353557aac802d479 [32m200[0m 145.700 ms - 490[0m
2022-07-09 20:31:00 info: [0mGET /api/users/getUsers [36m304[0m 82.388 ms - -[0m
2022-07-09 20:31:02 info: [0mGET /api/clients/getAllClients [36m304[0m 73.005 ms - -[0m
2022-07-09 20:31:02 info: [0mGET /api/causas/obtenerCausas [32m201[0m 76.244 ms - -[0m
2022-07-09 20:31:04 info: [0mGET /api/users/getUsers [36m304[0m 79.861 ms - -[0m
2022-07-09 20:31:05 info: [0mGET /api/causas/obtenerCausas [32m201[0m 75.039 ms - -[0m
2022-07-09 20:31:06 info: [0mPOST /api/clients/getClientById [32m201[0m 73.750 ms - 607[0m
2022-07-09 20:31:06 info: [0mPOST /api/users/user/62c2e800353557aac802d479 [32m200[0m 146.721 ms - 490[0m
2022-07-09 20:31:11 info: [0mGET /api/clients/getAllClients [32m200[0m 73.965 ms - 611[0m
2022-07-09 20:31:13 info: [0mPOST /api/causas/obtenerCausasPorAbogado [32m201[0m 1.913 ms - 26[0m
2022-07-09 20:31:39 info: [0mPOST /api/causas/obtenerCausasPorProcurador [32m201[0m 78.136 ms - -[0m
2022-07-09 20:31:40 info: [0mPOST /api/clients/getClientById [32m201[0m 82.859 ms - 607[0m
2022-07-09 20:31:40 info: [0mPOST /api/users/user/62c2e800353557aac802d479 [32m200[0m 156.507 ms - 490[0m
2022-07-09 20:31:40 info: [0mGET /api/causas/obtenerCausas [32m201[0m 74.872 ms - -[0m
2022-07-09 20:31:40 info: [0mGET /api/causas/obtenerCausas [32m201[0m 75.751 ms - -[0m
2022-07-09 20:31:41 info: [0mPOST /api/clients/getClientById [32m201[0m 79.961 ms - 607[0m
2022-07-09 20:31:41 info: [0mPOST /api/clients/getClientById [32m201[0m 72.598 ms - 607[0m
2022-07-09 20:31:41 info: [0mPOST /api/users/user/62c2e800353557aac802d479 [32m200[0m 143.825 ms - 490[0m
2022-07-09 20:31:41 info: [0mPOST /api/users/user/62c2e800353557aac802d479 [32m200[0m 140.495 ms - 490[0m
2022-07-09 20:31:43 info: [0mPOST /api/causas/obtenerCausaPorId [32m201[0m 77.553 ms - -[0m
2022-07-09 20:31:44 info: [0mPOST /api/clients/getClientById [32m201[0m 77.780 ms - 607[0m
2022-07-09 20:31:44 info: [0mGET /api/servicios/obtenerTipoServicios/ [32m200[0m 85.592 ms - 457[0m
2022-07-09 20:31:44 info: [0mGET /api/servicios/obtenerProcedimientos/ [32m200[0m 82.726 ms - 476[0m
2022-07-09 20:31:44 info: [0mGET /api/servicios/obtenerSubMateria/ [36m304[0m 88.994 ms - -[0m
2022-07-09 20:31:44 info: [0mPOST /api/users/user/62c2e800353557aac802d479 [32m200[0m 149.141 ms - 490[0m
2022-07-09 20:32:05 info: [0mPOST /api/causas/obtenerCausaPorId [32m201[0m 74.867 ms - -[0m
2022-07-09 20:32:06 info: [0mGET /api/users/getProcuradores [32m200[0m 77.120 ms - -[0m
2022-07-09 20:32:09 info: [0mPOST /api/causas/obtenerCausaPorId [32m201[0m 75.152 ms - -[0m
2022-07-09 20:32:09 info: [0mPOST /api/users/user/62c2e800353557aac802d479 [32m200[0m 153.167 ms - 490[0m
2022-07-09 20:32:09 info: [0mPOST /api/clients/getClientById [32m201[0m 76.056 ms - 607[0m
2022-07-09 20:32:09 info: [0mGET /api/servicios/obtenerProcedimientos/ [36m304[0m 75.713 ms - -[0m
2022-07-09 20:32:09 info: [0mGET /api/servicios/obtenerTipoServicios/ [36m304[0m 80.903 ms - -[0m
2022-07-09 20:32:13 info: [0mPOST /api/users/user/62c2e870353557aac802d480 [32m200[0m 146.915 ms - 498[0m
2022-07-09 20:32:24 info: [0mPOST /api/causas/obtenerCausasPorAbogado [32m201[0m 1.212 ms - 26[0m
2022-07-09 20:32:24 info: [0mPOST /api/causas/obtenerCausasPorAbogado [32m201[0m 1.373 ms - 26[0m
2022-07-09 20:32:26 info: [0mPOST /api/clients/getClientById [32m201[0m 87.531 ms - 607[0m
2022-07-09 20:32:27 info: [0mPOST /api/users/user/62c2e800353557aac802d479 [32m200[0m 148.901 ms - 490[0m
2022-07-09 20:32:55 info: [0mPOST /api/causas/obtenerCausasPorProcurador [32m201[0m 72.261 ms - -[0m
2022-07-09 20:32:55 info: [0mGET /api/causas/obtenerCausas [32m201[0m 74.925 ms - -[0m
2022-07-09 20:32:55 info: [0mGET /api/causas/obtenerCausas [32m201[0m 80.471 ms - -[0m
2022-07-09 20:32:55 info: [0mPOST /api/clients/getClientById [32m201[0m 73.034 ms - 607[0m
2022-07-09 20:32:55 info: [0mPOST /api/clients/getClientById [32m201[0m 84.640 ms - 607[0m
2022-07-09 20:32:55 info: [0mPOST /api/clients/getClientById [32m201[0m 88.820 ms - 607[0m
2022-07-09 20:32:56 info: [0mPOST /api/users/user/62c2e800353557aac802d479 [32m200[0m 142.254 ms - 490[0m
2022-07-09 20:32:56 info: [0mPOST /api/users/user/62c2e800353557aac802d479 [32m200[0m 142.386 ms - 490[0m
2022-07-09 20:32:56 info: [0mPOST /api/users/user/62c2e800353557aac802d479 [32m200[0m 148.449 ms - 490[0m
2022-07-09 20:35:00 info: [0mPOST /api/clients/getClientById [32m201[0m 73.399 ms - 607[0m
2022-07-09 20:35:00 info: [0mPOST /api/users/user/62c2e800353557aac802d479 [32m200[0m 142.355 ms - 490[0m
2022-07-09 20:35:00 info: [0mPOST /api/causas/obtenerCausasPorProcurador [32m201[0m 72.151 ms - -[0m
2022-07-09 20:35:00 info: [0mPOST /api/clients/getClientById [32m201[0m 72.106 ms - 607[0m
2022-07-09 20:35:00 info: [0mGET /api/causas/obtenerCausas [32m201[0m 73.566 ms - -[0m
2022-07-09 20:35:00 info: [0mGET /api/causas/obtenerCausas [32m201[0m 77.599 ms - -[0m
2022-07-09 20:35:01 info: [0mPOST /api/clients/getClientById [32m201[0m 75.520 ms - 607[0m
2022-07-09 20:35:01 info: [0mPOST /api/clients/getClientById [32m201[0m 73.632 ms - 607[0m
2022-07-09 20:35:01 info: [0mPOST /api/users/user/62c2e800353557aac802d479 [32m200[0m 152.035 ms - 490[0m
2022-07-09 20:35:02 info: [0mPOST /api/users/user/62c2e800353557aac802d479 [32m200[0m 146.879 ms - 490[0m
2022-07-09 20:35:02 info: [0mPOST /api/users/user/62c2e800353557aac802d479 [32m200[0m 148.679 ms - 490[0m
2022-07-09 20:35:04 info: [0mPOST /api/causas/obtenerCausasPorProcurador [32m201[0m 77.927 ms - -[0m
2022-07-09 20:35:04 info: [0mPOST /api/clients/getClientById [32m201[0m 82.312 ms - 607[0m
2022-07-09 20:35:04 info: [0mPOST /api/users/user/62c2e800353557aac802d479 [32m200[0m 149.242 ms - 490[0m
2022-07-09 20:35:07 info: [0mPOST /api/causas/obtenerCausasPorProcurador [32m201[0m 80.844 ms - -[0m
2022-07-09 20:35:07 info: [0mPOST /api/clients/getClientById [32m201[0m 76.535 ms - 607[0m
2022-07-09 20:35:08 info: [0mPOST /api/users/user/62c2e800353557aac802d479 [32m200[0m 145.945 ms - 490[0m
2022-07-09 20:35:12 info: [0mPOST /api/causas/obtenerCausasPorAbogado [32m201[0m 1.496 ms - 26[0m
2022-07-09 20:35:14 info: [0mPOST /api/clients/getClientById [32m201[0m 78.599 ms - 607[0m
2022-07-09 20:35:14 info: [0mPOST /api/users/user/62c2e800353557aac802d479 [32m200[0m 150.215 ms - 490[0m
2022-07-09 20:36:46 info: [0mPOST /api/clients/getClientById [32m201[0m 73.865 ms - 607[0m
2022-07-09 20:36:46 info: [0mPOST /api/users/user/62c2e800353557aac802d479 [32m200[0m 150.753 ms - 490[0m
2022-07-09 20:36:52 info: [0mPOST /api/clients/getClientById [32m201[0m 76.967 ms - 607[0m
2022-07-09 20:36:53 info: [0mPOST /api/users/user/62c2e800353557aac802d479 [32m200[0m 141.882 ms - 490[0m
2022-07-09 20:36:56 info: [0mGET /api/causas/obtenerCausas [32m201[0m 81.734 ms - -[0m
2022-07-09 20:36:56 info: [0mPOST /api/clients/getClientById [32m201[0m 75.460 ms - 607[0m
2022-07-09 20:36:57 info: [0mPOST /api/users/user/62c2e800353557aac802d479 [32m200[0m 144.803 ms - 490[0m
2022-07-09 20:36:58 info: [0mPOST /api/clients/getClientById [32m201[0m 73.746 ms - 607[0m
2022-07-09 20:36:58 info: [0mPOST /api/users/user/62c2e800353557aac802d479 [32m200[0m 149.038 ms - 490[0m
2022-07-09 20:37:04 info: [0mPOST /api/causas/obtenerCausasPorProcurador [32m201[0m 76.502 ms - -[0m
2022-07-09 20:37:05 info: [0mPOST /api/clients/getClientById [32m201[0m 73.105 ms - 607[0m
2022-07-09 20:37:05 info: [0mPOST /api/users/user/62c2e800353557aac802d479 [32m200[0m 148.814 ms - 490[0m
2022-07-09 20:37:06 info: [0mPOST /api/clients/getClientById [32m201[0m 74.724 ms - 607[0m
2022-07-09 20:37:06 info: [0mPOST /api/users/user/62c2e800353557aac802d479 [32m200[0m 151.858 ms - 490[0m
2022-07-09 20:37:38 info: [0mPOST /api/clients/getClientById [32m201[0m 75.244 ms - 607[0m
2022-07-09 20:37:38 info: [0mPOST /api/users/user/62c2e800353557aac802d479 [32m200[0m 169.537 ms - 490[0m
2022-07-09 20:37:47 info: [0mPOST /api/causas/obtenerCausasPorProcurador [32m201[0m 74.799 ms - -[0m
2022-07-09 20:37:47 info: [0mPOST /api/clients/getClientById [32m201[0m 76.594 ms - 607[0m
2022-07-09 20:37:47 info: [0mPOST /api/users/user/62c2e800353557aac802d479 [32m200[0m 146.271 ms - 490[0m
2022-07-09 20:37:49 info: [0mPOST /api/clients/getClientById [32m201[0m 80.431 ms - 607[0m
2022-07-09 20:37:49 info: [0mPOST /api/users/user/62c2e800353557aac802d479 [32m200[0m 150.046 ms - 490[0m
2022-07-09 20:38:06 info: [0mPOST /api/login [32m200[0m 137.220 ms - 645[0m
2022-07-09 20:38:06 info: [0mGET /api/roles/getRoles [36m304[0m 73.958 ms - -[0m
2022-07-09 20:38:11 info: [0mPOST /api/causas/obtenerCausasPorProcurador [32m201[0m 75.277 ms - -[0m
2022-07-09 20:38:11 info: [0mPOST /api/clients/getClientById [32m201[0m 81.088 ms - 607[0m
2022-07-09 20:38:11 info: [0mPOST /api/users/user/62c2e800353557aac802d479 [32m200[0m 145.419 ms - 490[0m
2022-07-09 20:38:14 info: [0mPOST /api/clients/getClientById [32m201[0m 75.078 ms - 607[0m
2022-07-09 20:38:14 info: [0mPOST /api/users/user/62c2e800353557aac802d479 [32m200[0m 150.535 ms - 490[0m
2022-07-09 20:38:36 info: [0mPOST /api/clients/getClientById [32m201[0m 72.538 ms - 607[0m
2022-07-09 20:38:36 info: [0mPOST /api/users/user/62c2e800353557aac802d479 [32m200[0m 148.008 ms - 490[0m
2022-07-09 20:38:48 info: [0mGET /api/clients/getAllClients [36m304[0m 82.597 ms - -[0m
2022-07-09 20:38:49 info: [0mPOST /api/causas/obtenerCausasPorAbogado [32m201[0m 2.589 ms - 26[0m
2022-07-09 20:38:52 info: [0mPOST /api/causas/obtenerCausasPorProcurador [32m201[0m 77.611 ms - -[0m
2022-07-09 20:38:52 info: [0mPOST /api/clients/getClientById [32m201[0m 75.571 ms - 607[0m
2022-07-09 20:38:52 info: [0mPOST /api/users/user/62c2e800353557aac802d479 [32m200[0m 150.456 ms - 490[0m
2022-07-09 20:41:01 info: [0mPOST /api/causas/obtenerCausasPorAbogado [32m201[0m 1.895 ms - 26[0m
2022-07-09 20:41:03 info: [0mPOST /api/clients/getClientById [32m201[0m 74.469 ms - 607[0m
2022-07-09 20:41:04 info: [0mPOST /api/users/user/62c2e800353557aac802d479 [32m200[0m 149.841 ms - 490[0m
2022-07-09 20:41:09 info: [0mPOST /api/causas/obtenerCausasPorProcurador [32m201[0m 74.273 ms - -[0m
2022-07-09 20:41:09 info: [0mPOST /api/clients/getClientById [32m201[0m 72.328 ms - 607[0m
2022-07-09 20:41:09 info: [0mPOST /api/users/user/62c2e800353557aac802d479 [32m200[0m 146.543 ms - 490[0m
2022-07-09 20:41:10 info: [0mPOST /api/clients/getClientById [32m201[0m 75.944 ms - 607[0m
2022-07-09 20:41:10 info: [0mPOST /api/users/user/62c2e800353557aac802d479 [32m200[0m 148.248 ms - 490[0m
2022-07-09 20:42:21 info: [0mPOST /api/causas/obtenerCausasPorProcurador [32m201[0m 78.254 ms - -[0m
2022-07-09 20:42:22 info: [0mPOST /api/clients/getClientById [32m201[0m 74.748 ms - 607[0m
2022-07-09 20:42:22 info: [0mPOST /api/users/user/62c2e800353557aac802d479 [32m200[0m 146.932 ms - 490[0m
2022-07-09 20:42:24 info: [0mPOST /api/causas/obtenerCausaPorId [32m201[0m 74.710 ms - -[0m
2022-07-09 20:42:24 info: [0mPOST /api/clients/getClientById [32m201[0m 76.766 ms - 607[0m
2022-07-09 20:42:24 info: [0mGET /api/servicios/obtenerTipoServicios/ [36m304[0m 77.277 ms - -[0m
2022-07-09 20:42:24 info: [0mPOST /api/users/user/62c2e800353557aac802d479 [32m200[0m 145.126 ms - 490[0m
2022-07-09 20:42:25 info: [0mGET /api/servicios/obtenerProcedimientos/ [36m304[0m 74.432 ms - -[0m
2022-07-09 20:42:25 info: [0mGET /api/servicios/obtenerSubMateria/ [36m304[0m 74.432 ms - -[0m
2022-07-09 20:42:27 info: [0mPOST /api/causas/obtenerCausasPorAbogado [32m201[0m 1.202 ms - 26[0m
2022-07-09 20:42:29 info: [0mPOST /api/causas/obtenerCausasPorAbogado [32m201[0m 1.191 ms - 26[0m
2022-07-09 20:42:30 info: [0mPOST /api/clients/getClientById [32m201[0m 71.329 ms - 607[0m
2022-07-09 20:42:30 info: [0mPOST /api/users/user/62c2e800353557aac802d479 [32m200[0m 150.741 ms - 490[0m
2022-07-09 20:42:32 info: [0mPOST /api/causas/obtenerCausaPorId [32m201[0m 77.653 ms - -[0m
2022-07-09 20:42:32 info: [0mPOST /api/causas/obtenerCausaPorId [32m201[0m 75.410 ms - -[0m
2022-07-09 20:42:33 info: [0mPOST /api/clients/getClientById [32m201[0m 74.335 ms - 607[0m
2022-07-09 20:42:33 info: [0mGET /api/servicios/obtenerTipoServicios/ [36m304[0m 76.734 ms - -[0m
2022-07-09 20:42:33 info: [0mGET /api/servicios/obtenerProcedimientos/ [36m304[0m 75.339 ms - -[0m
2022-07-09 20:42:33 info: [0mPOST /api/users/user/62c2e800353557aac802d479 [32m200[0m 157.434 ms - 490[0m
2022-07-09 20:42:33 info: [0mPOST /api/clients/getClientById [32m201[0m 78.509 ms - 607[0m
2022-07-09 20:42:33 info: [0mPOST /api/users/user/62c2e800353557aac802d479 [32m200[0m 145.609 ms - 490[0m
2022-07-09 20:42:33 info: [0mGET /api/servicios/obtenerSubMateria/ [36m304[0m 71.903 ms - -[0m
2022-07-09 20:42:33 info: [0mGET /api/servicios/obtenerTipoServicios/ [36m304[0m 81.695 ms - -[0m
2022-07-09 20:42:33 info: [0mGET /api/servicios/obtenerProcedimientos/ [36m304[0m 83.312 ms - -[0m
2022-07-09 20:43:26 info: [0mGET /api/clients/getAllClients [36m304[0m 74.767 ms - -[0m
2022-07-09 20:43:26 info: [0mGET /api/causas/obtenerCausas [32m201[0m 76.197 ms - -[0m
2022-07-09 20:43:31 info: [0mGET /api/clients/getAllClients [36m304[0m 76.327 ms - -[0m
2022-07-09 20:43:31 info: [0mGET /api/causas/obtenerCausas [32m201[0m 79.694 ms - -[0m
2022-07-09 20:44:02 info: [0mPOST /api/causas/obtenerCausasPorAbogado [32m201[0m 75.325 ms - 36[0m
2022-07-09 20:44:16 info: [0mGET /api/causas/obtenerCausas [32m201[0m 75.765 ms - -[0m
2022-07-09 20:44:16 info: [0mPOST /api/clients/getClientById [32m201[0m 76.071 ms - 607[0m
2022-07-09 20:44:17 info: [0mPOST /api/users/user/62c2e800353557aac802d479 [32m200[0m 157.295 ms - 490[0m
2022-07-09 20:44:17 info: [0mPOST /api/causas/obtenerCausaPorId [32m201[0m 77.490 ms - -[0m
2022-07-09 20:44:17 info: [0mPOST /api/users/user/62c2e800353557aac802d479 [32m200[0m 148.905 ms - 490[0m
2022-07-09 20:44:18 info: [0mGET /api/servicios/obtenerTipoServicios/ [32m200[0m 71.755 ms - 457[0m
2022-07-09 20:44:18 info: [0mPOST /api/clients/getClientById [32m201[0m 76.135 ms - 607[0m
2022-07-09 20:44:18 info: [0mGET /api/servicios/obtenerSubMateria/ [36m304[0m 72.972 ms - -[0m
2022-07-09 20:44:18 info: [0mGET /api/servicios/obtenerProcedimientos/ [32m200[0m 73.831 ms - 476[0m
2022-07-09 20:44:47 info: [0mPOST /api/login [32m200[0m 130.071 ms - 637[0m
2022-07-09 20:44:47 info: [0mGET /api/roles/getRoles [32m200[0m 73.015 ms - 581[0m
2022-07-09 20:44:49 info: [0mPOST /api/causas/obtenerCausasPorAbogado [32m201[0m 74.496 ms - -[0m
2022-07-09 20:44:50 info: [0mPOST /api/clients/getClientById [32m201[0m 80.304 ms - 607[0m
2022-07-09 20:44:50 info: [0mPOST /api/users/user/62c2e800353557aac802d479 [32m200[0m 147.691 ms - 490[0m
2022-07-09 20:44:53 info: [0mPOST /api/causas/obtenerCausaPorId [32m201[0m 76.223 ms - -[0m
2022-07-09 20:44:53 info: [0mPOST /api/users/user/62c2e800353557aac802d479 [32m200[0m 152.948 ms - 490[0m
2022-07-09 20:44:53 info: [0mPOST /api/clients/getClientById [32m201[0m 75.945 ms - 607[0m
2022-07-09 20:44:53 info: [0mGET /api/servicios/obtenerSubMateria/ [32m200[0m 72.799 ms - 327[0m
2022-07-09 20:44:53 info: [0mGET /api/servicios/obtenerTipoServicios/ [32m200[0m 74.304 ms - 457[0m
2022-07-09 20:44:53 info: [0mGET /api/servicios/obtenerProcedimientos/ [32m200[0m 76.000 ms - 476[0m
2022-07-09 20:45:59 info: [0mPOST /api/causas/obtenerCausaPorId [32m201[0m 73.365 ms - -[0m
2022-07-09 20:45:59 info: [0mPOST /api/users/user/62c2e800353557aac802d479 [32m200[0m 153.710 ms - 490[0m
2022-07-09 20:45:59 info: [0mPOST /api/clients/getClientById [32m201[0m 72.788 ms - 607[0m
2022-07-09 20:45:59 info: [0mGET /api/servicios/obtenerTipoServicios/ [36m304[0m 73.770 ms - -[0m
2022-07-09 20:45:59 info: [0mGET /api/servicios/obtenerProcedimientos/ [36m304[0m 72.234 ms - -[0m
2022-07-09 20:45:59 info: [0mGET /api/servicios/obtenerSubMateria/ [36m304[0m 76.316 ms - -[0m
2022-07-09 20:45:59 info: [0mPOST /api/causas/obtenerCausaPorId [32m201[0m 74.035 ms - -[0m
2022-07-09 20:45:59 info: [0mPOST /api/causas/obtenerCausaPorId [32m201[0m 77.464 ms - -[0m
2022-07-09 20:45:59 info: [0mPOST /api/users/user/62c2e800353557aac802d479 [32m200[0m 143.466 ms - 490[0m
2022-07-09 20:45:59 info: [0mPOST /api/users/user/62c2e800353557aac802d479 [32m200[0m 143.395 ms - 490[0m
2022-07-09 20:46:00 info: [0mPOST /api/clients/getClientById [32m201[0m 70.569 ms - 607[0m
2022-07-09 20:46:00 info: [0mGET /api/servicios/obtenerSubMateria/ [36m304[0m 74.600 ms - -[0m
2022-07-09 20:46:00 info: [0mGET /api/servicios/obtenerTipoServicios/ [36m304[0m 79.632 ms - -[0m
2022-07-09 20:46:00 info: [0mGET /api/servicios/obtenerProcedimientos/ [36m304[0m 77.285 ms - -[0m
2022-07-09 20:46:00 info: [0mPOST /api/clients/getClientById [32m201[0m 74.018 ms - 607[0m
2022-07-09 20:46:00 info: [0mGET /api/servicios/obtenerTipoServicios/ [36m304[0m 73.272 ms - -[0m
2022-07-09 20:46:00 info: [0mGET /api/servicios/obtenerSubMateria/ [36m304[0m 118.744 ms - -[0m
2022-07-09 20:46:00 info: [0mGET /api/servicios/obtenerProcedimientos/ [36m304[0m 119.917 ms - -[0m
2022-07-09 20:46:01 info: [0mPOST /api/causas/obtenerCausasPorAbogado [32m201[0m 1.095 ms - 26[0m
2022-07-09 20:46:03 info: [0mPOST /api/causas/obtenerCausaPorId [32m201[0m 88.393 ms - -[0m
2022-07-09 20:46:03 info: [0mPOST /api/causas/obtenerCausaPorId [32m201[0m 91.995 ms - -[0m
2022-07-09 20:46:03 info: [0mPOST /api/causas/obtenerCausaPorId [32m201[0m 80.597 ms - -[0m
2022-07-09 20:46:03 info: [0mPOST /api/users/user/62c2e800353557aac802d479 [32m200[0m 155.114 ms - 490[0m
2022-07-09 20:46:03 info: [0mPOST /api/clients/getClientById [32m201[0m 72.987 ms - 607[0m
2022-07-09 20:46:03 info: [0mGET /api/servicios/obtenerTipoServicios/ [36m304[0m 77.349 ms - -[0m
2022-07-09 20:46:03 info: [0mGET /api/servicios/obtenerProcedimientos/ [36m304[0m 77.456 ms - -[0m
2022-07-09 20:46:03 info: [0mPOST /api/clients/getClientById [32m201[0m 76.255 ms - 607[0m
2022-07-09 20:46:03 info: [0mPOST /api/users/user/62c2e800353557aac802d479 [32m200[0m 150.427 ms - 490[0m
2022-07-09 20:46:03 info: [0mPOST /api/users/user/62c2e800353557aac802d479 [32m200[0m 143.401 ms - 490[0m
2022-07-09 20:46:03 info: [0mPOST /api/clients/getClientById [32m201[0m 79.452 ms - 607[0m
2022-07-09 20:46:03 info: [0mGET /api/servicios/obtenerSubMateria/ [36m304[0m 86.341 ms - -[0m
2022-07-09 20:46:03 info: [0mGET /api/servicios/obtenerTipoServicios/ [36m304[0m 86.571 ms - -[0m
2022-07-09 20:46:03 info: [0mGET /api/servicios/obtenerProcedimientos/ [36m304[0m 69.187 ms - -[0m
2022-07-09 20:46:04 info: [0mGET /api/servicios/obtenerTipoServicios/ [36m304[0m 68.230 ms - -[0m
2022-07-09 20:46:04 info: [0mGET /api/servicios/obtenerProcedimientos/ [36m304[0m 69.186 ms - -[0m
2022-07-09 20:46:34 info: [0mPOST /api/causas/obtenerCausaPorId [32m201[0m 76.310 ms - -[0m
2022-07-09 20:46:34 info: [0mPOST /api/clients/getClientById [32m201[0m 76.706 ms - 607[0m
2022-07-09 20:46:35 info: [0mGET /api/servicios/obtenerTipoServicios/ [36m304[0m 75.547 ms - -[0m
2022-07-09 20:46:35 info: [0mPOST /api/users/user/62c2e800353557aac802d479 [32m200[0m 156.967 ms - 490[0m
2022-07-09 20:46:35 info: [0mGET /api/servicios/obtenerSubMateria/ [36m304[0m 71.471 ms - -[0m
2022-07-09 20:46:35 info: [0mGET /api/servicios/obtenerProcedimientos/ [36m304[0m 77.186 ms - -[0m
2022-07-09 20:55:38 info: [0mGET /api/causas/obtenerCausas [32m201[0m 74.120 ms - -[0m
2022-07-09 20:55:38 info: [0mGET /api/causas/obtenerCausas [32m201[0m 74.454 ms - -[0m
2022-07-09 20:55:38 info: [0mPOST /api/clients/getClientById [32m201[0m 74.310 ms - 607[0m
2022-07-09 20:55:38 info: [0mGET /api/causas/obtenerCausas [32m201[0m 77.348 ms - -[0m
2022-07-09 20:55:39 info: [0mPOST /api/clients/getClientById [32m201[0m 75.574 ms - 607[0m
2022-07-09 20:55:39 info: [0mPOST /api/users/user/62c2e800353557aac802d479 [32m200[0m 161.447 ms - 490[0m
2022-07-09 20:55:39 info: [0mGET /api/causas/obtenerCausas [32m201[0m 76.120 ms - -[0m
2022-07-09 20:55:39 info: [0mPOST /api/clients/getClientById [32m201[0m 75.165 ms - 607[0m
2022-07-09 20:55:39 info: [0mPOST /api/users/user/62c2e800353557aac802d479 [32m200[0m 143.611 ms - 490[0m
2022-07-09 20:55:39 info: [0mPOST /api/clients/getClientById [32m201[0m 75.736 ms - 607[0m
2022-07-09 20:55:39 info: [0mPOST /api/users/user/62c2e800353557aac802d479 [32m200[0m 142.652 ms - 490[0m
2022-07-09 20:55:39 info: [0mPOST /api/users/user/62c2e800353557aac802d479 [32m200[0m 152.192 ms - 490[0m
2022-07-09 20:59:50 info: [0mPOST /api/causas/obtenerCausasPorAbogado [32m201[0m 1.296 ms - 26[0m
2022-07-09 20:59:53 info: [0mPOST /api/causas/obtenerCausaPorId [32m201[0m 75.002 ms - -[0m
2022-07-09 20:59:53 info: [0mPOST /api/causas/obtenerCausaPorId [32m201[0m 73.445 ms - -[0m
2022-07-09 20:59:53 info: [0mPOST /api/causas/obtenerCausaPorId [32m201[0m 74.951 ms - -[0m
2022-07-09 20:59:53 info: [0mPOST /api/clients/getClientById [32m201[0m 78.132 ms - 607[0m
2022-07-09 20:59:53 info: [0mGET /api/servicios/obtenerProcedimientos/ [36m304[0m 73.182 ms - -[0m
2022-07-09 20:59:53 info: [0mGET /api/servicios/obtenerTipoServicios/ [36m304[0m 80.199 ms - -[0m
2022-07-09 20:59:53 info: [0mPOST /api/users/user/62c2e800353557aac802d479 [32m200[0m 160.254 ms - 490[0m
2022-07-09 20:59:53 info: [0mPOST /api/clients/getClientById [32m201[0m 75.441 ms - 607[0m
2022-07-09 20:59:54 info: [0mPOST /api/users/user/62c2e800353557aac802d479 [32m200[0m 139.815 ms - 490[0m
2022-07-09 20:59:54 info: [0mGET /api/servicios/obtenerProcedimientos/ [36m304[0m 71.515 ms - -[0m
2022-07-09 20:59:54 info: [0mPOST /api/clients/getClientById [32m201[0m 73.922 ms - 607[0m
2022-07-09 20:59:54 info: [0mPOST /api/users/user/62c2e800353557aac802d479 [32m200[0m 143.428 ms - 490[0m
2022-07-09 20:59:54 info: [0mGET /api/servicios/obtenerTipoServicios/ [36m304[0m 73.390 ms - -[0m
2022-07-09 20:59:54 info: [0mGET /api/servicios/obtenerProcedimientos/ [36m304[0m 69.194 ms - -[0m
2022-07-09 20:59:54 info: [0mGET /api/servicios/obtenerTipoServicios/ [36m304[0m 71.004 ms - -[0m
2022-07-09 21:01:20 info: [0mPOST /api/causas/obtenerCausaPorId [32m201[0m 74.081 ms - -[0m
2022-07-09 21:01:21 info: [0mPOST /api/users/user/62c2e800353557aac802d479 [32m200[0m 147.456 ms - 490[0m
2022-07-09 21:01:21 info: [0mPOST /api/clients/getClientById [32m201[0m 74.440 ms - 607[0m
2022-07-09 21:01:21 info: [0mGET /api/servicios/obtenerTipoServicios/ [36m304[0m 75.258 ms - -[0m
2022-07-09 21:01:21 info: [0mGET /api/servicios/obtenerProcedimientos/ [36m304[0m 74.861 ms - -[0m
2022-07-09 21:01:21 info: [0mGET /api/servicios/obtenerSubMateria/ [36m304[0m 79.559 ms - -[0m
2022-07-09 21:01:21 info: [0mPOST /api/causas/obtenerCausaPorId [32m201[0m 76.261 ms - -[0m
2022-07-09 21:01:21 info: [0mPOST /api/causas/obtenerCausaPorId [32m201[0m 78.746 ms - -[0m
2022-07-09 21:01:21 info: [0mPOST /api/users/user/62c2e800353557aac802d479 [32m200[0m 153.175 ms - 490[0m
2022-07-09 21:01:21 info: [0mPOST /api/users/user/62c2e800353557aac802d479 [32m200[0m 145.463 ms - 490[0m
2022-07-09 21:01:22 info: [0mPOST /api/clients/getClientById [32m201[0m 70.893 ms - 607[0m
2022-07-09 21:01:22 info: [0mGET /api/servicios/obtenerSubMateria/ [36m304[0m 72.758 ms - -[0m
2022-07-09 21:01:22 info: [0mGET /api/servicios/obtenerTipoServicios/ [36m304[0m 76.412 ms - -[0m
2022-07-09 21:01:22 info: [0mGET /api/servicios/obtenerProcedimientos/ [36m304[0m 77.983 ms - -[0m
2022-07-09 21:01:22 info: [0mPOST /api/clients/getClientById [32m201[0m 79.557 ms - 607[0m
2022-07-09 21:01:22 info: [0mGET /api/servicios/obtenerTipoServicios/ [36m304[0m 77.276 ms - -[0m
2022-07-09 21:01:22 info: [0mGET /api/servicios/obtenerSubMateria/ [36m304[0m 82.117 ms - -[0m
2022-07-09 21:01:22 info: [0mGET /api/servicios/obtenerProcedimientos/ [36m304[0m 81.078 ms - -[0m
2022-07-09 21:01:25 info: [0mPOST /api/users/user/62c2e870353557aac802d480 [32m200[0m 151.141 ms - 498[0m
2022-07-09 21:01:28 info: [0mPOST /api/causas/obtenerCausaPorId [32m201[0m 76.715 ms - -[0m
2022-07-09 21:01:28 info: [0mGET /api/users/getProcuradores [36m304[0m 78.536 ms - -[0m
2022-07-09 21:01:53 info: [0mPOST /api/causas/obtenerCausaPorId [32m201[0m 75.383 ms - -[0m
2022-07-09 21:01:54 info: [0mGET /api/users/getProcuradores [36m304[0m 75.661 ms - -[0m
2022-07-09 21:02:08 info: [0mPOST /api/causas/obtenerCausaPorId [32m201[0m 86.721 ms - -[0m
2022-07-09 21:02:08 info: [0mPOST /api/causas/obtenerCausaPorId [32m201[0m 80.161 ms - -[0m
2022-07-09 21:02:08 info: [0mPOST /api/causas/obtenerCausaPorId [32m201[0m 79.439 ms - -[0m
2022-07-09 21:02:08 info: [0mPOST /api/causas/obtenerCausaPorId [32m201[0m 90.909 ms - -[0m
2022-07-09 21:02:08 info: [0mPOST /api/users/user/62c2e800353557aac802d479 [32m200[0m 146.406 ms - 490[0m
2022-07-09 21:02:08 info: [0mPOST /api/clients/getClientById [32m201[0m 71.623 ms - 607[0m
2022-07-09 21:02:08 info: [0mGET /api/servicios/obtenerTipoServicios/ [36m304[0m 73.954 ms - -[0m
2022-07-09 21:02:08 info: [0mGET /api/servicios/obtenerProcedimientos/ [36m304[0m 75.571 ms - -[0m
2022-07-09 21:02:08 info: [0mPOST /api/clients/getClientById [32m201[0m 78.810 ms - 607[0m
2022-07-09 21:02:08 info: [0mPOST /api/users/user/62c2e800353557aac802d479 [32m200[0m 146.745 ms - 490[0m
2022-07-09 21:02:09 info: [0mPOST /api/users/user/62c2e800353557aac802d479 [32m200[0m 145.761 ms - 490[0m
2022-07-09 21:02:09 info: [0mPOST /api/clients/getClientById [32m201[0m 69.687 ms - 607[0m
2022-07-09 21:02:09 info: [0mPOST /api/clients/getClientById [32m201[0m 73.227 ms - 607[0m
2022-07-09 21:02:09 info: [0mGET /api/servicios/obtenerTipoServicios/ [36m304[0m 69.481 ms - -[0m
2022-07-09 21:02:09 info: [0mPOST /api/users/user/62c2e800353557aac802d479 [32m200[0m 144.221 ms - 490[0m
2022-07-09 21:02:09 info: [0mGET /api/servicios/obtenerProcedimientos/ [36m304[0m 70.362 ms - -[0m
2022-07-09 21:02:09 info: [0mGET /api/servicios/obtenerTipoServicios/ [36m304[0m 73.264 ms - -[0m
2022-07-09 21:02:09 info: [0mGET /api/servicios/obtenerProcedimientos/ [36m304[0m 70.855 ms - -[0m
2022-07-09 21:02:09 info: [0mGET /api/servicios/obtenerTipoServicios/ [36m304[0m 70.186 ms - -[0m
2022-07-09 21:02:10 info: [0mGET /api/servicios/obtenerProcedimientos/ [36m304[0m 68.984 ms - -[0m
2022-07-09 21:02:19 info: [0mPOST /api/causas/obtenerCausasPorAbogado [32m201[0m 1.194 ms - 26[0m
2022-07-09 21:03:17 info: [0mPOST /api/causas/obtenerCausasPorProcurador [32m201[0m 77.327 ms - -[0m
2022-07-09 21:03:17 info: [0mPOST /api/clients/getClientById [32m201[0m 74.067 ms - 607[0m
2022-07-09 21:03:17 info: [0mPOST /api/causas/obtenerCausasPorAbogado [32m201[0m 74.447 ms - -[0m
2022-07-09 21:03:17 info: [0mGET /api/causas/obtenerCausas [32m201[0m 78.141 ms - -[0m
2022-07-09 21:03:17 info: [0mPOST /api/clients/getClientById [32m201[0m 73.148 ms - 607[0m
2022-07-09 21:03:17 info: [0mPOST /api/clients/getClientById [32m201[0m 77.011 ms - 607[0m
2022-07-09 21:03:17 info: [0mPOST /api/users/user/62c2e800353557aac802d479 [32m200[0m 142.480 ms - 490[0m
2022-07-09 21:03:18 info: [0mPOST /api/users/user/62c2e800353557aac802d479 [32m200[0m 145.563 ms - 490[0m
2022-07-09 21:03:18 info: [0mPOST /api/users/user/62c2e800353557aac802d479 [32m200[0m 153.197 ms - 490[0m
2022-07-09 21:03:56 info: [0mPOST /api/causas/obtenerCausasPorProcurador [32m201[0m 74.621 ms - -[0m
2022-07-09 21:03:56 info: [0mPOST /api/clients/getClientById [32m201[0m 72.947 ms - 607[0m
2022-07-09 21:03:56 info: [0mGET /api/causas/obtenerCausas [32m201[0m 78.217 ms - -[0m
2022-07-09 21:03:56 info: [0mPOST /api/causas/obtenerCausasPorAbogado [32m201[0m 77.573 ms - -[0m
2022-07-09 21:03:56 info: [0mPOST /api/users/user/62c2e800353557aac802d479 [32m200[0m 151.307 ms - 490[0m
2022-07-09 21:03:57 info: [0mPOST /api/clients/getClientById [32m201[0m 74.011 ms - 607[0m
2022-07-09 21:03:57 info: [0mPOST /api/clients/getClientById [32m201[0m 76.058 ms - 607[0m
2022-07-09 21:03:57 info: [0mPOST /api/users/user/62c2e800353557aac802d479 [32m200[0m 146.124 ms - 490[0m
2022-07-09 21:03:57 info: [0mPOST /api/users/user/62c2e800353557aac802d479 [32m200[0m 147.471 ms - 490[0m
2022-07-09 21:04:07 info: [0mPOST /api/causas/obtenerCausasPorProcurador [32m201[0m 76.072 ms - -[0m
2022-07-09 21:04:07 info: [0mPOST /api/clients/getClientById [32m201[0m 76.650 ms - 607[0m
2022-07-09 21:04:07 info: [0mPOST /api/causas/obtenerCausasPorAbogado [32m201[0m 77.564 ms - -[0m
2022-07-09 21:04:07 info: [0mGET /api/causas/obtenerCausas [32m201[0m 80.324 ms - -[0m
2022-07-09 21:04:07 info: [0mPOST /api/users/user/62c2e800353557aac802d479 [32m200[0m 145.999 ms - 490[0m
2022-07-09 21:04:08 info: [0mPOST /api/clients/getClientById [32m201[0m 73.567 ms - 607[0m
2022-07-09 21:04:08 info: [0mPOST /api/clients/getClientById [32m201[0m 74.572 ms - 607[0m
2022-07-09 21:04:08 info: [0mPOST /api/users/user/62c2e800353557aac802d479 [32m200[0m 152.031 ms - 490[0m
2022-07-09 21:04:08 info: [0mPOST /api/users/user/62c2e800353557aac802d479 [32m200[0m 148.803 ms - 490[0m
2022-07-09 21:04:33 info: [0mPOST /api/causas/obtenerCausasPorProcurador [32m201[0m 76.901 ms - -[0m
2022-07-09 21:04:34 info: [0mPOST /api/clients/getClientById [32m201[0m 76.893 ms - 607[0m
2022-07-09 21:04:34 info: [0mPOST /api/users/user/62c2e800353557aac802d479 [32m200[0m 145.645 ms - 490[0m
2022-07-09 21:04:34 info: [0mPOST /api/causas/obtenerCausasPorAbogado [32m201[0m 74.369 ms - -[0m
2022-07-09 21:04:34 info: [0mGET /api/causas/obtenerCausas [32m201[0m 76.805 ms - -[0m
2022-07-09 21:04:35 info: [0mPOST /api/clients/getClientById [32m201[0m 79.362 ms - 607[0m
2022-07-09 21:04:35 info: [0mPOST /api/clients/getClientById [32m201[0m 81.889 ms - 607[0m
2022-07-09 21:04:35 info: [0mPOST /api/users/user/62c2e800353557aac802d479 [32m200[0m 145.819 ms - 490[0m
2022-07-09 21:04:35 info: [0mPOST /api/users/user/62c2e800353557aac802d479 [32m200[0m 153.800 ms - 490[0m
2022-07-09 21:05:36 info: [0mPOST /api/causas/obtenerCausasPorProcurador [32m201[0m 254.348 ms - -[0m
2022-07-09 21:05:36 info: [0mPOST /api/clients/getClientById [32m201[0m 283.918 ms - 607[0m
2022-07-09 21:05:36 info: [0mGET /api/causas/obtenerCausas [32m201[0m 113.577 ms - -[0m
2022-07-09 21:05:36 info: [0mPOST /api/causas/obtenerCausasPorAbogado [32m201[0m 111.993 ms - -[0m
2022-07-09 21:05:37 info: [0mPOST /api/clients/getClientById [32m201[0m 313.435 ms - 607[0m
2022-07-09 21:05:37 info: [0mPOST /api/clients/getClientById [32m201[0m 489.784 ms - 607[0m
2022-07-09 21:05:37 info: [0mPOST /api/users/user/62c2e800353557aac802d479 [32m200[0m 725.202 ms - 490[0m
2022-07-09 21:05:37 info: [0mPOST /api/users/user/62c2e800353557aac802d479 [32m200[0m 343.802 ms - 490[0m
2022-07-09 21:05:37 info: [0mPOST /api/users/user/62c2e800353557aac802d479 [32m200[0m 369.997 ms - 490[0m
2022-07-09 21:06:01 info: [0mPOST /api/causas/obtenerCausasPorProcurador [32m201[0m 75.996 ms - -[0m
2022-07-09 21:06:02 info: [0mPOST /api/clients/getClientById [32m201[0m 73.746 ms - 607[0m
2022-07-09 21:06:02 info: [0mPOST /api/users/user/62c2e800353557aac802d479 [32m200[0m 146.805 ms - 490[0m
2022-07-09 21:06:03 info: [0mGET /api/causas/obtenerCausas [32m201[0m 78.331 ms - -[0m
2022-07-09 21:06:03 info: [0mPOST /api/causas/obtenerCausasPorAbogado [32m201[0m 78.196 ms - -[0m
2022-07-09 21:06:03 info: [0mPOST /api/clients/getClientById [32m201[0m 76.967 ms - 607[0m
2022-07-09 21:06:03 info: [0mPOST /api/clients/getClientById [32m201[0m 82.218 ms - 607[0m
2022-07-09 21:06:03 info: [0mPOST /api/users/user/62c2e800353557aac802d479 [32m200[0m 146.509 ms - 490[0m
2022-07-09 21:06:03 info: [0mPOST /api/users/user/62c2e800353557aac802d479 [32m200[0m 154.242 ms - 490[0m
2022-07-09 21:06:10 info: [0mGET /api/causas/obtenerCausas [32m201[0m 74.414 ms - -[0m
2022-07-09 21:06:10 info: [0mPOST /api/clients/getClientById [32m201[0m 75.916 ms - 607[0m
2022-07-09 21:06:10 info: [0mPOST /api/users/user/62c2e800353557aac802d479 [32m200[0m 148.653 ms - 490[0m
2022-07-09 21:06:21 info: [0mGET /api/causas/obtenerCausas [32m201[0m 79.412 ms - -[0m
2022-07-09 21:06:21 info: [0mPOST /api/clients/getClientById [32m201[0m 75.525 ms - 607[0m
2022-07-09 21:06:22 info: [0mPOST /api/users/user/62c2e800353557aac802d479 [32m200[0m 148.590 ms - 490[0m
2022-07-09 21:06:23 info: [0mGET /api/clients/getAllClients [36m304[0m 78.300 ms - -[0m
2022-07-09 21:06:23 info: [0mGET /api/causas/obtenerCausas [32m201[0m 79.508 ms - -[0m
2022-07-09 21:06:24 info: [0mGET /api/clients/getAllClients [36m304[0m 73.784 ms - -[0m
2022-07-09 21:06:24 info: [0mGET /api/causas/obtenerCausas [32m201[0m 80.926 ms - -[0m
2022-07-09 21:06:25 info: [0mGET /api/causas/obtenerCausas [32m201[0m 74.157 ms - -[0m
2022-07-09 21:06:26 info: [0mPOST /api/clients/getClientById [32m201[0m 74.819 ms - 607[0m
2022-07-09 21:06:26 info: [0mPOST /api/users/user/62c2e800353557aac802d479 [32m200[0m 146.070 ms - 490[0m
2022-07-09 21:06:32 info: [0mGET /api/causas/obtenerCausas [32m201[0m 72.939 ms - -[0m
2022-07-09 21:06:32 info: [0mPOST /api/clients/getClientById [32m201[0m 77.098 ms - 607[0m
2022-07-09 21:06:32 info: [0mPOST /api/users/user/62c2e800353557aac802d479 [32m200[0m 150.732 ms - 490[0m
2022-07-09 21:06:35 info: [0mGET /api/causas/obtenerCausas [32m201[0m 78.133 ms - -[0m
2022-07-09 21:06:35 info: [0mPOST /api/clients/getClientById [32m201[0m 79.404 ms - 607[0m
2022-07-09 21:06:35 info: [0mPOST /api/users/user/62c2e800353557aac802d479 [32m200[0m 154.514 ms - 490[0m
2022-07-09 21:08:48 info: [0mGET /api/causas/obtenerCausas [32m201[0m 73.342 ms - -[0m
2022-07-09 21:08:48 info: [0mPOST /api/clients/getClientById [32m201[0m 74.712 ms - 607[0m
2022-07-09 21:08:48 info: [0mPOST /api/causas/obtenerCausasPorProcurador [32m201[0m 77.084 ms - -[0m
2022-07-09 21:08:48 info: [0mPOST /api/causas/obtenerCausasPorAbogado [32m201[0m 76.648 ms - -[0m
2022-07-09 21:08:48 info: [0mGET /api/causas/obtenerCausas [32m201[0m 83.196 ms - -[0m
2022-07-09 21:08:48 info: [0mPOST /api/users/user/62c2e800353557aac802d479 [32m200[0m 147.386 ms - 490[0m
2022-07-09 21:08:48 info: [0mPOST /api/clients/getClientById [32m201[0m 74.037 ms - 607[0m
2022-07-09 21:08:48 info: [0mPOST /api/clients/getClientById [32m201[0m 73.123 ms - 607[0m
2022-07-09 21:08:48 info: [0mPOST /api/clients/getClientById [32m201[0m 74.425 ms - 607[0m
2022-07-09 21:08:49 info: [0mPOST /api/users/user/62c2e800353557aac802d479 [32m200[0m 143.100 ms - 490[0m
2022-07-09 21:08:49 info: [0mPOST /api/users/user/62c2e800353557aac802d479 [32m200[0m 144.664 ms - 490[0m
2022-07-09 21:08:49 info: [0mPOST /api/users/user/62c2e800353557aac802d479 [32m200[0m 142.444 ms - 490[0m
2022-07-09 21:09:52 info: [0mGET /api/causas/obtenerCausas [32m201[0m 71.830 ms - -[0m
2022-07-09 21:09:52 info: [0mPOST /api/clients/getClientById [32m201[0m 75.147 ms - 607[0m
2022-07-09 21:09:53 info: [0mPOST /api/users/user/62c2e800353557aac802d479 [32m200[0m 150.183 ms - 490[0m
2022-07-09 21:09:53 info: [0mPOST /api/causas/obtenerCausasPorProcurador [32m201[0m 85.644 ms - -[0m
2022-07-09 21:09:53 info: [0mGET /api/causas/obtenerCausas [32m201[0m 84.151 ms - -[0m
2022-07-09 21:09:53 info: [0mPOST /api/causas/obtenerCausasPorAbogado [32m201[0m 89.571 ms - -[0m
2022-07-09 21:09:53 info: [0mPOST /api/clients/getClientById [32m201[0m 72.981 ms - 607[0m
2022-07-09 21:09:53 info: [0mPOST /api/clients/getClientById [32m201[0m 77.132 ms - 607[0m
2022-07-09 21:09:53 info: [0mPOST /api/clients/getClientById [32m201[0m 76.323 ms - 607[0m
2022-07-09 21:09:54 info: [0mPOST /api/users/user/62c2e800353557aac802d479 [32m200[0m 143.629 ms - 490[0m
2022-07-09 21:09:54 info: [0mPOST /api/users/user/62c2e800353557aac802d479 [32m200[0m 147.997 ms - 490[0m
2022-07-09 21:09:54 info: [0mPOST /api/users/user/62c2e800353557aac802d479 [32m200[0m 150.359 ms - 490[0m
2022-07-09 21:10:58 info: [0mGET /api/causas/obtenerCausas [32m201[0m 74.849 ms - -[0m
2022-07-09 21:10:59 info: [0mPOST /api/clients/getClientById [32m201[0m 74.183 ms - 607[0m
2022-07-09 21:10:59 info: [0mPOST /api/users/user/62c2e800353557aac802d479 [32m200[0m 148.526 ms - 490[0m
2022-07-09 21:10:59 info: [0mPOST /api/causas/obtenerCausasPorProcurador [32m201[0m 74.518 ms - -[0m
2022-07-09 21:10:59 info: [0mPOST /api/causas/obtenerCausasPorAbogado [32m201[0m 75.082 ms - -[0m
2022-07-09 21:10:59 info: [0mGET /api/causas/obtenerCausas [32m201[0m 75.217 ms - -[0m
2022-07-09 21:10:59 info: [0mPOST /api/clients/getClientById [32m201[0m 76.888 ms - 607[0m
2022-07-09 21:10:59 info: [0mPOST /api/clients/getClientById [32m201[0m 73.135 ms - 607[0m
2022-07-09 21:10:59 info: [0mPOST /api/clients/getClientById [32m201[0m 80.818 ms - 607[0m
2022-07-09 21:11:00 info: [0mPOST /api/users/user/62c2e800353557aac802d479 [32m200[0m 143.976 ms - 490[0m
2022-07-09 21:11:00 info: [0mPOST /api/users/user/62c2e800353557aac802d479 [32m200[0m 146.227 ms - 490[0m
2022-07-09 21:11:00 info: [0mPOST /api/users/user/62c2e800353557aac802d479 [32m200[0m 155.500 ms - 490[0m
2022-07-09 21:11:20 info: [0mGET /api/causas/obtenerCausas [32m201[0m 75.899 ms - -[0m
2022-07-09 21:11:20 info: [0mPOST /api/clients/getClientById [32m201[0m 76.740 ms - 607[0m
2022-07-09 21:11:20 info: [0mPOST /api/users/user/62c2e800353557aac802d479 [32m200[0m 153.530 ms - 490[0m
2022-07-09 21:11:38 info: [0mGET /api/causas/obtenerCausas [32m201[0m 87.028 ms - -[0m
2022-07-09 21:11:38 info: [0mPOST /api/clients/getClientById [32m201[0m 82.212 ms - 607[0m
2022-07-09 21:11:39 info: [0mPOST /api/users/user/62c2e800353557aac802d479 [32m200[0m 149.622 ms - 490[0m
2022-07-09 21:12:00 info: [0mGET /api/causas/obtenerCausas [32m201[0m 76.194 ms - -[0m
2022-07-09 21:12:00 info: [0mPOST /api/clients/getClientById [32m201[0m 79.611 ms - 607[0m
2022-07-09 21:12:00 info: [0mPOST /api/causas/obtenerCausasPorProcurador [32m201[0m 78.041 ms - -[0m
2022-07-09 21:12:00 info: [0mPOST /api/causas/obtenerCausasPorAbogado [32m201[0m 81.863 ms - -[0m
2022-07-09 21:12:00 info: [0mPOST /api/users/user/62c2e800353557aac802d479 [32m200[0m 152.983 ms - 490[0m
2022-07-09 21:12:00 info: [0mGET /api/causas/obtenerCausas [32m201[0m 80.456 ms - -[0m
2022-07-09 21:12:00 info: [0mPOST /api/clients/getClientById [32m201[0m 77.867 ms - 607[0m
2022-07-09 21:12:00 info: [0mPOST /api/clients/getClientById [32m201[0m 78.945 ms - 607[0m
2022-07-09 21:12:00 info: [0mPOST /api/clients/getClientById [32m201[0m 79.529 ms - 607[0m
2022-07-09 21:12:01 info: [0mPOST /api/users/user/62c2e800353557aac802d479 [32m200[0m 147.363 ms - 490[0m
2022-07-09 21:12:01 info: [0mPOST /api/users/user/62c2e800353557aac802d479 [32m200[0m 147.655 ms - 490[0m
2022-07-09 21:12:01 info: [0mPOST /api/users/user/62c2e800353557aac802d479 [32m200[0m 143.860 ms - 490[0m
2022-07-09 21:12:50 info: [0mGET /api/causas/obtenerCausas [32m201[0m 74.266 ms - -[0m
2022-07-09 21:12:51 info: [0mPOST /api/clients/getClientById [32m201[0m 74.246 ms - 607[0m
2022-07-09 21:12:51 info: [0mPOST /api/users/user/62c2e800353557aac802d479 [32m200[0m 149.225 ms - 490[0m
2022-07-09 21:12:51 info: [0mGET /api/causas/obtenerCausas [32m201[0m 76.441 ms - -[0m
2022-07-09 21:12:51 info: [0mPOST /api/causas/obtenerCausasPorProcurador [32m201[0m 76.796 ms - -[0m
2022-07-09 21:12:51 info: [0mPOST /api/causas/obtenerCausasPorAbogado [32m201[0m 78.964 ms - -[0m
2022-07-09 21:12:51 info: [0mPOST /api/clients/getClientById [32m201[0m 74.602 ms - 607[0m
2022-07-09 21:12:51 info: [0mPOST /api/clients/getClientById [32m201[0m 76.340 ms - 607[0m
2022-07-09 21:12:51 info: [0mPOST /api/clients/getClientById [32m201[0m 76.123 ms - 607[0m
2022-07-09 21:12:52 info: [0mPOST /api/users/user/62c2e800353557aac802d479 [32m200[0m 147.025 ms - 490[0m
2022-07-09 21:12:52 info: [0mPOST /api/users/user/62c2e800353557aac802d479 [32m200[0m 149.318 ms - 490[0m
2022-07-09 21:12:52 info: [0mPOST /api/users/user/62c2e800353557aac802d479 [32m200[0m 149.371 ms - 490[0m
2022-07-09 21:13:03 info: [0mGET /api/causas/obtenerCausas [32m201[0m 74.944 ms - -[0m
2022-07-09 21:13:03 info: [0mPOST /api/clients/getClientById [32m201[0m 79.821 ms - 607[0m
2022-07-09 21:13:03 info: [0mPOST /api/users/user/62c2e800353557aac802d479 [32m200[0m 148.608 ms - 490[0m
2022-07-09 21:13:07 info: [0mPOST /api/causas/obtenerCausasPorAbogado [32m201[0m 1.219 ms - 26[0m
2022-07-09 21:13:15 info: [0mPOST /api/causas/obtenerCausasPorProcurador [32m201[0m 73.940 ms - 36[0m
2022-07-09 21:13:19 info: [0mPOST /api/causas/obtenerCausasPorProcurador [32m201[0m 74.356 ms - -[0m
2022-07-09 21:13:19 info: [0mPOST /api/clients/getClientById [32m201[0m 72.580 ms - 607[0m
2022-07-09 21:13:20 info: [0mPOST /api/users/user/62c2e800353557aac802d479 [32m200[0m 145.603 ms - 490[0m
2022-07-09 21:13:37 info: [0mPOST /api/causas/obtenerCausasPorProcurador [32m201[0m 76.313 ms - -[0m
2022-07-09 21:13:37 info: [0mPOST /api/clients/getClientById [32m201[0m 75.955 ms - 607[0m
2022-07-09 21:13:37 info: [0mPOST /api/causas/obtenerCausasPorAbogado [32m201[0m 73.990 ms - -[0m
2022-07-09 21:13:37 info: [0mPOST /api/causas/obtenerCausasPorProcurador [32m201[0m 76.319 ms - 36[0m
2022-07-09 21:13:37 info: [0mGET /api/causas/obtenerCausas [32m201[0m 75.662 ms - -[0m
2022-07-09 21:13:37 info: [0mGET /api/causas/obtenerCausas [32m201[0m 77.224 ms - -[0m
2022-07-09 21:13:37 info: [0mPOST /api/clients/getClientById [32m201[0m 72.901 ms - 607[0m
2022-07-09 21:13:37 info: [0mPOST /api/users/user/62c2e800353557aac802d479 [32m200[0m 155.769 ms - 490[0m
2022-07-09 21:13:37 info: [0mPOST /api/users/user/62c2e800353557aac802d479 [32m200[0m 146.808 ms - 490[0m
2022-07-09 21:13:38 info: [0mPOST /api/clients/getClientById [32m201[0m 73.430 ms - 607[0m
2022-07-09 21:13:38 info: [0mPOST /api/clients/getClientById [32m201[0m 71.647 ms - 607[0m
2022-07-09 21:13:38 info: [0mPOST /api/users/user/62c2e800353557aac802d479 [32m200[0m 151.445 ms - 490[0m
2022-07-09 21:13:38 info: [0mPOST /api/users/user/62c2e800353557aac802d479 [32m200[0m 153.954 ms - 490[0m
2022-07-09 21:13:42 info: [0mPOST /api/causas/obtenerCausasPorProcurador [32m201[0m 75.129 ms - -[0m
2022-07-09 21:13:42 info: [0mPOST /api/clients/getClientById [32m201[0m 74.077 ms - 607[0m
2022-07-09 21:13:43 info: [0mPOST /api/users/user/62c2e800353557aac802d479 [32m200[0m 155.292 ms - 490[0m
2022-07-09 21:13:50 info: [0mPOST /api/causas/obtenerCausasPorProcurador [32m201[0m 73.930 ms - -[0m
2022-07-09 21:13:50 info: [0mPOST /api/clients/getClientById [32m201[0m 75.239 ms - 607[0m
2022-07-09 21:13:50 info: [0mPOST /api/users/user/62c2e800353557aac802d479 [32m200[0m 151.334 ms - 490[0m
2022-07-09 21:13:50 info: [0mPOST /api/causas/obtenerCausasPorProcurador [32m201[0m 73.080 ms - 36[0m
2022-07-09 21:13:50 info: [0mPOST /api/causas/obtenerCausasPorAbogado [32m201[0m 74.815 ms - -[0m
2022-07-09 21:13:50 info: [0mGET /api/causas/obtenerCausas [32m201[0m 78.101 ms - -[0m
2022-07-09 21:13:50 info: [0mGET /api/causas/obtenerCausas [32m201[0m 77.868 ms - -[0m
2022-07-09 21:13:51 info: [0mPOST /api/clients/getClientById [32m201[0m 71.718 ms - 607[0m
2022-07-09 21:13:51 info: [0mPOST /api/clients/getClientById [32m201[0m 81.272 ms - 607[0m
2022-07-09 21:13:51 info: [0mPOST /api/clients/getClientById [32m201[0m 85.404 ms - 607[0m
2022-07-09 21:13:51 info: [0mPOST /api/users/user/62c2e800353557aac802d479 [32m200[0m 146.264 ms - 490[0m
2022-07-09 21:13:51 info: [0mPOST /api/users/user/62c2e800353557aac802d479 [32m200[0m 143.010 ms - 490[0m
2022-07-09 21:13:51 info: [0mPOST /api/users/user/62c2e800353557aac802d479 [32m200[0m 146.584 ms - 490[0m
2022-07-09 21:13:52 info: [0mPOST /api/causas/obtenerCausasPorProcurador [32m201[0m 72.624 ms - -[0m
2022-07-09 21:13:52 info: [0mPOST /api/clients/getClientById [32m201[0m 73.028 ms - 607[0m
2022-07-09 21:13:52 info: [0mPOST /api/users/user/62c2e800353557aac802d479 [32m200[0m 146.039 ms - 490[0m
2022-07-09 21:13:58 info: [0mGET /api/causas/obtenerCausas [32m201[0m 73.902 ms - -[0m
2022-07-09 21:13:58 info: [0mPOST /api/clients/getClientById [32m201[0m 89.468 ms - 607[0m
2022-07-09 21:13:58 info: [0mPOST /api/users/user/62c2e800353557aac802d479 [32m200[0m 147.485 ms - 490[0m
2022-07-09 21:14:03 info: [0mGET /api/causas/obtenerCausas [32m201[0m 79.853 ms - -[0m
2022-07-09 21:14:03 info: [0mPOST /api/clients/getClientById [32m201[0m 80.488 ms - 607[0m
2022-07-09 21:14:03 info: [0mPOST /api/users/user/62c2e800353557aac802d479 [32m200[0m 146.475 ms - 490[0m
2022-07-09 21:14:27 info: [0mGET /api/causas/obtenerCausas [32m201[0m 76.672 ms - -[0m
2022-07-09 21:14:27 info: [0mPOST /api/clients/getClientById [32m201[0m 82.148 ms - 607[0m
2022-07-09 21:14:27 info: [0mPOST /api/users/user/62c2e800353557aac802d479 [32m200[0m 150.544 ms - 490[0m
2022-07-09 21:14:27 info: [0mPOST /api/causas/obtenerCausasPorProcurador [32m201[0m 73.038 ms - 36[0m
2022-07-09 21:14:27 info: [0mPOST /api/causas/obtenerCausasPorAbogado [32m201[0m 76.039 ms - -[0m
2022-07-09 21:14:27 info: [0mGET /api/causas/obtenerCausas [32m201[0m 76.189 ms - -[0m
2022-07-09 21:14:27 info: [0mPOST /api/causas/obtenerCausasPorProcurador [32m201[0m 81.606 ms - -[0m
2022-07-09 21:14:27 info: [0mPOST /api/clients/getClientById [32m201[0m 72.530 ms - 607[0m
2022-07-09 21:14:27 info: [0mPOST /api/users/user/62c2e800353557aac802d479 [32m200[0m 154.005 ms - 490[0m
2022-07-09 21:14:28 info: [0mPOST /api/clients/getClientById [32m201[0m 75.821 ms - 607[0m
2022-07-09 21:14:28 info: [0mPOST /api/clients/getClientById [32m201[0m 83.560 ms - 607[0m
2022-07-09 21:14:28 info: [0mPOST /api/users/user/62c2e800353557aac802d479 [32m200[0m 155.089 ms - 490[0m
2022-07-09 21:14:28 info: [0mPOST /api/users/user/62c2e800353557aac802d479 [32m200[0m 154.415 ms - 490[0m
2022-07-09 21:14:38 info: [0mPOST /api/causas/obtenerCausasPorProcurador [32m201[0m 79.289 ms - -[0m
2022-07-09 21:14:38 info: [0mPOST /api/clients/getClientById [32m201[0m 75.014 ms - 607[0m
2022-07-09 21:14:38 info: [0mPOST /api/users/user/62c2e800353557aac802d479 [32m200[0m 144.794 ms - 490[0m
2022-07-09 21:14:44 info: [0mPOST /api/causas/obtenerCausasPorAbogado [32m201[0m 2.164 ms - 26[0m
2022-07-09 21:14:44 info: [0mPOST /api/causas/obtenerCausasPorAbogado [32m201[0m 1.177 ms - 26[0m
2022-07-09 21:14:44 info: [0mPOST /api/causas/obtenerCausasPorAbogado [32m201[0m 1.325 ms - 26[0m
2022-07-09 21:14:44 info: [0mPOST /api/causas/obtenerCausasPorAbogado [32m201[0m 1.560 ms - 26[0m
2022-07-09 21:14:44 info: [0mPOST /api/causas/obtenerCausasPorAbogado [32m201[0m 1.643 ms - 26[0m
2022-07-09 21:14:44 info: [0mPOST /api/causas/obtenerCausasPorAbogado [32m201[0m 1.541 ms - 26[0m
2022-07-09 21:14:44 info: [0mPOST /api/causas/obtenerCausasPorAbogado [32m201[0m 1.292 ms - 26[0m
2022-07-09 21:14:44 info: [0mPOST /api/causas/obtenerCausasPorAbogado [32m201[0m 1.308 ms - 26[0m
2022-07-09 21:14:44 info: [0mPOST /api/causas/obtenerCausasPorAbogado [32m201[0m 2.120 ms - 26[0m
2022-07-09 21:14:44 info: [0mPOST /api/causas/obtenerCausasPorAbogado [32m201[0m 1.178 ms - 26[0m
2022-07-09 21:14:44 info: [0mPOST /api/causas/obtenerCausasPorAbogado [32m201[0m 1.578 ms - 26[0m
2022-07-09 21:14:44 info: [0mPOST /api/causas/obtenerCausasPorAbogado [32m201[0m 1.405 ms - 26[0m
2022-07-09 21:14:44 info: [0mPOST /api/causas/obtenerCausasPorAbogado [32m201[0m 1.123 ms - 26[0m
2022-07-09 21:14:44 info: [0mPOST /api/causas/obtenerCausasPorAbogado [32m201[0m 1.462 ms - 26[0m
2022-07-09 21:14:44 info: [0mPOST /api/causas/obtenerCausasPorAbogado [32m201[0m 1.464 ms - 26[0m
2022-07-09 21:14:46 info: [0mPOST /api/causas/obtenerCausasPorAbogado [32m201[0m 76.045 ms - -[0m
2022-07-09 21:14:46 info: [0mPOST /api/clients/getClientById [32m201[0m 76.994 ms - 607[0m
2022-07-09 21:14:46 info: [0mPOST /api/users/user/62c2e800353557aac802d479 [32m200[0m 149.041 ms - 490[0m
2022-07-09 21:15:04 info: [0mPOST /api/causas/obtenerCausasPorAbogado [32m201[0m 77.330 ms - -[0m
2022-07-09 21:15:04 info: [0mPOST /api/clients/getClientById [32m201[0m 73.154 ms - 607[0m
2022-07-09 21:15:04 info: [0mPOST /api/causas/obtenerCausasPorProcurador [32m201[0m 74.290 ms - 36[0m
2022-07-09 21:15:04 info: [0mGET /api/causas/obtenerCausas [32m201[0m 75.636 ms - -[0m
2022-07-09 21:15:04 info: [0mGET /api/causas/obtenerCausas [32m201[0m 80.070 ms - -[0m
2022-07-09 21:15:04 info: [0mPOST /api/causas/obtenerCausasPorProcurador [32m201[0m 89.037 ms - -[0m
2022-07-09 21:15:04 info: [0mPOST /api/clients/getClientById [32m201[0m 77.134 ms - 607[0m
2022-07-09 21:15:04 info: [0mPOST /api/clients/getClientById [32m201[0m 76.922 ms - 607[0m
2022-07-09 21:15:04 info: [0mPOST /api/users/user/62c2e800353557aac802d479 [32m200[0m 153.595 ms - 490[0m
2022-07-09 21:15:04 info: [0mPOST /api/clients/getClientById [32m201[0m 80.185 ms - 607[0m
2022-07-09 21:15:05 info: [0mPOST /api/users/user/62c2e800353557aac802d479 [32m200[0m 144.862 ms - 490[0m
2022-07-09 21:15:05 info: [0mPOST /api/users/user/62c2e800353557aac802d479 [32m200[0m 142.431 ms - 490[0m
2022-07-09 21:15:05 info: [0mPOST /api/users/user/62c2e800353557aac802d479 [32m200[0m 145.999 ms - 490[0m
2022-07-09 21:15:11 info: [0mPOST /api/causas/obtenerCausasPorProcurador [32m201[0m 77.422 ms - -[0m
2022-07-09 21:15:11 info: [0mPOST /api/clients/getClientById [32m201[0m 72.763 ms - 607[0m
2022-07-09 21:15:11 info: [0mPOST /api/users/user/62c2e800353557aac802d479 [32m200[0m 146.351 ms - 490[0m
2022-07-09 21:16:24 info: [0mPOST /api/causas/obtenerCausasPorProcurador [32m201[0m 84.231 ms - 36[0m
2022-07-09 21:16:24 info: [0mPOST /api/causas/obtenerCausasPorProcurador [32m201[0m 81.748 ms - -[0m
2022-07-09 21:16:24 info: [0mPOST /api/causas/obtenerCausasPorAbogado [32m201[0m 92.902 ms - -[0m
2022-07-09 21:16:24 info: [0mGET /api/causas/obtenerCausas [32m201[0m 92.314 ms - -[0m
2022-07-09 21:16:24 info: [0mGET /api/causas/obtenerCausas [32m201[0m 99.657 ms - -[0m
2022-07-09 21:16:24 info: [0mPOST /api/clients/getClientById [32m201[0m 74.233 ms - 607[0m
2022-07-09 21:16:24 info: [0mPOST /api/clients/getClientById [32m201[0m 72.365 ms - 607[0m
2022-07-09 21:16:24 info: [0mPOST /api/clients/getClientById [32m201[0m 77.325 ms - 607[0m
2022-07-09 21:16:24 info: [0mPOST /api/clients/getClientById [32m201[0m 77.482 ms - 607[0m
2022-07-09 21:16:25 info: [0mPOST /api/users/user/62c2e800353557aac802d479 [32m200[0m 147.373 ms - 490[0m
2022-07-09 21:16:25 info: [0mPOST /api/users/user/62c2e800353557aac802d479 [32m200[0m 151.625 ms - 490[0m
2022-07-09 21:16:25 info: [0mPOST /api/users/user/62c2e800353557aac802d479 [32m200[0m 155.124 ms - 490[0m
2022-07-09 21:16:25 info: [0mPOST /api/users/user/62c2e800353557aac802d479 [32m200[0m 158.795 ms - 490[0m
2022-07-09 21:16:42 info: [0mGET /api/causas/obtenerCausas [32m201[0m 75.587 ms - -[0m
2022-07-09 21:16:42 info: [0mPOST /api/clients/getClientById [32m201[0m 79.153 ms - 607[0m
2022-07-09 21:16:42 info: [0mPOST /api/users/user/62c2e800353557aac802d479 [32m200[0m 158.204 ms - 490[0m
2022-07-09 21:16:46 info: [0mPOST /api/causas/obtenerCausasPorProcurador [32m201[0m 80.568 ms - 36[0m
2022-07-09 21:16:51 info: [0mPOST /api/causas/obtenerCausasPorProcurador [32m201[0m 83.926 ms - -[0m
2022-07-09 21:16:51 info: [0mPOST /api/clients/getClientById [32m201[0m 76.897 ms - 607[0m
2022-07-09 21:16:51 info: [0mPOST /api/users/user/62c2e800353557aac802d479 [32m200[0m 146.128 ms - 490[0m
2022-07-09 21:17:15 info: [0mPOST /api/causas/obtenerCausasPorProcurador [32m201[0m 73.583 ms - -[0m
2022-07-09 21:17:15 info: [0mPOST /api/clients/getClientById [32m201[0m 76.395 ms - 607[0m
2022-07-09 21:17:15 info: [0mPOST /api/users/user/62c2e800353557aac802d479 [32m200[0m 158.514 ms - 490[0m
2022-07-09 21:17:15 info: [0mPOST /api/causas/obtenerCausasPorAbogado [32m201[0m 80.127 ms - -[0m
2022-07-09 21:17:15 info: [0mGET /api/causas/obtenerCausas [32m201[0m 81.709 ms - -[0m
2022-07-09 21:17:15 info: [0mPOST /api/causas/obtenerCausasPorProcurador [32m201[0m 86.870 ms - 36[0m
2022-07-09 21:17:15 info: [0mGET /api/causas/obtenerCausas [32m201[0m 80.783 ms - -[0m
2022-07-09 21:17:15 info: [0mPOST /api/clients/getClientById [32m201[0m 74.309 ms - 607[0m
2022-07-09 21:17:16 info: [0mPOST /api/clients/getClientById [32m201[0m 78.168 ms - 607[0m
2022-07-09 21:17:16 info: [0mPOST /api/clients/getClientById [32m201[0m 78.658 ms - 607[0m
2022-07-09 21:17:16 info: [0mPOST /api/users/user/62c2e800353557aac802d479 [32m200[0m 150.348 ms - 490[0m
2022-07-09 21:17:16 info: [0mPOST /api/users/user/62c2e800353557aac802d479 [32m200[0m 145.847 ms - 490[0m
2022-07-09 21:17:16 info: [0mPOST /api/users/user/62c2e800353557aac802d479 [32m200[0m 147.763 ms - 490[0m
2022-07-09 21:17:24 info: [0mGET /api/causas/obtenerCausas [32m201[0m 76.445 ms - -[0m
2022-07-09 21:17:24 info: [0mPOST /api/clients/getClientById [32m201[0m 75.101 ms - 607[0m
2022-07-09 21:17:24 info: [0mPOST /api/users/user/62c2e800353557aac802d479 [32m200[0m 155.276 ms - 490[0m
2022-07-09 21:17:36 info: [0mGET /api/causas/obtenerCausas [32m201[0m 79.618 ms - -[0m
2022-07-09 21:17:36 info: [0mPOST /api/clients/getClientById [32m201[0m 76.486 ms - 607[0m
2022-07-09 21:17:37 info: [0mPOST /api/causas/obtenerCausasPorProcurador [32m201[0m 75.901 ms - -[0m
2022-07-09 21:17:37 info: [0mGET /api/causas/obtenerCausas [32m201[0m 82.064 ms - -[0m
2022-07-09 21:17:37 info: [0mGET /api/causas/obtenerCausas [32m201[0m 81.950 ms - -[0m
2022-07-09 21:17:37 info: [0mPOST /api/clients/getClientById [32m201[0m 78.038 ms - 607[0m
2022-07-09 21:17:37 info: [0mPOST /api/clients/getClientById [32m201[0m 83.847 ms - 607[0m
2022-07-09 21:17:37 info: [0mPOST /api/clients/getClientById [32m201[0m 83.842 ms - 607[0m
2022-07-09 21:17:37 info: [0mPOST /api/users/user/62c2e800353557aac802d479 [32m200[0m 146.228 ms - 490[0m
2022-07-09 21:17:37 info: [0mPOST /api/users/user/62c2e800353557aac802d479 [32m200[0m 147.040 ms - 490[0m
2022-07-09 21:17:37 info: [0mPOST /api/users/user/62c2e800353557aac802d479 [32m200[0m 147.155 ms - 490[0m
2022-07-09 21:17:37 info: [0mPOST /api/users/user/62c2e800353557aac802d479 [32m200[0m 152.183 ms - 490[0m
2022-07-09 21:17:37 info: [0mPOST /api/causas/obtenerCausasPorAbogado [32m201[0m 73.814 ms - -[0m
2022-07-09 21:17:37 info: [0mPOST /api/clients/getClientById [32m201[0m 73.877 ms - 607[0m
2022-07-09 21:17:38 info: [0mPOST /api/users/user/62c2e800353557aac802d479 [32m200[0m 144.503 ms - 490[0m
2022-07-09 21:18:34 info: [0mPOST /api/causas/obtenerCausasPorAbogado [32m201[0m 78.763 ms - -[0m
2022-07-09 21:18:34 info: [0mGET /api/causas/obtenerCausas [32m201[0m 86.460 ms - -[0m
2022-07-09 21:18:34 info: [0mPOST /api/clients/getClientById [32m201[0m 80.752 ms - 607[0m
2022-07-09 21:18:34 info: [0mGET /api/causas/obtenerCausas [32m201[0m 74.042 ms - -[0m
2022-07-09 21:18:34 info: [0mPOST /api/clients/getClientById [32m201[0m 74.474 ms - 607[0m
2022-07-09 21:18:35 info: [0mPOST /api/clients/getClientById [32m201[0m 72.984 ms - 607[0m
2022-07-09 21:18:35 info: [0mPOST /api/users/user/62c2e800353557aac802d479 [32m200[0m 153.562 ms - 490[0m
2022-07-09 21:18:35 info: [0mPOST /api/users/user/62c2e800353557aac802d479 [32m200[0m 151.288 ms - 490[0m
2022-07-09 21:18:35 info: [0mPOST /api/users/user/62c2e800353557aac802d479 [32m200[0m 148.933 ms - 490[0m
2022-07-09 21:18:35 info: [0mGET /api/causas/obtenerCausas [32m201[0m 73.864 ms - -[0m
2022-07-09 21:18:35 info: [0mPOST /api/causas/obtenerCausasPorProcurador [32m201[0m 76.795 ms - -[0m
2022-07-09 21:18:35 info: [0mPOST /api/clients/getClientById [32m201[0m 71.548 ms - 607[0m
2022-07-09 21:18:35 info: [0mPOST /api/clients/getClientById [32m201[0m 74.497 ms - 607[0m
2022-07-09 21:18:36 info: [0mPOST /api/users/user/62c2e800353557aac802d479 [32m200[0m 144.862 ms - 490[0m
2022-07-09 21:18:36 info: [0mPOST /api/users/user/62c2e800353557aac802d479 [32m200[0m 146.295 ms - 490[0m
2022-07-09 21:18:42 info: [0mPOST /api/causas/obtenerCausasPorAbogado [32m201[0m 77.197 ms - -[0m
2022-07-09 21:18:42 info: [0mPOST /api/clients/getClientById [32m201[0m 77.601 ms - 607[0m
2022-07-09 21:18:42 info: [0mPOST /api/users/user/62c2e800353557aac802d479 [32m200[0m 149.680 ms - 490[0m
2022-07-09 21:19:15 info: [0mPOST /api/causas/obtenerCausasPorProcurador [32m201[0m 80.980 ms - -[0m
2022-07-09 21:19:15 info: [0mGET /api/causas/obtenerCausas [32m201[0m 78.706 ms - -[0m
2022-07-09 21:19:15 info: [0mGET /api/causas/obtenerCausas [32m201[0m 80.435 ms - -[0m
2022-07-09 21:19:15 info: [0mGET /api/causas/obtenerCausas [32m201[0m 79.271 ms - -[0m
2022-07-09 21:19:15 info: [0mPOST /api/causas/obtenerCausasPorAbogado [32m201[0m 79.110 ms - -[0m
2022-07-09 21:19:15 info: [0mPOST /api/clients/getClientById [32m201[0m 83.308 ms - 607[0m
2022-07-09 21:19:16 info: [0mPOST /api/users/user/62c2e800353557aac802d479 [32m200[0m 148.874 ms - 490[0m
2022-07-09 21:19:16 info: [0mPOST /api/clients/getClientById [32m201[0m 73.993 ms - 607[0m
2022-07-09 21:19:16 info: [0mPOST /api/clients/getClientById [32m201[0m 74.768 ms - 607[0m
2022-07-09 21:19:16 info: [0mPOST /api/clients/getClientById [32m201[0m 79.002 ms - 607[0m
2022-07-09 21:19:16 info: [0mPOST /api/clients/getClientById [32m201[0m 78.795 ms - 607[0m
2022-07-09 21:19:16 info: [0mPOST /api/users/user/62c2e800353557aac802d479 [32m200[0m 144.971 ms - 490[0m
2022-07-09 21:19:16 info: [0mPOST /api/users/user/62c2e800353557aac802d479 [32m200[0m 145.386 ms - 490[0m
2022-07-09 21:19:16 info: [0mPOST /api/users/user/62c2e800353557aac802d479 [32m200[0m 149.426 ms - 490[0m
2022-07-09 21:19:16 info: [0mPOST /api/users/user/62c2e800353557aac802d479 [32m200[0m 149.407 ms - 490[0m
