2022-10-12 10:42:49 info: =================================
2022-10-12 10:42:49 info: ======= ENV: development =======
2022-10-12 10:42:49 info: 🚀 App listening on the port 5103
2022-10-12 10:42:49 info: =================================
2022-10-12 10:43:03 error: [GET] /api/clients/getClients >> StatusCode:: 401, Message:: Wrong authentication token
2022-10-12 10:43:03 info: [0mGET /api/clients/getClients [33m401[0m 4.765 ms - 40[0m
2022-10-12 10:43:16 info: [0mPOST /api/logout [32m200[0m 124.331 ms - 403[0m
2022-10-12 10:43:26 info: [0mPOST /api/login [32m200[0m 148.402 ms - 585[0m
2022-10-12 10:43:28 info: [0mGET /api/clients/getClients [32m200[0m 272.861 ms - -[0m
2022-10-12 10:48:45 info: [0mGET /api/orders/getWorkOrders [32m201[0m 256.082 ms - -[0m
2022-10-12 10:48:47 info: [0mGET /api/templates/getTemplates [32m201[0m 248.833 ms - -[0m
2022-10-12 10:48:48 info: [0mGET /api/clients/getClients [36m304[0m 225.701 ms - -[0m
2022-10-12 10:54:09 info: [0mGET /api/templates/getTemplates [32m201[0m 250.094 ms - -[0m
2022-10-12 10:54:10 info: [0mGET /api/clients/getClients [36m304[0m 226.655 ms - -[0m
2022-10-12 10:57:06 info: [0mPOST /api/templates/saveTemplate [32m201[0m 185.911 ms - 66[0m
2022-10-12 10:58:00 info: [0mPOST /api/templates/saveTemplate [32m201[0m 196.525 ms - 66[0m
2022-10-12 11:11:04 info: [0mGET /api/templates/getTemplates [32m201[0m 249.768 ms - -[0m
2022-10-12 11:11:05 info: [0mGET /api/clients/getClients [36m304[0m 225.512 ms - -[0m
2022-10-12 11:20:45 info: =================================
2022-10-12 11:20:45 info: ======= ENV: development =======
2022-10-12 11:20:45 info: 🚀 App listening on the port 5103
2022-10-12 11:20:45 info: =================================
2022-10-12 11:25:43 info: [0mGET /api/clients/getClients [32m200[0m 250.456 ms - -[0m
2022-10-12 11:25:45 info: [0mGET /api/orders/getWorkOrders [32m201[0m 252.133 ms - -[0m
2022-10-12 11:25:46 info: [0mGET /api/templates/getTemplates [32m201[0m 239.578 ms - -[0m
2022-10-12 11:25:46 info: [0mGET /api/clients/getClients [36m304[0m 225.188 ms - -[0m
2022-10-12 11:28:39 info: [0mGET /api/templates/getTemplates [32m201[0m 248.663 ms - -[0m
2022-10-12 11:28:39 info: [0mGET /api/clients/getClients [36m304[0m 224.341 ms - -[0m
2022-10-12 11:30:15 info: [0mGET /api/templates/getTemplates [32m201[0m 258.911 ms - -[0m
2022-10-12 11:30:15 info: [0mGET /api/clients/getClients [36m304[0m 224.968 ms - -[0m
2022-10-12 11:30:29 info: [0mGET /api/templates/getTemplates [32m201[0m 240.947 ms - -[0m
2022-10-12 11:30:30 info: [0mGET /api/clients/getClients [36m304[0m 225.234 ms - -[0m
2022-10-12 11:30:52 info: [0mGET /api/templates/getTemplates [32m201[0m 244.524 ms - -[0m
2022-10-12 11:30:52 info: [0mGET /api/clients/getClients [36m304[0m 221.991 ms - -[0m
2022-10-12 11:31:06 info: [0mGET /api/templates/getTemplates [32m201[0m 240.682 ms - -[0m
2022-10-12 11:31:06 info: [0mGET /api/clients/getClients [36m304[0m 224.904 ms - -[0m
2022-10-12 11:31:26 info: [0mGET /api/templates/getTemplates [32m201[0m 243.306 ms - -[0m
2022-10-12 11:31:26 info: [0mGET /api/clients/getClients [36m304[0m 225.072 ms - -[0m
2022-10-12 11:31:33 info: [0mGET /api/templates/getTemplates [32m201[0m 243.110 ms - -[0m
2022-10-12 11:31:34 info: [0mGET /api/clients/getClients [36m304[0m 231.977 ms - -[0m
2022-10-12 11:31:49 info: [0mGET /api/templates/getTemplates [32m201[0m 239.221 ms - -[0m
2022-10-12 11:31:50 info: [0mGET /api/clients/getClients [36m304[0m 227.581 ms - -[0m
2022-10-12 11:37:00 info: [0mGET /api/templates/getTemplates [32m201[0m 243.063 ms - -[0m
2022-10-12 11:37:00 info: [0mGET /api/clients/getClients [36m304[0m 220.081 ms - -[0m
2022-10-12 11:37:27 info: [0mGET /api/templates/getTemplates [32m201[0m 240.301 ms - -[0m
2022-10-12 11:37:27 info: [0mGET /api/clients/getClients [36m304[0m 239.828 ms - -[0m
2022-10-12 11:38:13 info: [0mGET /api/templates/getTemplates [32m201[0m 238.522 ms - -[0m
2022-10-12 11:38:13 info: [0mGET /api/clients/getClients [36m304[0m 222.952 ms - -[0m
2022-10-12 11:38:31 info: [0mGET /api/templates/getTemplates [32m201[0m 239.151 ms - -[0m
2022-10-12 11:38:32 info: [0mGET /api/clients/getClients [36m304[0m 226.967 ms - -[0m
2022-10-12 11:38:39 info: [0mGET /api/templates/getTemplates [32m201[0m 240.388 ms - -[0m
2022-10-12 11:38:39 info: [0mGET /api/clients/getClients [36m304[0m 224.905 ms - -[0m
2022-10-12 11:39:04 info: [0mGET /api/templates/getTemplates [32m201[0m 242.738 ms - -[0m
2022-10-12 11:39:05 info: [0mGET /api/clients/getClients [36m304[0m 223.139 ms - -[0m
2022-10-12 11:43:12 info: [0mGET /api/templates/getTemplates [32m201[0m 244.701 ms - -[0m
2022-10-12 11:43:13 info: [0mGET /api/clients/getClients [36m304[0m 224.053 ms - -[0m
2022-10-12 11:44:53 info: [0mGET /api/templates/getTemplates [32m201[0m 240.241 ms - -[0m
2022-10-12 11:44:54 info: [0mGET /api/clients/getClients [36m304[0m 223.149 ms - -[0m
2022-10-12 11:44:59 info: [0mGET /api/templates/getTemplates [32m201[0m 250.032 ms - -[0m
2022-10-12 11:44:59 info: [0mGET /api/clients/getClients [36m304[0m 224.738 ms - -[0m
2022-10-12 11:45:48 info: [0mGET /api/templates/getTemplates [32m201[0m 242.254 ms - -[0m
2022-10-12 11:45:48 info: [0mGET /api/clients/getClients [36m304[0m 225.697 ms - -[0m
2022-10-12 11:46:05 info: [0mGET /api/templates/getTemplates [32m201[0m 243.858 ms - -[0m
2022-10-12 11:46:06 info: [0mGET /api/clients/getClients [36m304[0m 227.096 ms - -[0m
2022-10-12 11:46:36 info: [0mGET /api/templates/getTemplates [32m201[0m 236.045 ms - -[0m
2022-10-12 11:46:37 info: [0mGET /api/clients/getClients [36m304[0m 226.370 ms - -[0m
2022-10-12 11:47:23 info: [0mGET /api/templates/getTemplates [32m201[0m 241.174 ms - -[0m
2022-10-12 11:47:23 info: [0mGET /api/clients/getClients [36m304[0m 227.611 ms - -[0m
2022-10-12 11:47:35 info: [0mGET /api/templates/getTemplates [32m201[0m 239.025 ms - -[0m
2022-10-12 11:47:35 info: [0mGET /api/clients/getClients [36m304[0m 226.608 ms - -[0m
2022-10-12 11:51:50 info: [0mGET /api/templates/getTemplates [32m201[0m 238.724 ms - -[0m
2022-10-12 11:51:50 info: [0mGET /api/clients/getClients [36m304[0m 221.861 ms - -[0m
2022-10-12 11:52:49 info: [0mPOST /api/templates/saveTemplate [32m201[0m 296.320 ms - 66[0m
2022-10-12 11:54:03 info: [0mGET /api/templates/getTemplates [32m201[0m 263.527 ms - -[0m
2022-10-12 11:54:04 info: [0mGET /api/clients/getClients [36m304[0m 224.575 ms - -[0m
2022-10-12 11:55:50 info: [0mGET /api/templates/getTemplates [32m201[0m 249.511 ms - -[0m
2022-10-12 11:55:51 info: [0mGET /api/clients/getClients [36m304[0m 220.927 ms - -[0m
2022-10-12 11:56:08 info: [0mGET /api/orders/getWorkOrders [32m201[0m 253.360 ms - -[0m
2022-10-12 11:56:08 info: [0mGET /api/templates/getTemplates [32m201[0m 240.682 ms - -[0m
2022-10-12 11:56:08 info: [0mGET /api/clients/getClients [36m304[0m 224.203 ms - -[0m
2022-10-12 11:57:57 info: [0mGET /api/templates/getTemplates [32m201[0m 261.912 ms - -[0m
2022-10-12 11:57:58 info: [0mGET /api/clients/getClients [36m304[0m 220.714 ms - -[0m
2022-10-12 11:59:22 info: [0mGET /api/templates/getTemplates [32m201[0m 243.280 ms - -[0m
2022-10-12 11:59:23 info: [0mGET /api/clients/getClients [36m304[0m 235.406 ms - -[0m
2022-10-12 11:59:36 info: [0mPOST /api/templates/saveTemplate [32m201[0m 188.278 ms - 66[0m
2022-10-12 12:01:28 info: [0mGET /api/templates/getTemplates [32m201[0m 256.870 ms - -[0m
2022-10-12 12:01:29 info: [0mGET /api/clients/getClients [36m304[0m 227.630 ms - -[0m
2022-10-12 12:01:34 info: [0mPOST /api/templates/saveTemplate [32m201[0m 177.604 ms - 66[0m
2022-10-12 12:10:13 info: [0mGET /api/clients/getClients [36m304[0m 235.207 ms - -[0m
2022-10-12 12:10:13 info: [0mGET /api/users/getSupervisores [32m200[0m 150.108 ms - 463[0m
2022-10-12 12:10:14 info: [0mGET /api/users/getOperadores [32m200[0m 146.706 ms - 882[0m
2022-10-12 12:10:14 info: [0mGET /api/orders/getNumberWorkOrders [32m201[0m 151.380 ms - 49[0m
2022-10-12 12:10:16 info: [0mGET /api/templates/getTemplates [32m201[0m 251.836 ms - -[0m
2022-10-12 12:10:17 info: [0mGET /api/clients/getClients [36m304[0m 227.124 ms - -[0m
2022-10-12 12:10:33 info: [0mPOST /api/templates/saveTemplate [32m201[0m 182.942 ms - 66[0m
2022-10-12 12:10:45 info: [0mGET /api/templates/getTemplates [32m201[0m 236.302 ms - -[0m
2022-10-12 12:10:46 info: [0mGET /api/clients/getClients [36m304[0m 230.117 ms - -[0m
2022-10-12 12:20:49 info: [0mGET /api/templates/getTemplates [32m201[0m 252.357 ms - -[0m
2022-10-12 12:20:50 info: [0mGET /api/clients/getClients [36m304[0m 253.517 ms - -[0m
2022-10-12 12:21:12 info: [0mGET /api/templates/getTemplates [32m201[0m 241.135 ms - -[0m
2022-10-12 12:21:13 info: [0mGET /api/clients/getClients [36m304[0m 256.266 ms - -[0m
2022-10-12 12:21:25 info: [0mPOST /api/templates/saveTemplate [32m201[0m 186.536 ms - 66[0m
2022-10-12 13:56:38 info: [0mGET /api/templates/getTemplates [32m201[0m 246.478 ms - -[0m
2022-10-12 13:56:39 info: [0mGET /api/clients/getClients [36m304[0m 224.168 ms - -[0m
2022-10-12 13:56:48 info: [0mPOST /api/templates/saveTemplate [32m201[0m 182.911 ms - 66[0m
2022-10-12 13:57:00 info: [0mPOST /api/templates/saveTemplate [32m201[0m 177.927 ms - 66[0m
2022-10-12 13:57:26 info: [0mPOST /api/templates/saveTemplate [32m201[0m 176.703 ms - 66[0m
2022-10-12 14:16:08 info: [0mGET /api/templates/getTemplates [32m201[0m 259.712 ms - -[0m
2022-10-12 14:16:08 info: [0mGET /api/clients/getClients [36m304[0m 232.424 ms - -[0m
2022-10-12 14:16:35 info: [0mGET /api/templates/getTemplates [32m201[0m 263.194 ms - -[0m
2022-10-12 14:16:35 info: [0mGET /api/clients/getClients [36m304[0m 231.017 ms - -[0m
2022-10-12 14:16:46 info: [0mGET /api/templates/getTemplates [32m201[0m 244.973 ms - -[0m
2022-10-12 14:16:46 info: [0mGET /api/clients/getClients [36m304[0m 230.178 ms - -[0m
2022-10-12 14:34:39 info: [0mPOST /api/templates/saveTemplate [32m201[0m 731.974 ms - 66[0m
2022-10-12 16:25:50 info: =================================
2022-10-12 16:25:50 info: ======= ENV: development =======
2022-10-12 16:25:50 info: 🚀 App listening on the port 5103
2022-10-12 16:25:50 info: =================================
2022-10-12 16:27:02 info: [0mGET /api/clients/getClients [32m200[0m 272.343 ms - -[0m
2022-10-12 16:27:04 info: [0mGET /api/orders/getWorkOrders [32m201[0m 265.241 ms - -[0m
2022-10-12 16:27:05 info: [0mGET /api/templates/getTemplates [32m201[0m 255.833 ms - -[0m
2022-10-12 16:27:05 info: [0mGET /api/clients/getClients [36m304[0m 240.721 ms - -[0m
2022-10-12 16:27:30 info: [0mPOST /api/templates/saveTemplate [32m201[0m 271.631 ms - 66[0m
2022-10-12 16:28:21 info: [0mPOST /api/templates/saveTemplate [32m201[0m 205.126 ms - 66[0m
2022-10-12 16:56:18 info: [0mPOST /api/templates/saveTemplate [32m201[0m 188.619 ms - 66[0m
2022-10-12 16:56:19 info: [0mPOST /api/templates/saveTemplate [32m201[0m 185.729 ms - 66[0m
2022-10-12 16:56:19 info: [0mPOST /api/templates/saveTemplate [32m201[0m 197.312 ms - 66[0m
2022-10-12 16:56:48 info: [0mGET /api/orders/getWorkOrders [32m201[0m 255.691 ms - -[0m
2022-10-12 16:56:50 info: [0mGET /api/clients/getClients [36m304[0m 238.779 ms - -[0m
2022-10-12 16:56:51 info: [0mGET /api/users/getSupervisores [36m304[0m 151.445 ms - -[0m
2022-10-12 16:56:51 info: [0mGET /api/users/getOperadores [36m304[0m 158.183 ms - -[0m
2022-10-12 16:56:52 info: [0mPOST /api/orders/getWoById [32m201[0m 238.073 ms - -[0m
2022-10-12 16:56:52 info: [0mPOST /api/clients/getClientById [32m200[0m 223.048 ms - 914[0m
2022-10-12 17:50:47 info: =================================
2022-10-12 17:50:47 info: ======= ENV: development =======
2022-10-12 17:50:47 info: 🚀 App listening on the port 5103
2022-10-12 17:50:47 info: =================================
2022-10-12 17:50:49 info: [0mGET /api/clients/getClients [36m304[0m 249.475 ms - -[0m
2022-10-12 17:50:49 info: [0mGET /api/orders/getWorkOrders [32m201[0m 290.166 ms - -[0m
2022-10-12 17:50:49 info: [0mGET /api/clients/getClients [36m304[0m 307.628 ms - -[0m
2022-10-12 17:50:50 info: [0mGET /api/users/getSupervisores [36m304[0m 152.852 ms - -[0m
2022-10-12 17:50:51 info: [0mGET /api/users/getOperadores [36m304[0m 151.990 ms - -[0m
2022-10-12 17:50:52 info: [0mPOST /api/orders/getWoById [32m201[0m 276.730 ms - -[0m
2022-10-12 17:50:52 info: [0mPOST /api/templates/getTemplateByContract [32m201[0m 78.018 ms - 31[0m
2022-10-12 17:50:52 info: [0mPOST /api/templates/getTemplateByContract [32m201[0m 80.418 ms - 31[0m
2022-10-12 17:50:52 info: [0mPOST /api/clients/getClientById [32m200[0m 232.446 ms - 914[0m
2022-10-12 17:52:21 info: =================================
2022-10-12 17:52:21 info: ======= ENV: development =======
2022-10-12 17:52:21 info: 🚀 App listening on the port 5103
2022-10-12 17:52:21 info: =================================
2022-10-12 17:52:27 info: [0mGET /api/clients/getClients [36m304[0m 245.510 ms - -[0m
2022-10-12 17:52:27 info: [0mGET /api/users/getSupervisores [36m304[0m 151.767 ms - -[0m
2022-10-12 17:52:28 info: [0mGET /api/users/getOperadores [36m304[0m 149.483 ms - -[0m
2022-10-12 17:52:28 info: [0mPOST /api/orders/getWoById [32m201[0m 244.876 ms - -[0m
2022-10-12 17:52:29 error: [POST] /api/templates/getTemplateByContract >> StatusCode:: 500, Message:: Cannot read property 'status' of undefined
2022-10-12 17:52:29 info: [0mPOST /api/templates/getTemplateByContract [31m500[0m 78.557 ms - 56[0m
2022-10-12 17:52:29 error: [POST] /api/templates/getTemplateByContract >> StatusCode:: 500, Message:: Cannot read property 'status' of undefined
2022-10-12 17:52:29 info: [0mPOST /api/templates/getTemplateByContract [31m500[0m 79.939 ms - 56[0m
2022-10-12 17:52:29 info: [0mPOST /api/clients/getClientById [32m200[0m 222.460 ms - 914[0m
2022-10-12 17:54:18 info: =================================
2022-10-12 17:54:18 info: ======= ENV: development =======
2022-10-12 17:54:18 info: 🚀 App listening on the port 5103
2022-10-12 17:54:18 info: =================================
2022-10-12 17:54:24 info: [0mGET /api/clients/getClients [36m304[0m 242.545 ms - -[0m
2022-10-12 17:54:24 info: [0mGET /api/users/getSupervisores [36m304[0m 150.304 ms - -[0m
2022-10-12 17:54:25 info: [0mGET /api/users/getOperadores [36m304[0m 149.281 ms - -[0m
2022-10-12 17:54:25 info: [0mPOST /api/orders/getWoById [32m201[0m 244.520 ms - -[0m
2022-10-12 17:54:26 error: [POST] /api/templates/getTemplateByContract >> StatusCode:: 500, Message:: Cannot read property 'status' of undefined
2022-10-12 17:54:26 info: [0mPOST /api/templates/getTemplateByContract [31m500[0m 79.581 ms - 56[0m
2022-10-12 17:54:26 error: [POST] /api/templates/getTemplateByContract >> StatusCode:: 500, Message:: Cannot read property 'status' of undefined
2022-10-12 17:54:26 info: [0mPOST /api/templates/getTemplateByContract [31m500[0m 91.540 ms - 56[0m
2022-10-12 17:54:26 info: [0mPOST /api/clients/getClientById [32m200[0m 230.216 ms - 914[0m
2022-10-12 17:55:03 info: =================================
2022-10-12 17:55:03 info: ======= ENV: development =======
2022-10-12 17:55:03 info: 🚀 App listening on the port 5103
2022-10-12 17:55:03 info: =================================
2022-10-12 17:55:08 info: [0mGET /api/clients/getClients [36m304[0m 257.762 ms - -[0m
2022-10-12 17:55:08 info: [0mGET /api/users/getSupervisores [36m304[0m 150.390 ms - -[0m
2022-10-12 17:55:09 info: [0mGET /api/users/getOperadores [36m304[0m 151.118 ms - -[0m
2022-10-12 17:55:09 info: [0mPOST /api/orders/getWoById [32m201[0m 251.403 ms - -[0m
2022-10-12 17:55:10 error: [POST] /api/templates/getTemplateByContract >> StatusCode:: 500, Message:: res.status is not a function
2022-10-12 17:55:10 info: [0mPOST /api/templates/getTemplateByContract [31m500[0m 165.886 ms - 42[0m
2022-10-12 17:55:10 error: [POST] /api/templates/getTemplateByContract >> StatusCode:: 500, Message:: res.status is not a function
2022-10-12 17:55:10 info: [0mPOST /api/templates/getTemplateByContract [31m500[0m 165.726 ms - 42[0m
2022-10-12 17:55:10 info: [0mPOST /api/clients/getClientById [32m200[0m 224.806 ms - 914[0m
2022-10-12 17:55:53 info: [0mGET /api/clients/getClients [36m304[0m 240.261 ms - -[0m
2022-10-12 17:55:53 info: [0mGET /api/users/getSupervisores [36m304[0m 150.585 ms - -[0m
2022-10-12 17:55:54 info: [0mGET /api/users/getOperadores [36m304[0m 149.303 ms - -[0m
2022-10-12 17:55:55 info: [0mPOST /api/orders/getWoById [32m201[0m 234.690 ms - -[0m
2022-10-12 17:55:55 error: [POST] /api/templates/getTemplateByContract >> StatusCode:: 500, Message:: res.status is not a function
2022-10-12 17:55:55 info: [0mPOST /api/templates/getTemplateByContract [31m500[0m 161.007 ms - 42[0m
2022-10-12 17:55:55 error: [POST] /api/templates/getTemplateByContract >> StatusCode:: 500, Message:: res.status is not a function
2022-10-12 17:55:55 info: [0mPOST /api/templates/getTemplateByContract [31m500[0m 159.130 ms - 42[0m
2022-10-12 17:55:55 info: [0mPOST /api/clients/getClientById [32m200[0m 218.113 ms - 914[0m
2022-10-12 18:06:21 info: =================================
2022-10-12 18:06:21 info: ======= ENV: development =======
2022-10-12 18:06:21 info: 🚀 App listening on the port 5103
2022-10-12 18:06:21 info: =================================
2022-10-12 18:06:26 info: [0mGET /api/clients/getClients [36m304[0m 252.589 ms - -[0m
2022-10-12 18:06:26 info: [0mGET /api/users/getSupervisores [36m304[0m 153.836 ms - -[0m
2022-10-12 18:06:27 info: [0mGET /api/users/getOperadores [36m304[0m 154.697 ms - -[0m
2022-10-12 18:06:27 info: [0mPOST /api/orders/getWoById [32m201[0m 256.683 ms - -[0m
2022-10-12 18:06:28 error: [POST] /api/templates/getTemplateByContract >> StatusCode:: 500, Message:: res.status is not a function
2022-10-12 18:06:28 info: [0mPOST /api/templates/getTemplateByContract [31m500[0m 164.540 ms - 42[0m
2022-10-12 18:06:28 error: [POST] /api/templates/getTemplateByContract >> StatusCode:: 500, Message:: res.status is not a function
2022-10-12 18:06:28 info: [0mPOST /api/templates/getTemplateByContract [31m500[0m 162.963 ms - 42[0m
2022-10-12 18:06:28 info: [0mPOST /api/clients/getClientById [32m200[0m 232.288 ms - 914[0m
2022-10-12 18:07:09 info: =================================
2022-10-12 18:07:09 info: ======= ENV: development =======
2022-10-12 18:07:09 info: 🚀 App listening on the port 5103
2022-10-12 18:07:09 info: =================================
2022-10-12 18:07:15 info: [0mGET /api/clients/getClients [36m304[0m 258.779 ms - -[0m
2022-10-12 18:07:15 info: [0mGET /api/users/getSupervisores [36m304[0m 149.976 ms - -[0m
2022-10-12 18:07:16 info: [0mGET /api/users/getOperadores [36m304[0m 152.864 ms - -[0m
2022-10-12 18:07:16 info: [0mPOST /api/orders/getWoById [32m201[0m 254.890 ms - -[0m
2022-10-12 18:07:17 error: [POST] /api/templates/getTemplateByContract >> StatusCode:: 500, Message:: res.status is not a function
2022-10-12 18:07:17 info: [0mPOST /api/templates/getTemplateByContract [31m500[0m 150.058 ms - 42[0m
2022-10-12 18:07:17 error: [POST] /api/templates/getTemplateByContract >> StatusCode:: 500, Message:: res.status is not a function
2022-10-12 18:07:17 info: [0mPOST /api/templates/getTemplateByContract [31m500[0m 155.117 ms - 42[0m
2022-10-12 18:07:17 info: [0mPOST /api/clients/getClientById [32m200[0m 217.989 ms - 914[0m
2022-10-12 18:07:21 error: [POST] /api/templates/getTemplateByContract >> StatusCode:: 500, Message:: res.status is not a function
2022-10-12 18:07:21 info: [0mPOST /api/templates/getTemplateByContract [31m500[0m 165.556 ms - 42[0m
2022-10-12 18:07:21 error: [POST] /api/templates/getTemplateByContract >> StatusCode:: 500, Message:: res.status is not a function
2022-10-12 18:07:21 info: [0mPOST /api/templates/getTemplateByContract [31m500[0m 164.497 ms - 42[0m
2022-10-12 18:08:15 info: =================================
2022-10-12 18:08:15 info: ======= ENV: development =======
2022-10-12 18:08:15 info: 🚀 App listening on the port 5103
2022-10-12 18:08:15 info: =================================
2022-10-12 18:08:19 info: [0mGET /api/clients/getClients [36m304[0m 247.562 ms - -[0m
2022-10-12 18:08:20 info: [0mGET /api/users/getSupervisores [36m304[0m 149.748 ms - -[0m
2022-10-12 18:08:20 info: [0mGET /api/users/getOperadores [36m304[0m 144.174 ms - -[0m
2022-10-12 18:08:21 info: [0mPOST /api/orders/getWoById [32m201[0m 254.289 ms - -[0m
2022-10-12 18:08:21 info: [0mPOST /api/templates/getTemplateByContract [32m201[0m 151.500 ms - -[0m
2022-10-12 18:08:21 info: [0mPOST /api/templates/getTemplateByContract [32m201[0m 160.331 ms - -[0m
2022-10-12 18:08:21 info: [0mPOST /api/clients/getClientById [32m200[0m 222.095 ms - 914[0m
2022-10-12 18:10:54 info: [0mGET /api/clients/getClients [36m304[0m 240.682 ms - -[0m
2022-10-12 18:10:55 info: [0mGET /api/users/getSupervisores [36m304[0m 154.309 ms - -[0m
2022-10-12 18:10:55 info: [0mGET /api/users/getOperadores [36m304[0m 144.969 ms - -[0m
2022-10-12 18:10:56 info: [0mPOST /api/orders/getWoById [32m201[0m 239.416 ms - -[0m
2022-10-12 18:10:56 info: [0mPOST /api/templates/getTemplateByContract [32m201[0m 151.221 ms - -[0m
2022-10-12 18:10:56 info: [0mPOST /api/templates/getTemplateByContract [32m201[0m 157.385 ms - -[0m
2022-10-12 18:10:56 info: [0mPOST /api/clients/getClientById [32m200[0m 216.920 ms - 914[0m
2022-10-12 18:11:02 info: [0mPOST /api/templates/getTemplateByContract [32m201[0m 147.886 ms - 41[0m
2022-10-12 18:11:02 info: [0mPOST /api/templates/getTemplateByContract [32m201[0m 155.389 ms - 41[0m
2022-10-12 18:23:06 info: =================================
2022-10-12 18:23:06 info: ======= ENV: development =======
2022-10-12 18:23:06 info: 🚀 App listening on the port 5103
2022-10-12 18:23:06 info: =================================
2022-10-12 18:23:54 info: =================================
2022-10-12 18:23:54 info: ======= ENV: development =======
2022-10-12 18:23:54 info: 🚀 App listening on the port 5103
2022-10-12 18:23:54 info: =================================
2022-10-12 18:38:10 info: [0mGET /api/clients/getClients [32m200[0m 274.232 ms - -[0m
2022-10-12 18:38:10 info: [0mGET /api/users/getSupervisores [36m304[0m 152.017 ms - -[0m
2022-10-12 18:38:11 info: [0mGET /api/users/getOperadores [36m304[0m 151.688 ms - -[0m
2022-10-12 18:38:11 info: [0mPOST /api/orders/getWoById [32m201[0m 264.498 ms - -[0m
2022-10-12 18:38:12 info: [0mPOST /api/templates/getTemplateByContract [32m201[0m 162.525 ms - -[0m
2022-10-12 18:38:12 info: [0mPOST /api/clients/getClientById [32m200[0m 224.977 ms - 914[0m
2022-10-12 18:41:32 info: [0mGET /api/clients/getClients [36m304[0m 237.858 ms - -[0m
2022-10-12 18:41:32 info: [0mGET /api/users/getSupervisores [36m304[0m 154.033 ms - -[0m
2022-10-12 18:41:33 info: [0mGET /api/users/getOperadores [36m304[0m 150.792 ms - -[0m
2022-10-12 18:41:33 info: [0mPOST /api/orders/getWoById [32m201[0m 235.997 ms - -[0m
2022-10-12 18:41:40 info: [0mGET /api/clients/getClients [36m304[0m 245.619 ms - -[0m
2022-10-12 18:41:40 info: [0mGET /api/users/getSupervisores [36m304[0m 150.147 ms - -[0m
2022-10-12 18:41:41 info: [0mGET /api/users/getOperadores [36m304[0m 149.750 ms - -[0m
2022-10-12 18:41:41 info: [0mPOST /api/orders/getWoById [32m201[0m 234.971 ms - -[0m
2022-10-12 18:41:42 info: [0mPOST /api/templates/getTemplateByContract [32m201[0m 156.638 ms - -[0m
2022-10-12 18:41:42 info: [0mPOST /api/clients/getClientById [32m200[0m 223.383 ms - 914[0m
2022-10-12 18:42:40 info: [0mGET /api/clients/getClients [36m304[0m 239.157 ms - -[0m
2022-10-12 18:42:40 info: [0mGET /api/users/getSupervisores [36m304[0m 154.006 ms - -[0m
2022-10-12 18:42:41 info: [0mGET /api/users/getOperadores [36m304[0m 155.607 ms - -[0m
2022-10-12 18:42:41 info: [0mPOST /api/orders/getWoById [32m201[0m 232.654 ms - -[0m
2022-10-12 18:42:53 info: [0mPOST /api/orders/editOrder [32m201[0m 179.017 ms - 534[0m
2022-10-12 18:43:31 info: [0mGET /api/orders/getWorkOrders [32m201[0m 330.555 ms - -[0m
2022-10-12 18:43:59 info: [0mGET /api/clients/getClients [36m304[0m 243.087 ms - -[0m
2022-10-12 18:43:59 info: [0mGET /api/users/getSupervisores [36m304[0m 158.310 ms - -[0m
2022-10-12 18:44:00 info: [0mGET /api/users/getOperadores [36m304[0m 152.448 ms - -[0m
2022-10-12 18:44:00 info: [0mPOST /api/orders/getWoById [32m201[0m 240.248 ms - -[0m
2022-10-12 18:44:01 info: [0mPOST /api/templates/getTemplateByContract [32m201[0m 152.266 ms - -[0m
2022-10-12 18:44:01 info: [0mPOST /api/clients/getClientById [32m200[0m 227.057 ms - 914[0m
2022-10-12 18:51:24 info: [0mGET /api/clients/getClients [36m304[0m 235.685 ms - -[0m
2022-10-12 18:51:24 info: [0mGET /api/users/getSupervisores [36m304[0m 146.310 ms - -[0m
2022-10-12 18:51:24 info: [0mGET /api/users/getOperadores [36m304[0m 153.320 ms - -[0m
2022-10-12 18:51:25 info: [0mGET /api/orders/getNumberWorkOrders [32m201[0m 150.016 ms - 49[0m
2022-10-12 18:51:32 info: [0mPOST /api/clients/getClientById [32m200[0m 153.647 ms - 524[0m
2022-10-12 18:51:36 info: [0mPOST /api/clients/getClientById [32m200[0m 147.848 ms - 430[0m
2022-10-12 18:51:39 info: [0mPOST /api/clients/getClientById [32m200[0m 151.732 ms - 524[0m
2022-10-12 18:51:44 info: [0mPOST /api/clients/getClientById [32m200[0m 146.681 ms - 408[0m
2022-10-12 18:51:48 info: [0mPOST /api/clients/getClientById [32m200[0m 234.164 ms - 914[0m
2022-10-12 18:51:49 info: [0mPOST /api/templates/getTemplateByContract [32m201[0m 152.115 ms - -[0m
2022-10-12 18:54:13 info: [0mGET /api/clients/getClients [36m304[0m 231.802 ms - -[0m
2022-10-12 18:54:14 info: [0mGET /api/users/getSupervisores [36m304[0m 160.973 ms - -[0m
2022-10-12 18:54:14 info: [0mGET /api/users/getOperadores [36m304[0m 146.422 ms - -[0m
2022-10-12 18:54:15 info: [0mGET /api/orders/getNumberWorkOrders [32m201[0m 157.856 ms - 49[0m
2022-10-12 18:55:21 info: [0mGET /api/clients/getClients [36m304[0m 237.601 ms - -[0m
2022-10-12 18:55:21 info: [0mGET /api/users/getSupervisores [36m304[0m 158.461 ms - -[0m
2022-10-12 18:55:22 info: [0mGET /api/users/getOperadores [36m304[0m 154.968 ms - -[0m
2022-10-12 18:55:22 info: [0mGET /api/orders/getNumberWorkOrders [32m201[0m 159.500 ms - 49[0m
2022-10-12 18:56:03 info: [0mGET /api/clients/getClients [36m304[0m 234.138 ms - -[0m
2022-10-12 18:56:04 info: [0mGET /api/users/getSupervisores [36m304[0m 147.083 ms - -[0m
2022-10-12 18:56:05 info: [0mGET /api/users/getOperadores [36m304[0m 157.678 ms - -[0m
2022-10-12 18:56:05 info: [0mGET /api/orders/getNumberWorkOrders [32m201[0m 151.420 ms - 49[0m
2022-10-12 19:02:18 info: [0mGET /api/clients/getClients [36m304[0m 239.888 ms - -[0m
2022-10-12 19:02:27 info: [0mGET /api/users/getUsers [32m200[0m 151.241 ms - -[0m
2022-10-12 19:02:33 info: [0mGET /api/clients/getClients [36m304[0m 233.247 ms - -[0m
2022-10-12 19:02:56 info: [0mGET /api/clients/getClients [36m304[0m 241.928 ms - -[0m
2022-10-12 19:03:00 info: [0mGET /api/orders/getWorkOrders [32m201[0m 250.434 ms - -[0m
2022-10-12 19:03:04 info: [0mGET /api/orders/getWorkOrders [32m201[0m 240.059 ms - -[0m
2022-10-12 19:03:07 info: [0mGET /api/clients/getClients [36m304[0m 242.406 ms - -[0m
2022-10-12 19:03:07 info: [0mGET /api/users/getSupervisores [36m304[0m 147.535 ms - -[0m
2022-10-12 19:03:08 info: [0mGET /api/users/getOperadores [36m304[0m 150.677 ms - -[0m
2022-10-12 19:03:08 info: [0mPOST /api/orders/getWoById [32m201[0m 234.330 ms - -[0m
2022-10-12 19:03:09 info: [0mPOST /api/clients/getClientById [32m200[0m 219.554 ms - 914[0m
2022-10-12 19:03:09 info: [0mPOST /api/templates/getTemplateByContract [32m201[0m 151.933 ms - -[0m
2022-10-12 19:03:18 info: [0mGET /api/users/getUsers [36m304[0m 154.664 ms - -[0m
2022-10-12 19:03:27 info: [0mGET /api/orders/getWorkOrders [32m201[0m 248.746 ms - -[0m
2022-10-12 19:03:27 info: [0mGET /api/templates/getTemplates [32m201[0m 230.616 ms - -[0m
2022-10-12 19:03:33 info: [0mGET /api/clients/getClients [36m304[0m 231.752 ms - -[0m
2022-10-12 22:39:16 info: [0mGET /api/users/getUsers [36m304[0m 673.036 ms - -[0m
2022-10-12 22:41:49 info: [0mPOST /api/users/getUserById [32m200[0m 168.438 ms - 372[0m
2022-10-12 22:41:49 info: [0mPOST /api/logout [32m200[0m 75.421 ms - 403[0m
2022-10-12 22:41:49 info: [0mPOST /api/logout [32m200[0m 140.053 ms - 403[0m
2022-10-12 22:42:15 info: [0mPOST /api/login [32m200[0m 149.423 ms - 585[0m
2022-10-12 22:43:13 info: =================================
2022-10-12 22:43:13 info: ======= ENV: development =======
2022-10-12 22:43:13 info: 🚀 App listening on the port 5103
2022-10-12 22:43:13 info: =================================
2022-10-12 22:45:25 info: [0mGET /api/clients/getClients [32m200[0m 278.120 ms - -[0m
2022-10-12 22:45:27 info: [0mGET /api/orders/getWorkOrders [32m201[0m 323.531 ms - -[0m
2022-10-12 22:45:29 info: [0mGET /api/templates/getTemplates [32m201[0m 252.623 ms - -[0m
2022-10-12 22:45:29 info: [0mGET /api/clients/getClients [36m304[0m 231.534 ms - -[0m
2022-10-12 22:46:03 info: [0mPOST /api/templates/saveTemplate [32m201[0m 240.655 ms - 66[0m
2022-10-12 22:46:20 info: [0mPOST /api/templates/saveTemplate [32m201[0m 193.782 ms - 66[0m
2022-10-12 22:46:20 info: [0mPOST /api/templates/saveTemplate [32m201[0m 182.431 ms - 66[0m
2022-10-12 22:46:28 info: [0mGET /api/orders/getWorkOrders [32m201[0m 248.623 ms - -[0m
2022-10-12 22:46:45 info: [0mGET /api/users/getUsers [36m304[0m 156.300 ms - -[0m
2022-10-12 22:46:48 info: [0mPOST /api/users/getUserById [32m200[0m 155.469 ms - 376[0m
2022-10-12 22:47:14 error: [GET] /api/clients/getClients >> StatusCode:: 401, Message:: Wrong authentication token
2022-10-12 22:47:14 info: [0mGET /api/clients/getClients [33m401[0m 4.753 ms - 40[0m
2022-10-12 22:47:17 info: [0mPOST /api/logout [32m200[0m 76.192 ms - 403[0m
2022-10-12 22:47:28 info: [0mPOST /api/login [32m200[0m 142.919 ms - 631[0m
2022-10-12 22:47:30 info: [0mGET /api/clients/getClients [32m200[0m 232.383 ms - -[0m
2022-10-12 22:47:58 info: [0mPOST /api/users/getUserById [32m200[0m 151.584 ms - 372[0m
2022-10-12 22:48:10 info: [0mPOST /api/logout [32m200[0m 86.755 ms - 449[0m
2022-10-12 22:48:18 info: [0mPOST /api/login [32m200[0m 139.284 ms - 627[0m
2022-10-12 22:49:52 info: [0mPOST /api/orders/getWoByUserId [32m201[0m 256.423 ms - -[0m
2022-10-12 22:50:02 info: [0mGET /api/orders/getWorkOrders [32m201[0m 241.893 ms - -[0m
2022-10-12 22:50:04 info: [0mGET /api/clients/getClients [36m304[0m 244.702 ms - -[0m
2022-10-12 22:50:05 info: [0mGET /api/users/getSupervisores [36m304[0m 153.353 ms - -[0m
2022-10-12 22:50:05 info: [0mGET /api/users/getOperadores [36m304[0m 146.474 ms - -[0m
2022-10-12 22:50:06 info: [0mPOST /api/orders/getWoById [32m201[0m 238.228 ms - -[0m
2022-10-12 22:50:06 info: [0mPOST /api/templates/getTemplateByContract [32m201[0m 154.994 ms - -[0m
2022-10-12 22:50:06 info: [0mPOST /api/clients/getClientById [32m200[0m 214.861 ms - 914[0m
2022-10-12 22:50:13 info: [0mPOST /api/orders/getWoById [32m201[0m 253.087 ms - -[0m
2022-10-12 22:50:36 info: [0mPOST /api/orders/getWoById [32m201[0m 244.921 ms - -[0m
2022-10-12 22:51:38 info: [0mPOST /api/orders/getWoById [32m201[0m 234.440 ms - -[0m
2022-10-12 22:52:12 info: [0mPOST /api/orders/getWoById [32m201[0m 250.200 ms - -[0m
2022-10-12 22:52:38 info: [0mPOST /api/orders/getWoById [32m201[0m 251.261 ms - -[0m
2022-10-12 22:54:07 info: [0mPOST /api/orders/getWoById [32m201[0m 243.320 ms - -[0m
2022-10-12 22:54:21 info: [0mPOST /api/orders/getWoById [32m201[0m 250.029 ms - -[0m
2022-10-12 22:57:11 info: [0mPOST /api/orders/getWoById [32m201[0m 241.703 ms - -[0m
2022-10-12 22:57:36 info: [0mPOST /api/orders/getWoById [32m201[0m 243.233 ms - -[0m
2022-10-12 22:57:43 info: [0mPOST /api/orders/getWoById [32m201[0m 242.356 ms - -[0m
2022-10-12 23:00:01 info: [0mPOST /api/orders/getWoById [32m201[0m 242.952 ms - -[0m
2022-10-12 23:00:15 info: [0mPOST /api/orders/getWoById [32m201[0m 244.343 ms - -[0m
2022-10-12 23:01:09 info: [0mPOST /api/orders/getWoById [32m201[0m 242.172 ms - -[0m
2022-10-12 23:01:21 info: [0mPOST /api/orders/getWoById [32m201[0m 238.127 ms - -[0m
2022-10-12 23:06:01 info: [0mPOST /api/orders/getWoById [32m201[0m 236.056 ms - -[0m
2022-10-12 23:06:45 info: [0mPOST /api/orders/getWoById [32m201[0m 250.260 ms - -[0m
2022-10-12 23:07:39 info: [0mPOST /api/orders/getWoById [32m201[0m 239.236 ms - -[0m
2022-10-12 23:08:17 info: [0mPOST /api/orders/getWoById [32m201[0m 240.802 ms - -[0m
2022-10-12 23:08:44 info: [0mGET /api/orders/getWorkOrders [32m201[0m 246.461 ms - -[0m
2022-10-12 23:08:44 info: [0mGET /api/templates/getTemplates [32m201[0m 231.520 ms - -[0m
2022-10-12 23:08:45 info: [0mGET /api/clients/getClients [36m304[0m 218.908 ms - -[0m
2022-10-12 23:14:40 info: [0mPOST /api/orders/getWoById [32m201[0m 241.949 ms - -[0m
2022-10-12 23:15:11 info: [0mPOST /api/orders/getWoById [32m201[0m 258.013 ms - -[0m
2022-10-12 23:15:48 info: [0mPOST /api/orders/getWoById [32m201[0m 243.565 ms - -[0m
2022-10-12 23:18:48 info: [0mPOST /api/orders/getWoById [32m201[0m 236.295 ms - -[0m
2022-10-12 23:19:23 info: [0mPOST /api/orders/getWoById [32m201[0m 241.911 ms - -[0m
2022-10-12 23:20:12 info: [0mPOST /api/orders/getWoById [32m201[0m 245.794 ms - -[0m
2022-10-12 23:20:23 info: [0mPOST /api/orders/getWoById [32m201[0m 230.559 ms - -[0m
2022-10-12 23:20:49 info: [0mPOST /api/orders/getWoById [32m201[0m 241.012 ms - -[0m
2022-10-12 23:21:23 info: [0mPOST /api/orders/getWoById [32m201[0m 244.569 ms - -[0m
2022-10-12 23:23:49 info: [0mPOST /api/orders/getWoById [32m201[0m 233.812 ms - -[0m
2022-10-12 23:24:54 info: [0mPOST /api/orders/getWoById [32m201[0m 244.654 ms - -[0m
2022-10-12 23:25:55 info: [0mPOST /api/templates/saveTemplate [32m201[0m 168.676 ms - 66[0m
2022-10-12 23:26:04 info: [0mPOST /api/templates/saveTemplate [32m201[0m 164.667 ms - 66[0m
2022-10-12 23:26:41 info: [0mPOST /api/templates/saveTemplate [32m201[0m 174.599 ms - 66[0m
2022-10-12 23:27:07 info: [0mPOST /api/templates/saveTemplate [32m201[0m 171.699 ms - 66[0m
2022-10-12 23:27:15 info: [0mGET /api/clients/getClients [36m304[0m 244.144 ms - -[0m
2022-10-12 23:27:15 info: [0mGET /api/users/getSupervisores [36m304[0m 155.704 ms - -[0m
2022-10-12 23:27:16 info: [0mGET /api/users/getOperadores [36m304[0m 146.508 ms - -[0m
2022-10-12 23:27:16 info: [0mPOST /api/orders/getWoById [32m201[0m 231.910 ms - -[0m
2022-10-12 23:27:17 info: [0mPOST /api/templates/getTemplateByContract [32m201[0m 143.168 ms - 41[0m
2022-10-12 23:27:17 info: [0mPOST /api/clients/getClientById [32m200[0m 213.722 ms - 914[0m
2022-10-12 23:27:19 info: [0mPOST /api/templates/getTemplateByContract [32m201[0m 159.707 ms - -[0m
2022-10-12 23:27:24 info: [0mGET /api/templates/getTemplates [32m201[0m 240.380 ms - -[0m
2022-10-12 23:27:24 info: [0mGET /api/clients/getClients [36m304[0m 232.337 ms - -[0m
2022-10-12 23:27:31 info: [0mPOST /api/templates/saveTemplate [32m201[0m 173.822 ms - 66[0m
2022-10-12 23:27:35 info: [0mGET /api/clients/getClients [36m304[0m 230.623 ms - -[0m
2022-10-12 23:27:35 info: [0mGET /api/users/getSupervisores [36m304[0m 149.627 ms - -[0m
2022-10-12 23:27:36 info: [0mGET /api/users/getOperadores [36m304[0m 147.835 ms - -[0m
2022-10-12 23:27:36 info: [0mPOST /api/orders/getWoById [32m201[0m 232.247 ms - -[0m
2022-10-12 23:27:37 info: [0mPOST /api/templates/getTemplateByContract [32m201[0m 142.707 ms - 41[0m
2022-10-12 23:27:37 info: [0mPOST /api/clients/getClientById [32m200[0m 217.452 ms - 914[0m
2022-10-12 23:27:38 info: [0mPOST /api/templates/getTemplateByContract [32m201[0m 160.026 ms - -[0m
2022-10-12 23:27:46 info: [0mPOST /api/orders/editOrder [32m201[0m 164.037 ms - -[0m
2022-10-12 23:27:50 info: [0mPOST /api/orders/getWoById [32m201[0m 245.879 ms - -[0m
2022-10-12 23:28:07 info: [0mPOST /api/orders/getWoByUserId [32m201[0m 249.868 ms - -[0m
2022-10-12 23:28:08 info: [0mPOST /api/orders/getWoById [32m201[0m 241.033 ms - -[0m
2022-10-12 23:28:15 info: [0mPOST /api/orders/getWoByUserId [32m201[0m 236.861 ms - -[0m
2022-10-12 23:28:16 info: [0mPOST /api/orders/getWoById [32m201[0m 305.517 ms - -[0m
2022-10-12 23:28:49 info: [0mGET /api/clients/getClients [36m304[0m 228.897 ms - -[0m
2022-10-12 23:28:53 info: [0mGET /api/orders/getWorkOrders [32m201[0m 256.120 ms - -[0m
2022-10-12 23:35:03 info: [0mPOST /api/orders/getWoByUserId [32m201[0m 240.081 ms - -[0m
2022-10-12 23:36:05 info: [0mGET /api/users/getUsers [36m304[0m 154.553 ms - -[0m
2022-10-12 23:36:08 info: [0mGET /api/clients/getClients [36m304[0m 274.708 ms - -[0m
2022-10-12 23:36:15 info: [0mGET /api/orders/getWorkOrders [32m201[0m 243.253 ms - -[0m
2022-10-12 23:36:19 info: [0mGET /api/clients/getClients [36m304[0m 227.761 ms - -[0m
2022-10-12 23:36:19 info: [0mGET /api/users/getSupervisores [36m304[0m 146.899 ms - -[0m
2022-10-12 23:36:20 info: [0mGET /api/users/getOperadores [36m304[0m 146.902 ms - -[0m
2022-10-12 23:36:20 info: [0mGET /api/orders/getNumberWorkOrders [32m201[0m 151.125 ms - 49[0m
2022-10-12 23:36:30 info: [0mGET /api/templates/getTemplates [32m201[0m 248.173 ms - -[0m
2022-10-12 23:36:31 info: [0mGET /api/clients/getClients [36m304[0m 227.827 ms - -[0m
2022-10-12 23:37:13 info: [0mGET /api/clients/getClients [36m304[0m 229.278 ms - -[0m
2022-10-12 23:37:13 info: [0mGET /api/users/getSupervisores [36m304[0m 153.493 ms - -[0m
2022-10-12 23:37:14 info: [0mGET /api/users/getOperadores [36m304[0m 150.960 ms - -[0m
2022-10-12 23:37:14 info: [0mPOST /api/orders/getWoById [32m201[0m 228.049 ms - -[0m
2022-10-12 23:37:15 info: [0mPOST /api/clients/getClientById [32m200[0m 141.697 ms - 524[0m
2022-10-12 23:37:20 info: [0mPOST /api/clients/getClientById [32m200[0m 226.906 ms - 914[0m
2022-10-12 23:37:22 info: [0mPOST /api/templates/getTemplateByContract [32m201[0m 157.808 ms - -[0m
2022-10-12 23:37:37 info: [0mPOST /api/orders/editOrder [32m201[0m 164.101 ms - -[0m
2022-10-12 23:37:44 info: [0mPOST /api/orders/getWoByUserId [32m201[0m 239.621 ms - -[0m
2022-10-12 23:37:49 info: [0mPOST /api/orders/getWoById [32m201[0m 244.887 ms - -[0m
2022-10-12 23:38:01 info: [0mGET /api/templates/getTemplates [32m201[0m 236.372 ms - -[0m
2022-10-12 23:38:01 info: [0mGET /api/clients/getClients [36m304[0m 228.431 ms - -[0m
2022-10-12 23:38:32 info: [0mPOST /api/orders/getWoById [32m201[0m 247.546 ms - -[0m
2022-10-12 23:40:59 info: [0mPOST /api/templates/saveTemplate [32m201[0m 175.035 ms - 66[0m
2022-10-12 23:41:04 info: [0mPOST /api/templates/saveTemplate [32m201[0m 164.163 ms - 66[0m
2022-10-12 23:41:08 info: [0mPOST /api/orders/getWoByUserId [32m201[0m 242.772 ms - -[0m
2022-10-12 23:41:09 info: [0mPOST /api/orders/getWoById [32m201[0m 231.296 ms - -[0m
2022-10-12 23:41:14 info: [0mPOST /api/orders/getWoById [32m201[0m 235.131 ms - -[0m
2022-10-12 23:41:24 info: [0mPOST /api/orders/getWoById [32m201[0m 242.712 ms - -[0m
