2022-10-11 08:15:02 info: =================================
2022-10-11 08:15:02 info: ======= ENV: development =======
2022-10-11 08:15:02 info: 🚀 App listening on the port 5103
2022-10-11 08:15:02 info: =================================
2022-10-11 08:16:13 info: [0mGET /api/clients/getClients [32m200[0m 259.005 ms - -[0m
2022-10-11 08:16:14 info: [0mGET /api/orders/getWorkOrders [32m201[0m 239.668 ms - -[0m
2022-10-11 08:16:16 info: [0mGET /api/templates/getTemplates [32m201[0m 161.980 ms - -[0m
2022-10-11 08:29:24 info: [0mGET /api/templates/getTemplates [32m201[0m 319.570 ms - -[0m
2022-10-11 08:33:22 info: =================================
2022-10-11 08:33:22 info: ======= ENV: development =======
2022-10-11 08:33:22 info: 🚀 App listening on the port 5103
2022-10-11 08:33:22 info: =================================
2022-10-11 08:34:04 info: [0mGET /api/clients/getClients [32m200[0m 390.786 ms - -[0m
2022-10-11 08:34:06 info: [0mGET /api/orders/getWorkOrders [32m201[0m 386.278 ms - -[0m
2022-10-11 08:34:07 info: [0mGET /api/templates/getTemplates [32m201[0m 224.907 ms - -[0m
2022-10-11 08:34:27 info: [0mGET /api/orders/getWorkOrders [32m201[0m 382.318 ms - -[0m
2022-10-11 08:34:28 info: [0mGET /api/templates/getTemplates [32m201[0m 235.861 ms - -[0m
2022-10-11 08:35:20 info: [0mPOST /api/templates/saveTemplate [32m201[0m 313.869 ms - 66[0m
2022-10-11 08:41:22 info: [0mGET /api/templates/getTemplates [32m201[0m 308.729 ms - -[0m
2022-10-11 08:41:23 info: [0mGET /api/clients/getClients [36m304[0m 392.802 ms - -[0m
2022-10-11 08:42:17 info: [0mGET /api/templates/getTemplates [32m201[0m 231.937 ms - -[0m
2022-10-11 08:42:18 info: [0mGET /api/clients/getClients [36m304[0m 369.562 ms - -[0m
2022-10-11 08:42:37 info: [0mGET /api/templates/getTemplates [32m201[0m 234.262 ms - -[0m
2022-10-11 08:42:37 info: [0mGET /api/clients/getClients [36m304[0m 367.786 ms - -[0m
2022-10-11 08:43:06 info: [0mGET /api/templates/getTemplates [32m201[0m 312.068 ms - -[0m
2022-10-11 08:43:07 info: [0mGET /api/clients/getClients [36m304[0m 372.343 ms - -[0m
2022-10-11 08:44:38 info: [0mGET /api/templates/getTemplates [32m201[0m 226.806 ms - -[0m
2022-10-11 08:44:38 info: [0mGET /api/clients/getClients [36m304[0m 364.728 ms - -[0m
2022-10-11 08:48:07 info: [0mGET /api/templates/getTemplates [32m201[0m 227.451 ms - -[0m
2022-10-11 08:48:08 info: [0mGET /api/clients/getClients [36m304[0m 370.853 ms - -[0m
2022-10-11 08:50:06 info: [0mGET /api/templates/getTemplates [32m201[0m 307.082 ms - -[0m
2022-10-11 08:50:06 info: [0mGET /api/clients/getClients [36m304[0m 381.675 ms - -[0m
2022-10-11 08:50:39 info: [0mGET /api/templates/getTemplates [32m201[0m 230.028 ms - -[0m
2022-10-11 08:50:40 info: [0mGET /api/clients/getClients [36m304[0m 368.934 ms - -[0m
2022-10-11 08:53:56 info: [0mGET /api/templates/getTemplates [32m201[0m 227.915 ms - -[0m
2022-10-11 08:53:56 info: [0mGET /api/clients/getClients [36m304[0m 376.593 ms - -[0m
2022-10-11 08:55:31 info: [0mGET /api/templates/getTemplates [32m201[0m 308.059 ms - -[0m
2022-10-11 08:55:32 info: [0mGET /api/clients/getClients [36m304[0m 384.582 ms - -[0m
2022-10-11 08:58:59 info: [0mGET /api/templates/getTemplates [32m201[0m 227.728 ms - -[0m
2022-10-11 08:58:59 info: [0mGET /api/clients/getClients [36m304[0m 383.438 ms - -[0m
2022-10-11 08:59:12 error: [POST] /api/templates/saveTemplate >> StatusCode:: 500, Message:: Cannot read property '_id' of undefined
2022-10-11 08:59:12 info: [0mPOST /api/templates/saveTemplate [31m500[0m 156.884 ms - 53[0m
2022-10-11 09:03:27 error: [POST] /api/templates/saveTemplate >> StatusCode:: 500, Message:: Cannot read property '_id' of undefined
2022-10-11 09:03:27 info: [0mPOST /api/templates/saveTemplate [31m500[0m 77.298 ms - 53[0m
2022-10-11 09:05:06 info: [0mGET /api/templates/getTemplates [32m201[0m 303.631 ms - -[0m
2022-10-11 09:05:06 info: [0mGET /api/clients/getClients [36m304[0m 374.792 ms - -[0m
2022-10-11 09:07:33 info: [0mGET /api/templates/getTemplates [32m201[0m 230.310 ms - -[0m
2022-10-11 09:07:34 info: [0mGET /api/clients/getClients [36m304[0m 370.854 ms - -[0m
2022-10-11 09:08:17 info: [0mGET /api/templates/getTemplates [32m201[0m 229.276 ms - -[0m
2022-10-11 09:08:17 info: [0mGET /api/clients/getClients [36m304[0m 375.362 ms - -[0m
2022-10-11 09:08:42 info: [0mGET /api/orders/getWorkOrders [32m201[0m 472.843 ms - -[0m
2022-10-11 09:08:42 info: [0mGET /api/templates/getTemplates [32m201[0m 227.383 ms - -[0m
2022-10-11 09:08:42 info: [0mGET /api/clients/getClients [36m304[0m 364.288 ms - -[0m
2022-10-11 09:09:03 info: [0mPOST /api/templates/saveTemplate [32m201[0m 249.567 ms - 66[0m
2022-10-11 09:09:27 info: [0mGET /api/templates/getTemplates [32m201[0m 305.249 ms - -[0m
2022-10-11 09:09:28 info: [0mGET /api/clients/getClients [36m304[0m 379.084 ms - -[0m
2022-10-11 09:19:32 info: =================================
2022-10-11 09:19:32 info: ======= ENV: development =======
2022-10-11 09:19:32 info: 🚀 App listening on the port 5103
2022-10-11 09:19:32 info: =================================
2022-10-11 09:19:35 info: [0mGET /api/templates/getTemplates [32m201[0m 840.161 ms - -[0m
2022-10-11 09:19:36 info: [0mGET /api/clients/getClients [36m304[0m 460.806 ms - -[0m
2022-10-11 09:27:44 info: =================================
2022-10-11 09:27:44 info: ======= ENV: development =======
2022-10-11 09:27:44 info: 🚀 App listening on the port 5103
2022-10-11 09:27:44 info: =================================
2022-10-11 09:27:51 info: [0mGET /api/templates/getTemplates [32m201[0m 481.463 ms - -[0m
2022-10-11 09:27:52 info: [0mGET /api/clients/getClients [36m304[0m 455.283 ms - -[0m
2022-10-11 09:30:22 info: [0mGET /api/templates/getTemplates [32m201[0m 469.391 ms - -[0m
2022-10-11 09:30:23 info: [0mGET /api/clients/getClients [36m304[0m 455.859 ms - -[0m
2022-10-11 09:30:29 info: [0mGET /api/templates/getTemplates [32m201[0m 469.119 ms - -[0m
2022-10-11 09:30:30 info: [0mGET /api/clients/getClients [36m304[0m 455.329 ms - -[0m
2022-10-11 09:33:56 info: [0mGET /api/templates/getTemplates [32m201[0m 472.054 ms - -[0m
2022-10-11 09:33:57 info: [0mGET /api/clients/getClients [36m304[0m 460.559 ms - -[0m
2022-10-11 09:34:10 info: [0mGET /api/templates/getTemplates [32m201[0m 483.742 ms - -[0m
2022-10-11 09:34:10 info: [0mGET /api/clients/getClients [36m304[0m 459.434 ms - -[0m
2022-10-11 09:34:49 info: [0mGET /api/templates/getTemplates [32m201[0m 464.085 ms - -[0m
2022-10-11 09:34:50 info: [0mGET /api/clients/getClients [36m304[0m 461.050 ms - -[0m
2022-10-11 09:35:00 info: [0mGET /api/orders/getWorkOrders [32m201[0m 465.715 ms - -[0m
2022-10-11 09:35:02 info: [0mGET /api/orders/getWorkOrders [32m201[0m 482.312 ms - -[0m
2022-10-11 09:35:03 info: [0mGET /api/templates/getTemplates [32m201[0m 458.385 ms - -[0m
2022-10-11 09:35:04 info: [0mGET /api/clients/getClients [36m304[0m 448.991 ms - -[0m
2022-10-11 09:38:19 info: [0mGET /api/templates/getTemplates [32m201[0m 465.314 ms - -[0m
2022-10-11 09:38:19 info: [0mGET /api/clients/getClients [36m304[0m 452.405 ms - -[0m
2022-10-11 09:38:49 info: [0mGET /api/templates/getTemplates [32m201[0m 462.925 ms - -[0m
2022-10-11 09:38:50 info: [0mGET /api/clients/getClients [36m304[0m 461.423 ms - -[0m
2022-10-11 09:39:07 info: [0mGET /api/orders/getWorkOrders [32m201[0m 465.500 ms - -[0m
2022-10-11 09:39:08 info: [0mGET /api/templates/getTemplates [32m201[0m 459.414 ms - -[0m
2022-10-11 09:39:09 info: [0mGET /api/clients/getClients [36m304[0m 452.132 ms - -[0m
2022-10-11 09:39:59 info: [0mGET /api/templates/getTemplates [32m201[0m 468.041 ms - -[0m
2022-10-11 09:39:59 info: [0mGET /api/clients/getClients [36m304[0m 478.760 ms - -[0m
2022-10-11 09:40:50 info: [0mGET /api/orders/getWorkOrders [32m201[0m 462.173 ms - -[0m
2022-10-11 09:40:51 info: [0mGET /api/templates/getTemplates [32m201[0m 471.236 ms - -[0m
2022-10-11 09:40:52 info: [0mGET /api/clients/getClients [36m304[0m 467.961 ms - -[0m
2022-10-11 09:41:59 info: [0mGET /api/orders/getWorkOrders [32m201[0m 467.507 ms - -[0m
2022-10-11 09:42:00 info: [0mGET /api/templates/getTemplates [32m201[0m 456.803 ms - -[0m
2022-10-11 09:42:00 info: [0mGET /api/clients/getClients [36m304[0m 451.005 ms - -[0m
2022-10-11 09:42:49 info: [0mGET /api/orders/getWorkOrders [32m201[0m 472.759 ms - -[0m
2022-10-11 09:42:50 info: [0mGET /api/templates/getTemplates [32m201[0m 462.950 ms - -[0m
2022-10-11 09:42:51 info: [0mGET /api/clients/getClients [36m304[0m 459.779 ms - -[0m
2022-10-11 09:43:34 info: [0mGET /api/templates/getTemplates [32m201[0m 469.119 ms - -[0m
2022-10-11 09:43:35 info: [0mGET /api/clients/getClients [36m304[0m 479.718 ms - -[0m
2022-10-11 09:43:43 info: [0mGET /api/orders/getWorkOrders [32m201[0m 473.053 ms - -[0m
2022-10-11 09:43:45 info: [0mGET /api/templates/getTemplates [32m201[0m 469.342 ms - -[0m
2022-10-11 09:43:45 info: [0mGET /api/clients/getClients [36m304[0m 453.135 ms - -[0m
2022-10-11 09:46:04 info: [0mGET /api/templates/getTemplates [32m201[0m 500.809 ms - -[0m
2022-10-11 09:46:05 info: [0mGET /api/clients/getClients [36m304[0m 450.089 ms - -[0m
2022-10-11 09:46:11 info: [0mGET /api/templates/getTemplates [32m201[0m 476.647 ms - -[0m
2022-10-11 09:46:11 info: [0mGET /api/clients/getClients [36m304[0m 460.516 ms - -[0m
2022-10-11 09:46:30 info: [0mGET /api/templates/getTemplates [32m201[0m 466.821 ms - -[0m
2022-10-11 09:46:31 info: [0mGET /api/clients/getClients [36m304[0m 479.090 ms - -[0m
2022-10-11 09:46:44 info: [0mPOST /api/templates/saveTemplate [32m201[0m 365.638 ms - 66[0m
2022-10-11 09:46:47 info: [0mGET /api/orders/getWorkOrders [32m201[0m 476.629 ms - -[0m
2022-10-11 09:46:50 info: [0mGET /api/orders/getWorkOrders [32m201[0m 477.346 ms - -[0m
2022-10-11 09:46:52 info: [0mGET /api/templates/getTemplates [32m201[0m 482.670 ms - -[0m
2022-10-11 09:46:52 info: [0mGET /api/clients/getClients [36m304[0m 460.890 ms - -[0m
2022-10-11 09:48:26 info: [0mGET /api/templates/getTemplates [32m201[0m 462.126 ms - -[0m
2022-10-11 09:48:27 info: [0mGET /api/clients/getClients [36m304[0m 473.131 ms - -[0m
2022-10-11 09:49:40 info: [0mGET /api/templates/getTemplates [32m201[0m 462.773 ms - -[0m
2022-10-11 09:49:41 info: [0mGET /api/clients/getClients [36m304[0m 456.281 ms - -[0m
2022-10-11 09:49:56 info: [0mGET /api/orders/getWorkOrders [32m201[0m 470.015 ms - -[0m
2022-10-11 09:49:57 info: [0mGET /api/templates/getTemplates [32m201[0m 467.120 ms - -[0m
2022-10-11 09:49:58 info: [0mGET /api/clients/getClients [36m304[0m 455.082 ms - -[0m
2022-10-11 09:50:41 info: [0mGET /api/templates/getTemplates [32m201[0m 468.672 ms - -[0m
2022-10-11 09:50:42 info: [0mGET /api/clients/getClients [36m304[0m 489.139 ms - -[0m
2022-10-11 09:51:06 info: [0mGET /api/templates/getTemplates [32m201[0m 464.317 ms - -[0m
2022-10-11 09:51:07 info: [0mGET /api/clients/getClients [36m304[0m 475.149 ms - -[0m
2022-10-11 09:51:28 info: [0mGET /api/templates/getTemplates [32m201[0m 462.777 ms - -[0m
2022-10-11 09:51:29 info: [0mGET /api/clients/getClients [36m304[0m 460.166 ms - -[0m
2022-10-11 09:52:09 info: [0mGET /api/templates/getTemplates [32m201[0m 467.724 ms - -[0m
2022-10-11 09:52:10 info: [0mGET /api/clients/getClients [36m304[0m 466.687 ms - -[0m
2022-10-11 09:52:14 info: [0mGET /api/templates/getTemplates [32m201[0m 469.588 ms - -[0m
2022-10-11 09:52:15 info: [0mGET /api/clients/getClients [36m304[0m 454.729 ms - -[0m
2022-10-11 09:53:30 info: [0mGET /api/templates/getTemplates [32m201[0m 471.765 ms - -[0m
2022-10-11 09:53:31 info: [0mGET /api/clients/getClients [36m304[0m 457.904 ms - -[0m
2022-10-11 09:53:33 info: [0mGET /api/orders/getWorkOrders [32m201[0m 465.834 ms - -[0m
2022-10-11 09:53:38 info: [0mGET /api/orders/getWorkOrders [32m201[0m 472.634 ms - -[0m
2022-10-11 09:53:39 info: [0mGET /api/templates/getTemplates [32m201[0m 468.455 ms - -[0m
2022-10-11 09:53:40 info: [0mGET /api/clients/getClients [36m304[0m 452.747 ms - -[0m
2022-10-11 09:55:27 info: [0mGET /api/templates/getTemplates [32m201[0m 479.087 ms - -[0m
2022-10-11 09:55:27 info: [0mGET /api/clients/getClients [36m304[0m 480.731 ms - -[0m
2022-10-11 09:55:30 info: [0mGET /api/templates/getTemplates [32m201[0m 465.117 ms - -[0m
2022-10-11 09:55:31 info: [0mGET /api/clients/getClients [36m304[0m 457.643 ms - -[0m
2022-10-11 09:55:59 info: [0mGET /api/templates/getTemplates [32m201[0m 476.009 ms - -[0m
2022-10-11 09:56:00 info: [0mGET /api/clients/getClients [36m304[0m 459.001 ms - -[0m
2022-10-11 09:56:02 info: [0mGET /api/orders/getWorkOrders [32m201[0m 466.970 ms - -[0m
2022-10-11 09:56:05 info: [0mGET /api/orders/getWorkOrders [32m201[0m 471.636 ms - -[0m
2022-10-11 09:56:06 info: [0mGET /api/templates/getTemplates [32m201[0m 458.023 ms - -[0m
2022-10-11 09:56:06 info: [0mGET /api/clients/getClients [36m304[0m 457.474 ms - -[0m
2022-10-11 09:56:55 info: [0mPOST /api/templates/saveTemplate [32m201[0m 330.778 ms - 66[0m
2022-10-11 09:57:12 info: [0mGET /api/templates/getTemplates [32m201[0m 470.462 ms - -[0m
2022-10-11 09:57:13 info: [0mGET /api/clients/getClients [36m304[0m 459.508 ms - -[0m
2022-10-11 09:57:55 info: [0mGET /api/templates/getTemplates [32m201[0m 462.164 ms - -[0m
2022-10-11 09:57:56 info: [0mGET /api/clients/getClients [36m304[0m 463.630 ms - -[0m
2022-10-11 09:58:01 info: [0mGET /api/orders/getWorkOrders [32m201[0m 470.022 ms - -[0m
2022-10-11 09:58:02 info: [0mGET /api/templates/getTemplates [32m201[0m 470.257 ms - -[0m
2022-10-11 09:58:02 info: [0mGET /api/clients/getClients [36m304[0m 461.418 ms - -[0m
2022-10-11 09:58:35 info: =================================
2022-10-11 09:58:35 info: ======= ENV: development =======
2022-10-11 09:58:35 info: 🚀 App listening on the port 5103
2022-10-11 09:58:35 info: =================================
2022-10-11 09:58:40 info: [0mGET /api/orders/getWorkOrders [32m201[0m 497.328 ms - -[0m
2022-10-11 09:58:42 info: [0mGET /api/templates/getTemplates [32m201[0m 478.054 ms - -[0m
2022-10-11 09:58:43 info: [0mGET /api/clients/getClients [36m304[0m 455.540 ms - -[0m
2022-10-11 10:04:10 info: [0mGET /api/templates/getTemplates [32m201[0m 482.748 ms - -[0m
2022-10-11 10:04:11 info: [0mGET /api/clients/getClients [36m304[0m 470.490 ms - -[0m
2022-10-11 10:04:17 info: [0mGET /api/orders/getWorkOrders [32m201[0m 488.058 ms - -[0m
2022-10-11 10:04:23 info: [0mGET /api/templates/getTemplates [32m201[0m 479.822 ms - -[0m
2022-10-11 10:04:23 info: [0mGET /api/clients/getClients [36m304[0m 465.744 ms - -[0m
2022-10-11 10:05:10 info: [0mGET /api/templates/getTemplates [32m201[0m 489.201 ms - -[0m
2022-10-11 10:05:11 info: [0mGET /api/clients/getClients [36m304[0m 479.406 ms - -[0m
2022-10-11 10:05:43 info: [0mGET /api/templates/getTemplates [32m201[0m 484.638 ms - -[0m
2022-10-11 10:05:44 info: [0mGET /api/clients/getClients [36m304[0m 454.302 ms - -[0m
2022-10-11 10:10:20 info: [0mGET /api/templates/getTemplates [32m201[0m 470.950 ms - -[0m
2022-10-11 10:10:21 info: [0mGET /api/clients/getClients [36m304[0m 456.789 ms - -[0m
2022-10-11 10:11:29 info: [0mGET /api/templates/getTemplates [32m201[0m 473.739 ms - -[0m
2022-10-11 10:11:30 info: [0mGET /api/clients/getClients [36m304[0m 477.037 ms - -[0m
2022-10-11 10:11:59 info: [0mGET /api/templates/getTemplates [32m201[0m 482.642 ms - -[0m
2022-10-11 10:12:01 info: [0mGET /api/clients/getClients [36m304[0m 485.661 ms - -[0m
2022-10-11 10:12:58 info: [0mGET /api/templates/getTemplates [32m201[0m 489.825 ms - -[0m
2022-10-11 10:12:59 info: [0mGET /api/clients/getClients [36m304[0m 461.359 ms - -[0m
2022-10-11 10:13:10 info: [0mGET /api/templates/getTemplates [32m201[0m 481.863 ms - -[0m
2022-10-11 10:13:10 info: [0mGET /api/clients/getClients [36m304[0m 475.495 ms - -[0m
2022-10-11 10:19:38 info: [0mGET /api/templates/getTemplates [32m201[0m 465.331 ms - -[0m
2022-10-11 10:19:39 info: [0mGET /api/clients/getClients [36m304[0m 454.806 ms - -[0m
2022-10-11 10:19:44 info: [0mGET /api/orders/getWorkOrders [32m201[0m 466.645 ms - -[0m
2022-10-11 10:21:14 info: [0mGET /api/templates/getTemplates [32m201[0m 473.951 ms - -[0m
2022-10-11 10:21:14 info: [0mGET /api/clients/getClients [36m304[0m 468.342 ms - -[0m
2022-10-11 10:25:18 info: [0mGET /api/templates/getTemplates [32m201[0m 470.661 ms - -[0m
2022-10-11 10:25:18 info: [0mGET /api/clients/getClients [36m304[0m 454.970 ms - -[0m
2022-10-11 10:25:30 info: [0mGET /api/templates/getTemplates [32m201[0m 470.192 ms - -[0m
2022-10-11 10:25:31 info: [0mGET /api/clients/getClients [36m304[0m 453.506 ms - -[0m
2022-10-11 10:30:04 info: [0mGET /api/templates/getTemplates [32m201[0m 468.959 ms - -[0m
2022-10-11 10:30:05 info: [0mGET /api/clients/getClients [36m304[0m 453.345 ms - -[0m
2022-10-11 10:31:36 info: [0mGET /api/templates/getTemplates [32m201[0m 473.571 ms - -[0m
2022-10-11 10:31:37 info: [0mGET /api/clients/getClients [36m304[0m 468.095 ms - -[0m
2022-10-11 10:31:54 info: [0mGET /api/orders/getWorkOrders [32m201[0m 472.663 ms - -[0m
2022-10-11 10:31:57 info: [0mGET /api/templates/getTemplates [32m201[0m 484.445 ms - -[0m
2022-10-11 10:31:57 info: [0mGET /api/clients/getClients [36m304[0m 466.704 ms - -[0m
2022-10-11 10:35:04 info: [0mGET /api/orders/getWorkOrders [32m201[0m 475.090 ms - -[0m
2022-10-11 10:35:05 info: [0mGET /api/templates/getTemplates [32m201[0m 467.080 ms - -[0m
2022-10-11 10:35:06 info: [0mGET /api/clients/getClients [36m304[0m 462.326 ms - -[0m
2022-10-11 10:36:33 info: [0mGET /api/templates/getTemplates [32m201[0m 469.088 ms - -[0m
2022-10-11 10:36:34 info: [0mGET /api/clients/getClients [36m304[0m 458.680 ms - -[0m
2022-10-11 10:37:00 info: [0mGET /api/templates/getTemplates [32m201[0m 477.197 ms - -[0m
2022-10-11 10:37:01 info: [0mGET /api/clients/getClients [36m304[0m 463.457 ms - -[0m
2022-10-11 11:01:57 info: [0mGET /api/templates/getTemplates [32m201[0m 480.415 ms - -[0m
2022-10-11 11:01:58 info: [0mGET /api/clients/getClients [36m304[0m 466.290 ms - -[0m
2022-10-11 11:02:51 info: [0mGET /api/orders/getWorkOrders [32m201[0m 474.499 ms - -[0m
2022-10-11 11:02:52 info: [0mGET /api/templates/getTemplates [32m201[0m 463.367 ms - -[0m
2022-10-11 11:02:52 info: [0mGET /api/clients/getClients [36m304[0m 460.407 ms - -[0m
2022-10-11 11:03:35 info: [0mGET /api/templates/getTemplates [32m201[0m 468.611 ms - -[0m
2022-10-11 11:03:36 info: [0mGET /api/clients/getClients [36m304[0m 481.930 ms - -[0m
2022-10-11 11:24:32 info: [0mGET /api/templates/getTemplates [32m201[0m 478.931 ms - -[0m
2022-10-11 11:24:32 info: [0mGET /api/clients/getClients [36m304[0m 468.249 ms - -[0m
2022-10-11 11:26:17 info: [0mGET /api/templates/getTemplates [32m201[0m 475.974 ms - -[0m
2022-10-11 11:26:18 info: [0mGET /api/clients/getClients [36m304[0m 458.741 ms - -[0m
2022-10-11 11:27:57 info: [0mGET /api/orders/getWorkOrders [32m201[0m 470.936 ms - -[0m
2022-10-11 11:28:00 info: [0mGET /api/templates/getTemplates [32m201[0m 472.284 ms - -[0m
2022-10-11 11:28:01 info: [0mGET /api/clients/getClients [36m304[0m 459.509 ms - -[0m
2022-10-11 11:34:59 info: =================================
2022-10-11 11:34:59 info: ======= ENV: development =======
2022-10-11 11:34:59 info: 🚀 App listening on the port 5103
2022-10-11 11:34:59 info: =================================
2022-10-11 11:35:02 info: [0mGET /api/templates/getTemplates [32m201[0m 2115.729 ms - -[0m
2022-10-11 11:35:02 info: [0mGET /api/clients/getClients [32m200[0m 455.071 ms - -[0m
2022-10-11 11:35:05 info: [0mGET /api/templates/getTemplates [32m201[0m 510.683 ms - -[0m
2022-10-11 11:35:05 info: [0mGET /api/clients/getClients [36m304[0m 453.847 ms - -[0m
2022-10-11 11:36:59 info: =================================
2022-10-11 11:36:59 info: ======= ENV: development =======
2022-10-11 11:36:59 info: 🚀 App listening on the port 5103
2022-10-11 11:36:59 info: =================================
2022-10-11 11:44:54 info: [0mGET /api/templates/getTemplates [32m201[0m 493.916 ms - -[0m
2022-10-11 11:44:54 info: [0mGET /api/clients/getClients [36m304[0m 455.828 ms - -[0m
2022-10-11 11:44:57 info: [0mGET /api/orders/getWorkOrders [32m201[0m 476.826 ms - -[0m
2022-10-11 11:44:59 info: [0mGET /api/orders/getWorkOrders [32m201[0m 476.748 ms - -[0m
2022-10-11 11:45:01 info: [0mGET /api/templates/getTemplates [32m201[0m 490.391 ms - -[0m
2022-10-11 11:45:02 info: [0mGET /api/clients/getClients [36m304[0m 457.584 ms - -[0m
2022-10-11 11:52:11 info: [0mGET /api/templates/getTemplates [32m201[0m 487.743 ms - -[0m
2022-10-11 11:52:12 info: [0mGET /api/clients/getClients [36m304[0m 462.566 ms - -[0m
2022-10-11 11:52:26 info: [0mGET /api/templates/getTemplates [32m201[0m 474.617 ms - -[0m
2022-10-11 11:52:27 info: [0mGET /api/clients/getClients [36m304[0m 456.451 ms - -[0m
2022-10-11 11:53:46 info: [0mGET /api/templates/getTemplates [32m201[0m 468.768 ms - -[0m
2022-10-11 11:53:47 info: [0mGET /api/clients/getClients [36m304[0m 450.376 ms - -[0m
2022-10-11 11:53:50 info: [0mGET /api/templates/getTemplates [32m201[0m 474.969 ms - -[0m
2022-10-11 11:53:51 info: [0mGET /api/clients/getClients [36m304[0m 456.579 ms - -[0m
2022-10-11 11:55:20 info: [0mGET /api/templates/getTemplates [32m201[0m 468.409 ms - -[0m
2022-10-11 11:55:21 info: [0mGET /api/clients/getClients [36m304[0m 456.221 ms - -[0m
2022-10-11 11:55:33 info: [0mGET /api/templates/getTemplates [32m201[0m 473.304 ms - -[0m
2022-10-11 11:55:33 info: [0mGET /api/clients/getClients [36m304[0m 504.627 ms - -[0m
2022-10-11 11:55:37 info: [0mGET /api/templates/getTemplates [32m201[0m 469.134 ms - -[0m
2022-10-11 11:55:38 info: [0mGET /api/clients/getClients [36m304[0m 454.147 ms - -[0m
2022-10-11 12:05:42 info: [0mGET /api/templates/getTemplates [32m201[0m 467.757 ms - -[0m
2022-10-11 12:05:42 info: [0mPOST /api/contratos/leerContratosPorCliente [32m200[0m 330.911 ms - 805[0m
2022-10-11 12:05:43 info: [0mGET /api/clients/getClients [36m304[0m 458.156 ms - -[0m
2022-10-11 12:05:47 info: [0mGET /api/templates/getTemplates [32m201[0m 470.403 ms - -[0m
2022-10-11 12:05:47 info: [0mGET /api/clients/getClients [36m304[0m 457.987 ms - -[0m
2022-10-11 12:05:49 info: [0mPOST /api/contratos/leerContratosPorCliente [32m200[0m 321.523 ms - 805[0m
2022-10-11 12:07:48 info: [0mGET /api/templates/getTemplates [32m201[0m 466.534 ms - -[0m
2022-10-11 12:07:48 info: [0mGET /api/clients/getClients [36m304[0m 449.417 ms - -[0m
2022-10-11 12:08:30 info: [0mGET /api/clients/getClients [36m304[0m 463.004 ms - -[0m
2022-10-11 12:08:32 info: [0mGET /api/clients/getClients [36m304[0m 477.814 ms - -[0m
2022-10-11 12:08:37 info: [0mGET /api/clients/getClients [36m304[0m 464.629 ms - -[0m
2022-10-11 12:08:37 info: [0mGET /api/users/getSupervisores [32m200[0m 306.593 ms - 463[0m
2022-10-11 12:08:38 info: [0mGET /api/users/getOperadores [32m200[0m 303.828 ms - 882[0m
2022-10-11 12:08:39 info: [0mGET /api/orders/getNumberWorkOrders [32m201[0m 303.642 ms - 49[0m
2022-10-11 12:09:02 info: [0mGET /api/clients/getClients [36m304[0m 461.231 ms - -[0m
2022-10-11 12:09:02 info: [0mGET /api/users/getSupervisores [36m304[0m 305.078 ms - -[0m
2022-10-11 12:09:03 info: [0mGET /api/users/getOperadores [36m304[0m 302.212 ms - -[0m
2022-10-11 12:09:04 info: [0mGET /api/orders/getNumberWorkOrders [32m201[0m 303.741 ms - 49[0m
2022-10-11 12:11:36 info: [0mGET /api/templates/getTemplates [32m201[0m 464.341 ms - -[0m
2022-10-11 12:11:37 info: [0mGET /api/clients/getClients [36m304[0m 466.172 ms - -[0m
2022-10-11 12:20:55 info: [0mGET /api/clients/getClients [36m304[0m 465.487 ms - -[0m
2022-10-11 12:20:55 info: [0mGET /api/templates/getTemplates [32m201[0m 471.264 ms - -[0m
2022-10-11 12:20:56 info: [0mGET /api/clients/getClients [36m304[0m 451.696 ms - -[0m
2022-10-11 12:23:44 info: [0mGET /api/templates/getTemplates [32m201[0m 466.839 ms - -[0m
2022-10-11 12:23:45 info: [0mGET /api/clients/getClients [36m304[0m 472.286 ms - -[0m
2022-10-11 12:24:02 info: [0mGET /api/clients/getClients [36m304[0m 457.681 ms - -[0m
2022-10-11 12:24:11 info: [0mGET /api/clients/getClients [36m304[0m 459.077 ms - -[0m
2022-10-11 12:24:11 info: [0mGET /api/templates/getTemplates [32m201[0m 477.860 ms - -[0m
2022-10-11 12:24:11 info: [0mGET /api/clients/getClients [36m304[0m 448.997 ms - -[0m
2022-10-11 12:25:12 info: [0mGET /api/clients/getClients [36m304[0m 454.045 ms - -[0m
2022-10-11 12:25:29 info: [0mGET /api/clients/getClients [36m304[0m 460.266 ms - -[0m
2022-10-11 12:27:05 info: [0mGET /api/templates/getTemplates [32m201[0m 466.732 ms - -[0m
2022-10-11 12:27:06 info: [0mGET /api/clients/getClients [36m304[0m 455.948 ms - -[0m
2022-10-11 12:27:12 info: [0mGET /api/orders/getWorkOrders [32m201[0m 490.204 ms - -[0m
2022-10-11 12:27:13 info: [0mGET /api/templates/getTemplates [32m201[0m 464.320 ms - -[0m
2022-10-11 12:27:14 info: [0mGET /api/clients/getClients [36m304[0m 462.854 ms - -[0m
2022-10-11 12:28:14 info: [0mGET /api/templates/getTemplates [32m201[0m 480.676 ms - -[0m
2022-10-11 12:28:14 info: [0mGET /api/clients/getClients [36m304[0m 455.602 ms - -[0m
2022-10-11 12:30:19 info: [0mGET /api/templates/getTemplates [32m201[0m 465.073 ms - -[0m
2022-10-11 12:30:19 info: [0mGET /api/clients/getClients [36m304[0m 464.698 ms - -[0m
2022-10-11 12:30:34 info: [0mGET /api/templates/getTemplates [32m201[0m 470.730 ms - -[0m
2022-10-11 12:30:35 info: [0mGET /api/clients/getClients [36m304[0m 459.383 ms - -[0m
2022-10-11 12:30:41 info: [0mGET /api/templates/getTemplates [32m201[0m 468.037 ms - -[0m
2022-10-11 12:30:42 info: [0mGET /api/clients/getClients [36m304[0m 455.149 ms - -[0m
2022-10-11 12:46:45 info: [0mGET /api/templates/getTemplates [32m201[0m 477.386 ms - -[0m
2022-10-11 12:46:46 info: [0mGET /api/clients/getClients [36m304[0m 471.794 ms - -[0m
2022-10-11 12:47:13 info: [0mGET /api/templates/getTemplates [32m201[0m 476.948 ms - -[0m
2022-10-11 12:47:13 info: [0mGET /api/clients/getClients [36m304[0m 457.962 ms - -[0m
2022-10-11 12:48:45 info: [0mGET /api/templates/getTemplates [32m201[0m 482.190 ms - -[0m
2022-10-11 12:48:46 info: [0mGET /api/clients/getClients [36m304[0m 453.648 ms - -[0m
2022-10-11 12:53:03 info: [0mGET /api/templates/getTemplates [32m201[0m 473.360 ms - -[0m
2022-10-11 12:53:04 info: [0mGET /api/clients/getClients [36m304[0m 452.563 ms - -[0m
2022-10-11 13:06:16 info: [0mGET /api/templates/getTemplates [32m201[0m 472.725 ms - -[0m
2022-10-11 13:06:17 info: [0mGET /api/clients/getClients [36m304[0m 459.829 ms - -[0m
2022-10-11 13:14:54 info: [0mGET /api/templates/getTemplates [32m201[0m 468.914 ms - -[0m
2022-10-11 13:14:55 info: [0mGET /api/clients/getClients [36m304[0m 452.561 ms - -[0m
2022-10-11 13:15:50 info: [0mGET /api/templates/getTemplates [32m201[0m 478.554 ms - -[0m
2022-10-11 13:15:51 info: [0mGET /api/clients/getClients [36m304[0m 463.175 ms - -[0m
2022-10-11 13:16:18 info: [0mGET /api/templates/getTemplates [32m201[0m 481.893 ms - -[0m
2022-10-11 13:16:19 info: [0mGET /api/clients/getClients [36m304[0m 460.668 ms - -[0m
2022-10-11 13:16:29 info: [0mGET /api/templates/getTemplates [32m201[0m 469.711 ms - -[0m
2022-10-11 13:16:30 info: [0mGET /api/clients/getClients [36m304[0m 467.110 ms - -[0m
2022-10-11 13:17:13 info: [0mGET /api/templates/getTemplates [32m201[0m 477.625 ms - -[0m
2022-10-11 13:17:13 info: [0mGET /api/clients/getClients [36m304[0m 480.456 ms - -[0m
2022-10-11 13:17:29 info: [0mGET /api/templates/getTemplates [32m201[0m 471.094 ms - -[0m
2022-10-11 13:17:29 info: [0mGET /api/clients/getClients [36m304[0m 486.310 ms - -[0m
2022-10-11 13:17:37 info: [0mGET /api/templates/getTemplates [32m201[0m 473.430 ms - -[0m
2022-10-11 13:17:38 info: [0mGET /api/clients/getClients [36m304[0m 453.070 ms - -[0m
2022-10-11 13:17:56 info: [0mGET /api/orders/getWorkOrders [32m201[0m 478.340 ms - -[0m
2022-10-11 13:17:58 info: [0mGET /api/orders/getWorkOrders [32m201[0m 472.892 ms - -[0m
2022-10-11 13:17:59 info: [0mGET /api/templates/getTemplates [32m201[0m 465.022 ms - -[0m
2022-10-11 13:18:00 info: [0mGET /api/clients/getClients [36m304[0m 446.144 ms - -[0m
2022-10-11 13:19:30 info: [0mGET /api/templates/getTemplates [32m201[0m 473.621 ms - -[0m
2022-10-11 13:19:30 info: [0mGET /api/clients/getClients [36m304[0m 461.565 ms - -[0m
2022-10-11 13:20:18 info: [0mGET /api/clients/getClients [36m304[0m 464.712 ms - -[0m
2022-10-11 13:20:19 info: [0mGET /api/users/getSupervisores [36m304[0m 297.764 ms - -[0m
2022-10-11 13:20:19 info: [0mGET /api/users/getOperadores [36m304[0m 299.564 ms - -[0m
2022-10-11 13:20:20 info: [0mGET /api/orders/getNumberWorkOrders [32m201[0m 303.824 ms - 49[0m
2022-10-11 13:20:22 info: [0mGET /api/templates/getTemplates [32m201[0m 467.261 ms - -[0m
2022-10-11 13:20:23 info: [0mGET /api/clients/getClients [36m304[0m 470.263 ms - -[0m
2022-10-11 13:23:19 info: [0mGET /api/templates/getTemplates [32m201[0m 465.072 ms - -[0m
2022-10-11 13:23:19 info: [0mGET /api/clients/getClients [36m304[0m 455.553 ms - -[0m
2022-10-11 13:23:49 info: [0mGET /api/templates/getTemplates [32m201[0m 465.236 ms - -[0m
2022-10-11 13:23:50 info: [0mGET /api/clients/getClients [36m304[0m 450.784 ms - -[0m
2022-10-11 13:26:13 info: [0mGET /api/templates/getTemplates [32m201[0m 471.139 ms - -[0m
2022-10-11 13:26:14 info: [0mGET /api/clients/getClients [36m304[0m 454.453 ms - -[0m
2022-10-11 13:27:55 info: [0mGET /api/templates/getTemplates [32m201[0m 464.303 ms - -[0m
2022-10-11 13:27:55 info: [0mGET /api/clients/getClients [36m304[0m 457.000 ms - -[0m
2022-10-11 13:29:56 info: [0mGET /api/templates/getTemplates [32m201[0m 460.526 ms - -[0m
2022-10-11 13:29:57 info: [0mGET /api/clients/getClients [36m304[0m 450.162 ms - -[0m
2022-10-11 13:30:00 info: [0mGET /api/templates/getTemplates [32m201[0m 469.537 ms - -[0m
2022-10-11 13:30:01 info: [0mGET /api/clients/getClients [36m304[0m 458.698 ms - -[0m
2022-10-11 13:30:25 info: [0mGET /api/templates/getTemplates [32m201[0m 481.190 ms - -[0m
2022-10-11 13:30:26 info: [0mGET /api/clients/getClients [36m304[0m 457.391 ms - -[0m
2022-10-11 13:32:58 info: [0mGET /api/templates/getTemplates [32m201[0m 461.315 ms - -[0m
2022-10-11 13:32:59 info: [0mGET /api/clients/getClients [36m304[0m 450.548 ms - -[0m
2022-10-11 13:33:22 info: [0mGET /api/templates/getTemplates [32m201[0m 471.348 ms - -[0m
2022-10-11 13:33:23 info: [0mGET /api/clients/getClients [36m304[0m 456.976 ms - -[0m
2022-10-11 13:34:10 info: [0mGET /api/templates/getTemplates [32m201[0m 485.753 ms - -[0m
2022-10-11 13:34:10 info: [0mGET /api/clients/getClients [36m304[0m 454.287 ms - -[0m
2022-10-11 13:34:16 info: [0mGET /api/templates/getTemplates [32m201[0m 465.529 ms - -[0m
2022-10-11 13:34:17 info: [0mGET /api/clients/getClients [36m304[0m 458.364 ms - -[0m
2022-10-11 13:34:48 info: [0mPOST /api/templates/saveTemplate [32m201[0m 384.488 ms - 66[0m
2022-10-11 13:34:55 info: [0mPOST /api/templates/saveTemplate [32m201[0m 334.874 ms - 66[0m
2022-10-11 13:35:22 info: [0mGET /api/templates/getTemplates [32m201[0m 475.225 ms - -[0m
2022-10-11 13:35:22 info: [0mGET /api/clients/getClients [36m304[0m 455.319 ms - -[0m
2022-10-11 13:37:14 info: [0mGET /api/templates/getTemplates [32m201[0m 473.159 ms - -[0m
2022-10-11 13:37:15 info: [0mGET /api/clients/getClients [36m304[0m 453.455 ms - -[0m
2022-10-11 13:37:21 error: [POST] /api/templates/saveTemplate >> StatusCode:: 500, Message:: Cannot read property '_id' of undefined
2022-10-11 13:37:21 info: [0mPOST /api/templates/saveTemplate [31m500[0m 165.965 ms - 53[0m
2022-10-11 13:37:42 error: [POST] /api/templates/saveTemplate >> StatusCode:: 500, Message:: Cannot read property '_id' of undefined
2022-10-11 13:37:42 info: [0mPOST /api/templates/saveTemplate [31m500[0m 155.529 ms - 53[0m
2022-10-11 13:37:54 info: [0mGET /api/templates/getTemplates [32m201[0m 474.005 ms - -[0m
2022-10-11 13:37:55 info: [0mGET /api/clients/getClients [36m304[0m 459.382 ms - -[0m
2022-10-11 13:39:59 info: [0mGET /api/templates/getTemplates [32m201[0m 485.586 ms - -[0m
2022-10-11 13:39:59 info: [0mGET /api/clients/getClients [36m304[0m 461.749 ms - -[0m
2022-10-11 13:40:03 info: [0mGET /api/templates/getTemplates [32m201[0m 468.619 ms - -[0m
2022-10-11 13:40:04 info: [0mGET /api/clients/getClients [36m304[0m 451.791 ms - -[0m
2022-10-11 13:40:10 error: [POST] /api/templates/saveTemplate >> StatusCode:: 500, Message:: Cannot read property '_id' of undefined
2022-10-11 13:40:10 info: [0mPOST /api/templates/saveTemplate [31m500[0m 150.608 ms - 53[0m
2022-10-11 13:41:09 info: [0mGET /api/templates/getTemplates [32m201[0m 472.899 ms - -[0m
2022-10-11 13:41:10 info: [0mGET /api/clients/getClients [36m304[0m 464.555 ms - -[0m
2022-10-11 13:41:26 info: [0mGET /api/templates/getTemplates [32m201[0m 471.908 ms - -[0m
2022-10-11 13:41:27 info: [0mGET /api/clients/getClients [36m304[0m 458.905 ms - -[0m
2022-10-11 13:41:30 info: [0mPOST /api/templates/saveTemplate [32m201[0m 327.088 ms - 66[0m
2022-10-11 13:42:13 info: [0mGET /api/templates/getTemplates [32m201[0m 837.123 ms - -[0m
2022-10-11 13:42:14 info: [0mGET /api/clients/getClients [36m304[0m 457.130 ms - -[0m
2022-10-11 13:42:37 info: [0mPOST /api/templates/saveTemplate [32m201[0m 330.230 ms - 66[0m
2022-10-11 13:42:53 info: [0mGET /api/templates/getTemplates [32m201[0m 476.001 ms - -[0m
2022-10-11 13:42:53 info: [0mGET /api/clients/getClients [36m304[0m 456.148 ms - -[0m
2022-10-11 13:43:07 info: [0mGET /api/templates/getTemplates [32m201[0m 471.595 ms - -[0m
2022-10-11 13:43:08 info: [0mGET /api/clients/getClients [36m304[0m 461.290 ms - -[0m
2022-10-11 13:43:12 info: [0mPOST /api/templates/saveTemplate [32m201[0m 335.251 ms - 66[0m
2022-10-11 13:44:39 info: [0mGET /api/templates/getTemplates [32m201[0m 488.724 ms - -[0m
2022-10-11 13:44:40 info: [0mGET /api/clients/getClients [36m304[0m 468.466 ms - -[0m
2022-10-11 13:44:46 info: [0mGET /api/orders/getWorkOrders [32m201[0m 471.699 ms - -[0m
2022-10-11 13:44:48 info: [0mGET /api/orders/getWorkOrders [32m201[0m 474.544 ms - -[0m
2022-10-11 13:44:49 info: [0mGET /api/templates/getTemplates [32m201[0m 1021.175 ms - -[0m
2022-10-11 13:44:50 info: [0mGET /api/clients/getClients [36m304[0m 732.722 ms - -[0m
2022-10-11 13:45:43 info: [0mGET /api/templates/getTemplates [32m201[0m 462.505 ms - -[0m
2022-10-11 13:45:43 info: [0mGET /api/clients/getClients [36m304[0m 486.564 ms - -[0m
2022-10-11 16:44:08 info: [0mGET /api/templates/getTemplates [32m201[0m 512.364 ms - -[0m
2022-10-11 16:44:08 info: [0mGET /api/clients/getClients [36m304[0m 386.520 ms - -[0m
