2022-07-14 16:01:11 info: =================================
2022-07-14 16:01:11 info: ======= ENV: development =======
2022-07-14 16:01:11 info: 🚀 App listening on the port 5101
2022-07-14 16:01:11 info: =================================
2022-07-14 16:02:41 info: [0mGET / [32m200[0m 6.989 ms - 890[0m
2022-07-14 16:02:41 info: [0mGET /static/css/main.444fc1ff.css [32m200[0m 8.649 ms - -[0m
2022-07-14 16:02:41 info: [0mGET /static/js/main.35cfb038.js [32m200[0m 9.401 ms - -[0m
2022-07-14 16:02:41 info: [0mGET /static/js/22.49e8e693.chunk.js [32m200[0m 1.931 ms - 841[0m
2022-07-14 16:02:41 info: [0mGET /static/media/md-eye.eff33657acbd422b951f.svg [32m200[0m 2.510 ms - 390[0m
2022-07-14 16:02:41 info: [0mGET /assets/images/logo.png [32m200[0m 3.099 ms - 40959[0m
2022-07-14 16:02:41 info: [0mGET /assets/images/logo_icon.png [32m200[0m 2.764 ms - 7174[0m
2022-07-14 16:02:41 info: [0mGET /static/js/215.7a005347.chunk.js [32m200[0m 2.705 ms - -[0m
2022-07-14 16:03:03 info: [0mPOST /api/login [32m200[0m 170.584 ms - 621[0m
2022-07-14 16:03:03 info: [0mGET /api/roles/getRoles [32m200[0m 76.960 ms - 581[0m
2022-07-14 16:03:03 info: [0mGET /static/media/md-home.0260ca00b25cd05154dc.svg [32m200[0m 4.059 ms - 136[0m
2022-07-14 16:03:03 info: [0mGET /static/media/md-contact.5d59c08d6e32162ae3b8.svg [32m200[0m 4.292 ms - 373[0m
2022-07-14 16:03:03 info: [0mGET /static/media/md-log-out.a17ae03a0a0829175666.svg [32m200[0m 4.769 ms - 570[0m
2022-07-14 16:03:03 info: [0mGET /assets/images/logo_icon.png [36m304[0m 1.825 ms - -[0m
2022-07-14 16:04:44 info: [0mGET /static/css/main.444fc1ff.css [36m304[0m 2.804 ms - -[0m
2022-07-14 16:04:44 info: [0mGET /manifest.json [32m200[0m 3.542 ms - 459[0m
2022-07-14 16:04:44 info: [0mGET /static/js/22.49e8e693.chunk.js.map [32m200[0m 3.950 ms - -[0m
2022-07-14 16:04:44 info: [0mGET /static/js/215.7a005347.chunk.js.map [32m200[0m 3.950 ms - -[0m
2022-07-14 16:04:44 info: [0mGET /static/css/main.444fc1ff.css.map [32m200[0m 3.367 ms - -[0m
2022-07-14 16:04:44 info: [0mGET /static/js/main.35cfb038.js.map [32m200[0m 6.376 ms - -[0m
2022-07-14 16:05:54 info: [0mPOST /api/login [32m200[0m 132.594 ms - 621[0m
2022-07-14 16:05:54 info: [0mGET /api/roles/getRoles [32m200[0m 73.026 ms - 581[0m
2022-07-14 16:28:07 info: [0mGET /api/clients/getAllClients [32m200[0m 75.413 ms - 611[0m
2022-07-14 16:28:07 info: [0mGET /api/causas/obtenerCausas [32m201[0m 80.193 ms - -[0m
2022-07-14 16:28:33 info: [0mPOST /api/login [32m200[0m 128.832 ms - 621[0m
2022-07-14 16:28:34 info: [0mGET /api/roles/getRoles [32m200[0m 72.834 ms - 581[0m
2022-07-14 16:30:28 info: [0mGET / [32m200[0m 3.754 ms - 890[0m
2022-07-14 16:30:28 info: [0mGET /static/css/main.444fc1ff.css [32m200[0m 2.846 ms - -[0m
2022-07-14 16:30:28 info: [0mGET /static/js/main.26024430.js [32m200[0m 3.849 ms - -[0m
2022-07-14 16:30:28 info: [0mGET /static/js/22.49e8e693.chunk.js [32m200[0m 1.490 ms - 841[0m
2022-07-14 16:30:28 info: [0mGET /assets/images/logo_icon.png [36m304[0m 0.786 ms - -[0m
2022-07-14 16:30:29 info: [0mGET /static/js/215.7a005347.chunk.js [32m200[0m 3.378 ms - -[0m
2022-07-14 16:30:31 info: [0mGET / [36m304[0m 1.212 ms - -[0m
2022-07-14 16:30:31 info: [0mGET /static/js/main.26024430.js [36m304[0m 1.883 ms - -[0m
2022-07-14 16:30:31 info: [0mGET /static/css/main.444fc1ff.css [36m304[0m 2.180 ms - -[0m
2022-07-14 16:30:31 info: [0mGET /static/js/22.49e8e693.chunk.js [36m304[0m 1.040 ms - -[0m
2022-07-14 16:30:31 info: [0mGET /assets/images/logo_icon.png [36m304[0m 3.805 ms - -[0m
2022-07-14 16:30:31 info: [0mGET /static/js/215.7a005347.chunk.js [36m304[0m 1.092 ms - -[0m
2022-07-14 16:30:31 info: [0mGET / [36m304[0m 1.035 ms - -[0m
2022-07-14 16:30:31 info: [0mGET /static/js/main.26024430.js [36m304[0m 1.927 ms - -[0m
2022-07-14 16:30:31 info: [0mGET /static/css/main.444fc1ff.css [36m304[0m 1.563 ms - -[0m
2022-07-14 16:30:32 info: [0mGET /static/js/22.49e8e693.chunk.js [36m304[0m 2.357 ms - -[0m
2022-07-14 16:30:32 info: [0mGET /assets/images/logo_icon.png [36m304[0m 0.993 ms - -[0m
2022-07-14 16:30:32 info: [0mGET / [36m304[0m 1.143 ms - -[0m
2022-07-14 16:30:32 info: [0mGET /static/js/main.26024430.js [36m304[0m 2.045 ms - -[0m
2022-07-14 16:30:32 info: [0mGET /static/css/main.444fc1ff.css [36m304[0m 2.390 ms - -[0m
2022-07-14 16:30:32 info: [0mGET /static/js/22.49e8e693.chunk.js [36m304[0m 2.507 ms - -[0m
2022-07-14 16:30:32 info: [0mGET /assets/images/logo_icon.png [36m304[0m 1.508 ms - -[0m
2022-07-14 16:30:32 info: [0mGET / [36m304[0m 0.860 ms - -[0m
2022-07-14 16:30:32 info: [0mGET /static/js/main.26024430.js [36m304[0m 1.867 ms - -[0m
2022-07-14 16:30:32 info: [0mGET /static/css/main.444fc1ff.css [36m304[0m 3.758 ms - -[0m
2022-07-14 16:30:32 info: [0mGET /static/js/22.49e8e693.chunk.js [36m304[0m 0.975 ms - -[0m
2022-07-14 16:30:32 info: [0mGET /assets/images/logo_icon.png [36m304[0m 0.725 ms - -[0m
2022-07-14 16:30:32 info: [0mGET /static/js/215.7a005347.chunk.js [36m304[0m 0.928 ms - -[0m
2022-07-14 16:30:32 info: [0mGET / [36m304[0m 0.879 ms - -[0m
2022-07-14 16:30:32 info: [0mGET /static/js/main.26024430.js [36m304[0m 3.498 ms - -[0m
2022-07-14 16:30:32 info: [0mGET /static/css/main.444fc1ff.css [36m304[0m 2.148 ms - -[0m
2022-07-14 16:30:32 info: [0mGET /static/js/22.49e8e693.chunk.js [36m304[0m 1.207 ms - -[0m
2022-07-14 16:30:32 info: [0mGET /assets/images/logo_icon.png [36m304[0m 1.047 ms - -[0m
2022-07-14 16:30:32 info: [0mGET / [36m304[0m 1.091 ms - -[0m
2022-07-14 16:30:32 info: [0mGET /static/js/main.26024430.js [36m304[0m 2.998 ms - -[0m
2022-07-14 16:30:32 info: [0mGET /static/css/main.444fc1ff.css [36m304[0m 2.581 ms - -[0m
2022-07-14 16:30:32 info: [0mGET /static/js/22.49e8e693.chunk.js [36m304[0m 1.341 ms - -[0m
2022-07-14 16:30:32 info: [0mGET /assets/images/logo_icon.png [36m304[0m 0.813 ms - -[0m
2022-07-14 16:30:33 info: [0mGET /static/js/215.7a005347.chunk.js [36m304[0m 0.839 ms - -[0m
2022-07-14 16:30:51 info: [0mGET / [36m304[0m 0.970 ms - -[0m
2022-07-14 16:30:51 info: [0mGET /static/js/main.26024430.js [36m304[0m 1.557 ms - -[0m
2022-07-14 16:30:51 info: [0mGET /static/css/main.444fc1ff.css [36m304[0m 1.233 ms - -[0m
2022-07-14 16:30:51 info: [0mGET /static/js/22.49e8e693.chunk.js [36m304[0m 0.917 ms - -[0m
2022-07-14 16:30:51 info: [0mGET /assets/images/logo_icon.png [36m304[0m 2.000 ms - -[0m
2022-07-14 16:30:52 info: [0mGET /static/js/215.7a005347.chunk.js [36m304[0m 1.347 ms - -[0m
2022-07-14 16:31:50 info: [0mGET / [32m200[0m 1.351 ms - 890[0m
2022-07-14 16:31:50 info: [0mGET /static/css/main.444fc1ff.css [32m200[0m 2.476 ms - -[0m
2022-07-14 16:31:50 info: [0mGET /static/js/main.26024430.js [32m200[0m 4.328 ms - -[0m
2022-07-14 16:31:50 info: [0mGET /static/js/22.49e8e693.chunk.js [32m200[0m 3.644 ms - 841[0m
2022-07-14 16:31:50 info: [0mGET /static/media/md-eye.eff33657acbd422b951f.svg [32m200[0m 3.906 ms - 390[0m
2022-07-14 16:31:50 info: [0mGET /assets/images/logo.png [32m200[0m 4.139 ms - 40959[0m
2022-07-14 16:31:50 info: [0mGET /manifest.json [32m200[0m 4.528 ms - 459[0m
2022-07-14 16:31:50 info: [0mGET /assets/images/logo_icon.png [32m200[0m 5.370 ms - 7174[0m
2022-07-14 16:31:50 info: [0mGET /static/js/215.7a005347.chunk.js [32m200[0m 6.430 ms - -[0m
2022-07-14 16:32:05 info: [0mPOST /api/login [32m200[0m 136.631 ms - 621[0m
2022-07-14 16:32:05 info: [0mGET /api/roles/getRoles [32m200[0m 74.561 ms - 581[0m
2022-07-14 16:32:05 info: [0mGET /static/media/md-home.0260ca00b25cd05154dc.svg [32m200[0m 5.150 ms - 136[0m
2022-07-14 16:32:05 info: [0mGET /static/media/md-contact.5d59c08d6e32162ae3b8.svg [32m200[0m 3.847 ms - 373[0m
2022-07-14 16:32:05 info: [0mGET /static/media/md-log-out.a17ae03a0a0829175666.svg [32m200[0m 3.473 ms - 570[0m
2022-07-14 16:32:05 info: [0mGET /assets/images/profile-male.png [32m200[0m 1.763 ms - 42304[0m
2022-07-14 16:32:05 info: [0mGET /static/js/856.2075bb2b.chunk.js [32m200[0m 1.238 ms - -[0m
2022-07-14 16:32:14 info: [0mGET / [36m304[0m 1.124 ms - -[0m
2022-07-14 16:32:14 info: [0mGET /static/js/main.26024430.js [36m304[0m 2.358 ms - -[0m
2022-07-14 16:32:14 info: [0mGET /static/css/main.444fc1ff.css [36m304[0m 2.441 ms - -[0m
2022-07-14 16:32:14 info: [0mGET /static/js/22.49e8e693.chunk.js [36m304[0m 1.182 ms - -[0m
2022-07-14 16:32:14 info: [0mGET /manifest.json [36m304[0m 1.056 ms - -[0m
2022-07-14 16:32:15 info: [0mGET /static/js/215.7a005347.chunk.js [36m304[0m 1.322 ms - -[0m
2022-07-14 16:32:17 info: [0mGET / [36m304[0m 1.177 ms - -[0m
2022-07-14 16:32:17 info: [0mGET /static/js/main.26024430.js [36m304[0m 3.047 ms - -[0m
2022-07-14 16:32:17 info: [0mGET /static/css/main.444fc1ff.css [36m304[0m 3.011 ms - -[0m
2022-07-14 16:32:18 info: [0mGET /static/js/22.49e8e693.chunk.js [36m304[0m 1.013 ms - -[0m
2022-07-14 16:32:18 info: [0mGET /manifest.json [36m304[0m 3.021 ms - -[0m
2022-07-14 16:32:18 info: [0mGET /assets/images/logo_icon.png [36m304[0m 3.059 ms - -[0m
2022-07-14 16:32:18 info: [0mGET /static/js/215.7a005347.chunk.js [36m304[0m 0.919 ms - -[0m
2022-07-14 16:32:19 info: [0mGET / [36m304[0m 1.764 ms - -[0m
2022-07-14 16:32:19 info: [0mGET /static/js/main.26024430.js [36m304[0m 2.022 ms - -[0m
2022-07-14 16:32:19 info: [0mGET /static/css/main.444fc1ff.css [36m304[0m 1.870 ms - -[0m
2022-07-14 16:32:19 info: [0mGET /static/js/22.49e8e693.chunk.js [36m304[0m 1.209 ms - -[0m
2022-07-14 16:32:19 info: [0mGET /manifest.json [36m304[0m 2.536 ms - -[0m
2022-07-14 16:32:19 info: [0mGET /assets/images/logo_icon.png [36m304[0m 1.398 ms - -[0m
2022-07-14 16:32:19 info: [0mGET / [36m304[0m 1.616 ms - -[0m
2022-07-14 16:32:19 info: [0mGET /static/js/main.26024430.js [36m304[0m 2.728 ms - -[0m
2022-07-14 16:32:19 info: [0mGET /static/css/main.444fc1ff.css [36m304[0m 3.148 ms - -[0m
2022-07-14 16:32:19 info: [0mGET /static/js/22.49e8e693.chunk.js [36m304[0m 2.188 ms - -[0m
2022-07-14 16:32:19 info: [0mGET /manifest.json [36m304[0m 1.479 ms - -[0m
2022-07-14 16:32:19 info: [0mGET /assets/images/logo_icon.png [36m304[0m 1.473 ms - -[0m
2022-07-14 16:32:19 info: [0mGET / [36m304[0m 0.811 ms - -[0m
2022-07-14 16:32:19 info: [0mGET /static/js/main.26024430.js [36m304[0m 2.230 ms - -[0m
2022-07-14 16:32:19 info: [0mGET /static/css/main.444fc1ff.css [36m304[0m 3.287 ms - -[0m
2022-07-14 16:32:19 info: [0mGET /static/js/22.49e8e693.chunk.js [36m304[0m 1.633 ms - -[0m
2022-07-14 16:32:19 info: [0mGET /manifest.json [36m304[0m 1.727 ms - -[0m
2022-07-14 16:32:19 info: [0mGET /assets/images/logo_icon.png [36m304[0m 1.677 ms - -[0m
2022-07-14 16:32:19 info: [0mGET / [36m304[0m 0.908 ms - -[0m
2022-07-14 16:32:19 info: [0mGET /static/js/main.26024430.js [36m304[0m 3.625 ms - -[0m
2022-07-14 16:32:19 info: [0mGET /static/css/main.444fc1ff.css [36m304[0m 2.561 ms - -[0m
2022-07-14 16:32:19 info: [0mGET /static/js/22.49e8e693.chunk.js [36m304[0m 1.281 ms - -[0m
2022-07-14 16:32:19 info: [0mGET /static/js/215.7a005347.chunk.js [36m304[0m 1.135 ms - -[0m
2022-07-14 16:32:19 info: [0mGET /manifest.json [36m304[0m 1.316 ms - -[0m
2022-07-14 16:32:19 info: [0mGET /assets/images/logo_icon.png [36m304[0m 2.832 ms - -[0m
2022-07-14 16:32:24 info: [0mGET /static/css/main.444fc1ff.css [36m304[0m 7.530 ms - -[0m
2022-07-14 16:32:24 info: [0mGET /manifest.json [36m304[0m 3.318 ms - -[0m
2022-07-14 16:32:24 info: [0mGET /static/js/22.49e8e693.chunk.js.map [32m200[0m 2.385 ms - -[0m
2022-07-14 16:32:24 info: [0mGET /static/js/215.7a005347.chunk.js.map [32m200[0m 3.253 ms - -[0m
2022-07-14 16:32:24 info: [0mGET /static/css/main.444fc1ff.css.map [32m200[0m 2.057 ms - -[0m
2022-07-14 16:32:24 info: [0mGET /static/js/main.26024430.js.map [32m200[0m 1.781 ms - -[0m
2022-07-14 16:34:24 info: =================================
2022-07-14 16:34:24 info: ======= ENV: development =======
2022-07-14 16:34:24 info: 🚀 App listening on the port 5101
2022-07-14 16:34:24 info: =================================
2022-07-14 16:34:55 info: =================================
2022-07-14 16:34:55 info: ======= ENV: development =======
2022-07-14 16:34:55 info: 🚀 App listening on the port 5101
2022-07-14 16:34:55 info: =================================
2022-07-14 16:35:50 info: [0mGET / [36m304[0m 6.192 ms - -[0m
2022-07-14 16:35:50 info: [0mGET /static/js/main.26024430.js [36m304[0m 5.579 ms - -[0m
2022-07-14 16:35:50 info: [0mGET /static/css/main.444fc1ff.css [36m304[0m 3.515 ms - -[0m
2022-07-14 16:35:50 info: [0mGET /static/js/22.49e8e693.chunk.js [36m304[0m 1.138 ms - -[0m
2022-07-14 16:35:50 info: [0mGET /static/css/main.444fc1ff.css.map [32m200[0m 2.826 ms - -[0m
2022-07-14 16:35:50 info: [0mGET /static/js/22.49e8e693.chunk.js.map [32m200[0m 1.734 ms - -[0m
2022-07-14 16:35:50 info: [0mGET /assets/images/logo_icon.png [36m304[0m 1.916 ms - -[0m
2022-07-14 16:35:50 info: [0mGET /manifest.json [36m304[0m 1.778 ms - -[0m
2022-07-14 16:35:50 info: [0mGET /static/js/main.26024430.js.map [32m200[0m 8.429 ms - -[0m
2022-07-14 16:35:50 info: [0mGET /static/js/215.7a005347.chunk.js [36m304[0m 0.892 ms - -[0m
2022-07-14 16:35:50 info: [0mGET /static/js/215.7a005347.chunk.js.map [32m200[0m 1.160 ms - -[0m
2022-07-14 16:36:16 info: [0mGET / [36m304[0m 2.611 ms - -[0m
2022-07-14 16:36:16 info: [0mGET /static/js/main.26024430.js [36m304[0m 1.963 ms - -[0m
2022-07-14 16:36:16 info: [0mGET /static/css/main.444fc1ff.css [36m304[0m 2.626 ms - -[0m
2022-07-14 16:36:16 info: [0mGET /static/js/22.49e8e693.chunk.js [36m304[0m 1.072 ms - -[0m
2022-07-14 16:36:16 info: [0mGET /static/media/md-eye.eff33657acbd422b951f.svg [36m304[0m 1.674 ms - -[0m
2022-07-14 16:36:16 info: [0mGET /assets/images/logo.png [36m304[0m 2.583 ms - -[0m
2022-07-14 16:36:16 info: [0mGET /static/js/215.7a005347.chunk.js [36m304[0m 3.509 ms - -[0m
2022-07-14 16:36:16 info: [0mGET /manifest.json [36m304[0m 3.813 ms - -[0m
2022-07-14 16:36:16 info: [0mGET /assets/images/logo_icon.png [36m304[0m 4.160 ms - -[0m
2022-07-14 16:36:32 info: [0mPOST /api/login [32m200[0m 181.853 ms - 621[0m
2022-07-14 16:36:32 info: [0mGET /api/roles/getRoles [32m200[0m 77.569 ms - 581[0m
2022-07-14 16:36:32 info: [0mGET /static/media/md-home.0260ca00b25cd05154dc.svg [36m304[0m 3.080 ms - -[0m
2022-07-14 16:36:32 info: [0mGET /static/media/md-contact.5d59c08d6e32162ae3b8.svg [36m304[0m 2.639 ms - -[0m
2022-07-14 16:36:32 info: [0mGET /static/media/md-log-out.a17ae03a0a0829175666.svg [36m304[0m 2.688 ms - -[0m
2022-07-14 16:36:32 info: [0mGET /static/media/md-people.87d40001e064920ef702.svg [32m200[0m 19.739 ms - 528[0m
2022-07-14 16:36:32 info: [0mGET /static/media/md-options.3f2480dddaade53bf275.svg [32m200[0m 21.557 ms - 617[0m
2022-07-14 16:36:32 info: [0mGET /assets/images/profile-male.png [36m304[0m 8.910 ms - -[0m
2022-07-14 16:36:32 info: [0mGET /static/js/856.2075bb2b.chunk.js [36m304[0m 8.178 ms - -[0m
2022-07-14 16:36:33 info: [0mGET /api/clients/getAllClients [32m200[0m 76.816 ms - 611[0m
2022-07-14 16:36:33 info: [0mGET /api/causas/obtenerCausas [32m201[0m 79.004 ms - -[0m
2022-07-14 16:36:35 info: [0mGET /home [32m200[0m 2.860 ms - 890[0m
2022-07-14 16:36:35 info: [0mGET /static/js/main.26024430.js [36m304[0m 1.784 ms - -[0m
2022-07-14 16:36:35 info: [0mGET /static/css/main.444fc1ff.css [36m304[0m 2.179 ms - -[0m
2022-07-14 16:36:35 info: [0mGET /static/js/22.49e8e693.chunk.js [36m304[0m 0.906 ms - -[0m
2022-07-14 16:36:35 info: [0mGET /assets/images/logo.png [36m304[0m 0.782 ms - -[0m
2022-07-14 16:36:35 info: [0mGET /assets/images/profile-male.png [36m304[0m 2.153 ms - -[0m
2022-07-14 16:36:35 info: [0mGET /static/media/md-home.0260ca00b25cd05154dc.svg [36m304[0m 3.386 ms - -[0m
2022-07-14 16:36:35 info: [0mGET /static/media/md-people.87d40001e064920ef702.svg [36m304[0m 3.353 ms - -[0m
2022-07-14 16:36:35 info: [0mGET /static/media/md-contact.5d59c08d6e32162ae3b8.svg [36m304[0m 4.094 ms - -[0m
2022-07-14 16:36:35 info: [0mGET /static/media/md-log-out.a17ae03a0a0829175666.svg [36m304[0m 4.950 ms - -[0m
2022-07-14 16:36:35 info: [0mGET /static/media/md-options.3f2480dddaade53bf275.svg [36m304[0m 1.210 ms - -[0m
2022-07-14 16:36:36 info: [0mGET /api/clients/getAllClients [36m304[0m 77.829 ms - -[0m
2022-07-14 16:36:36 info: [0mGET /api/causas/obtenerCausas [32m201[0m 80.132 ms - -[0m
2022-07-14 16:36:36 info: [0mGET /manifest.json [36m304[0m 2.677 ms - -[0m
2022-07-14 16:36:36 info: [0mGET /static/js/215.7a005347.chunk.js [36m304[0m 3.219 ms - -[0m
2022-07-14 16:36:36 info: [0mGET /assets/images/logo_icon.png [36m304[0m 3.474 ms - -[0m
2022-07-14 16:36:40 info: [0mGET / [36m304[0m 0.794 ms - -[0m
2022-07-14 16:36:40 info: [0mGET /static/js/main.26024430.js [36m304[0m 1.379 ms - -[0m
2022-07-14 16:36:40 info: [0mGET /static/css/main.444fc1ff.css [36m304[0m 1.488 ms - -[0m
2022-07-14 16:36:40 info: [0mGET /static/js/22.49e8e693.chunk.js [36m304[0m 1.166 ms - -[0m
2022-07-14 16:36:40 info: [0mGET /assets/images/logo.png [36m304[0m 1.934 ms - -[0m
2022-07-14 16:36:40 info: [0mGET /static/media/md-home.0260ca00b25cd05154dc.svg [36m304[0m 6.146 ms - -[0m
2022-07-14 16:36:40 info: [0mGET /static/media/md-people.87d40001e064920ef702.svg [36m304[0m 3.751 ms - -[0m
2022-07-14 16:36:40 info: [0mGET /static/media/md-contact.5d59c08d6e32162ae3b8.svg [36m304[0m 3.448 ms - -[0m
2022-07-14 16:36:40 info: [0mGET /static/media/md-log-out.a17ae03a0a0829175666.svg [36m304[0m 1.248 ms - -[0m
2022-07-14 16:36:40 info: [0mGET /assets/images/profile-male.png [36m304[0m 3.246 ms - -[0m
2022-07-14 16:36:40 info: [0mGET /static/media/md-options.3f2480dddaade53bf275.svg [36m304[0m 1.018 ms - -[0m
2022-07-14 16:36:40 info: [0mGET /api/clients/getAllClients [36m304[0m 76.985 ms - -[0m
2022-07-14 16:36:40 info: [0mGET /api/causas/obtenerCausas [32m201[0m 81.891 ms - -[0m
2022-07-14 16:36:40 info: [0mGET /manifest.json [36m304[0m 0.955 ms - -[0m
2022-07-14 16:36:40 info: [0mGET /static/js/215.7a005347.chunk.js [36m304[0m 1.229 ms - -[0m
2022-07-14 16:38:57 info: [0mGET / [36m304[0m 1.107 ms - -[0m
2022-07-14 16:38:57 info: [0mGET /static/js/main.26024430.js [36m304[0m 1.359 ms - -[0m
2022-07-14 16:38:57 info: [0mGET /static/css/main.444fc1ff.css [36m304[0m 1.774 ms - -[0m
2022-07-14 16:38:57 info: [0mGET /static/js/22.49e8e693.chunk.js [36m304[0m 0.820 ms - -[0m
2022-07-14 16:38:57 info: [0mGET /static/media/md-contact.5d59c08d6e32162ae3b8.svg [36m304[0m 6.693 ms - -[0m
2022-07-14 16:38:57 info: [0mGET /static/media/md-home.0260ca00b25cd05154dc.svg [36m304[0m 7.120 ms - -[0m
2022-07-14 16:38:57 info: [0mGET /static/media/md-people.87d40001e064920ef702.svg [36m304[0m 6.057 ms - -[0m
2022-07-14 16:38:57 info: [0mGET /static/media/md-log-out.a17ae03a0a0829175666.svg [36m304[0m 1.092 ms - -[0m
2022-07-14 16:38:57 info: [0mGET /static/media/md-options.3f2480dddaade53bf275.svg [36m304[0m 3.640 ms - -[0m
2022-07-14 16:38:57 info: [0mGET /assets/images/logo.png [36m304[0m 3.266 ms - -[0m
2022-07-14 16:38:57 info: [0mGET /assets/images/profile-male.png [36m304[0m 3.517 ms - -[0m
2022-07-14 16:38:58 info: [0mGET /api/clients/getAllClients [36m304[0m 76.416 ms - -[0m
2022-07-14 16:38:58 info: [0mGET /api/causas/obtenerCausas [32m201[0m 80.008 ms - -[0m
2022-07-14 16:38:58 info: [0mGET /manifest.json [36m304[0m 1.757 ms - -[0m
2022-07-14 16:38:58 info: [0mGET /static/js/215.7a005347.chunk.js [36m304[0m 1.911 ms - -[0m
2022-07-14 16:39:01 info: [0mGET /static/media/md-eye.eff33657acbd422b951f.svg [36m304[0m 1.700 ms - -[0m
2022-07-14 16:39:01 info: [0mGET /login [32m200[0m 3.568 ms - 890[0m
2022-07-14 16:39:01 info: [0mGET /static/js/main.26024430.js [36m304[0m 4.267 ms - -[0m
2022-07-14 16:39:01 info: [0mGET /static/css/main.444fc1ff.css [36m304[0m 2.519 ms - -[0m
2022-07-14 16:39:01 info: [0mGET /static/js/22.49e8e693.chunk.js [36m304[0m 0.973 ms - -[0m
2022-07-14 16:39:01 info: [0mGET /assets/images/logo.png [36m304[0m 1.279 ms - -[0m
2022-07-14 16:39:01 info: [0mGET /static/media/md-eye.eff33657acbd422b951f.svg [36m304[0m 0.928 ms - -[0m
2022-07-14 16:39:01 info: [0mGET /manifest.json [36m304[0m 4.487 ms - -[0m
2022-07-14 16:39:01 info: [0mGET /assets/images/logo_icon.png [36m304[0m 2.769 ms - -[0m
2022-07-14 16:39:01 info: [0mGET /static/js/215.7a005347.chunk.js [36m304[0m 1.719 ms - -[0m
2022-07-14 16:39:11 info: [0mPOST /api/login [32m200[0m 133.918 ms - 637[0m
2022-07-14 16:39:11 info: [0mGET /api/roles/getRoles [36m304[0m 76.936 ms - -[0m
2022-07-14 16:39:11 info: [0mGET /static/media/md-contact.5d59c08d6e32162ae3b8.svg [36m304[0m 2.129 ms - -[0m
2022-07-14 16:39:11 info: [0mGET /static/media/md-home.0260ca00b25cd05154dc.svg [36m304[0m 2.161 ms - -[0m
2022-07-14 16:39:11 info: [0mGET /static/media/md-log-out.a17ae03a0a0829175666.svg [36m304[0m 1.293 ms - -[0m
2022-07-14 16:39:11 info: [0mGET /assets/images/profile-male.png [36m304[0m 1.259 ms - -[0m
2022-07-14 16:39:11 info: [0mGET /static/js/856.2075bb2b.chunk.js [36m304[0m 1.077 ms - -[0m
2022-07-14 16:39:15 info: [0mGET /home [36m304[0m 1.678 ms - -[0m
2022-07-14 16:39:15 info: [0mGET /static/js/main.26024430.js [36m304[0m 4.380 ms - -[0m
2022-07-14 16:39:15 info: [0mGET /static/css/main.444fc1ff.css [36m304[0m 3.985 ms - -[0m
2022-07-14 16:39:15 info: [0mGET /static/js/22.49e8e693.chunk.js [36m304[0m 0.699 ms - -[0m
2022-07-14 16:39:15 info: [0mGET /assets/images/logo.png [36m304[0m 3.171 ms - -[0m
2022-07-14 16:39:15 info: [0mGET /assets/images/profile-male.png [36m304[0m 2.431 ms - -[0m
2022-07-14 16:39:15 info: [0mGET /static/media/md-home.0260ca00b25cd05154dc.svg [36m304[0m 6.034 ms - -[0m
2022-07-14 16:39:15 info: [0mGET /static/media/md-contact.5d59c08d6e32162ae3b8.svg [36m304[0m 11.117 ms - -[0m
2022-07-14 16:39:15 info: [0mGET /static/media/md-log-out.a17ae03a0a0829175666.svg [36m304[0m 7.429 ms - -[0m
2022-07-14 16:39:15 info: [0mGET /manifest.json [36m304[0m 1.279 ms - -[0m
2022-07-14 16:39:15 info: [0mGET /assets/images/logo_icon.png [36m304[0m 1.955 ms - -[0m
2022-07-14 16:39:15 info: [0mGET /static/js/215.7a005347.chunk.js [36m304[0m 1.405 ms - -[0m
2022-07-14 16:39:17 info: [0mGET / [36m304[0m 1.073 ms - -[0m
2022-07-14 16:39:17 info: [0mGET /static/js/main.26024430.js [36m304[0m 1.930 ms - -[0m
2022-07-14 16:39:17 info: [0mGET /static/css/main.444fc1ff.css [36m304[0m 2.122 ms - -[0m
2022-07-14 16:39:17 info: [0mGET /static/js/22.49e8e693.chunk.js [36m304[0m 0.869 ms - -[0m
2022-07-14 16:39:17 info: [0mGET /assets/images/logo.png [36m304[0m 0.860 ms - -[0m
2022-07-14 16:39:17 info: [0mGET /static/media/md-home.0260ca00b25cd05154dc.svg [36m304[0m 5.744 ms - -[0m
2022-07-14 16:39:17 info: [0mGET /static/media/md-contact.5d59c08d6e32162ae3b8.svg [36m304[0m 5.989 ms - -[0m
2022-07-14 16:39:17 info: [0mGET /static/media/md-log-out.a17ae03a0a0829175666.svg [36m304[0m 6.035 ms - -[0m
2022-07-14 16:39:17 info: [0mGET /assets/images/profile-male.png [36m304[0m 6.418 ms - -[0m
2022-07-14 16:39:17 info: [0mGET /manifest.json [36m304[0m 1.237 ms - -[0m
2022-07-14 16:39:17 info: [0mGET /static/js/215.7a005347.chunk.js [36m304[0m 1.055 ms - -[0m
2022-07-14 16:39:21 info: [0mGET /static/media/md-eye.eff33657acbd422b951f.svg [36m304[0m 1.154 ms - -[0m
2022-07-14 16:39:21 info: [0mGET /login [36m304[0m 2.817 ms - -[0m
2022-07-14 16:39:21 info: [0mGET /static/js/main.26024430.js [36m304[0m 1.438 ms - -[0m
2022-07-14 16:39:21 info: [0mGET /static/css/main.444fc1ff.css [36m304[0m 1.716 ms - -[0m
2022-07-14 16:39:21 info: [0mGET /static/js/22.49e8e693.chunk.js [36m304[0m 1.303 ms - -[0m
2022-07-14 16:39:21 info: [0mGET /assets/images/logo.png [36m304[0m 1.004 ms - -[0m
2022-07-14 16:39:21 info: [0mGET /static/media/md-eye.eff33657acbd422b951f.svg [36m304[0m 2.255 ms - -[0m
2022-07-14 16:39:21 info: [0mGET /assets/images/logo_icon.png [36m304[0m 1.221 ms - -[0m
2022-07-14 16:39:21 info: [0mGET /manifest.json [36m304[0m 2.640 ms - -[0m
2022-07-14 16:39:21 info: [0mGET /static/js/215.7a005347.chunk.js [36m304[0m 2.565 ms - -[0m
2022-07-14 16:39:39 info: [0mPOST /api/login [32m200[0m 150.269 ms - 689[0m
2022-07-14 16:39:39 info: [0mGET /api/roles/getRoles [36m304[0m 76.859 ms - -[0m
2022-07-14 16:39:39 info: [0mGET /static/media/md-contact.5d59c08d6e32162ae3b8.svg [36m304[0m 2.014 ms - -[0m
2022-07-14 16:39:39 info: [0mGET /static/media/md-home.0260ca00b25cd05154dc.svg [36m304[0m 2.073 ms - -[0m
2022-07-14 16:39:39 info: [0mGET /static/media/md-log-out.a17ae03a0a0829175666.svg [36m304[0m 1.113 ms - -[0m
2022-07-14 16:39:39 info: [0mGET /static/media/md-people.87d40001e064920ef702.svg [36m304[0m 2.146 ms - -[0m
2022-07-14 16:39:39 info: [0mGET /static/media/md-options.3f2480dddaade53bf275.svg [36m304[0m 3.065 ms - -[0m
2022-07-14 16:39:39 info: [0mGET /assets/images/profile-male.png [36m304[0m 0.970 ms - -[0m
2022-07-14 16:39:39 info: [0mGET /static/js/856.2075bb2b.chunk.js [36m304[0m 1.818 ms - -[0m
2022-07-14 16:39:39 info: [0mGET /api/clients/getAllClients [36m304[0m 78.337 ms - -[0m
2022-07-14 16:39:39 info: [0mGET /api/causas/obtenerCausas [32m201[0m 80.764 ms - -[0m
2022-07-14 16:39:42 info: [0mGET /home [36m304[0m 1.743 ms - -[0m
2022-07-14 16:39:42 info: [0mGET /static/js/main.26024430.js [36m304[0m 2.741 ms - -[0m
2022-07-14 16:39:42 info: [0mGET /static/css/main.444fc1ff.css [36m304[0m 3.967 ms - -[0m
2022-07-14 16:39:42 info: [0mGET /static/js/22.49e8e693.chunk.js [36m304[0m 1.246 ms - -[0m
2022-07-14 16:39:42 info: [0mGET /assets/images/logo.png [36m304[0m 1.088 ms - -[0m
2022-07-14 16:39:42 info: [0mGET /assets/images/profile-male.png [36m304[0m 1.133 ms - -[0m
2022-07-14 16:39:42 info: [0mGET /static/media/md-log-out.a17ae03a0a0829175666.svg [36m304[0m 5.527 ms - -[0m
2022-07-14 16:39:42 info: [0mGET /static/media/md-home.0260ca00b25cd05154dc.svg [36m304[0m 5.101 ms - -[0m
2022-07-14 16:39:42 info: [0mGET /static/media/md-people.87d40001e064920ef702.svg [36m304[0m 5.101 ms - -[0m
2022-07-14 16:39:42 info: [0mGET /static/media/md-contact.5d59c08d6e32162ae3b8.svg [36m304[0m 3.682 ms - -[0m
2022-07-14 16:39:42 info: [0mGET /static/media/md-options.3f2480dddaade53bf275.svg [36m304[0m 1.264 ms - -[0m
2022-07-14 16:39:42 info: [0mGET /api/clients/getAllClients [36m304[0m 75.370 ms - -[0m
2022-07-14 16:39:42 info: [0mGET /api/causas/obtenerCausas [32m201[0m 81.929 ms - -[0m
2022-07-14 16:39:43 info: [0mGET /assets/images/logo_icon.png [36m304[0m 1.086 ms - -[0m
2022-07-14 16:39:43 info: [0mGET /manifest.json [36m304[0m 1.382 ms - -[0m
2022-07-14 16:39:43 info: [0mGET /static/js/215.7a005347.chunk.js [36m304[0m 2.547 ms - -[0m
2022-07-14 16:39:44 info: [0mGET / [36m304[0m 0.742 ms - -[0m
2022-07-14 16:39:44 info: [0mGET /static/js/main.26024430.js [36m304[0m 2.341 ms - -[0m
2022-07-14 16:39:44 info: [0mGET /static/css/main.444fc1ff.css [36m304[0m 1.987 ms - -[0m
2022-07-14 16:39:44 info: [0mGET /static/js/22.49e8e693.chunk.js [36m304[0m 1.888 ms - -[0m
2022-07-14 16:39:44 info: [0mGET /assets/images/logo.png [36m304[0m 1.005 ms - -[0m
2022-07-14 16:39:44 info: [0mGET /static/media/md-home.0260ca00b25cd05154dc.svg [36m304[0m 1.736 ms - -[0m
2022-07-14 16:39:44 info: [0mGET /static/media/md-people.87d40001e064920ef702.svg [36m304[0m 1.811 ms - -[0m
2022-07-14 16:39:44 info: [0mGET /static/media/md-contact.5d59c08d6e32162ae3b8.svg [36m304[0m 2.536 ms - -[0m
2022-07-14 16:39:44 info: [0mGET /static/media/md-log-out.a17ae03a0a0829175666.svg [36m304[0m 2.039 ms - -[0m
2022-07-14 16:39:44 info: [0mGET /assets/images/profile-male.png [36m304[0m 0.897 ms - -[0m
2022-07-14 16:39:44 info: [0mGET /static/media/md-options.3f2480dddaade53bf275.svg [36m304[0m 0.965 ms - -[0m
2022-07-14 16:39:45 info: [0mGET /api/clients/getAllClients [36m304[0m 85.492 ms - -[0m
2022-07-14 16:39:45 info: [0mGET /api/causas/obtenerCausas [32m201[0m 88.120 ms - -[0m
2022-07-14 16:39:45 info: [0mGET /manifest.json [36m304[0m 1.158 ms - -[0m
2022-07-14 16:39:45 info: [0mGET /static/js/215.7a005347.chunk.js [36m304[0m 0.939 ms - -[0m
2022-07-14 16:39:49 info: [0mGET /static/media/md-eye.eff33657acbd422b951f.svg [36m304[0m 1.310 ms - -[0m
2022-07-14 16:39:49 info: [0mGET /login [36m304[0m 1.588 ms - -[0m
2022-07-14 16:39:49 info: [0mGET /static/js/main.26024430.js [36m304[0m 2.510 ms - -[0m
2022-07-14 16:39:49 info: [0mGET /static/css/main.444fc1ff.css [36m304[0m 3.203 ms - -[0m
2022-07-14 16:39:49 info: [0mGET /static/js/22.49e8e693.chunk.js [36m304[0m 0.734 ms - -[0m
2022-07-14 16:39:49 info: [0mGET /assets/images/logo.png [36m304[0m 1.101 ms - -[0m
2022-07-14 16:39:49 info: [0mGET /static/media/md-eye.eff33657acbd422b951f.svg [36m304[0m 1.221 ms - -[0m
2022-07-14 16:39:49 info: [0mGET /assets/images/logo_icon.png [36m304[0m 1.302 ms - -[0m
2022-07-14 16:39:49 info: [0mGET /manifest.json [36m304[0m 4.553 ms - -[0m
2022-07-14 16:39:49 info: [0mGET /static/js/215.7a005347.chunk.js [36m304[0m 2.371 ms - -[0m
2022-07-14 16:40:11 info: =================================
2022-07-14 16:40:11 info: ======= ENV: development =======
2022-07-14 16:40:11 info: 🚀 App listening on the port 5101
2022-07-14 16:40:11 info: =================================
2022-07-14 16:40:46 info: =================================
2022-07-14 16:40:46 info: ======= ENV: development =======
2022-07-14 16:40:46 info: 🚀 App listening on the port 5101
2022-07-14 16:40:46 info: =================================
