2022-06-24 09:14:18 info: [0mGET /api/users/getVendedores [36m304[0m 607.968 ms - -[0m
2022-06-24 09:14:41 info: =================================
2022-06-24 09:14:41 info: ======= ENV: development =======
2022-06-24 09:14:41 info: 🚀 App listening on the port 5100
2022-06-24 09:14:41 info: =================================
2022-06-24 09:16:35 info: [0mGET /api/users/getVendedores [36m304[0m 82.894 ms - -[0m
2022-06-24 09:17:10 info: [0mGET /api/users/getVendedores [36m304[0m 77.140 ms - -[0m
2022-06-24 09:17:45 info: [0mGET /api/users/getVendedores [36m304[0m 72.986 ms - -[0m
2022-06-24 09:18:32 info: [0mGET /api/clients/getAllClients [36m304[0m 86.912 ms - -[0m
2022-06-24 09:18:35 info: [0mGET /api/users/getVendedores [36m304[0m 71.415 ms - -[0m
2022-06-24 09:26:36 info: [0mGET /api/clients/getAllClients [36m304[0m 74.156 ms - -[0m
2022-06-24 09:27:44 info: [0mGET /api/users/getUsers [32m200[0m 162.569 ms - -[0m
2022-06-24 09:27:49 info: [0mGET /api/clients/getAllClients [36m304[0m 72.873 ms - -[0m
2022-06-24 09:29:32 info: [0mGET /api/clients/getAllClients [36m304[0m 74.863 ms - -[0m
2022-06-24 09:29:38 info: [0mGET /api/clients/getAllClients [36m304[0m 74.338 ms - -[0m
2022-06-24 09:30:17 info: [0mGET /api/clients/getAllClients [36m304[0m 76.448 ms - -[0m
2022-06-24 09:31:17 info: [0mGET /api/users/getUsers [36m304[0m 151.394 ms - -[0m
2022-06-24 09:31:17 info: [0mGET /api/users/getUsers [36m304[0m 149.180 ms - -[0m
2022-06-24 09:32:15 info: [0mGET /api/users/getUsers [36m304[0m 154.246 ms - -[0m
2022-06-24 09:32:46 info: [0mGET /api/users/getUsers [36m304[0m 152.598 ms - -[0m
2022-06-24 09:42:22 info: [0mGET /api/users/getUsers [36m304[0m 147.572 ms - -[0m
2022-06-24 09:43:38 info: [0mGET /api/users/getUsers [36m304[0m 144.895 ms - -[0m
2022-06-24 09:43:57 info: [0mGET /api/users/getUsers [36m304[0m 152.380 ms - -[0m
2022-06-24 09:47:51 info: [0mGET /api/users/getUsers [36m304[0m 146.632 ms - -[0m
2022-06-24 09:48:29 info: [0mGET /api/users/getUsers [36m304[0m 163.096 ms - -[0m
2022-06-24 09:49:33 info: [0mGET /api/users/getUsers [36m304[0m 151.574 ms - -[0m
2022-06-24 09:55:58 info: [0mGET /api/users/getUsers [36m304[0m 146.290 ms - -[0m
2022-06-24 09:56:39 info: [0mGET /api/users/getUsers [36m304[0m 149.570 ms - -[0m
2022-06-24 09:57:54 info: [0mGET /api/users/getUsers [36m304[0m 144.736 ms - -[0m
2022-06-24 09:58:02 info: [0mGET /api/users/getUsers [36m304[0m 151.709 ms - -[0m
2022-06-24 09:59:12 info: [0mGET /api/users/getUsers [36m304[0m 149.773 ms - -[0m
2022-06-24 09:59:46 info: [0mGET /api/users/getUsers [36m304[0m 153.228 ms - -[0m
2022-06-24 10:00:17 info: [0mGET /api/users/getUsers [36m304[0m 145.685 ms - -[0m
2022-06-24 10:01:51 info: [0mGET /api/users/getUsers [36m304[0m 147.529 ms - -[0m
2022-06-24 10:03:53 info: [0mGET /api/users/getUsers [36m304[0m 148.106 ms - -[0m
2022-06-24 10:04:08 info: [0mGET /api/users/getUsers [36m304[0m 149.681 ms - -[0m
2022-06-24 10:04:47 info: [0mGET /api/users/getUsers [36m304[0m 232.068 ms - -[0m
2022-06-24 10:04:56 info: [0mGET /api/users/getUsers [36m304[0m 247.601 ms - -[0m
2022-06-24 10:06:59 info: =================================
2022-06-24 10:06:59 info: ======= ENV: development =======
2022-06-24 10:06:59 info: 🚀 App listening on the port 5100
2022-06-24 10:06:59 info: =================================
2022-06-24 10:08:20 info: [0mGET /api/users/getUsers [32m200[0m 174.169 ms - -[0m
2022-06-24 10:15:20 info: [0mGET /api/users/getUsers [36m304[0m 233.653 ms - -[0m
2022-06-24 10:15:40 info: [0mGET /api/users/getUsers [36m304[0m 322.171 ms - -[0m
2022-06-24 10:22:41 info: [0mGET /api/users/getUsers [36m304[0m 226.569 ms - -[0m
2022-06-24 10:22:47 info: [0mGET /api/users/getUsers [36m304[0m 153.492 ms - -[0m
2022-06-24 10:23:44 info: =================================
2022-06-24 10:23:44 info: ======= ENV: development =======
2022-06-24 10:23:44 info: 🚀 App listening on the port 5100
2022-06-24 10:23:44 info: =================================
2022-06-24 10:24:16 info: =================================
2022-06-24 10:24:16 info: ======= ENV: development =======
2022-06-24 10:24:16 info: 🚀 App listening on the port 5100
2022-06-24 10:24:16 info: =================================
2022-06-24 10:24:45 info: [0mGET /api/users/getUsers [32m200[0m 167.036 ms - -[0m
2022-06-24 10:38:18 info: [0mGET /api/users/getUsers [36m304[0m 148.628 ms - -[0m
2022-06-24 10:41:46 info: [0mGET /api/users/getUsers [36m304[0m 252.971 ms - -[0m
2022-06-24 10:41:46 info: [0mGET /api/users/getUsers [36m304[0m 259.418 ms - -[0m
2022-06-24 10:42:48 info: [0mGET /api/users/getUsers [36m304[0m 160.795 ms - -[0m
2022-06-24 10:42:48 info: [0mGET /api/users/getUsers [36m304[0m 150.017 ms - -[0m
2022-06-24 10:55:45 info: [0mGET /api/users/getUsers [36m304[0m 305.482 ms - -[0m
2022-06-24 10:55:45 info: [0mGET /api/users/getUsers [36m304[0m 149.743 ms - -[0m
2022-06-24 11:01:46 info: [0mGET /api/users/getUsers [36m304[0m 147.691 ms - -[0m
2022-06-24 11:01:46 info: [0mGET /api/users/getUsers [36m304[0m 223.325 ms - -[0m
2022-06-24 11:05:22 info: [0mGET /api/users/getUsers [36m304[0m 226.541 ms - -[0m
2022-06-24 11:05:23 info: [0mGET /api/users/getUsers [36m304[0m 149.412 ms - -[0m
2022-06-24 11:05:27 info: [0mGET /api/users/getUsers [36m304[0m 148.038 ms - -[0m
2022-06-24 11:05:28 info: [0mGET /api/users/getUsers [36m304[0m 303.566 ms - -[0m
2022-06-24 11:06:16 info: [0mGET /api/users/getUsers [36m304[0m 154.515 ms - -[0m
2022-06-24 11:06:28 info: [0mGET /api/users/getUsers [36m304[0m 147.303 ms - -[0m
2022-06-24 11:06:28 info: [0mGET /api/users/getUsers [36m304[0m 223.257 ms - -[0m
2022-06-24 11:06:28 info: [0mGET /api/users/getUsers [36m304[0m 224.445 ms - -[0m
2022-06-24 11:06:33 info: [0mGET /api/users/getUsers [36m304[0m 149.545 ms - -[0m
2022-06-24 11:06:33 info: [0mGET /api/users/getUsers [36m304[0m 147.381 ms - -[0m
2022-06-24 11:06:33 info: [0mGET /api/users/getUsers [36m304[0m 306.767 ms - -[0m
2022-06-24 11:06:37 info: [0mGET /api/users/getUsers [36m304[0m 150.503 ms - -[0m
2022-06-24 11:06:37 info: [0mGET /api/users/getUsers [36m304[0m 152.365 ms - -[0m
2022-06-24 11:06:38 info: [0mGET /api/users/getUsers [36m304[0m 225.900 ms - -[0m
2022-06-24 11:06:40 info: [0mGET /api/users/getUsers [36m304[0m 227.573 ms - -[0m
2022-06-24 11:06:41 info: [0mGET /api/users/getUsers [36m304[0m 151.105 ms - -[0m
2022-06-24 11:06:41 info: [0mGET /api/users/getUsers [36m304[0m 149.099 ms - -[0m
2022-06-24 11:06:47 info: [0mGET /api/users/getUsers [36m304[0m 309.571 ms - -[0m
2022-06-24 11:06:47 info: [0mGET /api/users/getUsers [36m304[0m 146.831 ms - -[0m
2022-06-24 11:06:48 info: [0mGET /api/users/getUsers [36m304[0m 153.042 ms - -[0m
2022-06-24 11:06:51 info: [0mGET /api/users/getUsers [36m304[0m 230.699 ms - -[0m
2022-06-24 11:06:51 info: [0mGET /api/users/getUsers [36m304[0m 228.174 ms - -[0m
2022-06-24 11:06:51 info: [0mGET /api/users/getUsers [36m304[0m 148.488 ms - -[0m
2022-06-24 11:07:24 info: [0mGET /api/users/getUsers [36m304[0m 148.436 ms - -[0m
2022-06-24 11:07:24 info: [0mGET /api/users/getUsers [36m304[0m 304.750 ms - -[0m
2022-06-24 11:07:25 info: [0mGET /api/users/getUsers [36m304[0m 171.440 ms - -[0m
2022-06-24 11:07:28 info: [0mGET /api/users/getUsers [36m304[0m 153.402 ms - -[0m
2022-06-24 11:07:28 info: [0mGET /api/users/getUsers [36m304[0m 246.244 ms - -[0m
2022-06-24 11:07:29 info: [0mGET /api/users/getUsers [36m304[0m 239.433 ms - -[0m
2022-06-24 11:23:54 info: [0mGET /api/users/getUsers [36m304[0m 149.966 ms - -[0m
2022-06-24 11:23:55 info: [0mGET /api/users/getUsers [36m304[0m 149.064 ms - -[0m
2022-06-24 11:23:55 info: [0mGET /api/users/getUsers [36m304[0m 302.274 ms - -[0m
2022-06-24 11:34:04 info: [0mGET /api/users/getUsers [36m304[0m 146.901 ms - -[0m
2022-06-24 11:34:04 info: [0mGET /api/users/getUsers [36m304[0m 145.318 ms - -[0m
2022-06-24 11:34:04 info: [0mGET /api/users/getUsers [36m304[0m 222.906 ms - -[0m
2022-06-24 11:34:06 info: [0mGET /api/users/getUsers [36m304[0m 223.155 ms - -[0m
2022-06-24 11:55:15 info: [0mGET /api/users/getUsers [36m304[0m 149.835 ms - -[0m
2022-06-24 12:15:15 info: [0mGET /api/users/getUsers [36m304[0m 149.540 ms - -[0m
2022-06-24 12:47:52 info: [0mGET /api/users/getUsers [36m304[0m 319.201 ms - -[0m
2022-06-24 12:47:55 info: [0mGET /api/users/getUsers [36m304[0m 167.402 ms - -[0m
2022-06-24 12:48:03 info: [0mGET /api/users/getUsers [36m304[0m 146.625 ms - -[0m
2022-06-24 12:49:01 info: [0mGET /api/users/getUsers [36m304[0m 230.803 ms - -[0m
2022-06-24 12:49:10 info: [0mGET /api/users/getUsers [36m304[0m 231.000 ms - -[0m
2022-06-24 12:49:20 info: [0mGET /api/users/getUsers [36m304[0m 168.637 ms - -[0m
2022-06-24 12:50:55 info: [0mGET /api/users/getUsers [36m304[0m 149.583 ms - -[0m
2022-06-24 12:51:00 info: [0mGET /api/users/getUsers [36m304[0m 305.022 ms - -[0m
2022-06-24 12:51:00 info: [0mGET /api/users/getUsers [36m304[0m 148.475 ms - -[0m
2022-06-24 12:51:20 info: [0mGET /api/users/getUsers [36m304[0m 147.215 ms - -[0m
2022-06-24 12:51:54 info: [0mGET /api/users/getUsers [36m304[0m 228.762 ms - -[0m
2022-06-24 12:51:55 info: [0mGET /api/users/getUsers [36m304[0m 230.141 ms - -[0m
2022-06-24 12:51:55 info: [0mGET /api/users/getUsers [36m304[0m 146.638 ms - -[0m
2022-06-24 12:51:56 info: [0mGET /api/users/getUsers [36m304[0m 149.931 ms - -[0m
2022-06-24 12:51:56 info: [0mGET /api/users/getUsers [36m304[0m 303.709 ms - -[0m
2022-06-24 12:52:02 info: [0mGET /api/users/getUsers [36m304[0m 149.355 ms - -[0m
2022-06-24 12:52:03 info: [0mGET /api/users/getUsers [36m304[0m 145.441 ms - -[0m
2022-06-24 12:52:03 info: [0mGET /api/users/getUsers [36m304[0m 227.648 ms - -[0m
2022-06-24 12:52:03 info: [0mGET /api/users/getUsers [36m304[0m 223.005 ms - -[0m
2022-06-24 12:52:07 info: [0mGET /api/users/getUsers [36m304[0m 147.811 ms - -[0m
2022-06-24 12:52:07 info: [0mGET /api/users/getUsers [36m304[0m 147.426 ms - -[0m
2022-06-24 12:52:07 info: [0mGET /api/users/getUsers [36m304[0m 306.897 ms - -[0m
2022-06-24 12:52:07 info: [0mGET /api/users/getUsers [36m304[0m 145.263 ms - -[0m
2022-06-24 12:52:12 info: [0mGET /api/clients/getAllClients [36m304[0m 77.340 ms - -[0m
2022-06-24 12:52:15 info: [0mGET /api/causas/obtenerCausas [32m201[0m 79.947 ms - -[0m
2022-06-24 12:52:16 info: [0mPOST /api/clients/getClientById/ [32m201[0m 117.988 ms - 40[0m
2022-06-24 12:52:16 info: [0mPOST /api/clients/getClientById/ [32m201[0m 156.519 ms - 40[0m
2022-06-24 12:52:16 info: [0mPOST /api/clients/getClientById/ [32m201[0m 154.883 ms - 40[0m
2022-06-24 12:52:16 info: [0mPOST /api/users/user/62a9f2e7ea9f11009ba952bd [32m200[0m 164.312 ms - 542[0m
2022-06-24 12:52:16 info: [0mPOST /api/users/user/62ab9563e95c34004d33f06b [32m200[0m 144.536 ms - 527[0m
2022-06-24 12:52:16 info: [0mPOST /api/users/user/62a9f2e7ea9f11009ba952bd [32m200[0m 219.838 ms - 542[0m
2022-06-24 12:52:21 info: [0mGET /api/causas/obtenerCausas [32m201[0m 152.958 ms - -[0m
2022-06-24 12:52:21 info: [0mPOST /api/clients/getClientById/ [32m201[0m 74.687 ms - 40[0m
2022-06-24 12:52:21 info: [0mPOST /api/clients/getClientById/ [32m201[0m 76.892 ms - 40[0m
2022-06-24 12:52:21 info: [0mPOST /api/clients/getClientById/ [32m201[0m 76.535 ms - 40[0m
2022-06-24 12:52:21 info: [0mPOST /api/users/user/62ab9563e95c34004d33f06b [32m200[0m 147.784 ms - 527[0m
2022-06-24 12:52:21 info: [0mPOST /api/users/user/62a9f2e7ea9f11009ba952bd [32m200[0m 222.945 ms - 542[0m
2022-06-24 12:52:21 info: [0mPOST /api/users/user/62a9f2e7ea9f11009ba952bd [32m200[0m 221.726 ms - 542[0m
2022-06-24 12:53:02 info: [0mGET /api/causas/obtenerCausas [32m201[0m 77.014 ms - -[0m
2022-06-24 12:53:03 info: [0mPOST /api/clients/getClientById/ [32m201[0m 73.260 ms - 40[0m
2022-06-24 12:53:03 info: [0mPOST /api/clients/getClientById/ [32m201[0m 74.605 ms - 40[0m
2022-06-24 12:53:03 info: [0mPOST /api/clients/getClientById/ [32m201[0m 78.142 ms - 40[0m
2022-06-24 12:53:03 info: [0mPOST /api/users/user/62a9f2e7ea9f11009ba952bd [32m200[0m 223.787 ms - 542[0m
2022-06-24 12:53:03 info: [0mPOST /api/users/user/62a9f2e7ea9f11009ba952bd [32m200[0m 159.556 ms - 542[0m
2022-06-24 12:53:03 info: [0mPOST /api/users/user/62ab9563e95c34004d33f06b [32m200[0m 236.069 ms - 527[0m
2022-06-24 12:53:08 info: [0mGET /api/causas/obtenerCausas [32m201[0m 84.694 ms - -[0m
2022-06-24 12:53:08 info: [0mPOST /api/clients/getClientById/ [32m201[0m 75.442 ms - 40[0m
2022-06-24 12:53:08 info: [0mPOST /api/clients/getClientById/ [32m201[0m 154.005 ms - 40[0m
2022-06-24 12:53:08 info: [0mPOST /api/clients/getClientById/ [32m201[0m 76.966 ms - 40[0m
2022-06-24 12:53:08 info: [0mPOST /api/users/user/62ab9563e95c34004d33f06b [32m200[0m 146.909 ms - 527[0m
2022-06-24 12:53:08 info: [0mPOST /api/users/user/62a9f2e7ea9f11009ba952bd [32m200[0m 149.721 ms - 542[0m
2022-06-24 12:53:09 info: [0mPOST /api/users/user/62a9f2e7ea9f11009ba952bd [32m200[0m 315.981 ms - 542[0m
2022-06-24 12:53:14 info: [0mGET /api/clients/getAllClients [36m304[0m 96.335 ms - -[0m
2022-06-24 12:53:56 info: =================================
2022-06-24 12:53:56 info: ======= ENV: development =======
2022-06-24 12:53:56 info: 🚀 App listening on the port 5100
2022-06-24 12:53:56 info: =================================
2022-06-24 12:54:05 info: [0mGET /api/causas/obtenerCausas [32m201[0m 101.494 ms - -[0m
2022-06-24 12:54:06 info: [0mPOST /api/clients/getClientById/ [32m201[0m 102.207 ms - 40[0m
2022-06-24 12:54:06 info: [0mPOST /api/clients/getClientById/ [32m201[0m 73.937 ms - 40[0m
2022-06-24 12:54:06 info: [0mPOST /api/clients/getClientById/ [32m201[0m 77.510 ms - 40[0m
2022-06-24 12:54:06 info: [0mPOST /api/users/user/62a9f2e7ea9f11009ba952bd [32m200[0m 346.861 ms - 542[0m
2022-06-24 12:54:06 info: [0mPOST /api/users/user/62ab9563e95c34004d33f06b [32m200[0m 245.148 ms - 527[0m
2022-06-24 12:54:06 info: [0mPOST /api/users/user/62a9f2e7ea9f11009ba952bd [32m200[0m 239.919 ms - 542[0m
2022-06-24 12:54:54 info: [0mGET /api/causas/obtenerCausas [32m201[0m 74.872 ms - -[0m
2022-06-24 12:54:54 info: [0mPOST /api/clients/getClientById/ [32m201[0m 89.790 ms - 40[0m
2022-06-24 12:54:54 info: [0mPOST /api/clients/getClientById/ [32m201[0m 180.526 ms - 40[0m
2022-06-24 12:54:54 info: [0mPOST /api/clients/getClientById/ [32m201[0m 174.127 ms - 40[0m
2022-06-24 12:54:55 info: [0mPOST /api/users/user/62a9f2e7ea9f11009ba952bd [32m200[0m 153.519 ms - 542[0m
2022-06-24 12:54:55 info: [0mPOST /api/users/user/62a9f2e7ea9f11009ba952bd [32m200[0m 245.659 ms - 542[0m
2022-06-24 12:54:55 info: [0mPOST /api/users/user/62ab9563e95c34004d33f06b [32m200[0m 243.886 ms - 527[0m
2022-06-24 12:55:20 info: [0mGET /api/causas/obtenerCausas [32m201[0m 170.988 ms - -[0m
2022-06-24 12:55:20 info: [0mPOST /api/clients/getClientById/ [32m201[0m 76.372 ms - 40[0m
2022-06-24 12:55:20 info: [0mPOST /api/clients/getClientById/ [32m201[0m 167.299 ms - 40[0m
2022-06-24 12:55:20 info: [0mPOST /api/users/user/62a9f2e7ea9f11009ba952bd [32m200[0m 148.732 ms - 542[0m
2022-06-24 12:55:20 info: [0mPOST /api/clients/getClientById/ [32m201[0m 168.663 ms - 40[0m
2022-06-24 12:55:20 info: [0mPOST /api/users/user/62ab9563e95c34004d33f06b [32m200[0m 245.066 ms - 527[0m
2022-06-24 12:55:21 info: [0mPOST /api/users/user/62a9f2e7ea9f11009ba952bd [32m200[0m 239.755 ms - 542[0m
2022-06-24 12:55:56 info: [0mGET /api/causas/obtenerCausas [32m201[0m 172.595 ms - -[0m
2022-06-24 12:55:56 info: [0mPOST /api/clients/getClientById/ [32m201[0m 76.571 ms - 40[0m
2022-06-24 12:55:57 info: [0mPOST /api/clients/getClientById/ [32m201[0m 72.820 ms - 40[0m
2022-06-24 12:55:57 info: [0mPOST /api/clients/getClientById/ [32m201[0m 173.357 ms - 40[0m
2022-06-24 12:55:57 info: [0mPOST /api/users/user/62a9f2e7ea9f11009ba952bd [32m200[0m 243.768 ms - 542[0m
2022-06-24 12:55:57 info: [0mPOST /api/users/user/62a9f2e7ea9f11009ba952bd [32m200[0m 148.288 ms - 542[0m
2022-06-24 12:55:57 info: [0mPOST /api/users/user/62ab9563e95c34004d33f06b [32m200[0m 334.901 ms - 527[0m
2022-06-24 12:56:27 info: [0mGET /api/clients/getAllClients [36m304[0m 74.991 ms - -[0m
2022-06-24 12:57:05 info: [0mGET /api/causas/obtenerCausas [32m201[0m 171.177 ms - -[0m
2022-06-24 12:57:06 info: [0mPOST /api/clients/getClientById/ [32m201[0m 79.694 ms - 40[0m
2022-06-24 12:57:06 info: [0mPOST /api/clients/getClientById/ [32m201[0m 171.054 ms - 40[0m
2022-06-24 12:57:06 info: [0mPOST /api/clients/getClientById/ [32m201[0m 169.025 ms - 40[0m
2022-06-24 12:57:06 info: [0mPOST /api/users/user/62ab9563e95c34004d33f06b [32m200[0m 145.273 ms - 527[0m
2022-06-24 12:57:06 info: [0mPOST /api/users/user/62a9f2e7ea9f11009ba952bd [32m200[0m 149.529 ms - 542[0m
2022-06-24 12:57:07 info: [0mPOST /api/users/user/62a9f2e7ea9f11009ba952bd [32m200[0m 335.652 ms - 542[0m
2022-06-24 12:57:08 info: [0mGET /api/causas/obtenerCausas [32m201[0m 177.593 ms - -[0m
2022-06-24 12:57:08 info: [0mGET /api/causas/obtenerCausas [32m201[0m 170.983 ms - -[0m
2022-06-24 12:57:08 info: [0mPOST /api/clients/getClientById/ [32m201[0m 73.787 ms - 40[0m
2022-06-24 12:57:08 info: [0mPOST /api/clients/getClientById/ [32m201[0m 76.844 ms - 40[0m
2022-06-24 12:57:08 info: [0mPOST /api/clients/getClientById/ [32m201[0m 174.093 ms - 40[0m
2022-06-24 12:57:08 info: [0mGET /api/causas/obtenerCausas [32m201[0m 75.850 ms - -[0m
2022-06-24 12:57:08 info: [0mPOST /api/clients/getClientById/ [32m201[0m 76.670 ms - 40[0m
2022-06-24 12:57:08 info: [0mPOST /api/clients/getClientById/ [32m201[0m 166.011 ms - 40[0m
2022-06-24 12:57:09 info: [0mPOST /api/clients/getClientById/ [32m201[0m 167.037 ms - 40[0m
2022-06-24 12:57:09 info: [0mPOST /api/users/user/62a9f2e7ea9f11009ba952bd [32m200[0m 240.963 ms - 542[0m
2022-06-24 12:57:09 info: [0mPOST /api/clients/getClientById/ [32m201[0m 74.227 ms - 40[0m
2022-06-24 12:57:09 info: [0mPOST /api/users/user/62ab9563e95c34004d33f06b [32m200[0m 149.937 ms - 527[0m
2022-06-24 12:57:09 info: [0mPOST /api/clients/getClientById/ [32m201[0m 167.164 ms - 40[0m
2022-06-24 12:57:09 info: [0mPOST /api/users/user/62a9f2e7ea9f11009ba952bd [32m200[0m 333.738 ms - 542[0m
2022-06-24 12:57:09 info: [0mPOST /api/clients/getClientById/ [32m201[0m 165.308 ms - 40[0m
2022-06-24 12:57:09 info: [0mPOST /api/users/user/62a9f2e7ea9f11009ba952bd [32m200[0m 140.496 ms - 542[0m
2022-06-24 12:57:09 info: [0mPOST /api/users/user/62ab9563e95c34004d33f06b [32m200[0m 234.481 ms - 527[0m
2022-06-24 12:57:09 info: [0mPOST /api/users/user/62a9f2e7ea9f11009ba952bd [32m200[0m 238.915 ms - 542[0m
2022-06-24 12:57:09 info: [0mPOST /api/users/user/62a9f2e7ea9f11009ba952bd [32m200[0m 236.328 ms - 542[0m
2022-06-24 12:57:09 info: [0mPOST /api/users/user/62ab9563e95c34004d33f06b [32m200[0m 239.944 ms - 527[0m
2022-06-24 12:57:10 info: [0mPOST /api/users/user/62a9f2e7ea9f11009ba952bd [32m200[0m 143.351 ms - 542[0m
2022-06-24 12:57:40 info: [0mGET /api/causas/obtenerCausas [32m201[0m 168.278 ms - -[0m
2022-06-24 12:57:40 info: [0mPOST /api/clients/getClientById/ [32m201[0m 174.132 ms - 40[0m
2022-06-24 12:57:40 info: [0mPOST /api/clients/getClientById/ [32m201[0m 72.861 ms - 40[0m
2022-06-24 12:57:40 info: [0mPOST /api/clients/getClientById/ [32m201[0m 170.835 ms - 40[0m
2022-06-24 12:57:41 info: [0mPOST /api/users/user/62a9f2e7ea9f11009ba952bd [32m200[0m 165.072 ms - 542[0m
2022-06-24 12:57:41 info: [0mPOST /api/users/user/62a9f2e7ea9f11009ba952bd [32m200[0m 261.830 ms - 542[0m
2022-06-24 12:57:41 info: [0mPOST /api/users/user/62ab9563e95c34004d33f06b [32m200[0m 341.803 ms - 527[0m
2022-06-24 12:57:44 info: [0mGET /api/causas/obtenerCausas [32m201[0m 76.885 ms - -[0m
2022-06-24 12:57:44 info: [0mPOST /api/clients/getClientById/ [32m201[0m 75.818 ms - 40[0m
2022-06-24 12:57:44 info: [0mPOST /api/clients/getClientById/ [32m201[0m 168.309 ms - 40[0m
2022-06-24 12:57:44 info: [0mPOST /api/clients/getClientById/ [32m201[0m 75.503 ms - 40[0m
2022-06-24 12:57:44 info: [0mPOST /api/users/user/62ab9563e95c34004d33f06b [32m200[0m 243.701 ms - 527[0m
2022-06-24 12:57:44 info: [0mPOST /api/users/user/62a9f2e7ea9f11009ba952bd [32m200[0m 238.915 ms - 542[0m
2022-06-24 12:57:45 info: [0mPOST /api/users/user/62a9f2e7ea9f11009ba952bd [32m200[0m 247.553 ms - 542[0m
2022-06-24 12:58:23 info: [0mGET /api/causas/obtenerCausas [32m201[0m 173.979 ms - -[0m
2022-06-24 12:58:23 info: [0mPOST /api/clients/getClientById/ [32m201[0m 74.655 ms - 40[0m
2022-06-24 12:58:23 info: [0mPOST /api/clients/getClientById/ [32m201[0m 73.001 ms - 40[0m
2022-06-24 12:58:23 info: [0mPOST /api/clients/getClientById/ [32m201[0m 170.376 ms - 40[0m
2022-06-24 12:58:24 info: [0mPOST /api/users/user/62a9f2e7ea9f11009ba952bd [32m200[0m 243.266 ms - 542[0m
2022-06-24 12:58:24 info: [0mPOST /api/users/user/62ab9563e95c34004d33f06b [32m200[0m 241.615 ms - 527[0m
2022-06-24 12:58:24 info: [0mPOST /api/users/user/62a9f2e7ea9f11009ba952bd [32m200[0m 245.420 ms - 542[0m
2022-06-24 12:58:25 info: [0mGET /api/causas/obtenerCausas [32m201[0m 76.433 ms - -[0m
2022-06-24 12:58:26 info: [0mPOST /api/clients/getClientById/ [32m201[0m 76.002 ms - 40[0m
2022-06-24 12:58:26 info: [0mPOST /api/clients/getClientById/ [32m201[0m 167.083 ms - 40[0m
2022-06-24 12:58:26 info: [0mPOST /api/clients/getClientById/ [32m201[0m 168.219 ms - 40[0m
2022-06-24 12:58:26 info: [0mPOST /api/users/user/62a9f2e7ea9f11009ba952bd [32m200[0m 150.062 ms - 542[0m
2022-06-24 12:58:26 info: [0mPOST /api/users/user/62a9f2e7ea9f11009ba952bd [32m200[0m 244.025 ms - 542[0m
2022-06-24 12:58:26 info: [0mPOST /api/users/user/62ab9563e95c34004d33f06b [32m200[0m 245.598 ms - 527[0m
2022-06-24 12:59:44 info: [0mGET /api/causas/obtenerCausas [32m201[0m 169.325 ms - -[0m
2022-06-24 12:59:44 info: [0mPOST /api/clients/getClientById/ [32m201[0m 166.474 ms - 40[0m
2022-06-24 12:59:44 info: [0mPOST /api/clients/getClientById/ [32m201[0m 73.755 ms - 40[0m
2022-06-24 12:59:44 info: [0mPOST /api/clients/getClientById/ [32m201[0m 76.884 ms - 40[0m
2022-06-24 12:59:45 info: [0mPOST /api/users/user/62a9f2e7ea9f11009ba952bd [32m200[0m 335.191 ms - 542[0m
2022-06-24 12:59:45 info: [0mPOST /api/users/user/62a9f2e7ea9f11009ba952bd [32m200[0m 242.898 ms - 542[0m
2022-06-24 12:59:45 info: [0mPOST /api/users/user/62ab9563e95c34004d33f06b [32m200[0m 242.092 ms - 527[0m
2022-06-24 15:54:27 info: =================================
2022-06-24 15:54:27 info: ======= ENV: development =======
2022-06-24 15:54:27 info: 🚀 App listening on the port 5100
2022-06-24 15:54:27 info: =================================
2022-06-24 16:05:20 info: [0mGET /api/users/getUsers [32m200[0m 177.085 ms - -[0m
2022-06-24 16:07:09 info: [0mGET /api/users/getUsers [36m304[0m 152.944 ms - -[0m
2022-06-24 16:07:12 info: [0mGET /api/users/getUsers [36m304[0m 149.905 ms - -[0m
2022-06-24 16:07:14 info: [0mGET /api/clients/getAllClients [36m304[0m 76.180 ms - -[0m
2022-06-24 16:07:19 info: [0mGET /api/servicios/obtenerProcedimientos [32m200[0m 78.703 ms - 612[0m
2022-06-24 16:07:19 info: [0mGET /api/servicios/obtenerTipoServicios [32m200[0m 74.693 ms - 595[0m
2022-06-24 16:07:21 info: [0mGET /api/causas/obtenerCausas [32m201[0m 79.840 ms - -[0m
2022-06-24 16:07:21 info: [0mPOST /api/clients/getClientById/ [32m201[0m 116.218 ms - 40[0m
2022-06-24 16:07:21 info: [0mPOST /api/clients/getClientById/ [32m201[0m 73.372 ms - 40[0m
2022-06-24 16:07:21 info: [0mPOST /api/clients/getClientById/ [32m201[0m 78.053 ms - 40[0m
2022-06-24 16:07:22 info: [0mPOST /api/users/user/62a9f2e7ea9f11009ba952bd [32m200[0m 149.331 ms - 542[0m
2022-06-24 16:07:22 info: [0mPOST /api/users/user/62a9f2e7ea9f11009ba952bd [32m200[0m 156.050 ms - 542[0m
2022-06-24 16:07:22 info: [0mPOST /api/users/user/62ab9563e95c34004d33f06b [32m200[0m 147.582 ms - 527[0m
2022-06-24 16:07:34 info: [0mPOST /api/users/user/62a9f2e7ea9f11009ba952bd [32m200[0m 149.388 ms - 542[0m
2022-06-24 16:07:34 info: [0mPOST /api/clients/getClientById/ [32m201[0m 73.336 ms - 40[0m
2022-06-24 16:07:34 info: [0mGET /api/servicios/obtenerTipoServicios/ [32m200[0m 75.810 ms - 595[0m
2022-06-24 16:07:34 info: [0mGET /api/servicios/obtenerProcedimientos/ [32m200[0m 79.577 ms - 612[0m
2022-06-24 16:07:35 info: [0mGET /api/clients/getAllClients [36m304[0m 75.225 ms - -[0m
2022-06-24 16:07:42 info: [0mGET /api/causas/obtenerCausas [32m201[0m 79.944 ms - -[0m
2022-06-24 16:07:43 info: [0mPOST /api/clients/getClientById/ [32m201[0m 72.083 ms - 40[0m
2022-06-24 16:07:43 info: [0mPOST /api/clients/getClientById/ [32m201[0m 75.547 ms - 40[0m
2022-06-24 16:07:43 info: [0mPOST /api/clients/getClientById/ [32m201[0m 78.768 ms - 40[0m
2022-06-24 16:07:43 info: [0mPOST /api/users/user/62a9f2e7ea9f11009ba952bd [32m200[0m 153.501 ms - 542[0m
2022-06-24 16:07:43 info: [0mPOST /api/users/user/62a9f2e7ea9f11009ba952bd [32m200[0m 153.854 ms - 542[0m
2022-06-24 16:07:43 info: [0mPOST /api/users/user/62ab9563e95c34004d33f06b [32m200[0m 151.099 ms - 527[0m
2022-06-24 16:07:47 info: [0mGET /api/clients/getAllClients [36m304[0m 78.636 ms - -[0m
2022-06-24 16:07:51 info: [0mGET /api/users/getVendedores [32m200[0m 80.380 ms - 524[0m
2022-06-24 16:07:57 info: [0mGET /api/clients/getAllClients [36m304[0m 76.001 ms - -[0m
2022-06-24 16:08:52 info: [0mGET /api/users/getVendedores [36m304[0m 77.986 ms - -[0m
2022-06-24 16:09:18 info: [0mGET /api/users/getVendedores [36m304[0m 76.847 ms - -[0m
2022-06-24 16:09:21 info: [0mGET /api/clients/getAllClients [36m304[0m 77.011 ms - -[0m
2022-06-24 16:09:24 info: [0mGET /api/users/getVendedores [36m304[0m 74.761 ms - -[0m
2022-06-24 16:11:29 info: [0mGET /api/users/getVendedores [36m304[0m 76.668 ms - -[0m
2022-06-24 16:13:37 info: [0mGET /api/clients/getAllClients [36m304[0m 76.350 ms - -[0m
2022-06-24 16:14:10 info: [0mGET /api/users/getVendedores [36m304[0m 77.204 ms - -[0m
2022-06-24 16:14:13 info: [0mGET /api/clients/getAllClients [36m304[0m 74.365 ms - -[0m
2022-06-24 16:14:16 info: [0mGET /api/users/getVendedores [36m304[0m 84.769 ms - -[0m
2022-06-24 16:14:47 info: [0mGET /api/users/getVendedores [36m304[0m 74.411 ms - -[0m
2022-06-24 16:14:53 info: [0mGET /api/clients/getAllClients [36m304[0m 74.214 ms - -[0m
2022-06-24 16:14:57 info: [0mGET /api/clients/getAllClients [36m304[0m 73.991 ms - -[0m
2022-06-24 16:14:59 info: [0mGET /api/users/getVendedores [36m304[0m 74.254 ms - -[0m
2022-06-24 16:15:01 info: [0mGET /api/clients/getAllClients [36m304[0m 77.878 ms - -[0m
2022-06-24 16:15:02 info: [0mGET /api/users/getVendedores [36m304[0m 76.047 ms - -[0m
2022-06-24 16:15:42 info: [0mGET /api/users/getVendedores [36m304[0m 90.395 ms - -[0m
2022-06-24 16:16:13 info: [0mGET /api/users/getVendedores [36m304[0m 75.812 ms - -[0m
2022-06-24 16:16:17 info: [0mGET /api/clients/getAllClients [36m304[0m 80.318 ms - -[0m
2022-06-24 16:16:20 info: [0mGET /api/users/getVendedores [36m304[0m 84.046 ms - -[0m
2022-06-24 16:17:14 info: [0mGET /api/users/getVendedores [36m304[0m 73.367 ms - -[0m
2022-06-24 16:17:16 info: [0mGET /api/users/getVendedores [36m304[0m 73.424 ms - -[0m
2022-06-24 16:17:20 info: [0mGET /api/clients/getAllClients [36m304[0m 75.415 ms - -[0m
2022-06-24 16:17:25 info: [0mGET /api/clients/getAllClients [36m304[0m 75.800 ms - -[0m
2022-06-24 16:17:27 info: [0mGET /api/users/getVendedores [36m304[0m 77.636 ms - -[0m
2022-06-24 16:17:35 info: [0mGET /api/clients/getAllClients [36m304[0m 73.161 ms - -[0m
2022-06-24 16:17:37 info: [0mGET /api/users/getVendedores [36m304[0m 75.554 ms - -[0m
2022-06-24 16:17:44 info: [0mGET /api/clients/getAllClients [36m304[0m 74.431 ms - -[0m
2022-06-24 16:27:53 info: [0mGET /api/clients/getAllClients [36m304[0m 73.586 ms - -[0m
2022-06-24 16:27:54 info: [0mGET /api/users/getUsers [36m304[0m 153.466 ms - -[0m
2022-06-24 16:34:50 info: [0mPOST /api/users/createUser [32m201[0m 236.597 ms - 456[0m
2022-06-24 16:34:53 info: [0mGET /api/users/getUsers [32m200[0m 152.642 ms - -[0m
2022-06-24 16:49:47 info: [0mPOST /api/auth/login [32m200[0m 137.715 ms - 637[0m
2022-06-24 16:49:48 info: [0mGET /api/roles/getRoles [32m200[0m 78.691 ms - 581[0m
2022-06-24 16:49:52 info: [0mGET /api/causas/obtenerCausas [32m201[0m 74.753 ms - -[0m
2022-06-24 16:49:52 info: [0mPOST /api/clients/getClientById/ [32m201[0m 73.886 ms - 40[0m
2022-06-24 16:49:52 info: [0mPOST /api/clients/getClientById/ [32m201[0m 76.917 ms - 40[0m
2022-06-24 16:49:52 info: [0mPOST /api/clients/getClientById/ [32m201[0m 83.712 ms - 40[0m
2022-06-24 16:49:53 info: [0mPOST /api/users/user/62a9f2e7ea9f11009ba952bd [32m200[0m 150.951 ms - 542[0m
2022-06-24 16:49:53 info: [0mPOST /api/users/user/62ab9563e95c34004d33f06b [32m200[0m 151.465 ms - 527[0m
2022-06-24 16:49:53 info: [0mPOST /api/users/user/62a9f2e7ea9f11009ba952bd [32m200[0m 144.470 ms - 542[0m
2022-06-24 17:14:41 info: =================================
2022-06-24 17:14:41 info: ======= ENV: development =======
2022-06-24 17:14:41 info: 🚀 App listening on the port 5100
2022-06-24 17:14:41 info: =================================
2022-06-24 17:15:43 info: =================================
2022-06-24 17:15:43 info: ======= ENV: development =======
2022-06-24 17:15:43 info: 🚀 App listening on the port 5100
2022-06-24 17:15:43 info: =================================
2022-06-24 17:37:46 info: [0mPOST /api/causas/obtenerCausasPorAbogado [32m201[0m 6.362 ms - 26[0m
2022-06-24 17:39:53 info: [0mPOST /api/causas/obtenerCausasPorAbogado [32m201[0m 1.555 ms - 26[0m
2022-06-24 17:40:50 info: [0mPOST /api/causas/obtenerCausasPorAbogado [32m201[0m 1.439 ms - 26[0m
2022-06-24 17:40:58 info: [0mPOST /api/causas/obtenerCausasPorAbogado [32m201[0m 1.103 ms - 26[0m
2022-06-24 17:40:58 info: [0mPOST /api/causas/obtenerCausasPorAbogado [32m201[0m 1.928 ms - 26[0m
2022-06-24 17:40:58 info: [0mPOST /api/causas/obtenerCausasPorAbogado [32m201[0m 1.509 ms - 26[0m
2022-06-24 17:50:52 info: [0mPOST /api/causas/obtenerCausasPorAbogado [32m201[0m 1.470 ms - 26[0m
2022-06-24 17:51:15 info: [0mPOST /api/causas/obtenerCausasPorAbogado [32m201[0m 1.670 ms - 26[0m
