2022-10-06 14:43:12 info: =================================
2022-10-06 14:43:12 info: ======= ENV: development =======
2022-10-06 14:43:12 info: 🚀 App listening on the port 5103
2022-10-06 14:43:12 info: =================================
2022-10-06 14:43:55 error: [GET] /api/clients/getClients >> StatusCode:: 401, Message:: Wrong authentication token
2022-10-06 14:43:55 info: [0mGET /api/clients/getClients [33m401[0m 5.707 ms - 40[0m
2022-10-06 14:44:00 info: [0mPOST /api/logout [32m200[0m 126.339 ms - 403[0m
2022-10-06 14:44:18 info: [0mPOST /api/login [32m200[0m 141.529 ms - 585[0m
2022-10-06 14:44:19 info: [0mGET /api/clients/getClients [32m200[0m 250.783 ms - -[0m
2022-10-06 14:44:31 info: [0mGET /api/orders/getWorkOrders [32m201[0m 246.354 ms - -[0m
2022-10-06 14:44:32 info: [0mGET /api/templates/getTemplates [32m201[0m 149.151 ms - -[0m
2022-10-06 14:45:49 info: [0mGET /api/templates/getTemplates [32m201[0m 152.934 ms - 52[0m
2022-10-06 15:11:05 info: [0mGET /api/templates/getTemplates [32m201[0m 159.501 ms - 52[0m
2022-10-06 15:11:23 info: [0mGET /api/templates/getTemplates [32m201[0m 147.459 ms - 52[0m
2022-10-06 15:11:44 info: [0mGET /api/templates/getTemplates [32m201[0m 145.100 ms - 52[0m
2022-10-06 15:12:08 info: [0mGET /api/templates/getTemplates [32m201[0m 150.576 ms - 52[0m
2022-10-06 15:12:57 info: [0mGET /api/templates/getTemplates [32m201[0m 147.416 ms - 52[0m
2022-10-06 15:13:04 info: [0mGET /api/templates/getTemplates [32m201[0m 146.362 ms - 52[0m
2022-10-06 15:13:13 info: [0mGET /api/templates/getTemplates [32m201[0m 147.336 ms - 52[0m
2022-10-06 15:13:24 info: [0mGET /api/templates/getTemplates [32m201[0m 144.105 ms - 52[0m
2022-10-06 15:13:55 info: [0mGET /api/templates/getTemplates [32m201[0m 142.327 ms - 52[0m
2022-10-06 15:14:25 info: [0mGET /api/templates/getTemplates [32m201[0m 144.589 ms - 52[0m
2022-10-06 15:15:33 info: [0mGET /api/templates/getTemplates [32m201[0m 144.527 ms - 52[0m
2022-10-06 15:16:56 info: [0mGET /api/templates/getTemplates [32m201[0m 145.963 ms - 52[0m
2022-10-06 15:17:41 info: [0mGET /api/templates/getTemplates [32m201[0m 142.894 ms - 52[0m
2022-10-06 15:18:18 info: [0mGET /api/templates/getTemplates [32m201[0m 141.908 ms - 52[0m
2022-10-06 15:27:13 info: [0mGET /api/templates/getTemplates [32m201[0m 144.339 ms - 52[0m
2022-10-06 15:27:35 info: [0mGET /api/templates/getTemplates [32m201[0m 145.837 ms - 52[0m
2022-10-06 15:28:08 info: [0mGET /api/templates/getTemplates [32m201[0m 154.603 ms - 52[0m
2022-10-06 15:28:21 info: [0mGET /api/templates/getTemplates [32m201[0m 147.410 ms - 52[0m
2022-10-06 15:32:17 info: [0mGET /api/templates/getTemplates [32m201[0m 145.875 ms - 52[0m
2022-10-06 15:32:31 info: [0mGET /api/templates/getTemplates [32m201[0m 145.429 ms - 52[0m
2022-10-06 15:32:37 info: [0mGET /api/templates/getTemplates [32m201[0m 153.672 ms - 52[0m
2022-10-06 16:10:10 info: =================================
2022-10-06 16:10:10 info: ======= ENV: development =======
2022-10-06 16:10:10 info: 🚀 App listening on the port 5103
2022-10-06 16:10:10 info: =================================
2022-10-06 16:10:27 info: [0mGET /api/clients/getClients [32m200[0m 249.177 ms - -[0m
2022-10-06 16:10:32 info: [0mGET /api/orders/getWorkOrders [32m201[0m 241.953 ms - -[0m
2022-10-06 16:10:34 info: [0mGET /api/templates/getTemplates [32m201[0m 149.954 ms - 52[0m
2022-10-06 16:12:54 info: [0mGET /api/templates/getTemplates [32m201[0m 147.768 ms - 52[0m
2022-10-06 16:15:48 info: [0mGET /api/templates/getTemplates [32m201[0m 154.892 ms - 52[0m
2022-10-06 16:18:15 info: [0mGET /api/templates/getTemplates [32m201[0m 145.548 ms - 52[0m
2022-10-06 16:18:45 info: [0mGET /api/templates/getTemplates [32m201[0m 147.192 ms - 52[0m
2022-10-06 16:19:08 info: [0mGET /api/templates/getTemplates [32m201[0m 146.174 ms - 52[0m
2022-10-06 16:19:24 info: [0mGET /api/templates/getTemplates [32m201[0m 147.470 ms - 52[0m
2022-10-06 16:19:29 info: [0mGET /api/templates/getTemplates [32m201[0m 151.342 ms - 52[0m
2022-10-06 16:21:32 info: [0mGET /api/templates/getTemplates [32m201[0m 145.156 ms - 52[0m
2022-10-06 16:29:32 info: [0mGET /api/templates/getTemplates [32m201[0m 451.027 ms - 52[0m
2022-10-06 16:29:50 info: [0mGET /api/templates/getTemplates [32m201[0m 148.293 ms - 52[0m
2022-10-06 16:30:31 info: [0mGET /api/templates/getTemplates [32m201[0m 148.978 ms - 52[0m
2022-10-06 16:30:50 info: [0mGET /api/templates/getTemplates [32m201[0m 145.494 ms - 52[0m
2022-10-06 16:31:14 info: [0mGET /api/templates/getTemplates [32m201[0m 146.606 ms - 52[0m
2022-10-06 17:00:19 info: [0mGET /api/templates/getTemplates [32m201[0m 147.032 ms - 52[0m
2022-10-06 17:00:22 info: [0mPOST /api/templates/createTemplate [32m201[0m 244.639 ms - 306[0m
2022-10-06 17:00:26 info: [0mPOST /api/templates/createTemplate [32m201[0m 152.691 ms - 306[0m
2022-10-06 17:00:28 info: [0mPOST /api/templates/createTemplate [32m201[0m 152.345 ms - 306[0m
2022-10-06 17:01:10 info: [0mPOST /api/templates/createTemplate [32m201[0m 151.207 ms - 306[0m
2022-10-06 17:07:15 info: [0mGET /api/templates/getTemplates [32m201[0m 150.452 ms - -[0m
2022-10-06 17:07:39 info: [0mGET /api/templates/getTemplates [32m201[0m 150.607 ms - -[0m
2022-10-06 17:07:46 info: [0mGET /api/templates/getTemplates [32m201[0m 150.470 ms - -[0m
2022-10-06 17:08:13 info: [0mGET /api/templates/getTemplates [32m201[0m 151.144 ms - -[0m
2022-10-06 17:09:09 info: [0mGET /api/templates/getTemplates [32m201[0m 150.763 ms - -[0m
2022-10-06 17:09:28 info: [0mGET /api/templates/getTemplates [32m201[0m 156.379 ms - -[0m
2022-10-06 17:09:40 info: [0mGET /api/templates/getTemplates [32m201[0m 148.663 ms - -[0m
2022-10-06 17:09:49 info: [0mGET /api/templates/getTemplates [32m201[0m 155.651 ms - -[0m
2022-10-06 17:10:04 info: [0mGET /api/templates/getTemplates [32m201[0m 147.843 ms - -[0m
2022-10-06 17:10:42 info: [0mGET /api/templates/getTemplates [32m201[0m 149.197 ms - -[0m
2022-10-06 17:10:53 info: [0mGET /api/templates/getTemplates [32m201[0m 151.294 ms - -[0m
2022-10-06 17:11:03 info: [0mGET /api/templates/getTemplates [32m201[0m 146.597 ms - -[0m
2022-10-06 17:11:11 info: [0mGET /api/templates/getTemplates [32m201[0m 161.530 ms - -[0m
2022-10-06 17:11:29 info: [0mGET /api/templates/getTemplates [32m201[0m 149.246 ms - -[0m
2022-10-06 17:11:43 info: [0mGET /api/templates/getTemplates [32m201[0m 154.393 ms - -[0m
2022-10-06 17:11:49 info: [0mGET /api/templates/getTemplates [32m201[0m 149.606 ms - -[0m
2022-10-06 17:12:14 info: [0mGET /api/templates/getTemplates [32m201[0m 149.688 ms - -[0m
2022-10-06 17:17:10 info: [0mGET /api/templates/getTemplates [32m201[0m 154.611 ms - -[0m
2022-10-06 17:17:12 info: [0mPOST /api/templates/createTemplate [32m201[0m 155.529 ms - 306[0m
2022-10-06 17:17:13 info: [0mPOST /api/templates/createTemplate [32m201[0m 152.505 ms - 306[0m
2022-10-06 17:17:14 info: [0mPOST /api/templates/createTemplate [32m201[0m 149.961 ms - 306[0m
2022-10-06 17:17:15 info: [0mPOST /api/templates/createTemplate [32m201[0m 151.158 ms - 306[0m
2022-10-06 17:17:15 info: [0mPOST /api/templates/createTemplate [32m201[0m 148.997 ms - 306[0m
2022-10-06 17:17:16 info: [0mPOST /api/templates/createTemplate [32m201[0m 148.335 ms - 307[0m
2022-10-06 17:17:17 info: [0mPOST /api/templates/createTemplate [32m201[0m 153.928 ms - 307[0m
2022-10-06 17:17:18 info: [0mPOST /api/templates/createTemplate [32m201[0m 149.378 ms - 307[0m
2022-10-06 17:17:19 info: [0mPOST /api/templates/createTemplate [32m201[0m 152.281 ms - 307[0m
2022-10-06 17:17:20 info: [0mPOST /api/templates/createTemplate [32m201[0m 151.026 ms - 307[0m
2022-10-06 17:20:01 info: [0mGET /api/templates/getTemplates [32m201[0m 319.929 ms - -[0m
2022-10-06 17:24:30 info: [0mGET /api/templates/getTemplates [32m201[0m 151.817 ms - -[0m
2022-10-06 17:28:03 info: [0mGET /api/templates/getTemplates [32m201[0m 152.965 ms - -[0m
2022-10-06 17:28:19 info: [0mGET /api/templates/getTemplates [32m201[0m 158.686 ms - -[0m
2022-10-06 17:28:52 info: [0mGET /api/templates/getTemplates [32m201[0m 156.072 ms - -[0m
2022-10-06 17:29:46 info: [0mGET /api/templates/getTemplates [32m201[0m 149.308 ms - -[0m
2022-10-06 17:30:00 info: [0mGET /api/templates/getTemplates [32m201[0m 150.692 ms - -[0m
2022-10-06 17:31:20 info: [0mGET /api/templates/getTemplates [32m201[0m 156.130 ms - -[0m
2022-10-06 17:31:48 info: [0mGET /api/templates/getTemplates [32m201[0m 154.707 ms - -[0m
2022-10-06 17:33:37 info: [0mGET /api/templates/getTemplates [32m201[0m 149.441 ms - -[0m
2022-10-06 17:34:41 info: [0mGET /api/templates/getTemplates [32m201[0m 469.096 ms - -[0m
2022-10-06 17:34:55 info: [0mGET /api/templates/getTemplates [32m201[0m 151.584 ms - -[0m
2022-10-06 17:36:39 info: [0mGET /api/templates/getTemplates [32m201[0m 164.332 ms - -[0m
2022-10-06 17:37:29 info: [0mGET /api/templates/getTemplates [32m201[0m 154.032 ms - -[0m
2022-10-06 17:41:24 info: [0mGET /api/templates/getTemplates [32m201[0m 171.980 ms - -[0m
2022-10-06 17:55:23 info: [0mGET /api/templates/getTemplates [32m201[0m 156.635 ms - -[0m
2022-10-06 17:59:43 info: [0mGET /api/orders/getWorkOrders [32m201[0m 240.937 ms - -[0m
2022-10-06 17:59:45 info: [0mGET /api/orders/getWorkOrders [32m201[0m 248.157 ms - -[0m
2022-10-06 17:59:47 info: [0mGET /api/templates/getTemplates [32m201[0m 154.320 ms - -[0m
2022-10-06 18:01:42 info: [0mGET /api/templates/getTemplates [32m201[0m 154.038 ms - -[0m
2022-10-06 18:01:57 info: [0mGET /api/templates/getTemplates [32m201[0m 155.148 ms - -[0m
2022-10-06 18:02:14 info: [0mGET /api/templates/getTemplates [32m201[0m 161.046 ms - -[0m
2022-10-06 18:04:36 info: [0mGET /api/templates/getTemplates [32m201[0m 158.503 ms - -[0m
2022-10-06 18:05:23 info: [0mGET /api/templates/getTemplates [32m201[0m 151.655 ms - -[0m
2022-10-06 18:06:27 info: [0mGET /api/templates/getTemplates [32m201[0m 157.004 ms - -[0m
2022-10-06 18:06:43 info: [0mGET /api/templates/getTemplates [32m201[0m 148.331 ms - -[0m
2022-10-06 18:07:08 info: [0mGET /api/templates/getTemplates [32m201[0m 154.339 ms - -[0m
2022-10-06 18:07:35 info: [0mGET /api/templates/getTemplates [32m201[0m 152.866 ms - -[0m
2022-10-06 18:07:41 info: [0mGET /api/templates/getTemplates [32m201[0m 160.774 ms - -[0m
2022-10-06 18:08:09 info: [0mGET /api/templates/getTemplates [32m201[0m 160.056 ms - -[0m
2022-10-06 18:08:26 info: [0mGET /api/templates/getTemplates [32m201[0m 159.115 ms - -[0m
2022-10-06 18:42:59 info: =================================
2022-10-06 18:42:59 info: ======= ENV: development =======
2022-10-06 18:42:59 info: 🚀 App listening on the port 5103
2022-10-06 18:42:59 info: =================================
2022-10-06 18:45:29 info: [0mGET /api/clients/getClients [32m200[0m 255.224 ms - -[0m
2022-10-06 18:45:31 info: [0mGET /api/orders/getWorkOrders [32m201[0m 253.037 ms - -[0m
2022-10-06 18:45:32 info: [0mGET /api/templates/getTemplates [32m201[0m 154.579 ms - -[0m
2022-10-06 18:47:16 info: [0mGET /api/templates/getTemplates [32m201[0m 153.576 ms - -[0m
2022-10-06 18:47:41 info: [0mGET /api/templates/getTemplates [32m201[0m 169.082 ms - -[0m
2022-10-06 18:48:12 info: [0mGET /api/templates/getTemplates [32m201[0m 158.355 ms - -[0m
2022-10-06 18:48:38 info: [0mGET /api/templates/getTemplates [32m201[0m 154.348 ms - -[0m
2022-10-06 18:50:06 info: [0mGET /api/templates/getTemplates [32m201[0m 154.001 ms - -[0m
2022-10-06 18:50:08 info: [0mGET /api/templates/getTemplates [32m201[0m 157.437 ms - -[0m
2022-10-06 18:51:19 info: [0mGET /api/templates/getTemplates [32m201[0m 152.195 ms - -[0m
2022-10-06 18:51:23 info: [0mGET /api/orders/getWorkOrders [32m201[0m 243.029 ms - -[0m
2022-10-06 18:51:28 info: [0mGET /api/orders/getWorkOrders [32m201[0m 252.500 ms - -[0m
2022-10-06 18:51:29 info: [0mGET /api/templates/getTemplates [32m201[0m 153.585 ms - -[0m
2022-10-06 18:52:15 info: [0mGET /api/templates/getTemplates [32m201[0m 152.567 ms - -[0m
2022-10-06 18:52:49 info: [0mGET /api/templates/getTemplates [32m201[0m 153.182 ms - -[0m
2022-10-06 18:53:31 info: =================================
2022-10-06 18:53:31 info: ======= ENV: development =======
2022-10-06 18:53:31 info: 🚀 App listening on the port 5103
2022-10-06 18:53:31 info: =================================
2022-10-06 18:53:35 info: [0mGET /api/clients/getClients [32m200[0m 242.232 ms - -[0m
2022-10-06 18:53:36 info: [0mGET /api/orders/getWorkOrders [32m201[0m 242.283 ms - -[0m
2022-10-06 18:53:37 info: [0mGET /api/templates/getTemplates [32m201[0m 147.869 ms - -[0m
2022-10-06 18:54:26 info: [0mGET /api/templates/getTemplates [32m201[0m 153.240 ms - -[0m
2022-10-06 18:54:30 info: [0mGET /api/templates/getTemplates [32m201[0m 152.235 ms - -[0m
2022-10-06 18:55:54 info: [0mGET /api/templates/getTemplates [32m201[0m 158.699 ms - -[0m
2022-10-06 18:56:01 info: [0mGET /api/templates/getTemplates [32m201[0m 151.665 ms - -[0m
2022-10-06 18:59:34 info: [0mGET /api/templates/getTemplates [32m201[0m 154.135 ms - -[0m
2022-10-06 19:01:40 info: [0mGET /api/templates/getTemplates [32m201[0m 153.901 ms - -[0m
2022-10-06 19:01:47 info: [0mGET /api/templates/getTemplates [32m201[0m 162.158 ms - -[0m
2022-10-06 19:02:05 info: [0mGET /api/templates/getTemplates [32m201[0m 159.100 ms - -[0m
2022-10-06 19:02:18 info: [0mGET /api/templates/getTemplates [32m201[0m 153.182 ms - -[0m
2022-10-06 19:02:31 info: [0mGET /api/templates/getTemplates [32m201[0m 152.550 ms - -[0m
2022-10-06 19:03:28 info: [0mGET /api/templates/getTemplates [32m201[0m 153.462 ms - -[0m
2022-10-06 19:43:05 info: [0mGET /api/templates/getTemplates [32m201[0m 149.204 ms - -[0m
2022-10-06 19:43:44 info: [0mGET /api/templates/getTemplates [32m201[0m 149.481 ms - -[0m
2022-10-06 19:44:45 info: [0mGET /api/templates/getTemplates [32m201[0m 154.511 ms - -[0m
2022-10-06 19:45:01 info: [0mGET /api/templates/getTemplates [32m201[0m 149.523 ms - -[0m
2022-10-06 19:45:12 info: [0mGET /api/templates/getTemplates [32m201[0m 158.971 ms - -[0m
2022-10-06 19:45:24 info: [0mGET /api/templates/getTemplates [32m201[0m 152.927 ms - -[0m
2022-10-06 19:45:46 info: [0mGET /api/templates/getTemplates [32m201[0m 156.942 ms - -[0m
2022-10-06 19:46:30 info: [0mGET /api/templates/getTemplates [32m201[0m 161.485 ms - -[0m
2022-10-06 19:49:51 info: [0mGET /api/templates/getTemplates [32m201[0m 151.491 ms - -[0m
2022-10-06 19:50:12 info: [0mGET /api/templates/getTemplates [32m201[0m 160.418 ms - -[0m
2022-10-06 19:50:30 info: [0mGET /api/templates/getTemplates [32m201[0m 150.704 ms - -[0m
2022-10-06 19:53:31 info: [0mGET /api/templates/getTemplates [32m201[0m 151.259 ms - -[0m
2022-10-06 19:55:54 info: [0mGET /api/templates/getTemplates [32m201[0m 153.436 ms - -[0m
2022-10-06 19:59:41 info: [0mGET /api/templates/getTemplates [32m201[0m 163.304 ms - -[0m
2022-10-06 20:56:59 info: [0mGET /api/templates/getTemplates [32m201[0m 185.735 ms - -[0m
2022-10-06 20:58:07 info: [0mGET /api/templates/getTemplates [32m201[0m 161.936 ms - -[0m
2022-10-06 20:58:20 info: [0mGET /api/templates/getTemplates [32m201[0m 156.355 ms - -[0m
2022-10-06 20:58:37 info: [0mGET /api/templates/getTemplates [32m201[0m 165.637 ms - -[0m
2022-10-06 20:59:09 info: [0mGET /api/templates/getTemplates [32m201[0m 164.495 ms - -[0m
2022-10-06 21:11:01 info: [0mGET /api/templates/getTemplates [32m201[0m 163.071 ms - -[0m
2022-10-06 21:12:24 info: [0mGET /api/orders/getWorkOrders [32m201[0m 268.775 ms - -[0m
2022-10-06 21:12:33 info: [0mGET /api/orders/getWorkOrders [32m201[0m 254.747 ms - -[0m
2022-10-06 21:12:36 info: [0mGET /api/templates/getTemplates [32m201[0m 165.962 ms - -[0m
2022-10-06 21:17:14 info: [0mGET /api/templates/getTemplates [32m201[0m 179.954 ms - -[0m
2022-10-06 21:17:22 info: [0mGET /api/orders/getWorkOrders [32m201[0m 259.060 ms - -[0m
2022-10-06 21:17:23 info: [0mGET /api/templates/getTemplates [32m201[0m 162.471 ms - -[0m
2022-10-06 21:38:40 info: [0mGET /api/templates/getTemplates [32m201[0m 167.498 ms - -[0m
2022-10-06 21:43:07 info: [0mPOST /api/templates/createTemplate [32m201[0m 226.317 ms - 307[0m
2022-10-06 21:52:37 info: [0mGET /api/templates/getTemplates [32m201[0m 170.306 ms - -[0m
