2022-09-22 09:26:44 info: =================================
2022-09-22 09:26:44 info: ======= ENV: development =======
2022-09-22 09:26:44 info: 🚀 App listening on the port 5103
2022-09-22 09:26:44 info: =================================
2022-09-22 09:28:39 error: [GET] /api/clients/getClients >> StatusCode:: 401, Message:: Wrong authentication token
2022-09-22 09:28:39 info: [0mGET /api/clients/getClients [33m401[0m 7.065 ms - 40[0m
2022-09-22 09:28:50 error: [GET] /api/clients/getClients >> StatusCode:: 401, Message:: Wrong authentication token
2022-09-22 09:28:50 info: [0mGET /api/clients/getClients [33m401[0m 2.111 ms - 40[0m
2022-09-22 09:28:56 info: [0mPOST /api/logout [32m200[0m 120.051 ms - 403[0m
2022-09-22 09:29:12 info: [0mPOST /api/login [32m200[0m 136.983 ms - 585[0m
2022-09-22 09:29:13 info: [0mGET /api/clients/getClients [32m200[0m 258.229 ms - -[0m
2022-09-22 09:29:18 info: [0mGET /api/users/getUsers [36m304[0m 159.533 ms - -[0m
2022-09-22 09:44:31 info: [0mGET /api/users/getUsers [36m304[0m 154.591 ms - -[0m
2022-09-22 09:44:36 info: [0mGET /api/users/getUsers [32m200[0m 151.177 ms - -[0m
2022-09-22 09:45:42 info: [0mGET /api/users/getUsers [36m304[0m 151.938 ms - -[0m
2022-09-22 10:02:27 info: [0mGET /api/clients/getClients [36m304[0m 229.297 ms - -[0m
2022-09-22 10:02:28 info: [0mGET /api/clients/getClients [36m304[0m 225.914 ms - -[0m
2022-09-22 10:04:01 info: [0mGET /api/clients/getClients [36m304[0m 229.207 ms - -[0m
2022-09-22 10:05:25 info: [0mGET /api/clients/getClients [32m200[0m 232.176 ms - -[0m
2022-09-22 10:08:38 info: [0mGET /api/clients/getClients [36m304[0m 234.890 ms - -[0m
2022-09-22 10:08:42 info: [0mGET /api/users/getUsers [36m304[0m 152.319 ms - -[0m
2022-09-22 10:09:05 info: [0mGET /api/orders/getWorkOrders [32m201[0m 233.825 ms - -[0m
2022-09-22 10:09:18 info: [0mGET /api/users/getUsers [36m304[0m 148.063 ms - -[0m
2022-09-22 10:18:22 info: [0mGET /api/clients/getClients [36m304[0m 231.399 ms - -[0m
2022-09-22 10:23:02 info: [0mGET /api/orders/getWorkOrders [32m201[0m 240.447 ms - -[0m
2022-09-22 10:23:11 info: [0mGET /api/clients/getClients [36m304[0m 227.885 ms - -[0m
2022-09-22 10:23:26 info: [0mGET /api/users/getUsers [36m304[0m 155.359 ms - -[0m
2022-09-22 10:51:38 info: [0mGET /api/users/getUsers [36m304[0m 152.053 ms - -[0m
2022-09-22 10:59:45 info: [0mPOST /api/users/getUserById [32m200[0m 153.726 ms - 379[0m
2022-09-22 10:59:58 info: [0mGET /api/clients/getClients [36m304[0m 230.481 ms - -[0m
2022-09-22 11:00:00 info: [0mGET /api/clients/getClients [36m304[0m 228.330 ms - -[0m
2022-09-22 11:00:03 info: [0mPOST /api/clients/getClientById [32m200[0m 152.102 ms - 548[0m
2022-09-22 11:02:18 info: [0mPOST /api/clients/getClientById [32m200[0m 149.245 ms - 548[0m
2022-09-22 11:02:36 info: [0mPOST /api/clients/getClientById [32m200[0m 157.786 ms - 548[0m
2022-09-22 11:03:08 info: [0mPOST /api/clients/getClientById [32m200[0m 148.133 ms - 548[0m
2022-09-22 11:03:19 info: [0mPOST /api/clients/getClientById [32m200[0m 158.265 ms - 548[0m
2022-09-22 11:03:32 info: [0mPOST /api/clients/getClientById [32m200[0m 158.671 ms - 408[0m
2022-09-22 11:04:15 info: [0mGET /api/orders/getWorkOrders [32m201[0m 241.737 ms - -[0m
2022-09-22 11:04:26 info: [0mGET /api/clients/getClients [36m304[0m 230.873 ms - -[0m
2022-09-22 11:04:27 info: [0mGET /api/orders/getNumberWorkOrders [32m201[0m 146.998 ms - 49[0m
2022-09-22 11:04:27 info: [0mGET /api/users/getSupervisores [36m304[0m 146.702 ms - -[0m
2022-09-22 11:04:28 info: [0mGET /api/users/getOperadores [36m304[0m 143.562 ms - -[0m
2022-09-22 11:16:59 info: [0mGET /api/orders/getWorkOrders [32m201[0m 229.463 ms - -[0m
2022-09-22 11:17:45 info: [0mGET /api/clients/getClients [36m304[0m 230.112 ms - -[0m
2022-09-22 11:17:46 info: [0mGET /api/orders/getNumberWorkOrders [32m201[0m 162.092 ms - 49[0m
2022-09-22 11:17:46 info: [0mGET /api/users/getSupervisores [36m304[0m 145.784 ms - -[0m
2022-09-22 11:17:47 info: [0mGET /api/users/getOperadores [36m304[0m 151.336 ms - -[0m
2022-09-22 11:28:25 info: [0mGET /api/users/getUsers [36m304[0m 150.036 ms - -[0m
2022-09-22 11:28:25 info: [0mGET /api/orders/getWorkOrders [32m201[0m 266.041 ms - -[0m
2022-09-22 11:28:25 info: [0mGET /api/clients/getClients [36m304[0m 317.533 ms - -[0m
2022-09-22 11:28:29 info: [0mGET /api/users/getUsers [36m304[0m 146.388 ms - -[0m
2022-09-22 11:28:29 info: [0mGET /api/clients/getClients [36m304[0m 241.748 ms - -[0m
2022-09-22 11:28:30 info: [0mGET /api/orders/getWorkOrders [32m201[0m 223.066 ms - -[0m
2022-09-22 11:28:53 info: [0mGET /api/clients/getClients [36m304[0m 228.939 ms - -[0m
2022-09-22 11:28:53 info: [0mGET /api/orders/getNumberWorkOrders [32m201[0m 158.038 ms - 49[0m
2022-09-22 11:28:54 info: [0mGET /api/users/getSupervisores [36m304[0m 144.023 ms - -[0m
2022-09-22 11:28:54 info: [0mGET /api/users/getOperadores [36m304[0m 144.793 ms - -[0m
2022-09-22 11:29:41 info: [0mGET /api/clients/getClients [36m304[0m 231.687 ms - -[0m
2022-09-22 11:29:41 info: [0mGET /api/orders/getNumberWorkOrders [32m201[0m 154.189 ms - 49[0m
2022-09-22 11:29:42 info: [0mGET /api/users/getSupervisores [36m304[0m 148.296 ms - -[0m
2022-09-22 11:29:42 info: [0mGET /api/users/getOperadores [36m304[0m 146.022 ms - -[0m
2022-09-22 11:29:46 info: [0mGET /api/users/getUsers [36m304[0m 169.240 ms - -[0m
2022-09-22 11:29:47 info: [0mGET /api/clients/getClients [36m304[0m 244.914 ms - -[0m
2022-09-22 11:29:47 info: [0mGET /api/orders/getWorkOrders [32m201[0m 224.715 ms - -[0m
2022-09-22 11:29:49 info: [0mGET /api/clients/getClients [36m304[0m 226.503 ms - -[0m
2022-09-22 11:29:56 info: [0mGET /api/orders/getNumberWorkOrders [32m201[0m 150.343 ms - 49[0m
2022-09-22 11:30:01 info: [0mGET /api/users/getSupervisores [36m304[0m 150.721 ms - -[0m
2022-09-22 11:30:05 info: [0mGET /api/users/getOperadores [36m304[0m 149.703 ms - -[0m
2022-09-22 11:30:48 info: [0mGET /api/orders/getWorkOrders [32m201[0m 242.096 ms - -[0m
2022-09-22 11:31:32 info: [0mGET /api/clients/getClients [36m304[0m 232.928 ms - -[0m
2022-09-22 11:31:33 info: [0mGET /api/clients/getClients [36m304[0m 231.733 ms - -[0m
2022-09-22 11:40:02 info: [0mGET /api/orders/getWorkOrders [32m201[0m 248.410 ms - -[0m
2022-09-22 11:40:05 info: [0mGET /api/clients/getClients [36m304[0m 240.351 ms - -[0m
2022-09-22 11:40:05 info: [0mGET /api/orders/getNumberWorkOrders [32m201[0m 155.863 ms - 49[0m
2022-09-22 11:40:06 info: [0mGET /api/users/getSupervisores [36m304[0m 152.388 ms - -[0m
2022-09-22 11:40:06 info: [0mGET /api/users/getOperadores [36m304[0m 149.610 ms - -[0m
2022-09-22 11:41:52 info: [0mGET /api/clients/getClients [36m304[0m 232.373 ms - -[0m
2022-09-22 11:41:52 info: [0mGET /api/orders/getNumberWorkOrders [32m201[0m 153.037 ms - 49[0m
2022-09-22 11:41:53 info: [0mGET /api/users/getSupervisores [36m304[0m 154.343 ms - -[0m
2022-09-22 11:41:53 info: [0mGET /api/users/getOperadores [36m304[0m 151.921 ms - -[0m
2022-09-22 11:42:24 info: [0mGET /api/clients/getClients [36m304[0m 229.786 ms - -[0m
2022-09-22 11:42:25 info: [0mGET /api/orders/getNumberWorkOrders [32m201[0m 152.341 ms - 49[0m
2022-09-22 11:42:25 info: [0mGET /api/users/getSupervisores [36m304[0m 144.602 ms - -[0m
2022-09-22 11:42:26 info: [0mGET /api/users/getOperadores [36m304[0m 147.431 ms - -[0m
2022-09-22 11:49:07 info: =================================
2022-09-22 11:49:07 info: ======= ENV: development =======
2022-09-22 11:49:07 info: 🚀 App listening on the port 5103
2022-09-22 11:49:07 info: =================================
2022-09-22 11:49:16 info: [0mPOST /api/orders/getWoById [32m201[0m 195.560 ms - 39[0m
2022-09-22 11:49:59 info: =================================
2022-09-22 11:49:59 info: ======= ENV: development =======
2022-09-22 11:49:59 info: 🚀 App listening on the port 5103
2022-09-22 11:49:59 info: =================================
2022-09-22 11:50:04 info: [0mPOST /api/orders/getWoById [32m201[0m 193.032 ms - -[0m
2022-09-22 11:50:42 info: =================================
2022-09-22 11:50:42 info: ======= ENV: development =======
2022-09-22 11:50:42 info: 🚀 App listening on the port 5103
2022-09-22 11:50:42 info: =================================
2022-09-22 11:50:45 info: [0mPOST /api/orders/getWoById [32m201[0m 185.389 ms - -[0m
2022-09-22 11:51:19 info: =================================
2022-09-22 11:51:19 info: ======= ENV: development =======
2022-09-22 11:51:19 info: 🚀 App listening on the port 5103
2022-09-22 11:51:19 info: =================================
2022-09-22 11:51:22 info: [0mPOST /api/orders/getWoById [32m201[0m 181.862 ms - -[0m
2022-09-22 11:51:50 info: [0mGET /api/orders/getWorkOrders [32m201[0m 255.040 ms - -[0m
2022-09-22 11:51:54 info: [0mPOST /api/orders/getWoById [32m201[0m 154.668 ms - -[0m
2022-09-22 11:57:06 info: [0mPOST /api/orders/getWoById [32m201[0m 153.510 ms - -[0m
2022-09-22 12:07:59 info: [0mPOST /api/orders/getWoById [32m201[0m 159.142 ms - -[0m
2022-09-22 12:11:37 info: [0mPOST /api/orders/getWoById [32m201[0m 147.853 ms - -[0m
2022-09-22 12:11:52 info: [0mPOST /api/orders/getWoById [32m201[0m 148.226 ms - -[0m
2022-09-22 12:18:23 info: [0mPOST /api/orders/getWoById [32m201[0m 146.764 ms - -[0m
2022-09-22 12:18:42 info: [0mPOST /api/orders/getWoById [32m201[0m 148.357 ms - -[0m
2022-09-22 12:18:55 info: [0mPOST /api/orders/getWoById [32m201[0m 150.791 ms - -[0m
2022-09-22 12:25:18 info: =================================
2022-09-22 12:25:18 info: ======= ENV: development =======
2022-09-22 12:25:18 info: 🚀 App listening on the port 5103
2022-09-22 12:25:18 info: =================================
2022-09-22 12:25:29 info: [0mPOST /api/orders/getWoById [32m201[0m 272.299 ms - -[0m
2022-09-22 12:26:18 info: =================================
2022-09-22 12:26:18 info: ======= ENV: development =======
2022-09-22 12:26:18 info: 🚀 App listening on the port 5103
2022-09-22 12:26:18 info: =================================
2022-09-22 12:26:29 info: [0mPOST /api/orders/getWoById [32m201[0m 272.539 ms - -[0m
2022-09-22 12:27:36 info: =================================
2022-09-22 12:27:36 info: ======= ENV: development =======
2022-09-22 12:27:36 info: 🚀 App listening on the port 5103
2022-09-22 12:27:36 info: =================================
2022-09-22 12:30:04 info: [0mPOST /api/orders/getWoById [32m201[0m 301.478 ms - -[0m
2022-09-22 12:31:06 info: [0mGET /api/clients/getClients [32m200[0m 235.732 ms - -[0m
2022-09-22 12:31:06 info: [0mPOST /api/orders/getWoById [32m201[0m 232.740 ms - -[0m
2022-09-22 12:31:17 info: [0mGET /api/clients/getClients [36m304[0m 234.045 ms - -[0m
2022-09-22 12:31:17 info: [0mPOST /api/orders/getWoById [32m201[0m 226.563 ms - -[0m
2022-09-22 12:35:36 info: [0mPOST /api/orders/getWoById [32m201[0m 232.480 ms - -[0m
2022-09-22 12:35:37 info: [0mGET /api/clients/getClients [36m304[0m 223.653 ms - -[0m
2022-09-22 12:35:44 info: [0mGET /api/orders/getWorkOrders [32m201[0m 235.000 ms - -[0m
2022-09-22 12:35:48 info: [0mPOST /api/orders/getWoById [32m201[0m 254.829 ms - -[0m
2022-09-22 12:35:48 info: [0mGET /api/clients/getClients [36m304[0m 226.940 ms - -[0m
2022-09-22 12:44:35 info: [0mGET /api/clients/getClients [36m304[0m 228.277 ms - -[0m
2022-09-22 12:44:36 info: [0mGET /api/orders/getNumberWorkOrders [32m201[0m 149.866 ms - 49[0m
2022-09-22 12:44:36 info: [0mGET /api/users/getSupervisores [36m304[0m 148.290 ms - -[0m
2022-09-22 12:44:37 info: [0mGET /api/users/getOperadores [36m304[0m 144.956 ms - -[0m
2022-09-22 12:45:38 info: [0mGET /api/clients/getClients [36m304[0m 238.052 ms - -[0m
2022-09-22 12:45:39 info: [0mGET /api/orders/getNumberWorkOrders [32m201[0m 144.819 ms - 49[0m
2022-09-22 12:45:39 info: [0mGET /api/users/getSupervisores [36m304[0m 144.974 ms - -[0m
2022-09-22 12:45:40 info: [0mGET /api/users/getOperadores [36m304[0m 147.651 ms - -[0m
2022-09-22 12:45:43 info: [0mPOST /api/orders/getWoById [32m201[0m 236.038 ms - -[0m
2022-09-22 12:45:44 info: [0mGET /api/clients/getClients [36m304[0m 224.503 ms - -[0m
2022-09-22 12:50:05 info: [0mPOST /api/orders/getWoById [32m201[0m 236.720 ms - -[0m
2022-09-22 12:50:06 info: [0mGET /api/clients/getClients [36m304[0m 224.473 ms - -[0m
2022-09-22 12:50:12 info: [0mGET /api/orders/getWorkOrders [32m201[0m 244.178 ms - -[0m
2022-09-22 12:52:30 info: [0mPOST /api/orders/getWoById [32m201[0m 241.777 ms - -[0m
2022-09-22 12:52:31 info: [0mGET /api/clients/getClients [36m304[0m 222.330 ms - -[0m
2022-09-22 15:33:48 info: [0mPOST /api/orders/getWoById [32m201[0m 271.947 ms - -[0m
2022-09-22 15:33:48 info: [0mGET /api/clients/getClients [36m304[0m 236.105 ms - -[0m
2022-09-22 15:33:55 info: [0mGET /api/orders/getWorkOrders [32m201[0m 264.001 ms - -[0m
2022-09-22 15:34:02 info: [0mPOST /api/orders/getWoById [32m201[0m 232.320 ms - -[0m
2022-09-22 15:34:03 info: [0mGET /api/clients/getClients [36m304[0m 228.890 ms - -[0m
2022-09-22 15:34:07 info: [0mPOST /api/orders/getWoById [32m201[0m 244.777 ms - -[0m
2022-09-22 15:34:08 info: [0mGET /api/clients/getClients [36m304[0m 223.572 ms - -[0m
2022-09-22 15:36:15 info: [0mGET /api/clients/getClients [36m304[0m 226.974 ms - -[0m
2022-09-22 15:36:16 info: [0mPOST /api/orders/getWoById [32m201[0m 227.010 ms - -[0m
2022-09-22 15:36:23 info: [0mGET /api/orders/getWorkOrders [32m201[0m 240.679 ms - -[0m
2022-09-22 15:36:26 info: [0mGET /api/clients/getClients [36m304[0m 229.817 ms - -[0m
2022-09-22 15:36:26 info: [0mPOST /api/orders/getWoById [32m201[0m 226.463 ms - -[0m
2022-09-22 15:36:51 info: [0mGET /api/clients/getClients [36m304[0m 241.786 ms - -[0m
2022-09-22 15:36:52 info: [0mPOST /api/orders/getWoById [32m201[0m 235.288 ms - -[0m
2022-09-22 15:37:33 info: [0mGET /api/clients/getClients [36m304[0m 244.712 ms - -[0m
2022-09-22 15:37:33 info: [0mPOST /api/orders/getWoById [32m201[0m 227.762 ms - -[0m
2022-09-22 15:38:58 info: [0mGET /api/clients/getClients [36m304[0m 230.716 ms - -[0m
2022-09-22 15:38:59 info: [0mPOST /api/orders/getWoById [32m201[0m 223.341 ms - -[0m
2022-09-22 15:39:37 info: [0mGET /api/clients/getClients [36m304[0m 235.823 ms - -[0m
2022-09-22 15:39:38 info: [0mPOST /api/orders/getWoById [32m201[0m 232.300 ms - -[0m
2022-09-22 15:54:47 info: [0mGET /api/clients/getClients [36m304[0m 229.222 ms - -[0m
2022-09-22 15:54:48 info: [0mPOST /api/orders/getWoById [32m201[0m 253.822 ms - -[0m
2022-09-22 15:54:57 info: [0mGET /api/orders/getWorkOrders [32m201[0m 232.767 ms - -[0m
2022-09-22 15:54:58 info: [0mGET /api/clients/getClients [36m304[0m 232.869 ms - -[0m
2022-09-22 15:54:59 info: [0mPOST /api/orders/getWoById [32m201[0m 224.354 ms - -[0m
2022-09-22 15:58:04 info: [0mGET /api/clients/getClients [36m304[0m 233.512 ms - -[0m
2022-09-22 15:58:04 info: [0mPOST /api/orders/getWoById [32m201[0m 223.791 ms - -[0m
2022-09-22 15:59:02 info: [0mGET /api/clients/getClients [36m304[0m 231.709 ms - -[0m
2022-09-22 15:59:02 info: [0mPOST /api/orders/getWoById [32m201[0m 240.185 ms - -[0m
2022-09-22 15:59:27 info: [0mGET /api/clients/getClients [36m304[0m 231.811 ms - -[0m
2022-09-22 15:59:28 info: [0mPOST /api/orders/getWoById [32m201[0m 226.993 ms - -[0m
2022-09-22 15:59:46 info: [0mGET /api/clients/getClients [36m304[0m 242.155 ms - -[0m
2022-09-22 15:59:47 info: [0mPOST /api/orders/getWoById [32m201[0m 235.236 ms - -[0m
2022-09-22 15:59:55 info: [0mGET /api/clients/getClients [36m304[0m 242.268 ms - -[0m
2022-09-22 15:59:55 info: [0mPOST /api/orders/getWoById [32m201[0m 242.444 ms - -[0m
2022-09-22 16:00:02 info: [0mGET /api/clients/getClients [36m304[0m 228.930 ms - -[0m
2022-09-22 16:00:02 info: [0mPOST /api/orders/getWoById [32m201[0m 241.620 ms - -[0m
2022-09-22 16:00:06 info: [0mGET /api/clients/getClients [36m304[0m 232.791 ms - -[0m
2022-09-22 16:00:07 info: [0mPOST /api/orders/getWoById [32m201[0m 228.496 ms - -[0m
2022-09-22 16:00:10 info: [0mGET /api/clients/getClients [36m304[0m 241.061 ms - -[0m
2022-09-22 16:00:11 info: [0mPOST /api/orders/getWoById [32m201[0m 231.667 ms - -[0m
2022-09-22 16:01:04 info: [0mGET /api/clients/getClients [36m304[0m 232.379 ms - -[0m
2022-09-22 16:01:04 info: [0mGET /api/orders/getNumberWorkOrders [32m201[0m 161.565 ms - 49[0m
2022-09-22 16:01:05 info: [0mGET /api/users/getSupervisores [36m304[0m 147.866 ms - -[0m
2022-09-22 16:01:05 info: [0mGET /api/users/getOperadores [36m304[0m 145.656 ms - -[0m
2022-09-22 16:01:06 info: [0mPOST /api/orders/getWoById [32m201[0m 223.299 ms - -[0m
2022-09-22 16:05:08 info: [0mGET /api/clients/getClients [36m304[0m 229.844 ms - -[0m
2022-09-22 16:05:09 info: [0mGET /api/orders/getNumberWorkOrders [32m201[0m 149.570 ms - 49[0m
2022-09-22 16:05:09 info: [0mGET /api/users/getSupervisores [36m304[0m 145.195 ms - -[0m
2022-09-22 16:05:10 info: [0mGET /api/users/getOperadores [36m304[0m 148.581 ms - -[0m
2022-09-22 16:05:10 info: [0mPOST /api/orders/getWoById [32m201[0m 227.839 ms - -[0m
2022-09-22 16:06:13 info: [0mGET /api/clients/getClients [36m304[0m 233.242 ms - -[0m
2022-09-22 16:06:13 info: [0mGET /api/orders/getNumberWorkOrders [32m201[0m 147.564 ms - 49[0m
2022-09-22 16:06:14 info: [0mGET /api/users/getSupervisores [36m304[0m 147.141 ms - -[0m
2022-09-22 16:06:14 info: [0mGET /api/users/getOperadores [36m304[0m 146.796 ms - -[0m
2022-09-22 16:06:15 info: [0mPOST /api/orders/getWoById [32m201[0m 225.036 ms - -[0m
2022-09-22 16:06:48 info: [0mGET /api/clients/getClients [36m304[0m 230.484 ms - -[0m
2022-09-22 16:06:49 info: [0mGET /api/orders/getNumberWorkOrders [32m201[0m 146.343 ms - 49[0m
2022-09-22 16:06:49 info: [0mGET /api/users/getSupervisores [36m304[0m 146.639 ms - -[0m
2022-09-22 16:06:50 info: [0mGET /api/users/getOperadores [36m304[0m 150.409 ms - -[0m
2022-09-22 16:06:50 info: [0mPOST /api/orders/getWoById [32m201[0m 228.934 ms - -[0m
2022-09-22 16:07:22 info: [0mGET /api/clients/getClients [36m304[0m 233.152 ms - -[0m
2022-09-22 16:07:23 info: [0mGET /api/orders/getNumberWorkOrders [32m201[0m 146.539 ms - 49[0m
2022-09-22 16:07:23 info: [0mGET /api/users/getSupervisores [36m304[0m 145.233 ms - -[0m
2022-09-22 16:07:24 info: [0mGET /api/users/getOperadores [36m304[0m 144.587 ms - -[0m
2022-09-22 16:07:24 info: [0mPOST /api/orders/getWoById [32m201[0m 224.638 ms - -[0m
2022-09-22 16:07:35 info: [0mGET /api/clients/getClients [36m304[0m 233.571 ms - -[0m
2022-09-22 16:07:36 info: [0mGET /api/orders/getNumberWorkOrders [32m201[0m 155.458 ms - 49[0m
2022-09-22 16:07:36 info: [0mGET /api/users/getSupervisores [36m304[0m 147.237 ms - -[0m
2022-09-22 16:07:37 info: [0mGET /api/users/getOperadores [36m304[0m 143.904 ms - -[0m
2022-09-22 16:07:37 info: [0mPOST /api/orders/getWoById [32m201[0m 232.054 ms - -[0m
2022-09-22 16:18:17 info: =================================
2022-09-22 16:18:17 info: ======= ENV: development =======
2022-09-22 16:18:17 info: 🚀 App listening on the port 5103
2022-09-22 16:18:17 info: =================================
2022-09-22 16:18:34 info: [0mGET /api/clients/getClients [32m200[0m 255.704 ms - -[0m
2022-09-22 16:18:34 info: [0mGET /api/orders/getNumberWorkOrders [32m201[0m 148.902 ms - 49[0m
2022-09-22 16:18:35 info: [0mGET /api/users/getSupervisores [36m304[0m 148.689 ms - -[0m
2022-09-22 16:18:35 info: [0mGET /api/users/getOperadores [36m304[0m 151.659 ms - -[0m
2022-09-22 16:18:36 info: [0mPOST /api/orders/getWoById [32m201[0m 288.287 ms - -[0m
2022-09-22 16:18:36 info: [0mPOST /api/contratos/leerContratosPorCliente [32m200[0m 146.977 ms - 62[0m
2022-09-22 16:19:04 info: [0mGET /api/clients/getClients [36m304[0m 231.519 ms - -[0m
2022-09-22 16:19:05 info: [0mGET /api/orders/getNumberWorkOrders [32m201[0m 153.711 ms - 49[0m
2022-09-22 16:19:05 info: [0mGET /api/users/getSupervisores [36m304[0m 144.851 ms - -[0m
2022-09-22 16:19:06 info: [0mGET /api/users/getOperadores [36m304[0m 147.878 ms - -[0m
2022-09-22 16:19:06 info: [0mPOST /api/orders/getWoById [32m201[0m 223.822 ms - -[0m
2022-09-22 16:19:19 info: [0mGET /api/clients/getClients [36m304[0m 233.530 ms - -[0m
2022-09-22 16:19:19 info: [0mGET /api/orders/getNumberWorkOrders [32m201[0m 147.199 ms - 49[0m
2022-09-22 16:19:20 info: [0mGET /api/users/getSupervisores [36m304[0m 145.378 ms - -[0m
2022-09-22 16:19:20 info: [0mGET /api/users/getOperadores [36m304[0m 144.033 ms - -[0m
2022-09-22 16:19:21 info: [0mPOST /api/orders/getWoById [32m201[0m 223.656 ms - -[0m
2022-09-22 16:19:21 info: [0mPOST /api/contratos/leerContratosPorCliente [32m200[0m 151.094 ms - 62[0m
2022-09-22 16:19:27 info: [0mGET /api/clients/getClients [36m304[0m 233.375 ms - -[0m
2022-09-22 16:19:27 info: [0mGET /api/orders/getNumberWorkOrders [32m201[0m 153.800 ms - 49[0m
2022-09-22 16:19:28 info: [0mGET /api/users/getSupervisores [36m304[0m 146.738 ms - -[0m
2022-09-22 16:19:28 info: [0mGET /api/users/getOperadores [36m304[0m 160.633 ms - -[0m
2022-09-22 16:19:29 info: [0mPOST /api/orders/getWoById [32m201[0m 224.574 ms - -[0m
2022-09-22 16:19:29 info: [0mPOST /api/contratos/leerContratosPorCliente [32m200[0m 144.265 ms - 62[0m
2022-09-22 16:19:35 info: [0mGET /api/clients/getClients [36m304[0m 229.723 ms - -[0m
2022-09-22 16:19:35 info: [0mGET /api/orders/getNumberWorkOrders [32m201[0m 154.781 ms - 49[0m
2022-09-22 16:19:36 info: [0mGET /api/users/getSupervisores [36m304[0m 149.470 ms - -[0m
2022-09-22 16:19:36 info: [0mGET /api/users/getOperadores [36m304[0m 144.920 ms - -[0m
2022-09-22 16:19:37 info: [0mPOST /api/orders/getWoById [32m201[0m 232.868 ms - -[0m
2022-09-22 16:19:37 info: [0mPOST /api/contratos/leerContratosPorCliente [32m200[0m 145.899 ms - 62[0m
2022-09-22 16:19:41 info: [0mGET /api/clients/getClients [36m304[0m 228.323 ms - -[0m
2022-09-22 16:19:42 info: [0mGET /api/orders/getNumberWorkOrders [32m201[0m 147.782 ms - 49[0m
2022-09-22 16:19:42 info: [0mGET /api/users/getSupervisores [36m304[0m 154.423 ms - -[0m
2022-09-22 16:19:43 info: [0mGET /api/users/getOperadores [36m304[0m 143.919 ms - -[0m
2022-09-22 16:19:43 info: [0mPOST /api/orders/getWoById [32m201[0m 231.416 ms - -[0m
2022-09-22 16:19:44 info: [0mPOST /api/contratos/leerContratosPorCliente [32m200[0m 142.586 ms - 62[0m
2022-09-22 16:20:10 info: =================================
2022-09-22 16:20:10 info: ======= ENV: development =======
2022-09-22 16:20:10 info: 🚀 App listening on the port 5103
2022-09-22 16:20:10 info: =================================
2022-09-22 16:20:16 info: [0mGET /api/clients/getClients [36m304[0m 246.625 ms - -[0m
2022-09-22 16:20:16 info: [0mGET /api/orders/getNumberWorkOrders [32m201[0m 149.778 ms - 49[0m
2022-09-22 16:20:17 info: [0mGET /api/users/getSupervisores [36m304[0m 147.436 ms - -[0m
2022-09-22 16:20:17 info: [0mGET /api/users/getOperadores [36m304[0m 144.745 ms - -[0m
2022-09-22 16:20:18 info: [0mPOST /api/orders/getWoById [32m201[0m 238.395 ms - -[0m
2022-09-22 16:20:18 info: [0mPOST /api/contratos/leerContratosPorCliente [32m200[0m 142.245 ms - 62[0m
2022-09-22 16:20:49 info: =================================
2022-09-22 16:20:49 info: ======= ENV: development =======
2022-09-22 16:20:49 info: 🚀 App listening on the port 5103
2022-09-22 16:20:49 info: =================================
2022-09-22 16:20:53 info: [0mGET /api/clients/getClients [36m304[0m 248.806 ms - -[0m
2022-09-22 16:20:53 info: [0mGET /api/orders/getNumberWorkOrders [32m201[0m 162.242 ms - 49[0m
2022-09-22 16:20:54 info: [0mGET /api/users/getSupervisores [36m304[0m 145.975 ms - -[0m
2022-09-22 16:20:54 info: [0mGET /api/users/getOperadores [36m304[0m 144.184 ms - -[0m
2022-09-22 16:20:55 info: [0mPOST /api/orders/getWoById [32m201[0m 243.390 ms - -[0m
2022-09-22 16:20:55 info: [0mPOST /api/contratos/leerContratosPorCliente [32m200[0m 146.866 ms - 62[0m
2022-09-22 16:25:06 info: [0mGET /api/clients/getClients [36m304[0m 247.216 ms - -[0m
2022-09-22 16:25:06 info: [0mGET /api/orders/getNumberWorkOrders [32m201[0m 148.296 ms - 49[0m
2022-09-22 16:25:06 info: [0mGET /api/users/getSupervisores [36m304[0m 148.293 ms - -[0m
2022-09-22 16:25:07 info: [0mGET /api/users/getOperadores [36m304[0m 147.321 ms - -[0m
2022-09-22 16:25:08 info: [0mPOST /api/orders/getWoById [32m201[0m 233.331 ms - -[0m
2022-09-22 16:25:19 info: [0mPOST /api/clients/getClientById [32m200[0m 152.723 ms - 548[0m
2022-09-22 16:26:44 info: =================================
2022-09-22 16:26:44 info: ======= ENV: development =======
2022-09-22 16:26:44 info: 🚀 App listening on the port 5103
2022-09-22 16:26:44 info: =================================
2022-09-22 16:26:51 info: [0mPOST /api/clients/getClientById [32m200[0m 179.298 ms - 430[0m
2022-09-22 16:26:54 info: [0mPOST /api/clients/getClientById [32m200[0m 231.609 ms - 894[0m
2022-09-22 16:29:25 info: [0mGET /api/clients/getClients [36m304[0m 231.173 ms - -[0m
2022-09-22 16:29:26 info: [0mGET /api/orders/getNumberWorkOrders [32m201[0m 154.254 ms - 49[0m
2022-09-22 16:29:26 info: [0mGET /api/users/getSupervisores [36m304[0m 148.545 ms - -[0m
2022-09-22 16:29:27 info: [0mGET /api/users/getOperadores [36m304[0m 142.044 ms - -[0m
2022-09-22 16:29:27 info: [0mPOST /api/orders/getWoById [32m201[0m 231.384 ms - -[0m
2022-09-22 16:29:28 info: [0mPOST /api/clients/getClientById [32m200[0m 153.176 ms - 524[0m
2022-09-22 16:29:32 info: [0mPOST /api/clients/getClientById [32m200[0m 227.617 ms - 894[0m
2022-09-22 16:29:45 info: [0mGET /api/clients/getClients [36m304[0m 233.803 ms - -[0m
2022-09-22 16:29:46 info: [0mGET /api/orders/getNumberWorkOrders [32m201[0m 153.985 ms - 49[0m
2022-09-22 16:29:46 info: [0mGET /api/users/getSupervisores [36m304[0m 144.636 ms - -[0m
2022-09-22 16:29:47 info: [0mGET /api/users/getOperadores [36m304[0m 147.736 ms - -[0m
2022-09-22 16:29:47 info: [0mPOST /api/orders/getWoById [32m201[0m 244.940 ms - -[0m
2022-09-22 16:29:48 info: [0mPOST /api/clients/getClientById [32m200[0m 142.963 ms - 524[0m
2022-09-22 16:31:31 info: [0mGET /api/clients/getClients [36m304[0m 232.078 ms - -[0m
2022-09-22 16:31:31 info: [0mGET /api/orders/getNumberWorkOrders [32m201[0m 148.202 ms - 49[0m
2022-09-22 16:31:32 info: [0mGET /api/users/getSupervisores [36m304[0m 155.849 ms - -[0m
2022-09-22 16:31:32 info: [0mGET /api/users/getOperadores [36m304[0m 142.426 ms - -[0m
2022-09-22 16:31:33 info: [0mPOST /api/orders/getWoById [32m201[0m 245.113 ms - -[0m
2022-09-22 16:31:36 info: [0mPOST /api/clients/getClientById [32m200[0m 225.816 ms - 894[0m
2022-09-22 16:31:39 info: [0mPOST /api/clients/getClientById [32m200[0m 151.165 ms - 430[0m
2022-09-22 16:31:45 info: [0mPOST /api/clients/getClientById [32m200[0m 149.695 ms - 408[0m
2022-09-22 16:31:49 info: [0mPOST /api/clients/getClientById [32m200[0m 151.066 ms - 524[0m
2022-09-22 16:31:58 info: [0mPOST /api/clients/getClientById [32m200[0m 227.213 ms - 894[0m
2022-09-22 16:32:21 info: [0mGET /api/clients/getClients [36m304[0m 233.373 ms - -[0m
2022-09-22 16:33:12 info: [0mGET /api/users/getUsers [36m304[0m 150.368 ms - -[0m
2022-09-22 16:33:14 info: [0mGET /api/clients/getClients [36m304[0m 238.593 ms - -[0m
2022-09-22 16:33:47 info: [0mGET /api/users/getUsers [36m304[0m 156.868 ms - -[0m
2022-09-22 16:34:19 info: [0mGET /api/clients/getClients [36m304[0m 237.714 ms - -[0m
2022-09-22 16:34:20 info: [0mGET /api/orders/getNumberWorkOrders [32m201[0m 146.601 ms - 49[0m
2022-09-22 16:34:20 info: [0mGET /api/users/getSupervisores [36m304[0m 144.328 ms - -[0m
2022-09-22 16:34:21 info: [0mGET /api/users/getOperadores [36m304[0m 149.562 ms - -[0m
2022-09-22 16:34:21 info: [0mPOST /api/orders/getWoById [32m201[0m 235.718 ms - -[0m
2022-09-22 16:34:22 info: [0mPOST /api/clients/getClientById [32m200[0m 143.574 ms - 524[0m
2022-09-22 16:34:33 info: [0mGET /api/clients/getClients [36m304[0m 231.594 ms - -[0m
2022-09-22 16:34:34 info: [0mGET /api/orders/getNumberWorkOrders [32m201[0m 156.711 ms - 49[0m
2022-09-22 16:34:34 info: [0mGET /api/users/getSupervisores [36m304[0m 152.214 ms - -[0m
2022-09-22 16:34:35 info: [0mGET /api/users/getOperadores [36m304[0m 146.347 ms - -[0m
2022-09-22 16:34:35 info: [0mPOST /api/orders/getWoById [32m201[0m 220.102 ms - -[0m
2022-09-22 16:34:36 info: [0mPOST /api/clients/getClientById [32m200[0m 143.119 ms - 430[0m
2022-09-22 16:34:39 info: [0mPOST /api/clients/getClientById [32m200[0m 224.148 ms - 894[0m
2022-09-22 16:34:44 error: [POST] /api/orders/saveOrder >> StatusCode:: 500, Message:: WorkOrder validation failed: asignado.0: Cast to [ObjectId] failed for value "[{"_id":""}]" (type string) at path "asignado.0", supervisor.0: Cast to [ObjectId] failed for value "[{"_id":""}]" (type string) at path "supervisor.0"
2022-09-22 16:34:44 info: [0mPOST /api/orders/saveOrder [31m500[0m 161.426 ms - 259[0m
2022-09-22 16:34:51 info: [0mGET /api/orders/getWorkOrders [32m201[0m 238.483 ms - -[0m
2022-09-22 16:34:54 info: [0mGET /api/orders/getWorkOrders [32m201[0m 243.807 ms - -[0m
2022-09-22 16:34:58 info: [0mGET /api/clients/getClients [36m304[0m 234.605 ms - -[0m
2022-09-22 16:34:58 info: [0mGET /api/orders/getNumberWorkOrders [32m201[0m 147.132 ms - 49[0m
2022-09-22 16:34:58 info: [0mGET /api/users/getSupervisores [36m304[0m 152.493 ms - -[0m
2022-09-22 16:34:58 info: [0mGET /api/users/getOperadores [36m304[0m 146.592 ms - -[0m
2022-09-22 16:34:59 info: [0mPOST /api/orders/getWoById [32m201[0m 219.303 ms - -[0m
2022-09-22 16:34:59 info: [0mPOST /api/clients/getClientById [32m200[0m 145.757 ms - 430[0m
2022-09-22 16:35:09 info: [0mGET /api/orders/getWorkOrders [32m201[0m 261.211 ms - -[0m
2022-09-22 16:35:11 info: [0mGET /api/clients/getClients [36m304[0m 230.660 ms - -[0m
2022-09-22 16:35:11 info: [0mGET /api/orders/getNumberWorkOrders [32m201[0m 151.211 ms - 49[0m
2022-09-22 16:35:11 info: [0mGET /api/users/getSupervisores [36m304[0m 145.774 ms - -[0m
2022-09-22 16:35:11 info: [0mGET /api/users/getOperadores [36m304[0m 143.475 ms - -[0m
2022-09-22 16:35:12 info: [0mPOST /api/orders/getWoById [32m201[0m 227.763 ms - -[0m
2022-09-22 16:35:13 info: [0mPOST /api/clients/getClientById [32m200[0m 140.524 ms - 430[0m
2022-09-22 16:56:12 info: =================================
2022-09-22 16:56:12 info: ======= ENV: development =======
2022-09-22 16:56:12 info: 🚀 App listening on the port 5103
2022-09-22 16:56:12 info: =================================
2022-09-22 16:56:16 info: [0mGET /api/clients/getClients [36m304[0m 289.698 ms - -[0m
2022-09-22 16:56:16 info: [0mGET /api/orders/getNumberWorkOrders [32m201[0m 151.179 ms - 49[0m
2022-09-22 16:56:17 info: [0mGET /api/users/getSupervisores [36m304[0m 163.513 ms - -[0m
2022-09-22 16:56:17 info: [0mGET /api/users/getOperadores [36m304[0m 145.294 ms - -[0m
2022-09-22 16:56:18 info: [0mPOST /api/orders/getWoById [32m201[0m 256.622 ms - -[0m
2022-09-22 16:56:19 info: [0mPOST /api/clients/getClientById [32m200[0m 150.462 ms - 430[0m
2022-09-22 16:56:22 info: [0mPOST /api/clients/getClientById [32m200[0m 222.799 ms - 894[0m
2022-09-22 16:56:33 error: [POST] /api/orders/editOrder >> StatusCode:: 500, Message:: Cast to [ObjectId] failed for value "[{"_id":""}]" (type string) at path "asignado.0"
2022-09-22 16:56:33 info: [0mPOST /api/orders/editOrder [31m500[0m 81.870 ms - 107[0m
2022-09-22 16:56:46 info: [0mGET /api/clients/getClients [36m304[0m 234.970 ms - -[0m
2022-09-22 16:57:40 info: =================================
2022-09-22 16:57:40 info: ======= ENV: development =======
2022-09-22 16:57:40 info: 🚀 App listening on the port 5103
2022-09-22 16:57:40 info: =================================
2022-09-22 16:57:44 info: [0mGET /api/clients/getClients [36m304[0m 252.043 ms - -[0m
2022-09-22 16:57:45 info: [0mGET /api/orders/getNumberWorkOrders [32m201[0m 148.093 ms - 49[0m
2022-09-22 16:57:45 info: [0mGET /api/users/getSupervisores [36m304[0m 144.908 ms - -[0m
2022-09-22 16:57:46 info: [0mGET /api/users/getOperadores [36m304[0m 145.873 ms - -[0m
2022-09-22 16:57:46 info: [0mPOST /api/orders/getWoById [32m201[0m 249.650 ms - -[0m
2022-09-22 16:57:47 info: [0mPOST /api/clients/getClientById [32m200[0m 145.616 ms - 430[0m
2022-09-22 16:57:51 info: [0mPOST /api/clients/getClientById [32m200[0m 233.511 ms - 894[0m
2022-09-22 16:57:57 error: [POST] /api/orders/editOrder >> StatusCode:: 500, Message:: Cast to [ObjectId] failed for value "[{"_id":""}]" (type string) at path "asignado.0"
2022-09-22 16:57:57 info: [0mPOST /api/orders/editOrder [31m500[0m 83.329 ms - 107[0m
2022-09-22 17:19:46 info: [0mGET /api/clients/getClients [36m304[0m 242.873 ms - -[0m
2022-09-22 17:19:47 info: [0mGET /api/orders/getNumberWorkOrders [32m201[0m 147.217 ms - 49[0m
2022-09-22 17:19:47 info: [0mGET /api/users/getSupervisores [36m304[0m 145.424 ms - -[0m
2022-09-22 17:19:48 info: [0mGET /api/users/getOperadores [36m304[0m 147.612 ms - -[0m
2022-09-22 17:19:48 info: [0mPOST /api/orders/getWoById [32m201[0m 231.974 ms - -[0m
2022-09-22 17:19:49 info: [0mPOST /api/clients/getClientById [32m200[0m 144.654 ms - 430[0m
2022-09-22 17:23:29 info: [0mGET /api/clients/getClients [36m304[0m 236.441 ms - -[0m
2022-09-22 17:23:29 info: [0mGET /api/orders/getNumberWorkOrders [32m201[0m 150.560 ms - 49[0m
2022-09-22 17:23:30 info: [0mGET /api/users/getSupervisores [36m304[0m 155.320 ms - -[0m
2022-09-22 17:23:30 info: [0mGET /api/users/getOperadores [36m304[0m 147.791 ms - -[0m
2022-09-22 17:23:31 info: [0mPOST /api/orders/getWoById [32m201[0m 221.599 ms - -[0m
2022-09-22 17:23:42 info: [0mGET /api/clients/getClients [36m304[0m 235.607 ms - -[0m
2022-09-22 17:23:43 info: [0mGET /api/orders/getNumberWorkOrders [32m201[0m 145.900 ms - 49[0m
2022-09-22 17:23:43 info: [0mGET /api/users/getSupervisores [36m304[0m 146.472 ms - -[0m
2022-09-22 17:23:43 info: [0mGET /api/users/getOperadores [36m304[0m 150.761 ms - -[0m
2022-09-22 17:23:43 info: [0mPOST /api/orders/getWoById [32m201[0m 221.490 ms - -[0m
2022-09-22 17:23:44 info: [0mPOST /api/clients/getClientById [32m200[0m 143.276 ms - 430[0m
2022-09-22 17:23:47 info: [0mPOST /api/clients/getClientById [32m200[0m 235.741 ms - 894[0m
2022-09-22 17:27:17 info: [0mGET /api/clients/getClients [36m304[0m 228.936 ms - -[0m
2022-09-22 17:27:17 info: [0mGET /api/orders/getNumberWorkOrders [32m201[0m 148.773 ms - 49[0m
2022-09-22 17:27:18 info: [0mGET /api/users/getSupervisores [36m304[0m 154.343 ms - -[0m
2022-09-22 17:27:18 info: [0mGET /api/users/getOperadores [36m304[0m 146.903 ms - -[0m
2022-09-22 17:27:19 info: [0mPOST /api/orders/getWoById [32m201[0m 227.951 ms - -[0m
2022-09-22 17:27:19 info: [0mPOST /api/clients/getClientById [32m200[0m 146.772 ms - 430[0m
2022-09-22 17:27:25 info: [0mPOST /api/clients/getClientById [32m200[0m 230.765 ms - 894[0m
2022-09-22 17:27:31 info: [0mPOST /api/orders/editOrder [32m201[0m 175.406 ms - -[0m
2022-09-22 17:27:37 info: [0mGET /api/orders/getWorkOrders [32m201[0m 254.360 ms - -[0m
2022-09-22 17:27:39 info: [0mGET /api/clients/getClients [36m304[0m 235.483 ms - -[0m
2022-09-22 17:27:39 info: [0mGET /api/orders/getNumberWorkOrders [32m201[0m 149.336 ms - 49[0m
2022-09-22 17:27:40 info: [0mGET /api/users/getSupervisores [36m304[0m 144.956 ms - -[0m
2022-09-22 17:27:40 info: [0mGET /api/users/getOperadores [36m304[0m 145.538 ms - -[0m
2022-09-22 17:27:40 info: [0mPOST /api/orders/getWoById [32m201[0m 224.587 ms - -[0m
2022-09-22 17:27:41 info: [0mPOST /api/clients/getClientById [32m200[0m 217.464 ms - 894[0m
2022-09-22 17:31:20 info: [0mGET /api/clients/getClients [36m304[0m 232.433 ms - -[0m
2022-09-22 17:31:21 info: [0mGET /api/orders/getNumberWorkOrders [32m201[0m 148.144 ms - 49[0m
2022-09-22 17:31:21 info: [0mGET /api/users/getSupervisores [36m304[0m 141.550 ms - -[0m
2022-09-22 17:31:22 info: [0mGET /api/users/getOperadores [36m304[0m 143.560 ms - -[0m
2022-09-22 17:31:22 info: [0mPOST /api/orders/getWoById [32m201[0m 221.399 ms - -[0m
2022-09-22 17:31:35 info: [0mGET /api/clients/getClients [36m304[0m 234.430 ms - -[0m
2022-09-22 17:31:36 info: [0mGET /api/orders/getNumberWorkOrders [32m201[0m 149.909 ms - 49[0m
2022-09-22 17:31:36 info: [0mGET /api/users/getSupervisores [36m304[0m 150.551 ms - -[0m
2022-09-22 17:31:37 info: [0mGET /api/users/getOperadores [36m304[0m 148.041 ms - -[0m
2022-09-22 17:31:37 info: [0mPOST /api/orders/getWoById [32m201[0m 226.362 ms - -[0m
2022-09-22 17:31:38 info: [0mPOST /api/clients/getClientById [32m200[0m 232.983 ms - 894[0m
2022-09-22 17:33:41 info: [0mGET /api/clients/getClients [36m304[0m 229.411 ms - -[0m
2022-09-22 17:33:41 info: [0mGET /api/orders/getNumberWorkOrders [32m201[0m 145.070 ms - 49[0m
2022-09-22 17:33:42 info: [0mGET /api/users/getSupervisores [36m304[0m 146.437 ms - -[0m
2022-09-22 17:33:42 info: [0mGET /api/users/getOperadores [36m304[0m 143.423 ms - -[0m
2022-09-22 17:33:43 info: [0mPOST /api/orders/getWoById [32m201[0m 221.058 ms - -[0m
2022-09-22 17:33:43 info: [0mPOST /api/clients/getClientById [32m200[0m 226.692 ms - 894[0m
2022-09-22 17:33:49 info: [0mPOST /api/orders/editOrder [32m201[0m 164.332 ms - -[0m
2022-09-22 17:33:53 info: [0mGET /api/orders/getWorkOrders [32m201[0m 249.968 ms - -[0m
2022-09-22 17:33:54 info: [0mGET /api/clients/getClients [36m304[0m 228.765 ms - -[0m
2022-09-22 17:33:54 info: [0mGET /api/orders/getNumberWorkOrders [32m201[0m 147.882 ms - 49[0m
2022-09-22 17:33:55 info: [0mGET /api/users/getSupervisores [36m304[0m 146.073 ms - -[0m
2022-09-22 17:33:55 info: [0mGET /api/users/getOperadores [36m304[0m 142.625 ms - -[0m
2022-09-22 17:33:56 info: [0mPOST /api/orders/getWoById [32m201[0m 233.835 ms - -[0m
2022-09-22 17:33:56 info: [0mPOST /api/clients/getClientById [32m200[0m 216.325 ms - 894[0m
2022-09-22 17:36:03 info: [0mGET /api/clients/getClients [36m304[0m 230.771 ms - -[0m
2022-09-22 17:36:03 info: [0mGET /api/orders/getNumberWorkOrders [32m201[0m 147.591 ms - 49[0m
2022-09-22 17:36:04 info: [0mGET /api/users/getSupervisores [36m304[0m 145.608 ms - -[0m
2022-09-22 17:36:04 info: [0mGET /api/users/getOperadores [36m304[0m 141.901 ms - -[0m
2022-09-22 17:36:05 info: [0mPOST /api/orders/getWoById [32m201[0m 221.404 ms - -[0m
2022-09-22 17:36:15 info: [0mGET /api/clients/getClients [36m304[0m 229.518 ms - -[0m
2022-09-22 17:36:15 info: [0mGET /api/orders/getNumberWorkOrders [32m201[0m 156.883 ms - 49[0m
2022-09-22 17:36:16 info: [0mGET /api/users/getSupervisores [36m304[0m 146.959 ms - -[0m
2022-09-22 17:36:16 info: [0mGET /api/users/getOperadores [36m304[0m 154.529 ms - -[0m
2022-09-22 17:36:17 info: [0mPOST /api/orders/getWoById [32m201[0m 223.387 ms - -[0m
2022-09-22 17:36:17 info: [0mPOST /api/clients/getClientById [32m200[0m 152.930 ms - 408[0m
2022-09-22 17:36:38 info: [0mGET /api/clients/getClients [36m304[0m 233.005 ms - -[0m
2022-09-22 17:36:38 info: [0mGET /api/orders/getNumberWorkOrders [32m201[0m 153.139 ms - 49[0m
2022-09-22 17:36:39 info: [0mGET /api/users/getSupervisores [36m304[0m 149.305 ms - -[0m
2022-09-22 17:36:39 info: [0mGET /api/users/getOperadores [36m304[0m 149.386 ms - -[0m
2022-09-22 17:36:40 info: [0mPOST /api/orders/getWoById [32m201[0m 243.666 ms - -[0m
2022-09-22 17:36:40 info: [0mPOST /api/clients/getClientById [32m200[0m 217.543 ms - 894[0m
2022-09-22 17:37:18 info: [0mGET /api/clients/getClients [36m304[0m 230.632 ms - -[0m
2022-09-22 17:37:19 info: [0mGET /api/users/getSupervisores [36m304[0m 164.985 ms - -[0m
2022-09-22 17:37:19 info: [0mGET /api/users/getOperadores [36m304[0m 148.551 ms - -[0m
2022-09-22 17:37:20 info: [0mPOST /api/orders/getWoById [32m201[0m 226.736 ms - -[0m
2022-09-22 17:37:20 info: [0mPOST /api/clients/getClientById [32m200[0m 144.039 ms - 408[0m
2022-09-22 17:37:26 info: [0mGET /api/clients/getClients [36m304[0m 230.746 ms - -[0m
2022-09-22 17:37:27 info: [0mGET /api/users/getSupervisores [36m304[0m 146.927 ms - -[0m
2022-09-22 17:37:27 info: [0mGET /api/users/getOperadores [36m304[0m 147.956 ms - -[0m
2022-09-22 17:37:28 info: [0mPOST /api/orders/getWoById [32m201[0m 224.732 ms - -[0m
2022-09-22 17:37:28 info: [0mPOST /api/clients/getClientById [32m200[0m 215.741 ms - 894[0m
2022-09-22 17:38:09 info: [0mGET /api/clients/getClients [36m304[0m 229.353 ms - -[0m
2022-09-22 17:38:09 info: [0mGET /api/users/getSupervisores [36m304[0m 145.147 ms - -[0m
2022-09-22 17:38:10 info: [0mGET /api/users/getOperadores [36m304[0m 148.453 ms - -[0m
2022-09-22 17:38:10 info: [0mPOST /api/orders/getWoById [32m201[0m 231.446 ms - -[0m
2022-09-22 17:38:13 info: [0mGET /api/clients/getClients [36m304[0m 234.268 ms - -[0m
2022-09-22 17:38:14 info: [0mGET /api/users/getSupervisores [36m304[0m 153.194 ms - -[0m
2022-09-22 17:38:14 info: [0mGET /api/users/getOperadores [36m304[0m 146.719 ms - -[0m
2022-09-22 17:38:15 info: [0mGET /api/orders/getNumberWorkOrders [32m201[0m 143.939 ms - 49[0m
2022-09-22 17:38:19 info: [0mGET /api/clients/getClients [36m304[0m 233.249 ms - -[0m
2022-09-22 17:38:20 info: [0mGET /api/users/getSupervisores [36m304[0m 147.259 ms - -[0m
2022-09-22 17:38:20 info: [0mGET /api/users/getOperadores [36m304[0m 147.959 ms - -[0m
2022-09-22 17:38:21 info: [0mPOST /api/orders/getWoById [32m201[0m 225.571 ms - -[0m
2022-09-22 17:38:21 info: [0mPOST /api/clients/getClientById [32m200[0m 143.783 ms - 430[0m
2022-09-22 17:38:34 info: [0mGET /api/clients/getClients [36m304[0m 232.771 ms - -[0m
2022-09-22 17:38:40 info: [0mGET /api/users/getUsers [36m304[0m 156.591 ms - -[0m
2022-09-22 17:38:43 info: [0mGET /api/clients/getClients [36m304[0m 228.120 ms - -[0m
2022-09-22 17:38:48 info: [0mPOST /api/clients/getClientById [32m200[0m 223.579 ms - 894[0m
2022-09-22 17:38:55 info: [0mPOST /api/clients/getClientById [32m200[0m 172.939 ms - 524[0m
2022-09-22 17:39:02 info: [0mPOST /api/clients/getClientById [32m200[0m 155.603 ms - 408[0m
2022-09-22 17:40:15 info: [0mGET /api/orders/getWorkOrders [32m201[0m 245.221 ms - -[0m
2022-09-22 17:40:20 info: [0mGET /api/users/getUsers [36m304[0m 148.855 ms - -[0m
2022-09-22 17:40:22 info: [0mGET /api/clients/getClients [36m304[0m 240.415 ms - -[0m
2022-09-22 17:40:25 info: [0mGET /api/orders/getWorkOrders [32m201[0m 235.933 ms - -[0m
2022-09-22 18:30:49 info: [0mGET /api/clients/getClients [36m304[0m 257.921 ms - -[0m
2022-09-22 18:33:14 info: [0mGET /api/clients/getClients [36m304[0m 228.499 ms - -[0m
2022-09-22 18:33:39 info: [0mGET /api/clients/getClients [36m304[0m 227.547 ms - -[0m
2022-09-22 18:33:44 info: [0mGET /api/clients/getClients [36m304[0m 236.597 ms - -[0m
2022-09-22 18:34:12 info: [0mGET /api/clients/getClients [36m304[0m 225.303 ms - -[0m
2022-09-22 18:34:29 info: [0mGET /api/clients/getClients [36m304[0m 235.611 ms - -[0m
2022-09-22 18:34:50 info: [0mGET /api/clients/getClients [36m304[0m 235.274 ms - -[0m
2022-09-22 18:36:39 info: [0mGET /api/clients/getClients [36m304[0m 231.766 ms - -[0m
2022-09-22 18:37:30 info: [0mGET /api/clients/getClients [36m304[0m 231.792 ms - -[0m
2022-09-22 18:38:30 info: [0mGET /api/clients/getClients [36m304[0m 231.232 ms - -[0m
2022-09-22 18:39:46 info: [0mGET /api/clients/getClients [36m304[0m 227.476 ms - -[0m
2022-09-22 18:40:19 info: [0mGET /api/clients/getClients [36m304[0m 229.926 ms - -[0m
2022-09-22 18:44:09 info: [0mGET /api/users/getUsers [36m304[0m 168.177 ms - -[0m
2022-09-22 18:44:23 info: [0mGET /api/clients/getClients [36m304[0m 229.436 ms - -[0m
2022-09-22 18:46:13 info: [0mGET /api/orders/getWorkOrders [32m201[0m 257.926 ms - -[0m
2022-09-22 18:46:56 info: [0mGET /api/clients/getClients [36m304[0m 233.373 ms - -[0m
2022-09-22 18:47:05 info: [0mGET /api/users/getSupervisores [36m304[0m 154.006 ms - -[0m
2022-09-22 18:47:20 info: [0mGET /api/users/getOperadores [36m304[0m 150.981 ms - -[0m
2022-09-22 18:47:30 info: [0mPOST /api/orders/getWoById [32m201[0m 236.749 ms - -[0m
2022-09-22 18:47:31 info: [0mPOST /api/clients/getClientById [32m200[0m 218.075 ms - 894[0m
2022-09-22 19:10:43 info: [0mPOST /api/logout [32m200[0m 74.879 ms - 403[0m
2022-09-22 19:11:09 info: [0mPOST /api/login [32m200[0m 138.444 ms - 585[0m
2022-09-22 19:11:25 info: [0mGET /api/clients/getClients [36m304[0m 237.772 ms - -[0m
