2022-09-28 00:06:31 info: [0mPOST /api/orders/getWoById [32m201[0m 244.931 ms - -[0m
2022-09-28 00:06:37 info: =================================
2022-09-28 00:06:37 info: ======= ENV: development =======
2022-09-28 00:06:37 info: 🚀 App listening on the port 5103
2022-09-28 00:06:37 info: =================================
2022-09-28 00:07:13 info: [0mPOST /api/orders/getWoById [32m201[0m 284.616 ms - -[0m
2022-09-28 00:07:22 info: [0mPOST /api/orders/getWoById [32m201[0m 237.094 ms - -[0m
2022-09-28 00:07:39 info: [0mPOST /api/orders/getWoById [32m201[0m 248.040 ms - -[0m
2022-09-28 00:07:41 info: [0mPOST /api/orders/getWoById [32m201[0m 245.177 ms - -[0m
2022-09-28 00:08:20 info: [0mPOST /api/orders/getWoById [32m201[0m 239.267 ms - -[0m
2022-09-28 00:09:02 info: [0mPOST /api/orders/getWoById [32m201[0m 234.918 ms - -[0m
2022-09-28 00:09:29 info: [0mPOST /api/orders/getWoById [32m201[0m 238.142 ms - -[0m
2022-09-28 00:10:23 info: [0mPOST /api/orders/getWoById [32m201[0m 240.440 ms - -[0m
2022-09-28 00:10:39 info: [0mPOST /api/orders/getWoById [32m201[0m 241.878 ms - -[0m
2022-09-28 00:12:22 info: [0mPOST /api/orders/getWoById [32m201[0m 237.678 ms - -[0m
2022-09-28 00:12:49 info: [0mPOST /api/orders/getWoById [32m201[0m 235.991 ms - -[0m
2022-09-28 00:14:21 info: [0mPOST /api/orders/getWoById [32m201[0m 237.111 ms - -[0m
2022-09-28 00:25:33 info: [0mPOST /api/orders/getWoById [32m201[0m 241.042 ms - -[0m
2022-09-28 00:27:33 info: [0mPOST /api/orders/getWoById [32m201[0m 244.329 ms - -[0m
2022-09-28 00:28:13 info: [0mPOST /api/orders/getWoByUserId [32m201[0m 240.717 ms - -[0m
2022-09-28 00:28:15 info: [0mPOST /api/orders/getWoById [32m201[0m 237.713 ms - -[0m
2022-09-28 00:28:58 info: [0mPOST /api/orders/getWoById [32m201[0m 235.870 ms - -[0m
2022-09-28 00:31:17 info: [0mPOST /api/orders/getWoById [32m201[0m 237.842 ms - -[0m
2022-09-28 00:31:57 info: [0mPOST /api/orders/getWoById [32m201[0m 262.474 ms - -[0m
2022-09-28 00:32:50 info: [0mPOST /api/orders/getWoById [32m201[0m 235.395 ms - -[0m
2022-09-28 00:33:02 info: [0mPOST /api/orders/getWoById [32m201[0m 286.535 ms - -[0m
2022-09-28 00:38:47 info: [0mPOST /api/orders/getWoById [32m201[0m 243.847 ms - -[0m
2022-09-28 00:39:46 info: [0mPOST /api/orders/getWoById [32m201[0m 233.913 ms - -[0m
2022-09-28 00:40:02 info: [0mPOST /api/orders/getWoById [32m201[0m 235.607 ms - -[0m
2022-09-28 00:41:20 info: [0mPOST /api/orders/getWoById [32m201[0m 232.968 ms - -[0m
2022-09-28 00:41:37 info: [0mPOST /api/orders/getWoById [32m201[0m 245.398 ms - -[0m
2022-09-28 00:46:51 info: [0mPOST /api/orders/getWoById [32m201[0m 233.075 ms - -[0m
2022-09-28 00:47:21 info: [0mPOST /api/orders/getWoById [32m201[0m 238.984 ms - -[0m
2022-09-28 00:47:39 info: [0mPOST /api/orders/getWoById [32m201[0m 237.859 ms - -[0m
2022-09-28 00:49:44 info: [0mPOST /api/orders/getWoById [32m201[0m 236.397 ms - -[0m
2022-09-28 00:53:09 info: [0mPOST /api/orders/getWoById [32m201[0m 235.862 ms - -[0m
2022-09-28 00:53:38 info: [0mPOST /api/orders/getWoById [32m201[0m 245.468 ms - -[0m
2022-09-28 00:53:44 info: [0mPOST /api/orders/getWoByUserId [32m201[0m 235.265 ms - -[0m
2022-09-28 00:53:54 info: [0mPOST /api/orders/getWoByUserId [32m201[0m 248.737 ms - -[0m
2022-09-28 00:53:56 info: [0mPOST /api/orders/getWoById [32m201[0m 233.514 ms - -[0m
2022-09-28 00:59:25 info: [0mPOST /api/orders/getWoByUserId [32m201[0m 242.452 ms - -[0m
2022-09-28 00:59:26 info: [0mPOST /api/orders/getWoById [32m201[0m 234.804 ms - -[0m
2022-09-28 01:02:28 info: [0mPOST /api/orders/getWoById [32m201[0m 233.313 ms - -[0m
2022-09-28 01:04:05 info: [0mPOST /api/orders/getWoById [32m201[0m 236.278 ms - -[0m
2022-09-28 01:07:51 info: [0mPOST /api/orders/getWoById [32m201[0m 244.790 ms - -[0m
2022-09-28 01:07:56 info: [0mPOST /api/orders/getWoById [32m201[0m 237.345 ms - -[0m
2022-09-28 01:08:01 info: [0mPOST /api/orders/getWoById [32m201[0m 232.603 ms - -[0m
2022-09-28 01:16:11 info: [0mPOST /api/orders/getWoById [32m201[0m 247.031 ms - -[0m
2022-09-28 01:16:32 info: [0mPOST /api/orders/getWoByUserId [32m201[0m 249.948 ms - -[0m
2022-09-28 01:16:34 info: [0mPOST /api/orders/getWoById [32m201[0m 239.181 ms - -[0m
2022-09-28 01:26:20 info: [0mPOST /api/orders/getWoByUserId [32m201[0m 229.990 ms - -[0m
2022-09-28 01:26:21 info: [0mPOST /api/orders/getWoById [32m201[0m 241.830 ms - -[0m
2022-09-28 01:33:05 info: [0mPOST /api/orders/getWoByUserId [32m201[0m 240.686 ms - -[0m
2022-09-28 01:33:06 info: [0mPOST /api/orders/getWoById [32m201[0m 250.406 ms - -[0m
2022-09-28 01:37:24 info: [0mPOST /api/orders/getWoByUserId [32m201[0m 235.185 ms - -[0m
2022-09-28 01:37:25 info: [0mPOST /api/orders/getWoById [32m201[0m 240.565 ms - -[0m
2022-09-28 01:40:57 info: [0mPOST /api/orders/getWoByUserId [32m201[0m 241.987 ms - -[0m
2022-09-28 01:40:59 info: [0mPOST /api/orders/getWoById [32m201[0m 240.837 ms - -[0m
2022-09-28 01:42:15 info: [0mPOST /api/orders/getWoByUserId [32m201[0m 233.934 ms - -[0m
2022-09-28 01:42:16 info: [0mPOST /api/orders/getWoById [32m201[0m 236.402 ms - -[0m
2022-09-28 09:06:57 info: =================================
2022-09-28 09:06:57 info: ======= ENV: development =======
2022-09-28 09:06:57 info: 🚀 App listening on the port 5103
2022-09-28 09:06:57 info: =================================
2022-09-28 09:06:59 info: [0mGET /api/clients/getClients [36m304[0m 183.856 ms - -[0m
2022-09-28 09:07:11 info: [0mPOST /api/orders/getWoByUserId [32m201[0m 319.874 ms - -[0m
2022-09-28 09:49:09 info: [0mPOST /api/orders/getWoById [32m201[0m 279.384 ms - -[0m
2022-09-28 09:58:12 info: [0mPOST /api/orders/getWoById [32m201[0m 244.829 ms - -[0m
2022-09-28 10:06:57 info: [0mPOST /api/orders/getWoById [32m201[0m 251.159 ms - -[0m
2022-09-28 10:07:05 info: [0mPOST /api/orders/getWoByUserId [32m201[0m 267.053 ms - -[0m
2022-09-28 10:22:19 info: [0mPOST /api/orders/getWoById [32m201[0m 247.898 ms - -[0m
2022-09-28 10:22:30 info: [0mPOST /api/orders/getWoById [32m201[0m 255.707 ms - -[0m
2022-09-28 10:46:03 info: [0mPOST /api/orders/getWoById [32m201[0m 248.311 ms - -[0m
2022-09-28 10:48:04 info: [0mPOST /api/orders/getWoById [32m201[0m 243.245 ms - -[0m
2022-09-28 10:49:07 info: [0mPOST /api/orders/getWoById [32m201[0m 241.788 ms - -[0m
2022-09-28 10:49:22 info: [0mPOST /api/orders/getWoById [32m201[0m 241.895 ms - -[0m
2022-09-28 10:49:46 info: [0mPOST /api/orders/getWoById [32m201[0m 257.180 ms - -[0m
2022-09-28 10:50:13 info: [0mPOST /api/orders/getWoById [32m201[0m 236.064 ms - -[0m
2022-09-28 10:50:22 info: [0mPOST /api/orders/getWoById [32m201[0m 247.634 ms - -[0m
2022-09-28 10:50:59 info: [0mPOST /api/orders/getWoById [32m201[0m 244.371 ms - -[0m
2022-09-28 10:51:05 info: [0mPOST /api/orders/getWoById [32m201[0m 235.060 ms - -[0m
2022-09-28 10:51:32 info: [0mPOST /api/orders/getWoByUserId [32m201[0m 239.251 ms - -[0m
2022-09-28 10:51:36 info: [0mPOST /api/orders/getWoById [32m201[0m 267.858 ms - -[0m
2022-09-28 10:52:13 info: [0mPOST /api/orders/getWoByUserId [32m201[0m 254.307 ms - -[0m
2022-09-28 10:52:15 info: [0mPOST /api/orders/getWoById [32m201[0m 246.741 ms - -[0m
2022-09-28 10:52:33 info: [0mPOST /api/orders/getWoByUserId [32m201[0m 254.497 ms - -[0m
2022-09-28 10:52:36 info: [0mPOST /api/orders/getWoByUserId [32m201[0m 237.078 ms - -[0m
2022-09-28 10:52:42 info: [0mPOST /api/orders/getWoByUserId [32m201[0m 241.346 ms - -[0m
2022-09-28 10:52:43 info: [0mPOST /api/orders/getWoById [32m201[0m 234.961 ms - -[0m
2022-09-28 10:52:45 info: [0mPOST /api/orders/getWoById [32m201[0m 239.044 ms - -[0m
2022-09-28 10:57:19 info: [0mPOST /api/orders/getWoById [32m201[0m 238.884 ms - -[0m
2022-09-28 11:01:17 error: [GET] /api/clients/getClients >> StatusCode:: 401, Message:: Wrong authentication token
2022-09-28 11:01:17 info: [0mGET /api/clients/getClients [33m401[0m 14.314 ms - 40[0m
2022-09-28 11:01:22 info: [0mPOST /api/logout [32m200[0m 89.114 ms - 403[0m
2022-09-28 11:09:22 info: [0mPOST /api/login [32m200[0m 155.266 ms - 585[0m
2022-09-28 11:09:23 info: [0mGET /api/clients/getClients [36m304[0m 191.986 ms - -[0m
2022-09-28 11:10:28 info: [0mGET /api/users/getUsers [36m304[0m 163.919 ms - -[0m
2022-09-28 11:12:36 info: [0mGET /api/clients/getClients [36m304[0m 162.560 ms - -[0m
2022-09-28 11:15:21 info: [0mPOST /api/contratos/guardarContrato [32m200[0m 417.522 ms - 409[0m
2022-09-28 11:15:28 info: [0mGET /api/clients/getClients [32m200[0m 241.178 ms - -[0m
2022-09-28 11:15:49 info: [0mPOST /api/clients/getClientById [32m200[0m 171.531 ms - 430[0m
2022-09-28 11:16:31 info: [0mPOST /api/clients/editClient [32m200[0m 174.211 ms - 447[0m
2022-09-28 11:16:54 info: [0mGET /api/orders/getWorkOrders [32m201[0m 253.542 ms - -[0m
2022-09-28 11:17:58 info: [0mGET /api/clients/getClients [32m200[0m 246.598 ms - -[0m
2022-09-28 11:17:59 info: [0mGET /api/users/getSupervisores [32m200[0m 158.873 ms - 463[0m
2022-09-28 11:17:59 info: [0mGET /api/users/getOperadores [32m200[0m 148.511 ms - 882[0m
2022-09-28 11:18:00 info: [0mPOST /api/orders/getWoById [32m201[0m 228.264 ms - -[0m
2022-09-28 11:18:01 info: [0mPOST /api/clients/getClientById [32m200[0m 229.501 ms - 914[0m
2022-09-28 11:18:04 info: [0mGET /api/clients/getClients [36m304[0m 245.738 ms - -[0m
2022-09-28 11:18:05 info: [0mGET /api/users/getSupervisores [36m304[0m 150.060 ms - -[0m
2022-09-28 11:18:05 info: [0mGET /api/users/getOperadores [36m304[0m 153.226 ms - -[0m
2022-09-28 11:18:06 info: [0mGET /api/orders/getNumberWorkOrders [32m201[0m 148.696 ms - 49[0m
2022-09-28 11:18:21 info: [0mPOST /api/clients/getClientById [32m200[0m 155.960 ms - 430[0m
2022-09-28 11:18:25 info: [0mPOST /api/clients/getClientById [32m200[0m 241.670 ms - 914[0m
2022-09-28 11:19:03 info: [0mPOST /api/orders/saveOrder [32m201[0m 258.918 ms - 518[0m
2022-09-28 11:19:08 info: [0mGET /api/orders/getWorkOrders [32m201[0m 248.107 ms - -[0m
2022-09-28 11:22:49 info: [0mGET /api/clients/getClients [36m304[0m 242.901 ms - -[0m
2022-09-28 11:22:51 info: [0mGET /api/users/getUsers [36m304[0m 163.609 ms - -[0m
2022-09-28 11:23:09 info: [0mPOST /api/login [32m200[0m 142.061 ms - 627[0m
2022-09-28 11:24:00 info: [0mPOST /api/orders/getWoByUserId [32m201[0m 245.472 ms - -[0m
2022-09-28 11:24:26 info: [0mPOST /api/orders/getWoById [32m201[0m 250.002 ms - -[0m
2022-09-28 11:24:48 info: [0mPOST /api/orders/getWoById [32m201[0m 272.841 ms - -[0m
2022-09-28 11:25:14 info: [0mPOST /api/orders/getWoById [32m201[0m 246.562 ms - -[0m
2022-09-28 11:27:55 info: [0mPOST /api/orders/getWoById [32m201[0m 273.577 ms - -[0m
2022-09-28 11:48:48 info: [0mGET /api/orders/getWorkOrders [32m201[0m 249.868 ms - -[0m
