2022-06-07 13:08:26 info: =================================
2022-06-07 13:08:26 info: ======= ENV: development =======
2022-06-07 13:08:26 info: 🚀 App listening on the port 5100
2022-06-07 13:08:26 info: =================================
2022-06-07 13:08:29 info: [0mGET /api/clients/getAllClients [36m304[0m 79.007 ms - -[0m
2022-06-07 13:08:31 info: [0mGET /api/causas/obtenerCausas [32m201[0m 74.219 ms - 529[0m
2022-06-07 13:08:31 info: [0mGET /api/servicios/obtenerProcedimientos [36m304[0m 74.837 ms - -[0m
2022-06-07 13:08:32 info: [0mGET /api/servicios/obtenerTipoServicios [36m304[0m 74.659 ms - -[0m
2022-06-07 13:08:41 info: [0mGET /api/clients/getAllClients [36m304[0m 72.824 ms - -[0m
2022-06-07 13:08:43 info: [0mGET /api/users/getAbogados [36m304[0m 98.800 ms - -[0m
2022-06-07 13:08:45 info: [0mGET /api/servicios/obtenerTipoServicios [36m304[0m 75.865 ms - -[0m
2022-06-07 13:15:36 info: [0mPOST /api/servicios/crearProcedimiento [32m201[0m 155.243 ms - 183[0m
2022-06-07 13:15:37 info: [0mGET /api/servicios/obtenerProcedimientos [32m200[0m 73.817 ms - 191[0m
2022-06-07 13:15:49 info: [0mPOST /api/servicios/crearProcedimiento [32m201[0m 86.808 ms - 181[0m
2022-06-07 13:15:50 info: [0mGET /api/servicios/obtenerProcedimientos [32m200[0m 73.046 ms - 331[0m
2022-06-07 13:15:57 info: [0mPOST /api/servicios/crearProcedimiento [32m201[0m 81.797 ms - 183[0m
2022-06-07 13:15:57 info: [0mGET /api/servicios/obtenerProcedimientos [32m200[0m 72.189 ms - 473[0m
2022-06-07 13:16:04 info: [0mPOST /api/servicios/crearTipoServicio [32m201[0m 106.700 ms - 179[0m
2022-06-07 13:16:05 info: [0mGET /api/servicios/obtenerTipoServicios [32m200[0m 81.935 ms - 178[0m
2022-06-07 13:16:11 info: [0mPOST /api/servicios/crearTipoServicio [32m201[0m 82.119 ms - 181[0m
2022-06-07 13:16:11 info: [0mGET /api/servicios/obtenerTipoServicios [32m200[0m 72.817 ms - 318[0m
2022-06-07 13:16:18 info: [0mPOST /api/servicios/crearTipoServicio [32m201[0m 82.874 ms - 181[0m
2022-06-07 13:16:19 info: [0mGET /api/servicios/obtenerTipoServicios [32m200[0m 73.644 ms - 458[0m
2022-06-07 13:16:36 info: [0mGET /api/clients/getAllClients [36m304[0m 72.425 ms - -[0m
2022-06-07 13:16:39 info: [0mGET /api/users/getAbogados [36m304[0m 73.503 ms - -[0m
2022-06-07 13:18:30 info: [0mGET /api/servicios/obtenerTipoServicios [36m304[0m 78.096 ms - -[0m
2022-06-07 13:18:33 info: [0mGET /api/servicios/obtenerProcedimientos [36m304[0m 69.005 ms - -[0m
2022-06-07 13:18:57 info: [0mPOST /api/causas/guardarCausa [32m201[0m 90.569 ms - 26[0m
2022-06-07 13:19:00 info: [0mGET /api/causas/obtenerCausas [32m201[0m 73.079 ms - 529[0m
2022-06-07 13:19:00 info: [0mGET /api/servicios/obtenerTipoServicios [36m304[0m 77.248 ms - -[0m
2022-06-07 13:19:00 info: [0mGET /api/servicios/obtenerProcedimientos [36m304[0m 72.176 ms - -[0m
2022-06-07 13:19:18 info: [0mGET /api/causas/obtenerCausas [32m201[0m 72.259 ms - 529[0m
2022-06-07 13:19:18 info: [0mGET /api/servicios/obtenerTipoServicios [36m304[0m 78.048 ms - -[0m
2022-06-07 13:19:18 info: [0mGET /api/servicios/obtenerProcedimientos [36m304[0m 74.710 ms - -[0m
2022-06-07 13:20:23 info: [0mGET /api/clients/getAllClients [36m304[0m 73.323 ms - -[0m
2022-06-07 13:20:25 info: [0mGET /api/users/getAbogados [36m304[0m 426.941 ms - -[0m
2022-06-07 13:20:28 info: [0mGET /api/servicios/obtenerTipoServicios [36m304[0m 75.637 ms - -[0m
2022-06-07 13:20:29 info: [0mGET /api/servicios/obtenerProcedimientos [36m304[0m 72.711 ms - -[0m
2022-06-07 13:20:53 info: [0mPOST /api/causas/guardarCausa [32m201[0m 83.615 ms - 26[0m
2022-06-07 13:22:43 info: =================================
2022-06-07 13:22:43 info: ======= ENV: development =======
2022-06-07 13:22:43 info: 🚀 App listening on the port 5100
2022-06-07 13:22:43 info: =================================
2022-06-07 13:23:00 info: [0mGET /api/clients/getAllClients [36m304[0m 92.997 ms - -[0m
2022-06-07 13:23:03 info: [0mGET /api/users/getAbogados [36m304[0m 74.789 ms - -[0m
2022-06-07 13:23:06 info: [0mGET /api/servicios/obtenerTipoServicios [36m304[0m 74.085 ms - -[0m
2022-06-07 13:23:09 info: [0mGET /api/servicios/obtenerProcedimientos [36m304[0m 75.671 ms - -[0m
2022-06-07 13:23:31 info: [0mPOST /api/causas/guardarCausa [32m201[0m 120.369 ms - 26[0m
2022-06-07 13:24:13 info: [0mGET /api/causas/obtenerCausas [32m201[0m 73.361 ms - 36[0m
2022-06-07 13:24:13 info: [0mGET /api/servicios/obtenerProcedimientos [36m304[0m 75.235 ms - -[0m
2022-06-07 13:24:13 info: [0mGET /api/servicios/obtenerTipoServicios [36m304[0m 85.707 ms - -[0m
2022-06-07 13:24:25 info: [0mGET /api/clients/getAllClients [36m304[0m 72.190 ms - -[0m
2022-06-07 13:24:27 info: [0mGET /api/users/getAbogados [36m304[0m 72.741 ms - -[0m
2022-06-07 13:24:29 info: [0mGET /api/servicios/obtenerTipoServicios [36m304[0m 71.552 ms - -[0m
2022-06-07 13:24:31 info: [0mGET /api/servicios/obtenerProcedimientos [36m304[0m 76.477 ms - -[0m
2022-06-07 13:24:51 info: [0mPOST /api/causas/guardarCausa [32m201[0m 114.247 ms - 639[0m
2022-06-07 13:24:55 info: [0mGET /api/causas/obtenerCausas [32m201[0m 79.582 ms - 641[0m
2022-06-07 13:24:55 info: [0mGET /api/servicios/obtenerTipoServicios [36m304[0m 79.527 ms - -[0m
2022-06-07 13:24:55 info: [0mGET /api/servicios/obtenerProcedimientos [36m304[0m 76.587 ms - -[0m
2022-06-07 13:25:01 info: [0mGET /api/clients/getAllClients [36m304[0m 80.130 ms - -[0m
2022-06-07 13:25:03 info: [0mGET /api/users/getAbogados [36m304[0m 73.407 ms - -[0m
2022-06-07 13:25:06 info: [0mGET /api/servicios/obtenerTipoServicios [36m304[0m 73.983 ms - -[0m
2022-06-07 13:25:08 info: [0mGET /api/servicios/obtenerProcedimientos [36m304[0m 80.237 ms - -[0m
2022-06-07 13:25:30 info: [0mPOST /api/causas/guardarCausa [32m201[0m 77.787 ms - 635[0m
2022-06-07 13:25:33 info: [0mGET /api/servicios/obtenerTipoServicios [36m304[0m 78.362 ms - -[0m
2022-06-07 13:25:33 info: [0mGET /api/causas/obtenerCausas [32m201[0m 91.932 ms - -[0m
2022-06-07 13:25:33 info: [0mGET /api/servicios/obtenerProcedimientos [36m304[0m 75.104 ms - -[0m
2022-06-07 13:25:44 info: [0mGET /api/servicios/obtenerTipoServicios [36m304[0m 75.718 ms - -[0m
2022-06-07 13:25:44 info: [0mGET /api/causas/obtenerCausas [32m201[0m 81.984 ms - -[0m
2022-06-07 13:25:44 info: [0mGET /api/servicios/obtenerProcedimientos [36m304[0m 75.079 ms - -[0m
2022-06-07 13:25:44 info: [0mGET /api/clients/getAllClients [36m304[0m 74.549 ms - -[0m
2022-06-07 13:26:54 info: [0mGET /api/users/getVendedores [36m304[0m 76.840 ms - -[0m
2022-06-07 13:32:56 info: [0mGET /api/servicios/obtenerTipoServicios [36m304[0m 70.500 ms - -[0m
2022-06-07 13:33:17 info: [0mPOST /api/servicios/crearTipoServicio [32m201[0m 85.472 ms - 179[0m
2022-06-07 13:33:17 info: [0mGET /api/servicios/obtenerTipoServicios [32m200[0m 73.329 ms - 596[0m
2022-06-07 13:34:38 info: [0mGET /api/causas/obtenerCausas [32m201[0m 76.919 ms - -[0m
2022-06-07 13:34:38 info: [0mGET /api/servicios/obtenerTipoServicios [36m304[0m 72.670 ms - -[0m
2022-06-07 13:34:38 info: [0mGET /api/servicios/obtenerProcedimientos [36m304[0m 71.154 ms - -[0m
2022-06-07 13:34:44 info: [0mGET /api/clients/getAllClients [36m304[0m 72.557 ms - -[0m
2022-06-07 13:34:46 info: [0mGET /api/servicios/obtenerProcedimientos [36m304[0m 76.254 ms - -[0m
2022-06-07 13:34:48 info: [0mGET /api/users/getAbogados [36m304[0m 205.484 ms - -[0m
2022-06-07 13:34:50 info: [0mGET /api/servicios/obtenerTipoServicios [36m304[0m 79.092 ms - -[0m
2022-06-07 13:34:53 info: [0mGET /api/servicios/obtenerProcedimientos [36m304[0m 72.770 ms - -[0m
2022-06-07 13:35:17 info: [0mPOST /api/causas/guardarCausa [32m201[0m 84.945 ms - 665[0m
2022-06-07 13:35:17 info: [0mGET /api/causas/obtenerCausas [32m201[0m 78.309 ms - -[0m
2022-06-07 13:35:17 info: [0mGET /api/servicios/obtenerTipoServicios [36m304[0m 75.337 ms - -[0m
2022-06-07 13:35:17 info: [0mGET /api/servicios/obtenerProcedimientos [36m304[0m 75.474 ms - -[0m
2022-06-07 13:35:59 info: [0mGET /api/causas/obtenerCausas [32m201[0m 78.835 ms - -[0m
2022-06-07 13:36:00 info: [0mGET /api/servicios/obtenerTipoServicios [36m304[0m 71.580 ms - -[0m
2022-06-07 13:36:00 info: [0mGET /api/servicios/obtenerProcedimientos [36m304[0m 72.311 ms - -[0m
2022-06-07 13:50:26 info: [0mGET /api/causas/obtenerCausas [32m201[0m 79.102 ms - -[0m
2022-06-07 13:50:26 info: [0mGET /api/servicios/obtenerTipoServicios [36m304[0m 73.004 ms - -[0m
2022-06-07 13:50:26 info: [0mGET /api/servicios/obtenerProcedimientos [36m304[0m 77.198 ms - -[0m
2022-06-07 13:51:30 info: [0mGET /api/servicios/obtenerProcedimientos [36m304[0m 73.855 ms - -[0m
2022-06-07 13:51:30 info: [0mGET /api/servicios/obtenerTipoServicios [36m304[0m 80.099 ms - -[0m
2022-06-07 13:51:30 info: [0mGET /api/causas/obtenerCausas [32m201[0m 80.233 ms - -[0m
2022-06-07 14:04:35 info: [0mGET /api/users/getUsers [32m200[0m 183.635 ms - -[0m
2022-06-07 14:04:42 info: [0mGET /api/servicios/obtenerTipoServicios [36m304[0m 80.576 ms - -[0m
2022-06-07 14:04:42 info: [0mGET /api/servicios/obtenerProcedimientos [36m304[0m 83.667 ms - -[0m
2022-06-07 14:04:42 info: [0mGET /api/clients/getAllClients [36m304[0m 94.725 ms - -[0m
2022-06-07 14:04:42 info: [0mGET /api/causas/obtenerCausas [32m201[0m 97.397 ms - -[0m
2022-06-07 14:04:46 info: [0mGET /api/causas/obtenerCausas [32m201[0m 93.366 ms - -[0m
2022-06-07 14:04:47 info: [0mGET /api/servicios/obtenerTipoServicios [36m304[0m 81.311 ms - -[0m
2022-06-07 14:04:47 info: [0mGET /api/servicios/obtenerProcedimientos [36m304[0m 81.128 ms - -[0m
2022-06-07 14:04:47 info: [0mGET /api/causas/obtenerCausas [32m201[0m 84.492 ms - -[0m
2022-06-07 14:04:47 info: [0mGET /api/servicios/obtenerTipoServicios [36m304[0m 76.495 ms - -[0m
2022-06-07 14:04:47 info: [0mGET /api/servicios/obtenerProcedimientos [36m304[0m 82.712 ms - -[0m
2022-06-07 14:04:47 info: [0mGET /api/causas/obtenerCausas [32m201[0m 79.014 ms - -[0m
2022-06-07 14:04:47 info: [0mGET /api/servicios/obtenerTipoServicios [36m304[0m 75.909 ms - -[0m
2022-06-07 14:04:47 info: [0mGET /api/servicios/obtenerProcedimientos [36m304[0m 72.623 ms - -[0m
2022-06-07 14:04:48 info: [0mGET /api/causas/obtenerCausas [32m201[0m 78.798 ms - -[0m
2022-06-07 14:04:48 info: [0mGET /api/servicios/obtenerTipoServicios [36m304[0m 75.365 ms - -[0m
2022-06-07 14:04:48 info: [0mGET /api/servicios/obtenerProcedimientos [36m304[0m 73.898 ms - -[0m
2022-06-07 14:05:33 info: [0mPOST /api/servicios/borrarTipoServicio [32m201[0m 86.917 ms - 46[0m
2022-06-07 14:05:33 info: [0mGET /api/servicios/obtenerTipoServicios [32m200[0m 81.108 ms - 458[0m
2022-06-07 14:06:32 info: [0mGET /api/clients/getAllClients [36m304[0m 76.190 ms - -[0m
2022-06-07 14:07:34 info: [0mGET /api/users/getAbogados [36m304[0m 84.952 ms - -[0m
2022-06-07 14:08:22 info: [0mGET /api/servicios/obtenerTipoServicios [36m304[0m 77.153 ms - -[0m
2022-06-07 14:08:28 info: [0mGET /api/servicios/obtenerTipoServicios [36m304[0m 79.618 ms - -[0m
2022-06-07 14:08:41 info: [0mGET /api/servicios/obtenerProcedimientos [36m304[0m 75.816 ms - -[0m
2022-06-07 14:10:33 info: [0mGET /api/servicios/obtenerTipoServicios [36m304[0m 78.046 ms - -[0m
2022-06-07 14:11:23 info: [0mPOST /api/causas/guardarCausa [32m201[0m 86.190 ms - 681[0m
2022-06-07 14:11:24 info: [0mGET /api/servicios/obtenerProcedimientos [36m304[0m 86.089 ms - -[0m
2022-06-07 14:11:24 info: [0mGET /api/servicios/obtenerTipoServicios [36m304[0m 95.728 ms - -[0m
2022-06-07 14:11:24 info: [0mGET /api/causas/obtenerCausas [32m201[0m 95.324 ms - -[0m
2022-06-07 14:11:24 info: [0mGET /api/servicios/obtenerProcedimientos [36m304[0m 81.060 ms - -[0m
2022-06-07 14:11:24 info: [0mGET /api/servicios/obtenerTipoServicios [36m304[0m 71.066 ms - -[0m
2022-06-07 14:11:24 info: [0mGET /api/causas/obtenerCausas [32m201[0m 81.134 ms - -[0m
2022-06-07 14:11:24 info: [0mGET /api/servicios/obtenerProcedimientos [36m304[0m 78.428 ms - -[0m
2022-06-07 14:11:24 info: [0mGET /api/servicios/obtenerTipoServicios [36m304[0m 71.524 ms - -[0m
2022-06-07 14:11:25 info: [0mGET /api/causas/obtenerCausas [32m201[0m 73.932 ms - -[0m
2022-06-07 14:11:25 info: [0mGET /api/servicios/obtenerProcedimientos [36m304[0m 71.147 ms - -[0m
2022-06-07 14:11:25 info: [0mGET /api/servicios/obtenerTipoServicios [36m304[0m 73.984 ms - -[0m
2022-06-07 14:11:25 info: [0mGET /api/causas/obtenerCausas [32m201[0m 73.846 ms - -[0m
2022-06-07 14:12:36 info: [0mGET /api/users/getUsers [36m304[0m 164.582 ms - -[0m
2022-06-07 14:12:53 info: [0mGET /api/causas/obtenerCausas [32m201[0m 82.418 ms - -[0m
2022-06-07 14:12:53 info: [0mGET /api/servicios/obtenerTipoServicios [36m304[0m 79.353 ms - -[0m
2022-06-07 14:12:53 info: [0mGET /api/servicios/obtenerProcedimientos [36m304[0m 79.245 ms - -[0m
2022-06-07 14:12:53 info: [0mGET /api/causas/obtenerCausas [32m201[0m 84.205 ms - -[0m
2022-06-07 14:12:53 info: [0mGET /api/servicios/obtenerTipoServicios [36m304[0m 78.436 ms - -[0m
2022-06-07 14:12:53 info: [0mGET /api/servicios/obtenerProcedimientos [36m304[0m 79.317 ms - -[0m
2022-06-07 14:12:54 info: [0mGET /api/causas/obtenerCausas [32m201[0m 78.293 ms - -[0m
2022-06-07 14:12:54 info: [0mGET /api/servicios/obtenerProcedimientos [36m304[0m 77.561 ms - -[0m
2022-06-07 14:12:54 info: [0mGET /api/servicios/obtenerTipoServicios [36m304[0m 83.054 ms - -[0m
2022-06-07 14:12:54 info: [0mGET /api/causas/obtenerCausas [32m201[0m 75.660 ms - -[0m
2022-06-07 14:12:54 info: [0mGET /api/servicios/obtenerProcedimientos [36m304[0m 78.802 ms - -[0m
2022-06-07 14:12:54 info: [0mGET /api/servicios/obtenerTipoServicios [36m304[0m 92.050 ms - -[0m
2022-06-07 14:12:56 info: [0mGET /api/users/getUsers [36m304[0m 158.830 ms - -[0m
2022-06-07 14:13:02 info: [0mGET /api/causas/obtenerCausas [32m201[0m 78.564 ms - -[0m
2022-06-07 14:13:02 info: [0mGET /api/servicios/obtenerTipoServicios [36m304[0m 82.719 ms - -[0m
2022-06-07 14:13:02 info: [0mGET /api/servicios/obtenerProcedimientos [36m304[0m 81.321 ms - -[0m
2022-06-07 14:13:02 info: [0mGET /api/causas/obtenerCausas [32m201[0m 82.564 ms - -[0m
2022-06-07 14:13:02 info: [0mGET /api/servicios/obtenerTipoServicios [36m304[0m 75.431 ms - -[0m
2022-06-07 14:13:02 info: [0mGET /api/servicios/obtenerProcedimientos [36m304[0m 81.894 ms - -[0m
2022-06-07 14:13:02 info: [0mGET /api/causas/obtenerCausas [32m201[0m 77.942 ms - -[0m
2022-06-07 14:13:03 info: [0mGET /api/servicios/obtenerTipoServicios [36m304[0m 80.176 ms - -[0m
2022-06-07 14:13:03 info: [0mGET /api/servicios/obtenerProcedimientos [36m304[0m 70.766 ms - -[0m
2022-06-07 14:13:03 info: [0mGET /api/causas/obtenerCausas [32m201[0m 81.710 ms - -[0m
2022-06-07 14:13:03 info: [0mGET /api/servicios/obtenerTipoServicios [36m304[0m 77.465 ms - -[0m
2022-06-07 14:13:03 info: [0mGET /api/servicios/obtenerProcedimientos [36m304[0m 74.185 ms - -[0m
2022-06-07 14:13:05 info: [0mGET /api/servicios/obtenerProcedimientos [36m304[0m 79.921 ms - -[0m
2022-06-07 14:13:05 info: [0mGET /api/causas/obtenerCausas [32m201[0m 82.581 ms - -[0m
2022-06-07 14:13:05 info: [0mGET /api/servicios/obtenerTipoServicios [36m304[0m 84.633 ms - -[0m
2022-06-07 14:16:42 info: [0mGET /api/users/getUsers [36m304[0m 150.428 ms - -[0m
2022-06-07 14:16:44 info: [0mGET /api/clients/getAllClients [36m304[0m 79.405 ms - -[0m
2022-06-07 14:16:46 info: [0mGET /api/users/getVendedores [36m304[0m 77.905 ms - -[0m
