2022-10-01 01:40:41 info: [0mGET /api/clients/getClients [36m304[0m 332.726 ms - -[0m
2022-10-01 01:40:50 info: =================================
2022-10-01 01:40:50 info: ======= ENV: development =======
2022-10-01 01:40:50 info: 🚀 App listening on the port 5103
2022-10-01 01:40:50 info: =================================
2022-10-01 01:40:57 info: [0mPOST /api/logout [32m200[0m 124.540 ms - 403[0m
2022-10-01 01:41:17 info: [0mPOST /api/login [32m200[0m 145.378 ms - 585[0m
2022-10-01 01:41:19 info: [0mGET /api/clients/getClients [32m200[0m 291.722 ms - -[0m
2022-10-01 01:41:21 info: [0mGET /api/orders/getWorkOrders [32m201[0m 251.631 ms - -[0m
2022-10-01 01:54:42 info: =================================
2022-10-01 01:54:42 info: ======= ENV: development =======
2022-10-01 01:54:42 info: 🚀 App listening on the port 5103
2022-10-01 01:54:42 info: =================================
2022-10-01 01:55:15 info: =================================
2022-10-01 01:55:15 info: ======= ENV: development =======
2022-10-01 01:55:15 info: 🚀 App listening on the port 5103
2022-10-01 01:55:15 info: =================================
2022-10-01 01:55:36 info: =================================
2022-10-01 01:55:36 info: ======= ENV: development =======
2022-10-01 01:55:36 info: 🚀 App listening on the port 5103
2022-10-01 01:55:36 info: =================================
2022-10-01 01:56:57 info: =================================
2022-10-01 01:56:57 info: ======= ENV: development =======
2022-10-01 01:56:57 info: 🚀 App listening on the port 5103
2022-10-01 01:56:57 info: =================================
2022-10-01 02:09:28 info: =================================
2022-10-01 02:09:28 info: ======= ENV: development =======
2022-10-01 02:09:28 info: 🚀 App listening on the port 5103
2022-10-01 02:09:28 info: =================================
