2022-10-20 10:40:02 info: =================================
2022-10-20 10:40:02 info: ======= ENV: development =======
2022-10-20 10:40:02 info: 🚀 App listening on the port 5110
2022-10-20 10:40:02 info: =================================
2022-10-20 10:55:47 error: [POST] /api/login >> StatusCode:: 409, Message:: Email gonzalo.orellana@tesso.cl no encontrado
2022-10-20 10:55:48 info: [0mPOST /api/login [33m409[0m 123.830 ms - 59[0m
2022-10-20 10:56:18 error: [POST] /api/login >> StatusCode:: 409, Message:: Email gonzalo.orellana@tesso.cl no encontrado
2022-10-20 10:56:18 info: [0mPOST /api/login [33m409[0m 74.101 ms - 59[0m
2022-10-20 11:10:15 info: =================================
2022-10-20 11:10:15 info: ======= ENV: development =======
2022-10-20 11:10:15 info: 🚀 App listening on the port 5110
2022-10-20 11:10:15 info: =================================
2022-10-20 11:18:59 info: =================================
2022-10-20 11:18:59 info: ======= ENV: development =======
2022-10-20 11:18:59 info: 🚀 App listening on the port 5110
2022-10-20 11:18:59 info: =================================
2022-10-20 11:22:06 info: =================================
2022-10-20 11:22:06 info: ======= ENV: development =======
2022-10-20 11:22:06 info: 🚀 App listening on the port 5110
2022-10-20 11:22:06 info: =================================
2022-10-20 11:22:24 info: =================================
2022-10-20 11:22:24 info: ======= ENV: development =======
2022-10-20 11:22:24 info: 🚀 App listening on the port 5110
2022-10-20 11:22:24 info: =================================
2022-10-20 11:22:50 info: =================================
2022-10-20 11:22:50 info: ======= ENV: development =======
2022-10-20 11:22:50 info: 🚀 App listening on the port 5110
2022-10-20 11:22:50 info: =================================
2022-10-20 11:24:05 info: =================================
2022-10-20 11:24:05 info: ======= ENV: development =======
2022-10-20 11:24:05 info: 🚀 App listening on the port 5110
2022-10-20 11:24:05 info: =================================
2022-10-20 11:27:35 info: =================================
2022-10-20 11:27:35 info: ======= ENV: development =======
2022-10-20 11:27:35 info: 🚀 App listening on the port 5110
2022-10-20 11:27:35 info: =================================
