2022-09-14 09:40:38 info: =================================
2022-09-14 09:40:38 info: ======= ENV: development =======
2022-09-14 09:40:38 info: 🚀 App listening on the port 5103
2022-09-14 09:40:38 info: =================================
2022-09-14 09:43:25 info: [0mGET /api/clients/getClients [32m200[0m 176.706 ms - -[0m
2022-09-14 09:43:34 info: [0mGET /api/clients/getClients [36m304[0m 156.820 ms - -[0m
2022-09-14 09:43:36 error: [POST] /api/users/getUserById >> StatusCode:: 404, Message:: Ususario no encontrado
2022-09-14 09:43:36 info: [0mPOST /api/users/getUserById [33m404[0m 194.895 ms - 36[0m
2022-09-14 09:43:42 info: [0mPOST /api/logout [32m200[0m 76.380 ms - 403[0m
2022-09-14 09:44:15 info: [0mPOST /api/login [32m200[0m 139.072 ms - 585[0m
2022-09-14 09:44:16 info: [0mGET /api/clients/getClients [36m304[0m 146.301 ms - -[0m
2022-09-14 09:44:18 info: [0mGET /api/clients/getClients [36m304[0m 155.546 ms - -[0m
2022-09-14 09:46:01 info: [0mGET /api/clients/getClients [36m304[0m 155.672 ms - -[0m
2022-09-14 09:46:04 info: [0mGET /api/clients/getClients [36m304[0m 156.135 ms - -[0m
2022-09-14 09:46:44 info: [0mGET /api/clients/getClients [36m304[0m 154.515 ms - -[0m
2022-09-14 09:46:49 info: [0mGET /api/clients/getClients [36m304[0m 151.283 ms - -[0m
2022-09-14 09:46:50 info: [0mGET /api/clients/getClients [36m304[0m 153.209 ms - -[0m
2022-09-14 09:48:45 info: [0mGET /api/clients/getClients [36m304[0m 148.528 ms - -[0m
2022-09-14 09:48:45 info: [0mGET /api/users/getUsers [36m304[0m 144.883 ms - -[0m
2022-09-14 09:48:59 info: [0mGET /api/clients/getClients [36m304[0m 148.990 ms - -[0m
2022-09-14 09:49:04 info: [0mGET /api/users/getUsers [36m304[0m 153.178 ms - -[0m
2022-09-14 10:10:53 info: [0mGET /api/clients/getClients [36m304[0m 149.761 ms - -[0m
2022-09-14 11:23:31 info: [0mGET /api/orders/getWorkOrders [32m201[0m 157.103 ms - 40[0m
2022-09-14 11:43:21 info: [0mGET /api/orders/getWorkOrders [32m201[0m 172.221 ms - 40[0m
2022-09-14 11:43:24 info: [0mGET /api/orders/getWorkOrders [32m201[0m 148.936 ms - 40[0m
2022-09-14 12:43:53 info: [0mGET /api/clients/getClients [36m304[0m 703.989 ms - -[0m
2022-09-14 12:44:44 info: [0mGET /api/clients/getClients [36m304[0m 157.114 ms - -[0m
2022-09-14 12:45:06 info: [0mGET /api/clients/getClients [36m304[0m 153.976 ms - -[0m
2022-09-14 12:45:47 info: [0mGET /api/clients/getClients [36m304[0m 176.943 ms - -[0m
2022-09-14 12:56:45 info: [0mGET /api/clients/getClients [36m304[0m 150.869 ms - -[0m
2022-09-14 13:02:02 info: [0mGET /api/clients/getClients [36m304[0m 150.471 ms - -[0m
2022-09-14 13:02:41 info: [0mGET /api/clients/getClients [36m304[0m 150.304 ms - -[0m
2022-09-14 13:04:04 info: [0mGET /api/clients/getClients [36m304[0m 152.733 ms - -[0m
2022-09-14 13:04:32 info: [0mGET /api/clients/getClients [36m304[0m 150.244 ms - -[0m
2022-09-14 13:04:44 info: [0mGET /api/clients/getClients [36m304[0m 150.703 ms - -[0m
2022-09-14 13:04:58 info: [0mGET /api/orders/getWorkOrders [32m201[0m 155.286 ms - 40[0m
2022-09-14 13:05:00 info: [0mGET /api/clients/getClients [36m304[0m 153.498 ms - -[0m
2022-09-14 13:05:03 info: [0mGET /api/clients/getClients [32m200[0m 153.964 ms - -[0m
2022-09-14 13:05:05 info: [0mGET /api/orders/getWorkOrders [32m201[0m 152.129 ms - 40[0m
2022-09-14 13:05:06 info: [0mGET /api/clients/getClients [36m304[0m 147.754 ms - -[0m
2022-09-14 13:05:25 info: [0mGET /api/clients/getClients [36m304[0m 160.354 ms - -[0m
2022-09-14 13:05:30 info: [0mGET /api/clients/getClients [32m200[0m 167.332 ms - -[0m
2022-09-14 13:05:48 info: [0mGET /api/clients/getClients [36m304[0m 155.095 ms - -[0m
2022-09-14 13:06:18 info: [0mGET /api/clients/getClients [36m304[0m 151.733 ms - -[0m
2022-09-14 13:06:29 info: [0mGET /api/clients/getClients [36m304[0m 154.800 ms - -[0m
2022-09-14 13:06:42 info: [0mGET /api/clients/getClients [36m304[0m 155.563 ms - -[0m
2022-09-14 13:07:10 info: [0mGET /api/clients/getClients [36m304[0m 150.318 ms - -[0m
2022-09-14 13:07:46 info: [0mGET /api/clients/getClients [36m304[0m 158.119 ms - -[0m
2022-09-14 13:09:17 info: [0mGET /api/clients/getClients [36m304[0m 152.236 ms - -[0m
2022-09-14 13:09:53 info: [0mGET /api/clients/getClients [36m304[0m 150.690 ms - -[0m
2022-09-14 13:10:12 info: [0mGET /api/clients/getClients [36m304[0m 150.814 ms - -[0m
2022-09-14 13:10:33 info: [0mGET /api/clients/getClients [36m304[0m 149.783 ms - -[0m
2022-09-14 13:12:44 info: [0mGET /api/clients/getClients [36m304[0m 161.875 ms - -[0m
2022-09-14 13:13:34 info: [0mGET /api/clients/getClients [36m304[0m 153.996 ms - -[0m
2022-09-14 13:13:52 info: [0mGET /api/clients/getClients [36m304[0m 154.384 ms - -[0m
2022-09-14 13:14:12 info: [0mGET /api/clients/getClients [36m304[0m 153.537 ms - -[0m
2022-09-14 13:14:25 info: [0mGET /api/clients/getClients [36m304[0m 152.113 ms - -[0m
2022-09-14 13:14:51 info: [0mGET /api/clients/getClients [36m304[0m 156.992 ms - -[0m
2022-09-14 13:17:14 info: [0mGET /api/clients/getClients [36m304[0m 154.670 ms - -[0m
2022-09-14 13:33:03 info: [0mGET /api/clients/getClients [36m304[0m 157.594 ms - -[0m
2022-09-14 13:33:22 info: [0mGET /api/clients/getClients [36m304[0m 148.177 ms - -[0m
2022-09-14 13:33:47 info: [0mGET /api/clients/getClients [36m304[0m 152.067 ms - -[0m
2022-09-14 13:34:12 info: [0mGET /api/clients/getClients [36m304[0m 171.977 ms - -[0m
2022-09-14 13:34:25 info: [0mGET /api/clients/getClients [36m304[0m 157.821 ms - -[0m
2022-09-14 13:34:44 info: [0mGET /api/clients/getClients [32m200[0m 166.230 ms - -[0m
2022-09-14 13:35:06 info: [0mGET /api/clients/getClients [36m304[0m 152.603 ms - -[0m
2022-09-14 13:35:11 info: [0mGET /api/clients/getClients [32m200[0m 162.861 ms - -[0m
2022-09-14 13:35:33 info: [0mGET /api/clients/getClients [36m304[0m 155.424 ms - -[0m
2022-09-14 13:35:40 info: [0mGET /api/clients/getClients [32m200[0m 154.722 ms - -[0m
2022-09-14 13:36:23 info: [0mGET /api/clients/getClients [36m304[0m 147.042 ms - -[0m
2022-09-14 13:36:26 info: [0mGET /api/clients/getClients [32m200[0m 167.722 ms - -[0m
2022-09-14 13:36:27 info: [0mGET /api/orders/getWorkOrders [32m201[0m 141.555 ms - 40[0m
2022-09-14 13:36:29 info: [0mGET /api/orders/getWorkOrders [32m201[0m 151.129 ms - 40[0m
2022-09-14 13:36:31 info: [0mGET /api/clients/getClients [36m304[0m 154.474 ms - -[0m
2022-09-14 13:36:48 info: [0mGET /api/clients/getClients [36m304[0m 154.150 ms - -[0m
2022-09-14 13:37:14 info: [0mGET /api/clients/getClients [36m304[0m 159.539 ms - -[0m
2022-09-14 13:37:25 info: [0mGET /api/clients/getClients [36m304[0m 152.539 ms - -[0m
2022-09-14 13:37:33 info: [0mGET /api/clients/getClients [36m304[0m 154.645 ms - -[0m
2022-09-14 13:37:37 info: [0mGET /api/clients/getClients [36m304[0m 151.214 ms - -[0m
2022-09-14 13:37:40 info: [0mGET /api/clients/getClients [36m304[0m 151.574 ms - -[0m
2022-09-14 13:37:45 info: [0mGET /api/clients/getClients [36m304[0m 158.562 ms - -[0m
2022-09-14 13:38:09 info: [0mGET /api/clients/getClients [36m304[0m 154.359 ms - -[0m
2022-09-14 13:38:19 info: [0mGET /api/clients/getClients [36m304[0m 153.162 ms - -[0m
2022-09-14 13:38:33 info: [0mGET /api/clients/getClients [36m304[0m 151.321 ms - -[0m
2022-09-14 13:38:41 info: [0mGET /api/clients/getClients [36m304[0m 169.434 ms - -[0m
2022-09-14 13:39:03 info: [0mGET /api/clients/getClients [36m304[0m 151.718 ms - -[0m
2022-09-14 13:39:14 info: [0mGET /api/clients/getClients [36m304[0m 150.547 ms - -[0m
2022-09-14 13:44:04 info: [0mGET /api/clients/getClients [36m304[0m 152.461 ms - -[0m
2022-09-14 13:44:13 info: [0mGET /api/clients/getClients [32m200[0m 150.149 ms - -[0m
2022-09-14 13:44:36 info: [0mGET /api/clients/getClients [36m304[0m 158.826 ms - -[0m
2022-09-14 13:45:16 info: [0mGET /api/clients/getClients [36m304[0m 152.372 ms - -[0m
2022-09-14 13:45:38 info: [0mGET /api/clients/getClients [36m304[0m 151.738 ms - -[0m
2022-09-14 13:46:02 info: [0mGET /api/clients/getClients [36m304[0m 149.528 ms - -[0m
2022-09-14 13:48:59 info: [0mGET /api/clients/getClients [36m304[0m 150.422 ms - -[0m
2022-09-14 13:56:00 info: [0mGET /api/clients/getClients [36m304[0m 145.195 ms - -[0m
2022-09-14 14:43:24 info: [0mGET /api/clients/getClients [36m304[0m 152.436 ms - -[0m
2022-09-14 14:48:01 info: [0mGET /api/clients/getClients [36m304[0m 153.604 ms - -[0m
2022-09-14 14:49:00 info: [0mGET /api/clients/getClients [36m304[0m 168.641 ms - -[0m
2022-09-14 14:49:56 info: [0mGET /api/clients/getClients [36m304[0m 168.477 ms - -[0m
2022-09-14 14:50:31 info: [0mGET /api/clients/getClients [36m304[0m 157.447 ms - -[0m
2022-09-14 14:52:00 info: [0mGET /api/clients/getClients [36m304[0m 148.336 ms - -[0m
2022-09-14 14:53:59 info: [0mGET /api/clients/getClients [36m304[0m 168.638 ms - -[0m
2022-09-14 14:54:05 info: [0mGET /api/clients/getClients [32m200[0m 153.001 ms - -[0m
2022-09-14 14:54:48 info: [0mGET /api/clients/getClients [36m304[0m 155.539 ms - -[0m
2022-09-14 14:54:55 info: [0mGET /api/clients/getClients [36m304[0m 164.202 ms - -[0m
2022-09-14 14:58:18 info: [0mGET /api/clients/getClients [36m304[0m 155.870 ms - -[0m
2022-09-14 15:00:15 info: [0mGET /api/clients/getClients [36m304[0m 161.773 ms - -[0m
2022-09-14 15:03:51 info: [0mGET /api/clients/getClients [36m304[0m 156.251 ms - -[0m
2022-09-14 15:04:28 info: [0mGET /api/clients/getClients [36m304[0m 153.428 ms - -[0m
2022-09-14 15:04:41 info: [0mGET /api/clients/getClients [36m304[0m 158.534 ms - -[0m
2022-09-14 15:04:43 info: [0mGET /api/orders/getWorkOrders [32m201[0m 154.104 ms - 40[0m
2022-09-14 15:04:50 info: [0mGET /api/orders/getWorkOrders [32m201[0m 148.534 ms - 40[0m
2022-09-14 15:04:51 info: [0mGET /api/clients/getClients [36m304[0m 168.146 ms - -[0m
2022-09-14 15:06:04 info: [0mGET /api/clients/getClients [36m304[0m 164.008 ms - -[0m
2022-09-14 15:07:01 info: [0mGET /api/clients/getClients [36m304[0m 153.229 ms - -[0m
2022-09-14 15:07:14 info: [0mGET /api/clients/getClients [36m304[0m 149.948 ms - -[0m
2022-09-14 15:11:09 info: [0mGET /api/clients/getClients [36m304[0m 149.415 ms - -[0m
2022-09-14 15:11:15 info: [0mGET /api/orders/getWorkOrders [32m201[0m 160.759 ms - 40[0m
2022-09-14 15:11:16 info: [0mGET /api/clients/getClients [36m304[0m 166.776 ms - -[0m
2022-09-14 15:11:40 info: [0mGET /api/clients/getClients [36m304[0m 155.709 ms - -[0m
2022-09-14 15:12:46 info: [0mGET /api/clients/getClients [36m304[0m 158.123 ms - -[0m
2022-09-14 15:17:48 info: [0mGET /api/clients/getClients [36m304[0m 159.622 ms - -[0m
2022-09-14 15:20:24 info: [0mGET /api/clients/getClients [36m304[0m 156.411 ms - -[0m
2022-09-14 15:21:59 info: [0mGET /api/clients/getClients [36m304[0m 156.206 ms - -[0m
2022-09-14 15:28:55 info: [0mGET /api/clients/getClients [36m304[0m 159.840 ms - -[0m
2022-09-14 15:28:55 info: [0mGET /api/clients/getClients [36m304[0m 154.434 ms - -[0m
2022-09-14 15:41:19 info: [0mGET /api/clients/getClients [36m304[0m 154.461 ms - -[0m
2022-09-14 15:46:27 info: =================================
2022-09-14 15:46:27 info: ======= ENV: development =======
2022-09-14 15:46:27 info: 🚀 App listening on the port 5103
2022-09-14 15:46:27 info: =================================
2022-09-14 15:47:06 info: [0mGET /api/orders/getWorkOrders [32m201[0m 163.635 ms - 40[0m
2022-09-14 15:47:09 info: [0mGET /api/orders/getWorkOrders [32m201[0m 147.928 ms - 40[0m
2022-09-14 15:47:15 info: [0mGET /api/clients/getClients [32m200[0m 162.029 ms - -[0m
2022-09-14 15:47:15 info: [0mGET /api/orders/getNumberWorkOrders [32m201[0m 154.188 ms - 49[0m
2022-09-14 15:47:57 info: [0mGET /api/clients/getClients [36m304[0m 162.191 ms - -[0m
2022-09-14 15:47:57 info: [0mGET /api/orders/getNumberWorkOrders [32m201[0m 155.248 ms - 49[0m
2022-09-14 15:48:07 info: [0mGET /api/clients/getClients [36m304[0m 157.891 ms - -[0m
2022-09-14 15:48:07 info: [0mGET /api/orders/getNumberWorkOrders [32m201[0m 146.673 ms - 49[0m
2022-09-14 15:48:24 info: [0mGET /api/clients/getClients [36m304[0m 160.722 ms - -[0m
2022-09-14 15:48:25 info: [0mGET /api/orders/getNumberWorkOrders [32m201[0m 150.508 ms - 49[0m
2022-09-14 15:49:06 info: [0mGET /api/clients/getClients [36m304[0m 152.699 ms - -[0m
2022-09-14 15:49:06 info: [0mGET /api/orders/getNumberWorkOrders [32m201[0m 159.763 ms - 49[0m
2022-09-14 15:49:22 info: [0mGET /api/clients/getClients [36m304[0m 162.112 ms - -[0m
2022-09-14 15:49:24 info: [0mGET /api/users/getUsers [36m304[0m 157.511 ms - -[0m
2022-09-14 15:49:27 info: [0mPOST /api/users/getUserById [32m200[0m 206.213 ms - 364[0m
2022-09-14 15:51:30 info: [0mPOST /api/users/getUserById [32m200[0m 156.114 ms - 364[0m
2022-09-14 15:53:06 info: [0mGET /api/clients/getClients [36m304[0m 149.312 ms - -[0m
2022-09-14 15:53:07 info: [0mGET /api/orders/getNumberWorkOrders [32m201[0m 147.960 ms - 49[0m
2022-09-14 15:59:42 info: [0mGET /api/clients/getClients [36m304[0m 155.046 ms - -[0m
2022-09-14 15:59:43 info: [0mGET /api/orders/getNumberWorkOrders [32m201[0m 154.169 ms - 49[0m
2022-09-14 16:06:37 info: [0mGET /api/clients/getClients [36m304[0m 152.844 ms - -[0m
2022-09-14 16:06:37 info: [0mGET /api/orders/getNumberWorkOrders [32m201[0m 153.504 ms - 49[0m
2022-09-14 16:08:42 info: [0mGET /api/clients/getClients [36m304[0m 154.940 ms - -[0m
2022-09-14 16:08:43 info: [0mGET /api/orders/getNumberWorkOrders [32m201[0m 148.818 ms - 49[0m
2022-09-14 16:08:53 info: [0mGET /api/clients/getClients [36m304[0m 157.167 ms - -[0m
2022-09-14 16:08:53 info: [0mGET /api/orders/getNumberWorkOrders [32m201[0m 168.293 ms - 49[0m
2022-09-14 16:09:18 info: [0mGET /api/clients/getClients [36m304[0m 152.371 ms - -[0m
2022-09-14 16:09:18 info: [0mGET /api/orders/getNumberWorkOrders [32m201[0m 149.135 ms - 49[0m
2022-09-14 16:09:27 info: [0mGET /api/clients/getClients [36m304[0m 151.312 ms - -[0m
2022-09-14 16:09:28 info: [0mGET /api/orders/getNumberWorkOrders [32m201[0m 160.016 ms - 49[0m
2022-09-14 16:10:07 info: [0mGET /api/clients/getClients [36m304[0m 152.751 ms - -[0m
2022-09-14 16:10:07 info: [0mGET /api/orders/getNumberWorkOrders [32m201[0m 161.714 ms - 49[0m
2022-09-14 16:10:22 info: [0mGET /api/clients/getClients [36m304[0m 170.128 ms - -[0m
2022-09-14 16:10:23 info: [0mGET /api/orders/getNumberWorkOrders [32m201[0m 147.828 ms - 49[0m
2022-09-14 16:10:29 info: [0mGET /api/clients/getClients [36m304[0m 153.814 ms - -[0m
2022-09-14 16:10:29 info: [0mGET /api/orders/getNumberWorkOrders [32m201[0m 151.280 ms - 49[0m
2022-09-14 16:10:33 info: [0mGET /api/clients/getClients [32m200[0m 157.898 ms - -[0m
2022-09-14 16:10:33 info: [0mGET /api/orders/getNumberWorkOrders [32m201[0m 149.905 ms - 49[0m
2022-09-14 16:11:03 info: [0mGET /api/clients/getClients [36m304[0m 155.583 ms - -[0m
2022-09-14 16:11:04 info: [0mGET /api/orders/getNumberWorkOrders [32m201[0m 176.715 ms - 49[0m
2022-09-14 16:11:29 info: [0mGET /api/clients/getClients [36m304[0m 167.772 ms - -[0m
2022-09-14 16:11:29 info: [0mGET /api/orders/getNumberWorkOrders [32m201[0m 182.216 ms - 49[0m
2022-09-14 16:11:34 info: [0mGET /api/clients/getClients [36m304[0m 152.632 ms - -[0m
2022-09-14 16:11:34 info: [0mGET /api/orders/getNumberWorkOrders [32m201[0m 165.379 ms - 49[0m
2022-09-14 16:12:01 info: [0mGET /api/clients/getClients [36m304[0m 161.574 ms - -[0m
2022-09-14 16:12:01 info: [0mGET /api/orders/getNumberWorkOrders [32m201[0m 152.447 ms - 49[0m
2022-09-14 16:12:06 info: [0mGET /api/clients/getClients [32m200[0m 153.896 ms - -[0m
2022-09-14 16:12:06 info: [0mGET /api/orders/getNumberWorkOrders [32m201[0m 149.569 ms - 49[0m
2022-09-14 16:12:32 info: [0mGET /api/clients/getClients [36m304[0m 159.890 ms - -[0m
2022-09-14 16:12:33 info: [0mGET /api/orders/getNumberWorkOrders [32m201[0m 156.058 ms - 49[0m
2022-09-14 16:12:52 info: [0mGET /api/clients/getClients [36m304[0m 168.607 ms - -[0m
2022-09-14 16:12:53 info: [0mGET /api/orders/getNumberWorkOrders [32m201[0m 153.532 ms - 49[0m
2022-09-14 16:13:11 info: [0mGET /api/clients/getClients [36m304[0m 154.266 ms - -[0m
2022-09-14 16:13:12 info: [0mGET /api/orders/getNumberWorkOrders [32m201[0m 154.410 ms - 49[0m
2022-09-14 16:13:21 info: [0mGET /api/clients/getClients [36m304[0m 159.159 ms - -[0m
2022-09-14 16:13:21 info: [0mGET /api/orders/getNumberWorkOrders [32m201[0m 144.220 ms - 49[0m
2022-09-14 16:14:06 info: [0mGET /api/clients/getClients [36m304[0m 161.283 ms - -[0m
2022-09-14 16:14:07 info: [0mGET /api/orders/getNumberWorkOrders [32m201[0m 145.397 ms - 49[0m
2022-09-14 16:14:36 info: [0mGET /api/clients/getClients [36m304[0m 176.032 ms - -[0m
2022-09-14 16:14:36 info: [0mGET /api/orders/getNumberWorkOrders [32m201[0m 151.565 ms - 49[0m
2022-09-14 16:14:47 info: [0mGET /api/clients/getClients [36m304[0m 158.190 ms - -[0m
2022-09-14 16:14:47 info: [0mGET /api/orders/getNumberWorkOrders [32m201[0m 149.969 ms - 49[0m
2022-09-14 16:15:58 info: [0mGET /api/clients/getClients [36m304[0m 154.339 ms - -[0m
2022-09-14 16:15:59 info: [0mGET /api/orders/getNumberWorkOrders [32m201[0m 144.652 ms - 49[0m
2022-09-14 16:16:15 info: [0mGET /api/clients/getClients [36m304[0m 156.179 ms - -[0m
2022-09-14 16:16:15 info: [0mGET /api/orders/getNumberWorkOrders [32m201[0m 154.403 ms - 49[0m
2022-09-14 16:16:23 info: [0mGET /api/clients/getClients [36m304[0m 168.742 ms - -[0m
2022-09-14 16:16:24 info: [0mGET /api/orders/getNumberWorkOrders [32m201[0m 153.594 ms - 49[0m
2022-09-14 16:16:40 info: [0mGET /api/clients/getClients [36m304[0m 159.062 ms - -[0m
2022-09-14 16:16:41 info: [0mGET /api/orders/getNumberWorkOrders [32m201[0m 151.696 ms - 49[0m
2022-09-14 16:16:45 info: [0mGET /api/clients/getClients [36m304[0m 159.510 ms - -[0m
2022-09-14 16:16:45 info: [0mGET /api/orders/getNumberWorkOrders [32m201[0m 151.957 ms - 49[0m
2022-09-14 16:16:51 info: [0mGET /api/clients/getClients [36m304[0m 150.889 ms - -[0m
2022-09-14 16:16:51 info: [0mGET /api/orders/getNumberWorkOrders [32m201[0m 153.964 ms - 49[0m
2022-09-14 16:17:05 info: [0mGET /api/clients/getClients [36m304[0m 155.509 ms - -[0m
2022-09-14 16:17:05 info: [0mGET /api/orders/getNumberWorkOrders [32m201[0m 154.705 ms - 49[0m
2022-09-14 16:17:11 info: [0mGET /api/clients/getClients [32m200[0m 152.812 ms - -[0m
2022-09-14 16:17:11 info: [0mGET /api/orders/getNumberWorkOrders [32m201[0m 149.567 ms - 49[0m
2022-09-14 16:26:23 info: [0mGET /api/clients/getClients [36m304[0m 168.211 ms - -[0m
2022-09-14 16:26:24 info: [0mGET /api/orders/getNumberWorkOrders [32m201[0m 147.114 ms - 49[0m
2022-09-14 16:29:51 info: [0mGET /api/clients/getClients [36m304[0m 153.022 ms - -[0m
2022-09-14 16:29:52 info: [0mGET /api/orders/getNumberWorkOrders [32m201[0m 188.680 ms - 49[0m
2022-09-14 16:29:53 info: [0mGET /api/orders/getWorkOrders [32m201[0m 145.290 ms - 40[0m
2022-09-14 16:29:55 info: [0mGET /api/clients/getClients [36m304[0m 152.324 ms - -[0m
2022-09-14 16:29:56 info: [0mGET /api/users/getUsers [36m304[0m 159.685 ms - -[0m
2022-09-14 16:32:29 info: =================================
2022-09-14 16:32:29 info: ======= ENV: development =======
2022-09-14 16:32:29 info: 🚀 App listening on the port 5103
2022-09-14 16:32:29 info: =================================
2022-09-14 16:44:34 info: [0mPOST /api/users/getUserById [32m200[0m 189.621 ms - 364[0m
2022-09-14 16:44:39 info: [0mPOST /api/users/editUser [32m200[0m 167.538 ms - 438[0m
2022-09-14 16:44:40 info: [0mGET /api/users/getUsers [32m200[0m 164.422 ms - -[0m
2022-09-14 16:44:44 info: [0mPOST /api/users/getUserById [32m200[0m 151.339 ms - 364[0m
2022-09-14 16:45:46 info: =================================
2022-09-14 16:45:46 info: ======= ENV: development =======
2022-09-14 16:45:46 info: 🚀 App listening on the port 5103
2022-09-14 16:45:46 info: =================================
2022-09-14 16:45:58 info: [0mGET /api/users/getUsers [32m200[0m 170.359 ms - -[0m
2022-09-14 16:46:00 info: [0mPOST /api/users/getUserById [32m200[0m 191.746 ms - 364[0m
2022-09-14 16:46:04 info: [0mPOST /api/users/editUser [32m200[0m 175.193 ms - 438[0m
2022-09-14 16:46:05 info: [0mGET /api/users/getUsers [32m200[0m 149.099 ms - -[0m
2022-09-14 16:46:05 info: [0mGET /api/users/getUsers [36m304[0m 158.682 ms - -[0m
2022-09-14 16:46:06 info: [0mGET /api/users/getUsers [36m304[0m 157.705 ms - -[0m
2022-09-14 16:46:07 info: [0mPOST /api/users/getUserById [32m200[0m 154.870 ms - 364[0m
2022-09-14 16:47:29 info: =================================
2022-09-14 16:47:29 info: ======= ENV: development =======
2022-09-14 16:47:29 info: 🚀 App listening on the port 5103
2022-09-14 16:47:29 info: =================================
2022-09-14 16:47:32 info: [0mPOST /api/users/getUserById [32m200[0m 186.506 ms - 364[0m
2022-09-14 16:47:37 info: [0mPOST /api/users/editUser [32m200[0m 166.760 ms - 438[0m
2022-09-14 16:47:38 info: [0mGET /api/users/getUsers [32m200[0m 157.623 ms - -[0m
2022-09-14 16:47:38 info: [0mGET /api/users/getUsers [36m304[0m 156.198 ms - -[0m
2022-09-14 16:47:39 info: [0mGET /api/users/getUsers [36m304[0m 151.727 ms - -[0m
2022-09-14 16:47:40 info: [0mPOST /api/users/getUserById [32m200[0m 147.385 ms - 376[0m
2022-09-14 16:47:44 info: [0mPOST /api/users/getUserById [32m200[0m 157.035 ms - 362[0m
2022-09-14 16:47:49 info: [0mPOST /api/users/editUser [32m200[0m 168.306 ms - 436[0m
2022-09-14 16:47:50 info: [0mGET /api/users/getUsers [32m200[0m 165.323 ms - -[0m
2022-09-14 16:47:50 info: [0mGET /api/users/getUsers [36m304[0m 151.387 ms - -[0m
2022-09-14 16:47:51 info: [0mGET /api/users/getUsers [36m304[0m 153.058 ms - -[0m
2022-09-14 16:47:53 info: [0mPOST /api/users/getUserById [32m200[0m 153.466 ms - 369[0m
2022-09-14 16:47:57 info: [0mPOST /api/users/editUser [32m200[0m 167.135 ms - 443[0m
2022-09-14 16:47:58 info: [0mGET /api/users/getUsers [32m200[0m 155.134 ms - -[0m
2022-09-14 16:47:58 info: [0mGET /api/users/getUsers [36m304[0m 158.363 ms - -[0m
2022-09-14 16:47:59 info: [0mGET /api/users/getUsers [36m304[0m 149.903 ms - -[0m
2022-09-14 16:49:03 info: [0mGET /api/users/getUsers [36m304[0m 155.283 ms - -[0m
2022-09-14 16:49:54 info: [0mGET /api/users/getUsers [36m304[0m 151.313 ms - -[0m
2022-09-14 16:51:06 info: [0mGET /api/clients/getClients [32m200[0m 170.830 ms - -[0m
2022-09-14 16:51:08 info: [0mGET /api/clients/getClients [36m304[0m 155.092 ms - -[0m
2022-09-14 16:51:15 info: [0mGET /api/clients/getClients [32m200[0m 156.515 ms - -[0m
2022-09-14 16:51:17 info: [0mGET /api/users/getUsers [36m304[0m 149.762 ms - -[0m
2022-09-14 16:51:41 info: [0mGET /api/users/getUsers [36m304[0m 170.988 ms - -[0m
2022-09-14 16:52:02 info: [0mGET /api/users/getUsers [36m304[0m 154.736 ms - -[0m
2022-09-14 16:52:27 info: [0mPOST /api/users/getUserById [32m200[0m 158.661 ms - 376[0m
2022-09-14 16:54:13 info: [0mPOST /api/users/getUserById [32m200[0m 150.297 ms - 376[0m
2022-09-14 16:54:34 info: [0mGET /api/clients/getClients [36m304[0m 152.994 ms - -[0m
2022-09-14 16:55:00 info: [0mGET /api/orders/getWorkOrders [32m201[0m 153.580 ms - 40[0m
2022-09-14 17:46:53 info: =================================
2022-09-14 17:46:53 info: ======= ENV: development =======
2022-09-14 17:46:53 info: 🚀 App listening on the port 5103
2022-09-14 17:46:53 info: =================================
2022-09-14 17:51:32 info: [0mGET /api/clients/getClients [32m200[0m 180.142 ms - -[0m
2022-09-14 17:51:34 info: [0mGET /api/clients/getClients [36m304[0m 152.414 ms - -[0m
2022-09-14 17:51:37 info: [0mGET /api/users/getUsers [36m304[0m 152.868 ms - -[0m
2022-09-14 17:51:40 info: [0mPOST /api/users/getUserById [32m200[0m 194.731 ms - 376[0m
2022-09-14 17:51:43 info: [0mPOST /api/users/getUserById [32m200[0m 150.788 ms - 379[0m
2022-09-14 17:51:47 info: [0mPOST /api/users/getUserById [32m200[0m 153.004 ms - 379[0m
2022-09-14 17:51:49 info: [0mPOST /api/users/editUser [32m200[0m 174.012 ms - 453[0m
2022-09-14 17:51:50 info: [0mGET /api/users/getUsers [32m200[0m 149.369 ms - -[0m
2022-09-14 17:51:58 info: [0mGET /api/clients/getClients [36m304[0m 152.664 ms - -[0m
2022-09-14 17:52:01 info: [0mGET /api/orders/getWorkOrders [32m201[0m 148.418 ms - 40[0m
2022-09-14 17:52:02 info: [0mGET /api/clients/getClients [36m304[0m 151.812 ms - -[0m
2022-09-14 17:52:03 info: [0mGET /api/orders/getNumberWorkOrders [32m201[0m 147.365 ms - 49[0m
2022-09-14 17:57:09 info: [0mGET /api/clients/getClients [36m304[0m 148.150 ms - -[0m
2022-09-14 17:57:10 info: [0mGET /api/orders/getNumberWorkOrders [32m201[0m 143.905 ms - 49[0m
2022-09-14 17:57:47 info: [0mGET /api/clients/getClients [36m304[0m 151.926 ms - -[0m
2022-09-14 17:57:49 info: [0mGET /api/users/getUsers [36m304[0m 148.768 ms - -[0m
2022-09-14 17:57:52 info: [0mPOST /api/users/getUserById [32m200[0m 150.825 ms - 380[0m
2022-09-14 17:58:00 info: [0mPOST /api/users/editUser [32m200[0m 169.129 ms - 454[0m
2022-09-14 17:58:00 info: [0mPOST /api/users/editUser [32m200[0m 154.833 ms - 453[0m
2022-09-14 17:58:12 info: [0mGET /api/users/getUsers [32m200[0m 147.667 ms - -[0m
2022-09-14 17:58:13 info: [0mGET /api/users/getUsers [36m304[0m 152.817 ms - -[0m
2022-09-14 17:58:17 info: [0mGET /api/users/getUsers [36m304[0m 155.312 ms - -[0m
2022-09-14 17:58:19 info: [0mGET /api/users/getUsers [36m304[0m 153.628 ms - -[0m
2022-09-14 17:58:38 info: [0mGET /api/users/getUsers [36m304[0m 152.184 ms - -[0m
2022-09-14 18:13:49 info: [0mPOST /api/users/getUserById [32m200[0m 158.445 ms - 376[0m
2022-09-14 18:16:53 info: [0mGET /api/clients/getClients [36m304[0m 152.421 ms - -[0m
2022-09-14 18:17:13 info: [0mGET /api/users/getUsers [36m304[0m 149.124 ms - -[0m
2022-09-14 18:23:15 info: [0mGET /api/clients/getClients [36m304[0m 151.683 ms - -[0m
2022-09-14 18:23:41 info: [0mGET /api/users/getUsers [36m304[0m 149.260 ms - -[0m
2022-09-14 18:25:00 info: [0mPOST /api/users/getUserById [32m200[0m 154.403 ms - 376[0m
2022-09-14 18:25:25 info: [0mPOST /api/users/editUser [32m200[0m 154.980 ms - 450[0m
2022-09-14 18:25:26 info: [0mPOST /api/users/editUser [32m200[0m 154.001 ms - 450[0m
2022-09-14 18:25:52 info: [0mGET /api/users/getUsers [32m200[0m 149.293 ms - -[0m
2022-09-14 18:26:17 info: [0mGET /api/users/getUsers [36m304[0m 151.314 ms - -[0m
2022-09-14 18:26:18 info: [0mGET /api/clients/getClients [36m304[0m 152.858 ms - -[0m
2022-09-14 18:26:18 info: [0mGET /api/users/getUsers [32m200[0m 154.225 ms - -[0m
2022-09-14 18:26:18 info: [0mGET /api/users/getUsers [32m200[0m 157.439 ms - -[0m
2022-09-14 18:26:18 info: [0mGET /api/users/getUsers [32m200[0m 155.463 ms - -[0m
2022-09-14 18:26:18 info: [0mGET /api/users/getUsers [32m200[0m 150.081 ms - -[0m
2022-09-14 18:26:18 info: [0mGET /api/users/getUsers [32m200[0m 150.014 ms - -[0m
2022-09-14 18:26:18 info: [0mGET /api/users/getUsers [32m200[0m 141.268 ms - -[0m
2022-09-14 18:26:18 info: [0mGET /api/users/getUsers [32m200[0m 164.111 ms - -[0m
2022-09-14 18:26:19 info: [0mGET /api/users/getUsers [32m200[0m 141.606 ms - -[0m
2022-09-14 18:26:34 info: [0mGET /api/users/getUsers [36m304[0m 153.539 ms - -[0m
2022-09-14 18:26:45 info: [0mPOST /api/users/getUserById [32m200[0m 162.072 ms - 372[0m
2022-09-14 18:27:11 info: [0mPOST /api/users/editUser [32m200[0m 156.536 ms - 446[0m
2022-09-14 18:27:37 info: [0mGET /api/users/getUsers [32m200[0m 156.898 ms - -[0m
2022-09-14 18:27:39 info: [0mPOST /api/users/getUserById [32m200[0m 160.576 ms - 379[0m
2022-09-14 18:27:44 info: [0mPOST /api/users/editUser [32m200[0m 156.054 ms - 453[0m
2022-09-14 18:27:44 info: [0mGET /api/users/getUsers [32m200[0m 154.450 ms - -[0m
2022-09-14 18:27:46 info: [0mGET /api/clients/getClients [36m304[0m 152.413 ms - -[0m
2022-09-14 18:32:01 info: =================================
2022-09-14 18:32:01 info: ======= ENV: development =======
2022-09-14 18:32:01 info: 🚀 App listening on the port 5103
2022-09-14 18:32:01 info: =================================
2022-09-14 18:32:11 info: [0mGET /api/clients/getClients [32m200[0m 166.431 ms - -[0m
2022-09-14 18:32:13 info: [0mGET /api/orders/getWorkOrders [32m201[0m 151.062 ms - 40[0m
2022-09-14 18:32:15 info: [0mGET /api/clients/getClients [36m304[0m 158.004 ms - -[0m
2022-09-14 18:32:16 info: [0mGET /api/orders/getNumberWorkOrders [32m201[0m 145.412 ms - 49[0m
2022-09-14 18:32:21 info: [0mGET /api/users/getSupervisores [32m200[0m 156.890 ms - 463[0m
2022-09-14 18:38:04 info: [0mGET /api/clients/getClients [36m304[0m 165.486 ms - -[0m
2022-09-14 18:38:04 info: [0mGET /api/orders/getNumberWorkOrders [32m201[0m 144.986 ms - 49[0m
2022-09-14 18:38:05 info: [0mGET /api/users/getSupervisores [36m304[0m 148.195 ms - -[0m
2022-09-14 18:40:05 info: [0mGET /api/clients/getClients [36m304[0m 145.907 ms - -[0m
2022-09-14 18:40:05 info: [0mGET /api/orders/getNumberWorkOrders [32m201[0m 151.385 ms - 49[0m
2022-09-14 18:40:06 info: [0mGET /api/users/getSupervisores [36m304[0m 155.367 ms - -[0m
2022-09-14 18:40:23 info: [0mGET /api/clients/getClients [36m304[0m 149.692 ms - -[0m
2022-09-14 18:40:24 info: [0mGET /api/orders/getNumberWorkOrders [32m201[0m 150.860 ms - 49[0m
2022-09-14 18:40:24 info: [0mGET /api/users/getSupervisores [36m304[0m 148.005 ms - -[0m
2022-09-14 18:45:47 info: [0mGET /api/clients/getClients [36m304[0m 146.752 ms - -[0m
2022-09-14 18:45:47 info: [0mGET /api/orders/getNumberWorkOrders [32m201[0m 142.501 ms - 49[0m
2022-09-14 18:45:48 info: [0mGET /api/users/getSupervisores [36m304[0m 148.551 ms - -[0m
2022-09-14 18:47:49 info: =================================
2022-09-14 18:47:49 info: ======= ENV: development =======
2022-09-14 18:47:49 info: 🚀 App listening on the port 5103
2022-09-14 18:47:49 info: =================================
2022-09-14 18:48:57 info: [0mGET /api/clients/getClients [32m200[0m 162.824 ms - -[0m
2022-09-14 18:48:57 info: [0mGET /api/orders/getNumberWorkOrders [32m201[0m 154.986 ms - 49[0m
2022-09-14 18:48:58 info: [0mGET /api/users/getSupervisores [36m304[0m 147.048 ms - -[0m
2022-09-14 18:48:58 info: [0mGET /api/users/getOperadores [32m200[0m 17.298 ms - 882[0m
2022-09-14 18:49:46 info: [0mGET /api/clients/getClients [36m304[0m 159.194 ms - -[0m
2022-09-14 18:49:49 info: [0mGET /api/orders/getWorkOrders [32m201[0m 167.211 ms - 40[0m
2022-09-14 18:49:51 info: [0mGET /api/clients/getClients [36m304[0m 150.958 ms - -[0m
2022-09-14 18:49:51 info: [0mGET /api/orders/getNumberWorkOrders [32m201[0m 145.739 ms - 49[0m
2022-09-14 18:49:51 info: [0mGET /api/users/getSupervisores [36m304[0m 151.170 ms - -[0m
2022-09-14 18:49:52 info: [0mGET /api/users/getOperadores [36m304[0m 1.636 ms - -[0m
2022-09-14 18:51:38 info: [0mGET /api/clients/getClients [36m304[0m 155.556 ms - -[0m
2022-09-14 18:51:39 info: [0mGET /api/orders/getNumberWorkOrders [32m201[0m 145.892 ms - 49[0m
2022-09-14 18:51:39 info: [0mGET /api/users/getSupervisores [36m304[0m 148.308 ms - -[0m
2022-09-14 18:51:39 info: [0mGET /api/users/getOperadores [36m304[0m 1.773 ms - -[0m
2022-09-14 18:52:55 info: [0mGET /api/clients/getClients [36m304[0m 158.490 ms - -[0m
2022-09-14 18:52:58 info: [0mGET /api/clients/getClients [32m200[0m 152.541 ms - -[0m
2022-09-14 18:53:02 info: [0mGET /api/orders/getWorkOrders [32m201[0m 150.569 ms - 40[0m
2022-09-14 18:53:03 info: [0mGET /api/clients/getClients [36m304[0m 153.303 ms - -[0m
2022-09-14 18:53:03 info: [0mGET /api/orders/getNumberWorkOrders [32m201[0m 148.955 ms - 49[0m
2022-09-14 18:53:03 info: [0mGET /api/users/getSupervisores [36m304[0m 166.065 ms - -[0m
2022-09-14 18:53:03 info: [0mGET /api/users/getOperadores [36m304[0m 1.450 ms - -[0m
2022-09-14 18:56:37 info: [0mGET /api/clients/getClients [36m304[0m 168.098 ms - -[0m
2022-09-14 18:56:38 info: [0mGET /api/orders/getNumberWorkOrders [32m201[0m 148.266 ms - 49[0m
2022-09-14 18:56:39 info: [0mGET /api/users/getSupervisores [36m304[0m 147.592 ms - -[0m
2022-09-14 18:56:39 info: [0mGET /api/users/getOperadores [36m304[0m 1.433 ms - -[0m
2022-09-14 18:56:58 info: [0mGET /api/clients/getClients [32m200[0m 155.743 ms - -[0m
2022-09-14 18:56:58 info: [0mGET /api/orders/getNumberWorkOrders [32m201[0m 151.249 ms - 49[0m
2022-09-14 18:56:59 info: [0mGET /api/users/getSupervisores [36m304[0m 158.947 ms - -[0m
2022-09-14 18:56:59 info: [0mGET /api/users/getOperadores [36m304[0m 1.867 ms - -[0m
2022-09-14 19:04:04 info: [0mGET /api/clients/getClients [36m304[0m 154.556 ms - -[0m
2022-09-14 19:04:05 info: [0mGET /api/orders/getNumberWorkOrders [32m201[0m 155.230 ms - 49[0m
2022-09-14 19:04:05 info: [0mGET /api/users/getSupervisores [36m304[0m 147.344 ms - -[0m
2022-09-14 19:04:06 info: [0mGET /api/users/getOperadores [36m304[0m 1.480 ms - -[0m
2022-09-14 19:05:02 info: [0mGET /api/clients/getClients [36m304[0m 160.325 ms - -[0m
2022-09-14 19:05:03 info: [0mGET /api/orders/getNumberWorkOrders [32m201[0m 147.642 ms - 49[0m
2022-09-14 19:05:03 info: [0mGET /api/users/getSupervisores [36m304[0m 154.287 ms - -[0m
2022-09-14 19:05:04 info: [0mGET /api/users/getOperadores [36m304[0m 2.242 ms - -[0m
2022-09-14 19:06:22 info: =================================
2022-09-14 19:06:22 info: ======= ENV: development =======
2022-09-14 19:06:22 info: 🚀 App listening on the port 5103
2022-09-14 19:06:22 info: =================================
2022-09-14 19:06:45 info: [0mGET /api/clients/getClients [36m304[0m 180.199 ms - -[0m
2022-09-14 19:06:49 info: [0mGET /api/clients/getClients [36m304[0m 157.572 ms - -[0m
2022-09-14 19:06:52 info: [0mGET /api/orders/getWorkOrders [32m201[0m 149.348 ms - 40[0m
2022-09-14 19:06:54 info: [0mGET /api/clients/getClients [36m304[0m 155.672 ms - -[0m
2022-09-14 19:06:54 info: [0mGET /api/orders/getNumberWorkOrders [32m201[0m 159.340 ms - 49[0m
2022-09-14 19:06:55 info: [0mGET /api/users/getSupervisores [36m304[0m 148.721 ms - -[0m
2022-09-14 19:06:55 info: [0mGET /api/users/getOperadores [32m200[0m 154.081 ms - 882[0m
2022-09-14 19:07:46 info: [0mGET /api/clients/getClients [36m304[0m 150.387 ms - -[0m
2022-09-14 19:07:47 info: [0mGET /api/orders/getNumberWorkOrders [32m201[0m 149.875 ms - 49[0m
2022-09-14 19:07:47 info: [0mGET /api/users/getSupervisores [36m304[0m 148.655 ms - -[0m
2022-09-14 19:07:48 info: [0mGET /api/users/getOperadores [36m304[0m 159.928 ms - -[0m
2022-09-14 19:08:29 info: [0mGET /api/clients/getClients [36m304[0m 154.915 ms - -[0m
2022-09-14 19:08:30 info: [0mGET /api/orders/getNumberWorkOrders [32m201[0m 155.831 ms - 49[0m
2022-09-14 19:08:30 info: [0mGET /api/users/getSupervisores [36m304[0m 154.919 ms - -[0m
2022-09-14 19:08:31 info: [0mGET /api/users/getOperadores [36m304[0m 146.913 ms - -[0m
2022-09-14 19:11:24 info: [0mGET /api/clients/getClients [36m304[0m 155.257 ms - -[0m
2022-09-14 19:11:24 info: [0mGET /api/orders/getNumberWorkOrders [32m201[0m 146.863 ms - 49[0m
2022-09-14 19:11:25 info: [0mGET /api/users/getSupervisores [36m304[0m 146.252 ms - -[0m
2022-09-14 19:11:25 info: [0mGET /api/users/getOperadores [36m304[0m 143.917 ms - -[0m
2022-09-14 19:24:56 info: [0mGET /api/clients/getClients [36m304[0m 149.122 ms - -[0m
2022-09-14 19:24:57 info: [0mGET /api/orders/getNumberWorkOrders [32m201[0m 146.031 ms - 49[0m
2022-09-14 19:24:57 info: [0mGET /api/users/getSupervisores [36m304[0m 149.209 ms - -[0m
2022-09-14 19:24:58 info: [0mGET /api/users/getOperadores [36m304[0m 140.591 ms - -[0m
2022-09-14 19:26:12 info: [0mGET /api/clients/getClients [36m304[0m 155.547 ms - -[0m
2022-09-14 19:26:12 info: [0mGET /api/orders/getNumberWorkOrders [32m201[0m 148.931 ms - 49[0m
2022-09-14 19:26:13 info: [0mGET /api/users/getSupervisores [36m304[0m 155.318 ms - -[0m
2022-09-14 19:26:13 info: [0mGET /api/users/getOperadores [36m304[0m 145.225 ms - -[0m
2022-09-14 19:27:09 info: [0mGET /api/clients/getClients [36m304[0m 156.773 ms - -[0m
2022-09-14 19:27:10 info: [0mGET /api/orders/getNumberWorkOrders [32m201[0m 147.162 ms - 49[0m
2022-09-14 19:27:10 info: [0mGET /api/users/getSupervisores [36m304[0m 154.050 ms - -[0m
2022-09-14 19:27:11 info: [0mGET /api/users/getOperadores [36m304[0m 143.235 ms - -[0m
2022-09-14 19:28:02 info: [0mGET /api/clients/getClients [36m304[0m 150.638 ms - -[0m
2022-09-14 19:28:02 info: [0mGET /api/orders/getNumberWorkOrders [32m201[0m 146.475 ms - 49[0m
2022-09-14 19:28:03 info: [0mGET /api/users/getSupervisores [36m304[0m 145.624 ms - -[0m
2022-09-14 19:28:03 info: [0mGET /api/users/getOperadores [36m304[0m 145.112 ms - -[0m
2022-09-14 19:30:29 info: [0mGET /api/clients/getClients [36m304[0m 148.159 ms - -[0m
2022-09-14 19:30:29 info: [0mGET /api/orders/getNumberWorkOrders [32m201[0m 144.804 ms - 49[0m
2022-09-14 19:30:29 info: [0mGET /api/users/getSupervisores [36m304[0m 141.581 ms - -[0m
2022-09-14 19:30:30 info: [0mGET /api/users/getOperadores [36m304[0m 149.403 ms - -[0m
2022-09-14 19:38:18 info: [0mGET /api/clients/getClients [36m304[0m 150.947 ms - -[0m
2022-09-14 19:38:18 info: [0mGET /api/orders/getNumberWorkOrders [32m201[0m 145.273 ms - 49[0m
2022-09-14 19:38:19 info: [0mGET /api/users/getSupervisores [36m304[0m 150.460 ms - -[0m
2022-09-14 19:38:19 info: [0mGET /api/users/getOperadores [36m304[0m 147.561 ms - -[0m
2022-09-14 19:38:53 info: [0mGET /api/clients/getClients [36m304[0m 151.667 ms - -[0m
2022-09-14 19:38:53 info: [0mGET /api/orders/getNumberWorkOrders [32m201[0m 153.783 ms - 49[0m
2022-09-14 19:38:54 info: [0mGET /api/users/getSupervisores [36m304[0m 148.682 ms - -[0m
2022-09-14 19:38:54 info: [0mGET /api/users/getOperadores [36m304[0m 144.577 ms - -[0m
2022-09-14 19:38:58 info: [0mGET /api/clients/getClients [36m304[0m 160.138 ms - -[0m
2022-09-14 19:38:59 info: [0mGET /api/orders/getNumberWorkOrders [32m201[0m 144.670 ms - 49[0m
2022-09-14 19:38:59 info: [0mGET /api/users/getSupervisores [36m304[0m 145.830 ms - -[0m
2022-09-14 19:39:00 info: [0mGET /api/users/getOperadores [36m304[0m 152.822 ms - -[0m
2022-09-14 19:39:03 info: [0mGET /api/clients/getClients [36m304[0m 153.602 ms - -[0m
2022-09-14 19:39:03 info: [0mGET /api/orders/getNumberWorkOrders [32m201[0m 147.406 ms - 49[0m
2022-09-14 19:39:04 info: [0mGET /api/users/getSupervisores [36m304[0m 145.386 ms - -[0m
2022-09-14 19:39:04 info: [0mGET /api/users/getOperadores [36m304[0m 146.808 ms - -[0m
2022-09-14 20:52:47 info: [0mGET /api/clients/getClients [36m304[0m 160.192 ms - -[0m
2022-09-14 20:52:49 info: [0mGET /api/users/getUsers [32m200[0m 169.738 ms - -[0m
2022-09-14 20:52:51 info: [0mGET /api/orders/getWorkOrders [32m201[0m 149.320 ms - 40[0m
2022-09-14 20:52:56 info: [0mGET /api/orders/getWorkOrders [32m201[0m 147.647 ms - 40[0m
2022-09-14 20:52:59 info: [0mGET /api/clients/getClients [36m304[0m 168.992 ms - -[0m
2022-09-14 20:53:01 info: [0mGET /api/users/getUsers [36m304[0m 154.814 ms - -[0m
2022-09-14 20:53:08 info: [0mGET /api/orders/getWorkOrders [32m201[0m 147.265 ms - 40[0m
2022-09-14 20:57:40 info: [0mGET /api/orders/getWorkOrders [32m201[0m 157.045 ms - 40[0m
2022-09-14 21:28:56 info: [0mGET /api/clients/getClients [36m304[0m 166.926 ms - -[0m
2022-09-14 21:29:00 info: [0mGET /api/clients/getClients [36m304[0m 150.381 ms - -[0m
2022-09-14 21:29:00 info: [0mGET /api/orders/getNumberWorkOrders [32m201[0m 150.972 ms - 49[0m
2022-09-14 21:29:01 info: [0mGET /api/users/getSupervisores [36m304[0m 150.713 ms - -[0m
2022-09-14 21:29:01 info: [0mGET /api/users/getOperadores [36m304[0m 142.047 ms - -[0m
2022-09-14 21:30:22 info: [0mGET /api/clients/getClients [36m304[0m 149.863 ms - -[0m
2022-09-14 21:30:22 info: [0mGET /api/orders/getNumberWorkOrders [32m201[0m 151.384 ms - 49[0m
2022-09-14 21:30:23 info: [0mGET /api/users/getSupervisores [36m304[0m 187.790 ms - -[0m
2022-09-14 21:30:24 info: [0mGET /api/users/getOperadores [36m304[0m 152.774 ms - -[0m
2022-09-14 21:32:57 info: [0mGET /api/clients/getClients [36m304[0m 159.237 ms - -[0m
2022-09-14 21:32:58 info: [0mGET /api/orders/getNumberWorkOrders [32m201[0m 152.124 ms - 49[0m
2022-09-14 21:32:58 info: [0mGET /api/users/getSupervisores [36m304[0m 158.784 ms - -[0m
2022-09-14 21:32:58 info: [0mGET /api/users/getOperadores [36m304[0m 155.991 ms - -[0m
2022-09-14 21:33:09 info: [0mGET /api/clients/getClients [36m304[0m 155.750 ms - -[0m
2022-09-14 21:33:09 info: [0mGET /api/orders/getNumberWorkOrders [32m201[0m 158.213 ms - 49[0m
2022-09-14 21:33:10 info: [0mGET /api/users/getSupervisores [36m304[0m 147.135 ms - -[0m
2022-09-14 21:33:10 info: [0mGET /api/users/getOperadores [36m304[0m 147.185 ms - -[0m
2022-09-14 21:35:41 info: [0mGET /api/users/getUsers [36m304[0m 162.373 ms - -[0m
2022-09-14 21:35:44 info: [0mPOST /api/users/getUserById [32m200[0m 272.466 ms - 376[0m
2022-09-14 21:35:57 info: [0mGET /api/orders/getWorkOrders [32m201[0m 173.434 ms - 40[0m
2022-09-14 21:36:00 info: [0mGET /api/clients/getClients [36m304[0m 162.898 ms - -[0m
2022-09-14 21:36:00 info: [0mGET /api/orders/getNumberWorkOrders [32m201[0m 156.345 ms - 49[0m
2022-09-14 21:36:00 info: [0mGET /api/users/getSupervisores [36m304[0m 145.224 ms - -[0m
2022-09-14 21:36:01 info: [0mGET /api/users/getOperadores [36m304[0m 158.085 ms - -[0m
2022-09-14 21:46:46 info: =================================
2022-09-14 21:46:46 info: ======= ENV: development =======
2022-09-14 21:46:46 info: 🚀 App listening on the port 5103
2022-09-14 21:46:46 info: =================================
2022-09-14 21:48:54 info: [0mGET /api/clients/getClients [32m200[0m 175.512 ms - -[0m
2022-09-14 21:48:55 info: [0mGET /api/orders/getNumberWorkOrders [32m201[0m 162.308 ms - 49[0m
2022-09-14 21:48:55 info: [0mGET /api/users/getSupervisores [36m304[0m 141.857 ms - -[0m
2022-09-14 21:48:56 info: [0mGET /api/users/getOperadores [36m304[0m 150.107 ms - -[0m
2022-09-14 21:48:58 info: [0mPOST /api/orders/saveOrder [32m201[0m 246.741 ms - 334[0m
2022-09-14 21:51:19 info: [0mGET /api/clients/getClients [36m304[0m 169.832 ms - -[0m
2022-09-14 21:51:20 info: [0mGET /api/orders/getNumberWorkOrders [32m201[0m 152.766 ms - 49[0m
2022-09-14 21:51:20 info: [0mGET /api/users/getSupervisores [36m304[0m 168.490 ms - -[0m
2022-09-14 21:51:21 info: [0mGET /api/users/getOperadores [36m304[0m 151.089 ms - -[0m
2022-09-14 21:52:21 info: [0mGET /api/orders/getWorkOrders [32m201[0m 147.488 ms - 340[0m
2022-09-14 22:01:36 info: =================================
2022-09-14 22:01:36 info: ======= ENV: development =======
2022-09-14 22:01:36 info: 🚀 App listening on the port 5103
2022-09-14 22:01:36 info: =================================
2022-09-14 22:02:01 info: =================================
2022-09-14 22:02:01 info: ======= ENV: development =======
2022-09-14 22:02:01 info: 🚀 App listening on the port 5103
2022-09-14 22:02:01 info: =================================
2022-09-14 22:02:03 info: [0mGET /api/orders/getWorkOrders [32m201[0m 165.953 ms - 40[0m
2022-09-14 22:02:04 info: [0mGET /api/clients/getClients [36m304[0m 161.818 ms - -[0m
2022-09-14 22:02:05 info: [0mGET /api/orders/getNumberWorkOrders [32m201[0m 150.966 ms - 49[0m
2022-09-14 22:02:05 info: [0mGET /api/users/getSupervisores [36m304[0m 149.749 ms - -[0m
2022-09-14 22:02:06 info: [0mGET /api/users/getOperadores [36m304[0m 143.328 ms - -[0m
2022-09-14 22:02:18 info: [0mPOST /api/orders/saveOrder [32m201[0m 208.772 ms - 318[0m
2022-09-14 22:02:27 info: [0mGET /api/clients/getClients [36m304[0m 159.919 ms - -[0m
2022-09-14 22:02:28 info: [0mGET /api/orders/getWorkOrders [32m201[0m 154.058 ms - 324[0m
2022-09-14 22:06:06 info: =================================
2022-09-14 22:06:06 info: ======= ENV: development =======
2022-09-14 22:06:06 info: 🚀 App listening on the port 5103
2022-09-14 22:06:06 info: =================================
2022-09-14 22:06:17 info: [0mGET /api/orders/getWorkOrders [32m201[0m 163.840 ms - 324[0m
