2022-10-08 05:49:56 info: [0mGET /api/orders/getWorkOrders [32m201[0m 824.222 ms - -[0m
2022-10-08 05:49:57 info: [0mGET /api/clients/getClients [36m304[0m 244.140 ms - -[0m
2022-10-08 05:50:11 info: =================================
2022-10-08 05:50:11 info: ======= ENV: development =======
2022-10-08 05:50:11 info: 🚀 App listening on the port 5103
2022-10-08 05:50:11 info: =================================
2022-10-08 06:00:59 info: =================================
2022-10-08 06:00:59 info: ======= ENV: development =======
2022-10-08 06:00:59 info: 🚀 App listening on the port 5103
2022-10-08 06:00:59 info: =================================
2022-10-08 06:01:37 info: [0mGET /api/clients/getClients [32m200[0m 244.768 ms - -[0m
2022-10-08 06:01:39 info: [0mGET /api/orders/getWorkOrders [32m201[0m 299.800 ms - -[0m
2022-10-08 06:01:40 info: [0mGET /api/templates/getTemplates [32m201[0m 154.063 ms - -[0m
2022-10-08 06:02:14 info: [0mPOST /api/templates/saveTemplate [32m201[0m 215.697 ms - 66[0m
2022-10-08 06:02:14 info: [0mGET /api/templates/getTemplates [32m201[0m 156.602 ms - -[0m
2022-10-08 06:07:53 info: [0mGET /api/templates/getTemplates [32m201[0m 158.488 ms - -[0m
2022-10-08 06:08:50 info: [0mGET /api/templates/getTemplates [32m201[0m 155.311 ms - -[0m
2022-10-08 06:17:56 info: [0mGET /api/templates/getTemplates [32m201[0m 150.758 ms - -[0m
2022-10-08 06:19:43 info: [0mGET /api/templates/getTemplates [32m201[0m 161.981 ms - -[0m
2022-10-08 06:20:11 info: [0mPOST /api/templates/saveTemplate [32m201[0m 155.465 ms - 66[0m
2022-10-08 06:20:12 info: [0mGET /api/templates/getTemplates [32m201[0m 151.764 ms - -[0m
2022-10-08 06:20:16 info: [0mGET /api/templates/getTemplates [32m201[0m 163.626 ms - -[0m
2022-10-08 06:20:27 info: [0mGET /api/templates/getTemplates [32m201[0m 154.306 ms - -[0m
2022-10-08 06:21:25 info: [0mGET /api/templates/getTemplates [32m201[0m 149.144 ms - -[0m
2022-10-08 06:21:41 info: [0mGET /api/templates/getTemplates [32m201[0m 154.558 ms - -[0m
2022-10-08 06:22:02 info: [0mGET /api/templates/getTemplates [32m201[0m 150.420 ms - -[0m
2022-10-08 06:22:29 info: [0mGET /api/templates/getTemplates [32m201[0m 154.756 ms - -[0m
2022-10-08 06:22:52 info: [0mGET /api/templates/getTemplates [32m201[0m 154.143 ms - -[0m
2022-10-08 06:23:26 info: [0mGET /api/templates/getTemplates [32m201[0m 177.671 ms - -[0m
2022-10-08 06:24:06 info: [0mGET /api/templates/getTemplates [32m201[0m 150.831 ms - -[0m
2022-10-08 06:25:04 info: [0mGET /api/templates/getTemplates [32m201[0m 150.851 ms - -[0m
2022-10-08 06:25:14 info: [0mGET /api/templates/getTemplates [32m201[0m 152.157 ms - -[0m
2022-10-08 06:25:59 info: [0mGET /api/templates/getTemplates [32m201[0m 150.398 ms - -[0m
2022-10-08 06:26:03 info: [0mGET /api/templates/getTemplates [32m201[0m 160.649 ms - -[0m
2022-10-08 06:27:32 info: [0mGET /api/templates/getTemplates [32m201[0m 156.990 ms - -[0m
2022-10-08 06:27:36 info: [0mGET /api/templates/getTemplates [32m201[0m 154.044 ms - -[0m
2022-10-08 06:33:12 info: [0mGET /api/templates/getTemplates [32m201[0m 153.288 ms - -[0m
2022-10-08 06:33:26 info: [0mGET /api/orders/getWorkOrders [32m201[0m 236.905 ms - -[0m
2022-10-08 06:33:36 info: [0mGET /api/templates/getTemplates [32m201[0m 153.458 ms - -[0m
2022-10-08 06:39:39 info: [0mGET /api/templates/getTemplates [32m201[0m 155.822 ms - -[0m
2022-10-08 06:41:30 info: [0mGET /api/templates/getTemplates [32m201[0m 150.516 ms - -[0m
2022-10-08 06:43:55 info: [0mGET /api/templates/getTemplates [32m201[0m 153.406 ms - -[0m
2022-10-08 06:57:36 info: [0mPOST /api/templates/saveTemplate [32m201[0m 179.747 ms - 66[0m
2022-10-08 06:57:36 info: [0mGET /api/templates/getTemplates [32m201[0m 147.640 ms - -[0m
2022-10-08 06:59:24 info: [0mPOST /api/templates/saveTemplate [32m201[0m 179.363 ms - 66[0m
2022-10-08 06:59:24 info: [0mGET /api/templates/getTemplates [32m201[0m 151.840 ms - -[0m
2022-10-08 07:00:02 info: [0mGET /api/templates/getTemplates [32m201[0m 152.826 ms - -[0m
2022-10-08 07:00:41 info: [0mGET /api/templates/getTemplates [32m201[0m 152.887 ms - -[0m
2022-10-08 07:02:25 info: [0mGET /api/templates/getTemplates [32m201[0m 151.147 ms - -[0m
2022-10-08 07:03:32 info: [0mGET /api/templates/getTemplates [32m201[0m 154.090 ms - -[0m
2022-10-08 07:05:06 info: [0mGET /api/templates/getTemplates [32m201[0m 152.935 ms - -[0m
2022-10-08 07:05:30 info: [0mGET /api/templates/getTemplates [32m201[0m 155.358 ms - -[0m
2022-10-08 07:05:56 info: [0mPOST /api/templates/deleteTemplate [32m201[0m 154.056 ms - 33[0m
2022-10-08 07:05:57 info: [0mGET /api/templates/getTemplates [32m201[0m 154.818 ms - -[0m
2022-10-08 07:06:38 info: [0mGET /api/templates/getTemplates [32m201[0m 154.342 ms - -[0m
2022-10-08 07:06:42 info: [0mPOST /api/templates/deleteTemplate [32m201[0m 151.592 ms - 33[0m
2022-10-08 07:06:43 info: [0mGET /api/templates/getTemplates [32m201[0m 147.968 ms - -[0m
2022-10-08 07:06:46 info: [0mPOST /api/templates/deleteTemplate [32m201[0m 148.926 ms - 33[0m
2022-10-08 07:06:47 info: [0mGET /api/templates/getTemplates [32m201[0m 149.213 ms - -[0m
2022-10-08 07:07:20 info: [0mPOST /api/templates/deleteTemplate [32m201[0m 147.987 ms - 33[0m
2022-10-08 07:07:20 info: [0mGET /api/templates/getTemplates [32m201[0m 149.442 ms - -[0m
2022-10-08 07:07:23 info: [0mPOST /api/templates/deleteTemplate [32m201[0m 149.889 ms - 33[0m
2022-10-08 07:07:23 info: [0mGET /api/templates/getTemplates [32m201[0m 146.336 ms - -[0m
2022-10-08 07:07:25 info: [0mPOST /api/templates/deleteTemplate [32m201[0m 148.235 ms - 33[0m
2022-10-08 07:07:26 info: [0mGET /api/templates/getTemplates [32m201[0m 149.839 ms - -[0m
2022-10-08 07:07:28 info: [0mPOST /api/templates/deleteTemplate [32m201[0m 148.343 ms - 33[0m
2022-10-08 07:07:29 info: [0mGET /api/templates/getTemplates [32m201[0m 147.817 ms - -[0m
2022-10-08 07:07:30 info: [0mPOST /api/templates/deleteTemplate [32m201[0m 154.890 ms - 33[0m
2022-10-08 07:07:30 info: [0mGET /api/templates/getTemplates [32m201[0m 148.067 ms - -[0m
2022-10-08 07:07:31 info: [0mPOST /api/templates/deleteTemplate [32m201[0m 146.937 ms - 33[0m
2022-10-08 07:07:32 info: [0mGET /api/templates/getTemplates [32m201[0m 148.293 ms - -[0m
2022-10-08 07:07:33 info: [0mPOST /api/templates/deleteTemplate [32m201[0m 150.258 ms - 33[0m
2022-10-08 07:07:34 info: [0mGET /api/templates/getTemplates [32m201[0m 151.268 ms - -[0m
2022-10-08 07:07:35 info: [0mPOST /api/templates/deleteTemplate [32m201[0m 150.817 ms - 33[0m
2022-10-08 07:07:35 info: [0mGET /api/templates/getTemplates [32m201[0m 146.688 ms - -[0m
2022-10-08 07:08:03 info: [0mGET /api/templates/getTemplates [32m201[0m 150.209 ms - -[0m
2022-10-08 07:08:13 info: [0mPOST /api/templates/saveTemplate [32m201[0m 151.910 ms - 66[0m
2022-10-08 07:08:18 info: [0mGET /api/orders/getWorkOrders [32m201[0m 234.121 ms - -[0m
2022-10-08 07:08:39 info: [0mPOST /api/templates/saveTemplate [32m201[0m 169.099 ms - 66[0m
2022-10-08 07:08:42 info: [0mGET /api/templates/getTemplates [32m201[0m 154.300 ms - -[0m
2022-10-08 07:09:43 info: [0mGET /api/templates/getTemplates [32m201[0m 149.108 ms - -[0m
2022-10-08 07:13:55 info: [0mGET /api/templates/getTemplates [32m201[0m 152.722 ms - -[0m
2022-10-08 07:14:14 info: [0mPOST /api/templates/saveTemplate [32m201[0m 168.967 ms - 66[0m
2022-10-08 07:14:14 info: [0mPOST /api/templates/saveTemplate [32m201[0m 167.901 ms - 66[0m
2022-10-08 07:14:14 info: [0mPOST /api/templates/saveTemplate [32m201[0m 223.463 ms - 66[0m
2022-10-08 07:14:14 info: [0mPOST /api/templates/saveTemplate [32m201[0m 235.600 ms - 66[0m
2022-10-08 07:14:18 info: [0mGET /api/templates/getTemplates [32m201[0m 150.669 ms - -[0m
2022-10-08 07:17:42 info: [0mGET /api/templates/getTemplates [32m201[0m 150.338 ms - -[0m
2022-10-08 07:17:58 info: [0mGET /api/templates/getTemplates [32m201[0m 146.611 ms - -[0m
2022-10-08 07:18:13 info: [0mGET /api/templates/getTemplates [32m201[0m 158.297 ms - -[0m
2022-10-08 07:19:48 info: [0mGET /api/templates/getTemplates [32m201[0m 153.173 ms - -[0m
2022-10-08 07:20:02 info: [0mGET /api/templates/getTemplates [32m201[0m 153.824 ms - -[0m
2022-10-08 07:20:14 info: [0mGET /api/templates/getTemplates [32m201[0m 147.782 ms - -[0m
2022-10-08 07:20:28 info: [0mGET /api/templates/getTemplates [32m201[0m 153.302 ms - -[0m
2022-10-08 07:20:38 info: [0mGET /api/templates/getTemplates [32m201[0m 159.141 ms - -[0m
2022-10-08 07:21:21 info: [0mPOST /api/templates/createTemplate [32m201[0m 154.909 ms - 306[0m
2022-10-08 07:21:22 info: [0mPOST /api/templates/createTemplate [32m201[0m 149.896 ms - 306[0m
2022-10-08 07:21:22 info: [0mPOST /api/templates/createTemplate [32m201[0m 150.667 ms - 306[0m
2022-10-08 07:21:22 info: [0mPOST /api/templates/createTemplate [32m201[0m 149.699 ms - 306[0m
2022-10-08 07:21:22 info: [0mPOST /api/templates/createTemplate [32m201[0m 141.821 ms - 306[0m
2022-10-08 07:21:23 info: [0mPOST /api/templates/createTemplate [32m201[0m 150.895 ms - 307[0m
2022-10-08 07:21:23 info: [0mPOST /api/templates/createTemplate [32m201[0m 142.967 ms - 307[0m
2022-10-08 07:21:23 info: [0mPOST /api/templates/createTemplate [32m201[0m 149.240 ms - 307[0m
2022-10-08 07:21:23 info: [0mPOST /api/templates/createTemplate [32m201[0m 148.433 ms - 307[0m
2022-10-08 07:21:25 info: [0mPOST /api/templates/createTemplate [32m201[0m 150.630 ms - 307[0m
2022-10-08 07:21:26 info: [0mPOST /api/templates/createTemplate [32m201[0m 151.821 ms - 307[0m
2022-10-08 07:21:28 info: [0mPOST /api/templates/createTemplate [32m201[0m 149.496 ms - 307[0m
2022-10-08 07:21:28 info: [0mPOST /api/templates/createTemplate [32m201[0m 148.418 ms - 307[0m
2022-10-08 07:21:29 info: [0mPOST /api/templates/createTemplate [32m201[0m 189.513 ms - 307[0m
2022-10-08 07:23:07 info: [0mGET /api/templates/getTemplates [32m201[0m 160.458 ms - -[0m
2022-10-08 07:23:10 info: [0mPOST /api/templates/createTemplate [32m201[0m 148.324 ms - 307[0m
2022-10-08 07:23:12 info: [0mPOST /api/templates/createTemplate [32m201[0m 152.790 ms - 307[0m
2022-10-08 07:23:13 info: [0mPOST /api/templates/createTemplate [32m201[0m 147.649 ms - 307[0m
2022-10-08 07:23:16 info: [0mPOST /api/templates/createTemplate [32m201[0m 147.453 ms - 307[0m
2022-10-08 07:23:16 info: [0mPOST /api/templates/createTemplate [32m201[0m 152.023 ms - 307[0m
2022-10-08 07:23:17 info: [0mPOST /api/templates/createTemplate [32m201[0m 148.408 ms - 307[0m
2022-10-08 07:23:25 info: [0mPOST /api/templates/deleteTemplate [32m201[0m 147.676 ms - 33[0m
2022-10-08 07:23:26 info: [0mGET /api/templates/getTemplates [32m201[0m 157.835 ms - -[0m
2022-10-08 07:23:27 info: [0mPOST /api/templates/deleteTemplate [32m201[0m 148.021 ms - 33[0m
2022-10-08 07:23:27 info: [0mGET /api/templates/getTemplates [32m201[0m 156.106 ms - -[0m
2022-10-08 07:23:28 info: [0mPOST /api/templates/deleteTemplate [32m201[0m 151.286 ms - 33[0m
2022-10-08 07:23:29 info: [0mGET /api/templates/getTemplates [32m201[0m 157.382 ms - -[0m
2022-10-08 07:23:29 info: [0mPOST /api/templates/deleteTemplate [32m201[0m 156.756 ms - 33[0m
2022-10-08 07:23:29 info: [0mGET /api/templates/getTemplates [32m201[0m 151.023 ms - -[0m
2022-10-08 07:23:30 info: [0mPOST /api/templates/deleteTemplate [32m201[0m 153.469 ms - 33[0m
2022-10-08 07:23:30 info: [0mGET /api/templates/getTemplates [32m201[0m 157.732 ms - -[0m
2022-10-08 07:23:31 info: [0mPOST /api/templates/deleteTemplate [32m201[0m 154.467 ms - 33[0m
2022-10-08 07:23:32 info: [0mGET /api/templates/getTemplates [32m201[0m 149.220 ms - -[0m
2022-10-08 07:23:32 info: [0mPOST /api/templates/deleteTemplate [32m201[0m 145.926 ms - 33[0m
2022-10-08 07:23:33 info: [0mGET /api/templates/getTemplates [32m201[0m 151.725 ms - -[0m
2022-10-08 07:23:33 info: [0mPOST /api/templates/deleteTemplate [32m201[0m 147.571 ms - 33[0m
2022-10-08 07:23:34 info: [0mGET /api/templates/getTemplates [32m201[0m 156.221 ms - -[0m
2022-10-08 07:23:34 info: [0mPOST /api/templates/deleteTemplate [32m201[0m 145.712 ms - 33[0m
2022-10-08 07:23:35 info: [0mGET /api/templates/getTemplates [32m201[0m 151.925 ms - -[0m
2022-10-08 07:23:35 info: [0mPOST /api/templates/deleteTemplate [32m201[0m 145.276 ms - 33[0m
2022-10-08 07:23:36 info: [0mGET /api/templates/getTemplates [32m201[0m 153.574 ms - -[0m
2022-10-08 07:23:36 info: [0mPOST /api/templates/deleteTemplate [32m201[0m 146.791 ms - 33[0m
2022-10-08 07:23:37 info: [0mGET /api/templates/getTemplates [32m201[0m 159.807 ms - -[0m
2022-10-08 07:23:37 info: [0mPOST /api/templates/deleteTemplate [32m201[0m 145.952 ms - 33[0m
2022-10-08 07:23:38 info: [0mGET /api/templates/getTemplates [32m201[0m 152.722 ms - -[0m
2022-10-08 07:23:38 info: [0mPOST /api/templates/deleteTemplate [32m201[0m 148.397 ms - 33[0m
2022-10-08 07:23:39 info: [0mGET /api/templates/getTemplates [32m201[0m 151.373 ms - -[0m
2022-10-08 07:23:39 info: [0mPOST /api/templates/deleteTemplate [32m201[0m 151.792 ms - 33[0m
2022-10-08 07:23:40 info: [0mGET /api/templates/getTemplates [32m201[0m 150.273 ms - -[0m
2022-10-08 07:23:40 info: [0mPOST /api/templates/deleteTemplate [32m201[0m 146.063 ms - 33[0m
2022-10-08 07:23:41 info: [0mGET /api/templates/getTemplates [32m201[0m 153.078 ms - -[0m
2022-10-08 07:23:41 info: [0mPOST /api/templates/deleteTemplate [32m201[0m 149.046 ms - 33[0m
2022-10-08 07:23:41 info: [0mGET /api/templates/getTemplates [32m201[0m 155.158 ms - -[0m
2022-10-08 07:23:42 info: [0mPOST /api/templates/deleteTemplate [32m201[0m 142.411 ms - 33[0m
2022-10-08 07:23:42 info: [0mGET /api/templates/getTemplates [32m201[0m 154.059 ms - -[0m
2022-10-08 07:23:43 info: [0mPOST /api/templates/deleteTemplate [32m201[0m 147.347 ms - 33[0m
2022-10-08 07:23:43 info: [0mGET /api/templates/getTemplates [32m201[0m 153.367 ms - -[0m
2022-10-08 07:23:44 info: [0mPOST /api/templates/deleteTemplate [32m201[0m 146.004 ms - 33[0m
2022-10-08 07:23:44 info: [0mGET /api/templates/getTemplates [32m201[0m 153.932 ms - -[0m
2022-10-08 07:23:45 info: [0mPOST /api/templates/deleteTemplate [32m201[0m 147.235 ms - 33[0m
2022-10-08 07:23:45 info: [0mGET /api/templates/getTemplates [32m201[0m 148.994 ms - -[0m
2022-10-08 07:23:45 info: [0mPOST /api/templates/deleteTemplate [32m201[0m 149.208 ms - 33[0m
2022-10-08 07:23:46 info: [0mGET /api/templates/getTemplates [32m201[0m 149.913 ms - -[0m
2022-10-08 07:23:46 info: [0mPOST /api/templates/deleteTemplate [32m201[0m 146.757 ms - 33[0m
2022-10-08 07:23:47 info: [0mGET /api/templates/getTemplates [32m201[0m 150.556 ms - -[0m
2022-10-08 07:23:47 info: [0mPOST /api/templates/deleteTemplate [32m201[0m 150.017 ms - 33[0m
2022-10-08 07:23:48 info: [0mGET /api/templates/getTemplates [32m201[0m 153.799 ms - -[0m
2022-10-08 07:23:48 info: [0mPOST /api/templates/deleteTemplate [32m201[0m 147.092 ms - 33[0m
2022-10-08 07:23:49 info: [0mGET /api/templates/getTemplates [32m201[0m 150.962 ms - -[0m
2022-10-08 07:23:49 info: [0mPOST /api/templates/deleteTemplate [32m201[0m 166.633 ms - 33[0m
2022-10-08 07:23:50 info: [0mGET /api/templates/getTemplates [32m201[0m 153.706 ms - -[0m
2022-10-08 07:23:50 info: [0mPOST /api/templates/deleteTemplate [32m201[0m 145.967 ms - 33[0m
2022-10-08 07:23:50 info: [0mGET /api/templates/getTemplates [32m201[0m 151.125 ms - -[0m
2022-10-08 07:23:51 info: [0mPOST /api/templates/deleteTemplate [32m201[0m 143.416 ms - 33[0m
2022-10-08 07:23:51 info: [0mGET /api/templates/getTemplates [32m201[0m 145.131 ms - -[0m
2022-10-08 07:23:52 info: [0mPOST /api/templates/deleteTemplate [32m201[0m 154.523 ms - 33[0m
2022-10-08 07:23:52 info: [0mGET /api/templates/getTemplates [32m201[0m 149.086 ms - -[0m
2022-10-08 07:23:52 info: [0mPOST /api/templates/deleteTemplate [32m201[0m 143.754 ms - 33[0m
2022-10-08 07:23:53 info: [0mGET /api/templates/getTemplates [32m201[0m 152.583 ms - -[0m
2022-10-08 07:23:53 info: [0mPOST /api/templates/deleteTemplate [32m201[0m 147.688 ms - 33[0m
2022-10-08 07:23:54 info: [0mGET /api/templates/getTemplates [32m201[0m 150.606 ms - -[0m
2022-10-08 07:23:54 info: [0mPOST /api/templates/deleteTemplate [32m201[0m 142.378 ms - 33[0m
2022-10-08 07:23:55 info: [0mGET /api/templates/getTemplates [32m201[0m 155.964 ms - -[0m
2022-10-08 07:23:56 info: [0mPOST /api/templates/deleteTemplate [32m201[0m 155.393 ms - 33[0m
2022-10-08 07:23:56 info: [0mGET /api/templates/getTemplates [32m201[0m 149.930 ms - -[0m
2022-10-08 07:23:57 info: [0mPOST /api/templates/deleteTemplate [32m201[0m 145.316 ms - 33[0m
2022-10-08 07:23:57 info: [0mGET /api/templates/getTemplates [32m201[0m 151.646 ms - -[0m
2022-10-08 07:24:00 info: [0mPOST /api/templates/deleteTemplate [32m201[0m 150.051 ms - 33[0m
2022-10-08 07:24:00 info: [0mGET /api/templates/getTemplates [32m201[0m 156.538 ms - -[0m
2022-10-08 07:27:39 info: [0mGET /api/templates/getTemplates [32m201[0m 151.255 ms - -[0m
2022-10-08 07:27:50 info: [0mPOST /api/templates/deleteTemplate [32m201[0m 150.383 ms - 33[0m
2022-10-08 07:27:51 info: [0mGET /api/templates/getTemplates [32m201[0m 146.026 ms - -[0m
2022-10-08 07:29:48 info: [0mGET /api/templates/getTemplates [32m201[0m 148.453 ms - -[0m
2022-10-08 07:31:16 info: [0mGET /api/templates/getTemplates [32m201[0m 154.937 ms - -[0m
2022-10-08 07:31:31 info: [0mGET /api/templates/getTemplates [32m201[0m 149.155 ms - -[0m
2022-10-08 07:35:39 info: [0mGET /api/templates/getTemplates [32m201[0m 147.844 ms - -[0m
2022-10-08 07:41:03 info: [0mPOST /api/templates/saveTemplate [32m201[0m 171.130 ms - 66[0m
2022-10-08 07:41:03 info: [0mPOST /api/templates/saveTemplate [32m201[0m 150.358 ms - 66[0m
2022-10-08 07:41:03 info: [0mPOST /api/templates/saveTemplate [32m201[0m 176.183 ms - 66[0m
2022-10-08 07:48:35 info: [0mPOST /api/templates/createTemplate [32m201[0m 148.326 ms - 306[0m
2022-10-08 07:48:44 info: [0mGET /api/templates/getTemplates [32m201[0m 156.959 ms - -[0m
2022-10-08 07:50:02 info: [0mGET /api/templates/getTemplates [32m201[0m 157.892 ms - -[0m
2022-10-08 07:51:53 info: [0mGET /api/templates/getTemplates [32m201[0m 148.587 ms - -[0m
2022-10-08 07:52:26 info: [0mPOST /api/templates/saveTemplate [32m201[0m 151.096 ms - 66[0m
2022-10-08 07:53:10 info: [0mGET /api/templates/getTemplates [32m201[0m 153.047 ms - -[0m
2022-10-08 07:53:18 info: [0mGET /api/templates/getTemplates [32m201[0m 160.634 ms - -[0m
2022-10-08 08:04:34 info: [0mGET /api/templates/getTemplates [32m201[0m 154.863 ms - -[0m
2022-10-08 08:04:35 info: [0mGET /api/templates/getTemplates [32m201[0m 162.311 ms - -[0m
2022-10-08 08:04:57 info: [0mPOST /api/templates/saveTemplate [32m201[0m 173.765 ms - 66[0m
2022-10-08 08:05:19 info: [0mPOST /api/templates/saveTemplate [32m201[0m 164.013 ms - 66[0m
2022-10-08 08:05:40 info: [0mPOST /api/templates/saveTemplate [32m201[0m 157.621 ms - 66[0m
2022-10-08 08:05:50 info: [0mPOST /api/templates/saveTemplate [32m201[0m 154.525 ms - 66[0m
2022-10-08 08:05:56 info: [0mPOST /api/templates/deleteTemplate [32m201[0m 147.933 ms - 33[0m
2022-10-08 08:05:56 info: [0mGET /api/templates/getTemplates [32m201[0m 153.186 ms - -[0m
2022-10-08 08:06:01 info: [0mPOST /api/templates/deleteTemplate [32m201[0m 151.239 ms - 33[0m
2022-10-08 08:06:01 info: [0mGET /api/templates/getTemplates [32m201[0m 150.139 ms - -[0m
2022-10-08 08:06:04 info: [0mPOST /api/templates/deleteTemplate [32m201[0m 156.477 ms - 33[0m
2022-10-08 08:06:04 info: [0mGET /api/templates/getTemplates [32m201[0m 145.171 ms - 415[0m
2022-10-08 08:06:07 info: [0mPOST /api/templates/deleteTemplate [32m201[0m 152.093 ms - 33[0m
2022-10-08 08:06:08 info: [0mGET /api/templates/getTemplates [32m201[0m 146.349 ms - 52[0m
2022-10-08 08:06:10 info: [0mPOST /api/templates/createTemplate [32m201[0m 147.784 ms - 306[0m
2022-10-08 08:06:24 info: [0mPOST /api/templates/createTemplate [32m201[0m 150.469 ms - 306[0m
2022-10-08 08:08:08 info: [0mGET /api/templates/getTemplates [32m201[0m 139.117 ms - 589[0m
2022-10-08 08:08:25 info: [0mPOST /api/templates/saveTemplate [32m201[0m 146.904 ms - 66[0m
2022-10-08 08:08:52 info: [0mPOST /api/templates/saveTemplate [32m201[0m 153.464 ms - 66[0m
2022-10-08 08:08:56 info: [0mGET /api/orders/getWorkOrders [32m201[0m 230.812 ms - -[0m
2022-10-08 08:09:11 info: [0mPOST /api/templates/saveTemplate [32m201[0m 152.885 ms - 66[0m
2022-10-08 08:10:03 info: [0mGET /api/templates/getTemplates [32m201[0m 144.679 ms - 585[0m
2022-10-08 08:11:29 info: [0mPOST /api/templates/saveTemplate [32m201[0m 169.877 ms - 66[0m
2022-10-08 08:12:29 info: [0mGET /api/templates/getTemplates [32m201[0m 149.043 ms - -[0m
2022-10-08 08:19:37 info: [0mGET /api/orders/getWorkOrders [32m201[0m 238.006 ms - -[0m
2022-10-08 08:32:32 info: [0mGET /api/templates/getTemplates [32m201[0m 178.999 ms - -[0m
2022-10-08 08:57:03 info: [0mPOST /api/templates/saveTemplate [32m201[0m 166.709 ms - 66[0m
2022-10-08 09:14:48 info: [0mGET /api/templates/getTemplates [32m201[0m 149.013 ms - -[0m
2022-10-08 09:29:40 info: [0mPOST /api/templates/saveTemplate [32m201[0m 183.584 ms - 66[0m
2022-10-08 09:30:56 info: [0mPOST /api/templates/saveTemplate [32m201[0m 157.311 ms - 66[0m
2022-10-08 09:33:12 info: [0mPOST /api/templates/saveTemplate [32m201[0m 172.320 ms - 66[0m
2022-10-08 09:51:10 info: [0mGET /api/templates/getTemplates [32m201[0m 155.247 ms - -[0m
2022-10-08 09:51:30 info: [0mGET /api/templates/getTemplates [32m201[0m 144.299 ms - -[0m
2022-10-08 09:52:59 info: [0mGET /api/templates/getTemplates [32m201[0m 145.744 ms - -[0m
2022-10-08 09:53:33 info: [0mGET /api/templates/getTemplates [32m201[0m 146.118 ms - -[0m
2022-10-08 09:54:18 info: [0mGET /api/templates/getTemplates [32m201[0m 151.474 ms - -[0m
2022-10-08 09:54:36 info: [0mGET /api/templates/getTemplates [32m201[0m 148.681 ms - -[0m
2022-10-08 09:54:46 info: [0mPOST /api/templates/saveTemplate [32m201[0m 180.480 ms - 66[0m
2022-10-08 09:55:41 info: [0mGET /api/templates/getTemplates [32m201[0m 151.558 ms - -[0m
2022-10-08 09:55:51 info: [0mGET /api/templates/getTemplates [32m201[0m 153.330 ms - -[0m
2022-10-08 10:02:33 info: [0mGET /api/templates/getTemplates [32m201[0m 149.215 ms - -[0m
2022-10-08 10:03:30 info: [0mGET /api/templates/getTemplates [32m201[0m 153.257 ms - -[0m
2022-10-08 10:04:12 info: [0mGET /api/templates/getTemplates [32m201[0m 146.284 ms - -[0m
2022-10-08 10:05:02 info: [0mGET /api/templates/getTemplates [32m201[0m 147.425 ms - -[0m
2022-10-08 10:09:59 info: [0mGET /api/templates/getTemplates [32m201[0m 157.969 ms - -[0m
2022-10-08 10:10:25 info: [0mPOST /api/templates/saveTemplate [32m201[0m 159.486 ms - 66[0m
2022-10-08 10:10:35 info: [0mGET /api/orders/getWorkOrders [32m201[0m 234.641 ms - -[0m
2022-10-08 10:10:41 info: [0mGET /api/orders/getWorkOrders [32m201[0m 241.954 ms - -[0m
2022-10-08 10:10:42 info: [0mGET /api/templates/getTemplates [32m201[0m 162.703 ms - -[0m
2022-10-08 10:12:45 info: =================================
2022-10-08 10:12:45 info: ======= ENV: development =======
2022-10-08 10:12:45 info: 🚀 App listening on the port 5103
2022-10-08 10:12:45 info: =================================
2022-10-08 10:13:00 info: [0mPOST /api/templates/saveTemplate [32m201[0m 232.393 ms - 66[0m
2022-10-08 10:13:09 info: [0mGET /api/orders/getWorkOrders [32m201[0m 272.567 ms - -[0m
2022-10-08 10:13:10 info: [0mGET /api/templates/getTemplates [32m201[0m 157.215 ms - -[0m
2022-10-08 10:14:13 info: [0mPOST /api/templates/saveTemplate [32m201[0m 175.953 ms - 66[0m
2022-10-08 10:18:53 info: [0mGET /api/templates/getTemplates [32m201[0m 151.180 ms - -[0m
2022-10-08 10:25:17 info: [0mPOST /api/templates/deleteTemplate [32m201[0m 154.753 ms - 33[0m
2022-10-08 10:25:17 info: [0mGET /api/templates/getTemplates [32m201[0m 146.077 ms - 320[0m
2022-10-08 10:25:25 info: [0mGET /api/templates/getTemplates [32m201[0m 152.132 ms - 320[0m
2022-10-08 10:26:46 info: [0mGET /api/templates/getTemplates [32m201[0m 144.514 ms - 320[0m
2022-10-08 10:26:53 info: [0mPOST /api/templates/saveTemplate [32m201[0m 157.161 ms - 66[0m
2022-10-08 10:44:15 info: [0mGET /api/templates/getTemplates [32m201[0m 147.719 ms - 873[0m
2022-10-08 10:45:19 info: [0mGET /api/templates/getTemplates [32m201[0m 147.089 ms - 873[0m
2022-10-08 10:46:02 info: [0mGET /api/templates/getTemplates [32m201[0m 153.604 ms - 873[0m
2022-10-08 10:46:34 info: [0mPOST /api/templates/saveTemplate [32m201[0m 160.254 ms - 66[0m
2022-10-08 10:46:37 info: [0mGET /api/orders/getWorkOrders [32m201[0m 241.555 ms - -[0m
2022-10-08 10:47:29 info: [0mGET /api/templates/getTemplates [32m201[0m 150.870 ms - 873[0m
2022-10-08 10:48:36 info: [0mGET /api/templates/getTemplates [32m201[0m 152.866 ms - 873[0m
2022-10-08 10:49:38 info: [0mGET /api/templates/getTemplates [32m201[0m 151.870 ms - 873[0m
2022-10-08 10:50:07 info: [0mGET /api/templates/getTemplates [32m201[0m 146.679 ms - 873[0m
2022-10-08 10:51:10 info: [0mGET /api/templates/getTemplates [32m201[0m 145.533 ms - 873[0m
2022-10-08 10:51:43 info: [0mGET /api/templates/getTemplates [32m201[0m 148.574 ms - 873[0m
2022-10-08 10:58:51 info: [0mGET /api/templates/getTemplates [32m201[0m 149.041 ms - 873[0m
2022-10-08 11:55:31 info: [0mPOST /api/templates/saveTemplate [32m201[0m 192.632 ms - 66[0m
2022-10-08 11:56:25 info: [0mPOST /api/templates/saveTemplate [32m201[0m 180.066 ms - 66[0m
2022-10-08 12:01:23 info: [0mPOST /api/templates/saveTemplate [32m201[0m 171.225 ms - 66[0m
2022-10-08 12:01:25 info: [0mGET /api/orders/getWorkOrders [32m201[0m 248.561 ms - -[0m
2022-10-08 12:01:28 info: [0mGET /api/orders/getWorkOrders [32m201[0m 254.677 ms - -[0m
2022-10-08 12:01:29 info: [0mGET /api/templates/getTemplates [32m201[0m 146.804 ms - -[0m
2022-10-08 12:20:07 info: [0mGET /api/clients/getClients [36m304[0m 229.939 ms - -[0m
2022-10-08 12:25:29 info: [0mGET /api/templates/getTemplates [32m201[0m 151.693 ms - -[0m
2022-10-08 12:28:41 info: [0mGET /api/orders/getWorkOrders [32m201[0m 227.834 ms - -[0m
2022-10-08 12:28:54 info: [0mGET /api/orders/getWorkOrders [32m201[0m 233.856 ms - -[0m
2022-10-08 12:30:01 info: [0mGET /api/orders/getWorkOrders [32m201[0m 241.186 ms - -[0m
2022-10-08 12:30:42 info: [0mGET /api/templates/getTemplates [32m201[0m 149.248 ms - -[0m
