2022-06-22 15:06:30 info: =================================
2022-06-22 15:06:30 info: ======= ENV: development =======
2022-06-22 15:06:30 info: 🚀 App listening on the port 5100
2022-06-22 15:06:30 info: =================================
2022-06-22 15:06:40 info: [0mGET /api/servicios/obtenerProcedimientos [32m200[0m 155.700 ms - 612[0m
2022-06-22 15:06:41 info: [0mGET /api/servicios/obtenerTipoServicios [32m200[0m 159.347 ms - 595[0m
2022-06-22 15:06:53 info: [0mGET /api/causas/obtenerCausas [32m201[0m 161.011 ms - -[0m
2022-06-22 15:07:46 info: [0mGET /api/causas/obtenerCausas [32m201[0m 92.044 ms - -[0m
2022-06-22 15:08:16 info: [0mGET /api/causas/obtenerCausas [32m201[0m 146.386 ms - -[0m
2022-06-22 15:09:35 info: [0mGET /api/causas/obtenerCausas [32m201[0m 148.058 ms - -[0m
2022-06-22 15:11:06 info: [0mGET /api/causas/obtenerCausas [32m201[0m 155.769 ms - -[0m
2022-06-22 15:11:28 info: [0mGET /api/causas/obtenerCausas [32m201[0m 165.651 ms - -[0m
2022-06-22 15:12:32 info: [0mGET /api/causas/obtenerCausas [32m201[0m 142.932 ms - -[0m
2022-06-22 15:13:54 info: [0mGET /api/causas/obtenerCausas [32m201[0m 76.177 ms - -[0m
2022-06-22 15:31:58 info: [0mPOST /api/clients/getClientById/ [32m201[0m 132.565 ms - 524[0m
2022-06-22 15:31:58 info: [0mGET /api/servicios/obtenerTipoServicios/ [32m200[0m 79.479 ms - 595[0m
2022-06-22 15:31:59 info: [0mGET /api/servicios/obtenerProcedimientos/ [32m200[0m 80.795 ms - 612[0m
2022-06-22 15:31:59 info: [0mPOST /api/users/user/62a9f2e7ea9f11009ba952bd [32m200[0m 177.397 ms - 528[0m
2022-06-22 15:32:01 info: [0mGET /api/causas/obtenerCausas [32m201[0m 79.107 ms - -[0m
2022-06-22 15:32:02 info: [0mGET /api/causas/obtenerCausas [32m201[0m 72.835 ms - -[0m
2022-06-22 15:32:02 info: [0mGET /api/causas/obtenerCausas [32m201[0m 88.119 ms - -[0m
2022-06-22 15:32:03 info: [0mGET /api/causas/obtenerCausas [32m201[0m 80.422 ms - -[0m
2022-06-22 15:32:03 info: [0mGET /api/causas/obtenerCausas [32m201[0m 75.009 ms - -[0m
2022-06-22 15:32:03 info: [0mGET /api/causas/obtenerCausas [32m201[0m 76.415 ms - -[0m
2022-06-22 15:32:04 info: [0mGET /api/causas/obtenerCausas [32m201[0m 75.534 ms - -[0m
2022-06-22 15:32:04 info: [0mGET /api/causas/obtenerCausas [32m201[0m 76.028 ms - -[0m
2022-06-22 15:34:19 info: =================================
2022-06-22 15:34:19 info: ======= ENV: development =======
2022-06-22 15:34:19 info: 🚀 App listening on the port 5100
2022-06-22 15:34:19 info: =================================
2022-06-22 15:35:25 info: =================================
2022-06-22 15:35:25 info: ======= ENV: development =======
2022-06-22 15:35:25 info: 🚀 App listening on the port 5100
2022-06-22 15:35:25 info: =================================
2022-06-22 15:41:05 info: =================================
2022-06-22 15:41:05 info: ======= ENV: development =======
2022-06-22 15:41:05 info: 🚀 App listening on the port 5100
2022-06-22 15:41:05 info: =================================
2022-06-22 15:44:09 info: [0mGET /api/causas/obtenerCausas [32m201[0m 88.797 ms - 36[0m
2022-06-22 16:28:46 info: [0mGET /api/clients/getAllClients [32m200[0m 88.170 ms - 528[0m
2022-06-22 16:28:48 info: [0mGET /api/users/getAbogados [32m200[0m 81.083 ms - 946[0m
2022-06-22 16:28:52 info: [0mGET /api/servicios/obtenerTipoServicios [36m304[0m 75.410 ms - -[0m
2022-06-22 16:28:54 info: [0mGET /api/servicios/obtenerProcedimientos [36m304[0m 76.893 ms - -[0m
2022-06-22 16:29:46 info: [0mPOST /api/causas/guardarCausa [32m201[0m 194.560 ms - 907[0m
2022-06-22 16:29:46 info: [0mGET /api/causas/obtenerCausas [32m201[0m 74.412 ms - 909[0m
2022-06-22 16:30:04 info: [0mPOST /api/causas/eliminarCausa [32m201[0m 84.881 ms - 910[0m
2022-06-22 16:30:04 info: [0mGET /api/causas/obtenerCausas [32m201[0m 73.161 ms - 36[0m
2022-06-22 16:30:32 info: [0mGET /api/causas/obtenerCausas [32m201[0m 74.726 ms - 909[0m
2022-06-22 16:32:02 info: [0mGET /api/causas/obtenerCausas [32m201[0m 80.681 ms - 909[0m
2022-06-22 16:57:11 info: [0mGET /api/causas/obtenerCausas [32m201[0m 85.736 ms - 909[0m
2022-06-22 16:57:54 info: [0mGET /api/causas/obtenerCausas [32m201[0m 72.893 ms - 909[0m
2022-06-22 16:58:17 info: [0mGET /api/causas/obtenerCausas [32m201[0m 83.971 ms - 909[0m
2022-06-22 16:59:32 info: [0mGET /api/causas/obtenerCausas [32m201[0m 74.497 ms - 909[0m
2022-06-22 17:00:14 info: [0mGET /api/causas/obtenerCausas [32m201[0m 77.052 ms - 909[0m
2022-06-22 17:01:45 info: [0mGET /api/causas/obtenerCausas [32m201[0m 72.263 ms - 909[0m
2022-06-22 17:03:15 info: [0mGET /api/causas/obtenerCausas [32m201[0m 74.813 ms - 909[0m
2022-06-22 17:05:08 info: [0mGET /api/causas/obtenerCausas [32m201[0m 73.113 ms - 909[0m
2022-06-22 17:06:08 info: [0mGET /api/causas/obtenerCausas [32m201[0m 76.809 ms - 909[0m
2022-06-22 17:06:51 info: [0mGET /api/causas/obtenerCausas [32m201[0m 71.624 ms - 909[0m
2022-06-22 17:06:56 info: [0mPOST /api/clients/getClientById/ [32m201[0m 79.612 ms - 524[0m
2022-06-22 17:06:56 info: [0mPOST /api/users/user/62a9f2e7ea9f11009ba952bd [32m200[0m 163.518 ms - 528[0m
2022-06-22 17:09:14 info: [0mGET /api/causas/obtenerCausas [32m201[0m 73.791 ms - 909[0m
2022-06-22 17:09:23 info: [0mGET /api/clients/getAllClients [36m304[0m 79.305 ms - -[0m
2022-06-22 17:09:25 info: [0mGET /api/users/getAbogados [36m304[0m 73.733 ms - -[0m
2022-06-22 17:09:27 info: [0mGET /api/servicios/obtenerTipoServicios [36m304[0m 85.566 ms - -[0m
2022-06-22 17:09:29 info: [0mGET /api/servicios/obtenerProcedimientos [36m304[0m 71.839 ms - -[0m
2022-06-22 17:10:08 info: [0mPOST /api/causas/guardarCausa [32m201[0m 162.670 ms - 925[0m
2022-06-22 17:10:08 info: [0mGET /api/causas/obtenerCausas [32m201[0m 82.745 ms - -[0m
2022-06-22 17:10:08 info: [0mGET /api/causas/obtenerCausas [32m201[0m 74.453 ms - -[0m
2022-06-22 17:10:08 info: [0mGET /api/causas/obtenerCausas [32m201[0m 76.941 ms - -[0m
2022-06-22 17:10:09 info: [0mGET /api/causas/obtenerCausas [32m201[0m 76.854 ms - -[0m
2022-06-22 17:10:09 info: [0mGET /api/causas/obtenerCausas [32m201[0m 75.833 ms - -[0m
2022-06-22 17:10:09 info: [0mGET /api/causas/obtenerCausas [32m201[0m 83.305 ms - -[0m
2022-06-22 17:10:09 info: [0mGET /api/causas/obtenerCausas [32m201[0m 85.954 ms - -[0m
2022-06-22 17:10:09 info: [0mGET /api/causas/obtenerCausas [32m201[0m 76.644 ms - -[0m
2022-06-22 17:10:10 info: [0mGET /api/causas/obtenerCausas [32m201[0m 76.779 ms - -[0m
2022-06-22 17:10:10 info: [0mGET /api/causas/obtenerCausas [32m201[0m 75.277 ms - -[0m
2022-06-22 17:10:10 info: [0mGET /api/causas/obtenerCausas [32m201[0m 75.462 ms - -[0m
2022-06-22 17:10:10 info: [0mGET /api/causas/obtenerCausas [32m201[0m 90.635 ms - -[0m
2022-06-22 17:10:10 info: [0mGET /api/causas/obtenerCausas [32m201[0m 74.741 ms - -[0m
2022-06-22 17:10:24 info: [0mGET /api/causas/obtenerCausas [32m201[0m 105.497 ms - -[0m
2022-06-22 17:12:00 info: [0mGET /api/causas/obtenerCausas [32m201[0m 76.960 ms - -[0m
2022-06-22 17:12:28 info: [0mGET /api/causas/obtenerCausas [32m201[0m 74.601 ms - -[0m
2022-06-22 17:12:50 info: [0mGET /api/clients/getAllClients [36m304[0m 79.452 ms - -[0m
2022-06-22 17:12:52 info: [0mGET /api/users/getAbogados [36m304[0m 74.764 ms - -[0m
2022-06-22 17:12:54 info: [0mGET /api/servicios/obtenerTipoServicios [36m304[0m 73.451 ms - -[0m
2022-06-22 17:12:56 info: [0mGET /api/servicios/obtenerProcedimientos [36m304[0m 76.333 ms - -[0m
2022-06-22 17:13:49 info: [0mPOST /api/causas/guardarCausa [32m201[0m 170.636 ms - -[0m
2022-06-22 17:13:49 info: [0mGET /api/causas/obtenerCausas [32m201[0m 76.441 ms - -[0m
2022-06-22 17:13:49 info: [0mGET /api/causas/obtenerCausas [32m201[0m 75.199 ms - -[0m
2022-06-22 17:13:50 info: [0mGET /api/causas/obtenerCausas [32m201[0m 76.074 ms - -[0m
2022-06-22 17:13:50 info: [0mGET /api/causas/obtenerCausas [32m201[0m 75.811 ms - -[0m
2022-06-22 17:13:50 info: [0mGET /api/causas/obtenerCausas [32m201[0m 74.574 ms - -[0m
2022-06-22 17:13:50 info: [0mGET /api/causas/obtenerCausas [32m201[0m 75.174 ms - -[0m
2022-06-22 17:13:50 info: [0mGET /api/causas/obtenerCausas [32m201[0m 77.965 ms - -[0m
2022-06-22 17:13:51 info: [0mGET /api/causas/obtenerCausas [32m201[0m 72.959 ms - -[0m
2022-06-22 17:13:51 info: [0mGET /api/causas/obtenerCausas [32m201[0m 74.822 ms - -[0m
2022-06-22 17:13:51 info: [0mGET /api/causas/obtenerCausas [32m201[0m 73.943 ms - -[0m
2022-06-22 17:13:51 info: [0mGET /api/causas/obtenerCausas [32m201[0m 77.379 ms - -[0m
2022-06-22 17:13:51 info: [0mGET /api/causas/obtenerCausas [32m201[0m 77.897 ms - -[0m
2022-06-22 17:13:52 info: [0mGET /api/causas/obtenerCausas [32m201[0m 74.685 ms - -[0m
2022-06-22 17:13:52 info: [0mGET /api/causas/obtenerCausas [32m201[0m 75.638 ms - -[0m
2022-06-22 17:13:52 info: [0mGET /api/causas/obtenerCausas [32m201[0m 76.637 ms - -[0m
2022-06-22 17:13:52 info: [0mGET /api/causas/obtenerCausas [32m201[0m 76.004 ms - -[0m
2022-06-22 17:14:57 info: [0mGET /api/causas/obtenerCausas [32m201[0m 78.882 ms - -[0m
2022-06-22 17:15:13 info: [0mGET /api/causas/obtenerCausas [32m201[0m 77.591 ms - -[0m
2022-06-22 17:16:03 info: [0mGET /api/causas/obtenerCausas [32m201[0m 81.788 ms - -[0m
2022-06-22 17:16:45 info: [0mGET /api/causas/obtenerCausas [32m201[0m 73.526 ms - -[0m
2022-06-22 17:17:56 info: [0mGET /api/causas/obtenerCausas [32m201[0m 76.656 ms - -[0m
2022-06-22 17:19:34 info: [0mPOST /api/clients/getClientById/ [32m201[0m 84.345 ms - 524[0m
2022-06-22 17:19:35 info: [0mPOST /api/clients/getClientById/ [32m201[0m 74.022 ms - 524[0m
2022-06-22 17:19:35 info: [0mPOST /api/clients/getClientById/ [32m201[0m 74.606 ms - 524[0m
2022-06-22 17:19:35 info: [0mPOST /api/clients/getClientById/ [32m201[0m 93.499 ms - 524[0m
2022-06-22 17:19:35 info: [0mPOST /api/clients/getClientById/ [32m201[0m 90.801 ms - 524[0m
2022-06-22 17:19:35 info: [0mPOST /api/clients/getClientById/ [32m201[0m 95.208 ms - 524[0m
2022-06-22 17:20:07 info: [0mGET /api/causas/obtenerCausas [32m201[0m 77.109 ms - -[0m
2022-06-22 17:20:07 info: [0mPOST /api/clients/getClientById/ [32m201[0m 78.988 ms - 524[0m
2022-06-22 17:20:07 info: [0mPOST /api/clients/getClientById/ [32m201[0m 75.781 ms - 524[0m
2022-06-22 17:20:07 info: [0mPOST /api/clients/getClientById/ [32m201[0m 76.931 ms - 524[0m
2022-06-22 17:20:07 info: [0mPOST /api/clients/getClientById/ [32m201[0m 80.970 ms - 524[0m
2022-06-22 17:20:07 info: [0mPOST /api/clients/getClientById/ [32m201[0m 79.925 ms - 524[0m
2022-06-22 17:20:07 info: [0mPOST /api/clients/getClientById/ [32m201[0m 78.901 ms - 524[0m
2022-06-22 17:21:17 info: [0mGET /api/causas/obtenerCausas [32m201[0m 74.893 ms - -[0m
2022-06-22 17:21:17 info: [0mPOST /api/clients/getClientById/ [32m201[0m 76.190 ms - 524[0m
2022-06-22 17:21:17 info: [0mPOST /api/clients/getClientById/ [32m201[0m 84.024 ms - 524[0m
2022-06-22 17:21:17 info: [0mPOST /api/clients/getClientById/ [32m201[0m 81.597 ms - 524[0m
2022-06-22 17:21:17 info: [0mPOST /api/clients/getClientById/ [32m201[0m 85.898 ms - 524[0m
2022-06-22 17:21:17 info: [0mPOST /api/clients/getClientById/ [32m201[0m 85.156 ms - 524[0m
2022-06-22 17:21:17 info: [0mPOST /api/clients/getClientById/ [32m201[0m 76.695 ms - 524[0m
2022-06-22 17:22:48 info: [0mGET /api/causas/obtenerCausas [32m201[0m 83.480 ms - -[0m
2022-06-22 17:22:48 info: [0mPOST /api/clients/getClientById/ [32m201[0m 74.929 ms - 524[0m
2022-06-22 17:22:48 info: [0mPOST /api/clients/getClientById/ [32m201[0m 70.440 ms - 524[0m
2022-06-22 17:22:48 info: [0mPOST /api/clients/getClientById/ [32m201[0m 76.833 ms - 524[0m
2022-06-22 17:22:48 info: [0mPOST /api/clients/getClientById/ [32m201[0m 77.865 ms - 524[0m
2022-06-22 17:22:48 info: [0mPOST /api/clients/getClientById/ [32m201[0m 77.981 ms - 524[0m
2022-06-22 17:22:48 info: [0mPOST /api/clients/getClientById/ [32m201[0m 78.603 ms - 524[0m
2022-06-22 17:23:19 info: [0mGET /api/causas/obtenerCausas [32m201[0m 80.131 ms - -[0m
2022-06-22 17:23:19 info: [0mPOST /api/clients/getClientById/ [32m201[0m 85.191 ms - 524[0m
2022-06-22 17:23:19 info: [0mPOST /api/clients/getClientById/ [32m201[0m 71.665 ms - 524[0m
2022-06-22 17:23:19 info: [0mPOST /api/clients/getClientById/ [32m201[0m 73.940 ms - 524[0m
2022-06-22 17:23:19 info: [0mPOST /api/clients/getClientById/ [32m201[0m 73.591 ms - 524[0m
2022-06-22 17:23:19 info: [0mPOST /api/clients/getClientById/ [32m201[0m 79.168 ms - 524[0m
2022-06-22 17:23:19 info: [0mPOST /api/clients/getClientById/ [32m201[0m 76.335 ms - 524[0m
2022-06-22 17:24:00 info: [0mGET /api/causas/obtenerCausas [32m201[0m 76.530 ms - -[0m
2022-06-22 17:24:00 info: [0mPOST /api/clients/getClientById/ [32m201[0m 82.951 ms - 524[0m
2022-06-22 17:24:00 info: [0mPOST /api/clients/getClientById/ [32m201[0m 74.676 ms - 524[0m
2022-06-22 17:24:00 info: [0mPOST /api/clients/getClientById/ [32m201[0m 77.292 ms - 524[0m
2022-06-22 17:24:00 info: [0mPOST /api/clients/getClientById/ [32m201[0m 81.182 ms - 524[0m
2022-06-22 17:24:00 info: [0mPOST /api/clients/getClientById/ [32m201[0m 80.497 ms - 524[0m
2022-06-22 17:24:00 info: [0mPOST /api/clients/getClientById/ [32m201[0m 81.110 ms - 524[0m
2022-06-22 17:25:31 info: [0mGET /api/causas/obtenerCausas [32m201[0m 88.213 ms - -[0m
2022-06-22 17:25:31 info: [0mPOST /api/clients/getClientById/ [32m201[0m 75.123 ms - 524[0m
2022-06-22 17:25:31 info: [0mPOST /api/clients/getClientById/ [32m201[0m 86.278 ms - 524[0m
2022-06-22 17:25:31 info: [0mPOST /api/clients/getClientById/ [32m201[0m 81.839 ms - 524[0m
2022-06-22 17:25:31 info: [0mPOST /api/clients/getClientById/ [32m201[0m 87.974 ms - 524[0m
2022-06-22 17:25:31 info: [0mPOST /api/clients/getClientById/ [32m201[0m 83.525 ms - 524[0m
2022-06-22 17:25:31 info: [0mPOST /api/clients/getClientById/ [32m201[0m 82.829 ms - 524[0m
2022-06-22 17:25:33 info: [0mGET /api/causas/obtenerCausas [32m201[0m 77.564 ms - -[0m
2022-06-22 17:25:33 info: [0mPOST /api/clients/getClientById/ [32m201[0m 79.749 ms - 524[0m
2022-06-22 17:25:33 info: [0mPOST /api/clients/getClientById/ [32m201[0m 89.533 ms - 524[0m
2022-06-22 17:25:33 info: [0mPOST /api/clients/getClientById/ [32m201[0m 82.302 ms - 524[0m
2022-06-22 17:25:33 info: [0mPOST /api/clients/getClientById/ [32m201[0m 91.112 ms - 524[0m
2022-06-22 17:25:33 info: [0mPOST /api/clients/getClientById/ [32m201[0m 94.154 ms - 524[0m
2022-06-22 17:25:33 info: [0mPOST /api/clients/getClientById/ [32m201[0m 90.822 ms - 524[0m
2022-06-22 17:36:15 info: [0mGET /api/causas/obtenerCausas [32m201[0m 75.465 ms - -[0m
2022-06-22 17:36:15 info: [0mPOST /api/clients/getClientById/ [32m201[0m 76.224 ms - 524[0m
2022-06-22 17:36:15 info: [0mPOST /api/clients/getClientById/ [32m201[0m 72.877 ms - 524[0m
2022-06-22 17:36:15 info: [0mPOST /api/clients/getClientById/ [32m201[0m 77.718 ms - 524[0m
2022-06-22 17:36:29 info: [0mGET /api/causas/obtenerCausas [32m201[0m 71.300 ms - -[0m
2022-06-22 17:36:30 info: [0mPOST /api/clients/getClientById/ [32m201[0m 74.481 ms - 524[0m
2022-06-22 17:36:30 info: [0mPOST /api/clients/getClientById/ [32m201[0m 81.218 ms - 524[0m
2022-06-22 17:36:30 info: [0mPOST /api/clients/getClientById/ [32m201[0m 83.364 ms - 524[0m
2022-06-22 17:37:28 info: [0mGET /api/causas/obtenerCausas [32m201[0m 74.120 ms - -[0m
2022-06-22 17:37:29 info: [0mPOST /api/clients/getClientById/ [32m201[0m 73.687 ms - 524[0m
2022-06-22 17:37:29 info: [0mPOST /api/clients/getClientById/ [32m201[0m 76.723 ms - 524[0m
2022-06-22 17:37:29 info: [0mPOST /api/clients/getClientById/ [32m201[0m 77.180 ms - 524[0m
2022-06-22 17:37:29 info: [0mPOST /api/users/user/62a9f2e7ea9f11009ba952bd [32m200[0m 148.331 ms - 528[0m
2022-06-22 17:37:29 info: [0mPOST /api/users/user/62ab9563e95c34004d33f06b [32m200[0m 159.556 ms - 513[0m
2022-06-22 17:37:29 info: [0mPOST /api/users/user/62a9f2e7ea9f11009ba952bd [32m200[0m 168.222 ms - 528[0m
2022-06-22 17:38:50 info: [0mGET /api/causas/obtenerCausas [32m201[0m 78.953 ms - -[0m
2022-06-22 17:38:50 info: [0mPOST /api/clients/getClientById/ [32m201[0m 74.434 ms - 524[0m
2022-06-22 17:38:51 info: [0mPOST /api/clients/getClientById/ [32m201[0m 72.952 ms - 524[0m
2022-06-22 17:38:51 info: [0mPOST /api/clients/getClientById/ [32m201[0m 75.199 ms - 524[0m
2022-06-22 17:38:51 info: [0mPOST /api/users/user/62a9f2e7ea9f11009ba952bd [32m200[0m 150.147 ms - 528[0m
2022-06-22 17:38:51 info: [0mPOST /api/users/user/62ab9563e95c34004d33f06b [32m200[0m 154.826 ms - 513[0m
2022-06-22 17:38:51 info: [0mPOST /api/users/user/62a9f2e7ea9f11009ba952bd [32m200[0m 146.258 ms - 528[0m
2022-06-22 17:44:24 info: [0mGET /api/causas/obtenerCausas [32m201[0m 84.497 ms - -[0m
2022-06-22 17:44:24 info: [0mPOST /api/clients/getClientById/ [32m201[0m 72.505 ms - 524[0m
2022-06-22 17:44:24 info: [0mPOST /api/clients/getClientById/ [32m201[0m 73.236 ms - 524[0m
2022-06-22 17:44:24 info: [0mPOST /api/clients/getClientById/ [32m201[0m 77.421 ms - 524[0m
2022-06-22 17:44:25 info: [0mPOST /api/users/user/62a9f2e7ea9f11009ba952bd [32m200[0m 149.360 ms - 528[0m
2022-06-22 17:44:25 info: [0mPOST /api/users/user/62ab9563e95c34004d33f06b [32m200[0m 153.697 ms - 513[0m
2022-06-22 17:44:25 info: [0mPOST /api/users/user/62a9f2e7ea9f11009ba952bd [32m200[0m 148.223 ms - 528[0m
2022-06-22 17:47:23 info: [0mGET /api/causas/obtenerCausas [32m201[0m 75.801 ms - -[0m
2022-06-22 17:47:23 info: [0mPOST /api/clients/getClientById/ [32m201[0m 91.160 ms - 524[0m
2022-06-22 17:47:23 info: [0mPOST /api/clients/getClientById/ [32m201[0m 72.904 ms - 524[0m
2022-06-22 17:47:23 info: [0mPOST /api/clients/getClientById/ [32m201[0m 89.922 ms - 524[0m
2022-06-22 17:47:23 info: [0mPOST /api/users/user/62a9f2e7ea9f11009ba952bd [32m200[0m 152.624 ms - 528[0m
2022-06-22 17:47:24 info: [0mPOST /api/users/user/62ab9563e95c34004d33f06b [32m200[0m 143.535 ms - 513[0m
2022-06-22 17:47:24 info: [0mGET /api/servicios/obtenerTipoServicios/ [36m304[0m 75.394 ms - -[0m
2022-06-22 17:47:24 info: [0mPOST /api/users/user/62a9f2e7ea9f11009ba952bd [32m200[0m 161.122 ms - 528[0m
2022-06-22 17:47:24 info: [0mGET /api/servicios/obtenerTipoServicios/ [36m304[0m 74.179 ms - -[0m
2022-06-22 17:47:24 info: [0mGET /api/servicios/obtenerTipoServicios/ [36m304[0m 71.669 ms - -[0m
2022-06-22 17:47:27 info: [0mGET /api/causas/obtenerCausas [32m201[0m 79.258 ms - -[0m
2022-06-22 17:47:27 info: [0mPOST /api/clients/getClientById/ [32m201[0m 77.685 ms - 524[0m
2022-06-22 17:47:27 info: [0mPOST /api/clients/getClientById/ [32m201[0m 78.646 ms - 524[0m
2022-06-22 17:47:27 info: [0mPOST /api/clients/getClientById/ [32m201[0m 77.505 ms - 524[0m
2022-06-22 17:47:27 info: [0mPOST /api/users/user/62a9f2e7ea9f11009ba952bd [32m200[0m 155.576 ms - 528[0m
2022-06-22 17:47:27 info: [0mPOST /api/users/user/62ab9563e95c34004d33f06b [32m200[0m 155.390 ms - 513[0m
2022-06-22 17:47:28 info: [0mPOST /api/users/user/62a9f2e7ea9f11009ba952bd [32m200[0m 154.487 ms - 528[0m
2022-06-22 17:47:28 info: [0mGET /api/servicios/obtenerTipoServicios/ [36m304[0m 70.019 ms - -[0m
2022-06-22 17:47:28 info: [0mGET /api/servicios/obtenerTipoServicios/ [36m304[0m 73.310 ms - -[0m
2022-06-22 17:47:28 info: [0mGET /api/servicios/obtenerTipoServicios/ [36m304[0m 71.215 ms - -[0m
2022-06-22 17:47:43 info: [0mGET /api/causas/obtenerCausas [32m201[0m 76.699 ms - -[0m
2022-06-22 17:47:44 info: [0mGET /api/servicios/obtenerTipoServicios/ [36m304[0m 75.497 ms - -[0m
2022-06-22 17:47:44 info: [0mGET /api/servicios/obtenerTipoServicios/ [36m304[0m 75.055 ms - -[0m
2022-06-22 17:47:44 info: [0mGET /api/servicios/obtenerTipoServicios/ [36m304[0m 79.436 ms - -[0m
2022-06-22 17:47:44 info: [0mPOST /api/clients/getClientById/ [32m201[0m 83.804 ms - 524[0m
2022-06-22 17:47:44 info: [0mPOST /api/clients/getClientById/ [32m201[0m 73.331 ms - 524[0m
2022-06-22 17:47:44 info: [0mPOST /api/clients/getClientById/ [32m201[0m 76.708 ms - 524[0m
2022-06-22 17:47:45 info: [0mPOST /api/users/user/62a9f2e7ea9f11009ba952bd [32m200[0m 147.498 ms - 528[0m
2022-06-22 17:47:45 info: [0mPOST /api/users/user/62ab9563e95c34004d33f06b [32m200[0m 147.922 ms - 513[0m
2022-06-22 17:47:45 info: [0mPOST /api/users/user/62a9f2e7ea9f11009ba952bd [32m200[0m 147.507 ms - 528[0m
2022-06-22 17:47:47 info: [0mGET /api/causas/obtenerCausas [32m201[0m 83.502 ms - -[0m
2022-06-22 17:47:47 info: [0mGET /api/servicios/obtenerTipoServicios/ [36m304[0m 91.246 ms - -[0m
2022-06-22 17:47:47 info: [0mGET /api/servicios/obtenerTipoServicios/ [36m304[0m 86.989 ms - -[0m
2022-06-22 17:47:48 info: [0mPOST /api/clients/getClientById/ [32m201[0m 82.236 ms - 524[0m
2022-06-22 17:47:48 info: [0mGET /api/servicios/obtenerTipoServicios/ [36m304[0m 74.816 ms - -[0m
2022-06-22 17:47:48 info: [0mPOST /api/clients/getClientById/ [32m201[0m 77.444 ms - 524[0m
2022-06-22 17:47:48 info: [0mPOST /api/clients/getClientById/ [32m201[0m 73.862 ms - 524[0m
2022-06-22 17:47:48 info: [0mPOST /api/users/user/62a9f2e7ea9f11009ba952bd [32m200[0m 150.890 ms - 528[0m
2022-06-22 17:47:48 info: [0mPOST /api/users/user/62ab9563e95c34004d33f06b [32m200[0m 154.262 ms - 513[0m
2022-06-22 17:47:48 info: [0mPOST /api/users/user/62a9f2e7ea9f11009ba952bd [32m200[0m 150.004 ms - 528[0m
2022-06-22 17:47:52 info: [0mGET /api/causas/obtenerCausas [32m201[0m 81.171 ms - -[0m
2022-06-22 17:47:53 info: [0mGET /api/servicios/obtenerTipoServicios/ [36m304[0m 76.716 ms - -[0m
2022-06-22 17:47:53 info: [0mGET /api/servicios/obtenerTipoServicios/ [36m304[0m 74.990 ms - -[0m
2022-06-22 17:47:53 info: [0mPOST /api/clients/getClientById/ [32m201[0m 77.068 ms - 524[0m
2022-06-22 17:47:53 info: [0mGET /api/servicios/obtenerTipoServicios/ [36m304[0m 73.905 ms - -[0m
2022-06-22 17:47:53 info: [0mPOST /api/clients/getClientById/ [32m201[0m 70.892 ms - 524[0m
2022-06-22 17:47:53 info: [0mPOST /api/clients/getClientById/ [32m201[0m 74.052 ms - 524[0m
2022-06-22 17:47:53 info: [0mPOST /api/users/user/62a9f2e7ea9f11009ba952bd [32m200[0m 158.444 ms - 528[0m
2022-06-22 17:47:53 info: [0mPOST /api/users/user/62ab9563e95c34004d33f06b [32m200[0m 142.340 ms - 513[0m
2022-06-22 17:47:53 info: [0mPOST /api/users/user/62a9f2e7ea9f11009ba952bd [32m200[0m 147.070 ms - 528[0m
2022-06-22 17:48:18 info: [0mGET /api/causas/obtenerCausas [32m201[0m 78.377 ms - -[0m
2022-06-22 17:48:18 info: [0mGET /api/servicios/obtenerTipoServicios/ [36m304[0m 77.623 ms - -[0m
2022-06-22 17:48:18 info: [0mGET /api/servicios/obtenerTipoServicios/ [36m304[0m 72.322 ms - -[0m
2022-06-22 17:48:18 info: [0mPOST /api/clients/getClientById/ [32m201[0m 75.260 ms - 524[0m
2022-06-22 17:48:18 info: [0mGET /api/servicios/obtenerTipoServicios/ [36m304[0m 77.249 ms - -[0m
2022-06-22 17:48:19 info: [0mPOST /api/clients/getClientById/ [32m201[0m 72.735 ms - 524[0m
2022-06-22 17:48:19 info: [0mPOST /api/clients/getClientById/ [32m201[0m 76.721 ms - 524[0m
2022-06-22 17:48:19 info: [0mPOST /api/users/user/62a9f2e7ea9f11009ba952bd [32m200[0m 151.933 ms - 528[0m
2022-06-22 17:48:19 info: [0mPOST /api/users/user/62ab9563e95c34004d33f06b [32m200[0m 145.770 ms - 513[0m
2022-06-22 17:48:19 info: [0mPOST /api/users/user/62a9f2e7ea9f11009ba952bd [32m200[0m 150.676 ms - 528[0m
2022-06-22 17:48:24 info: [0mGET /api/causas/obtenerCausas [32m201[0m 73.400 ms - -[0m
2022-06-22 17:48:24 info: [0mGET /api/servicios/obtenerTipoServicios/ [36m304[0m 73.529 ms - -[0m
2022-06-22 17:48:24 info: [0mGET /api/servicios/obtenerTipoServicios/ [36m304[0m 98.594 ms - -[0m
2022-06-22 17:48:24 info: [0mPOST /api/clients/getClientById/ [32m201[0m 72.334 ms - 524[0m
2022-06-22 17:48:24 info: [0mGET /api/servicios/obtenerTipoServicios/ [36m304[0m 80.458 ms - -[0m
2022-06-22 17:48:24 info: [0mPOST /api/clients/getClientById/ [32m201[0m 75.673 ms - 524[0m
2022-06-22 17:48:25 info: [0mPOST /api/clients/getClientById/ [32m201[0m 94.756 ms - 524[0m
2022-06-22 17:48:25 info: [0mPOST /api/users/user/62a9f2e7ea9f11009ba952bd [32m200[0m 148.776 ms - 528[0m
2022-06-22 17:48:25 info: [0mPOST /api/users/user/62ab9563e95c34004d33f06b [32m200[0m 145.096 ms - 513[0m
2022-06-22 17:48:25 info: [0mPOST /api/users/user/62a9f2e7ea9f11009ba952bd [32m200[0m 144.834 ms - 528[0m
2022-06-22 17:48:32 info: [0mGET /api/causas/obtenerCausas [32m201[0m 77.030 ms - -[0m
2022-06-22 17:48:32 info: [0mGET /api/servicios/obtenerTipoServicios/ [36m304[0m 75.557 ms - -[0m
2022-06-22 17:48:32 info: [0mPOST /api/clients/getClientById/ [32m201[0m 75.791 ms - 524[0m
2022-06-22 17:48:32 info: [0mGET /api/servicios/obtenerTipoServicios/ [36m304[0m 81.092 ms - -[0m
2022-06-22 17:48:32 info: [0mGET /api/servicios/obtenerTipoServicios/ [36m304[0m 74.295 ms - -[0m
2022-06-22 17:48:32 info: [0mPOST /api/clients/getClientById/ [32m201[0m 79.367 ms - 524[0m
2022-06-22 17:48:32 info: [0mPOST /api/users/user/62a9f2e7ea9f11009ba952bd [32m200[0m 154.937 ms - 528[0m
2022-06-22 17:48:33 info: [0mPOST /api/clients/getClientById/ [32m201[0m 72.640 ms - 524[0m
2022-06-22 17:48:33 info: [0mPOST /api/users/user/62a9f2e7ea9f11009ba952bd [32m200[0m 151.872 ms - 528[0m
2022-06-22 17:48:33 info: [0mPOST /api/users/user/62ab9563e95c34004d33f06b [32m200[0m 157.899 ms - 513[0m
2022-06-22 17:48:47 info: [0mGET /api/causas/obtenerCausas [32m201[0m 79.020 ms - -[0m
2022-06-22 17:48:47 info: [0mGET /api/servicios/obtenerTipoServicios/ [36m304[0m 78.942 ms - -[0m
2022-06-22 17:48:48 info: [0mGET /api/servicios/obtenerTipoServicios/ [36m304[0m 76.537 ms - -[0m
2022-06-22 17:48:48 info: [0mGET /api/servicios/obtenerTipoServicios/ [36m304[0m 73.052 ms - -[0m
2022-06-22 17:48:48 info: [0mPOST /api/clients/getClientById/ [32m201[0m 78.587 ms - 524[0m
2022-06-22 17:48:48 info: [0mPOST /api/clients/getClientById/ [32m201[0m 75.071 ms - 524[0m
2022-06-22 17:48:48 info: [0mPOST /api/clients/getClientById/ [32m201[0m 76.201 ms - 524[0m
2022-06-22 17:48:48 info: [0mPOST /api/users/user/62a9f2e7ea9f11009ba952bd [32m200[0m 150.916 ms - 528[0m
2022-06-22 17:48:48 info: [0mPOST /api/users/user/62a9f2e7ea9f11009ba952bd [32m200[0m 150.769 ms - 528[0m
2022-06-22 17:48:49 info: [0mPOST /api/users/user/62ab9563e95c34004d33f06b [32m200[0m 144.366 ms - 513[0m
2022-06-22 17:48:51 info: [0mGET /api/causas/obtenerCausas [32m201[0m 74.576 ms - -[0m
2022-06-22 17:48:51 info: [0mGET /api/servicios/obtenerTipoServicios/ [36m304[0m 74.768 ms - -[0m
2022-06-22 17:48:51 info: [0mGET /api/servicios/obtenerTipoServicios/ [36m304[0m 75.518 ms - -[0m
2022-06-22 17:48:51 info: [0mPOST /api/clients/getClientById/ [32m201[0m 73.638 ms - 524[0m
2022-06-22 17:48:51 info: [0mGET /api/servicios/obtenerTipoServicios/ [36m304[0m 76.798 ms - -[0m
2022-06-22 17:48:51 info: [0mPOST /api/clients/getClientById/ [32m201[0m 78.385 ms - 524[0m
2022-06-22 17:48:51 info: [0mPOST /api/clients/getClientById/ [32m201[0m 75.912 ms - 524[0m
2022-06-22 17:48:51 info: [0mPOST /api/users/user/62a9f2e7ea9f11009ba952bd [32m200[0m 158.837 ms - 528[0m
2022-06-22 17:48:51 info: [0mPOST /api/users/user/62ab9563e95c34004d33f06b [32m200[0m 144.009 ms - 513[0m
2022-06-22 17:48:52 info: [0mPOST /api/users/user/62a9f2e7ea9f11009ba952bd [32m200[0m 160.733 ms - 528[0m
2022-06-22 17:49:17 info: [0mGET /api/causas/obtenerCausas [32m201[0m 75.587 ms - -[0m
2022-06-22 17:49:17 info: [0mGET /api/servicios/obtenerTipoServicios/ [36m304[0m 72.245 ms - -[0m
2022-06-22 17:49:18 info: [0mGET /api/servicios/obtenerTipoServicios/ [36m304[0m 75.958 ms - -[0m
2022-06-22 17:49:18 info: [0mPOST /api/clients/getClientById/ [32m201[0m 80.198 ms - 524[0m
2022-06-22 17:49:18 info: [0mGET /api/servicios/obtenerTipoServicios/ [36m304[0m 74.009 ms - -[0m
2022-06-22 17:49:18 info: [0mPOST /api/clients/getClientById/ [32m201[0m 75.286 ms - 524[0m
2022-06-22 17:49:18 info: [0mPOST /api/clients/getClientById/ [32m201[0m 72.701 ms - 524[0m
2022-06-22 17:49:18 info: [0mPOST /api/users/user/62a9f2e7ea9f11009ba952bd [32m200[0m 149.054 ms - 528[0m
2022-06-22 17:49:19 info: [0mPOST /api/users/user/62a9f2e7ea9f11009ba952bd [32m200[0m 147.967 ms - 528[0m
2022-06-22 17:49:19 info: [0mPOST /api/users/user/62ab9563e95c34004d33f06b [32m200[0m 150.250 ms - 513[0m
2022-06-22 17:49:33 info: [0mGET /api/causas/obtenerCausas [32m201[0m 76.594 ms - -[0m
2022-06-22 17:49:33 info: [0mGET /api/servicios/obtenerTipoServicios/ [36m304[0m 70.886 ms - -[0m
2022-06-22 17:49:33 info: [0mGET /api/servicios/obtenerTipoServicios/ [36m304[0m 73.207 ms - -[0m
2022-06-22 17:49:34 info: [0mPOST /api/clients/getClientById/ [32m201[0m 74.858 ms - 524[0m
2022-06-22 17:49:34 info: [0mGET /api/servicios/obtenerTipoServicios/ [36m304[0m 74.034 ms - -[0m
2022-06-22 17:49:34 info: [0mPOST /api/clients/getClientById/ [32m201[0m 72.555 ms - 524[0m
2022-06-22 17:49:34 info: [0mPOST /api/users/user/62a9f2e7ea9f11009ba952bd [32m200[0m 151.173 ms - 528[0m
2022-06-22 17:49:34 info: [0mPOST /api/clients/getClientById/ [32m201[0m 72.138 ms - 524[0m
2022-06-22 17:49:34 info: [0mPOST /api/users/user/62ab9563e95c34004d33f06b [32m200[0m 151.754 ms - 513[0m
2022-06-22 17:49:34 info: [0mPOST /api/users/user/62a9f2e7ea9f11009ba952bd [32m200[0m 144.533 ms - 528[0m
2022-06-22 17:50:26 info: [0mGET /api/causas/obtenerCausas [32m201[0m 74.394 ms - -[0m
2022-06-22 17:50:27 info: [0mGET /api/servicios/obtenerTipoServicios/ [36m304[0m 75.569 ms - -[0m
2022-06-22 17:50:27 info: [0mPOST /api/clients/getClientById/ [32m201[0m 76.816 ms - 524[0m
2022-06-22 17:50:27 info: [0mPOST /api/clients/getClientById/ [32m201[0m 78.629 ms - 524[0m
2022-06-22 17:50:27 info: [0mPOST /api/clients/getClientById/ [32m201[0m 82.627 ms - 524[0m
2022-06-22 17:50:27 info: [0mGET /api/servicios/obtenerTipoServicios/ [36m304[0m 72.239 ms - -[0m
2022-06-22 17:50:27 info: [0mGET /api/servicios/obtenerTipoServicios/ [36m304[0m 78.946 ms - -[0m
2022-06-22 17:50:27 info: [0mPOST /api/users/user/62a9f2e7ea9f11009ba952bd [32m200[0m 146.844 ms - 528[0m
2022-06-22 17:50:27 info: [0mPOST /api/users/user/62ab9563e95c34004d33f06b [32m200[0m 154.456 ms - 513[0m
2022-06-22 17:50:27 info: [0mPOST /api/users/user/62a9f2e7ea9f11009ba952bd [32m200[0m 163.335 ms - 528[0m
2022-06-22 17:50:34 info: [0mGET /api/causas/obtenerCausas [32m201[0m 77.169 ms - -[0m
2022-06-22 17:50:34 info: [0mGET /api/causas/obtenerCausas [32m201[0m 75.608 ms - -[0m
2022-06-22 17:50:34 info: [0mGET /api/servicios/obtenerTipoServicios/ [36m304[0m 75.958 ms - -[0m
2022-06-22 17:50:34 info: [0mGET /api/servicios/obtenerTipoServicios/ [36m304[0m 73.828 ms - -[0m
2022-06-22 17:50:34 info: [0mGET /api/causas/obtenerCausas [32m201[0m 79.342 ms - -[0m
2022-06-22 17:50:34 info: [0mPOST /api/clients/getClientById/ [32m201[0m 80.167 ms - 524[0m
2022-06-22 17:50:35 info: [0mGET /api/servicios/obtenerTipoServicios/ [36m304[0m 72.130 ms - -[0m
2022-06-22 17:50:35 info: [0mPOST /api/clients/getClientById/ [32m201[0m 75.940 ms - 524[0m
2022-06-22 17:50:35 info: [0mGET /api/causas/obtenerCausas [32m201[0m 87.153 ms - -[0m
2022-06-22 17:50:35 info: [0mPOST /api/users/user/62a9f2e7ea9f11009ba952bd [32m200[0m 159.668 ms - 528[0m
2022-06-22 17:50:35 info: [0mGET /api/servicios/obtenerTipoServicios/ [36m304[0m 74.547 ms - -[0m
2022-06-22 17:50:35 info: [0mPOST /api/clients/getClientById/ [32m201[0m 74.531 ms - 524[0m
2022-06-22 17:50:35 info: [0mPOST /api/clients/getClientById/ [32m201[0m 70.928 ms - 524[0m
2022-06-22 17:50:35 info: [0mPOST /api/clients/getClientById/ [32m201[0m 74.838 ms - 524[0m
2022-06-22 17:50:35 info: [0mPOST /api/users/user/62ab9563e95c34004d33f06b [32m200[0m 153.703 ms - 513[0m
2022-06-22 17:50:35 info: [0mPOST /api/clients/getClientById/ [32m201[0m 69.947 ms - 524[0m
2022-06-22 17:50:35 info: [0mPOST /api/clients/getClientById/ [32m201[0m 73.370 ms - 524[0m
2022-06-22 17:50:35 info: [0mGET /api/servicios/obtenerTipoServicios/ [36m304[0m 78.930 ms - -[0m
2022-06-22 17:50:36 info: [0mPOST /api/users/user/62a9f2e7ea9f11009ba952bd [32m200[0m 148.131 ms - 528[0m
2022-06-22 17:50:36 info: [0mPOST /api/users/user/62a9f2e7ea9f11009ba952bd [32m200[0m 153.759 ms - 528[0m
2022-06-22 17:50:36 info: [0mPOST /api/users/user/62ab9563e95c34004d33f06b [32m200[0m 140.575 ms - 513[0m
2022-06-22 17:50:36 info: [0mPOST /api/users/user/62a9f2e7ea9f11009ba952bd [32m200[0m 145.099 ms - 528[0m
2022-06-22 17:50:36 info: [0mGET /api/servicios/obtenerTipoServicios/ [36m304[0m 68.548 ms - -[0m
2022-06-22 17:50:36 info: [0mPOST /api/users/user/62a9f2e7ea9f11009ba952bd [32m200[0m 142.211 ms - 528[0m
2022-06-22 17:50:36 info: [0mPOST /api/clients/getClientById/ [32m201[0m 71.864 ms - 524[0m
2022-06-22 17:50:36 info: [0mGET /api/servicios/obtenerTipoServicios/ [36m304[0m 90.947 ms - -[0m
2022-06-22 17:50:36 info: [0mPOST /api/clients/getClientById/ [32m201[0m 91.881 ms - 524[0m
2022-06-22 17:50:36 info: [0mPOST /api/users/user/62ab9563e95c34004d33f06b [32m200[0m 143.650 ms - 513[0m
2022-06-22 17:50:37 info: [0mGET /api/servicios/obtenerTipoServicios/ [36m304[0m 69.533 ms - -[0m
2022-06-22 17:50:37 info: [0mPOST /api/clients/getClientById/ [32m201[0m 81.130 ms - 524[0m
2022-06-22 17:50:37 info: [0mPOST /api/users/user/62a9f2e7ea9f11009ba952bd [32m200[0m 151.566 ms - 528[0m
2022-06-22 17:50:37 info: [0mGET /api/servicios/obtenerTipoServicios/ [36m304[0m 69.769 ms - -[0m
2022-06-22 17:50:37 info: [0mPOST /api/clients/getClientById/ [32m201[0m 73.913 ms - 524[0m
2022-06-22 17:50:37 info: [0mPOST /api/users/user/62a9f2e7ea9f11009ba952bd [32m200[0m 139.112 ms - 528[0m
2022-06-22 17:50:37 info: [0mGET /api/servicios/obtenerTipoServicios/ [36m304[0m 74.429 ms - -[0m
2022-06-22 17:50:37 info: [0mPOST /api/clients/getClientById/ [32m201[0m 77.714 ms - 524[0m
2022-06-22 17:50:37 info: [0mPOST /api/users/user/62ab9563e95c34004d33f06b [32m200[0m 151.944 ms - 513[0m
2022-06-22 17:50:38 info: [0mGET /api/servicios/obtenerTipoServicios/ [36m304[0m 76.064 ms - -[0m
2022-06-22 17:50:38 info: [0mPOST /api/users/user/62a9f2e7ea9f11009ba952bd [32m200[0m 157.458 ms - 528[0m
2022-06-22 17:50:38 info: [0mGET /api/servicios/obtenerTipoServicios/ [36m304[0m 71.201 ms - -[0m
2022-06-22 17:50:41 info: [0mGET /api/causas/obtenerCausas [32m201[0m 76.104 ms - -[0m
2022-06-22 17:50:41 info: [0mGET /api/causas/obtenerCausas [32m201[0m 74.951 ms - -[0m
2022-06-22 17:50:41 info: [0mGET /api/servicios/obtenerTipoServicios/ [36m304[0m 82.877 ms - -[0m
2022-06-22 17:50:41 info: [0mGET /api/causas/obtenerCausas [32m201[0m 83.278 ms - -[0m
2022-06-22 17:50:41 info: [0mGET /api/servicios/obtenerTipoServicios/ [36m304[0m 74.259 ms - -[0m
2022-06-22 17:50:41 info: [0mGET /api/causas/obtenerCausas [32m201[0m 81.030 ms - -[0m
2022-06-22 17:50:41 info: [0mGET /api/servicios/obtenerTipoServicios/ [36m304[0m 82.931 ms - -[0m
2022-06-22 17:50:41 info: [0mPOST /api/clients/getClientById/ [32m201[0m 87.045 ms - 524[0m
2022-06-22 17:50:42 info: [0mPOST /api/clients/getClientById/ [32m201[0m 70.841 ms - 524[0m
2022-06-22 17:50:42 info: [0mPOST /api/clients/getClientById/ [32m201[0m 73.819 ms - 524[0m
2022-06-22 17:50:42 info: [0mGET /api/servicios/obtenerTipoServicios/ [36m304[0m 74.063 ms - -[0m
2022-06-22 17:50:42 info: [0mPOST /api/clients/getClientById/ [32m201[0m 74.657 ms - 524[0m
2022-06-22 17:50:42 info: [0mPOST /api/clients/getClientById/ [32m201[0m 81.291 ms - 524[0m
2022-06-22 17:50:42 info: [0mPOST /api/clients/getClientById/ [32m201[0m 80.862 ms - 524[0m
2022-06-22 17:50:42 info: [0mPOST /api/users/user/62ab9563e95c34004d33f06b [32m200[0m 147.968 ms - 513[0m
2022-06-22 17:50:42 info: [0mPOST /api/users/user/62a9f2e7ea9f11009ba952bd [32m200[0m 149.219 ms - 528[0m
2022-06-22 17:50:42 info: [0mGET /api/servicios/obtenerTipoServicios/ [36m304[0m 73.427 ms - -[0m
2022-06-22 17:50:42 info: [0mPOST /api/clients/getClientById/ [32m201[0m 73.001 ms - 524[0m
2022-06-22 17:50:42 info: [0mPOST /api/users/user/62a9f2e7ea9f11009ba952bd [32m200[0m 142.707 ms - 528[0m
2022-06-22 17:50:42 info: [0mPOST /api/users/user/62ab9563e95c34004d33f06b [32m200[0m 144.585 ms - 513[0m
2022-06-22 17:50:43 info: [0mGET /api/servicios/obtenerTipoServicios/ [36m304[0m 71.014 ms - -[0m
2022-06-22 17:50:43 info: [0mPOST /api/users/user/62a9f2e7ea9f11009ba952bd [32m200[0m 149.330 ms - 528[0m
2022-06-22 17:50:43 info: [0mPOST /api/users/user/62a9f2e7ea9f11009ba952bd [32m200[0m 158.311 ms - 528[0m
2022-06-22 17:50:43 info: [0mPOST /api/clients/getClientById/ [32m201[0m 74.692 ms - 524[0m
2022-06-22 17:50:43 info: [0mPOST /api/users/user/62a9f2e7ea9f11009ba952bd [32m200[0m 149.835 ms - 528[0m
2022-06-22 17:50:43 info: [0mPOST /api/clients/getClientById/ [0m-[0m - ms - -[0m
2022-06-22 17:50:43 info: [0mGET /api/servicios/obtenerTipoServicios/ [0m-[0m - ms - -[0m
2022-06-22 17:50:44 info: [0mGET /api/causas/obtenerCausas [32m201[0m 75.384 ms - -[0m
2022-06-22 17:50:44 info: [0mGET /api/servicios/obtenerTipoServicios/ [32m200[0m 70.283 ms - 595[0m
2022-06-22 17:50:44 info: [0mPOST /api/clients/getClientById/ [32m201[0m 80.165 ms - 524[0m
2022-06-22 17:50:44 info: [0mPOST /api/clients/getClientById/ [32m201[0m 74.457 ms - 524[0m
2022-06-22 17:50:44 info: [0mPOST /api/clients/getClientById/ [32m201[0m 75.064 ms - 524[0m
2022-06-22 17:50:44 info: [0mGET /api/servicios/obtenerTipoServicios/ [36m304[0m 88.649 ms - -[0m
2022-06-22 17:50:44 info: [0mPOST /api/users/user/62a9f2e7ea9f11009ba952bd [32m200[0m 151.180 ms - 528[0m
2022-06-22 17:50:44 info: [0mPOST /api/users/user/62ab9563e95c34004d33f06b [32m200[0m 147.729 ms - 513[0m
2022-06-22 17:50:44 info: [0mPOST /api/users/user/62a9f2e7ea9f11009ba952bd [32m200[0m 152.264 ms - 528[0m
2022-06-22 17:50:45 info: [0mGET /api/servicios/obtenerTipoServicios/ [36m304[0m 71.629 ms - -[0m
2022-06-22 17:51:10 info: [0mGET /api/causas/obtenerCausas [32m201[0m 75.459 ms - -[0m
2022-06-22 17:51:10 info: [0mGET /api/servicios/obtenerTipoServicios/ [36m304[0m 71.631 ms - -[0m
2022-06-22 17:51:10 info: [0mPOST /api/clients/getClientById/ [32m201[0m 75.379 ms - 524[0m
2022-06-22 17:51:10 info: [0mPOST /api/clients/getClientById/ [32m201[0m 75.378 ms - 524[0m
2022-06-22 17:51:10 info: [0mPOST /api/clients/getClientById/ [32m201[0m 78.211 ms - 524[0m
2022-06-22 17:51:10 info: [0mGET /api/servicios/obtenerTipoServicios/ [36m304[0m 79.969 ms - -[0m
2022-06-22 17:51:10 info: [0mGET /api/servicios/obtenerTipoServicios/ [36m304[0m 83.130 ms - -[0m
2022-06-22 17:51:10 info: [0mPOST /api/users/user/62a9f2e7ea9f11009ba952bd [32m200[0m 145.519 ms - 528[0m
2022-06-22 17:51:10 info: [0mPOST /api/users/user/62ab9563e95c34004d33f06b [32m200[0m 158.543 ms - 513[0m
2022-06-22 17:51:10 info: [0mPOST /api/users/user/62a9f2e7ea9f11009ba952bd [32m200[0m 158.337 ms - 528[0m
2022-06-22 17:53:03 info: [0mGET /api/causas/obtenerCausas [32m201[0m 78.575 ms - -[0m
2022-06-22 17:53:03 info: [0mGET /api/servicios/obtenerTipoServicios/ [36m304[0m 75.248 ms - -[0m
2022-06-22 17:53:03 info: [0mPOST /api/clients/getClientById/ [32m201[0m 74.986 ms - 524[0m
2022-06-22 17:53:03 info: [0mPOST /api/clients/getClientById/ [32m201[0m 80.018 ms - 524[0m
2022-06-22 17:53:03 info: [0mPOST /api/users/user/62a9f2e7ea9f11009ba952bd [32m200[0m 147.339 ms - 528[0m
2022-06-22 17:53:03 info: [0mPOST /api/users/user/62ab9563e95c34004d33f06b [32m200[0m 147.797 ms - 513[0m
2022-06-22 17:53:03 info: [0mPOST /api/users/user/62a9f2e7ea9f11009ba952bd [32m200[0m 149.898 ms - 528[0m
2022-06-22 17:53:03 info: [0mPOST /api/clients/getClientById/ [32m201[0m 73.340 ms - 524[0m
2022-06-22 17:53:04 info: [0mGET /api/servicios/obtenerTipoServicios/ [36m304[0m 73.620 ms - -[0m
2022-06-22 17:53:04 info: [0mGET /api/servicios/obtenerTipoServicios/ [36m304[0m 81.037 ms - -[0m
2022-06-22 17:53:14 info: [0mGET /api/causas/obtenerCausas [32m201[0m 81.683 ms - -[0m
2022-06-22 17:53:15 info: [0mGET /api/servicios/obtenerTipoServicios/ [36m304[0m 75.736 ms - -[0m
2022-06-22 17:53:15 info: [0mPOST /api/clients/getClientById/ [32m201[0m 80.072 ms - 524[0m
2022-06-22 17:53:15 info: [0mPOST /api/clients/getClientById/ [32m201[0m 80.427 ms - 524[0m
2022-06-22 17:53:15 info: [0mPOST /api/clients/getClientById/ [32m201[0m 74.435 ms - 524[0m
2022-06-22 17:53:15 info: [0mGET /api/servicios/obtenerTipoServicios/ [36m304[0m 97.329 ms - -[0m
2022-06-22 17:53:15 info: [0mGET /api/servicios/obtenerTipoServicios/ [36m304[0m 80.635 ms - -[0m
2022-06-22 17:53:15 info: [0mPOST /api/users/user/62a9f2e7ea9f11009ba952bd [32m200[0m 144.516 ms - 528[0m
2022-06-22 17:53:16 info: [0mPOST /api/users/user/62ab9563e95c34004d33f06b [32m200[0m 150.315 ms - 513[0m
2022-06-22 17:53:16 info: [0mPOST /api/users/user/62a9f2e7ea9f11009ba952bd [32m200[0m 143.722 ms - 528[0m
2022-06-22 17:53:58 info: [0mGET /api/causas/obtenerCausas [32m201[0m 74.932 ms - -[0m
2022-06-22 17:53:58 info: [0mGET /api/servicios/obtenerTipoServicios/ [36m304[0m 73.954 ms - -[0m
2022-06-22 17:53:59 info: [0mGET /api/servicios/obtenerTipoServicios/ [36m304[0m 81.057 ms - -[0m
2022-06-22 17:53:59 info: [0mGET /api/servicios/obtenerTipoServicios/ [36m304[0m 76.601 ms - -[0m
2022-06-22 17:53:59 info: [0mPOST /api/users/user/62a9f2e7ea9f11009ba952bd [32m200[0m 153.524 ms - 528[0m
2022-06-22 17:53:59 info: [0mPOST /api/clients/getClientById/ [32m201[0m 82.022 ms - 524[0m
2022-06-22 17:53:59 info: [0mPOST /api/users/user/62ab9563e95c34004d33f06b [32m200[0m 158.715 ms - 513[0m
2022-06-22 17:53:59 info: [0mPOST /api/users/user/62a9f2e7ea9f11009ba952bd [32m200[0m 161.486 ms - 528[0m
2022-06-22 17:54:00 info: [0mPOST /api/clients/getClientById/ [32m201[0m 77.060 ms - 524[0m
2022-06-22 17:54:00 info: [0mPOST /api/clients/getClientById/ [32m201[0m 76.576 ms - 524[0m
2022-06-22 17:54:03 info: [0mGET /api/causas/obtenerCausas [32m201[0m 88.089 ms - -[0m
2022-06-22 17:54:04 info: [0mGET /api/servicios/obtenerTipoServicios/ [36m304[0m 74.831 ms - -[0m
2022-06-22 17:54:04 info: [0mGET /api/servicios/obtenerTipoServicios/ [36m304[0m 73.275 ms - -[0m
2022-06-22 17:54:04 info: [0mGET /api/servicios/obtenerTipoServicios/ [36m304[0m 80.027 ms - -[0m
2022-06-22 17:54:04 info: [0mPOST /api/users/user/62a9f2e7ea9f11009ba952bd [32m200[0m 157.780 ms - 528[0m
2022-06-22 17:54:04 info: [0mPOST /api/users/user/62ab9563e95c34004d33f06b [32m200[0m 152.154 ms - 513[0m
2022-06-22 17:54:04 info: [0mPOST /api/clients/getClientById/ [32m201[0m 70.570 ms - 524[0m
2022-06-22 17:54:04 info: [0mPOST /api/users/user/62a9f2e7ea9f11009ba952bd [32m200[0m 152.368 ms - 528[0m
2022-06-22 17:54:04 info: [0mPOST /api/clients/getClientById/ [32m201[0m 73.129 ms - 524[0m
2022-06-22 17:54:05 info: [0mPOST /api/clients/getClientById/ [32m201[0m 87.725 ms - 524[0m
2022-06-22 17:54:33 info: [0mGET /api/causas/obtenerCausas [32m201[0m 74.308 ms - -[0m
2022-06-22 17:54:33 info: [0mGET /api/servicios/obtenerTipoServicios/ [36m304[0m 71.315 ms - -[0m
2022-06-22 17:54:33 info: [0mGET /api/servicios/obtenerTipoServicios/ [36m304[0m 76.844 ms - -[0m
2022-06-22 17:54:33 info: [0mGET /api/servicios/obtenerTipoServicios/ [36m304[0m 78.991 ms - -[0m
2022-06-22 17:54:33 info: [0mPOST /api/users/user/62a9f2e7ea9f11009ba952bd [32m200[0m 145.864 ms - 528[0m
2022-06-22 17:54:34 info: [0mPOST /api/clients/getClientById/ [32m201[0m 85.112 ms - 524[0m
2022-06-22 17:54:34 info: [0mPOST /api/users/user/62ab9563e95c34004d33f06b [32m200[0m 148.581 ms - 513[0m
2022-06-22 17:54:34 info: [0mPOST /api/users/user/62a9f2e7ea9f11009ba952bd [32m200[0m 152.699 ms - 528[0m
2022-06-22 17:54:34 info: [0mPOST /api/clients/getClientById/ [32m201[0m 69.896 ms - 524[0m
2022-06-22 17:54:34 info: [0mPOST /api/clients/getClientById/ [32m201[0m 73.189 ms - 524[0m
2022-06-22 17:54:40 info: [0mGET /api/causas/obtenerCausas [32m201[0m 81.280 ms - -[0m
2022-06-22 17:54:40 info: [0mGET /api/causas/obtenerCausas [32m201[0m 76.382 ms - -[0m
2022-06-22 17:54:40 info: [0mGET /api/servicios/obtenerTipoServicios/ [36m304[0m 77.676 ms - -[0m
2022-06-22 17:54:41 info: [0mGET /api/servicios/obtenerTipoServicios/ [36m304[0m 75.999 ms - -[0m
2022-06-22 17:54:41 info: [0mPOST /api/users/user/62a9f2e7ea9f11009ba952bd [32m200[0m 147.631 ms - 528[0m
2022-06-22 17:54:41 info: [0mGET /api/servicios/obtenerTipoServicios/ [36m304[0m 71.963 ms - -[0m
2022-06-22 17:54:41 info: [0mPOST /api/clients/getClientById/ [32m201[0m 78.674 ms - 524[0m
2022-06-22 17:54:41 info: [0mPOST /api/users/user/62ab9563e95c34004d33f06b [32m200[0m 146.828 ms - 513[0m
2022-06-22 17:54:41 info: [0mGET /api/servicios/obtenerTipoServicios/ [36m304[0m 68.787 ms - -[0m
2022-06-22 17:54:41 info: [0mPOST /api/clients/getClientById/ [32m201[0m 73.969 ms - 524[0m
2022-06-22 17:54:41 info: [0mPOST /api/users/user/62a9f2e7ea9f11009ba952bd [32m200[0m 147.647 ms - 528[0m
2022-06-22 17:54:41 info: [0mGET /api/servicios/obtenerTipoServicios/ [36m304[0m 79.907 ms - -[0m
2022-06-22 17:54:41 info: [0mPOST /api/clients/getClientById/ [32m201[0m 72.298 ms - 524[0m
2022-06-22 17:54:42 info: [0mPOST /api/users/user/62a9f2e7ea9f11009ba952bd [32m200[0m 155.719 ms - 528[0m
2022-06-22 17:54:42 info: [0mGET /api/servicios/obtenerTipoServicios/ [36m304[0m 69.607 ms - -[0m
2022-06-22 17:54:42 info: [0mPOST /api/clients/getClientById/ [32m201[0m 73.661 ms - 524[0m
2022-06-22 17:54:42 info: [0mPOST /api/users/user/62ab9563e95c34004d33f06b [32m200[0m 140.501 ms - 513[0m
2022-06-22 17:54:42 info: [0mPOST /api/users/user/62a9f2e7ea9f11009ba952bd [32m200[0m 145.458 ms - 528[0m
2022-06-22 17:54:42 info: [0mPOST /api/clients/getClientById/ [32m201[0m 72.120 ms - 524[0m
2022-06-22 17:54:42 info: [0mPOST /api/clients/getClientById/ [32m201[0m 71.310 ms - 524[0m
2022-06-22 17:54:45 info: [0mGET /api/causas/obtenerCausas [32m201[0m 77.874 ms - -[0m
2022-06-22 17:54:45 info: [0mGET /api/servicios/obtenerTipoServicios/ [36m304[0m 74.291 ms - -[0m
2022-06-22 17:54:45 info: [0mGET /api/servicios/obtenerTipoServicios/ [36m304[0m 80.212 ms - -[0m
2022-06-22 17:54:45 info: [0mPOST /api/users/user/62a9f2e7ea9f11009ba952bd [32m200[0m 148.241 ms - 528[0m
2022-06-22 17:54:45 info: [0mGET /api/servicios/obtenerTipoServicios/ [36m304[0m 73.799 ms - -[0m
2022-06-22 17:54:45 info: [0mPOST /api/clients/getClientById/ [32m201[0m 76.977 ms - 524[0m
2022-06-22 17:54:45 info: [0mPOST /api/users/user/62ab9563e95c34004d33f06b [32m200[0m 164.149 ms - 513[0m
2022-06-22 17:54:45 info: [0mPOST /api/clients/getClientById/ [32m201[0m 71.708 ms - 524[0m
2022-06-22 17:54:45 info: [0mPOST /api/users/user/62a9f2e7ea9f11009ba952bd [32m200[0m 140.380 ms - 528[0m
2022-06-22 17:54:45 info: [0mPOST /api/clients/getClientById/ [32m201[0m 70.342 ms - 524[0m
2022-06-22 17:55:01 info: [0mGET /api/causas/obtenerCausas [32m201[0m 78.160 ms - -[0m
2022-06-22 17:55:01 info: [0mGET /api/servicios/obtenerTipoServicios/ [36m304[0m 79.161 ms - -[0m
2022-06-22 17:55:01 info: [0mGET /api/servicios/obtenerTipoServicios/ [36m304[0m 81.102 ms - -[0m
2022-06-22 17:55:01 info: [0mPOST /api/users/user/62a9f2e7ea9f11009ba952bd [32m200[0m 147.445 ms - 528[0m
2022-06-22 17:55:01 info: [0mGET /api/servicios/obtenerTipoServicios/ [36m304[0m 77.661 ms - -[0m
2022-06-22 17:55:01 info: [0mPOST /api/users/user/62ab9563e95c34004d33f06b [32m200[0m 148.014 ms - 513[0m
2022-06-22 17:55:01 info: [0mPOST /api/clients/getClientById/ [32m201[0m 78.278 ms - 524[0m
2022-06-22 17:55:01 info: [0mPOST /api/users/user/62a9f2e7ea9f11009ba952bd [32m200[0m 148.714 ms - 528[0m
2022-06-22 17:55:01 info: [0mPOST /api/clients/getClientById/ [32m201[0m 79.292 ms - 524[0m
2022-06-22 17:55:02 info: [0mPOST /api/clients/getClientById/ [32m201[0m 75.580 ms - 524[0m
2022-06-22 17:55:07 info: [0mGET /api/causas/obtenerCausas [32m201[0m 84.138 ms - -[0m
2022-06-22 17:55:07 info: [0mGET /api/servicios/obtenerTipoServicios/ [36m304[0m 76.648 ms - -[0m
2022-06-22 17:55:07 info: [0mGET /api/servicios/obtenerTipoServicios/ [36m304[0m 71.674 ms - -[0m
2022-06-22 17:55:07 info: [0mPOST /api/users/user/62a9f2e7ea9f11009ba952bd [32m200[0m 153.534 ms - 528[0m
2022-06-22 17:55:07 info: [0mGET /api/servicios/obtenerTipoServicios/ [36m304[0m 73.804 ms - -[0m
2022-06-22 17:55:08 info: [0mPOST /api/clients/getClientById/ [32m201[0m 78.796 ms - 524[0m
2022-06-22 17:55:08 info: [0mPOST /api/users/user/62ab9563e95c34004d33f06b [32m200[0m 152.837 ms - 513[0m
2022-06-22 17:55:08 info: [0mPOST /api/users/user/62a9f2e7ea9f11009ba952bd [32m200[0m 147.545 ms - 528[0m
2022-06-22 17:55:08 info: [0mPOST /api/clients/getClientById/ [32m201[0m 73.627 ms - 524[0m
2022-06-22 17:55:08 info: [0mPOST /api/clients/getClientById/ [32m201[0m 73.182 ms - 524[0m
2022-06-22 17:56:09 info: [0mGET /api/causas/obtenerCausas [32m201[0m 81.225 ms - -[0m
2022-06-22 17:56:09 info: [0mPOST /api/clients/getClientById/ [32m201[0m 96.148 ms - 524[0m
2022-06-22 17:56:09 info: [0mPOST /api/clients/getClientById/ [32m201[0m 72.172 ms - 524[0m
2022-06-22 17:56:09 info: [0mPOST /api/clients/getClientById/ [32m201[0m 81.395 ms - 524[0m
2022-06-22 17:56:09 info: [0mPOST /api/users/user/62a9f2e7ea9f11009ba952bd [32m200[0m 164.997 ms - 528[0m
2022-06-22 17:56:10 info: [0mPOST /api/users/user/62ab9563e95c34004d33f06b [32m200[0m 148.826 ms - 513[0m
2022-06-22 17:56:10 info: [0mPOST /api/users/user/62a9f2e7ea9f11009ba952bd [32m200[0m 143.707 ms - 528[0m
2022-06-22 17:56:20 info: [0mGET /api/causas/obtenerCausas [32m201[0m 93.926 ms - -[0m
2022-06-22 17:56:21 info: [0mPOST /api/clients/getClientById/ [32m201[0m 77.136 ms - 524[0m
2022-06-22 17:56:21 info: [0mPOST /api/clients/getClientById/ [32m201[0m 80.475 ms - 524[0m
2022-06-22 17:56:21 info: [0mPOST /api/clients/getClientById/ [32m201[0m 83.170 ms - 524[0m
2022-06-22 17:56:21 info: [0mPOST /api/users/user/62a9f2e7ea9f11009ba952bd [32m200[0m 262.512 ms - 528[0m
2022-06-22 17:56:21 info: [0mPOST /api/users/user/62a9f2e7ea9f11009ba952bd [32m200[0m 185.682 ms - 528[0m
2022-06-22 17:56:21 info: [0mPOST /api/users/user/62ab9563e95c34004d33f06b [32m200[0m 165.663 ms - 513[0m
2022-06-22 17:56:33 info: [0mGET /api/causas/obtenerCausas [32m201[0m 84.636 ms - -[0m
2022-06-22 17:56:33 info: [0mPOST /api/clients/getClientById/ [32m201[0m 74.964 ms - 524[0m
2022-06-22 17:56:33 info: [0mPOST /api/clients/getClientById/ [32m201[0m 83.974 ms - 524[0m
2022-06-22 17:56:33 info: [0mPOST /api/clients/getClientById/ [32m201[0m 85.993 ms - 524[0m
2022-06-22 17:56:34 info: [0mPOST /api/users/user/62a9f2e7ea9f11009ba952bd [32m200[0m 154.477 ms - 528[0m
2022-06-22 17:56:34 info: [0mPOST /api/users/user/62ab9563e95c34004d33f06b [32m200[0m 146.105 ms - 513[0m
2022-06-22 17:56:34 info: [0mPOST /api/users/user/62a9f2e7ea9f11009ba952bd [32m200[0m 149.358 ms - 528[0m
2022-06-22 17:56:37 info: [0mGET /api/causas/obtenerCausas [32m201[0m 76.104 ms - -[0m
2022-06-22 17:56:37 info: [0mGET /api/causas/obtenerCausas [32m201[0m 85.123 ms - -[0m
2022-06-22 17:56:37 info: [0mGET /api/servicios/obtenerTipoServicios/ [36m304[0m 75.418 ms - -[0m
2022-06-22 17:56:38 info: [0mGET /api/causas/obtenerCausas [32m201[0m 74.996 ms - -[0m
2022-06-22 17:56:38 info: [0mGET /api/servicios/obtenerTipoServicios/ [36m304[0m 77.897 ms - -[0m
2022-06-22 17:56:38 info: [0mPOST /api/clients/getClientById/ [32m201[0m 77.098 ms - 524[0m
2022-06-22 17:56:38 info: [0mPOST /api/clients/getClientById/ [32m201[0m 81.329 ms - 524[0m
2022-06-22 17:56:38 info: [0mPOST /api/clients/getClientById/ [32m201[0m 81.185 ms - 524[0m
2022-06-22 17:56:38 info: [0mPOST /api/users/user/62a9f2e7ea9f11009ba952bd [32m200[0m 151.640 ms - 528[0m
2022-06-22 17:56:38 info: [0mGET /api/causas/obtenerCausas [32m201[0m 77.037 ms - -[0m
2022-06-22 17:56:38 info: [0mPOST /api/clients/getClientById/ [32m201[0m 76.854 ms - 524[0m
2022-06-22 17:56:38 info: [0mPOST /api/clients/getClientById/ [32m201[0m 74.927 ms - 524[0m
2022-06-22 17:56:38 info: [0mPOST /api/clients/getClientById/ [32m201[0m 74.343 ms - 524[0m
2022-06-22 17:56:38 info: [0mGET /api/servicios/obtenerTipoServicios/ [36m304[0m 76.875 ms - -[0m
2022-06-22 17:56:38 info: [0mPOST /api/users/user/62ab9563e95c34004d33f06b [32m200[0m 146.171 ms - 513[0m
2022-06-22 17:56:38 info: [0mPOST /api/clients/getClientById/ [32m201[0m 81.573 ms - 524[0m
2022-06-22 17:56:38 info: [0mPOST /api/clients/getClientById/ [32m201[0m 83.079 ms - 524[0m
2022-06-22 17:56:38 info: [0mPOST /api/users/user/62a9f2e7ea9f11009ba952bd [32m200[0m 143.506 ms - 528[0m
2022-06-22 17:56:38 info: [0mPOST /api/users/user/62a9f2e7ea9f11009ba952bd [32m200[0m 143.211 ms - 528[0m
2022-06-22 17:56:39 info: [0mPOST /api/users/user/62ab9563e95c34004d33f06b [32m200[0m 167.469 ms - 513[0m
2022-06-22 17:56:39 info: [0mPOST /api/clients/getClientById/ [32m201[0m 75.566 ms - 524[0m
2022-06-22 17:56:39 info: [0mPOST /api/clients/getClientById/ [32m201[0m 74.571 ms - 524[0m
2022-06-22 17:56:39 info: [0mPOST /api/users/user/62a9f2e7ea9f11009ba952bd [32m200[0m 149.993 ms - 528[0m
2022-06-22 17:56:39 info: [0mPOST /api/users/user/62ab9563e95c34004d33f06b [32m200[0m 144.558 ms - 513[0m
2022-06-22 17:56:39 info: [0mPOST /api/clients/getClientById/ [32m201[0m 75.701 ms - 524[0m
2022-06-22 17:56:39 info: [0mPOST /api/users/user/62a9f2e7ea9f11009ba952bd [32m200[0m 154.335 ms - 528[0m
2022-06-22 17:56:39 info: [0mPOST /api/users/user/62a9f2e7ea9f11009ba952bd [32m200[0m 142.998 ms - 528[0m
2022-06-22 17:56:39 info: [0mPOST /api/users/user/62a9f2e7ea9f11009ba952bd [32m200[0m 141.408 ms - 528[0m
2022-06-22 17:56:39 info: [0mPOST /api/clients/getClientById/ [32m201[0m 75.419 ms - 524[0m
2022-06-22 17:56:39 info: [0mPOST /api/users/user/62ab9563e95c34004d33f06b [32m200[0m 145.440 ms - 513[0m
2022-06-22 17:56:39 info: [0mPOST /api/users/user/62a9f2e7ea9f11009ba952bd [32m200[0m 152.105 ms - 528[0m
2022-06-22 17:56:46 info: [0mGET /api/causas/obtenerCausas [32m201[0m 73.742 ms - -[0m
2022-06-22 17:56:47 info: [0mPOST /api/clients/getClientById/ [32m201[0m 76.545 ms - 524[0m
2022-06-22 17:56:47 info: [0mPOST /api/clients/getClientById/ [32m201[0m 77.613 ms - 524[0m
2022-06-22 17:56:47 info: [0mPOST /api/clients/getClientById/ [32m201[0m 75.863 ms - 524[0m
2022-06-22 17:56:47 info: [0mPOST /api/users/user/62a9f2e7ea9f11009ba952bd [32m200[0m 149.572 ms - 528[0m
2022-06-22 17:56:47 info: [0mPOST /api/users/user/62ab9563e95c34004d33f06b [32m200[0m 145.218 ms - 513[0m
2022-06-22 17:56:47 info: [0mPOST /api/users/user/62a9f2e7ea9f11009ba952bd [32m200[0m 143.971 ms - 528[0m
2022-06-22 17:56:50 info: [0mPOST /api/clients/getClientById/ [32m201[0m 78.421 ms - 524[0m
2022-06-22 17:56:50 info: [0mPOST /api/users/user/62a9f2e7ea9f11009ba952bd [32m200[0m 149.456 ms - 528[0m
2022-06-22 17:56:51 info: [0mGET /api/servicios/obtenerTipoServicios/ [36m304[0m 73.828 ms - -[0m
2022-06-22 17:56:51 info: [0mGET /api/servicios/obtenerProcedimientos/ [36m304[0m 76.799 ms - -[0m
2022-06-22 17:56:52 info: [0mGET /api/causas/obtenerCausas [32m201[0m 78.026 ms - -[0m
2022-06-22 17:56:52 info: [0mPOST /api/clients/getClientById/ [32m201[0m 87.453 ms - 524[0m
2022-06-22 17:56:52 info: [0mPOST /api/clients/getClientById/ [32m201[0m 71.983 ms - 524[0m
2022-06-22 17:56:52 info: [0mPOST /api/clients/getClientById/ [32m201[0m 74.607 ms - 524[0m
2022-06-22 17:56:52 info: [0mPOST /api/users/user/62a9f2e7ea9f11009ba952bd [32m200[0m 156.760 ms - 528[0m
2022-06-22 17:56:53 info: [0mPOST /api/users/user/62ab9563e95c34004d33f06b [32m200[0m 156.784 ms - 513[0m
2022-06-22 17:56:53 info: [0mPOST /api/users/user/62a9f2e7ea9f11009ba952bd [32m200[0m 150.694 ms - 528[0m
2022-06-22 17:57:04 info: [0mGET /api/causas/obtenerCausas [32m201[0m 78.577 ms - -[0m
2022-06-22 17:57:04 info: [0mPOST /api/clients/getClientById/ [32m201[0m 80.266 ms - 524[0m
2022-06-22 17:57:04 info: [0mPOST /api/clients/getClientById/ [32m201[0m 90.011 ms - 524[0m
2022-06-22 17:57:04 info: [0mPOST /api/clients/getClientById/ [32m201[0m 89.330 ms - 524[0m
2022-06-22 17:57:04 info: [0mPOST /api/users/user/62a9f2e7ea9f11009ba952bd [32m200[0m 152.487 ms - 528[0m
2022-06-22 17:57:05 info: [0mPOST /api/users/user/62ab9563e95c34004d33f06b [32m200[0m 151.126 ms - 513[0m
2022-06-22 17:57:05 info: [0mPOST /api/users/user/62a9f2e7ea9f11009ba952bd [32m200[0m 168.584 ms - 528[0m
