2022-05-29 20:55:20 info: [0mGET /api/users/getUsers [32m200[0m 696.919 ms - 937[0m
2022-05-29 20:55:29 info: =================================
2022-05-29 20:55:29 info: ======= ENV: development =======
2022-05-29 20:55:29 info: 🚀 App listening on the port 5100
2022-05-29 20:55:29 info: =================================
2022-05-29 21:27:42 info: =================================
2022-05-29 21:27:42 info: ======= ENV: development =======
2022-05-29 21:27:42 info: 🚀 App listening on the port 5100
2022-05-29 21:27:42 info: =================================
2022-05-29 21:27:49 info: [0mGET /api/users/getVendedores [32m200[0m 102.590 ms - 480[0m
2022-05-29 21:28:52 info: [0mGET /api/users/getVendedores [36m304[0m 81.292 ms - -[0m
2022-05-29 21:29:18 info: [0mGET /api/users/getUsers [32m200[0m 152.378 ms - 937[0m
2022-05-29 21:29:19 info: [0mGET /api/clients/getAllClients [32m200[0m 76.583 ms - 40[0m
2022-05-29 21:30:34 info: [0mGET /api/users/getUsers [36m304[0m 152.988 ms - -[0m
2022-05-29 21:30:42 info: [0mGET /api/clients/getAllClients [36m304[0m 75.954 ms - -[0m
2022-05-29 21:30:44 info: [0mGET /api/users/getVendedores [36m304[0m 75.905 ms - -[0m
2022-05-29 21:45:02 info: [0mGET /api/users/getVendedores [36m304[0m 74.280 ms - -[0m
2022-05-29 21:46:18 info: [0mGET /api/users/getUsers [36m304[0m 155.292 ms - -[0m
2022-05-29 21:54:49 info: [0mGET /api/users/getVendedores [36m304[0m 73.733 ms - -[0m
2022-05-29 22:40:49 info: [0mGET /api/users/getUsers [36m304[0m 159.630 ms - -[0m
2022-05-29 22:45:48 info: =================================
2022-05-29 22:45:48 info: ======= ENV: development =======
2022-05-29 22:45:48 info: 🚀 App listening on the port 5100
2022-05-29 22:45:48 info: =================================
2022-05-29 22:45:59 info: =================================
2022-05-29 22:45:59 info: ======= ENV: development =======
2022-05-29 22:45:59 info: 🚀 App listening on the port 5100
2022-05-29 22:45:59 info: =================================
2022-05-29 22:46:30 info: =================================
2022-05-29 22:46:30 info: ======= ENV: development =======
2022-05-29 22:46:30 info: 🚀 App listening on the port 5100
2022-05-29 22:46:30 info: =================================
2022-05-29 22:49:10 info: =================================
2022-05-29 22:49:10 info: ======= ENV: development =======
2022-05-29 22:49:10 info: 🚀 App listening on the port 5100
2022-05-29 22:49:10 info: =================================
2022-05-29 22:49:45 info: =================================
2022-05-29 22:49:45 info: ======= ENV: development =======
2022-05-29 22:49:45 info: 🚀 App listening on the port 5100
2022-05-29 22:49:45 info: =================================
2022-05-29 22:50:56 info: =================================
2022-05-29 22:50:56 info: ======= ENV: development =======
2022-05-29 22:50:56 info: 🚀 App listening on the port 5100
2022-05-29 22:50:56 info: =================================
2022-05-29 22:51:53 info: =================================
2022-05-29 22:51:53 info: ======= ENV: development =======
2022-05-29 22:51:53 info: 🚀 App listening on the port 5100
2022-05-29 22:51:53 info: =================================
2022-05-29 22:52:35 info: =================================
2022-05-29 22:52:35 info: ======= ENV: development =======
2022-05-29 22:52:35 info: 🚀 App listening on the port 5100
2022-05-29 22:52:35 info: =================================
2022-05-29 22:58:31 info: =================================
2022-05-29 22:58:31 info: ======= ENV: development =======
2022-05-29 22:58:31 info: 🚀 App listening on the port 5100
2022-05-29 22:58:31 info: =================================
