2022-07-10 18:08:50 info: =================================
2022-07-10 18:08:50 info: ======= ENV: development =======
2022-07-10 18:08:50 info: 🚀 App listening on the port 5101
2022-07-10 18:08:50 info: =================================
2022-07-10 18:41:26 info: [0mGET /api/clients/getAllClients [32m200[0m 213.281 ms - 611[0m
2022-07-10 18:41:26 info: [0mGET /api/causas/obtenerCausas [32m201[0m 432.424 ms - -[0m
2022-07-10 18:43:55 info: [0mPOST /api/causas/obtenerCausasPorAbogado [32m201[0m 112.936 ms - -[0m
2022-07-10 18:43:56 info: [0mPOST /api/clients/getClientById [32m201[0m 73.700 ms - 607[0m
2022-07-10 18:43:56 info: [0mPOST /api/users/user/62c2e800353557aac802d479 [32m200[0m 153.067 ms - 490[0m
2022-07-10 18:44:15 info: [0mPOST /api/causas/obtenerCausasPorAbogado [32m201[0m 76.251 ms - -[0m
2022-07-10 18:44:15 info: [0mPOST /api/clients/getClientById [32m201[0m 75.735 ms - 607[0m
2022-07-10 18:44:16 info: [0mPOST /api/users/user/62c2e800353557aac802d479 [32m200[0m 147.195 ms - 490[0m
2022-07-10 18:45:54 info: [0mPOST /api/causas/obtenerCausasPorAbogado [32m201[0m 76.794 ms - -[0m
2022-07-10 18:45:55 info: [0mPOST /api/clients/getClientById [32m201[0m 76.793 ms - 607[0m
2022-07-10 18:45:55 info: [0mPOST /api/users/user/62c2e800353557aac802d479 [32m200[0m 150.237 ms - 490[0m
2022-07-10 18:46:00 info: [0mPOST /api/causas/obtenerCausasPorProcurador [32m201[0m 78.522 ms - -[0m
2022-07-10 18:46:01 info: [0mPOST /api/clients/getClientById [32m201[0m 77.464 ms - 607[0m
2022-07-10 18:46:01 info: [0mPOST /api/users/user/62c2e800353557aac802d479 [32m200[0m 145.782 ms - 490[0m
2022-07-10 18:46:12 info: [0mGET /api/causas/obtenerCausas [32m201[0m 89.875 ms - -[0m
2022-07-10 18:46:12 info: [0mPOST /api/clients/getClientById [32m201[0m 80.779 ms - 607[0m
2022-07-10 18:46:13 info: [0mPOST /api/users/user/62c2e800353557aac802d479 [32m200[0m 151.118 ms - 490[0m
2022-07-10 18:46:29 info: [0mPOST /api/clients/getClientById [32m201[0m 77.072 ms - 607[0m
2022-07-10 18:46:29 info: [0mPOST /api/users/user/62c2e800353557aac802d479 [32m200[0m 147.151 ms - 490[0m
2022-07-10 18:46:58 info: [0mGET /api/clients/getAllClients [32m200[0m 76.652 ms - 611[0m
2022-07-10 18:47:00 info: [0mGET /api/users/getVendedores [32m200[0m 86.040 ms - -[0m
2022-07-10 18:47:19 info: [0mGET /api/causas/obtenerCausas [32m201[0m 113.127 ms - -[0m
2022-07-10 18:47:19 info: [0mPOST /api/clients/getClientById [32m201[0m 75.458 ms - 607[0m
2022-07-10 18:47:20 info: [0mPOST /api/users/user/62c2e800353557aac802d479 [32m200[0m 145.640 ms - 490[0m
2022-07-10 18:49:38 info: [0mGET /api/causas/obtenerCausas [32m201[0m 78.805 ms - -[0m
2022-07-10 18:49:38 info: [0mPOST /api/clients/getClientById [32m201[0m 76.981 ms - 607[0m
2022-07-10 18:49:38 info: [0mPOST /api/causas/obtenerCausasPorAbogado [32m201[0m 90.215 ms - -[0m
2022-07-10 18:49:38 info: [0mPOST /api/causas/obtenerCausasPorProcurador [32m201[0m 87.428 ms - -[0m
2022-07-10 18:49:38 info: [0mPOST /api/clients/getClientById [32m201[0m 79.655 ms - 607[0m
2022-07-10 18:49:38 info: [0mPOST /api/clients/getClientById [32m201[0m 81.576 ms - 607[0m
2022-07-10 18:49:38 info: [0mPOST /api/users/user/62c2e800353557aac802d479 [32m200[0m 150.859 ms - 490[0m
2022-07-10 18:49:39 info: [0mPOST /api/users/user/62c2e800353557aac802d479 [32m200[0m 250.697 ms - 490[0m
2022-07-10 18:49:39 info: [0mPOST /api/users/user/62c2e800353557aac802d479 [32m200[0m 154.220 ms - 490[0m
2022-07-10 18:49:47 info: [0mGET /api/causas/obtenerCausas [32m201[0m 98.632 ms - -[0m
2022-07-10 18:49:47 info: [0mPOST /api/clients/getClientById [32m201[0m 75.245 ms - 607[0m
2022-07-10 18:49:48 info: [0mPOST /api/users/user/62c2e800353557aac802d479 [32m200[0m 148.929 ms - 490[0m
2022-07-10 18:49:48 info: [0mPOST /api/causas/obtenerCausasPorProcurador [32m201[0m 77.682 ms - -[0m
2022-07-10 18:49:48 info: [0mPOST /api/causas/obtenerCausasPorAbogado [32m201[0m 81.876 ms - -[0m
2022-07-10 18:49:48 info: [0mPOST /api/clients/getClientById [32m201[0m 77.383 ms - 607[0m
2022-07-10 18:49:48 info: [0mPOST /api/clients/getClientById [32m201[0m 75.875 ms - 607[0m
2022-07-10 18:49:49 info: [0mPOST /api/users/user/62c2e800353557aac802d479 [32m200[0m 153.526 ms - 490[0m
2022-07-10 18:49:49 info: [0mPOST /api/users/user/62c2e800353557aac802d479 [32m200[0m 152.735 ms - 490[0m
2022-07-10 18:50:02 info: [0mGET /api/causas/obtenerCausas [32m201[0m 75.810 ms - -[0m
2022-07-10 18:50:02 info: [0mPOST /api/clients/getClientById [32m201[0m 75.226 ms - 607[0m
2022-07-10 18:50:02 info: [0mPOST /api/users/user/62c2e800353557aac802d479 [32m200[0m 148.457 ms - 490[0m
2022-07-10 18:50:12 info: [0mGET /api/causas/obtenerCausas [32m201[0m 74.000 ms - -[0m
2022-07-10 18:50:12 info: [0mPOST /api/clients/getClientById [32m201[0m 77.687 ms - 607[0m
2022-07-10 18:50:13 info: [0mPOST /api/users/user/62c2e800353557aac802d479 [32m200[0m 149.468 ms - 490[0m
2022-07-10 18:50:13 info: [0mPOST /api/causas/obtenerCausasPorAbogado [32m201[0m 154.480 ms - -[0m
2022-07-10 18:50:13 info: [0mGET /api/causas/obtenerCausas [32m201[0m 150.578 ms - -[0m
2022-07-10 18:50:13 info: [0mPOST /api/causas/obtenerCausasPorProcurador [32m201[0m 156.299 ms - -[0m
2022-07-10 18:50:14 info: [0mPOST /api/clients/getClientById [32m201[0m 79.759 ms - 607[0m
2022-07-10 18:50:14 info: [0mPOST /api/clients/getClientById [32m201[0m 76.129 ms - 607[0m
2022-07-10 18:50:14 info: [0mPOST /api/clients/getClientById [32m201[0m 81.413 ms - 607[0m
2022-07-10 18:50:14 info: [0mPOST /api/users/user/62c2e800353557aac802d479 [32m200[0m 145.729 ms - 490[0m
2022-07-10 18:50:14 info: [0mPOST /api/users/user/62c2e800353557aac802d479 [32m200[0m 146.892 ms - 490[0m
2022-07-10 18:50:14 info: [0mPOST /api/users/user/62c2e800353557aac802d479 [32m200[0m 153.147 ms - 490[0m
2022-07-10 18:51:05 info: [0mGET /api/causas/obtenerCausas [32m201[0m 74.757 ms - -[0m
2022-07-10 18:51:05 info: [0mPOST /api/causas/obtenerCausasPorProcurador [32m201[0m 75.645 ms - -[0m
2022-07-10 18:51:05 info: [0mPOST /api/causas/obtenerCausasPorAbogado [32m201[0m 76.352 ms - -[0m
2022-07-10 18:51:05 info: [0mGET /api/causas/obtenerCausas [32m201[0m 78.017 ms - -[0m
2022-07-10 18:51:05 info: [0mPOST /api/clients/getClientById [32m201[0m 79.045 ms - 607[0m
2022-07-10 18:51:05 info: [0mPOST /api/clients/getClientById [32m201[0m 74.320 ms - 607[0m
2022-07-10 18:51:05 info: [0mPOST /api/clients/getClientById [32m201[0m 71.890 ms - 607[0m
2022-07-10 18:51:05 info: [0mPOST /api/clients/getClientById [32m201[0m 76.498 ms - 607[0m
2022-07-10 18:51:06 info: [0mPOST /api/users/user/62c2e800353557aac802d479 [32m200[0m 150.587 ms - 490[0m
2022-07-10 18:51:06 info: [0mPOST /api/users/user/62c2e800353557aac802d479 [32m200[0m 142.026 ms - 490[0m
2022-07-10 18:51:06 info: [0mPOST /api/users/user/62c2e800353557aac802d479 [32m200[0m 146.844 ms - 490[0m
2022-07-10 18:51:06 info: [0mPOST /api/users/user/62c2e800353557aac802d479 [32m200[0m 158.521 ms - 490[0m
2022-07-10 18:53:09 info: [0mGET /api/causas/obtenerCausas [32m201[0m 80.183 ms - -[0m
2022-07-10 18:53:10 info: [0mPOST /api/clients/getClientById [32m201[0m 73.188 ms - 607[0m
2022-07-10 18:53:10 info: [0mPOST /api/users/user/62c2e800353557aac802d479 [32m200[0m 172.891 ms - 490[0m
2022-07-10 18:53:10 info: [0mPOST /api/causas/obtenerCausasPorProcurador [32m201[0m 73.895 ms - -[0m
2022-07-10 18:53:10 info: [0mGET /api/causas/obtenerCausas [32m201[0m 80.821 ms - -[0m
2022-07-10 18:53:10 info: [0mPOST /api/causas/obtenerCausasPorAbogado [32m201[0m 84.422 ms - -[0m
2022-07-10 18:53:10 info: [0mPOST /api/clients/getClientById [32m201[0m 72.712 ms - 607[0m
2022-07-10 18:53:10 info: [0mPOST /api/clients/getClientById [32m201[0m 75.086 ms - 607[0m
2022-07-10 18:53:10 info: [0mPOST /api/clients/getClientById [32m201[0m 70.424 ms - 607[0m
2022-07-10 18:53:10 info: [0mPOST /api/users/user/62c2e800353557aac802d479 [32m200[0m 143.709 ms - 490[0m
2022-07-10 18:53:10 info: [0mPOST /api/users/user/62c2e800353557aac802d479 [32m200[0m 145.738 ms - 490[0m
2022-07-10 18:53:10 info: [0mPOST /api/users/user/62c2e800353557aac802d479 [32m200[0m 149.628 ms - 490[0m
2022-07-10 18:54:11 info: [0mGET /api/causas/obtenerCausas [32m201[0m 79.806 ms - -[0m
2022-07-10 18:54:11 info: [0mPOST /api/clients/getClientById [32m201[0m 71.839 ms - 607[0m
2022-07-10 18:54:12 info: [0mPOST /api/users/user/62c2e800353557aac802d479 [32m200[0m 143.253 ms - 490[0m
2022-07-10 18:54:12 info: [0mGET /api/causas/obtenerCausas [32m201[0m 82.390 ms - -[0m
2022-07-10 18:54:12 info: [0mPOST /api/causas/obtenerCausasPorAbogado [32m201[0m 85.683 ms - -[0m
2022-07-10 18:54:12 info: [0mPOST /api/causas/obtenerCausasPorProcurador [32m201[0m 84.814 ms - -[0m
2022-07-10 18:54:12 info: [0mPOST /api/clients/getClientById [32m201[0m 79.572 ms - 607[0m
2022-07-10 18:54:12 info: [0mPOST /api/clients/getClientById [32m201[0m 73.058 ms - 607[0m
2022-07-10 18:54:12 info: [0mPOST /api/clients/getClientById [32m201[0m 78.338 ms - 607[0m
2022-07-10 18:54:13 info: [0mPOST /api/users/user/62c2e800353557aac802d479 [32m200[0m 145.726 ms - 490[0m
2022-07-10 18:54:13 info: [0mPOST /api/users/user/62c2e800353557aac802d479 [32m200[0m 144.477 ms - 490[0m
2022-07-10 18:54:13 info: [0mPOST /api/users/user/62c2e800353557aac802d479 [32m200[0m 153.631 ms - 490[0m
2022-07-10 18:54:58 info: [0mPOST /api/causas/obtenerCausasPorProcurador [32m201[0m 75.525 ms - -[0m
2022-07-10 18:54:59 info: [0mPOST /api/clients/getClientById [32m201[0m 72.403 ms - 607[0m
2022-07-10 18:54:59 info: [0mGET /api/causas/obtenerCausas [32m201[0m 79.619 ms - -[0m
2022-07-10 18:54:59 info: [0mPOST /api/causas/obtenerCausasPorAbogado [32m201[0m 87.596 ms - -[0m
2022-07-10 18:54:59 info: [0mGET /api/causas/obtenerCausas [32m201[0m 86.981 ms - -[0m
2022-07-10 18:54:59 info: [0mPOST /api/users/user/62c2e800353557aac802d479 [32m200[0m 148.463 ms - 490[0m
2022-07-10 18:54:59 info: [0mPOST /api/clients/getClientById [32m201[0m 71.258 ms - 607[0m
2022-07-10 18:54:59 info: [0mPOST /api/clients/getClientById [32m201[0m 73.273 ms - 607[0m
2022-07-10 18:54:59 info: [0mPOST /api/clients/getClientById [32m201[0m 77.291 ms - 607[0m
2022-07-10 18:55:00 info: [0mPOST /api/users/user/62c2e800353557aac802d479 [32m200[0m 142.399 ms - 490[0m
2022-07-10 18:55:00 info: [0mPOST /api/users/user/62c2e800353557aac802d479 [32m200[0m 154.889 ms - 490[0m
2022-07-10 18:55:00 info: [0mPOST /api/users/user/62c2e800353557aac802d479 [32m200[0m 160.368 ms - 490[0m
2022-07-10 18:55:36 info: [0mPOST /api/causas/obtenerCausasPorProcurador [32m201[0m 77.793 ms - -[0m
2022-07-10 18:55:36 info: [0mPOST /api/causas/obtenerCausasPorAbogado [32m201[0m 80.073 ms - -[0m
2022-07-10 18:55:36 info: [0mGET /api/causas/obtenerCausas [32m201[0m 77.868 ms - -[0m
2022-07-10 18:55:36 info: [0mGET /api/causas/obtenerCausas [32m201[0m 80.321 ms - -[0m
2022-07-10 18:55:36 info: [0mPOST /api/clients/getClientById [32m201[0m 77.158 ms - 607[0m
2022-07-10 18:55:36 info: [0mPOST /api/clients/getClientById [32m201[0m 72.341 ms - 607[0m
2022-07-10 18:55:36 info: [0mPOST /api/clients/getClientById [32m201[0m 72.820 ms - 607[0m
2022-07-10 18:55:36 info: [0mPOST /api/clients/getClientById [32m201[0m 78.012 ms - 607[0m
2022-07-10 18:55:36 info: [0mPOST /api/users/user/62c2e800353557aac802d479 [32m200[0m 148.299 ms - 490[0m
2022-07-10 18:55:37 info: [0mPOST /api/users/user/62c2e800353557aac802d479 [32m200[0m 162.997 ms - 490[0m
2022-07-10 18:55:37 info: [0mPOST /api/users/user/62c2e800353557aac802d479 [32m200[0m 170.883 ms - 490[0m
2022-07-10 18:55:37 info: [0mPOST /api/users/user/62c2e800353557aac802d479 [32m200[0m 187.462 ms - 490[0m
2022-07-10 18:55:39 info: [0mPOST /api/clients/getClientById [32m201[0m 74.487 ms - 607[0m
2022-07-10 18:55:39 info: [0mPOST /api/users/user/62c2e800353557aac802d479 [32m200[0m 146.806 ms - 490[0m
2022-07-10 18:55:51 info: [0mPOST /api/clients/getClientById [32m201[0m 75.814 ms - 607[0m
2022-07-10 18:55:52 info: [0mPOST /api/users/user/62c2e800353557aac802d479 [32m200[0m 147.606 ms - 490[0m
2022-07-10 19:01:42 info: [0mPOST /api/causas/obtenerCausasPorAbogado [32m201[0m 76.131 ms - -[0m
2022-07-10 19:01:42 info: [0mPOST /api/clients/getClientById [32m201[0m 72.132 ms - 607[0m
2022-07-10 19:01:42 info: [0mGET /api/causas/obtenerCausas [32m201[0m 76.392 ms - -[0m
2022-07-10 19:01:42 info: [0mGET /api/causas/obtenerCausas [32m201[0m 75.236 ms - -[0m
2022-07-10 19:01:42 info: [0mPOST /api/causas/obtenerCausasPorProcurador [32m201[0m 80.654 ms - -[0m
2022-07-10 19:01:42 info: [0mPOST /api/clients/getClientById [32m201[0m 73.081 ms - 607[0m
2022-07-10 19:01:42 info: [0mPOST /api/clients/getClientById [32m201[0m 70.022 ms - 607[0m
2022-07-10 19:01:42 info: [0mPOST /api/clients/getClientById [32m201[0m 74.753 ms - 607[0m
2022-07-10 19:01:42 info: [0mPOST /api/users/user/62c2e800353557aac802d479 [32m200[0m 146.470 ms - 490[0m
2022-07-10 19:01:42 info: [0mPOST /api/users/user/62c2e800353557aac802d479 [32m200[0m 143.420 ms - 490[0m
2022-07-10 19:01:42 info: [0mPOST /api/users/user/62c2e800353557aac802d479 [32m200[0m 146.114 ms - 490[0m
2022-07-10 19:01:42 info: [0mPOST /api/users/user/62c2e800353557aac802d479 [32m200[0m 153.824 ms - 490[0m
2022-07-10 19:02:15 info: [0mPOST /api/causas/obtenerCausasPorAbogado [32m201[0m 75.644 ms - -[0m
2022-07-10 19:02:15 info: [0mPOST /api/causas/obtenerCausasPorProcurador [32m201[0m 77.718 ms - -[0m
2022-07-10 19:02:15 info: [0mGET /api/causas/obtenerCausas [32m201[0m 76.201 ms - -[0m
2022-07-10 19:02:15 info: [0mGET /api/causas/obtenerCausas [32m201[0m 79.672 ms - -[0m
2022-07-10 19:02:15 info: [0mPOST /api/clients/getClientById [32m201[0m 72.833 ms - 607[0m
2022-07-10 19:02:15 info: [0mPOST /api/clients/getClientById [32m201[0m 76.700 ms - 607[0m
2022-07-10 19:02:15 info: [0mPOST /api/clients/getClientById [32m201[0m 73.600 ms - 607[0m
2022-07-10 19:02:15 info: [0mPOST /api/clients/getClientById [32m201[0m 76.020 ms - 607[0m
2022-07-10 19:02:16 info: [0mPOST /api/users/user/62c2e800353557aac802d479 [32m200[0m 144.642 ms - 490[0m
2022-07-10 19:02:16 info: [0mPOST /api/users/user/62c2e800353557aac802d479 [32m200[0m 149.813 ms - 490[0m
2022-07-10 19:02:16 info: [0mPOST /api/users/user/62c2e800353557aac802d479 [32m200[0m 141.726 ms - 490[0m
2022-07-10 19:02:16 info: [0mPOST /api/users/user/62c2e800353557aac802d479 [32m200[0m 146.195 ms - 490[0m
2022-07-10 19:02:34 info: [0mPOST /api/causas/obtenerCausaPorId [32m201[0m 89.337 ms - -[0m
2022-07-10 19:02:34 info: [0mGET /api/servicios/obtenerProcedimientos/ [36m304[0m 79.117 ms - -[0m
2022-07-10 19:02:34 info: [0mGET /api/servicios/obtenerSubMateria/ [36m304[0m 79.048 ms - -[0m
2022-07-10 19:02:34 info: [0mGET /api/servicios/obtenerTipoServicios/ [36m304[0m 78.015 ms - -[0m
2022-07-10 19:02:34 info: [0mPOST /api/clients/getClientById [32m201[0m 83.625 ms - 607[0m
2022-07-10 19:02:34 info: [0mPOST /api/users/user/62c2e800353557aac802d479 [32m200[0m 149.591 ms - 490[0m
2022-07-10 19:02:42 info: [0mPOST /api/causas/obtenerCausaPorId [32m201[0m 82.880 ms - -[0m
2022-07-10 19:02:43 info: [0mGET /api/servicios/obtenerTipoServicios/ [32m200[0m 72.356 ms - 457[0m
2022-07-10 19:02:43 info: [0mPOST /api/clients/getClientById [32m201[0m 77.707 ms - 607[0m
2022-07-10 19:02:43 info: [0mGET /api/servicios/obtenerSubMateria/ [32m200[0m 75.704 ms - 327[0m
2022-07-10 19:02:43 info: [0mGET /api/servicios/obtenerProcedimientos/ [32m200[0m 76.334 ms - 476[0m
2022-07-10 19:02:43 info: [0mPOST /api/users/user/62c2e800353557aac802d479 [32m200[0m 144.325 ms - 490[0m
2022-07-10 19:02:45 info: [0mPOST /api/users/user/62c2e870353557aac802d480 [32m200[0m 148.283 ms - 498[0m
2022-07-10 19:02:49 info: [0mPOST /api/causas/obtenerCausaPorId [32m201[0m 94.495 ms - -[0m
2022-07-10 19:02:49 info: [0mGET /api/users/getProcuradores [32m200[0m 96.118 ms - -[0m
2022-07-10 19:02:53 info: [0mPOST /api/causas/obtenerCausaPorId [32m201[0m 75.581 ms - -[0m
2022-07-10 19:02:53 info: [0mGET /api/servicios/obtenerTipoServicios/ [36m304[0m 74.090 ms - -[0m
2022-07-10 19:02:53 info: [0mGET /api/servicios/obtenerProcedimientos/ [36m304[0m 80.570 ms - -[0m
2022-07-10 19:02:53 info: [0mPOST /api/clients/getClientById [32m201[0m 87.903 ms - 607[0m
2022-07-10 19:02:53 info: [0mPOST /api/users/user/62c2e800353557aac802d479 [32m200[0m 146.016 ms - 490[0m
2022-07-10 19:02:55 info: [0mPOST /api/causas/obtenerCausasPorAbogado [32m201[0m 2.281 ms - 26[0m
2022-07-10 19:02:56 info: [0mPOST /api/causas/obtenerCausasPorAbogado [32m201[0m 1.274 ms - 26[0m
2022-07-10 19:02:56 info: [0mPOST /api/causas/obtenerCausasPorAbogado [32m201[0m 1.387 ms - 26[0m
2022-07-10 19:02:56 info: [0mPOST /api/causas/obtenerCausasPorAbogado [32m201[0m 1.526 ms - 26[0m
2022-07-10 19:02:56 info: [0mPOST /api/causas/obtenerCausasPorAbogado [32m201[0m 1.639 ms - 26[0m
2022-07-10 19:02:56 info: [0mPOST /api/causas/obtenerCausasPorAbogado [32m201[0m 2.113 ms - 26[0m
2022-07-10 19:02:56 info: [0mPOST /api/causas/obtenerCausasPorAbogado [32m201[0m 1.628 ms - 26[0m
2022-07-10 19:02:56 info: [0mPOST /api/causas/obtenerCausasPorAbogado [32m201[0m 0.955 ms - 26[0m
2022-07-10 19:02:56 info: [0mPOST /api/causas/obtenerCausasPorAbogado [32m201[0m 2.528 ms - 26[0m
2022-07-10 19:02:56 info: [0mPOST /api/causas/obtenerCausasPorAbogado [32m201[0m 1.257 ms - 26[0m
2022-07-10 19:02:56 info: [0mPOST /api/causas/obtenerCausasPorAbogado [32m201[0m 1.613 ms - 26[0m
2022-07-10 19:03:05 info: [0mPOST /api/clients/getClientById [32m201[0m 74.751 ms - 607[0m
2022-07-10 19:03:05 info: [0mPOST /api/users/user/62c2e800353557aac802d479 [32m200[0m 152.831 ms - 490[0m
2022-07-10 19:03:14 info: [0mGET /api/clients/getAllClients [36m304[0m 75.886 ms - -[0m
2022-07-10 19:03:14 info: [0mGET /api/causas/obtenerCausas [32m201[0m 75.225 ms - -[0m
2022-07-10 19:03:16 info: [0mGET /api/users/getUsers [32m200[0m 80.784 ms - -[0m
2022-07-10 19:04:04 info: [0mGET /api/users/getUsers [36m304[0m 77.569 ms - -[0m
2022-07-10 19:04:13 info: [0mGET /api/users/getUsers [36m304[0m 92.600 ms - -[0m
2022-07-10 19:04:22 info: [0mGET /api/users/getUsers [36m304[0m 80.572 ms - -[0m
2022-07-10 19:04:30 info: [0mGET /api/users/getUsers [36m304[0m 77.648 ms - -[0m
2022-07-10 19:05:39 info: [0mGET /api/users/getUsers [36m304[0m 81.113 ms - -[0m
2022-07-10 19:05:53 info: [0mGET /api/users/getUsers [36m304[0m 79.596 ms - -[0m
2022-07-10 19:06:42 info: [0mGET /api/users/getUsers [36m304[0m 80.550 ms - -[0m
2022-07-10 19:07:05 info: [0mGET /api/users/getUsers [36m304[0m 77.044 ms - -[0m
2022-07-10 19:07:05 info: [0mGET /api/users/getUsers [36m304[0m 78.165 ms - -[0m
2022-07-10 19:07:17 info: [0mPOST /api/causas/obtenerCausaPorId [32m201[0m 73.324 ms - -[0m
2022-07-10 19:07:17 info: [0mGET /api/users/getProcuradores [32m200[0m 77.851 ms - -[0m
2022-07-10 19:07:19 info: [0mPOST /api/causas/obtenerCausaPorId [32m201[0m 79.553 ms - -[0m
2022-07-10 19:07:19 info: [0mPOST /api/users/user/62c2e800353557aac802d479 [32m200[0m 155.305 ms - 490[0m
2022-07-10 19:07:19 info: [0mGET /api/servicios/obtenerTipoServicios/ [36m304[0m 73.013 ms - -[0m
2022-07-10 19:07:19 info: [0mGET /api/servicios/obtenerProcedimientos/ [36m304[0m 77.775 ms - -[0m
2022-07-10 19:07:19 info: [0mPOST /api/clients/getClientById [32m201[0m 82.274 ms - 607[0m
2022-07-10 19:07:20 info: [0mPOST /api/users/user/62c2e870353557aac802d480 [32m200[0m 159.176 ms - 498[0m
2022-07-10 19:09:54 info: [0mGET /api/clients/getAllClients [32m200[0m 76.056 ms - 611[0m
2022-07-10 19:09:54 info: [0mGET /api/causas/obtenerCausas [32m201[0m 80.230 ms - -[0m
2022-07-10 19:10:25 info: [0mGET /api/clients/getAllClients [36m304[0m 72.586 ms - -[0m
2022-07-10 19:25:10 info: [0mGET /api/users/getVendedores [32m200[0m 77.553 ms - -[0m
2022-07-10 19:32:57 info: [0mGET /api/clients/getAllClients [36m304[0m 78.730 ms - -[0m
2022-07-10 19:36:21 info: [0mGET /api/clients/getAllClients [32m200[0m 75.036 ms - 611[0m
2022-07-10 19:36:23 info: [0mPOST /api/causas/obtenerCausasPorAbogado [32m201[0m 2.143 ms - 26[0m
2022-07-10 19:36:23 info: [0mPOST /api/causas/obtenerCausasPorAbogado [32m201[0m 2.195 ms - 26[0m
2022-07-10 19:36:23 info: [0mPOST /api/causas/obtenerCausasPorAbogado [32m201[0m 1.465 ms - 26[0m
2022-07-10 19:36:23 info: [0mPOST /api/causas/obtenerCausasPorAbogado [32m201[0m 2.065 ms - 26[0m
2022-07-10 19:36:23 info: [0mPOST /api/causas/obtenerCausasPorAbogado [32m201[0m 3.815 ms - 26[0m
2022-07-10 19:36:23 info: [0mPOST /api/causas/obtenerCausasPorAbogado [32m201[0m 1.609 ms - 26[0m
2022-07-10 19:36:23 info: [0mPOST /api/causas/obtenerCausasPorAbogado [32m201[0m 1.560 ms - 26[0m
2022-07-10 19:36:23 info: [0mPOST /api/causas/obtenerCausasPorAbogado [32m201[0m 1.069 ms - 26[0m
2022-07-10 19:36:23 info: [0mPOST /api/causas/obtenerCausasPorAbogado [32m201[0m 1.024 ms - 26[0m
2022-07-10 19:36:23 info: [0mPOST /api/causas/obtenerCausasPorAbogado [32m201[0m 1.210 ms - 26[0m
2022-07-10 19:36:23 info: [0mPOST /api/causas/obtenerCausasPorAbogado [32m201[0m 1.369 ms - 26[0m
2022-07-10 19:36:26 info: [0mPOST /api/clients/getClientById [32m201[0m 73.564 ms - 607[0m
2022-07-10 19:36:26 info: [0mPOST /api/users/user/62c2e800353557aac802d479 [32m200[0m 148.261 ms - 490[0m
2022-07-10 19:36:28 info: [0mPOST /api/causas/obtenerCausaPorId [32m201[0m 79.906 ms - -[0m
2022-07-10 19:36:29 info: [0mPOST /api/causas/obtenerCausaPorId [32m201[0m 98.526 ms - -[0m
2022-07-10 19:36:29 info: [0mPOST /api/clients/getClientById [32m201[0m 76.209 ms - 607[0m
2022-07-10 19:36:29 info: [0mGET /api/servicios/obtenerProcedimientos/ [36m304[0m 75.191 ms - -[0m
2022-07-10 19:36:29 info: [0mGET /api/servicios/obtenerTipoServicios/ [36m304[0m 77.164 ms - -[0m
2022-07-10 19:36:29 info: [0mPOST /api/users/user/62c2e800353557aac802d479 [32m200[0m 144.727 ms - 490[0m
2022-07-10 19:36:29 info: [0mGET /api/servicios/obtenerSubMateria/ [36m304[0m 75.393 ms - -[0m
2022-07-10 19:36:29 info: [0mPOST /api/clients/getClientById [32m201[0m 80.666 ms - 607[0m
2022-07-10 19:36:29 info: [0mGET /api/servicios/obtenerTipoServicios/ [36m304[0m 81.400 ms - -[0m
2022-07-10 19:36:29 info: [0mGET /api/servicios/obtenerProcedimientos/ [36m304[0m 80.845 ms - -[0m
2022-07-10 19:36:29 info: [0mPOST /api/users/user/62c2e800353557aac802d479 [32m200[0m 141.217 ms - 490[0m
2022-07-10 19:36:33 info: [0mPOST /api/users/user/62c2e870353557aac802d480 [32m200[0m 146.254 ms - 498[0m
2022-07-10 19:36:34 info: [0mPOST /api/causas/obtenerCausaPorId [32m201[0m 99.826 ms - -[0m
2022-07-10 19:36:34 info: [0mGET /api/users/getProcuradores [36m304[0m 77.791 ms - -[0m
2022-07-10 19:36:41 info: [0mPOST /api/causas/obtenerCausaPorId [32m201[0m 79.109 ms - -[0m
2022-07-10 19:36:41 info: [0mPOST /api/causas/obtenerCausaPorId [32m201[0m 78.001 ms - -[0m
2022-07-10 19:36:42 info: [0mPOST /api/users/user/62c2e800353557aac802d479 [32m200[0m 158.597 ms - 490[0m
2022-07-10 19:36:42 info: [0mPOST /api/clients/getClientById [32m201[0m 72.760 ms - 607[0m
2022-07-10 19:36:42 info: [0mGET /api/servicios/obtenerTipoServicios/ [36m304[0m 79.443 ms - -[0m
2022-07-10 19:36:42 info: [0mGET /api/servicios/obtenerProcedimientos/ [36m304[0m 77.784 ms - -[0m
2022-07-10 19:36:42 info: [0mPOST /api/clients/getClientById [32m201[0m 72.160 ms - 607[0m
2022-07-10 19:36:42 info: [0mPOST /api/users/user/62c2e800353557aac802d479 [32m200[0m 149.894 ms - 490[0m
2022-07-10 19:36:42 info: [0mGET /api/servicios/obtenerProcedimientos/ [36m304[0m 70.634 ms - -[0m
2022-07-10 19:36:42 info: [0mGET /api/servicios/obtenerTipoServicios/ [36m304[0m 79.297 ms - -[0m
2022-07-10 19:37:29 info: [0mGET /api/causas/obtenerCausas [32m201[0m 77.995 ms - -[0m
2022-07-10 19:37:30 info: [0mGET /api/causas/obtenerCausas [32m201[0m 76.526 ms - -[0m
2022-07-10 19:37:30 info: [0mPOST /api/clients/getClientById [32m201[0m 74.850 ms - 607[0m
2022-07-10 19:37:30 info: [0mGET /api/causas/obtenerCausas [32m201[0m 79.471 ms - -[0m
2022-07-10 19:37:30 info: [0mPOST /api/clients/getClientById [32m201[0m 74.398 ms - 607[0m
2022-07-10 19:37:30 info: [0mPOST /api/users/user/62c2e800353557aac802d479 [32m200[0m 160.980 ms - 490[0m
2022-07-10 19:37:30 info: [0mGET /api/causas/obtenerCausas [32m201[0m 77.106 ms - -[0m
2022-07-10 19:37:30 info: [0mPOST /api/clients/getClientById [32m201[0m 82.020 ms - 607[0m
2022-07-10 19:37:30 info: [0mPOST /api/users/user/62c2e800353557aac802d479 [32m200[0m 144.573 ms - 490[0m
2022-07-10 19:37:30 info: [0mGET /api/causas/obtenerCausas [32m201[0m 76.050 ms - -[0m
2022-07-10 19:37:31 info: [0mPOST /api/clients/getClientById [32m201[0m 71.960 ms - 607[0m
2022-07-10 19:37:31 info: [0mGET /api/causas/obtenerCausas [32m201[0m 76.993 ms - -[0m
2022-07-10 19:37:31 info: [0mPOST /api/users/user/62c2e800353557aac802d479 [32m200[0m 146.274 ms - 490[0m
2022-07-10 19:37:31 info: [0mPOST /api/clients/getClientById [32m201[0m 72.704 ms - 607[0m
2022-07-10 19:37:31 info: [0mPOST /api/users/user/62c2e800353557aac802d479 [32m200[0m 144.931 ms - 490[0m
2022-07-10 19:37:31 info: [0mGET /api/causas/obtenerCausas [32m201[0m 73.051 ms - -[0m
2022-07-10 19:37:31 info: [0mPOST /api/clients/getClientById [32m201[0m 71.691 ms - 607[0m
2022-07-10 19:37:31 info: [0mPOST /api/users/user/62c2e800353557aac802d479 [32m200[0m 147.567 ms - 490[0m
2022-07-10 19:37:31 info: [0mGET /api/causas/obtenerCausas [32m201[0m 73.268 ms - -[0m
2022-07-10 19:37:31 info: [0mPOST /api/clients/getClientById [32m201[0m 70.425 ms - 607[0m
2022-07-10 19:37:31 info: [0mGET /api/causas/obtenerCausas [32m201[0m 70.543 ms - -[0m
2022-07-10 19:37:31 info: [0mPOST /api/users/user/62c2e800353557aac802d479 [32m200[0m 141.134 ms - 490[0m
2022-07-10 19:37:32 info: [0mPOST /api/clients/getClientById [32m201[0m 71.312 ms - 607[0m
2022-07-10 19:37:32 info: [0mPOST /api/users/user/62c2e800353557aac802d479 [32m200[0m 141.611 ms - 490[0m
2022-07-10 19:37:32 info: [0mGET /api/causas/obtenerCausas [32m201[0m 74.879 ms - -[0m
2022-07-10 19:37:32 info: [0mPOST /api/clients/getClientById [32m201[0m 72.683 ms - 607[0m
2022-07-10 19:37:32 info: [0mPOST /api/users/user/62c2e800353557aac802d479 [32m200[0m 147.261 ms - 490[0m
2022-07-10 19:37:32 info: [0mGET /api/clients/getAllClients [36m304[0m 71.410 ms - -[0m
2022-07-10 19:37:32 info: [0mGET /api/causas/obtenerCausas [32m201[0m 71.320 ms - -[0m
2022-07-10 19:37:32 info: [0mPOST /api/clients/getClientById [32m201[0m 72.619 ms - 607[0m
2022-07-10 19:37:32 info: [0mPOST /api/clients/getClientById [32m201[0m 71.844 ms - 607[0m
2022-07-10 19:37:32 info: [0mPOST /api/users/user/62c2e800353557aac802d479 [32m200[0m 140.441 ms - 490[0m
2022-07-10 19:37:32 info: [0mPOST /api/users/user/62c2e800353557aac802d479 [32m200[0m 142.838 ms - 490[0m
2022-07-10 19:37:33 info: [0mPOST /api/users/user/62c2e800353557aac802d479 [32m200[0m 151.882 ms - 490[0m
2022-07-10 19:45:37 info: [0mGET /api/causas/obtenerCausas [32m201[0m 74.659 ms - -[0m
2022-07-10 19:45:38 info: [0mPOST /api/clients/getClientById [32m201[0m 75.034 ms - 607[0m
2022-07-10 19:45:38 info: [0mPOST /api/users/user/62c2e800353557aac802d479 [32m200[0m 154.743 ms - 490[0m
2022-07-10 19:45:40 info: [0mGET /api/clients/getAllClients [36m304[0m 76.352 ms - -[0m
2022-07-10 19:45:41 info: [0mGET /api/users/getUsers [32m200[0m 112.557 ms - -[0m
2022-07-10 19:45:44 info: [0mGET /api/servicios/obtenerProcedimientos [32m200[0m 84.815 ms - 476[0m
2022-07-10 19:45:44 info: [0mGET /api/servicios/obtenerSubMateria [32m200[0m 75.601 ms - 327[0m
2022-07-10 19:45:44 info: [0mGET /api/servicios/obtenerTipoServicios [32m200[0m 84.154 ms - 457[0m
2022-07-10 19:50:03 info: [0mPOST /api/servicios/crearProcedimiento [32m201[0m 110.950 ms - 178[0m
2022-07-10 19:50:03 info: [0mGET /api/servicios/obtenerProcedimientos [32m200[0m 74.409 ms - 613[0m
2022-07-10 19:50:08 info: [0mPOST /api/servicios/crearProcedimiento [32m201[0m 85.136 ms - 179[0m
2022-07-10 19:50:08 info: [0mGET /api/servicios/obtenerProcedimientos [32m200[0m 71.855 ms - 751[0m
2022-07-10 19:50:16 info: [0mPOST /api/servicios/crearProcedimiento [32m201[0m 83.122 ms - 180[0m
2022-07-10 19:50:17 info: [0mGET /api/servicios/obtenerProcedimientos [32m200[0m 75.491 ms - 890[0m
2022-07-10 19:51:10 info: [0mPOST /api/servicios/crearTipoServicio [32m201[0m 88.923 ms - 180[0m
2022-07-10 19:51:11 info: [0mGET /api/servicios/obtenerTipoServicios [32m200[0m 77.039 ms - 596[0m
2022-07-10 19:51:17 info: [0mPOST /api/servicios/crearTipoServicio [32m201[0m 85.619 ms - 180[0m
2022-07-10 19:51:18 info: [0mGET /api/servicios/obtenerTipoServicios [32m200[0m 72.058 ms - 735[0m
2022-07-10 19:51:24 info: [0mPOST /api/servicios/crearTipoServicio [32m201[0m 82.858 ms - 180[0m
2022-07-10 19:51:24 info: [0mGET /api/servicios/obtenerTipoServicios [32m200[0m 73.185 ms - 874[0m
2022-07-10 19:51:32 info: [0mPOST /api/servicios/crearTipoServicio [32m201[0m 76.572 ms - 180[0m
2022-07-10 19:51:32 info: [0mGET /api/servicios/obtenerTipoServicios [32m200[0m 73.720 ms - 1013[0m
2022-07-10 19:51:51 info: [0mGET /api/servicios/obtenerProcedimientos [36m304[0m 75.496 ms - -[0m
2022-07-10 19:51:51 info: [0mGET /api/servicios/obtenerTipoServicios [36m304[0m 79.112 ms - -[0m
2022-07-10 19:51:51 info: [0mGET /api/servicios/obtenerSubMateria [36m304[0m 83.626 ms - -[0m
2022-07-10 20:04:45 info: [0mPOST /api/causas/obtenerCausasPorAbogado [32m201[0m 2.282 ms - 26[0m
2022-07-10 20:04:45 info: [0mPOST /api/causas/obtenerCausasPorAbogado [32m201[0m 2.433 ms - 26[0m
2022-07-10 20:04:45 info: [0mPOST /api/causas/obtenerCausasPorAbogado [32m201[0m 2.902 ms - 26[0m
2022-07-10 20:04:45 info: [0mPOST /api/causas/obtenerCausasPorAbogado [32m201[0m 1.928 ms - 26[0m
2022-07-10 20:04:45 info: [0mPOST /api/causas/obtenerCausasPorAbogado [32m201[0m 1.567 ms - 26[0m
2022-07-10 20:04:45 info: [0mPOST /api/causas/obtenerCausasPorAbogado [32m201[0m 1.937 ms - 26[0m
2022-07-10 20:04:45 info: [0mPOST /api/causas/obtenerCausasPorAbogado [32m201[0m 1.036 ms - 26[0m
2022-07-10 20:04:45 info: [0mPOST /api/causas/obtenerCausasPorAbogado [32m201[0m 2.489 ms - 26[0m
2022-07-10 20:04:45 info: [0mPOST /api/causas/obtenerCausasPorAbogado [32m201[0m 1.052 ms - 26[0m
2022-07-10 20:04:45 info: [0mPOST /api/causas/obtenerCausasPorAbogado [32m201[0m 1.370 ms - 26[0m
2022-07-10 20:04:45 info: [0mPOST /api/causas/obtenerCausasPorAbogado [32m201[0m 1.605 ms - 26[0m
2022-07-10 20:04:45 info: [0mPOST /api/causas/obtenerCausasPorAbogado [32m201[0m 1.846 ms - 26[0m
2022-07-10 20:21:07 info: =================================
2022-07-10 20:21:07 info: ======= ENV: development =======
2022-07-10 20:21:07 info: 🚀 App listening on the port 5101
2022-07-10 20:21:07 info: =================================
2022-07-10 20:22:14 info: =================================
2022-07-10 20:22:14 info: ======= ENV: development =======
2022-07-10 20:22:14 info: 🚀 App listening on the port 5101
2022-07-10 20:22:14 info: =================================
2022-07-10 20:38:02 info: =================================
2022-07-10 20:38:02 info: ======= ENV: development =======
2022-07-10 20:38:02 info: 🚀 App listening on the port 5101
2022-07-10 20:38:02 info: =================================
2022-07-10 20:39:03 info: =================================
2022-07-10 20:39:03 info: ======= ENV: development =======
2022-07-10 20:39:03 info: 🚀 App listening on the port 5101
2022-07-10 20:39:03 info: =================================
2022-07-10 20:41:47 info: =================================
2022-07-10 20:41:47 info: ======= ENV: development =======
2022-07-10 20:41:47 info: 🚀 App listening on the port 5101
2022-07-10 20:41:47 info: =================================
2022-07-10 20:43:42 info: [0mGET /api/users/getUsers [32m200[0m 86.811 ms - -[0m
2022-07-10 20:43:46 info: [0mGET /api/users/getUsers [36m304[0m 84.100 ms - -[0m
2022-07-10 20:43:49 info: [0mGET /api/clients/getAllClients [32m200[0m 83.103 ms - 40[0m
2022-07-10 20:44:15 info: [0mGET /api/users/getVendedores [36m304[0m 97.065 ms - -[0m
2022-07-10 20:44:33 info: [0mPOST /api/clients/createClient [32m201[0m 146.838 ms - 307[0m
2022-07-10 20:44:35 info: [0mGET /api/clients/getAllClients [32m200[0m 75.049 ms - 311[0m
2022-07-10 20:45:03 info: [0mGET /api/clients/getAllClients [32m200[0m 74.681 ms - 611[0m
2022-07-10 20:45:06 info: [0mGET /api/clients/getAllClients [36m304[0m 76.162 ms - -[0m
2022-07-10 20:45:07 info: [0mGET /api/causas/obtenerCausas [32m201[0m 75.221 ms - -[0m
2022-07-10 20:45:07 info: [0mPOST /api/clients/getClientById [32m201[0m 84.333 ms - 607[0m
2022-07-10 20:45:08 info: [0mPOST /api/users/user/62c2e800353557aac802d479 [32m200[0m 154.513 ms - 356[0m
2022-07-10 20:45:12 info: [0mGET /api/servicios/obtenerProcedimientos [32m200[0m 73.659 ms - 50[0m
2022-07-10 20:45:12 info: [0mGET /api/servicios/obtenerTipoServicios [32m200[0m 76.344 ms - 41[0m
2022-07-10 20:45:12 info: [0mGET /api/servicios/obtenerSubMateria [32m200[0m 77.691 ms - 46[0m
2022-07-10 20:45:12 info: [0mGET /api/servicios/obtenerGestiones [32m200[0m 4.701 ms - 890[0m
2022-07-10 20:45:12 info: [0mGET /api/servicios/obtenerTipoServicios [36m304[0m 76.136 ms - -[0m
2022-07-10 20:45:12 info: [0mGET /api/servicios/obtenerSubMateria [36m304[0m 77.358 ms - -[0m
2022-07-10 20:45:14 info: [0mGET /api/servicios/obtenerTipoServicios [36m304[0m 71.839 ms - -[0m
2022-07-10 20:45:14 info: [0mGET /api/servicios/obtenerProcedimientos [36m304[0m 74.605 ms - -[0m
2022-07-10 20:45:14 info: [0mGET /api/servicios/obtenerSubMateria [36m304[0m 74.372 ms - -[0m
2022-07-10 20:45:15 info: [0mGET /api/servicios/obtenerGestiones [36m304[0m 2.230 ms - -[0m
2022-07-10 20:45:15 info: [0mGET /api/servicios/obtenerTipoServicios [36m304[0m 73.977 ms - -[0m
2022-07-10 20:45:15 info: [0mGET /api/servicios/obtenerSubMateria [36m304[0m 84.227 ms - -[0m
2022-07-10 20:45:29 info: [0mPOST /api/servicios/crearProcedimiento [32m201[0m 114.762 ms - 178[0m
2022-07-10 20:45:29 info: [0mGET /api/servicios/obtenerProcedimientos [32m200[0m 74.300 ms - 186[0m
2022-07-10 20:45:33 info: [0mPOST /api/servicios/crearTipoServicio [32m201[0m 106.593 ms - 177[0m
2022-07-10 20:45:34 info: [0mGET /api/servicios/obtenerTipoServicios [32m200[0m 75.913 ms - 176[0m
2022-07-10 20:45:39 info: [0mPOST /api/servicios/crearSubMateria [32m201[0m 115.550 ms - 176[0m
2022-07-10 20:45:40 info: [0mGET /api/servicios/obtenerSubMateria [32m200[0m 70.456 ms - 183[0m
2022-07-10 20:45:47 info: [0mPOST /api/servicios/crearGestion [32m201[0m 114.052 ms - 174[0m
2022-07-10 20:45:47 info: [0mGET /api/servicios/obtenerGestiones [36m304[0m 1.455 ms - -[0m
2022-07-10 20:47:00 info: [0mGET /api/servicios/obtenerProcedimientos [36m304[0m 72.181 ms - -[0m
2022-07-10 20:47:00 info: [0mGET /api/servicios/obtenerTipoServicios [32m200[0m 78.961 ms - 322[0m
2022-07-10 20:47:00 info: [0mGET /api/servicios/obtenerSubMateria [32m200[0m 77.626 ms - 327[0m
2022-07-10 20:47:00 info: [0mGET /api/servicios/obtenerGestiones [36m304[0m 2.379 ms - -[0m
2022-07-10 20:47:00 info: [0mGET /api/servicios/obtenerTipoServicios [36m304[0m 84.120 ms - -[0m
2022-07-10 20:47:01 info: [0mGET /api/servicios/obtenerSubMateria [36m304[0m 72.626 ms - -[0m
2022-07-10 20:47:29 info: [0mGET /api/servicios/obtenerProcedimientos [32m200[0m 79.140 ms - 890[0m
2022-07-10 20:47:29 info: [0mGET /api/servicios/obtenerTipoServicios [36m304[0m 78.424 ms - -[0m
2022-07-10 20:47:29 info: [0mGET /api/servicios/obtenerGestiones [36m304[0m 3.196 ms - -[0m
2022-07-10 20:47:29 info: [0mGET /api/servicios/obtenerSubMateria [36m304[0m 72.503 ms - -[0m
2022-07-10 20:47:29 info: [0mGET /api/servicios/obtenerTipoServicios [36m304[0m 73.816 ms - -[0m
2022-07-10 20:47:29 info: [0mGET /api/servicios/obtenerSubMateria [36m304[0m 72.441 ms - -[0m
2022-07-10 20:47:42 info: [0mGET /api/servicios/obtenerProcedimientos [36m304[0m 73.798 ms - -[0m
2022-07-10 20:47:42 info: [0mGET /api/servicios/obtenerTipoServicios [36m304[0m 79.108 ms - -[0m
2022-07-10 20:47:42 info: [0mGET /api/servicios/obtenerSubMateria [36m304[0m 79.679 ms - -[0m
2022-07-10 20:47:43 info: [0mGET /api/servicios/obtenerGestiones [36m304[0m 8.774 ms - -[0m
2022-07-10 20:47:43 info: [0mGET /api/servicios/obtenerTipoServicios [36m304[0m 74.473 ms - -[0m
2022-07-10 20:47:43 info: [0mGET /api/servicios/obtenerSubMateria [36m304[0m 76.615 ms - -[0m
2022-07-10 20:48:14 info: [0mGET /api/servicios/obtenerProcedimientos [36m304[0m 74.629 ms - -[0m
2022-07-10 20:48:14 info: [0mGET /api/servicios/obtenerTipoServicios [32m200[0m 77.118 ms - 1013[0m
2022-07-10 20:48:14 info: [0mGET /api/servicios/obtenerGestiones [36m304[0m 4.723 ms - -[0m
2022-07-10 20:48:14 info: [0mGET /api/servicios/obtenerSubMateria [36m304[0m 74.794 ms - -[0m
2022-07-10 20:48:14 info: [0mGET /api/servicios/obtenerTipoServicios [36m304[0m 74.237 ms - -[0m
2022-07-10 20:48:14 info: [0mGET /api/servicios/obtenerSubMateria [36m304[0m 73.511 ms - -[0m
2022-07-10 20:50:58 info: =================================
2022-07-10 20:50:58 info: ======= ENV: development =======
2022-07-10 20:50:58 info: 🚀 App listening on the port 5101
2022-07-10 20:50:58 info: =================================
2022-07-10 20:51:05 info: [0mGET /api/servicios/obtenerProcedimientos [36m304[0m 84.165 ms - -[0m
2022-07-10 20:51:06 info: [0mGET /api/servicios/obtenerTipoServicios [36m304[0m 74.308 ms - -[0m
2022-07-10 20:51:06 info: [0mGET /api/servicios/obtenerSubMateria [36m304[0m 75.186 ms - -[0m
2022-07-10 20:51:06 info: [0mGET /api/servicios/obtenerGestiones [32m200[0m 75.882 ms - 183[0m
2022-07-10 20:51:13 info: [0mPOST /api/servicios/borrarGestion [32m201[0m 112.512 ms - 41[0m
2022-07-10 20:51:14 info: [0mGET /api/servicios/obtenerGestiones [32m200[0m 73.889 ms - 45[0m
2022-07-10 20:53:00 info: [0mGET /api/servicios/obtenerGestiones [36m304[0m 73.385 ms - -[0m
2022-07-10 20:53:39 info: [0mGET /api/servicios/obtenerGestionDetalle [32m200[0m 72.378 ms - 53[0m
2022-07-10 20:53:48 info: [0mGET /api/servicios/obtenerGestionDetalle [36m304[0m 74.874 ms - -[0m
2022-07-10 20:54:07 info: [0mPOST /api/servicios/crearGestionDetalle [32m201[0m 115.255 ms - 201[0m
2022-07-10 20:54:07 info: [0mGET /api/servicios/obtenerGestionDetalle [32m200[0m 76.305 ms - 210[0m
2022-07-10 20:54:14 info: [0mPOST /api/servicios/crearGestionDetalle [32m201[0m 85.721 ms - 182[0m
2022-07-10 20:54:14 info: [0mGET /api/servicios/obtenerGestionDetalle [32m200[0m 70.885 ms - 349[0m
2022-07-10 20:54:18 info: [0mPOST /api/servicios/crearGestionDetalle [32m201[0m 82.344 ms - 182[0m
2022-07-10 20:54:19 info: [0mGET /api/servicios/obtenerGestionDetalle [32m200[0m 74.591 ms - 488[0m
2022-07-10 20:54:24 info: [0mPOST /api/servicios/crearGestionDetalle [32m201[0m 78.788 ms - 182[0m
2022-07-10 20:54:24 info: [0mGET /api/servicios/obtenerGestionDetalle [32m200[0m 75.917 ms - 627[0m
2022-07-10 20:54:30 info: [0mPOST /api/servicios/crearGestionDetalle [32m201[0m 76.877 ms - 182[0m
2022-07-10 20:54:30 info: [0mGET /api/servicios/obtenerGestionDetalle [32m200[0m 74.936 ms - 766[0m
2022-07-10 20:54:44 info: [0mPOST /api/servicios/crearGestion [32m201[0m 84.115 ms - 174[0m
2022-07-10 20:54:45 info: [0mGET /api/servicios/obtenerGestiones [32m200[0m 74.468 ms - 183[0m
2022-07-10 20:54:51 info: [0mGET /api/causas/obtenerCausas [32m201[0m 80.675 ms - -[0m
2022-07-10 20:54:51 info: [0mPOST /api/clients/getClientById [32m201[0m 74.154 ms - 607[0m
2022-07-10 20:54:51 info: [0mPOST /api/users/user/62c2e800353557aac802d479 [32m200[0m 163.159 ms - 356[0m
2022-07-10 20:54:53 info: [0mPOST /api/causas/obtenerCausaPorId [32m201[0m 76.845 ms - 40[0m
2022-07-10 20:55:00 info: [0mGET /api/causas/obtenerCausas [32m201[0m 75.909 ms - -[0m
2022-07-10 20:55:00 info: [0mPOST /api/clients/getClientById [32m201[0m 74.594 ms - 607[0m
2022-07-10 20:55:01 info: [0mPOST /api/users/user/62c2e800353557aac802d479 [32m200[0m 145.030 ms - 356[0m
2022-07-10 20:55:06 info: [0mGET /api/causas/obtenerCausas [32m201[0m 73.555 ms - -[0m
2022-07-10 20:55:06 info: [0mPOST /api/clients/getClientById [32m201[0m 72.799 ms - 607[0m
2022-07-10 20:55:07 info: [0mPOST /api/users/user/62c2e800353557aac802d479 [32m200[0m 151.581 ms - 356[0m
2022-07-10 20:55:08 info: [0mPOST /api/causas/obtenerCausaPorId [32m201[0m 105.025 ms - 40[0m
2022-07-10 20:55:08 info: [0mPOST /api/causas/obtenerCausaPorId [32m201[0m 74.179 ms - 40[0m
2022-07-10 20:55:08 info: [0mPOST /api/causas/obtenerCausaPorId [32m201[0m 76.513 ms - -[0m
2022-07-10 20:55:08 info: [0mGET /api/servicios/obtenerTipoServicios/ [32m200[0m 77.010 ms - 1013[0m
2022-07-10 20:55:08 info: [0mPOST /api/clients/getClientById [32m201[0m 75.664 ms - 607[0m
2022-07-10 20:55:08 info: [0mGET /api/servicios/obtenerProcedimientos/ [32m200[0m 77.059 ms - 890[0m
2022-07-10 20:55:08 info: [0mGET /api/servicios/obtenerSubMateria/ [32m200[0m 84.053 ms - 327[0m
2022-07-10 20:55:08 info: [0mPOST /api/users/user/62c2e800353557aac802d479 [32m200[0m 152.922 ms - 356[0m
2022-07-10 20:55:11 info: [0mPOST /api/users/user/62c2e870353557aac802d480 [32m200[0m 144.756 ms - 364[0m
2022-07-10 20:55:13 info: [0mPOST /api/causas/obtenerCausaPorId [32m201[0m 76.308 ms - -[0m
2022-07-10 20:55:13 info: [0mGET /api/users/getProcuradores [32m200[0m 79.502 ms - -[0m
2022-07-10 21:02:01 info: [0mPOST /api/causas/obtenerCausaPorId [32m201[0m 75.158 ms - -[0m
2022-07-10 21:02:01 info: [0mGET /api/users/getProcuradores [36m304[0m 80.775 ms - -[0m
2022-07-10 21:02:01 info: [0mGET /api/servicios/obtenerGestiones [36m304[0m 72.401 ms - -[0m
2022-07-10 21:02:01 info: [0mGET /api/servicios/obtenerGestionDetalle [36m304[0m 76.825 ms - -[0m
2022-07-10 21:02:15 info: [0mPOST /api/causas/obtenerCausaPorId [32m201[0m 73.082 ms - 40[0m
2022-07-10 21:02:15 info: [0mPOST /api/causas/obtenerCausaPorId [32m201[0m 74.984 ms - 40[0m
2022-07-10 21:02:15 info: [0mPOST /api/causas/obtenerCausaPorId [32m201[0m 77.112 ms - -[0m
2022-07-10 21:02:15 info: [0mPOST /api/clients/getClientById [32m201[0m 72.379 ms - 607[0m
2022-07-10 21:02:15 info: [0mGET /api/servicios/obtenerTipoServicios/ [36m304[0m 80.729 ms - -[0m
2022-07-10 21:02:15 info: [0mGET /api/servicios/obtenerProcedimientos/ [36m304[0m 87.967 ms - -[0m
2022-07-10 21:02:15 info: [0mPOST /api/users/user/62c2e800353557aac802d479 [32m200[0m 156.475 ms - 356[0m
2022-07-10 21:03:21 info: [0mPOST /api/servicios/borrarGestionDetalle [32m201[0m 71.361 ms - 50[0m
2022-07-10 21:03:22 info: [0mGET /api/servicios/obtenerGestionDetalle [36m304[0m 71.423 ms - -[0m
2022-07-10 21:03:27 info: [0mGET /api/servicios/obtenerProcedimientos [36m304[0m 71.733 ms - -[0m
2022-07-10 21:03:27 info: [0mGET /api/servicios/obtenerTipoServicios [36m304[0m 75.506 ms - -[0m
2022-07-10 21:03:27 info: [0mGET /api/servicios/obtenerSubMateria [36m304[0m 74.290 ms - -[0m
2022-07-10 21:03:27 info: [0mGET /api/servicios/obtenerGestiones [36m304[0m 75.885 ms - -[0m
2022-07-10 21:03:27 info: [0mGET /api/servicios/obtenerGestionDetalle [36m304[0m 79.756 ms - -[0m
2022-07-10 21:04:34 info: [0mGET /api/servicios/obtenerGestiones [36m304[0m 78.986 ms - -[0m
2022-07-10 21:04:43 info: [0mPOST /api/servicios/borrarGestionDetalle [32m201[0m 72.718 ms - 50[0m
2022-07-10 21:04:43 info: [0mGET /api/servicios/obtenerGestionDetalle [36m304[0m 72.884 ms - -[0m
2022-07-10 21:04:47 info: [0mGET /api/servicios/obtenerProcedimientos [36m304[0m 72.100 ms - -[0m
2022-07-10 21:04:47 info: [0mGET /api/servicios/obtenerTipoServicios [36m304[0m 75.934 ms - -[0m
2022-07-10 21:04:48 info: [0mGET /api/servicios/obtenerSubMateria [36m304[0m 74.078 ms - -[0m
2022-07-10 21:04:48 info: [0mGET /api/servicios/obtenerGestiones [36m304[0m 73.901 ms - -[0m
2022-07-10 21:04:48 info: [0mGET /api/servicios/obtenerGestionDetalle [36m304[0m 77.147 ms - -[0m
2022-07-10 21:06:02 info: [0mGET /api/servicios/obtenerGestiones [36m304[0m 73.695 ms - -[0m
2022-07-10 21:06:02 info: [0mGET /api/servicios/obtenerGestionDetalle [36m304[0m 75.782 ms - -[0m
2022-07-10 21:06:09 info: [0mPOST /api/servicios/borrarGestionDetalle [32m201[0m 81.981 ms - 49[0m
2022-07-10 21:06:09 info: [0mGET /api/servicios/obtenerGestionDetalle [32m200[0m 75.602 ms - 627[0m
2022-07-10 21:06:14 info: [0mPOST /api/servicios/borrarGestion [32m201[0m 86.286 ms - 41[0m
2022-07-10 21:06:15 info: [0mGET /api/servicios/obtenerGestiones [32m200[0m 70.935 ms - 45[0m
2022-07-10 21:06:34 info: [0mPOST /api/servicios/crearGestion [32m201[0m 77.781 ms - 175[0m
2022-07-10 21:06:35 info: [0mGET /api/servicios/obtenerGestiones [32m200[0m 81.891 ms - 184[0m
2022-07-10 21:06:41 info: [0mPOST /api/servicios/crearGestion [32m201[0m 83.941 ms - 176[0m
2022-07-10 21:06:41 info: [0mGET /api/servicios/obtenerGestiones [32m200[0m 73.051 ms - 325[0m
2022-07-10 21:06:47 info: [0mPOST /api/servicios/crearGestion [32m201[0m 79.776 ms - 176[0m
2022-07-10 21:06:47 info: [0mGET /api/servicios/obtenerGestiones [32m200[0m 74.115 ms - 466[0m
2022-07-10 21:06:52 info: [0mPOST /api/servicios/crearGestion [32m201[0m 78.380 ms - 172[0m
2022-07-10 21:06:52 info: [0mGET /api/servicios/obtenerGestiones [32m200[0m 72.777 ms - 603[0m
2022-07-10 21:09:00 info: [0mGET /api/clients/getAllClients [32m200[0m 72.478 ms - 611[0m
2022-07-10 21:09:01 info: [0mGET /api/users/getVendedores [32m200[0m 86.648 ms - -[0m
2022-07-10 21:09:08 info: [0mGET /api/clients/getAllClients [36m304[0m 73.932 ms - -[0m
2022-07-10 21:09:14 info: [0mPOST /api/causas/obtenerCausasPorAbogado [32m201[0m 1.426 ms - 26[0m
2022-07-10 21:09:14 info: [0mPOST /api/causas/obtenerCausasPorAbogado [32m201[0m 1.222 ms - 26[0m
2022-07-10 21:09:14 info: [0mPOST /api/causas/obtenerCausasPorAbogado [32m201[0m 1.136 ms - 26[0m
2022-07-10 21:09:14 info: [0mPOST /api/causas/obtenerCausasPorAbogado [32m201[0m 1.228 ms - 26[0m
2022-07-10 21:09:14 info: [0mPOST /api/causas/obtenerCausasPorAbogado [32m201[0m 2.025 ms - 26[0m
2022-07-10 21:09:14 info: [0mPOST /api/causas/obtenerCausasPorAbogado [32m201[0m 1.693 ms - 26[0m
2022-07-10 21:09:14 info: [0mPOST /api/causas/obtenerCausasPorAbogado [32m201[0m 0.999 ms - 26[0m
2022-07-10 21:09:14 info: [0mPOST /api/causas/obtenerCausasPorAbogado [32m201[0m 1.421 ms - 26[0m
2022-07-10 21:09:14 info: [0mPOST /api/causas/obtenerCausasPorAbogado [32m201[0m 1.080 ms - 26[0m
2022-07-10 21:09:14 info: [0mPOST /api/causas/obtenerCausasPorAbogado [32m201[0m 1.125 ms - 26[0m
2022-07-10 21:09:14 info: [0mPOST /api/causas/obtenerCausasPorAbogado [32m201[0m 1.331 ms - 26[0m
2022-07-10 21:09:14 info: [0mPOST /api/causas/obtenerCausasPorAbogado [32m201[0m 1.291 ms - 26[0m
2022-07-10 21:10:46 info: [0mPOST /api/causas/obtenerCausasPorAbogado [32m201[0m 86.118 ms - -[0m
2022-07-10 21:10:46 info: [0mPOST /api/clients/getClientById [32m201[0m 80.662 ms - 607[0m
2022-07-10 21:10:46 info: [0mPOST /api/users/user/62c2e800353557aac802d479 [32m200[0m 147.652 ms - 356[0m
2022-07-10 21:11:11 info: [0mPOST /api/causas/obtenerCausasPorAbogado [32m201[0m 75.577 ms - -[0m
2022-07-10 21:11:12 info: [0mPOST /api/clients/getClientById [32m201[0m 73.542 ms - 607[0m
2022-07-10 21:11:12 info: [0mPOST /api/users/user/62c2e800353557aac802d479 [32m200[0m 148.073 ms - 356[0m
2022-07-10 21:11:25 info: [0mPOST /api/causas/obtenerCausaPorId [32m201[0m 76.806 ms - -[0m
2022-07-10 21:11:25 info: [0mPOST /api/users/user/62c2e800353557aac802d479 [32m200[0m 150.377 ms - 356[0m
2022-07-10 21:11:25 info: [0mPOST /api/clients/getClientById [32m201[0m 74.823 ms - 607[0m
2022-07-10 21:11:25 info: [0mGET /api/servicios/obtenerTipoServicios/ [32m200[0m 78.512 ms - 1013[0m
2022-07-10 21:11:25 info: [0mGET /api/servicios/obtenerSubMateria/ [36m304[0m 78.895 ms - -[0m
2022-07-10 21:11:25 info: [0mGET /api/servicios/obtenerProcedimientos/ [32m200[0m 79.693 ms - 890[0m
2022-07-10 21:12:52 info: [0mPOST /api/causas/obtenerCausaPorId [32m201[0m 77.205 ms - -[0m
2022-07-10 21:12:52 info: [0mPOST /api/users/user/62c2e800353557aac802d479 [32m200[0m 147.969 ms - 356[0m
2022-07-10 21:12:52 info: [0mPOST /api/clients/getClientById [32m201[0m 74.268 ms - 607[0m
2022-07-10 21:12:52 info: [0mGET /api/servicios/obtenerTipoServicios/ [36m304[0m 82.405 ms - -[0m
2022-07-10 21:12:52 info: [0mGET /api/servicios/obtenerProcedimientos/ [36m304[0m 84.078 ms - -[0m
2022-07-10 21:12:52 info: [0mGET /api/servicios/obtenerSubMateria/ [36m304[0m 87.974 ms - -[0m
2022-07-10 21:12:57 info: [0mGET /api/causas/obtenerCausas [32m201[0m 83.686 ms - -[0m
2022-07-10 21:12:57 info: [0mPOST /api/clients/getClientById [32m201[0m 76.620 ms - 607[0m
2022-07-10 21:12:58 info: [0mPOST /api/users/user/62c2e800353557aac802d479 [32m200[0m 147.977 ms - 356[0m
2022-07-10 21:12:59 info: [0mPOST /api/causas/obtenerCausaPorId [32m201[0m 74.916 ms - -[0m
2022-07-10 21:12:59 info: [0mPOST /api/clients/getClientById [32m201[0m 78.990 ms - 607[0m
2022-07-10 21:12:59 info: [0mPOST /api/users/user/62c2e800353557aac802d479 [32m200[0m 154.364 ms - 356[0m
2022-07-10 21:12:59 info: [0mGET /api/servicios/obtenerTipoServicios/ [32m200[0m 73.297 ms - 1013[0m
2022-07-10 21:12:59 info: [0mGET /api/servicios/obtenerSubMateria/ [32m200[0m 78.253 ms - 327[0m
2022-07-10 21:12:59 info: [0mGET /api/servicios/obtenerProcedimientos/ [32m200[0m 78.758 ms - 890[0m
2022-07-10 21:13:03 info: [0mGET /api/clients/getAllClients [36m304[0m 76.920 ms - -[0m
2022-07-10 21:13:06 info: [0mPOST /api/causas/obtenerCausasPorAbogado [32m201[0m 1.062 ms - 26[0m
2022-07-10 21:13:06 info: [0mPOST /api/causas/obtenerCausasPorAbogado [32m201[0m 3.206 ms - 26[0m
2022-07-10 21:13:06 info: [0mPOST /api/causas/obtenerCausasPorAbogado [32m201[0m 1.577 ms - 26[0m
2022-07-10 21:13:06 info: [0mPOST /api/causas/obtenerCausasPorAbogado [32m201[0m 1.421 ms - 26[0m
2022-07-10 21:13:06 info: [0mPOST /api/causas/obtenerCausasPorAbogado [32m201[0m 2.268 ms - 26[0m
2022-07-10 21:13:06 info: [0mPOST /api/causas/obtenerCausasPorAbogado [32m201[0m 1.996 ms - 26[0m
2022-07-10 21:13:07 info: [0mPOST /api/causas/obtenerCausasPorAbogado [32m201[0m 0.865 ms - 26[0m
2022-07-10 21:13:07 info: [0mPOST /api/causas/obtenerCausasPorAbogado [32m201[0m 1.326 ms - 26[0m
2022-07-10 21:13:07 info: [0mPOST /api/causas/obtenerCausasPorAbogado [32m201[0m 1.137 ms - 26[0m
2022-07-10 21:13:07 info: [0mPOST /api/causas/obtenerCausasPorAbogado [32m201[0m 1.007 ms - 26[0m
2022-07-10 21:13:07 info: [0mPOST /api/causas/obtenerCausasPorAbogado [32m201[0m 1.121 ms - 26[0m
2022-07-10 21:13:08 info: [0mPOST /api/causas/obtenerCausaPorId [32m201[0m 75.768 ms - -[0m
2022-07-10 21:13:08 info: [0mPOST /api/causas/obtenerCausaPorId [32m201[0m 77.917 ms - -[0m
2022-07-10 21:13:08 info: [0mPOST /api/users/user/62c2e800353557aac802d479 [32m200[0m 143.070 ms - 356[0m
2022-07-10 21:13:08 info: [0mPOST /api/clients/getClientById [32m201[0m 76.591 ms - 607[0m
2022-07-10 21:13:08 info: [0mGET /api/servicios/obtenerTipoServicios/ [32m200[0m 81.915 ms - 1013[0m
2022-07-10 21:13:08 info: [0mGET /api/servicios/obtenerProcedimientos/ [32m200[0m 81.823 ms - 890[0m
2022-07-10 21:13:08 info: [0mPOST /api/clients/getClientById [32m201[0m 78.117 ms - 607[0m
2022-07-10 21:13:08 info: [0mPOST /api/users/user/62c2e800353557aac802d479 [32m200[0m 163.926 ms - 356[0m
2022-07-10 21:13:09 info: [0mGET /api/servicios/obtenerTipoServicios/ [36m304[0m 71.020 ms - -[0m
2022-07-10 21:13:09 info: [0mGET /api/servicios/obtenerProcedimientos/ [36m304[0m 73.505 ms - -[0m
2022-07-10 21:13:12 info: [0mPOST /api/causas/obtenerCausaPorId [32m201[0m 74.159 ms - -[0m
2022-07-10 21:13:12 info: [0mPOST /api/clients/getClientById [32m201[0m 75.683 ms - 607[0m
2022-07-10 21:13:12 info: [0mPOST /api/users/user/62c2e800353557aac802d479 [32m200[0m 154.912 ms - 356[0m
2022-07-10 21:13:12 info: [0mGET /api/servicios/obtenerTipoServicios/ [36m304[0m 73.139 ms - -[0m
2022-07-10 21:13:12 info: [0mGET /api/servicios/obtenerSubMateria/ [36m304[0m 76.428 ms - -[0m
2022-07-10 21:13:12 info: [0mGET /api/servicios/obtenerProcedimientos/ [36m304[0m 76.334 ms - -[0m
2022-07-10 21:20:51 info: [0mPOST /api/causas/obtenerCausaPorId [32m201[0m 79.984 ms - -[0m
2022-07-10 21:20:51 info: [0mPOST /api/clients/getClientById [32m201[0m 74.667 ms - 607[0m
2022-07-10 21:20:51 info: [0mGET /api/servicios/obtenerTipoServicios/ [36m304[0m 78.930 ms - -[0m
2022-07-10 21:20:51 info: [0mPOST /api/users/user/62c2e800353557aac802d479 [32m200[0m 147.242 ms - 356[0m
2022-07-10 21:20:51 info: [0mGET /api/servicios/obtenerSubMateria/ [36m304[0m 76.760 ms - -[0m
2022-07-10 21:20:51 info: [0mGET /api/servicios/obtenerProcedimientos/ [36m304[0m 77.578 ms - -[0m
2022-07-10 21:21:31 info: =================================
2022-07-10 21:21:31 info: ======= ENV: development =======
2022-07-10 21:21:31 info: 🚀 App listening on the port 5101
2022-07-10 21:21:31 info: =================================
2022-07-10 21:22:27 info: [0mGET /api/causas/obtenerCausas [32m201[0m 82.542 ms - -[0m
2022-07-10 21:22:28 info: [0mPOST /api/clients/getClientById [32m201[0m 99.549 ms - 607[0m
2022-07-10 21:22:28 info: [0mPOST /api/users/user/62c2e800353557aac802d479 [32m200[0m 159.104 ms - 356[0m
2022-07-10 21:22:30 info: [0mPOST /api/causas/obtenerCausaPorId [32m201[0m 78.809 ms - -[0m
2022-07-10 21:22:30 info: [0mPOST /api/clients/getClientById [32m201[0m 84.774 ms - 607[0m
2022-07-10 21:22:30 info: [0mPOST /api/users/user/62c2e800353557aac802d479 [32m200[0m 152.018 ms - 356[0m
2022-07-10 21:22:30 info: [0mGET /api/servicios/obtenerTipoServicios/ [36m304[0m 76.057 ms - -[0m
2022-07-10 21:22:30 info: [0mGET /api/servicios/obtenerProcedimientos/ [36m304[0m 80.108 ms - -[0m
2022-07-10 21:23:12 info: =================================
2022-07-10 21:23:12 info: ======= ENV: development =======
2022-07-10 21:23:12 info: 🚀 App listening on the port 5101
2022-07-10 21:23:12 info: =================================
2022-07-10 21:25:00 info: [0mPOST /api/causas/editarCausa [32m201[0m 121.281 ms - -[0m
2022-07-10 21:25:00 info: [0mGET /api/causas/obtenerCausas [32m201[0m 77.954 ms - -[0m
2022-07-10 21:25:00 info: [0mPOST /api/clients/getClientById [32m201[0m 79.482 ms - 607[0m
2022-07-10 21:25:01 info: [0mPOST /api/users/user/62c2e800353557aac802d479 [32m200[0m 166.439 ms - 356[0m
2022-07-10 21:25:02 info: [0mPOST /api/causas/obtenerCausaPorId [32m201[0m 74.624 ms - -[0m
2022-07-10 21:25:02 info: [0mPOST /api/causas/obtenerCausaPorId [32m201[0m 74.604 ms - -[0m
2022-07-10 21:25:02 info: [0mPOST /api/clients/getClientById [32m201[0m 77.772 ms - 607[0m
2022-07-10 21:25:02 info: [0mGET /api/servicios/obtenerTipoServicios/ [36m304[0m 78.866 ms - -[0m
2022-07-10 21:25:02 info: [0mGET /api/servicios/obtenerProcedimientos/ [36m304[0m 79.643 ms - -[0m
2022-07-10 21:25:02 info: [0mPOST /api/users/user/62c2e800353557aac802d479 [32m200[0m 144.112 ms - 356[0m
2022-07-10 21:25:03 info: [0mPOST /api/clients/getClientById [32m201[0m 78.236 ms - 607[0m
2022-07-10 21:25:03 info: [0mGET /api/servicios/obtenerSubMateria/ [36m304[0m 78.914 ms - -[0m
2022-07-10 21:25:03 info: [0mGET /api/servicios/obtenerTipoServicios/ [36m304[0m 73.774 ms - -[0m
2022-07-10 21:25:03 info: [0mPOST /api/users/user/62c2e800353557aac802d479 [32m200[0m 145.995 ms - 356[0m
2022-07-10 21:25:03 info: [0mGET /api/servicios/obtenerProcedimientos/ [36m304[0m 74.232 ms - -[0m
2022-07-10 21:25:32 info: [0mPOST /api/causas/obtenerCausaPorId [32m201[0m 93.534 ms - -[0m
2022-07-10 21:25:32 info: [0mPOST /api/clients/getClientById [32m201[0m 73.651 ms - 607[0m
2022-07-10 21:25:32 info: [0mGET /api/servicios/obtenerTipoServicios/ [36m304[0m 78.415 ms - -[0m
2022-07-10 21:25:32 info: [0mPOST /api/users/user/62c2e800353557aac802d479 [32m200[0m 150.643 ms - 356[0m
2022-07-10 21:25:32 info: [0mGET /api/servicios/obtenerSubMateria/ [36m304[0m 76.998 ms - -[0m
2022-07-10 21:25:33 info: [0mGET /api/servicios/obtenerProcedimientos/ [36m304[0m 72.356 ms - -[0m
2022-07-10 21:26:21 info: [0mPOST /api/causas/obtenerCausaPorId [32m201[0m 82.394 ms - -[0m
2022-07-10 21:26:21 info: [0mGET /api/users/getProcuradores [32m200[0m 81.442 ms - -[0m
2022-07-10 21:26:21 info: [0mGET /api/servicios/obtenerGestiones [32m200[0m 78.115 ms - 603[0m
2022-07-10 21:26:21 info: [0mGET /api/servicios/obtenerGestionDetalle [32m200[0m 81.781 ms - 627[0m
2022-07-10 21:36:02 info: [0mPOST /api/causas/obtenerCausaPorId [32m201[0m 166.704 ms - -[0m
2022-07-10 21:36:02 info: [0mGET /api/users/getProcuradores [36m304[0m 123.552 ms - -[0m
2022-07-10 21:36:03 info: [0mGET /api/servicios/obtenerGestiones [36m304[0m 74.962 ms - -[0m
2022-07-10 21:36:03 info: [0mGET /api/servicios/obtenerGestionDetalle [36m304[0m 80.635 ms - -[0m
2022-07-10 21:36:17 info: [0mPOST /api/causas/obtenerCausaPorId [32m201[0m 77.371 ms - -[0m
2022-07-10 21:36:18 info: [0mGET /api/users/getProcuradores [36m304[0m 78.861 ms - -[0m
2022-07-10 21:36:18 info: [0mGET /api/servicios/obtenerGestiones [36m304[0m 74.683 ms - -[0m
2022-07-10 21:36:18 info: [0mGET /api/servicios/obtenerGestionDetalle [36m304[0m 77.546 ms - -[0m
2022-07-10 21:38:06 info: [0mPOST /api/causas/obtenerCausaPorId [32m201[0m 85.177 ms - -[0m
2022-07-10 21:38:06 info: [0mGET /api/users/getProcuradores [36m304[0m 80.079 ms - -[0m
2022-07-10 21:38:07 info: [0mGET /api/servicios/obtenerGestiones [36m304[0m 72.475 ms - -[0m
2022-07-10 21:38:07 info: [0mGET /api/servicios/obtenerGestionDetalle [36m304[0m 96.382 ms - -[0m
2022-07-10 21:38:20 info: [0mPOST /api/causas/obtenerCausaPorId [32m201[0m 76.931 ms - -[0m
2022-07-10 21:38:20 info: [0mGET /api/servicios/obtenerGestionDetalle [36m304[0m 75.482 ms - -[0m
2022-07-10 21:38:20 info: [0mGET /api/servicios/obtenerGestiones [36m304[0m 77.206 ms - -[0m
2022-07-10 21:38:20 info: [0mGET /api/users/getProcuradores [36m304[0m 81.677 ms - -[0m
2022-07-10 21:41:30 info: [0mPOST /api/causas/obtenerCausaPorId [32m201[0m 95.564 ms - -[0m
2022-07-10 21:41:30 info: [0mGET /api/users/getProcuradores [36m304[0m 107.135 ms - -[0m
2022-07-10 21:41:30 info: [0mGET /api/servicios/obtenerGestiones [36m304[0m 118.461 ms - -[0m
2022-07-10 21:41:30 info: [0mGET /api/servicios/obtenerGestionDetalle [36m304[0m 104.390 ms - -[0m
2022-07-10 21:41:46 info: [0mPOST /api/causas/obtenerCausaPorId [32m201[0m 74.662 ms - -[0m
2022-07-10 21:41:46 info: [0mGET /api/users/getProcuradores [36m304[0m 77.959 ms - -[0m
2022-07-10 21:41:46 info: [0mGET /api/servicios/obtenerGestiones [36m304[0m 75.144 ms - -[0m
2022-07-10 21:41:46 info: [0mGET /api/servicios/obtenerGestionDetalle [36m304[0m 79.682 ms - -[0m
2022-07-10 21:43:01 info: =================================
2022-07-10 21:43:01 info: ======= ENV: development =======
2022-07-10 21:43:01 info: 🚀 App listening on the port 5101
2022-07-10 21:43:01 info: =================================
2022-07-10 21:43:38 info: [0mPOST /api/users/user/62c2e870353557aac802d480 [32m200[0m 158.629 ms - 364[0m
2022-07-10 21:43:40 info: [0mGET /api/servicios/obtenerGestiones [32m200[0m 78.198 ms - 603[0m
2022-07-10 21:43:40 info: [0mPOST /api/causas/obtenerCausaPorId [32m201[0m 107.395 ms - -[0m
2022-07-10 21:43:40 info: [0mGET /api/users/getProcuradores [36m304[0m 78.487 ms - -[0m
2022-07-10 21:43:40 info: [0mGET /api/servicios/obtenerGestionDetalle [32m200[0m 79.197 ms - 627[0m
2022-07-10 21:43:43 info: [0mPOST /api/causas/obtenerCausaPorId [32m201[0m 81.455 ms - -[0m
2022-07-10 21:43:43 info: [0mGET /api/users/getProcuradores [36m304[0m 78.933 ms - -[0m
2022-07-10 21:43:43 info: [0mGET /api/servicios/obtenerGestiones [36m304[0m 79.060 ms - -[0m
2022-07-10 21:43:43 info: [0mGET /api/servicios/obtenerGestionDetalle [36m304[0m 81.912 ms - -[0m
2022-07-10 21:45:11 info: [0mPOST /api/causas/obtenerCausaPorId [32m201[0m 85.553 ms - -[0m
2022-07-10 21:45:11 info: [0mGET /api/users/getProcuradores [36m304[0m 77.185 ms - -[0m
2022-07-10 21:45:11 info: [0mGET /api/servicios/obtenerGestiones [36m304[0m 73.452 ms - -[0m
2022-07-10 21:45:11 info: [0mGET /api/servicios/obtenerGestionDetalle [36m304[0m 78.507 ms - -[0m
2022-07-10 21:45:12 info: [0mPOST /api/causas/obtenerCausaPorId [32m201[0m 85.341 ms - -[0m
2022-07-10 21:45:12 info: [0mGET /api/users/getProcuradores [36m304[0m 89.143 ms - -[0m
2022-07-10 21:45:12 info: [0mGET /api/servicios/obtenerGestiones [36m304[0m 72.887 ms - -[0m
2022-07-10 21:45:12 info: [0mGET /api/servicios/obtenerGestionDetalle [36m304[0m 82.601 ms - -[0m
2022-07-10 21:46:19 info: [0mPOST /api/causas/editarCausa [32m201[0m 97.528 ms - -[0m
2022-07-10 21:46:21 info: [0mPOST /api/causas/obtenerCausaPorId [32m201[0m 83.126 ms - -[0m
2022-07-10 21:46:21 info: [0mPOST /api/clients/getClientById [32m201[0m 75.186 ms - 607[0m
2022-07-10 21:46:21 info: [0mGET /api/servicios/obtenerSubMateria/ [36m304[0m 78.967 ms - -[0m
2022-07-10 21:46:21 info: [0mGET /api/servicios/obtenerTipoServicios/ [36m304[0m 83.050 ms - -[0m
2022-07-10 21:46:21 info: [0mGET /api/servicios/obtenerProcedimientos/ [36m304[0m 86.131 ms - -[0m
2022-07-10 21:46:21 info: [0mPOST /api/users/user/62c2e800353557aac802d479 [32m200[0m 156.683 ms - 356[0m
2022-07-10 21:46:26 info: [0mPOST /api/users/user/62c2e870353557aac802d480 [32m200[0m 152.098 ms - 364[0m
