2022-03-09 11:07:07 info: =================================
2022-03-09 11:07:07 info: ======= ENV: development =======
2022-03-09 11:07:07 info: 🚀 App listening on the port 5000
2022-03-09 11:07:07 info: =================================
2022-03-09 12:43:12 error: [GET] /api/users/getUsers >> StatusCode:: 401, Message:: Wrong authentication token
2022-03-09 12:45:09 info: =================================
2022-03-09 12:45:09 info: ======= ENV: development =======
2022-03-09 12:45:09 info: 🚀 App listening on the port 5000
2022-03-09 12:45:09 info: =================================
2022-03-09 12:45:20 error: [GET] /users/getUsers >> StatusCode:: 401, Message:: Wrong authentication token
2022-03-09 12:48:02 info: =================================
2022-03-09 12:48:02 info: ======= ENV: development =======
2022-03-09 12:48:02 info: 🚀 App listening on the port 5000
2022-03-09 12:48:02 info: =================================
2022-03-09 12:48:16 error: [GET] /users/getUsers >> StatusCode:: 401, Message:: Wrong authentication token
2022-03-09 12:50:45 info: =================================
2022-03-09 12:50:45 info: ======= ENV: development =======
2022-03-09 12:50:45 info: 🚀 App listening on the port 5000
2022-03-09 12:50:45 info: =================================
2022-03-09 12:50:49 error: [GET] /users/getUsers >> StatusCode:: 401, Message:: Wrong authentication token
2022-03-09 12:51:43 info: =================================
2022-03-09 12:51:43 info: ======= ENV: development =======
2022-03-09 12:51:43 info: 🚀 App listening on the port 5000
2022-03-09 12:51:43 info: =================================
2022-03-09 13:15:23 info: =================================
2022-03-09 13:15:23 info: ======= ENV: development =======
2022-03-09 13:15:23 info: 🚀 App listening on the port 5000
2022-03-09 13:15:23 info: =================================
2022-03-09 13:23:09 info: =================================
2022-03-09 13:23:09 info: ======= ENV: development =======
2022-03-09 13:23:09 info: 🚀 App listening on the port 5000
2022-03-09 13:23:09 info: =================================
2022-03-09 13:25:02 info: =================================
2022-03-09 13:25:02 info: ======= ENV: development =======
2022-03-09 13:25:02 info: 🚀 App listening on the port 5000
2022-03-09 13:25:02 info: =================================
2022-03-09 13:27:50 info: =================================
2022-03-09 13:27:50 info: ======= ENV: development =======
2022-03-09 13:27:50 info: 🚀 App listening on the port 5000
2022-03-09 13:27:50 info: =================================
