2022-06-14 16:28:56 info: =================================
2022-06-14 16:28:56 info: ======= ENV: development =======
2022-06-14 16:28:56 info: 🚀 App listening on the port 5100
2022-06-14 16:28:56 info: =================================
2022-06-14 17:55:51 info: =================================
2022-06-14 17:55:51 info: ======= ENV: development =======
2022-06-14 17:55:51 info: 🚀 App listening on the port 5100
2022-06-14 17:55:51 info: =================================
2022-06-14 18:11:45 info: =================================
2022-06-14 18:11:45 info: ======= ENV: development =======
2022-06-14 18:11:45 info: 🚀 App listening on the port 5100
2022-06-14 18:11:45 info: =================================
2022-06-14 18:12:09 info: [0mGET /api/causas/obtenerCausas [32m201[0m 182.130 ms - -[0m
2022-06-14 18:12:09 info: [0mGET /api/servicios/obtenerTipoServicios [32m200[0m 198.083 ms - 595[0m
2022-06-14 18:12:09 info: [0mGET /api/servicios/obtenerProcedimientos [32m200[0m 198.170 ms - 473[0m
2022-06-14 18:12:10 info: [0mGET /api/causas/obtenerCausas [32m201[0m 1465.446 ms - -[0m
2022-06-14 18:12:10 info: [0mGET /api/servicios/obtenerTipoServicios [36m304[0m 1207.846 ms - -[0m
2022-06-14 18:12:10 info: [0mGET /api/servicios/obtenerProcedimientos [36m304[0m 1209.344 ms - -[0m
2022-06-14 18:12:24 info: [0mGET /api/causas/obtenerCausas [32m201[0m 77.030 ms - -[0m
2022-06-14 18:12:24 info: [0mGET /api/servicios/obtenerTipoServicios [36m304[0m 74.147 ms - -[0m
2022-06-14 18:12:24 info: [0mGET /api/servicios/obtenerProcedimientos [36m304[0m 73.288 ms - -[0m
2022-06-14 18:12:24 info: [0mGET /api/causas/obtenerCausas [32m201[0m 75.766 ms - -[0m
2022-06-14 18:12:24 info: [0mGET /api/servicios/obtenerTipoServicios [36m304[0m 74.519 ms - -[0m
2022-06-14 18:12:24 info: [0mGET /api/servicios/obtenerProcedimientos [36m304[0m 73.055 ms - -[0m
2022-06-14 18:16:02 info: [0mGET /api/causas/obtenerCausas [32m201[0m 78.524 ms - -[0m
2022-06-14 18:16:02 info: [0mGET /api/servicios/obtenerTipoServicios [36m304[0m 75.220 ms - -[0m
2022-06-14 18:16:02 info: [0mGET /api/servicios/obtenerProcedimientos [36m304[0m 78.617 ms - -[0m
2022-06-14 18:16:03 info: [0mGET /api/causas/obtenerCausas [32m201[0m 74.559 ms - -[0m
2022-06-14 18:16:03 info: [0mGET /api/servicios/obtenerTipoServicios [36m304[0m 74.667 ms - -[0m
2022-06-14 18:16:03 info: [0mGET /api/servicios/obtenerProcedimientos [36m304[0m 75.702 ms - -[0m
2022-06-14 18:16:05 info: [0mGET /api/servicios/obtenerTipoServicios [36m304[0m 79.603 ms - -[0m
2022-06-14 18:16:05 info: [0mGET /api/causas/obtenerCausas [32m201[0m 81.164 ms - -[0m
2022-06-14 18:16:05 info: [0mGET /api/servicios/obtenerProcedimientos [36m304[0m 81.421 ms - -[0m
2022-06-14 18:17:09 info: [0mGET /api/servicios/obtenerTipoServicios [36m304[0m 213.954 ms - -[0m
2022-06-14 18:17:09 info: [0mGET /api/servicios/obtenerProcedimientos [36m304[0m 212.908 ms - -[0m
2022-06-14 18:17:09 info: [0mGET /api/causas/obtenerCausas [32m201[0m 226.240 ms - -[0m
2022-06-14 18:17:22 info: [0mGET /api/servicios/obtenerTipoServicios [36m304[0m 88.132 ms - -[0m
2022-06-14 18:17:22 info: [0mGET /api/causas/obtenerCausas [32m201[0m 89.636 ms - -[0m
2022-06-14 18:17:22 info: [0mGET /api/servicios/obtenerProcedimientos [36m304[0m 102.188 ms - -[0m
2022-06-14 18:17:26 info: [0mGET /api/causas/obtenerCausas [32m201[0m 74.804 ms - -[0m
2022-06-14 18:17:27 info: [0mGET /api/servicios/obtenerTipoServicios [36m304[0m 117.175 ms - -[0m
2022-06-14 18:17:27 info: [0mGET /api/servicios/obtenerProcedimientos [36m304[0m 116.929 ms - -[0m
2022-06-14 18:17:30 info: [0mGET /api/clients/getAllClients [32m200[0m 83.032 ms - 528[0m
2022-06-14 18:17:37 info: [0mGET /api/causas/obtenerCausas [32m201[0m 156.443 ms - -[0m
2022-06-14 18:17:37 info: [0mGET /api/servicios/obtenerTipoServicios [36m304[0m 145.208 ms - -[0m
2022-06-14 18:17:37 info: [0mGET /api/servicios/obtenerProcedimientos [36m304[0m 146.402 ms - -[0m
2022-06-14 18:18:50 info: [0mGET /api/servicios/obtenerTipoServicios [36m304[0m 132.984 ms - -[0m
2022-06-14 18:18:50 info: [0mGET /api/servicios/obtenerProcedimientos [36m304[0m 132.626 ms - -[0m
2022-06-14 18:18:50 info: [0mGET /api/causas/obtenerCausas [32m201[0m 133.107 ms - -[0m
2022-06-14 18:19:00 info: [0mGET /api/causas/obtenerCausas [32m201[0m 431.921 ms - -[0m
2022-06-14 18:19:00 info: [0mGET /api/servicios/obtenerTipoServicios [36m304[0m 434.427 ms - -[0m
2022-06-14 18:19:00 info: [0mGET /api/servicios/obtenerProcedimientos [36m304[0m 136.143 ms - -[0m
2022-06-14 18:20:45 info: [0mGET /api/servicios/obtenerTipoServicios [36m304[0m 79.031 ms - -[0m
2022-06-14 18:20:45 info: [0mGET /api/causas/obtenerCausas [32m201[0m 78.708 ms - -[0m
2022-06-14 18:20:46 info: [0mGET /api/servicios/obtenerProcedimientos [36m304[0m 74.754 ms - -[0m
2022-06-14 18:21:09 info: [0mGET /api/servicios/obtenerTipoServicios [36m304[0m 227.164 ms - -[0m
2022-06-14 18:23:01 info: [0mGET /api/servicios/obtenerTipoServicios [36m304[0m 84.824 ms - -[0m
2022-06-14 18:23:01 info: [0mGET /api/causas/obtenerCausas [32m201[0m 85.784 ms - -[0m
2022-06-14 18:23:01 info: [0mGET /api/servicios/obtenerProcedimientos [36m304[0m 72.307 ms - -[0m
2022-06-14 18:23:05 error: [POST] /api/users/user/629dc47fd3a1e6cc88271851 >> StatusCode:: 404, Message:: Ususario no encontrado
2022-06-14 18:23:05 info: [0mPOST /api/users/user/629dc47fd3a1e6cc88271851 [33m404[0m 82.106 ms - 36[0m
2022-06-14 18:23:05 info: [0mPOST /api/users/user/629dc319d3a1e6cc88271842 [32m200[0m 161.430 ms - 354[0m
2022-06-14 18:30:13 info: =================================
2022-06-14 18:30:13 info: ======= ENV: development =======
2022-06-14 18:30:13 info: 🚀 App listening on the port 5100
2022-06-14 18:30:13 info: =================================
2022-06-14 18:30:21 info: [0mPOST /api/users/user/629dc319d3a1e6cc88271842 [32m200[0m 157.076 ms - 354[0m
2022-06-14 18:30:22 info: [0mPOST /api/clients/getClientById/ [32m201[0m 103.641 ms - 524[0m
2022-06-14 18:31:46 info: [0mGET /api/servicios/obtenerTipoServicios [32m200[0m 80.519 ms - 595[0m
2022-06-14 18:31:46 info: [0mGET /api/causas/obtenerCausas [32m201[0m 82.631 ms - -[0m
2022-06-14 18:31:46 info: [0mGET /api/servicios/obtenerProcedimientos [32m200[0m 74.086 ms - 473[0m
2022-06-14 18:31:49 info: [0mPOST /api/clients/getClientById/ [32m201[0m 262.938 ms - 524[0m
2022-06-14 18:31:49 info: [0mPOST /api/users/user/629dc319d3a1e6cc88271842 [32m200[0m 396.097 ms - 354[0m
2022-06-14 18:39:28 info: [0mGET /api/causas/obtenerCausas [32m201[0m 196.445 ms - -[0m
2022-06-14 18:39:29 info: [0mGET /api/servicios/obtenerTipoServicios [36m304[0m 416.841 ms - -[0m
2022-06-14 18:39:29 info: [0mGET /api/servicios/obtenerProcedimientos [36m304[0m 417.944 ms - -[0m
2022-06-14 18:39:31 info: [0mPOST /api/clients/getClientById/ [32m201[0m 82.740 ms - 524[0m
2022-06-14 18:39:31 info: [0mPOST /api/users/user/629dc319d3a1e6cc88271842 [32m200[0m 146.127 ms - 354[0m
2022-06-14 18:39:31 info: [0mGET /api/servicios/obtenerTipoServicios/ [32m200[0m 77.076 ms - 595[0m
2022-06-14 18:46:41 info: [0mGET /api/causas/obtenerCausas [32m201[0m 328.112 ms - -[0m
2022-06-14 18:46:41 info: [0mGET /api/servicios/obtenerTipoServicios [36m304[0m 88.624 ms - -[0m
2022-06-14 18:46:41 info: [0mGET /api/servicios/obtenerProcedimientos [36m304[0m 89.598 ms - -[0m
2022-06-14 18:46:45 info: [0mPOST /api/clients/getClientById/ [32m201[0m 78.133 ms - 524[0m
2022-06-14 18:46:45 info: [0mGET /api/servicios/obtenerProcedimientos/ [32m200[0m 75.658 ms - 473[0m
2022-06-14 18:46:45 info: [0mGET /api/servicios/obtenerTipoServicios/ [36m304[0m 80.760 ms - -[0m
2022-06-14 18:46:45 info: [0mPOST /api/users/user/629dc319d3a1e6cc88271842 [32m200[0m 151.695 ms - 354[0m
2022-06-14 18:48:03 info: [0mGET /api/causas/obtenerCausas [32m201[0m 77.269 ms - -[0m
2022-06-14 18:48:03 info: [0mGET /api/servicios/obtenerTipoServicios [36m304[0m 91.693 ms - -[0m
2022-06-14 18:48:03 info: [0mGET /api/servicios/obtenerProcedimientos [36m304[0m 104.254 ms - -[0m
2022-06-14 18:49:26 info: [0mGET /api/servicios/obtenerTipoServicios [36m304[0m 77.232 ms - -[0m
2022-06-14 18:49:26 info: [0mGET /api/causas/obtenerCausas [32m201[0m 77.825 ms - -[0m
2022-06-14 18:49:26 info: [0mGET /api/servicios/obtenerProcedimientos [36m304[0m 70.998 ms - -[0m
2022-06-14 18:49:28 info: [0mPOST /api/clients/getClientById/ [32m201[0m 212.782 ms - 524[0m
2022-06-14 18:49:28 info: [0mPOST /api/users/user/629dc319d3a1e6cc88271842 [32m200[0m 292.215 ms - 354[0m
2022-06-14 18:49:29 info: [0mGET /api/servicios/obtenerTipoServicios/ [36m304[0m 326.234 ms - -[0m
2022-06-14 18:49:29 info: [0mGET /api/servicios/obtenerProcedimientos/ [36m304[0m 596.675 ms - -[0m
2022-06-14 18:50:00 info: [0mGET /api/servicios/obtenerTipoServicios [36m304[0m 309.106 ms - -[0m
2022-06-14 18:50:00 info: [0mGET /api/causas/obtenerCausas [32m201[0m 331.330 ms - -[0m
2022-06-14 18:50:00 info: [0mGET /api/servicios/obtenerProcedimientos [36m304[0m 77.905 ms - -[0m
2022-06-14 18:50:02 info: [0mGET /api/servicios/obtenerProcedimientos/ [36m304[0m 240.558 ms - -[0m
2022-06-14 18:50:02 info: [0mGET /api/servicios/obtenerTipoServicios/ [36m304[0m 239.951 ms - -[0m
2022-06-14 18:50:02 info: [0mPOST /api/clients/getClientById/ [32m201[0m 251.172 ms - 524[0m
2022-06-14 18:50:03 info: [0mPOST /api/users/user/629dc319d3a1e6cc88271842 [32m200[0m 399.365 ms - 354[0m
2022-06-14 18:50:14 info: [0mGET /api/servicios/obtenerTipoServicios [36m304[0m 77.354 ms - -[0m
2022-06-14 18:50:19 info: [0mGET /api/causas/obtenerCausas [32m201[0m 254.761 ms - -[0m
2022-06-14 18:50:19 info: [0mGET /api/servicios/obtenerTipoServicios [36m304[0m 256.863 ms - -[0m
2022-06-14 18:50:19 info: [0mGET /api/servicios/obtenerProcedimientos [36m304[0m 256.469 ms - -[0m
2022-06-14 18:50:35 info: [0mGET /api/causas/obtenerCausas [32m201[0m 82.688 ms - -[0m
2022-06-14 18:50:35 info: [0mGET /api/servicios/obtenerTipoServicios [36m304[0m 81.948 ms - -[0m
2022-06-14 18:50:35 info: [0mGET /api/servicios/obtenerProcedimientos [36m304[0m 81.268 ms - -[0m
2022-06-14 18:50:41 info: [0mGET /api/servicios/obtenerProcedimientos [36m304[0m 370.766 ms - -[0m
2022-06-14 18:50:41 info: [0mGET /api/servicios/obtenerTipoServicios [36m304[0m 373.600 ms - -[0m
2022-06-14 18:50:41 info: [0mGET /api/causas/obtenerCausas [32m201[0m 612.562 ms - -[0m
2022-06-14 18:50:43 info: [0mPOST /api/users/user/629dc319d3a1e6cc88271842 [32m200[0m 145.133 ms - 354[0m
2022-06-14 18:50:44 info: [0mPOST /api/clients/getClientById/ [32m201[0m 75.381 ms - 524[0m
2022-06-14 18:50:44 info: [0mGET /api/servicios/obtenerTipoServicios/ [36m304[0m 80.969 ms - -[0m
2022-06-14 18:50:44 info: [0mGET /api/servicios/obtenerProcedimientos/ [36m304[0m 80.751 ms - -[0m
2022-06-14 18:50:47 info: [0mGET /api/servicios/obtenerTipoServicios [36m304[0m 73.902 ms - -[0m
2022-06-14 18:50:47 info: [0mGET /api/servicios/obtenerProcedimientos [36m304[0m 83.835 ms - -[0m
2022-06-14 18:50:47 info: [0mGET /api/causas/obtenerCausas [32m201[0m 80.428 ms - -[0m
2022-06-14 18:50:53 info: [0mGET /api/causas/obtenerCausas [32m201[0m 76.318 ms - -[0m
2022-06-14 18:50:53 info: [0mGET /api/servicios/obtenerTipoServicios [36m304[0m 77.072 ms - -[0m
2022-06-14 18:50:53 info: [0mGET /api/servicios/obtenerProcedimientos [36m304[0m 77.095 ms - -[0m
2022-06-14 18:52:53 info: [0mGET /api/servicios/obtenerTipoServicios [36m304[0m 80.346 ms - -[0m
2022-06-14 18:52:53 info: [0mGET /api/causas/obtenerCausas [32m201[0m 81.206 ms - -[0m
2022-06-14 18:52:53 info: [0mGET /api/servicios/obtenerProcedimientos [36m304[0m 73.250 ms - -[0m
2022-06-14 18:52:56 info: [0mPOST /api/clients/getClientById/ [32m201[0m 77.620 ms - 524[0m
2022-06-14 18:52:56 info: [0mGET /api/servicios/obtenerTipoServicios/ [36m304[0m 75.694 ms - -[0m
2022-06-14 18:52:56 info: [0mGET /api/servicios/obtenerProcedimientos/ [36m304[0m 81.570 ms - -[0m
2022-06-14 18:52:56 info: [0mPOST /api/users/user/629dc319d3a1e6cc88271842 [32m200[0m 153.675 ms - 354[0m
2022-06-14 18:53:01 info: [0mGET /api/causas/obtenerCausas [32m201[0m 476.855 ms - -[0m
2022-06-14 18:53:01 info: [0mGET /api/servicios/obtenerTipoServicios [36m304[0m 234.872 ms - -[0m
2022-06-14 18:53:01 info: [0mGET /api/servicios/obtenerProcedimientos [36m304[0m 489.557 ms - -[0m
2022-06-14 18:53:06 info: [0mGET /api/servicios/obtenerProcedimientos [36m304[0m 75.831 ms - -[0m
2022-06-14 18:53:06 info: [0mGET /api/servicios/obtenerTipoServicios [36m304[0m 79.010 ms - -[0m
2022-06-14 18:53:06 info: [0mGET /api/causas/obtenerCausas [32m201[0m 78.968 ms - -[0m
2022-06-14 18:53:08 info: [0mPOST /api/users/user/629dc319d3a1e6cc88271842 [32m200[0m 222.516 ms - 354[0m
2022-06-14 18:53:09 info: [0mGET /api/servicios/obtenerTipoServicios/ [36m304[0m 129.785 ms - -[0m
2022-06-14 18:53:09 info: [0mGET /api/servicios/obtenerProcedimientos/ [36m304[0m 130.870 ms - -[0m
2022-06-14 18:53:09 info: [0mPOST /api/clients/getClientById/ [32m201[0m 137.320 ms - 524[0m
2022-06-14 18:55:40 info: [0mGET /api/causas/obtenerCausas [32m201[0m 179.402 ms - -[0m
2022-06-14 18:55:40 info: [0mGET /api/servicios/obtenerTipoServicios [36m304[0m 140.534 ms - -[0m
2022-06-14 18:55:40 info: [0mGET /api/servicios/obtenerProcedimientos [36m304[0m 139.355 ms - -[0m
2022-06-14 18:55:43 info: [0mPOST /api/clients/getClientById/ [32m201[0m 79.356 ms - 524[0m
2022-06-14 18:55:43 info: [0mGET /api/servicios/obtenerTipoServicios/ [36m304[0m 81.874 ms - -[0m
2022-06-14 18:55:43 info: [0mGET /api/servicios/obtenerProcedimientos/ [36m304[0m 85.557 ms - -[0m
2022-06-14 18:55:43 info: [0mPOST /api/users/user/629dc319d3a1e6cc88271842 [32m200[0m 154.864 ms - 354[0m
2022-06-14 18:55:45 info: [0mGET /api/causas/obtenerCausas [32m201[0m 78.360 ms - -[0m
2022-06-14 18:55:46 info: [0mGET /api/servicios/obtenerTipoServicios [36m304[0m 72.705 ms - -[0m
2022-06-14 18:55:46 info: [0mGET /api/servicios/obtenerProcedimientos [36m304[0m 90.380 ms - -[0m
2022-06-14 18:55:50 info: [0mGET /api/servicios/obtenerTipoServicios [36m304[0m 182.636 ms - -[0m
2022-06-14 18:55:50 info: [0mGET /api/servicios/obtenerProcedimientos [36m304[0m 178.550 ms - -[0m
2022-06-14 18:55:50 info: [0mGET /api/causas/obtenerCausas [32m201[0m 183.569 ms - -[0m
2022-06-14 18:55:52 info: [0mPOST /api/users/user/629dc319d3a1e6cc88271842 [32m200[0m 151.502 ms - 354[0m
2022-06-14 18:55:52 info: [0mPOST /api/clients/getClientById/ [32m201[0m 73.126 ms - 524[0m
2022-06-14 18:55:52 info: [0mGET /api/servicios/obtenerProcedimientos/ [36m304[0m 77.859 ms - -[0m
2022-06-14 18:55:53 info: [0mGET /api/servicios/obtenerTipoServicios/ [36m304[0m 80.558 ms - -[0m
