2022-07-04 08:31:47 info: =================================
2022-07-04 08:31:47 info: ======= ENV: development =======
2022-07-04 08:31:47 info: 🚀 App listening on the port 5101
2022-07-04 08:31:47 info: =================================
2022-07-04 08:39:28 info: [0mPOST /api/login [32m200[0m 229.605 ms - 595[0m
2022-07-04 08:39:28 info: [0mGET /api/roles/getRoles [32m200[0m 7.349 ms - 890[0m
2022-07-04 08:40:12 info: =================================
2022-07-04 08:40:12 info: ======= ENV: development =======
2022-07-04 08:40:12 info: 🚀 App listening on the port 5101
2022-07-04 08:40:12 info: =================================
2022-07-04 08:41:12 info: [0mPOST /api/login [32m200[0m 165.386 ms - 595[0m
2022-07-04 08:41:12 info: [0mGET /api/roles/getRoles [32m200[0m 6.204 ms - 890[0m
2022-07-04 08:45:50 info: =================================
2022-07-04 08:45:50 info: ======= ENV: development =======
2022-07-04 08:45:50 info: 🚀 App listening on the port 5101
2022-07-04 08:45:50 info: =================================
2022-07-04 08:46:38 info: [0mPOST /api/login [32m200[0m 160.441 ms - 595[0m
2022-07-04 08:46:38 info: [0mGET /api/roles/getRoles [36m304[0m 5.627 ms - -[0m
2022-07-04 08:47:46 info: =================================
2022-07-04 08:47:46 info: ======= ENV: development =======
2022-07-04 08:47:46 info: 🚀 App listening on the port 5101
2022-07-04 08:47:46 info: =================================
2022-07-04 08:47:59 info: =================================
2022-07-04 08:47:59 info: ======= ENV: development =======
2022-07-04 08:47:59 info: 🚀 App listening on the port 5101
2022-07-04 08:47:59 info: =================================
2022-07-04 08:48:27 info: [0mPOST /api/login [32m200[0m 166.728 ms - 595[0m
2022-07-04 08:48:27 info: [0mGET /api/roles/getRoles [32m200[0m 79.412 ms - 581[0m
2022-07-04 08:53:44 info: [0mPOST /api/login [32m200[0m 135.340 ms - 621[0m
2022-07-04 08:53:44 info: [0mGET /api/roles/getRoles [36m304[0m 82.616 ms - -[0m
2022-07-04 08:53:45 info: [0mGET /api/clients/getAllClients [32m200[0m 78.446 ms - 40[0m
2022-07-04 08:53:45 info: [0mGET /api/causas/obtenerCausas [32m201[0m 77.454 ms - 36[0m
2022-07-04 08:53:58 info: [0mGET /api/users/getUsers [32m200[0m 99.627 ms - -[0m
2022-07-04 08:56:36 info: [0mGET /api/clients/getAllClients [36m304[0m 76.515 ms - -[0m
2022-07-04 08:56:36 info: [0mGET /api/causas/obtenerCausas [32m201[0m 78.443 ms - 36[0m
2022-07-04 08:56:36 info: [0mGET /api/users/getUsers [36m304[0m 79.225 ms - -[0m
2022-07-04 08:58:28 info: [0mGET /api/clients/getAllClients [36m304[0m 75.525 ms - -[0m
2022-07-04 08:58:28 info: [0mGET /api/causas/obtenerCausas [32m201[0m 74.548 ms - 36[0m
2022-07-04 08:58:28 info: [0mGET /api/users/getUsers [36m304[0m 76.691 ms - -[0m
2022-07-04 08:59:51 info: [0mGET /api/clients/getAllClients [36m304[0m 78.475 ms - -[0m
2022-07-04 08:59:51 info: [0mGET /api/causas/obtenerCausas [32m201[0m 76.346 ms - 36[0m
2022-07-04 08:59:51 info: [0mGET /api/users/getUsers [36m304[0m 86.462 ms - -[0m
2022-07-04 09:00:55 info: [0mGET /api/users/getUsers [36m304[0m 80.422 ms - -[0m
2022-07-04 09:01:31 info: [0mGET /api/users/getUsers [36m304[0m 84.978 ms - -[0m
2022-07-04 09:01:56 info: [0mGET /api/users/getUsers [36m304[0m 92.967 ms - -[0m
2022-07-04 09:02:31 info: [0mGET /api/users/getUsers [36m304[0m 92.298 ms - -[0m
2022-07-04 09:02:59 info: [0mGET /api/users/getUsers [36m304[0m 79.608 ms - -[0m
2022-07-04 09:03:25 info: [0mGET /api/clients/getAllClients [36m304[0m 82.218 ms - -[0m
2022-07-04 09:03:25 info: [0mGET /api/causas/obtenerCausas [32m201[0m 79.651 ms - 36[0m
2022-07-04 09:03:25 info: [0mGET /api/users/getUsers [36m304[0m 78.439 ms - -[0m
2022-07-04 09:03:58 info: [0mGET /api/users/getUsers [36m304[0m 112.068 ms - -[0m
2022-07-04 09:05:13 info: [0mPOST /api/login [32m200[0m 141.282 ms - 621[0m
2022-07-04 09:05:13 info: [0mGET /api/roles/getRoles [36m304[0m 76.403 ms - -[0m
2022-07-04 09:05:13 info: [0mGET /api/clients/getAllClients [36m304[0m 78.837 ms - -[0m
2022-07-04 09:05:13 info: [0mGET /api/causas/obtenerCausas [32m201[0m 74.308 ms - 36[0m
2022-07-04 09:05:24 info: [0mGET /api/users/getUsers [36m304[0m 76.919 ms - -[0m
2022-07-04 09:06:16 info: [0mGET /api/users/getUsers [32m200[0m 81.473 ms - 442[0m
2022-07-04 09:06:25 info: [0mGET /api/users/getUsers [36m304[0m 77.720 ms - -[0m
2022-07-04 09:06:46 info: [0mPOST /api/login [32m200[0m 127.982 ms - 621[0m
2022-07-04 09:06:46 info: [0mGET /api/roles/getRoles [36m304[0m 80.567 ms - -[0m
2022-07-04 09:06:46 info: [0mGET /api/clients/getAllClients [36m304[0m 74.010 ms - -[0m
2022-07-04 09:06:46 info: [0mGET /api/causas/obtenerCausas [32m201[0m 76.274 ms - 36[0m
2022-07-04 09:06:48 info: [0mGET /api/users/getUsers [36m304[0m 75.785 ms - -[0m
2022-07-04 09:07:21 info: [0mGET /api/users/getUsers [36m304[0m 73.238 ms - -[0m
2022-07-04 09:07:53 info: [0mGET /api/users/getUsers [36m304[0m 73.438 ms - -[0m
2022-07-04 09:07:58 info: [0mGET /api/users/getUsers [36m304[0m 76.211 ms - -[0m
2022-07-04 09:08:34 info: =================================
2022-07-04 09:08:34 info: ======= ENV: development =======
2022-07-04 09:08:34 info: 🚀 App listening on the port 5101
2022-07-04 09:08:34 info: =================================
2022-07-04 09:08:38 info: [0mGET /api/users/getUsers [32m200[0m 79.659 ms - 442[0m
2022-07-04 09:09:06 info: [0mGET /api/users/getUsers [36m304[0m 82.069 ms - -[0m
2022-07-04 09:10:03 info: [0mGET /api/users/getUsers [36m304[0m 76.083 ms - -[0m
2022-07-04 09:10:47 info: [0mGET /api/users/getUsers [36m304[0m 78.518 ms - -[0m
2022-07-04 09:11:23 info: [0mGET /api/users/getUsers [36m304[0m 74.139 ms - -[0m
2022-07-04 09:14:03 info: [0mGET /api/users/getUsers [36m304[0m 78.802 ms - -[0m
2022-07-04 09:14:48 info: [0mGET /api/users/getUsers [36m304[0m 78.176 ms - -[0m
2022-07-04 09:14:55 info: [0mGET /api/users/getUsers [36m304[0m 76.906 ms - -[0m
2022-07-04 09:15:11 info: [0mGET /api/users/getUsers [36m304[0m 76.388 ms - -[0m
2022-07-04 09:15:44 info: [0mPOST /api/users/createUser [32m201[0m 252.294 ms - 456[0m
2022-07-04 09:15:46 info: [0mGET /api/users/getUsers [32m200[0m 77.501 ms - 870[0m
2022-07-04 09:15:46 info: [0mGET /api/users/getUsers [36m304[0m 73.308 ms - -[0m
2022-07-04 09:16:04 info: [0mGET /api/users/getUsers [36m304[0m 76.293 ms - -[0m
2022-07-04 09:16:59 info: [0mGET /api/users/getUsers [36m304[0m 76.528 ms - -[0m
2022-07-04 09:17:36 info: [0mPOST /api/users/createUser [32m201[0m 206.754 ms - 464[0m
2022-07-04 09:17:38 info: [0mGET /api/users/getUsers [32m200[0m 82.201 ms - -[0m
2022-07-04 09:17:38 info: [0mGET /api/users/getUsers [36m304[0m 76.458 ms - -[0m
2022-07-04 09:18:08 info: [0mPOST /api/users/createUser [32m201[0m 215.698 ms - 459[0m
2022-07-04 09:18:09 info: [0mGET /api/users/getUsers [32m200[0m 76.242 ms - -[0m
2022-07-04 09:18:09 info: [0mGET /api/users/getUsers [36m304[0m 77.773 ms - -[0m
2022-07-04 09:18:50 info: [0mPOST /api/users/createUser [32m201[0m 211.345 ms - 485[0m
2022-07-04 09:18:51 info: [0mGET /api/users/getUsers [32m200[0m 89.265 ms - -[0m
2022-07-04 09:18:51 info: [0mGET /api/users/getUsers [36m304[0m 78.020 ms - -[0m
2022-07-04 09:19:05 info: [0mGET /api/users/getUsers [36m304[0m 76.314 ms - -[0m
2022-07-04 09:19:05 info: [0mGET /api/users/getUsers [36m304[0m 77.697 ms - -[0m
2022-07-04 09:19:13 info: [0mGET /api/users/getUsers [36m304[0m 77.236 ms - -[0m
2022-07-04 09:19:14 info: [0mGET /api/users/getUsers [36m304[0m 76.393 ms - -[0m
2022-07-04 09:19:35 info: [0mGET /api/users/getUsers [36m304[0m 80.831 ms - -[0m
2022-07-04 09:21:16 info: [0mGET /api/users/getUsers [36m304[0m 82.797 ms - -[0m
2022-07-04 09:21:48 info: [0mGET /api/users/getUsers [36m304[0m 75.552 ms - -[0m
2022-07-04 09:21:54 info: [0mGET /api/users/getUsers [36m304[0m 76.058 ms - -[0m
2022-07-04 09:21:54 info: [0mGET /api/users/getUsers [36m304[0m 79.094 ms - -[0m
2022-07-04 09:21:55 info: [0mGET /api/users/getUsers [36m304[0m 76.770 ms - -[0m
2022-07-04 09:21:55 info: [0mGET /api/users/getUsers [36m304[0m 76.283 ms - -[0m
2022-07-04 09:21:55 info: [0mGET /api/users/getUsers [36m304[0m 81.857 ms - -[0m
2022-07-04 09:26:07 info: [0mGET /api/clients/getAllClients [36m304[0m 73.190 ms - -[0m
2022-07-04 09:26:09 info: [0mGET /api/users/getVendedores [32m200[0m 76.583 ms - 933[0m
2022-07-04 09:26:34 info: [0mPOST /api/clients/createClient [32m201[0m 211.563 ms - 305[0m
2022-07-04 09:26:36 info: [0mGET /api/clients/getAllClients [32m200[0m 74.532 ms - 309[0m
2022-07-04 09:26:40 info: [0mGET /api/causas/obtenerCausas [32m201[0m 72.528 ms - 36[0m
2022-07-04 09:28:13 info: [0mGET /api/causas/obtenerCausas [32m201[0m 75.840 ms - 36[0m
2022-07-04 09:29:06 info: [0mGET /api/causas/obtenerCausas [32m201[0m 79.156 ms - 36[0m
2022-07-04 09:29:34 info: [0mGET /api/causas/obtenerCausas [32m201[0m 74.022 ms - 36[0m
2022-07-04 09:30:20 info: [0mGET /api/causas/obtenerCausas [32m201[0m 73.890 ms - 36[0m
2022-07-04 09:30:31 info: [0mGET /api/clients/getAllClients [36m304[0m 73.195 ms - -[0m
2022-07-04 09:30:33 info: [0mGET /api/users/getAbogados [32m200[0m 73.406 ms - 915[0m
2022-07-04 09:30:37 info: [0mGET /api/servicios/obtenerTipoServicios [32m200[0m 74.223 ms - 41[0m
2022-07-04 09:30:41 info: [0mGET /api/causas/obtenerCausas [32m201[0m 71.889 ms - 36[0m
2022-07-04 09:30:41 info: [0mGET /api/causas/obtenerCausas [32m201[0m 76.183 ms - 36[0m
2022-07-04 09:30:42 info: [0mGET /api/causas/obtenerCausas [32m201[0m 71.582 ms - 36[0m
2022-07-04 09:30:42 info: [0mGET /api/causas/obtenerCausas [32m201[0m 73.078 ms - 36[0m
2022-07-04 09:30:43 info: [0mGET /api/causas/obtenerCausas [32m201[0m 75.198 ms - 36[0m
2022-07-04 09:30:43 info: [0mGET /api/servicios/obtenerTipoServicios [36m304[0m 74.822 ms - -[0m
2022-07-04 09:30:43 info: [0mGET /api/servicios/obtenerProcedimientos [32m200[0m 74.634 ms - 50[0m
2022-07-04 09:30:49 info: [0mPOST /api/servicios/crearProcedimiento [32m201[0m 106.452 ms - 183[0m
2022-07-04 09:30:49 info: [0mGET /api/servicios/obtenerProcedimientos [32m200[0m 75.345 ms - 191[0m
2022-07-04 09:30:54 info: [0mPOST /api/servicios/borrarProcedimiento [32m201[0m 79.625 ms - 47[0m
2022-07-04 09:30:55 info: [0mGET /api/servicios/obtenerProcedimientos [32m200[0m 71.364 ms - 50[0m
2022-07-04 09:31:00 info: [0mPOST /api/servicios/crearProcedimiento [32m201[0m 85.766 ms - 189[0m
2022-07-04 09:31:01 info: [0mGET /api/servicios/obtenerProcedimientos [32m200[0m 73.428 ms - 197[0m
2022-07-04 09:31:05 info: [0mPOST /api/servicios/crearProcedimiento [32m201[0m 75.002 ms - 178[0m
2022-07-04 09:31:06 info: [0mGET /api/servicios/obtenerProcedimientos [32m200[0m 73.216 ms - 334[0m
2022-07-04 09:31:11 info: [0mPOST /api/servicios/crearTipoServicio [32m201[0m 108.616 ms - 183[0m
2022-07-04 09:31:11 info: [0mGET /api/servicios/obtenerTipoServicios [32m200[0m 73.206 ms - 182[0m
2022-07-04 09:31:16 info: [0mPOST /api/servicios/crearTipoServicio [32m201[0m 93.400 ms - 178[0m
2022-07-04 09:31:16 info: [0mGET /api/servicios/obtenerTipoServicios [32m200[0m 74.649 ms - 319[0m
2022-07-04 09:31:24 info: [0mPOST /api/servicios/crearSubMateria [32m201[0m 108.075 ms - 183[0m
2022-07-04 09:31:24 info: [0mGET /api/servicios/obtenerSubMateria [32m200[0m 75.916 ms - 190[0m
2022-07-04 09:31:28 info: [0mPOST /api/servicios/crearSubMateria [32m201[0m 84.662 ms - 175[0m
2022-07-04 09:31:29 info: [0mGET /api/servicios/obtenerSubMateria [32m200[0m 79.162 ms - 327[0m
2022-07-04 09:31:31 info: [0mGET /api/causas/obtenerCausas [32m201[0m 75.664 ms - 36[0m
2022-07-04 09:31:32 info: [0mGET /api/causas/obtenerCausas [32m201[0m 74.064 ms - 36[0m
2022-07-04 09:31:32 info: [0mGET /api/causas/obtenerCausas [32m201[0m 73.419 ms - 36[0m
2022-07-04 09:31:32 info: [0mGET /api/causas/obtenerCausas [32m201[0m 73.292 ms - 36[0m
2022-07-04 09:31:33 info: [0mGET /api/causas/obtenerCausas [32m201[0m 72.711 ms - 36[0m
2022-07-04 09:31:41 info: [0mGET /api/clients/getAllClients [36m304[0m 73.802 ms - -[0m
2022-07-04 09:31:42 info: [0mGET /api/users/getAbogados [36m304[0m 76.886 ms - -[0m
2022-07-04 09:31:45 info: [0mGET /api/servicios/obtenerTipoServicios [36m304[0m 75.632 ms - -[0m
2022-07-04 09:31:46 info: [0mGET /api/servicios/obtenerSubMateria [36m304[0m 73.659 ms - -[0m
2022-07-04 09:31:48 info: [0mGET /api/servicios/obtenerProcedimientos [36m304[0m 76.546 ms - -[0m
2022-07-04 09:32:24 info: [0mPOST /api/causas/guardarCausa [32m201[0m 181.277 ms - 1001[0m
2022-07-04 09:32:25 info: [0mGET /api/causas/obtenerCausas [32m201[0m 78.932 ms - 1003[0m
2022-07-04 09:32:25 info: [0mGET /api/causas/obtenerCausas [32m201[0m 74.337 ms - 1003[0m
2022-07-04 09:32:25 info: [0mPOST /api/clients/getClientById [32m201[0m 76.019 ms - 305[0m
2022-07-04 09:32:25 info: [0mGET /api/causas/obtenerCausas [32m201[0m 75.455 ms - 1003[0m
2022-07-04 09:32:26 info: [0mPOST /api/clients/getClientById [32m201[0m 72.121 ms - 305[0m
2022-07-04 09:32:26 info: [0mPOST /api/users/user/62c2e800353557aac802d479 [32m200[0m 154.453 ms - 490[0m
2022-07-04 09:32:26 info: [0mGET /api/causas/obtenerCausas [32m201[0m 76.660 ms - 1003[0m
2022-07-04 09:32:26 info: [0mPOST /api/clients/getClientById [32m201[0m 71.651 ms - 305[0m
2022-07-04 09:32:26 info: [0mPOST /api/users/user/62c2e800353557aac802d479 [32m200[0m 141.421 ms - 490[0m
2022-07-04 09:32:26 info: [0mGET /api/causas/obtenerCausas [32m201[0m 73.600 ms - 1003[0m
2022-07-04 09:32:26 info: [0mPOST /api/clients/getClientById [32m201[0m 74.741 ms - 305[0m
2022-07-04 09:32:26 info: [0mPOST /api/clients/getClientById [32m201[0m 71.066 ms - 305[0m
2022-07-04 09:32:26 info: [0mPOST /api/users/user/62c2e800353557aac802d479 [32m200[0m 145.924 ms - 490[0m
2022-07-04 09:32:26 info: [0mPOST /api/users/user/62c2e800353557aac802d479 [32m200[0m 142.872 ms - 490[0m
2022-07-04 09:32:26 info: [0mPOST /api/users/user/62c2e800353557aac802d479 [32m200[0m 143.702 ms - 490[0m
2022-07-04 09:32:31 info: [0mPOST /api/causas/obtenerCausaPorId [32m201[0m 77.379 ms - 40[0m
2022-07-04 09:32:31 info: [0mPOST /api/causas/obtenerCausaPorId [32m201[0m 78.086 ms - 40[0m
2022-07-04 09:32:31 info: [0mPOST /api/causas/obtenerCausaPorId [32m201[0m 73.859 ms - 1003[0m
2022-07-04 09:32:32 info: [0mPOST /api/clients/getClientById [32m201[0m 73.600 ms - 305[0m
2022-07-04 09:32:32 info: [0mGET /api/servicios/obtenerSubMateria/ [32m200[0m 74.637 ms - 327[0m
2022-07-04 09:32:32 info: [0mGET /api/servicios/obtenerProcedimientos/ [32m200[0m 73.358 ms - 334[0m
2022-07-04 09:32:32 info: [0mGET /api/servicios/obtenerTipoServicios/ [32m200[0m 80.967 ms - 319[0m
2022-07-04 09:32:32 info: [0mPOST /api/users/user/62c2e800353557aac802d479 [32m200[0m 146.323 ms - 490[0m
2022-07-04 09:32:33 info: [0mPOST /api/causas/obtenerCausaPorId [32m201[0m 72.254 ms - 1003[0m
2022-07-04 09:32:34 info: [0mGET /api/users/getProcuradores [32m200[0m 83.453 ms - 466[0m
2022-07-04 09:32:49 info: [0mPOST /api/causas/obtenerCausaPorId [32m201[0m 74.634 ms - 40[0m
2022-07-04 09:32:49 info: [0mPOST /api/causas/obtenerCausaPorId [32m201[0m 76.368 ms - 40[0m
2022-07-04 09:32:49 info: [0mPOST /api/causas/obtenerCausaPorId [32m201[0m 74.212 ms - 1003[0m
2022-07-04 09:32:50 info: [0mPOST /api/users/user/62c2e800353557aac802d479 [32m200[0m 145.830 ms - 490[0m
2022-07-04 09:32:50 info: [0mGET /api/servicios/obtenerProcedimientos/ [36m304[0m 75.193 ms - -[0m
2022-07-04 09:32:50 info: [0mPOST /api/clients/getClientById [32m201[0m 75.015 ms - 305[0m
2022-07-04 09:32:50 info: [0mGET /api/servicios/obtenerTipoServicios/ [36m304[0m 76.038 ms - -[0m
2022-07-04 09:32:54 info: [0mPOST /api/causas/obtenerCausaPorId [32m201[0m 74.485 ms - 1003[0m
2022-07-04 09:32:54 info: [0mGET /api/users/getProcuradores [36m304[0m 76.707 ms - -[0m
2022-07-04 09:33:10 info: [0mPOST /api/causas/editarCausa [32m201[0m 86.214 ms - 1002[0m
2022-07-04 09:33:11 info: [0mPOST /api/causas/obtenerCausaPorId [32m201[0m 77.340 ms - 40[0m
2022-07-04 09:33:11 info: [0mPOST /api/causas/obtenerCausaPorId [32m201[0m 76.176 ms - 40[0m
2022-07-04 09:33:11 info: [0mPOST /api/causas/obtenerCausaPorId [32m201[0m 77.747 ms - -[0m
2022-07-04 09:33:12 info: [0mPOST /api/clients/getClientById [32m201[0m 77.426 ms - 305[0m
2022-07-04 09:33:12 info: [0mGET /api/servicios/obtenerTipoServicios/ [36m304[0m 74.779 ms - -[0m
2022-07-04 09:33:12 info: [0mGET /api/servicios/obtenerProcedimientos/ [36m304[0m 77.811 ms - -[0m
2022-07-04 09:33:12 info: [0mPOST /api/users/user/62c2e800353557aac802d479 [32m200[0m 153.997 ms - 490[0m
2022-07-04 09:33:16 info: [0mGET /api/clients/getAllClients [36m304[0m 74.666 ms - -[0m
2022-07-04 09:33:16 info: [0mGET /api/causas/obtenerCausas [32m201[0m 80.743 ms - -[0m
2022-07-04 09:33:39 info: [0mGET /api/users/getUsers [36m304[0m 78.864 ms - -[0m
2022-07-04 09:33:39 info: [0mGET /api/users/getUsers [36m304[0m 78.258 ms - -[0m
2022-07-04 09:33:40 info: [0mGET /api/users/getUsers [36m304[0m 75.445 ms - -[0m
2022-07-04 09:33:40 info: [0mGET /api/users/getUsers [36m304[0m 82.649 ms - -[0m
2022-07-04 09:33:40 info: [0mGET /api/users/getUsers [36m304[0m 79.430 ms - -[0m
2022-07-04 09:33:41 info: [0mGET /api/clients/getAllClients [36m304[0m 75.700 ms - -[0m
2022-07-04 09:33:46 info: [0mGET /api/clients/getAllClients [36m304[0m 71.882 ms - -[0m
2022-07-04 09:33:47 info: [0mGET /api/users/getVendedores [36m304[0m 92.993 ms - -[0m
2022-07-04 09:35:16 info: [0mPOST /api/clients/editClient [32m201[0m 82.681 ms - 29[0m
2022-07-04 09:35:18 info: [0mGET /api/clients/getAllClients [32m200[0m 78.477 ms - 561[0m
2022-07-04 09:35:27 info: [0mGET /api/causas/obtenerCausas [32m201[0m 74.898 ms - -[0m
2022-07-04 09:35:27 info: [0mGET /api/causas/obtenerCausas [32m201[0m 75.369 ms - -[0m
2022-07-04 09:35:27 info: [0mPOST /api/clients/getClientById [32m201[0m 71.263 ms - 557[0m
2022-07-04 09:35:27 info: [0mGET /api/causas/obtenerCausas [32m201[0m 77.988 ms - -[0m
2022-07-04 09:35:27 info: [0mPOST /api/clients/getClientById [32m201[0m 85.695 ms - 557[0m
2022-07-04 09:35:28 info: [0mPOST /api/users/user/62c2e800353557aac802d479 [32m200[0m 161.115 ms - 490[0m
2022-07-04 09:35:28 info: [0mGET /api/causas/obtenerCausas [32m201[0m 73.575 ms - -[0m
2022-07-04 09:35:28 info: [0mPOST /api/clients/getClientById [32m201[0m 74.936 ms - 557[0m
2022-07-04 09:35:28 info: [0mPOST /api/users/user/62c2e800353557aac802d479 [32m200[0m 146.123 ms - 490[0m
2022-07-04 09:35:28 info: [0mGET /api/causas/obtenerCausas [32m201[0m 73.380 ms - -[0m
2022-07-04 09:35:28 info: [0mPOST /api/clients/getClientById [32m201[0m 73.004 ms - 557[0m
2022-07-04 09:35:28 info: [0mPOST /api/clients/getClientById [32m201[0m 70.965 ms - 557[0m
2022-07-04 09:35:28 info: [0mPOST /api/users/user/62c2e800353557aac802d479 [32m200[0m 150.945 ms - 490[0m
2022-07-04 09:35:28 info: [0mPOST /api/users/user/62c2e800353557aac802d479 [32m200[0m 141.925 ms - 490[0m
2022-07-04 09:35:28 info: [0mPOST /api/users/user/62c2e800353557aac802d479 [32m200[0m 143.764 ms - 490[0m
2022-07-04 09:35:29 info: [0mGET /api/clients/getAllClients [36m304[0m 85.505 ms - -[0m
2022-07-04 09:35:29 info: [0mGET /api/causas/obtenerCausas [32m201[0m 75.884 ms - -[0m
2022-07-04 09:35:34 info: [0mGET /api/causas/obtenerCausas [32m201[0m 72.388 ms - -[0m
2022-07-04 09:35:34 info: [0mGET /api/causas/obtenerCausas [32m201[0m 77.862 ms - -[0m
2022-07-04 09:35:34 info: [0mPOST /api/clients/getClientById [32m201[0m 74.218 ms - 557[0m
2022-07-04 09:35:34 info: [0mGET /api/causas/obtenerCausas [32m201[0m 76.457 ms - -[0m
2022-07-04 09:35:34 info: [0mPOST /api/clients/getClientById [32m201[0m 84.557 ms - 557[0m
2022-07-04 09:35:34 info: [0mGET /api/causas/obtenerCausas [32m201[0m 86.492 ms - -[0m
2022-07-04 09:35:34 info: [0mPOST /api/clients/getClientById [32m201[0m 77.967 ms - 557[0m
2022-07-04 09:35:34 info: [0mGET /api/causas/obtenerCausas [32m201[0m 80.919 ms - -[0m
2022-07-04 09:35:35 info: [0mPOST /api/users/user/62c2e800353557aac802d479 [32m200[0m 150.255 ms - 490[0m
2022-07-04 09:35:35 info: [0mPOST /api/clients/getClientById [32m201[0m 74.092 ms - 557[0m
2022-07-04 09:35:35 info: [0mPOST /api/users/user/62c2e800353557aac802d479 [32m200[0m 143.765 ms - 490[0m
2022-07-04 09:35:35 info: [0mPOST /api/users/user/62c2e800353557aac802d479 [32m200[0m 144.259 ms - 490[0m
2022-07-04 09:35:35 info: [0mPOST /api/clients/getClientById [32m201[0m 75.820 ms - 557[0m
2022-07-04 09:35:35 info: [0mPOST /api/users/user/62c2e800353557aac802d479 [32m200[0m 144.784 ms - 490[0m
2022-07-04 09:35:35 info: [0mPOST /api/users/user/62c2e800353557aac802d479 [32m200[0m 145.077 ms - 490[0m
2022-07-04 09:35:40 info: [0mGET /api/causas/obtenerCausas [32m201[0m 80.101 ms - -[0m
2022-07-04 09:35:40 info: [0mGET /api/causas/obtenerCausas [32m201[0m 77.365 ms - -[0m
2022-07-04 09:35:40 info: [0mPOST /api/clients/getClientById [32m201[0m 78.171 ms - 557[0m
2022-07-04 09:35:41 info: [0mPOST /api/clients/getClientById [32m201[0m 77.782 ms - 557[0m
2022-07-04 09:35:41 info: [0mGET /api/causas/obtenerCausas [32m201[0m 78.671 ms - -[0m
2022-07-04 09:35:41 info: [0mPOST /api/users/user/62c2e800353557aac802d479 [32m200[0m 153.641 ms - 490[0m
2022-07-04 09:35:41 info: [0mGET /api/clients/getAllClients [36m304[0m 77.833 ms - -[0m
2022-07-04 09:35:41 info: [0mPOST /api/clients/getClientById [32m201[0m 73.942 ms - 557[0m
2022-07-04 09:35:41 info: [0mGET /api/causas/obtenerCausas [32m201[0m 74.932 ms - -[0m
2022-07-04 09:35:41 info: [0mPOST /api/users/user/62c2e800353557aac802d479 [32m200[0m 146.629 ms - 490[0m
2022-07-04 09:35:42 info: [0mGET /api/causas/obtenerCausas [32m201[0m 73.630 ms - -[0m
2022-07-04 09:35:42 info: [0mPOST /api/clients/getClientById [32m201[0m 70.166 ms - 557[0m
2022-07-04 09:35:42 info: [0mPOST /api/users/user/62c2e800353557aac802d479 [32m200[0m 143.769 ms - 490[0m
2022-07-04 09:35:42 info: [0mGET /api/users/getUsers [36m304[0m 72.540 ms - -[0m
2022-07-04 09:35:42 info: [0mPOST /api/clients/getClientById [32m201[0m 73.311 ms - 557[0m
2022-07-04 09:35:42 info: [0mPOST /api/users/user/62c2e800353557aac802d479 [32m200[0m 144.208 ms - 490[0m
2022-07-04 09:35:42 info: [0mGET /api/users/getUsers [36m304[0m 77.638 ms - -[0m
2022-07-04 09:35:42 info: [0mPOST /api/users/user/62c2e800353557aac802d479 [32m200[0m 148.999 ms - 490[0m
2022-07-04 09:35:43 info: [0mGET /api/users/getUsers [36m304[0m 72.218 ms - -[0m
2022-07-04 09:35:43 info: [0mGET /api/users/getUsers [36m304[0m 81.196 ms - -[0m
2022-07-04 09:35:43 info: [0mGET /api/users/getUsers [36m304[0m 74.459 ms - -[0m
2022-07-04 09:35:52 info: [0mGET /api/users/getUsers [36m304[0m 79.959 ms - -[0m
2022-07-04 09:35:52 info: [0mGET /api/users/getUsers [36m304[0m 75.815 ms - -[0m
2022-07-04 09:35:53 info: [0mGET /api/users/getUsers [36m304[0m 80.310 ms - -[0m
2022-07-04 09:35:53 info: [0mGET /api/users/getUsers [36m304[0m 75.893 ms - -[0m
2022-07-04 09:35:53 info: [0mGET /api/users/getUsers [36m304[0m 79.467 ms - -[0m
2022-07-04 09:37:41 info: [0mGET /api/users/getUsers [36m304[0m 80.838 ms - -[0m
2022-07-04 09:37:41 info: [0mGET /api/users/getUsers [36m304[0m 75.591 ms - -[0m
2022-07-04 09:37:41 info: [0mGET /api/users/getUsers [36m304[0m 78.290 ms - -[0m
2022-07-04 09:37:41 info: [0mGET /api/users/getUsers [36m304[0m 74.076 ms - -[0m
2022-07-04 09:37:42 info: [0mGET /api/users/getUsers [36m304[0m 75.952 ms - -[0m
2022-07-04 09:38:21 info: [0mPOST /api/users/createUser [32m201[0m 212.654 ms - 508[0m
2022-07-04 09:38:23 info: [0mGET /api/users/getUsers [32m200[0m 82.315 ms - -[0m
2022-07-04 09:38:23 info: [0mGET /api/users/getUsers [36m304[0m 74.351 ms - -[0m
2022-07-04 09:38:23 info: [0mGET /api/users/getUsers [36m304[0m 77.710 ms - -[0m
2022-07-04 09:38:24 info: [0mGET /api/users/getUsers [36m304[0m 78.212 ms - -[0m
2022-07-04 09:38:24 info: [0mGET /api/users/getUsers [36m304[0m 76.509 ms - -[0m
2022-07-04 09:38:35 info: [0mGET /api/users/getUsers [36m304[0m 77.769 ms - -[0m
2022-07-04 09:38:36 info: [0mGET /api/users/getUsers [36m304[0m 75.736 ms - -[0m
2022-07-04 09:38:36 info: [0mGET /api/users/getUsers [36m304[0m 77.946 ms - -[0m
2022-07-04 09:38:36 info: [0mGET /api/users/getUsers [36m304[0m 74.331 ms - -[0m
2022-07-04 09:38:36 info: [0mGET /api/users/getUsers [36m304[0m 74.978 ms - -[0m
2022-07-04 09:39:20 info: [0mGET /api/users/getUsers [36m304[0m 78.560 ms - -[0m
2022-07-04 09:39:54 info: [0mGET /api/users/getUsers [36m304[0m 78.319 ms - -[0m
2022-07-04 09:40:44 info: [0mGET /api/users/getUsers [36m304[0m 80.251 ms - -[0m
2022-07-04 09:41:07 info: [0mGET /api/users/getUsers [36m304[0m 74.183 ms - -[0m
2022-07-04 09:41:25 info: [0mGET /api/users/getUsers [36m304[0m 75.192 ms - -[0m
2022-07-04 09:50:30 info: [0mGET /api/clients/getAllClients [36m304[0m 76.368 ms - -[0m
2022-07-04 09:50:35 info: [0mGET /api/clients/getAllClients [36m304[0m 79.728 ms - -[0m
2022-07-04 09:50:35 info: [0mGET /api/clients/getAllClients [36m304[0m 80.903 ms - -[0m
2022-07-04 09:50:43 info: [0mGET /api/clients/getAllClients [36m304[0m 74.612 ms - -[0m
2022-07-04 09:51:17 info: [0mGET /api/clients/getAllClients [36m304[0m 72.837 ms - -[0m
2022-07-04 09:52:30 info: [0mGET /api/clients/getAllClients [36m304[0m 74.722 ms - -[0m
2022-07-04 09:55:09 info: [0mGET /api/clients/getAllClients [36m304[0m 76.100 ms - -[0m
2022-07-04 09:55:46 info: [0mGET /api/clients/getAllClients [36m304[0m 76.644 ms - -[0m
2022-07-04 09:56:06 info: [0mGET /api/clients/getAllClients [36m304[0m 80.934 ms - -[0m
2022-07-04 09:56:18 info: [0mGET /api/clients/getAllClients [36m304[0m 72.512 ms - -[0m
2022-07-04 09:56:39 info: [0mGET /api/clients/getAllClients [36m304[0m 74.536 ms - -[0m
2022-07-04 09:56:46 info: [0mGET /api/clients/getAllClients [36m304[0m 73.484 ms - -[0m
2022-07-04 09:57:35 info: [0mGET /api/clients/getAllClients [36m304[0m 76.062 ms - -[0m
2022-07-04 09:57:47 info: [0mGET /api/clients/getAllClients [36m304[0m 81.507 ms - -[0m
2022-07-04 09:57:48 info: [0mGET /api/causas/obtenerCausas [32m201[0m 76.859 ms - -[0m
2022-07-04 09:57:57 info: [0mGET /api/causas/obtenerCausas [32m201[0m 78.943 ms - -[0m
2022-07-04 09:57:57 info: [0mPOST /api/clients/getClientById [32m201[0m 75.625 ms - 557[0m
2022-07-04 09:57:57 info: [0mPOST /api/users/user/62c2e800353557aac802d479 [32m200[0m 151.853 ms - 490[0m
2022-07-04 09:57:59 info: [0mPOST /api/causas/obtenerCausaPorId [32m201[0m 78.906 ms - -[0m
2022-07-04 09:57:59 info: [0mPOST /api/clients/getClientById [32m201[0m 75.669 ms - 557[0m
2022-07-04 09:57:59 info: [0mPOST /api/users/user/62c2e800353557aac802d479 [32m200[0m 152.888 ms - 490[0m
2022-07-04 09:57:59 info: [0mGET /api/servicios/obtenerTipoServicios/ [36m304[0m 74.471 ms - -[0m
2022-07-04 09:57:59 info: [0mGET /api/servicios/obtenerSubMateria/ [36m304[0m 82.243 ms - -[0m
2022-07-04 09:57:59 info: [0mGET /api/servicios/obtenerProcedimientos/ [36m304[0m 81.823 ms - -[0m
2022-07-04 09:58:24 info: [0mPOST /api/causas/editarCausa [32m201[0m 88.383 ms - 39[0m
2022-07-04 09:58:24 info: [0mGET /api/causas/obtenerCausas [32m201[0m 76.231 ms - -[0m
2022-07-04 09:58:25 info: [0mPOST /api/clients/getClientById [32m201[0m 74.000 ms - 557[0m
2022-07-04 09:58:25 info: [0mPOST /api/users/user/62c2e800353557aac802d479 [32m200[0m 149.168 ms - 490[0m
2022-07-04 09:58:26 info: [0mGET /api/clients/getAllClients [36m304[0m 77.987 ms - -[0m
2022-07-04 09:58:26 info: [0mGET /api/causas/obtenerCausas [32m201[0m 79.573 ms - -[0m
2022-07-04 09:58:31 info: [0mGET /api/clients/getAllClients [36m304[0m 77.811 ms - -[0m
2022-07-04 09:58:31 info: [0mGET /api/causas/obtenerCausas [32m201[0m 83.178 ms - -[0m
2022-07-04 09:58:34 info: [0mGET /api/causas/obtenerCausas [32m201[0m 77.189 ms - -[0m
2022-07-04 09:58:34 info: [0mPOST /api/clients/getClientById [32m201[0m 76.996 ms - 557[0m
2022-07-04 09:58:34 info: [0mPOST /api/users/user/62c2e800353557aac802d479 [32m200[0m 152.805 ms - 490[0m
2022-07-04 09:58:35 info: [0mPOST /api/causas/obtenerCausaPorId [32m201[0m 76.962 ms - -[0m
2022-07-04 09:58:35 info: [0mPOST /api/clients/getClientById [32m201[0m 77.907 ms - 557[0m
2022-07-04 09:58:35 info: [0mPOST /api/users/user/62c2e800353557aac802d479 [32m200[0m 151.405 ms - 490[0m
2022-07-04 09:58:36 info: [0mGET /api/servicios/obtenerTipoServicios/ [36m304[0m 76.598 ms - -[0m
2022-07-04 09:58:36 info: [0mGET /api/servicios/obtenerSubMateria/ [36m304[0m 77.807 ms - -[0m
2022-07-04 09:58:36 info: [0mGET /api/servicios/obtenerProcedimientos/ [36m304[0m 77.685 ms - -[0m
2022-07-04 10:00:49 info: [0mPOST /api/causas/obtenerCausaPorId [32m201[0m 232.201 ms - -[0m
2022-07-04 10:00:49 info: [0mGET /api/servicios/obtenerTipoServicios/ [36m304[0m 174.697 ms - -[0m
2022-07-04 10:00:49 info: [0mGET /api/servicios/obtenerSubMateria/ [36m304[0m 190.549 ms - -[0m
2022-07-04 10:00:49 info: [0mPOST /api/users/user/62c2e800353557aac802d479 [32m200[0m 519.703 ms - 490[0m
2022-07-04 10:00:49 info: [0mGET /api/servicios/obtenerProcedimientos/ [36m304[0m 191.084 ms - -[0m
2022-07-04 10:00:49 info: [0mPOST /api/clients/getClientById [32m201[0m 219.100 ms - 557[0m
2022-07-04 10:07:04 info: [0mPOST /api/causas/obtenerCausaPorId [32m201[0m 80.289 ms - -[0m
2022-07-04 10:07:04 info: [0mPOST /api/users/user/62c2e800353557aac802d479 [32m200[0m 157.929 ms - 490[0m
2022-07-04 10:07:05 info: [0mPOST /api/clients/getClientById [32m201[0m 72.224 ms - 557[0m
2022-07-04 10:07:05 info: [0mGET /api/servicios/obtenerProcedimientos/ [36m304[0m 79.381 ms - -[0m
2022-07-04 10:07:05 info: [0mGET /api/servicios/obtenerTipoServicios/ [36m304[0m 84.790 ms - -[0m
2022-07-04 10:07:05 info: [0mGET /api/servicios/obtenerSubMateria/ [36m304[0m 91.269 ms - -[0m
2022-07-04 10:07:20 info: [0mGET /api/causas/obtenerCausas [32m201[0m 74.499 ms - -[0m
2022-07-04 10:07:20 info: [0mPOST /api/clients/getClientById [32m201[0m 74.275 ms - 557[0m
2022-07-04 10:07:20 info: [0mPOST /api/users/user/62c2e800353557aac802d479 [32m200[0m 161.445 ms - 490[0m
2022-07-04 10:40:46 info: [0mPOST /api/causas/obtenerCausaPorId [32m201[0m 76.027 ms - -[0m
2022-07-04 10:40:46 info: [0mPOST /api/causas/obtenerCausaPorId [32m201[0m 83.948 ms - -[0m
2022-07-04 10:40:46 info: [0mPOST /api/causas/obtenerCausaPorId [32m201[0m 107.319 ms - -[0m
2022-07-04 10:40:46 info: [0mPOST /api/causas/obtenerCausaPorId [32m201[0m 91.711 ms - -[0m
2022-07-04 10:40:46 info: [0mPOST /api/users/user/62c2e800353557aac802d479 [32m200[0m 146.545 ms - 490[0m
2022-07-04 10:40:46 info: [0mPOST /api/clients/getClientById [32m201[0m 73.215 ms - 557[0m
2022-07-04 10:40:46 info: [0mGET /api/servicios/obtenerTipoServicios/ [36m304[0m 72.681 ms - -[0m
2022-07-04 10:40:46 info: [0mGET /api/servicios/obtenerSubMateria/ [36m304[0m 71.600 ms - -[0m
2022-07-04 10:40:46 info: [0mGET /api/servicios/obtenerProcedimientos/ [36m304[0m 75.969 ms - -[0m
2022-07-04 10:40:46 info: [0mPOST /api/users/user/62c2e800353557aac802d479 [32m200[0m 142.277 ms - 490[0m
2022-07-04 10:40:46 info: [0mPOST /api/clients/getClientById [32m201[0m 69.302 ms - 557[0m
2022-07-04 10:40:46 info: [0mPOST /api/clients/getClientById [32m201[0m 75.737 ms - 557[0m
2022-07-04 10:40:46 info: [0mPOST /api/clients/getClientById [32m201[0m 76.210 ms - 557[0m
2022-07-04 10:40:46 info: [0mPOST /api/users/user/62c2e800353557aac802d479 [32m200[0m 142.284 ms - 490[0m
2022-07-04 10:40:46 info: [0mGET /api/servicios/obtenerTipoServicios/ [36m304[0m 71.571 ms - -[0m
2022-07-04 10:40:46 info: [0mPOST /api/users/user/62c2e800353557aac802d479 [32m200[0m 145.563 ms - 490[0m
2022-07-04 10:40:47 info: [0mGET /api/servicios/obtenerProcedimientos/ [36m304[0m 72.144 ms - -[0m
2022-07-04 10:40:47 info: [0mGET /api/servicios/obtenerTipoServicios/ [36m304[0m 69.965 ms - -[0m
2022-07-04 10:40:47 info: [0mGET /api/servicios/obtenerProcedimientos/ [36m304[0m 71.567 ms - -[0m
2022-07-04 10:40:47 info: [0mGET /api/servicios/obtenerTipoServicios/ [36m304[0m 69.828 ms - -[0m
2022-07-04 10:40:47 info: [0mGET /api/servicios/obtenerProcedimientos/ [36m304[0m 68.941 ms - -[0m
2022-07-04 10:44:57 info: [0mPOST /api/causas/obtenerCausaPorId [32m201[0m 75.695 ms - -[0m
2022-07-04 10:44:58 info: [0mPOST /api/users/user/62c2e800353557aac802d479 [32m200[0m 158.904 ms - 490[0m
2022-07-04 10:44:58 info: [0mGET /api/servicios/obtenerTipoServicios/ [36m304[0m 77.240 ms - -[0m
2022-07-04 10:44:58 info: [0mPOST /api/clients/getClientById [32m201[0m 83.378 ms - 557[0m
2022-07-04 10:44:58 info: [0mGET /api/servicios/obtenerProcedimientos/ [36m304[0m 80.090 ms - -[0m
2022-07-04 10:44:58 info: [0mGET /api/servicios/obtenerSubMateria/ [36m304[0m 79.552 ms - -[0m
2022-07-04 12:06:46 info: [0mPOST /api/causas/obtenerCausaPorId [32m201[0m 102.968 ms - -[0m
2022-07-04 12:06:46 info: [0mPOST /api/users/user/62c2e800353557aac802d479 [32m200[0m 162.719 ms - 490[0m
2022-07-04 12:06:47 info: [0mGET /api/servicios/obtenerTipoServicios/ [36m304[0m 83.393 ms - -[0m
2022-07-04 12:06:47 info: [0mPOST /api/clients/getClientById [32m201[0m 88.982 ms - 557[0m
2022-07-04 12:06:47 info: [0mGET /api/servicios/obtenerSubMateria/ [36m304[0m 85.774 ms - -[0m
2022-07-04 12:06:47 info: [0mGET /api/servicios/obtenerProcedimientos/ [36m304[0m 86.546 ms - -[0m
2022-07-04 12:07:32 info: [0mPOST /api/causas/obtenerCausaPorId [32m201[0m 85.389 ms - -[0m
2022-07-04 12:07:33 info: [0mPOST /api/users/user/62c2e800353557aac802d479 [32m200[0m 148.719 ms - 490[0m
2022-07-04 12:07:33 info: [0mPOST /api/clients/getClientById [32m201[0m 76.681 ms - 557[0m
2022-07-04 12:07:33 info: [0mGET /api/servicios/obtenerTipoServicios/ [36m304[0m 77.351 ms - -[0m
2022-07-04 12:07:33 info: [0mGET /api/servicios/obtenerSubMateria/ [36m304[0m 75.041 ms - -[0m
2022-07-04 12:07:33 info: [0mGET /api/servicios/obtenerProcedimientos/ [36m304[0m 76.769 ms - -[0m
2022-07-04 12:07:54 info: [0mPOST /api/causas/editarCausa [32m201[0m 122.209 ms - -[0m
2022-07-04 12:07:55 info: [0mGET /api/causas/obtenerCausas [32m201[0m 91.617 ms - -[0m
2022-07-04 12:07:55 info: [0mPOST /api/clients/getClientById [32m201[0m 74.072 ms - 557[0m
2022-07-04 12:07:55 info: [0mPOST /api/users/user/62c2e800353557aac802d479 [32m200[0m 160.954 ms - 490[0m
2022-07-04 12:07:56 info: [0mPOST /api/causas/obtenerCausaPorId [32m201[0m 78.417 ms - -[0m
2022-07-04 12:07:57 info: [0mPOST /api/causas/obtenerCausaPorId [32m201[0m 79.695 ms - -[0m
2022-07-04 12:07:57 info: [0mPOST /api/causas/obtenerCausaPorId [32m201[0m 80.903 ms - -[0m
2022-07-04 12:07:57 info: [0mPOST /api/causas/obtenerCausaPorId [32m201[0m 80.605 ms - -[0m
2022-07-04 12:07:57 info: [0mPOST /api/causas/obtenerCausaPorId [32m201[0m 77.935 ms - -[0m
2022-07-04 12:07:57 info: [0mPOST /api/causas/obtenerCausaPorId [32m201[0m 81.151 ms - -[0m
2022-07-04 12:07:57 info: [0mPOST /api/causas/obtenerCausaPorId [32m201[0m 72.216 ms - -[0m
2022-07-04 12:07:57 info: [0mPOST /api/clients/getClientById [32m201[0m 84.238 ms - 557[0m
2022-07-04 12:07:57 info: [0mGET /api/servicios/obtenerTipoServicios/ [36m304[0m 77.857 ms - -[0m
2022-07-04 12:07:57 info: [0mPOST /api/causas/obtenerCausaPorId [32m201[0m 73.359 ms - -[0m
2022-07-04 12:07:57 info: [0mGET /api/servicios/obtenerProcedimientos/ [36m304[0m 77.223 ms - -[0m
2022-07-04 12:07:57 info: [0mPOST /api/users/user/62c2e800353557aac802d479 [32m200[0m 142.005 ms - 490[0m
2022-07-04 12:07:57 info: [0mPOST /api/users/user/62c2e800353557aac802d479 [32m200[0m 146.251 ms - 490[0m
2022-07-04 12:07:57 info: [0mPOST /api/clients/getClientById [32m201[0m 70.279 ms - 557[0m
2022-07-04 12:07:57 info: [0mPOST /api/clients/getClientById [32m201[0m 78.217 ms - 557[0m
2022-07-04 12:07:57 info: [0mPOST /api/clients/getClientById [32m201[0m 72.720 ms - 557[0m
2022-07-04 12:07:57 info: [0mPOST /api/users/user/62c2e800353557aac802d479 [32m200[0m 150.072 ms - 490[0m
2022-07-04 12:07:58 info: [0mPOST /api/users/user/62c2e800353557aac802d479 [32m200[0m 147.225 ms - 490[0m
2022-07-04 12:07:58 info: [0mPOST /api/users/user/62c2e800353557aac802d479 [32m200[0m 146.827 ms - 490[0m
2022-07-04 12:07:58 info: [0mPOST /api/clients/getClientById [32m201[0m 73.307 ms - 557[0m
2022-07-04 12:07:58 info: [0mPOST /api/clients/getClientById [32m201[0m 74.773 ms - 557[0m
2022-07-04 12:07:58 info: [0mPOST /api/users/user/62c2e800353557aac802d479 [32m200[0m 153.868 ms - 490[0m
2022-07-04 12:07:58 info: [0mPOST /api/clients/getClientById [32m201[0m 77.232 ms - 557[0m
2022-07-04 12:07:58 info: [0mPOST /api/users/user/62c2e800353557aac802d479 [32m200[0m 157.054 ms - 490[0m
2022-07-04 12:07:58 info: [0mGET /api/servicios/obtenerTipoServicios/ [36m304[0m 69.705 ms - -[0m
2022-07-04 12:07:58 info: [0mGET /api/servicios/obtenerProcedimientos/ [36m304[0m 69.515 ms - -[0m
2022-07-04 12:07:58 info: [0mGET /api/servicios/obtenerSubMateria/ [36m304[0m 72.385 ms - -[0m
2022-07-04 12:07:58 info: [0mPOST /api/clients/getClientById [32m201[0m 76.105 ms - 557[0m
2022-07-04 12:07:58 info: [0mPOST /api/users/user/62c2e800353557aac802d479 [32m200[0m 138.475 ms - 490[0m
2022-07-04 12:07:58 info: [0mGET /api/servicios/obtenerTipoServicios/ [36m304[0m 69.567 ms - -[0m
2022-07-04 12:07:59 info: [0mGET /api/servicios/obtenerProcedimientos/ [36m304[0m 69.061 ms - -[0m
2022-07-04 12:07:59 info: [0mGET /api/servicios/obtenerTipoServicios/ [36m304[0m 69.604 ms - -[0m
2022-07-04 12:07:59 info: [0mGET /api/servicios/obtenerProcedimientos/ [36m304[0m 71.053 ms - -[0m
2022-07-04 12:07:59 info: [0mGET /api/servicios/obtenerTipoServicios/ [36m304[0m 83.784 ms - -[0m
2022-07-04 12:07:59 info: [0mGET /api/servicios/obtenerProcedimientos/ [36m304[0m 69.902 ms - -[0m
2022-07-04 12:08:00 info: [0mGET /api/servicios/obtenerTipoServicios/ [36m304[0m 75.740 ms - -[0m
2022-07-04 12:08:00 info: [0mGET /api/servicios/obtenerProcedimientos/ [36m304[0m 77.538 ms - -[0m
2022-07-04 12:08:00 info: [0mGET /api/servicios/obtenerTipoServicios/ [36m304[0m 72.096 ms - -[0m
2022-07-04 12:08:00 info: [0mGET /api/servicios/obtenerProcedimientos/ [36m304[0m 72.251 ms - -[0m
2022-07-04 12:08:00 info: [0mGET /api/servicios/obtenerTipoServicios/ [36m304[0m 76.834 ms - -[0m
2022-07-04 12:08:00 info: [0mGET /api/servicios/obtenerProcedimientos/ [36m304[0m 72.897 ms - -[0m
2022-07-04 12:08:07 info: [0mGET /api/clients/getAllClients [36m304[0m 75.610 ms - -[0m
2022-07-04 12:08:07 info: [0mGET /api/causas/obtenerCausas [32m201[0m 76.799 ms - -[0m
2022-07-04 12:08:14 info: [0mGET /api/causas/obtenerCausas [32m201[0m 73.400 ms - -[0m
2022-07-04 12:08:15 info: [0mPOST /api/clients/getClientById [32m201[0m 75.155 ms - 557[0m
2022-07-04 12:08:15 info: [0mPOST /api/users/user/62c2e800353557aac802d479 [32m200[0m 148.930 ms - 490[0m
2022-07-04 12:08:16 info: [0mPOST /api/causas/obtenerCausaPorId [32m201[0m 73.298 ms - -[0m
2022-07-04 12:08:16 info: [0mPOST /api/causas/obtenerCausaPorId [32m201[0m 74.115 ms - -[0m
2022-07-04 12:08:16 info: [0mPOST /api/causas/obtenerCausaPorId [32m201[0m 75.138 ms - -[0m
2022-07-04 12:08:16 info: [0mPOST /api/causas/obtenerCausaPorId [32m201[0m 76.892 ms - -[0m
2022-07-04 12:08:16 info: [0mPOST /api/causas/obtenerCausaPorId [32m201[0m 75.074 ms - -[0m
2022-07-04 12:08:16 info: [0mPOST /api/causas/obtenerCausaPorId [32m201[0m 78.907 ms - -[0m
2022-07-04 12:08:16 info: [0mPOST /api/causas/obtenerCausaPorId [32m201[0m 70.857 ms - -[0m
2022-07-04 12:08:16 info: [0mPOST /api/causas/obtenerCausaPorId [32m201[0m 71.206 ms - -[0m
2022-07-04 12:08:16 info: [0mPOST /api/clients/getClientById [32m201[0m 76.309 ms - 557[0m
2022-07-04 12:08:16 info: [0mGET /api/servicios/obtenerTipoServicios/ [36m304[0m 76.376 ms - -[0m
2022-07-04 12:08:16 info: [0mGET /api/servicios/obtenerProcedimientos/ [36m304[0m 70.514 ms - -[0m
2022-07-04 12:08:16 info: [0mPOST /api/users/user/62c2e800353557aac802d479 [32m200[0m 142.053 ms - 490[0m
2022-07-04 12:08:17 info: [0mPOST /api/users/user/62c2e800353557aac802d479 [32m200[0m 137.931 ms - 490[0m
2022-07-04 12:08:17 info: [0mPOST /api/clients/getClientById [32m201[0m 69.833 ms - 557[0m
2022-07-04 12:08:17 info: [0mPOST /api/clients/getClientById [32m201[0m 72.930 ms - 557[0m
2022-07-04 12:08:17 info: [0mPOST /api/clients/getClientById [32m201[0m 69.318 ms - 557[0m
2022-07-04 12:08:17 info: [0mPOST /api/users/user/62c2e800353557aac802d479 [32m200[0m 152.575 ms - 490[0m
2022-07-04 12:08:17 info: [0mPOST /api/users/user/62c2e800353557aac802d479 [32m200[0m 149.479 ms - 490[0m
2022-07-04 12:08:17 info: [0mPOST /api/users/user/62c2e800353557aac802d479 [32m200[0m 148.125 ms - 490[0m
2022-07-04 12:08:17 info: [0mPOST /api/clients/getClientById [32m201[0m 85.042 ms - 557[0m
2022-07-04 12:08:17 info: [0mPOST /api/clients/getClientById [32m201[0m 75.460 ms - 557[0m
2022-07-04 12:08:17 info: [0mPOST /api/users/user/62c2e800353557aac802d479 [32m200[0m 143.703 ms - 490[0m
2022-07-04 12:08:17 info: [0mPOST /api/clients/getClientById [32m201[0m 78.599 ms - 557[0m
2022-07-04 12:08:17 info: [0mPOST /api/users/user/62c2e800353557aac802d479 [32m200[0m 147.974 ms - 490[0m
2022-07-04 12:08:17 info: [0mGET /api/servicios/obtenerTipoServicios/ [36m304[0m 70.554 ms - -[0m
2022-07-04 12:08:18 info: [0mGET /api/servicios/obtenerProcedimientos/ [36m304[0m 79.197 ms - -[0m
2022-07-04 12:08:18 info: [0mPOST /api/clients/getClientById [32m201[0m 73.072 ms - 557[0m
2022-07-04 12:08:18 info: [0mPOST /api/users/user/62c2e800353557aac802d479 [32m200[0m 142.920 ms - 490[0m
2022-07-04 12:08:18 info: [0mGET /api/servicios/obtenerTipoServicios/ [36m304[0m 70.659 ms - -[0m
2022-07-04 12:08:18 info: [0mGET /api/servicios/obtenerProcedimientos/ [36m304[0m 73.083 ms - -[0m
2022-07-04 12:08:18 info: [0mGET /api/servicios/obtenerTipoServicios/ [36m304[0m 67.835 ms - -[0m
2022-07-04 12:08:18 info: [0mGET /api/servicios/obtenerProcedimientos/ [36m304[0m 70.292 ms - -[0m
2022-07-04 12:08:19 info: [0mGET /api/servicios/obtenerTipoServicios/ [36m304[0m 86.451 ms - -[0m
2022-07-04 12:08:19 info: [0mGET /api/servicios/obtenerProcedimientos/ [36m304[0m 70.507 ms - -[0m
2022-07-04 12:08:19 info: [0mGET /api/servicios/obtenerTipoServicios/ [36m304[0m 74.730 ms - -[0m
2022-07-04 12:08:19 info: [0mGET /api/servicios/obtenerProcedimientos/ [36m304[0m 72.908 ms - -[0m
2022-07-04 12:08:19 info: [0mGET /api/servicios/obtenerTipoServicios/ [36m304[0m 71.159 ms - -[0m
2022-07-04 12:08:20 info: [0mGET /api/servicios/obtenerProcedimientos/ [36m304[0m 73.741 ms - -[0m
2022-07-04 12:08:20 info: [0mGET /api/servicios/obtenerTipoServicios/ [36m304[0m 70.813 ms - -[0m
2022-07-04 12:08:20 info: [0mGET /api/servicios/obtenerProcedimientos/ [36m304[0m 72.947 ms - -[0m
2022-07-04 12:08:20 info: [0mGET /api/causas/obtenerCausas [32m201[0m 73.207 ms - -[0m
2022-07-04 12:08:21 info: [0mPOST /api/clients/getClientById [32m201[0m 73.376 ms - 557[0m
2022-07-04 12:08:21 info: [0mPOST /api/users/user/62c2e800353557aac802d479 [32m200[0m 146.338 ms - 490[0m
2022-07-04 12:08:24 info: [0mGET /api/causas/obtenerCausas [32m201[0m 78.968 ms - -[0m
2022-07-04 12:08:25 info: [0mGET /api/causas/obtenerCausas [32m201[0m 73.084 ms - -[0m
2022-07-04 12:08:25 info: [0mPOST /api/clients/getClientById [32m201[0m 76.373 ms - 557[0m
2022-07-04 12:08:25 info: [0mPOST /api/clients/getClientById [32m201[0m 71.831 ms - 557[0m
2022-07-04 12:08:25 info: [0mPOST /api/users/user/62c2e800353557aac802d479 [32m200[0m 149.091 ms - 490[0m
2022-07-04 12:08:25 info: [0mPOST /api/users/user/62c2e800353557aac802d479 [32m200[0m 160.497 ms - 490[0m
2022-07-04 12:08:27 info: [0mPOST /api/causas/obtenerCausaPorId [32m201[0m 72.935 ms - -[0m
2022-07-04 12:08:27 info: [0mPOST /api/causas/obtenerCausaPorId [32m201[0m 78.264 ms - -[0m
2022-07-04 12:08:27 info: [0mPOST /api/causas/obtenerCausaPorId [32m201[0m 78.250 ms - -[0m
2022-07-04 12:08:27 info: [0mPOST /api/causas/obtenerCausaPorId [32m201[0m 79.132 ms - -[0m
2022-07-04 12:08:27 info: [0mPOST /api/causas/obtenerCausaPorId [32m201[0m 78.652 ms - -[0m
2022-07-04 12:08:27 info: [0mPOST /api/causas/obtenerCausaPorId [32m201[0m 81.281 ms - -[0m
2022-07-04 12:08:28 info: [0mPOST /api/causas/obtenerCausaPorId [32m201[0m 73.902 ms - -[0m
2022-07-04 12:08:28 info: [0mPOST /api/causas/obtenerCausaPorId [32m201[0m 72.202 ms - -[0m
2022-07-04 12:08:28 info: [0mPOST /api/causas/obtenerCausaPorId [32m201[0m 74.444 ms - -[0m
2022-07-04 12:08:28 info: [0mPOST /api/clients/getClientById [32m201[0m 76.598 ms - 557[0m
2022-07-04 12:08:28 info: [0mGET /api/servicios/obtenerTipoServicios/ [36m304[0m 77.133 ms - -[0m
2022-07-04 12:08:28 info: [0mPOST /api/users/user/62c2e800353557aac802d479 [32m200[0m 149.500 ms - 490[0m
2022-07-04 12:08:28 info: [0mGET /api/servicios/obtenerProcedimientos/ [36m304[0m 68.657 ms - -[0m
2022-07-04 12:08:28 info: [0mPOST /api/clients/getClientById [32m201[0m 71.467 ms - 557[0m
2022-07-04 12:08:28 info: [0mPOST /api/clients/getClientById [32m201[0m 76.121 ms - 557[0m
2022-07-04 12:08:28 info: [0mPOST /api/users/user/62c2e800353557aac802d479 [32m200[0m 136.368 ms - 490[0m
2022-07-04 12:08:28 info: [0mPOST /api/users/user/62c2e800353557aac802d479 [32m200[0m 151.721 ms - 490[0m
2022-07-04 12:08:28 info: [0mPOST /api/users/user/62c2e800353557aac802d479 [32m200[0m 139.148 ms - 490[0m
2022-07-04 12:08:28 info: [0mPOST /api/clients/getClientById [32m201[0m 71.158 ms - 557[0m
2022-07-04 12:08:28 info: [0mPOST /api/clients/getClientById [32m201[0m 75.251 ms - 557[0m
2022-07-04 12:08:29 info: [0mPOST /api/clients/getClientById [32m201[0m 70.124 ms - 557[0m
2022-07-04 12:08:29 info: [0mPOST /api/users/user/62c2e800353557aac802d479 [32m200[0m 154.857 ms - 490[0m
2022-07-04 12:08:29 info: [0mPOST /api/users/user/62c2e800353557aac802d479 [32m200[0m 136.386 ms - 490[0m
2022-07-04 12:08:29 info: [0mPOST /api/users/user/62c2e800353557aac802d479 [32m200[0m 146.128 ms - 490[0m
2022-07-04 12:08:29 info: [0mPOST /api/clients/getClientById [32m201[0m 70.221 ms - 557[0m
2022-07-04 12:08:29 info: [0mPOST /api/users/user/62c2e800353557aac802d479 [32m200[0m 141.765 ms - 490[0m
2022-07-04 12:08:29 info: [0mPOST /api/clients/getClientById [32m201[0m 73.549 ms - 557[0m
2022-07-04 12:08:29 info: [0mGET /api/servicios/obtenerTipoServicios/ [36m304[0m 76.041 ms - -[0m
2022-07-04 12:08:29 info: [0mPOST /api/users/user/62c2e800353557aac802d479 [32m200[0m 149.659 ms - 490[0m
2022-07-04 12:08:29 info: [0mPOST /api/clients/getClientById [32m201[0m 68.660 ms - 557[0m
2022-07-04 12:08:29 info: [0mGET /api/servicios/obtenerSubMateria/ [36m304[0m 70.593 ms - -[0m
2022-07-04 12:08:29 info: [0mGET /api/servicios/obtenerProcedimientos/ [36m304[0m 74.462 ms - -[0m
2022-07-04 12:08:29 info: [0mGET /api/servicios/obtenerTipoServicios/ [36m304[0m 83.359 ms - -[0m
2022-07-04 12:08:30 info: [0mGET /api/servicios/obtenerProcedimientos/ [36m304[0m 81.374 ms - -[0m
2022-07-04 12:08:30 info: [0mGET /api/servicios/obtenerTipoServicios/ [36m304[0m 68.321 ms - -[0m
2022-07-04 12:08:30 info: [0mGET /api/servicios/obtenerProcedimientos/ [36m304[0m 92.124 ms - -[0m
2022-07-04 12:08:30 info: [0mGET /api/servicios/obtenerTipoServicios/ [36m304[0m 86.666 ms - -[0m
2022-07-04 12:08:30 info: [0mGET /api/servicios/obtenerProcedimientos/ [36m304[0m 77.944 ms - -[0m
2022-07-04 12:08:31 info: [0mGET /api/servicios/obtenerTipoServicios/ [36m304[0m 75.625 ms - -[0m
2022-07-04 12:08:31 info: [0mGET /api/servicios/obtenerProcedimientos/ [36m304[0m 70.521 ms - -[0m
2022-07-04 12:08:31 info: [0mGET /api/servicios/obtenerTipoServicios/ [36m304[0m 71.397 ms - -[0m
2022-07-04 12:08:31 info: [0mGET /api/servicios/obtenerProcedimientos/ [36m304[0m 69.987 ms - -[0m
2022-07-04 12:08:31 info: [0mGET /api/servicios/obtenerTipoServicios/ [36m304[0m 70.754 ms - -[0m
2022-07-04 12:08:32 info: [0mGET /api/servicios/obtenerProcedimientos/ [36m304[0m 75.416 ms - -[0m
2022-07-04 12:08:32 info: [0mGET /api/servicios/obtenerTipoServicios/ [36m304[0m 80.782 ms - -[0m
2022-07-04 12:08:32 info: [0mGET /api/servicios/obtenerProcedimientos/ [36m304[0m 73.922 ms - -[0m
2022-07-04 12:08:35 info: [0mPOST /api/users/user/62c2e870353557aac802d480 [32m200[0m 144.511 ms - 498[0m
2022-07-04 12:08:36 info: [0mPOST /api/causas/obtenerCausaPorId [32m201[0m 81.338 ms - -[0m
2022-07-04 12:08:36 info: [0mGET /api/users/getProcuradores [32m200[0m 73.965 ms - 946[0m
2022-07-04 12:08:51 info: [0mPOST /api/causas/obtenerCausaPorId [32m201[0m 75.783 ms - -[0m
2022-07-04 12:08:51 info: [0mPOST /api/causas/obtenerCausaPorId [32m201[0m 74.834 ms - -[0m
2022-07-04 12:08:51 info: [0mPOST /api/causas/obtenerCausaPorId [32m201[0m 77.844 ms - -[0m
2022-07-04 12:08:51 info: [0mPOST /api/causas/obtenerCausaPorId [32m201[0m 77.519 ms - -[0m
2022-07-04 12:08:51 info: [0mPOST /api/causas/obtenerCausaPorId [32m201[0m 76.087 ms - -[0m
2022-07-04 12:08:51 info: [0mPOST /api/causas/obtenerCausaPorId [32m201[0m 79.538 ms - -[0m
2022-07-04 12:08:52 info: [0mPOST /api/causas/obtenerCausaPorId [32m201[0m 74.592 ms - -[0m
2022-07-04 12:08:52 info: [0mPOST /api/causas/obtenerCausaPorId [32m201[0m 76.143 ms - -[0m
2022-07-04 12:08:52 info: [0mPOST /api/causas/obtenerCausaPorId [32m201[0m 80.914 ms - -[0m
2022-07-04 12:08:52 info: [0mGET /api/servicios/obtenerTipoServicios/ [36m304[0m 75.424 ms - -[0m
2022-07-04 12:08:52 info: [0mPOST /api/clients/getClientById [32m201[0m 80.444 ms - 557[0m
2022-07-04 12:08:52 info: [0mPOST /api/users/user/62c2e800353557aac802d479 [32m200[0m 147.564 ms - 490[0m
2022-07-04 12:08:52 info: [0mGET /api/servicios/obtenerProcedimientos/ [36m304[0m 76.273 ms - -[0m
2022-07-04 12:08:52 info: [0mPOST /api/clients/getClientById [32m201[0m 70.295 ms - 557[0m
2022-07-04 12:08:52 info: [0mPOST /api/clients/getClientById [32m201[0m 76.044 ms - 557[0m
2022-07-04 12:08:52 info: [0mPOST /api/users/user/62c2e800353557aac802d479 [32m200[0m 151.013 ms - 490[0m
2022-07-04 12:08:52 info: [0mPOST /api/users/user/62c2e800353557aac802d479 [32m200[0m 145.361 ms - 490[0m
2022-07-04 12:08:52 info: [0mPOST /api/users/user/62c2e800353557aac802d479 [32m200[0m 144.245 ms - 490[0m
2022-07-04 12:08:52 info: [0mPOST /api/clients/getClientById [32m201[0m 70.141 ms - 557[0m
2022-07-04 12:08:52 info: [0mPOST /api/clients/getClientById [32m201[0m 72.825 ms - 557[0m
2022-07-04 12:08:52 info: [0mPOST /api/users/user/62c2e800353557aac802d479 [32m200[0m 138.488 ms - 490[0m
2022-07-04 12:08:52 info: [0mPOST /api/clients/getClientById [32m201[0m 69.085 ms - 557[0m
2022-07-04 12:08:52 info: [0mPOST /api/users/user/62c2e800353557aac802d479 [32m200[0m 146.188 ms - 490[0m
2022-07-04 12:08:53 info: [0mPOST /api/users/user/62c2e800353557aac802d479 [32m200[0m 146.083 ms - 490[0m
2022-07-04 12:08:53 info: [0mPOST /api/clients/getClientById [32m201[0m 74.092 ms - 557[0m
2022-07-04 12:08:53 info: [0mPOST /api/clients/getClientById [32m201[0m 75.203 ms - 557[0m
2022-07-04 12:08:53 info: [0mGET /api/servicios/obtenerTipoServicios/ [36m304[0m 74.255 ms - -[0m
2022-07-04 12:08:53 info: [0mPOST /api/users/user/62c2e800353557aac802d479 [32m200[0m 146.679 ms - 490[0m
2022-07-04 12:08:53 info: [0mPOST /api/clients/getClientById [32m201[0m 71.890 ms - 557[0m
2022-07-04 12:08:53 info: [0mPOST /api/users/user/62c2e800353557aac802d479 [32m200[0m 152.407 ms - 490[0m
2022-07-04 12:08:53 info: [0mGET /api/servicios/obtenerProcedimientos/ [36m304[0m 81.673 ms - -[0m
2022-07-04 12:08:53 info: [0mGET /api/servicios/obtenerTipoServicios/ [36m304[0m 73.256 ms - -[0m
2022-07-04 12:08:53 info: [0mGET /api/servicios/obtenerProcedimientos/ [36m304[0m 72.195 ms - -[0m
2022-07-04 12:08:54 info: [0mGET /api/servicios/obtenerTipoServicios/ [36m304[0m 75.948 ms - -[0m
2022-07-04 12:08:54 info: [0mGET /api/servicios/obtenerProcedimientos/ [36m304[0m 81.625 ms - -[0m
2022-07-04 12:08:54 info: [0mGET /api/servicios/obtenerTipoServicios/ [36m304[0m 69.426 ms - -[0m
2022-07-04 12:08:54 info: [0mGET /api/servicios/obtenerProcedimientos/ [36m304[0m 70.385 ms - -[0m
2022-07-04 12:08:54 info: [0mGET /api/servicios/obtenerTipoServicios/ [36m304[0m 72.215 ms - -[0m
2022-07-04 12:08:55 info: [0mGET /api/servicios/obtenerProcedimientos/ [36m304[0m 70.836 ms - -[0m
2022-07-04 12:08:55 info: [0mGET /api/servicios/obtenerTipoServicios/ [36m304[0m 72.212 ms - -[0m
2022-07-04 12:08:55 info: [0mGET /api/servicios/obtenerProcedimientos/ [36m304[0m 72.470 ms - -[0m
2022-07-04 12:08:55 info: [0mGET /api/servicios/obtenerTipoServicios/ [36m304[0m 73.284 ms - -[0m
2022-07-04 12:08:55 info: [0mGET /api/servicios/obtenerProcedimientos/ [36m304[0m 74.177 ms - -[0m
2022-07-04 12:08:56 info: [0mGET /api/servicios/obtenerTipoServicios/ [36m304[0m 75.944 ms - -[0m
2022-07-04 12:08:56 info: [0mGET /api/servicios/obtenerProcedimientos/ [36m304[0m 71.042 ms - -[0m
2022-07-04 12:08:58 info: [0mGET /api/users/getProcuradores [36m304[0m 73.339 ms - -[0m
2022-07-04 12:08:58 info: [0mPOST /api/causas/obtenerCausaPorId [32m201[0m 78.455 ms - -[0m
2022-07-04 12:09:10 info: [0mPOST /api/causas/obtenerCausaPorId [32m201[0m 83.956 ms - -[0m
2022-07-04 12:09:11 info: [0mPOST /api/causas/obtenerCausaPorId [32m201[0m 75.710 ms - -[0m
2022-07-04 12:09:11 info: [0mPOST /api/causas/obtenerCausaPorId [32m201[0m 84.325 ms - -[0m
2022-07-04 12:09:11 info: [0mPOST /api/causas/obtenerCausaPorId [32m201[0m 82.670 ms - -[0m
2022-07-04 12:09:11 info: [0mPOST /api/causas/obtenerCausaPorId [32m201[0m 81.459 ms - -[0m
2022-07-04 12:09:11 info: [0mPOST /api/causas/obtenerCausaPorId [32m201[0m 80.189 ms - -[0m
2022-07-04 12:09:11 info: [0mPOST /api/causas/obtenerCausaPorId [32m201[0m 73.797 ms - -[0m
2022-07-04 12:09:11 info: [0mPOST /api/causas/obtenerCausaPorId [32m201[0m 73.143 ms - -[0m
2022-07-04 12:09:11 info: [0mPOST /api/causas/obtenerCausaPorId [32m201[0m 73.169 ms - -[0m
2022-07-04 12:09:11 info: [0mPOST /api/clients/getClientById [32m201[0m 73.216 ms - 557[0m
2022-07-04 12:09:11 info: [0mGET /api/servicios/obtenerTipoServicios/ [36m304[0m 75.055 ms - -[0m
2022-07-04 12:09:11 info: [0mGET /api/servicios/obtenerProcedimientos/ [36m304[0m 70.587 ms - -[0m
2022-07-04 12:09:11 info: [0mPOST /api/users/user/62c2e800353557aac802d479 [32m200[0m 155.888 ms - 490[0m
2022-07-04 12:09:11 info: [0mPOST /api/clients/getClientById [32m201[0m 68.262 ms - 557[0m
2022-07-04 12:09:11 info: [0mPOST /api/clients/getClientById [32m201[0m 74.775 ms - 557[0m
2022-07-04 12:09:11 info: [0mPOST /api/users/user/62c2e800353557aac802d479 [32m200[0m 148.729 ms - 490[0m
2022-07-04 12:09:11 info: [0mPOST /api/users/user/62c2e800353557aac802d479 [32m200[0m 145.920 ms - 490[0m
2022-07-04 12:09:11 info: [0mPOST /api/clients/getClientById [32m201[0m 75.770 ms - 557[0m
2022-07-04 12:09:11 info: [0mPOST /api/users/user/62c2e800353557aac802d479 [32m200[0m 142.949 ms - 490[0m
2022-07-04 12:09:12 info: [0mPOST /api/clients/getClientById [32m201[0m 70.706 ms - 557[0m
2022-07-04 12:09:12 info: [0mPOST /api/users/user/62c2e800353557aac802d479 [32m200[0m 140.980 ms - 490[0m
2022-07-04 12:09:12 info: [0mPOST /api/clients/getClientById [32m201[0m 71.261 ms - 557[0m
2022-07-04 12:09:12 info: [0mPOST /api/users/user/62c2e800353557aac802d479 [32m200[0m 140.515 ms - 490[0m
2022-07-04 12:09:12 info: [0mPOST /api/clients/getClientById [32m201[0m 73.034 ms - 557[0m
2022-07-04 12:09:12 info: [0mPOST /api/users/user/62c2e800353557aac802d479 [32m200[0m 145.414 ms - 490[0m
2022-07-04 12:09:12 info: [0mPOST /api/clients/getClientById [32m201[0m 81.512 ms - 557[0m
2022-07-04 12:09:12 info: [0mGET /api/servicios/obtenerTipoServicios/ [36m304[0m 75.237 ms - -[0m
2022-07-04 12:09:12 info: [0mPOST /api/users/user/62c2e800353557aac802d479 [32m200[0m 144.548 ms - 490[0m
2022-07-04 12:09:12 info: [0mPOST /api/clients/getClientById [32m201[0m 71.122 ms - 557[0m
2022-07-04 12:09:12 info: [0mGET /api/servicios/obtenerProcedimientos/ [36m304[0m 73.021 ms - -[0m
2022-07-04 12:09:12 info: [0mPOST /api/users/user/62c2e800353557aac802d479 [32m200[0m 147.478 ms - 490[0m
2022-07-04 12:09:13 info: [0mGET /api/servicios/obtenerTipoServicios/ [36m304[0m 71.578 ms - -[0m
2022-07-04 12:09:13 info: [0mGET /api/servicios/obtenerProcedimientos/ [36m304[0m 71.749 ms - -[0m
2022-07-04 12:09:13 info: [0mGET /api/servicios/obtenerTipoServicios/ [36m304[0m 74.191 ms - -[0m
2022-07-04 12:09:13 info: [0mGET /api/servicios/obtenerProcedimientos/ [36m304[0m 71.161 ms - -[0m
2022-07-04 12:09:13 info: [0mGET /api/servicios/obtenerTipoServicios/ [36m304[0m 70.597 ms - -[0m
2022-07-04 12:09:13 info: [0mGET /api/servicios/obtenerProcedimientos/ [36m304[0m 70.187 ms - -[0m
2022-07-04 12:09:14 info: [0mGET /api/causas/obtenerCausas [32m201[0m 73.208 ms - -[0m
2022-07-04 12:09:14 info: [0mGET /api/servicios/obtenerTipoServicios/ [36m304[0m 74.527 ms - -[0m
2022-07-04 12:09:14 info: [0mGET /api/servicios/obtenerProcedimientos/ [36m304[0m 71.688 ms - -[0m
2022-07-04 12:09:14 info: [0mGET /api/causas/obtenerCausas [32m201[0m 71.623 ms - -[0m
2022-07-04 12:09:14 info: [0mPOST /api/clients/getClientById [32m201[0m 74.993 ms - 557[0m
2022-07-04 12:09:14 info: [0mGET /api/servicios/obtenerTipoServicios/ [36m304[0m 79.796 ms - -[0m
2022-07-04 12:09:14 info: [0mGET /api/servicios/obtenerProcedimientos/ [36m304[0m 73.273 ms - -[0m
2022-07-04 12:09:14 info: [0mPOST /api/clients/getClientById [32m201[0m 86.043 ms - 557[0m
2022-07-04 12:09:14 info: [0mPOST /api/users/user/62c2e800353557aac802d479 [32m200[0m 153.285 ms - 490[0m
2022-07-04 12:09:15 info: [0mGET /api/servicios/obtenerTipoServicios/ [36m304[0m 70.444 ms - -[0m
2022-07-04 12:09:15 info: [0mGET /api/servicios/obtenerProcedimientos/ [36m304[0m 70.510 ms - -[0m
2022-07-04 12:09:15 info: [0mPOST /api/users/user/62c2e800353557aac802d479 [32m200[0m 142.834 ms - 490[0m
2022-07-04 12:09:15 info: [0mGET /api/servicios/obtenerTipoServicios/ [36m304[0m 70.838 ms - -[0m
2022-07-04 12:09:15 info: [0mGET /api/servicios/obtenerProcedimientos/ [36m304[0m 71.780 ms - -[0m
2022-07-04 12:09:19 info: [0mGET /api/users/getUsers [36m304[0m 72.968 ms - -[0m
2022-07-04 12:09:21 info: [0mGET /api/clients/getAllClients [36m304[0m 73.652 ms - -[0m
2022-07-04 12:09:21 info: [0mGET /api/causas/obtenerCausas [32m201[0m 76.461 ms - -[0m
2022-07-04 12:10:07 info: [0mGET /api/clients/getAllClients [36m304[0m 75.989 ms - -[0m
2022-07-04 12:10:09 info: [0mGET /api/users/getUsers [36m304[0m 79.093 ms - -[0m
2022-07-04 12:10:26 info: [0mPOST /api/login [32m200[0m 149.760 ms - 637[0m
2022-07-04 12:10:26 info: [0mGET /api/roles/getRoles [32m200[0m 88.266 ms - 581[0m
2022-07-04 12:10:31 info: [0mPOST /api/causas/obtenerCausasPorAbogado [32m201[0m 78.404 ms - -[0m
2022-07-04 12:10:31 info: [0mPOST /api/clients/getClientById [32m201[0m 79.598 ms - 557[0m
2022-07-04 12:10:31 info: [0mPOST /api/users/user/62c2e800353557aac802d479 [32m200[0m 151.745 ms - 490[0m
2022-07-04 12:10:33 info: [0mPOST /api/causas/obtenerCausaPorId [32m201[0m 74.768 ms - -[0m
2022-07-04 12:10:33 info: [0mPOST /api/users/user/62c2e800353557aac802d479 [32m200[0m 146.364 ms - 490[0m
2022-07-04 12:10:33 info: [0mPOST /api/clients/getClientById [32m201[0m 75.597 ms - 557[0m
2022-07-04 12:10:33 info: [0mGET /api/servicios/obtenerTipoServicios/ [32m200[0m 75.001 ms - 319[0m
2022-07-04 12:10:33 info: [0mGET /api/servicios/obtenerSubMateria/ [32m200[0m 75.163 ms - 327[0m
2022-07-04 12:10:33 info: [0mGET /api/servicios/obtenerProcedimientos/ [32m200[0m 75.453 ms - 334[0m
2022-07-04 12:10:38 info: [0mGET /api/servicios/obtenerProcedimientos [32m200[0m 77.881 ms - 334[0m
2022-07-04 12:10:40 info: [0mPOST /api/users/user/62c2e870353557aac802d480 [32m200[0m 147.003 ms - 498[0m
2022-07-04 12:10:41 info: [0mPOST /api/causas/obtenerCausaPorId [32m201[0m 86.203 ms - -[0m
2022-07-04 12:10:42 info: [0mGET /api/users/getProcuradores [32m200[0m 75.410 ms - 946[0m
2022-07-04 12:10:49 info: [0mPOST /api/causas/obtenerCausaPorId [32m201[0m 75.264 ms - -[0m
2022-07-04 12:10:49 info: [0mPOST /api/users/user/62c2e800353557aac802d479 [32m200[0m 152.444 ms - 490[0m
2022-07-04 12:10:49 info: [0mPOST /api/clients/getClientById [32m201[0m 76.125 ms - 557[0m
2022-07-04 12:10:49 info: [0mGET /api/servicios/obtenerTipoServicios/ [36m304[0m 80.968 ms - -[0m
2022-07-04 12:10:49 info: [0mGET /api/servicios/obtenerProcedimientos/ [36m304[0m 79.337 ms - -[0m
2022-07-04 12:10:50 info: [0mPOST /api/causas/obtenerCausaPorId [32m201[0m 73.892 ms - -[0m
2022-07-04 12:10:50 info: [0mGET /api/users/getProcuradores [36m304[0m 74.138 ms - -[0m
2022-07-04 12:10:51 info: [0mPOST /api/causas/obtenerCausaPorId [32m201[0m 73.754 ms - -[0m
2022-07-04 12:10:52 info: [0mPOST /api/users/user/62c2e800353557aac802d479 [32m200[0m 150.766 ms - 490[0m
2022-07-04 12:10:52 info: [0mPOST /api/clients/getClientById [32m201[0m 75.403 ms - 557[0m
2022-07-04 12:10:52 info: [0mGET /api/servicios/obtenerProcedimientos/ [36m304[0m 77.866 ms - -[0m
2022-07-04 12:10:52 info: [0mGET /api/servicios/obtenerTipoServicios/ [36m304[0m 81.259 ms - -[0m
2022-07-04 12:10:52 info: [0mGET /api/clients/getAllClients [32m200[0m 72.914 ms - 561[0m
2022-07-04 12:11:05 info: [0mGET /api/clients/getAllClients [36m304[0m 81.839 ms - -[0m
2022-07-04 12:11:08 info: [0mPOST /api/causas/obtenerCausasPorAbogado [32m201[0m 14.398 ms - 26[0m
2022-07-04 12:11:10 info: [0mPOST /api/clients/getClientById [32m201[0m 74.015 ms - 557[0m
2022-07-04 12:11:10 info: [0mPOST /api/users/user/62c2e800353557aac802d479 [32m200[0m 150.908 ms - 490[0m
2022-07-04 12:11:12 info: [0mPOST /api/causas/obtenerCausaPorId [32m201[0m 76.963 ms - -[0m
2022-07-04 12:11:13 info: [0mPOST /api/users/user/62c2e800353557aac802d479 [32m200[0m 171.612 ms - 490[0m
2022-07-04 12:11:13 info: [0mPOST /api/clients/getClientById [32m201[0m 84.543 ms - 557[0m
2022-07-04 12:11:13 info: [0mGET /api/servicios/obtenerProcedimientos/ [36m304[0m 82.288 ms - -[0m
2022-07-04 12:11:13 info: [0mGET /api/servicios/obtenerTipoServicios/ [36m304[0m 85.334 ms - -[0m
2022-07-04 12:11:48 info: [0mPOST /api/login [32m200[0m 131.105 ms - 645[0m
2022-07-04 12:11:48 info: [0mGET /api/roles/getRoles [32m200[0m 73.905 ms - 581[0m
2022-07-04 12:11:53 info: [0mPOST /api/causas/obtenerCausasPorProcurador [32m201[0m 76.112 ms - -[0m
2022-07-04 12:11:53 info: [0mPOST /api/clients/getClientById [32m201[0m 78.974 ms - 557[0m
2022-07-04 12:11:54 info: [0mPOST /api/users/user/62c2e800353557aac802d479 [32m200[0m 151.138 ms - 490[0m
2022-07-04 12:11:55 info: [0mPOST /api/clients/getClientById [32m201[0m 75.024 ms - 557[0m
2022-07-04 12:11:55 info: [0mPOST /api/users/user/62c2e800353557aac802d479 [32m200[0m 150.178 ms - 490[0m
2022-07-04 12:11:57 info: [0mPOST /api/causas/obtenerCausaPorId [32m201[0m 74.024 ms - -[0m
2022-07-04 12:11:58 info: [0mGET /api/servicios/obtenerSubMateria/ [32m200[0m 83.728 ms - 327[0m
2022-07-04 12:11:58 info: [0mGET /api/servicios/obtenerTipoServicios/ [32m200[0m 86.506 ms - 319[0m
2022-07-04 12:11:58 info: [0mGET /api/servicios/obtenerProcedimientos/ [32m200[0m 84.838 ms - 334[0m
2022-07-04 12:11:58 info: [0mPOST /api/clients/getClientById [32m201[0m 92.362 ms - 557[0m
2022-07-04 12:11:58 info: [0mPOST /api/users/user/62c2e800353557aac802d479 [32m200[0m 150.779 ms - 490[0m
2022-07-04 12:12:01 info: [0mPOST /api/users/user/62c2e870353557aac802d480 [32m200[0m 151.283 ms - 498[0m
2022-07-04 12:12:03 info: [0mPOST /api/causas/obtenerCausaPorId [32m201[0m 73.845 ms - -[0m
2022-07-04 12:12:03 info: [0mGET /api/users/getProcuradores [32m200[0m 77.436 ms - 946[0m
2022-07-04 12:12:11 info: [0mPOST /api/causas/obtenerCausaPorId [32m201[0m 75.204 ms - -[0m
2022-07-04 12:12:11 info: [0mPOST /api/clients/getClientById [32m201[0m 73.973 ms - 557[0m
2022-07-04 12:12:11 info: [0mGET /api/servicios/obtenerTipoServicios/ [36m304[0m 73.810 ms - -[0m
2022-07-04 12:12:11 info: [0mGET /api/servicios/obtenerProcedimientos/ [36m304[0m 72.803 ms - -[0m
2022-07-04 12:12:11 info: [0mPOST /api/users/user/62c2e800353557aac802d479 [32m200[0m 146.640 ms - 490[0m
2022-07-04 12:12:12 info: [0mPOST /api/causas/obtenerCausasPorAbogado [32m201[0m 1.519 ms - 26[0m
2022-07-04 12:12:15 info: [0mGET /api/clients/getAllClients [32m200[0m 96.581 ms - 561[0m
2022-07-04 12:12:46 info: [0mPOST /api/login [32m200[0m 136.898 ms - 640[0m
2022-07-04 12:12:46 info: [0mGET /api/roles/getRoles [32m200[0m 77.086 ms - 581[0m
2022-07-04 12:14:52 info: [0mGET /api/causas/obtenerCausas [32m201[0m 74.987 ms - -[0m
2022-07-04 12:14:52 info: [0mPOST /api/clients/getClientById [32m201[0m 74.019 ms - 557[0m
2022-07-04 12:14:53 info: [0mPOST /api/users/user/62c2e800353557aac802d479 [32m200[0m 147.974 ms - 490[0m
2022-07-04 12:14:55 info: [0mPOST /api/clients/getClientById [32m201[0m 77.151 ms - 557[0m
2022-07-04 12:14:55 info: [0mPOST /api/users/user/62c2e800353557aac802d479 [32m200[0m 158.193 ms - 490[0m
2022-07-04 12:15:09 info: [0mGET /api/causas/obtenerCausas [32m201[0m 76.385 ms - -[0m
2022-07-04 12:15:09 info: [0mPOST /api/clients/getClientById [32m201[0m 74.075 ms - 557[0m
2022-07-04 12:15:09 info: [0mPOST /api/users/user/62c2e800353557aac802d479 [32m200[0m 148.328 ms - 490[0m
2022-07-04 12:15:10 info: [0mGET /api/clients/getAllClients [32m200[0m 70.657 ms - 561[0m
2022-07-04 12:15:14 info: [0mGET /api/users/getVendedores [32m200[0m 75.681 ms - -[0m
2022-07-04 12:15:19 info: [0mGET /api/clients/getAllClients [36m304[0m 75.470 ms - -[0m
2022-07-04 12:15:20 info: [0mGET /api/causas/obtenerCausas [32m201[0m 77.747 ms - -[0m
2022-07-04 12:15:20 info: [0mPOST /api/clients/getClientById [32m201[0m 83.888 ms - 557[0m
2022-07-04 12:15:21 info: [0mPOST /api/users/user/62c2e800353557aac802d479 [32m200[0m 153.921 ms - 490[0m
2022-07-04 12:23:18 info: [0mPOST /api/causas/obtenerCausaPorId [32m201[0m 82.926 ms - -[0m
2022-07-04 12:23:18 info: [0mPOST /api/users/user/62c2e800353557aac802d479 [32m200[0m 157.227 ms - 490[0m
2022-07-04 12:23:19 info: [0mPOST /api/clients/getClientById [32m201[0m 74.589 ms - 557[0m
2022-07-04 12:23:19 info: [0mGET /api/servicios/obtenerTipoServicios/ [36m304[0m 76.450 ms - -[0m
2022-07-04 12:23:19 info: [0mGET /api/servicios/obtenerProcedimientos/ [36m304[0m 75.023 ms - -[0m
2022-07-04 12:23:19 info: [0mGET /api/servicios/obtenerSubMateria/ [36m304[0m 77.892 ms - -[0m
2022-07-04 12:23:41 info: [0mGET /api/causas/obtenerCausas [32m201[0m 75.611 ms - -[0m
2022-07-04 12:23:41 info: [0mPOST /api/clients/getClientById [32m201[0m 74.229 ms - 557[0m
2022-07-04 12:23:41 info: [0mPOST /api/users/user/62c2e800353557aac802d479 [32m200[0m 161.115 ms - 490[0m
2022-07-04 12:23:49 info: [0mGET /api/causas/obtenerCausas [32m201[0m 74.039 ms - -[0m
2022-07-04 12:23:49 info: [0mPOST /api/clients/getClientById [32m201[0m 70.505 ms - 557[0m
2022-07-04 12:23:50 info: [0mPOST /api/users/user/62c2e800353557aac802d479 [32m200[0m 147.420 ms - 490[0m
2022-07-04 12:23:51 info: [0mPOST /api/causas/obtenerCausasPorProcurador [32m201[0m 75.596 ms - 36[0m
2022-07-04 12:23:53 info: [0mPOST /api/causas/obtenerCausasPorProcurador [32m201[0m 84.667 ms - 36[0m
2022-07-04 12:25:43 info: [0mPOST /api/causas/obtenerCausasPorAbogado [32m201[0m 2.919 ms - 26[0m
2022-07-04 12:25:44 info: [0mPOST /api/causas/obtenerCausaPorId [32m201[0m 76.263 ms - -[0m
2022-07-04 12:25:44 info: [0mPOST /api/causas/obtenerCausaPorId [32m201[0m 71.382 ms - -[0m
2022-07-04 12:25:44 info: [0mPOST /api/clients/getClientById [32m201[0m 79.966 ms - 557[0m
2022-07-04 12:25:44 info: [0mGET /api/servicios/obtenerProcedimientos/ [36m304[0m 76.722 ms - -[0m
2022-07-04 12:25:44 info: [0mGET /api/servicios/obtenerTipoServicios/ [36m304[0m 81.320 ms - -[0m
2022-07-04 12:25:44 info: [0mPOST /api/users/user/62c2e800353557aac802d479 [32m200[0m 154.943 ms - 490[0m
2022-07-04 12:25:45 info: [0mPOST /api/clients/getClientById [32m201[0m 75.288 ms - 557[0m
2022-07-04 12:25:45 info: [0mGET /api/servicios/obtenerSubMateria/ [36m304[0m 74.067 ms - -[0m
2022-07-04 12:25:45 info: [0mGET /api/servicios/obtenerTipoServicios/ [36m304[0m 79.456 ms - -[0m
2022-07-04 12:25:45 info: [0mGET /api/servicios/obtenerProcedimientos/ [36m304[0m 77.046 ms - -[0m
2022-07-04 12:25:45 info: [0mPOST /api/users/user/62c2e800353557aac802d479 [32m200[0m 140.947 ms - 490[0m
2022-07-04 12:25:55 info: [0mPOST /api/causas/obtenerCausasPorProcurador [32m201[0m 73.312 ms - 36[0m
2022-07-04 12:25:58 info: [0mPOST /api/causas/obtenerCausasPorAbogado [32m201[0m 1.181 ms - 26[0m
2022-07-04 12:25:59 info: [0mGET /api/clients/getAllClients [36m304[0m 71.912 ms - -[0m
2022-07-04 12:26:02 info: [0mGET /api/clients/getAllClients [36m304[0m 71.784 ms - -[0m
2022-07-04 12:26:02 info: [0mGET /api/causas/obtenerCausas [32m201[0m 82.778 ms - -[0m
2022-07-04 12:26:06 info: [0mPOST /api/causas/obtenerCausasPorAbogado [32m201[0m 1.047 ms - 26[0m
2022-07-04 12:26:07 info: [0mPOST /api/causas/obtenerCausaPorId [32m201[0m 78.025 ms - -[0m
2022-07-04 12:26:07 info: [0mPOST /api/causas/obtenerCausaPorId [32m201[0m 77.679 ms - -[0m
2022-07-04 12:26:07 info: [0mGET /api/servicios/obtenerTipoServicios/ [36m304[0m 81.075 ms - -[0m
2022-07-04 12:26:07 info: [0mGET /api/servicios/obtenerProcedimientos/ [36m304[0m 79.825 ms - -[0m
2022-07-04 12:26:07 info: [0mPOST /api/clients/getClientById [32m201[0m 88.538 ms - 557[0m
2022-07-04 12:26:07 info: [0mPOST /api/users/user/62c2e800353557aac802d479 [32m200[0m 169.231 ms - 490[0m
2022-07-04 12:26:08 info: [0mPOST /api/clients/getClientById [32m201[0m 71.817 ms - 557[0m
2022-07-04 12:26:08 info: [0mPOST /api/users/user/62c2e800353557aac802d479 [32m200[0m 145.706 ms - 490[0m
2022-07-04 12:26:08 info: [0mGET /api/servicios/obtenerTipoServicios/ [36m304[0m 70.639 ms - -[0m
2022-07-04 12:26:08 info: [0mGET /api/servicios/obtenerProcedimientos/ [36m304[0m 73.785 ms - -[0m
2022-07-04 12:26:24 info: [0mPOST /api/causas/obtenerCausasPorAbogado [32m201[0m 3.395 ms - 26[0m
2022-07-04 12:26:27 info: [0mPOST /api/causas/obtenerCausasPorProcurador [32m201[0m 78.077 ms - 36[0m
2022-07-04 12:26:43 info: [0mPOST /api/login [32m200[0m 131.915 ms - 640[0m
2022-07-04 12:26:44 info: [0mGET /api/roles/getRoles [36m304[0m 104.399 ms - -[0m
2022-07-04 12:26:48 info: [0mGET /api/causas/obtenerCausas [32m201[0m 87.212 ms - -[0m
2022-07-04 12:26:48 info: [0mPOST /api/clients/getClientById [32m201[0m 74.885 ms - 557[0m
2022-07-04 12:26:48 info: [0mPOST /api/users/user/62c2e800353557aac802d479 [32m200[0m 148.928 ms - 490[0m
2022-07-04 12:26:50 info: [0mPOST /api/clients/getClientById [32m201[0m 74.972 ms - 557[0m
2022-07-04 12:26:50 info: [0mPOST /api/users/user/62c2e800353557aac802d479 [32m200[0m 148.566 ms - 490[0m
2022-07-04 12:26:54 info: [0mPOST /api/clients/getClientById [32m201[0m 73.272 ms - 557[0m
2022-07-04 12:26:55 info: [0mPOST /api/users/user/62c2e800353557aac802d479 [32m200[0m 155.250 ms - 490[0m
2022-07-04 12:27:47 info: [0mPOST /api/causas/obtenerCausaPorId [32m201[0m 80.248 ms - -[0m
2022-07-04 12:27:47 info: [0mPOST /api/causas/obtenerCausaPorId [32m201[0m 77.185 ms - -[0m
2022-07-04 12:27:47 info: [0mPOST /api/users/user/62c2e800353557aac802d479 [32m200[0m 157.577 ms - 490[0m
2022-07-04 12:27:47 info: [0mPOST /api/users/user/62c2e800353557aac802d479 [32m200[0m 165.419 ms - 490[0m
2022-07-04 12:27:48 info: [0mPOST /api/clients/getClientById [32m201[0m 73.703 ms - 557[0m
2022-07-04 12:27:48 info: [0mPOST /api/clients/getClientById [32m201[0m 74.154 ms - 557[0m
2022-07-04 12:27:48 info: [0mGET /api/servicios/obtenerTipoServicios/ [36m304[0m 75.923 ms - -[0m
2022-07-04 12:27:48 info: [0mGET /api/servicios/obtenerTipoServicios/ [36m304[0m 77.408 ms - -[0m
2022-07-04 12:27:48 info: [0mGET /api/servicios/obtenerSubMateria/ [36m304[0m 75.686 ms - -[0m
2022-07-04 12:27:48 info: [0mGET /api/servicios/obtenerSubMateria/ [36m304[0m 77.382 ms - -[0m
2022-07-04 12:27:48 info: [0mGET /api/servicios/obtenerProcedimientos/ [36m304[0m 123.946 ms - -[0m
2022-07-04 12:27:48 info: [0mGET /api/servicios/obtenerProcedimientos/ [36m304[0m 105.174 ms - -[0m
2022-07-04 12:28:13 info: [0mPOST /api/causas/obtenerCausaPorId [32m201[0m 78.632 ms - -[0m
2022-07-04 12:28:13 info: [0mPOST /api/causas/obtenerCausaPorId [32m201[0m 79.320 ms - -[0m
2022-07-04 12:28:14 info: [0mPOST /api/users/user/62c2e800353557aac802d479 [32m200[0m 161.520 ms - 490[0m
2022-07-04 12:28:14 info: [0mPOST /api/users/user/62c2e800353557aac802d479 [32m200[0m 163.850 ms - 490[0m
2022-07-04 12:28:14 info: [0mPOST /api/clients/getClientById [32m201[0m 83.727 ms - 557[0m
2022-07-04 12:28:14 info: [0mGET /api/servicios/obtenerTipoServicios/ [36m304[0m 82.863 ms - -[0m
2022-07-04 12:28:14 info: [0mGET /api/servicios/obtenerSubMateria/ [36m304[0m 80.395 ms - -[0m
2022-07-04 12:28:14 info: [0mGET /api/servicios/obtenerSubMateria/ [36m304[0m 78.374 ms - -[0m
2022-07-04 12:28:14 info: [0mGET /api/servicios/obtenerProcedimientos/ [36m304[0m 81.903 ms - -[0m
2022-07-04 12:28:14 info: [0mGET /api/servicios/obtenerProcedimientos/ [36m304[0m 82.410 ms - -[0m
2022-07-04 12:28:14 info: [0mPOST /api/clients/getClientById [32m201[0m 119.793 ms - 557[0m
2022-07-04 12:28:14 info: [0mGET /api/servicios/obtenerTipoServicios/ [36m304[0m 123.224 ms - -[0m
2022-07-04 12:33:02 info: [0mPOST /api/causas/obtenerCausaPorId [32m201[0m 78.093 ms - -[0m
2022-07-04 12:33:02 info: [0mPOST /api/causas/obtenerCausaPorId [32m201[0m 82.545 ms - -[0m
2022-07-04 12:33:02 info: [0mGET /api/causas/obtenerCausas [32m201[0m 77.171 ms - -[0m
2022-07-04 12:33:02 info: [0mPOST /api/clients/getClientById [32m201[0m 76.808 ms - 557[0m
2022-07-04 12:33:02 info: [0mPOST /api/users/user/62c2e800353557aac802d479 [32m200[0m 146.744 ms - 490[0m
2022-07-04 12:33:02 info: [0mPOST /api/users/user/62c2e800353557aac802d479 [32m200[0m 157.346 ms - 490[0m
2022-07-04 12:33:02 info: [0mGET /api/servicios/obtenerTipoServicios/ [36m304[0m 72.171 ms - -[0m
2022-07-04 12:33:02 info: [0mPOST /api/clients/getClientById [32m201[0m 76.037 ms - 557[0m
2022-07-04 12:33:02 info: [0mGET /api/servicios/obtenerProcedimientos/ [36m304[0m 82.348 ms - -[0m
2022-07-04 12:33:02 info: [0mPOST /api/users/user/62c2e800353557aac802d479 [32m200[0m 157.987 ms - 490[0m
2022-07-04 12:33:02 info: [0mGET /api/servicios/obtenerSubMateria/ [36m304[0m 87.794 ms - -[0m
2022-07-04 12:33:02 info: [0mGET /api/servicios/obtenerProcedimientos/ [36m304[0m 76.516 ms - -[0m
2022-07-04 12:33:02 info: [0mGET /api/servicios/obtenerSubMateria/ [36m304[0m 81.778 ms - -[0m
2022-07-04 12:33:02 info: [0mGET /api/servicios/obtenerTipoServicios/ [36m304[0m 85.173 ms - -[0m
2022-07-04 12:33:02 info: [0mPOST /api/clients/getClientById [32m201[0m 92.348 ms - 557[0m
2022-07-04 12:36:14 info: [0mPOST /api/causas/obtenerCausasPorAbogado [32m201[0m 1.820 ms - 26[0m
2022-07-04 12:36:15 info: [0mPOST /api/causas/obtenerCausaPorId [32m201[0m 75.162 ms - -[0m
2022-07-04 12:36:16 info: [0mPOST /api/causas/obtenerCausaPorId [32m201[0m 74.317 ms - -[0m
2022-07-04 12:36:16 info: [0mPOST /api/causas/obtenerCausaPorId [32m201[0m 79.902 ms - -[0m
2022-07-04 12:36:16 info: [0mPOST /api/causas/obtenerCausaPorId [32m201[0m 82.361 ms - -[0m
2022-07-04 12:36:16 info: [0mPOST /api/causas/obtenerCausaPorId [32m201[0m 78.280 ms - -[0m
2022-07-04 12:36:16 info: [0mPOST /api/clients/getClientById [32m201[0m 77.796 ms - 557[0m
2022-07-04 12:36:16 info: [0mPOST /api/users/user/62c2e800353557aac802d479 [32m200[0m 146.093 ms - 490[0m
2022-07-04 12:36:16 info: [0mGET /api/servicios/obtenerTipoServicios/ [36m304[0m 74.163 ms - -[0m
2022-07-04 12:36:16 info: [0mGET /api/servicios/obtenerProcedimientos/ [36m304[0m 74.611 ms - -[0m
2022-07-04 12:36:16 info: [0mPOST /api/clients/getClientById [32m201[0m 78.992 ms - 557[0m
2022-07-04 12:36:16 info: [0mPOST /api/users/user/62c2e800353557aac802d479 [32m200[0m 149.540 ms - 490[0m
2022-07-04 12:36:16 info: [0mPOST /api/users/user/62c2e800353557aac802d479 [32m200[0m 145.152 ms - 490[0m
2022-07-04 12:36:16 info: [0mPOST /api/clients/getClientById [32m201[0m 78.915 ms - 557[0m
2022-07-04 12:36:16 info: [0mPOST /api/clients/getClientById [32m201[0m 69.578 ms - 557[0m
2022-07-04 12:36:16 info: [0mPOST /api/users/user/62c2e800353557aac802d479 [32m200[0m 147.260 ms - 490[0m
2022-07-04 12:36:16 info: [0mPOST /api/clients/getClientById [32m201[0m 71.908 ms - 557[0m
2022-07-04 12:36:16 info: [0mPOST /api/users/user/62c2e800353557aac802d479 [32m200[0m 150.590 ms - 490[0m
2022-07-04 12:36:16 info: [0mGET /api/servicios/obtenerTipoServicios/ [36m304[0m 76.199 ms - -[0m
2022-07-04 12:36:16 info: [0mGET /api/servicios/obtenerProcedimientos/ [36m304[0m 76.733 ms - -[0m
2022-07-04 12:36:17 info: [0mGET /api/servicios/obtenerProcedimientos/ [36m304[0m 84.678 ms - -[0m
2022-07-04 12:36:17 info: [0mGET /api/servicios/obtenerTipoServicios/ [36m304[0m 84.547 ms - -[0m
2022-07-04 12:36:17 info: [0mGET /api/servicios/obtenerTipoServicios/ [36m304[0m 79.888 ms - -[0m
2022-07-04 12:36:17 info: [0mGET /api/servicios/obtenerProcedimientos/ [36m304[0m 83.345 ms - -[0m
2022-07-04 12:36:18 info: [0mGET /api/servicios/obtenerTipoServicios/ [36m304[0m 74.560 ms - -[0m
2022-07-04 12:36:18 info: [0mGET /api/servicios/obtenerProcedimientos/ [36m304[0m 74.329 ms - -[0m
2022-07-04 12:36:27 info: [0mPOST /api/causas/obtenerCausasPorAbogado [32m201[0m 1.434 ms - 26[0m
2022-07-04 12:36:28 info: [0mPOST /api/causas/obtenerCausaPorId [32m201[0m 77.495 ms - -[0m
2022-07-04 12:36:28 info: [0mPOST /api/causas/obtenerCausaPorId [32m201[0m 74.733 ms - -[0m
2022-07-04 12:36:28 info: [0mPOST /api/causas/obtenerCausaPorId [32m201[0m 78.822 ms - -[0m
2022-07-04 12:36:28 info: [0mPOST /api/causas/obtenerCausaPorId [32m201[0m 78.349 ms - -[0m
2022-07-04 12:36:28 info: [0mPOST /api/causas/obtenerCausaPorId [32m201[0m 88.314 ms - -[0m
2022-07-04 12:36:28 info: [0mPOST /api/clients/getClientById [32m201[0m 76.238 ms - 557[0m
2022-07-04 12:36:28 info: [0mPOST /api/users/user/62c2e800353557aac802d479 [32m200[0m 155.819 ms - 490[0m
2022-07-04 12:36:29 info: [0mGET /api/servicios/obtenerTipoServicios/ [36m304[0m 71.663 ms - -[0m
2022-07-04 12:36:29 info: [0mGET /api/servicios/obtenerProcedimientos/ [36m304[0m 71.912 ms - -[0m
2022-07-04 12:36:29 info: [0mPOST /api/clients/getClientById [32m201[0m 74.934 ms - 557[0m
2022-07-04 12:36:29 info: [0mPOST /api/users/user/62c2e800353557aac802d479 [32m200[0m 148.809 ms - 490[0m
2022-07-04 12:36:29 info: [0mPOST /api/clients/getClientById [32m201[0m 75.896 ms - 557[0m
2022-07-04 12:36:29 info: [0mPOST /api/users/user/62c2e800353557aac802d479 [32m200[0m 153.453 ms - 490[0m
2022-07-04 12:36:29 info: [0mPOST /api/clients/getClientById [32m201[0m 71.954 ms - 557[0m
2022-07-04 12:36:29 info: [0mPOST /api/users/user/62c2e800353557aac802d479 [32m200[0m 140.647 ms - 490[0m
2022-07-04 12:36:29 info: [0mPOST /api/clients/getClientById [32m201[0m 72.090 ms - 557[0m
2022-07-04 12:36:29 info: [0mPOST /api/users/user/62c2e800353557aac802d479 [32m200[0m 161.645 ms - 490[0m
2022-07-04 12:36:29 info: [0mGET /api/servicios/obtenerTipoServicios/ [36m304[0m 71.778 ms - -[0m
2022-07-04 12:36:29 info: [0mGET /api/servicios/obtenerProcedimientos/ [36m304[0m 84.724 ms - -[0m
2022-07-04 12:36:29 info: [0mGET /api/servicios/obtenerTipoServicios/ [36m304[0m 71.241 ms - -[0m
2022-07-04 12:36:30 info: [0mGET /api/servicios/obtenerProcedimientos/ [36m304[0m 73.427 ms - -[0m
2022-07-04 12:36:30 info: [0mGET /api/servicios/obtenerTipoServicios/ [36m304[0m 74.948 ms - -[0m
2022-07-04 12:36:30 info: [0mGET /api/servicios/obtenerProcedimientos/ [36m304[0m 70.565 ms - -[0m
2022-07-04 12:36:30 info: [0mGET /api/servicios/obtenerTipoServicios/ [36m304[0m 75.011 ms - -[0m
2022-07-04 12:36:30 info: [0mGET /api/servicios/obtenerProcedimientos/ [36m304[0m 77.124 ms - -[0m
2022-07-04 12:36:36 info: [0mGET /api/causas/obtenerCausas [32m201[0m 84.960 ms - -[0m
2022-07-04 12:36:37 info: [0mGET /api/causas/obtenerCausas [32m201[0m 76.402 ms - -[0m
2022-07-04 12:36:37 info: [0mPOST /api/clients/getClientById [32m201[0m 89.418 ms - 557[0m
2022-07-04 12:36:37 info: [0mPOST /api/clients/getClientById [32m201[0m 88.779 ms - 557[0m
2022-07-04 12:36:37 info: [0mPOST /api/users/user/62c2e800353557aac802d479 [32m200[0m 155.045 ms - 490[0m
2022-07-04 12:36:37 info: [0mPOST /api/users/user/62c2e800353557aac802d479 [32m200[0m 147.686 ms - 490[0m
2022-07-04 12:36:38 info: [0mPOST /api/causas/obtenerCausaPorId [32m201[0m 93.355 ms - -[0m
2022-07-04 12:36:38 info: [0mPOST /api/causas/obtenerCausaPorId [32m201[0m 75.086 ms - -[0m
2022-07-04 12:36:38 info: [0mPOST /api/causas/obtenerCausaPorId [32m201[0m 72.552 ms - -[0m
2022-07-04 12:36:38 info: [0mPOST /api/causas/obtenerCausaPorId [32m201[0m 77.636 ms - -[0m
2022-07-04 12:36:38 info: [0mPOST /api/causas/obtenerCausaPorId [32m201[0m 79.706 ms - -[0m
2022-07-04 12:36:38 info: [0mPOST /api/causas/obtenerCausaPorId [32m201[0m 81.760 ms - -[0m
2022-07-04 12:36:38 info: [0mPOST /api/causas/obtenerCausaPorId [32m201[0m 75.914 ms - -[0m
2022-07-04 12:36:38 info: [0mPOST /api/causas/obtenerCausaPorId [32m201[0m 71.969 ms - -[0m
2022-07-04 12:36:38 info: [0mPOST /api/causas/obtenerCausaPorId [32m201[0m 76.850 ms - -[0m
2022-07-04 12:36:38 info: [0mPOST /api/clients/getClientById [32m201[0m 74.282 ms - 557[0m
2022-07-04 12:36:38 info: [0mPOST /api/causas/obtenerCausaPorId [32m201[0m 78.369 ms - -[0m
2022-07-04 12:36:38 info: [0mPOST /api/users/user/62c2e800353557aac802d479 [32m200[0m 146.860 ms - 490[0m
2022-07-04 12:36:38 info: [0mGET /api/servicios/obtenerProcedimientos/ [36m304[0m 76.778 ms - -[0m
2022-07-04 12:36:39 info: [0mGET /api/servicios/obtenerTipoServicios/ [36m304[0m 85.755 ms - -[0m
2022-07-04 12:36:39 info: [0mPOST /api/clients/getClientById [32m201[0m 78.031 ms - 557[0m
2022-07-04 12:36:39 info: [0mPOST /api/clients/getClientById [32m201[0m 77.503 ms - 557[0m
2022-07-04 12:36:39 info: [0mPOST /api/users/user/62c2e800353557aac802d479 [32m200[0m 147.141 ms - 490[0m
2022-07-04 12:36:39 info: [0mPOST /api/users/user/62c2e800353557aac802d479 [32m200[0m 159.149 ms - 490[0m
2022-07-04 12:36:39 info: [0mPOST /api/users/user/62c2e800353557aac802d479 [32m200[0m 143.413 ms - 490[0m
2022-07-04 12:36:39 info: [0mPOST /api/clients/getClientById [32m201[0m 79.061 ms - 557[0m
2022-07-04 12:36:39 info: [0mPOST /api/clients/getClientById [32m201[0m 71.025 ms - 557[0m
2022-07-04 12:36:39 info: [0mPOST /api/users/user/62c2e800353557aac802d479 [32m200[0m 144.128 ms - 490[0m
2022-07-04 12:36:39 info: [0mPOST /api/clients/getClientById [32m201[0m 75.589 ms - 557[0m
2022-07-04 12:36:39 info: [0mPOST /api/users/user/62c2e800353557aac802d479 [32m200[0m 139.534 ms - 490[0m
2022-07-04 12:36:39 info: [0mPOST /api/users/user/62c2e800353557aac802d479 [32m200[0m 150.779 ms - 490[0m
2022-07-04 12:36:40 info: [0mPOST /api/clients/getClientById [32m201[0m 72.761 ms - 557[0m
2022-07-04 12:36:40 info: [0mPOST /api/clients/getClientById [32m201[0m 74.696 ms - 557[0m
2022-07-04 12:36:40 info: [0mPOST /api/users/user/62c2e800353557aac802d479 [32m200[0m 137.829 ms - 490[0m
2022-07-04 12:36:40 info: [0mPOST /api/clients/getClientById [32m201[0m 75.084 ms - 557[0m
2022-07-04 12:36:40 info: [0mPOST /api/users/user/62c2e800353557aac802d479 [32m200[0m 142.579 ms - 490[0m
2022-07-04 12:36:40 info: [0mGET /api/servicios/obtenerProcedimientos/ [36m304[0m 70.739 ms - -[0m
2022-07-04 12:36:40 info: [0mPOST /api/users/user/62c2e800353557aac802d479 [32m200[0m 143.737 ms - 490[0m
2022-07-04 12:36:40 info: [0mPOST /api/clients/getClientById [32m201[0m 90.046 ms - 557[0m
2022-07-04 12:36:40 info: [0mGET /api/servicios/obtenerSubMateria/ [36m304[0m 71.115 ms - -[0m
2022-07-04 12:36:40 info: [0mGET /api/servicios/obtenerTipoServicios/ [36m304[0m 71.534 ms - -[0m
2022-07-04 12:36:40 info: [0mGET /api/servicios/obtenerProcedimientos/ [36m304[0m 78.832 ms - -[0m
2022-07-04 12:36:40 info: [0mGET /api/servicios/obtenerTipoServicios/ [36m304[0m 72.093 ms - -[0m
2022-07-04 12:36:40 info: [0mGET /api/servicios/obtenerProcedimientos/ [36m304[0m 69.649 ms - -[0m
2022-07-04 12:36:41 info: [0mGET /api/servicios/obtenerTipoServicios/ [36m304[0m 75.781 ms - -[0m
2022-07-04 12:36:41 info: [0mGET /api/servicios/obtenerProcedimientos/ [36m304[0m 70.987 ms - -[0m
2022-07-04 12:36:41 info: [0mGET /api/servicios/obtenerTipoServicios/ [36m304[0m 74.187 ms - -[0m
2022-07-04 12:36:41 info: [0mGET /api/servicios/obtenerProcedimientos/ [36m304[0m 76.888 ms - -[0m
2022-07-04 12:36:42 info: [0mGET /api/servicios/obtenerTipoServicios/ [36m304[0m 73.035 ms - -[0m
2022-07-04 12:36:42 info: [0mGET /api/servicios/obtenerProcedimientos/ [36m304[0m 74.111 ms - -[0m
2022-07-04 12:36:42 info: [0mGET /api/servicios/obtenerTipoServicios/ [36m304[0m 77.055 ms - -[0m
2022-07-04 12:36:42 info: [0mGET /api/servicios/obtenerProcedimientos/ [36m304[0m 77.379 ms - -[0m
2022-07-04 12:36:42 info: [0mGET /api/servicios/obtenerTipoServicios/ [36m304[0m 75.343 ms - -[0m
2022-07-04 12:36:42 info: [0mGET /api/servicios/obtenerProcedimientos/ [36m304[0m 76.521 ms - -[0m
2022-07-04 12:36:43 info: [0mGET /api/servicios/obtenerTipoServicios/ [36m304[0m 73.288 ms - -[0m
2022-07-04 12:36:43 info: [0mGET /api/servicios/obtenerProcedimientos/ [36m304[0m 71.844 ms - -[0m
2022-07-04 12:36:43 info: [0mGET /api/servicios/obtenerTipoServicios/ [36m304[0m 75.172 ms - -[0m
2022-07-04 12:42:14 info: =================================
2022-07-04 12:42:14 info: ======= ENV: development =======
2022-07-04 12:42:14 info: 🚀 App listening on the port 5101
2022-07-04 12:42:14 info: =================================
