2023-08-10 12:35:05 info: =================================
2023-08-10 12:35:05 info: ======= ENV: development =======
2023-08-10 12:35:05 info: 🚀 App listening on the port 5211
2023-08-10 12:35:05 info: =================================
2023-08-10 12:38:01 info: [0mPOST /api/login [32m200[0m 367.833 ms - -[0m
2023-08-10 12:38:07 info: [0mPOST /api/ia/delete_pdf [32m200[0m 581.404 ms - 77[0m
2023-08-10 12:38:11 info: [0mPOST /api/ia/delete_pdf [32m200[0m 572.241 ms - 92[0m
2023-08-10 12:38:14 info: [0mPOST /api/ia/delete_pdf [33m400[0m 606.436 ms - 49[0m
2023-08-10 12:41:43 info: =================================
2023-08-10 12:41:43 info: ======= ENV: development =======
2023-08-10 12:41:43 info: 🚀 App listening on the port 5211
2023-08-10 12:41:43 info: =================================
2023-08-10 12:42:08 info: [0mPOST /api/ia/upload_pdf [33m400[0m 980.075 ms - 2[0m
2023-08-10 12:42:44 info: =================================
2023-08-10 12:42:44 info: ======= ENV: development =======
2023-08-10 12:42:44 info: 🚀 App listening on the port 5211
2023-08-10 12:42:44 info: =================================
2023-08-10 12:43:24 info: [0mPOST /api/ia/upload_pdf [33m400[0m 782.711 ms - 2[0m
2023-08-10 12:50:28 info: [0mPOST /api/ia/upload_pdf [33m400[0m 1675.788 ms - 2[0m
2023-08-10 12:51:03 info: =================================
2023-08-10 12:51:03 info: ======= ENV: development =======
2023-08-10 12:51:03 info: 🚀 App listening on the port 5211
2023-08-10 12:51:03 info: =================================
2023-08-10 12:51:31 info: [0mPOST /api/ia/upload_pdf [33m400[0m 1044.607 ms - 2[0m
2023-08-10 12:52:40 info: =================================
2023-08-10 12:52:40 info: ======= ENV: development =======
2023-08-10 12:52:40 info: 🚀 App listening on the port 5211
2023-08-10 12:52:40 info: =================================
2023-08-10 12:53:39 info: [0mPOST /api/ia/upload_pdf [32m200[0m 2866.584 ms - 96[0m
2023-08-10 13:04:32 info: [0mPOST /api/ia/upload_pdf [32m200[0m 10023.461 ms - 67[0m
2023-08-10 13:04:54 info: [0mPOST /api/ia/chat [32m200[0m 2990.917 ms - -[0m
2023-08-10 13:05:24 info: [0mPOST /api/ia/chat [32m200[0m 3699.612 ms - -[0m
2023-08-10 13:08:42 info: [0mPOST /api/ia/chat [32m200[0m 2795.724 ms - -[0m
2023-08-10 13:08:57 info: [0mPOST /api/ia/delete_pdf [32m200[0m 583.954 ms - 92[0m
2023-08-10 13:09:00 info: [0mPOST /api/ia/delete_pdf [32m200[0m 565.516 ms - 63[0m
2023-08-10 13:09:57 info: [0mPOST /api/ia/upload_pdf [32m200[0m 11959.961 ms - 67[0m
2023-08-10 13:13:08 info: [0mPOST /api/ia/chat [32m200[0m 60973.587 ms - -[0m
2023-08-10 13:19:24 info: =================================
2023-08-10 13:19:24 info: ======= ENV: development =======
2023-08-10 13:19:24 info: 🚀 App listening on the port 5211
2023-08-10 13:19:24 info: =================================
2023-08-10 13:19:40 info: [0mPOST /api/login [32m200[0m 401.987 ms - -[0m
2023-08-10 13:20:06 info: [0mPOST /api/ia/upload_pdf [32m200[0m 13414.101 ms - 66[0m
2023-08-10 13:20:22 info: [0mPOST /api/ia/chat [32m200[0m 1464.589 ms - -[0m
2023-08-10 13:21:16 info: [0mPOST /api/ia/upload_pdf [32m200[0m 12358.361 ms - 81[0m
2023-08-10 13:42:42 info: =================================
2023-08-10 13:42:42 info: ======= ENV: development =======
2023-08-10 13:42:42 info: 🚀 App listening on the port 5211
2023-08-10 13:42:42 info: =================================
2023-08-10 14:41:43 info: =================================
2023-08-10 14:41:43 info: ======= ENV: development =======
2023-08-10 14:41:43 info: 🚀 App listening on the port 5211
2023-08-10 14:41:43 info: =================================
2023-08-10 14:42:37 info: [0mPOST /api/login [32m200[0m 366.862 ms - -[0m
2023-08-10 14:42:56 info: [0mPOST /api/ia/chat [33m400[0m 602.819 ms - 49[0m
2023-08-10 14:43:01 info: [0mPOST /api/ia/delete_pdf [32m200[0m 577.782 ms - 63[0m
2023-08-10 14:43:35 info: [0mPOST /api/ia/upload_pdf [32m200[0m 15401.277 ms - 67[0m
2023-08-10 14:44:04 info: [0mPOST /api/ia/chat [32m200[0m 2968.369 ms - -[0m
2023-08-10 14:44:23 info: [0mPOST /api/ia/upload_pdf [32m200[0m 10872.388 ms - 66[0m
2023-08-10 14:44:42 info: [0mPOST /api/ia/chat [32m200[0m 2669.103 ms - -[0m
2023-08-10 14:51:01 info: [0mPOST /api/ia/delete_pdf [32m200[0m 576.554 ms - 62[0m
2023-08-10 14:51:04 info: [0mPOST /api/ia/delete_pdf [32m200[0m 580.852 ms - 63[0m
2023-08-10 14:51:23 info: [0mPOST /api/ia/upload_pdf [32m200[0m 10463.141 ms - 66[0m
2023-08-10 14:51:39 info: [0mPOST /api/ia/chat [32m200[0m 1631.023 ms - -[0m
2023-08-10 14:51:59 info: [0mPOST /api/ia/upload_pdf [32m200[0m 11771.586 ms - 67[0m
2023-08-10 14:52:12 info: [0mPOST /api/ia/chat [32m200[0m 1420.023 ms - -[0m
2023-08-10 14:54:55 info: [0mPOST /api/ia/delete_pdf [32m200[0m 574.432 ms - 63[0m
2023-08-10 14:54:58 info: [0mPOST /api/ia/delete_pdf [32m200[0m 575.724 ms - 62[0m
2023-08-10 14:55:31 info: [0mPOST /api/ia/upload_pdf [32m200[0m 9777.568 ms - 66[0m
2023-08-10 14:55:55 info: [0mPOST /api/ia/chat [32m200[0m 1878.755 ms - -[0m
2023-08-10 14:57:04 info: [0mPOST /api/ia/delete_pdf [32m200[0m 586.230 ms - 62[0m
2023-08-10 14:57:25 info: [0mPOST /api/ia/upload_pdf [32m200[0m 11402.702 ms - 67[0m
2023-08-10 14:59:53 info: [0mPOST /api/ia/delete_pdf [32m200[0m 579.328 ms - 63[0m
2023-08-10 15:00:40 info: [0mPOST /api/ia/upload_pdf [32m200[0m 12000.907 ms - 67[0m
2023-08-10 15:02:33 info: [0mPOST /api/ia/delete_pdf [32m200[0m 569.766 ms - 63[0m
2023-08-10 15:06:35 info: =================================
2023-08-10 15:06:35 info: ======= ENV: development =======
2023-08-10 15:06:35 info: 🚀 App listening on the port 5211
2023-08-10 15:06:35 info: =================================
2023-08-10 15:07:40 info: [0mPOST /api/ia/upload_pdf [32m200[0m 11218.391 ms - 67[0m
2023-08-10 15:10:15 info: [0mPOST /api/ia/delete_pdf [32m200[0m 606.175 ms - 63[0m
2023-08-10 15:10:31 info: [0mPOST /api/ia/upload_pdf [32m200[0m 10025.811 ms - 66[0m
2023-08-10 15:11:26 info: [0mPOST /api/ia/delete_pdf [32m200[0m 577.420 ms - 62[0m
2023-08-10 15:12:08 info: [0mPOST /api/ia/upload_pdf [32m200[0m 11583.988 ms - 67[0m
2023-08-10 15:12:56 info: [0mPOST /api/ia/delete_pdf [32m200[0m 591.234 ms - 63[0m
2023-08-10 15:13:20 info: [0mPOST /api/ia/upload_pdf [32m200[0m 9003.094 ms - 81[0m
2023-08-10 15:14:27 info: [0mPOST /api/ia/delete_pdf [32m200[0m 570.446 ms - 77[0m
2023-08-10 15:16:43 info: [0mPOST /api/ia/upload_pdf [32m200[0m 11015.666 ms - 67[0m
2023-08-10 15:20:39 info: [0mPOST /api/ia/delete_pdf [32m200[0m 575.447 ms - 63[0m
2023-08-10 15:25:56 info: [0mPOST /api/ia/upload_pdf [0m-[0m - ms - -[0m
2023-08-10 15:26:21 info: [0mPOST /api/ia/upload_pdf [32m200[0m 11974.466 ms - 67[0m
2023-08-10 15:31:07 info: [0mPOST /api/ia/delete_pdf [32m200[0m 589.350 ms - 63[0m
2023-08-10 15:31:23 info: [0mPOST /api/ia/upload_pdf [32m200[0m 8834.228 ms - 81[0m
2023-08-10 15:31:38 info: [0mPOST /api/ia/chat [32m200[0m 2348.899 ms - -[0m
2023-08-10 15:34:38 info: [0mPOST /api/ia/delete_pdf [32m200[0m 579.296 ms - 77[0m
2023-08-10 15:34:58 info: [0mPOST /api/ia/upload_pdf [32m200[0m 10983.809 ms - 67[0m
2023-08-10 15:35:11 info: [0mPOST /api/ia/chat [32m200[0m 2452.365 ms - -[0m
2023-08-10 15:35:30 info: [0mPOST /api/ia/upload_pdf [32m200[0m 10409.568 ms - 66[0m
2023-08-10 15:36:00 info: [0mPOST /api/ia/chat [32m200[0m 1779.286 ms - -[0m
2023-08-10 15:50:24 info: =================================
2023-08-10 15:50:24 info: ======= ENV: development =======
2023-08-10 15:50:24 info: 🚀 App listening on the port 5211
2023-08-10 15:50:24 info: =================================
2023-08-10 16:03:21 info: =================================
2023-08-10 16:03:21 info: ======= ENV: development =======
2023-08-10 16:03:21 info: 🚀 App listening on the port 5211
2023-08-10 16:03:21 info: =================================
2023-08-10 16:06:01 info: [0mPOST /api/ia/upload_pdf [32m200[0m 9036.544 ms - 81[0m
2023-08-10 16:06:15 info: [0mPOST /api/ia/chat [32m200[0m 3516.767 ms - -[0m
