2023-08-03 13:26:25 info: =================================
2023-08-03 13:26:25 info: ======= ENV: production =======
2023-08-03 13:26:25 info: 🚀 App listening on the port 5210
2023-08-03 13:26:25 info: =================================
2023-08-03 13:37:26 info: =================================
2023-08-03 13:37:26 info: ======= ENV: development =======
2023-08-03 13:37:26 info: 🚀 App listening on the port 5211
2023-08-03 13:37:26 info: =================================
2023-08-03 13:56:52 info: =================================
2023-08-03 13:56:52 info: ======= ENV: production =======
2023-08-03 13:56:52 info: 🚀 App listening on the port 5210
2023-08-03 13:56:52 info: =================================
2023-08-03 13:57:35 info: =================================
2023-08-03 13:57:35 info: ======= ENV: production =======
2023-08-03 13:57:35 info: 🚀 App listening on the port 5210
2023-08-03 13:57:35 info: =================================
2023-08-03 14:25:01 info: =================================
2023-08-03 14:25:01 info: ======= ENV: production =======
2023-08-03 14:25:01 info: 🚀 App listening on the port 5210
2023-08-03 14:25:01 info: =================================
2023-08-03 19:35:57 error: [POST] /api/login >> StatusCode:: 409, Message:: Wrong password
