2023-06-28 06:47:11 info: =================================
2023-06-28 06:47:11 info: ======= ENV: development =======
2023-06-28 06:47:11 info: 🚀 App listening on the port 5210
2023-06-28 06:47:11 info: =================================
2023-06-28 07:40:47 info: =================================
2023-06-28 07:40:47 info: ======= ENV: development =======
2023-06-28 07:40:47 info: 🚀 App listening on the port 5210
2023-06-28 07:40:47 info: =================================
2023-06-28 08:11:36 error: [POST] /api/forgot-password >> StatusCode:: 500, Message:: Operation `users.findOneAndUpdate()` buffering timed out after 10000ms
2023-06-28 08:11:36 info: [0mPOST /api/forgot-password [31m500[0m 10168.592 ms - 84[0m
2023-06-28 08:12:29 info: =================================
2023-06-28 08:12:29 info: ======= ENV: development =======
2023-06-28 08:12:29 info: 🚀 App listening on the port 5210
2023-06-28 08:12:29 info: =================================
2023-06-28 08:13:28 error: [POST] /api/forgot-password >> StatusCode:: 500, Message:: Operation `users.findOneAndUpdate()` buffering timed out after 10000ms
2023-06-28 08:13:28 info: [0mPOST /api/forgot-password [31m500[0m 10044.376 ms - 84[0m
2023-06-28 08:14:33 info: =================================
2023-06-28 08:14:33 info: ======= ENV: development =======
2023-06-28 08:14:33 info: 🚀 App listening on the port 5210
2023-06-28 08:14:33 info: =================================
2023-06-28 08:16:05 error: [POST] /api/forgot-password >> StatusCode:: 500, Message:: Operation `users.findOneAndUpdate()` buffering timed out after 10000ms
2023-06-28 08:16:05 info: [0mPOST /api/forgot-password [31m500[0m 10039.368 ms - 84[0m
2023-06-28 08:19:35 error: [POST] /api/forgot-password >> StatusCode:: 500, Message:: Operation `users.findOneAndUpdate()` buffering timed out after 10000ms
2023-06-28 08:19:35 info: [0mPOST /api/forgot-password [31m500[0m 10010.876 ms - 84[0m
2023-06-28 08:26:50 error: [POST] /api/forgot-password >> StatusCode:: 500, Message:: Operation `users.findOneAndUpdate()` buffering timed out after 10000ms
2023-06-28 08:26:50 info: [0mPOST /api/forgot-password [31m500[0m 10004.335 ms - 84[0m
2023-06-28 08:45:46 info: =================================
2023-06-28 08:45:46 info: ======= ENV: development =======
2023-06-28 08:45:46 info: 🚀 App listening on the port 5210
2023-06-28 08:45:46 info: =================================
2023-06-28 08:46:01 error: Se requieren credenciales SMTP
2023-06-28 08:46:01 info: [0mPOST /api/forgot-password [32m200[0m 138.853 ms - 446[0m
2023-06-28 08:52:57 info: =================================
2023-06-28 08:52:57 info: ======= ENV: development =======
2023-06-28 08:52:57 info: 🚀 App listening on the port 5210
2023-06-28 08:52:57 info: =================================
2023-06-28 08:58:50 info: =================================
2023-06-28 08:58:50 info: ======= ENV: development =======
2023-06-28 08:58:50 info: 🚀 App listening on the port 5210
2023-06-28 08:58:50 info: =================================
2023-06-28 08:58:59 error: Invalid login: 535-5.7.8 Username and Password not accepted. Learn more at
535 5.7.8  https://support.google.com/mail/?p=BadCredentials u42-20020a056808152a00b003a1ed49074fsm2351652oiw.8 - gsmtp
2023-06-28 08:58:59 info: [0mPOST /api/forgot-password [32m200[0m 1063.456 ms - 446[0m
2023-06-28 08:59:03 info: =================================
2023-06-28 08:59:03 info: ======= ENV: development =======
2023-06-28 08:59:03 info: 🚀 App listening on the port 5210
2023-06-28 08:59:03 info: =================================
2023-06-28 08:59:10 error: Invalid login: 535-5.7.8 Username and Password not accepted. Learn more at
535 5.7.8  https://support.google.com/mail/?p=BadCredentials q17-20020a05687101d100b001a6ad211bf3sm6486023oad.1 - gsmtp
2023-06-28 08:59:10 info: [0mPOST /api/forgot-password [32m200[0m 722.137 ms - 446[0m
2023-06-28 08:59:13 info: =================================
2023-06-28 08:59:13 info: ======= ENV: development =======
2023-06-28 08:59:13 info: 🚀 App listening on the port 5210
2023-06-28 08:59:13 info: =================================
2023-06-28 09:07:18 info: =================================
2023-06-28 09:07:18 info: ======= ENV: development =======
2023-06-28 09:07:18 info: 🚀 App listening on the port 5210
2023-06-28 09:07:18 info: =================================
2023-06-28 09:07:23 error: Invalid login: 535-5.7.8 Username and Password not accepted. Learn more at
535 5.7.8  https://support.google.com/mail/?p=BadCredentials e8-20020a92de48000000b00345c9490997sm85807ilr.11 - gsmtp
2023-06-28 09:07:23 info: [0mPOST /api/forgot-password [32m200[0m 1952.927 ms - 446[0m
2023-06-28 09:07:26 info: =================================
2023-06-28 09:07:26 info: ======= ENV: development =======
2023-06-28 09:07:26 info: 🚀 App listening on the port 5210
2023-06-28 09:07:26 info: =================================
2023-06-28 09:07:56 error: Invalid login: 535-5.7.8 Username and Password not accepted. Learn more at
535 5.7.8  https://support.google.com/mail/?p=BadCredentials i3-20020a819103000000b005732aab4a19sm808041ywg.1 - gsmtp
2023-06-28 09:07:56 info: [0mPOST /api/forgot-password [32m200[0m 1774.536 ms - 446[0m
2023-06-28 09:07:59 info: =================================
2023-06-28 09:07:59 info: ======= ENV: development =======
2023-06-28 09:07:59 info: 🚀 App listening on the port 5210
2023-06-28 09:07:59 info: =================================
2023-06-28 09:17:10 info: =================================
2023-06-28 09:17:10 info: ======= ENV: development =======
2023-06-28 09:17:10 info: 🚀 App listening on the port 5210
2023-06-28 09:17:10 info: =================================
2023-06-28 09:17:17 error: Invalid login: 535-5.7.8 Username and Password not accepted. Learn more at
535 5.7.8  https://support.google.com/mail/?p=BadCredentials cg4-20020a0566381bc400b0042ad1c2f3fasm270538jab.24 - gsmtp
2023-06-28 09:17:17 info: [0mPOST /api/forgot-password [32m200[0m 1924.671 ms - 446[0m
2023-06-28 09:17:20 info: =================================
2023-06-28 09:17:20 info: ======= ENV: development =======
2023-06-28 09:17:20 info: 🚀 App listening on the port 5210
2023-06-28 09:17:20 info: =================================
2023-06-28 09:20:11 info: =================================
2023-06-28 09:20:11 info: ======= ENV: development =======
2023-06-28 09:20:11 info: 🚀 App listening on the port 5210
2023-06-28 09:20:11 info: =================================
2023-06-28 09:20:17 error: Invalid login: 535 Incorrect authentication data
2023-06-28 09:20:17 info: [0mPOST /api/forgot-password [32m200[0m 1853.223 ms - 446[0m
2023-06-28 09:20:21 info: =================================
2023-06-28 09:20:21 info: ======= ENV: development =======
2023-06-28 09:20:21 info: 🚀 App listening on the port 5210
2023-06-28 09:20:21 info: =================================
2023-06-28 09:23:28 error: Invalid login: 535 Incorrect authentication data
2023-06-28 09:23:28 info: [0mPOST /api/forgot-password [32m200[0m 1877.233 ms - 446[0m
2023-06-28 09:25:11 info: =================================
2023-06-28 09:25:11 info: ======= ENV: development =======
2023-06-28 09:25:11 info: 🚀 App listening on the port 5210
2023-06-28 09:25:11 info: =================================
2023-06-28 09:25:59 error: Invalid login: 535 Incorrect authentication data
2023-06-28 09:25:59 info: [0mPOST /api/forgot-password [32m200[0m 1522.474 ms - 446[0m
2023-06-28 09:28:11 info: =================================
2023-06-28 09:28:11 info: ======= ENV: development =======
2023-06-28 09:28:11 info: 🚀 App listening on the port 5210
2023-06-28 09:28:11 info: =================================
2023-06-28 09:28:15 error: Hostname/IP does not match certificate's altnames: Host: mail.tesso.cl. is not in the cert's altnames: DNS:*.sitiodns.net, DNS:sitiodns.net
2023-06-28 09:28:15 info: [0mPOST /api/forgot-password [32m200[0m 340.955 ms - 446[0m
2023-06-28 09:28:18 info: =================================
2023-06-28 09:28:18 info: ======= ENV: development =======
2023-06-28 09:28:18 info: 🚀 App listening on the port 5210
2023-06-28 09:28:18 info: =================================
2023-06-28 09:28:54 info: =================================
2023-06-28 09:28:54 info: ======= ENV: development =======
2023-06-28 09:28:54 info: 🚀 App listening on the port 5210
2023-06-28 09:28:54 info: =================================
2023-06-28 09:29:02 error: Invalid login: 535 Incorrect authentication data
2023-06-28 09:29:02 info: [0mPOST /api/forgot-password [32m200[0m 2248.476 ms - 446[0m
2023-06-28 09:30:24 info: =================================
2023-06-28 09:30:24 info: ======= ENV: development =======
2023-06-28 09:30:24 info: 🚀 App listening on the port 5210
2023-06-28 09:30:24 info: =================================
2023-06-28 09:30:33 error: ENOENT: no such file or directory, open 'C:\Users\gorel\Documents\Kauel_USA\imKchat\app\client\public\images\logo.png'
2023-06-28 09:30:33 info: [0mPOST /api/forgot-password [32m200[0m 349.994 ms - 446[0m
2023-06-28 09:30:37 info: =================================
2023-06-28 09:30:37 info: ======= ENV: development =======
2023-06-28 09:30:37 info: 🚀 App listening on the port 5210
2023-06-28 09:30:37 info: =================================
2023-06-28 09:32:15 info: =================================
2023-06-28 09:32:15 info: ======= ENV: development =======
2023-06-28 09:32:15 info: 🚀 App listening on the port 5210
2023-06-28 09:32:15 info: =================================
2023-06-28 09:32:24 info: [0mPOST /api/forgot-password [32m200[0m 5399.432 ms - 446[0m
2023-06-28 09:35:15 info: [0mPOST /api/forgot-password [32m200[0m 5675.858 ms - 446[0m
2023-06-28 10:10:10 error: [POST] /api/forgot-password >> StatusCode:: 409, Message:: Email a@a.cl not found
2023-06-28 10:10:10 info: [0mPOST /api/forgot-password [33m409[0m 86.179 ms - 36[0m
2023-06-28 10:11:36 info: =================================
2023-06-28 10:11:36 info: ======= ENV: development =======
2023-06-28 10:11:36 info: 🚀 App listening on the port 5210
2023-06-28 10:11:36 info: =================================
2023-06-28 10:11:42 error: [POST] /api/forgot-password >> StatusCode:: 409, Message:: Email a@a.cl not found
2023-06-28 10:11:42 info: [0mPOST /api/forgot-password [33m409[0m 111.834 ms - 36[0m
2023-06-28 10:12:23 error: [POST] /api/forgot-password >> StatusCode:: 409, Message:: Email a@a.cl not found
2023-06-28 10:12:23 info: [0mPOST /api/forgot-password [33m409[0m 81.491 ms - 36[0m
2023-06-28 10:13:11 error: [POST] /api/forgot-password >> StatusCode:: 409, Message:: Email a@a.cl not found
2023-06-28 10:13:11 info: [0mPOST /api/forgot-password [33m409[0m 74.123 ms - 36[0m
2023-06-28 10:13:58 error: [POST] /api/forgot-password >> StatusCode:: 409, Message:: Email a@a.cl not found
2023-06-28 10:13:58 info: [0mPOST /api/forgot-password [33m409[0m 79.965 ms - 36[0m
2023-06-28 11:16:10 info: =================================
2023-06-28 11:16:10 info: ======= ENV: development =======
2023-06-28 11:16:10 info: 🚀 App listening on the port 5210
2023-06-28 11:16:10 info: =================================
2023-06-28 11:16:31 info: [0mPOST /api/forgot-password [32m200[0m 5246.654 ms - 446[0m
2023-06-28 11:16:40 info: [0mGET /login/eyJhbGciOiJIUzI1NiIsInR5cCI6IkpXVCJ9.eyJfaWQiOiI2NDliM2M3MTNmZjY4NjUyYWI3MzFmMTMiLCJpYXQiOjE2ODc5NjUzODUsImV4cCI6MTY4Nzk2ODk4NX0.r0OrRsngLwwrjVelypMdXHnIllDiKRvoTYZsT7y0hNw [32m200[0m 26.283 ms - 870[0m
2023-06-28 11:16:40 info: [0mGET /static/css/main.b204abfd.css [32m200[0m 47.563 ms - -[0m
2023-06-28 11:16:40 info: [0mGET /static/js/main.1d078e7b.js [32m200[0m 57.540 ms - -[0m
2023-06-28 11:16:40 info: [0mGET /static/js/22.8f58bd97.chunk.js [32m200[0m 24.499 ms - -[0m
2023-06-28 11:16:40 info: [0mGET /assets/images/Imkchat_logo.svg [32m200[0m 27.890 ms - -[0m
2023-06-28 11:16:40 info: [0mGET /manifest.json [32m200[0m 16.926 ms - 438[0m
2023-06-28 11:16:40 info: [0mGET /assets/icon/logo-k.svg [32m200[0m 18.110 ms - -[0m
2023-06-28 11:16:40 info: [0mGET /static/js/344.af5e8bf1.chunk.js [32m200[0m 24.415 ms - -[0m
2023-06-28 11:16:40 info: [0mGET /static/js/225.ccf05236.chunk.js [32m200[0m 18.999 ms - -[0m
2023-06-28 11:16:40 info: [0mGET /static/js/886.a64e7c71.chunk.js [32m200[0m 22.383 ms - -[0m
2023-06-28 11:17:16 info: [0mGET / [32m200[0m 1.773 ms - 870[0m
2023-06-28 11:17:16 info: [0mGET /static/js/main.1d078e7b.js [36m304[0m 1.754 ms - -[0m
2023-06-28 11:17:16 info: [0mGET /static/css/main.b204abfd.css [36m304[0m 1.342 ms - -[0m
2023-06-28 11:17:16 info: [0mGET /assets/images/Imkchat_logo.svg [36m304[0m 1.123 ms - -[0m
2023-06-28 11:17:16 info: [0mGET /static/js/22.8f58bd97.chunk.js [36m304[0m 1.044 ms - -[0m
2023-06-28 11:17:16 info: [0mGET /manifest.json [36m304[0m 4.379 ms - -[0m
2023-06-28 11:17:16 info: [0mGET /static/js/344.af5e8bf1.chunk.js [36m304[0m 4.405 ms - -[0m
2023-06-28 11:17:16 info: [0mGET /static/js/886.a64e7c71.chunk.js [36m304[0m 3.162 ms - -[0m
2023-06-28 11:17:16 info: [0mGET /static/js/225.ccf05236.chunk.js [36m304[0m 3.591 ms - -[0m
2023-06-28 11:17:16 info: [0mGET /static/media/OpenSans-Regular.9a6cfa5890d7f3eef585.ttf [32m200[0m 25.685 ms - -[0m
2023-06-28 11:17:31 info: [0mGET /login [32m200[0m 3.323 ms - 870[0m
2023-06-28 11:17:31 info: [0mGET /static/js/main.1d078e7b.js [36m304[0m 2.731 ms - -[0m
2023-06-28 11:17:31 info: [0mGET /static/css/main.b204abfd.css [36m304[0m 2.075 ms - -[0m
2023-06-28 11:17:31 info: [0mGET /assets/images/Imkchat_logo.svg [36m304[0m 1.299 ms - -[0m
2023-06-28 11:17:31 info: [0mGET /static/js/22.8f58bd97.chunk.js [36m304[0m 0.834 ms - -[0m
2023-06-28 11:17:31 info: [0mGET /manifest.json [36m304[0m 2.745 ms - -[0m
2023-06-28 11:17:31 info: [0mGET /assets/icon/logo-k.svg [36m304[0m 2.701 ms - -[0m
2023-06-28 11:17:31 info: [0mGET /static/js/344.af5e8bf1.chunk.js [36m304[0m 4.488 ms - -[0m
2023-06-28 11:17:31 info: [0mGET /static/js/886.a64e7c71.chunk.js [36m304[0m 4.828 ms - -[0m
2023-06-28 11:17:31 info: [0mGET /static/js/225.ccf05236.chunk.js [36m304[0m 5.033 ms - -[0m
2023-06-28 11:17:38 info: [0mGET /login/lkncdlkenclekwdc [32m200[0m 2.476 ms - 870[0m
2023-06-28 11:17:38 info: [0mGET /static/js/main.1d078e7b.js [36m304[0m 1.749 ms - -[0m
2023-06-28 11:17:38 info: [0mGET /static/css/main.b204abfd.css [36m304[0m 0.972 ms - -[0m
2023-06-28 11:17:38 info: [0mGET /assets/images/Imkchat_logo.svg [36m304[0m 0.991 ms - -[0m
2023-06-28 11:17:38 info: [0mGET /static/js/22.8f58bd97.chunk.js [36m304[0m 1.385 ms - -[0m
2023-06-28 11:17:38 info: [0mGET /manifest.json [36m304[0m 1.369 ms - -[0m
2023-06-28 11:17:38 info: [0mGET /static/js/225.ccf05236.chunk.js [36m304[0m 3.482 ms - -[0m
2023-06-28 11:17:38 info: [0mGET /static/js/344.af5e8bf1.chunk.js [36m304[0m 3.329 ms - -[0m
2023-06-28 11:17:38 info: [0mGET /static/js/886.a64e7c71.chunk.js [36m304[0m 2.722 ms - -[0m
2023-06-28 11:22:57 info: =================================
2023-06-28 11:22:57 info: ======= ENV: development =======
2023-06-28 11:22:57 info: 🚀 App listening on the port 5210
2023-06-28 11:22:57 info: =================================
2023-06-28 11:23:19 info: [0mPOST /api/forgot-password [32m200[0m 5242.431 ms - 446[0m
2023-06-28 11:23:51 info: [0mPOST /api/reset-password [32m200[0m 142.658 ms - 450[0m
2023-06-28 11:24:21 info: [0mPOST /api/login [32m200[0m 224.372 ms - -[0m
2023-06-28 12:07:00 info: [0mPOST /api/forgot-password [32m200[0m 5350.172 ms - 446[0m
2023-06-28 12:07:21 info: [0mPOST /api/reset-password [32m200[0m 146.201 ms - 450[0m
2023-06-28 12:08:21 info: [0mPOST /api/forgot-password [32m200[0m 6051.833 ms - 446[0m
2023-06-28 12:08:45 info: [0mPOST /api/reset-password [32m200[0m 146.649 ms - 450[0m
2023-06-28 12:19:40 info: [0mPOST /api/login [32m200[0m 220.325 ms - -[0m
2023-06-28 12:28:26 error: [POST] /api/login >> StatusCode:: 409, Message:: Wrong password
2023-06-28 12:28:26 info: [0mPOST /api/login [33m409[0m 206.931 ms - 28[0m
2023-06-28 12:30:44 error: [POST] /api/login >> StatusCode:: 409, Message:: Wrong password
2023-06-28 12:30:44 info: [0mPOST /api/login [33m409[0m 222.126 ms - 28[0m
2023-06-28 12:31:14 error: [POST] /api/login >> StatusCode:: 409, Message:: Wrong password
2023-06-28 12:31:14 info: [0mPOST /api/login [33m409[0m 205.199 ms - 28[0m
2023-06-28 12:32:08 error: [POST] /api/login >> StatusCode:: 409, Message:: Wrong password
2023-06-28 12:32:08 info: [0mPOST /api/login [33m409[0m 207.013 ms - 28[0m
2023-06-28 12:39:00 error: [POST] /api/login >> StatusCode:: 409, Message:: Wrong password
2023-06-28 12:39:00 info: [0mPOST /api/login [33m409[0m 210.027 ms - 28[0m
2023-06-28 12:41:10 error: [POST] /api/login >> StatusCode:: 409, Message:: Wrong password
2023-06-28 12:41:10 info: [0mPOST /api/login [33m409[0m 215.897 ms - 28[0m
2023-06-28 12:41:38 error: [POST] /api/login >> StatusCode:: 409, Message:: Wrong password
2023-06-28 12:41:38 info: [0mPOST /api/login [33m409[0m 206.031 ms - 28[0m
2023-06-28 12:43:13 error: [POST] /api/login >> StatusCode:: 409, Message:: Email a@a.cl not found
2023-06-28 12:43:13 info: [0mPOST /api/login [33m409[0m 74.622 ms - 36[0m
2023-06-28 12:47:40 error: [POST] /api/login >> StatusCode:: 409, Message:: Email a@a.cl not found
2023-06-28 12:47:40 info: [0mPOST /api/login [33m409[0m 77.170 ms - 36[0m
2023-06-28 12:47:58 info: =================================
2023-06-28 12:47:58 info: ======= ENV: development =======
2023-06-28 12:47:58 info: 🚀 App listening on the port 5210
2023-06-28 12:47:58 info: =================================
2023-06-28 12:48:01 error: [POST] /api/login >> StatusCode:: 410, Message:: Email a@a.cl not found
2023-06-28 12:48:01 info: [0mPOST /api/login [33m410[0m 135.313 ms - 36[0m
2023-06-28 12:49:34 error: [POST] /api/login >> StatusCode:: 410, Message:: Email a@a.cl not found
2023-06-28 12:49:34 info: [0mPOST /api/login [33m410[0m 1612.806 ms - 36[0m
2023-06-28 12:50:09 error: [POST] /api/login >> StatusCode:: 409, Message:: Wrong password
2023-06-28 12:50:09 info: [0mPOST /api/login [33m409[0m 547.814 ms - 28[0m
2023-06-28 12:50:15 info: [0mPOST /api/login [32m200[0m 354.799 ms - -[0m
2023-06-28 12:53:19 error: [POST] /api/login >> StatusCode:: 410, Message:: Email a@a.cl not found
2023-06-28 12:53:19 info: [0mPOST /api/login [33m410[0m 188.686 ms - 36[0m
2023-06-28 12:56:25 error: [POST] /api/login >> StatusCode:: 410, Message:: Email sadcascsdccdsdcs not found
2023-06-28 12:56:25 info: [0mPOST /api/login [33m410[0m 197.236 ms - 46[0m
2023-06-28 12:57:25 error: [POST] /api/login >> StatusCode:: 410, Message:: Email adssdcsdcsdc not found
2023-06-28 12:57:25 info: [0mPOST /api/login [33m410[0m 190.318 ms - 42[0m
2023-06-28 12:58:20 error: [POST] /api/login >> StatusCode:: 410, Message:: Email vc cvc vdfvbdf not found
2023-06-28 12:58:20 info: [0mPOST /api/login [33m410[0m 78.775 ms - 44[0m
2023-06-28 12:59:05 error: [POST] /api/login >> StatusCode:: 410, Message:: Email sdsdcscsdcs not found
2023-06-28 12:59:05 info: [0mPOST /api/login [33m410[0m 80.227 ms - 41[0m
2023-06-28 12:59:49 error: [POST] /api/login >> StatusCode:: 410, Message:: Email sdcsdcsdcsdcds not found
2023-06-28 12:59:49 info: [0mPOST /api/login [33m410[0m 84.802 ms - 44[0m
2023-06-28 13:00:17 error: [POST] /api/login >> StatusCode:: 410, Message:: Email sdcsdcsdcsdc not found
2023-06-28 13:00:17 info: [0mPOST /api/login [33m410[0m 82.692 ms - 42[0m
2023-06-28 13:00:56 error: [POST] /api/login >> StatusCode:: 410, Message:: Email szdcsdcsdcscsd not found
2023-06-28 13:00:56 info: [0mPOST /api/login [33m410[0m 190.990 ms - 44[0m
2023-06-28 13:01:52 error: [POST] /api/login >> StatusCode:: 410, Message:: Email sdfsfwsdse not found
2023-06-28 13:01:52 info: [0mPOST /api/login [33m410[0m 200.996 ms - 40[0m
2023-06-28 13:03:34 error: [POST] /api/login >> StatusCode:: 410, Message:: Email sdcsdcsdcds not found
2023-06-28 13:03:34 info: [0mPOST /api/login [33m410[0m 83.543 ms - 41[0m
2023-06-28 13:03:38 error: [POST] /api/login >> StatusCode:: 410, Message:: Email sdcsdcsdcsd not found
2023-06-28 13:03:38 info: [0mPOST /api/login [33m410[0m 83.904 ms - 41[0m
2023-06-28 13:05:13 error: [POST] /api/login >> StatusCode:: 410, Message:: Email a@a.cl not found
2023-06-28 13:05:13 info: [0mPOST /api/login [33m410[0m 83.432 ms - 36[0m
2023-06-28 13:05:29 error: [POST] /api/login >> StatusCode:: 409, Message:: Wrong password
2023-06-28 13:05:29 info: [0mPOST /api/login [33m409[0m 229.016 ms - 28[0m
2023-06-28 13:05:36 info: [0mPOST /api/login [32m200[0m 222.056 ms - -[0m
2023-06-28 13:12:21 info: [0mPOST /api/forgot-password [32m200[0m 13045.693 ms - 446[0m
2023-06-28 14:31:26 error: [POST] /api/reset-password >> StatusCode:: 500, Message:: jwt expired
2023-06-28 14:31:26 info: [0mPOST /api/reset-password [31m500[0m 8.467 ms - 25[0m
2023-06-28 14:34:37 info: [0mPOST /api/forgot-password [32m200[0m 5802.165 ms - 446[0m
2023-06-28 14:35:02 info: [0mPOST /api/reset-password [32m200[0m 143.894 ms - 450[0m
2023-06-28 14:35:23 error: [POST] /api/login >> StatusCode:: 409, Message:: Wrong password
2023-06-28 14:35:23 info: [0mPOST /api/login [33m409[0m 223.980 ms - 28[0m
2023-06-28 14:35:28 info: [0mPOST /api/login [32m200[0m 228.366 ms - -[0m
2023-06-28 16:30:13 error: [POST] /api/login >> StatusCode:: 409, Message:: Wrong password
2023-06-28 16:30:13 info: [0mPOST /api/login [33m409[0m 222.025 ms - 28[0m
2023-06-28 16:30:18 info: [0mPOST /api/login [32m200[0m 227.349 ms - -[0m
2023-06-28 16:38:18 info: =================================
2023-06-28 16:38:18 info: ======= ENV: development =======
2023-06-28 16:38:18 info: 🚀 App listening on the port 5210
2023-06-28 16:38:18 info: =================================
2023-06-28 17:01:55 info: [0mPOST /api/forgot-password [32m200[0m 5574.739 ms - 446[0m
2023-06-28 17:28:43 error: [POST] /api/login >> StatusCode:: 409, Message:: Wrong password
2023-06-28 17:28:43 info: [0mPOST /api/login [33m409[0m 977.404 ms - 28[0m
2023-06-28 17:35:17 error: [POST] /api/login >> StatusCode:: 409, Message:: Wrong password
2023-06-28 17:35:17 info: [0mPOST /api/login [33m409[0m 215.338 ms - 28[0m
2023-06-28 17:35:23 info: [0mPOST /api/login [32m200[0m 236.212 ms - -[0m
2023-06-28 17:53:21 info: [0mPOST /api/forgot-password [32m200[0m 5083.177 ms - 446[0m
2023-06-28 17:54:21 info: [0mPOST /api/forgot-password [32m200[0m 4921.399 ms - 446[0m
2023-06-28 17:54:29 info: [0mPOST /api/login [32m200[0m 299.405 ms - -[0m
2023-06-28 17:54:58 info: [0mPOST /api/reset-password [32m200[0m 161.148 ms - 450[0m
2023-06-28 17:55:15 info: [0mPOST /api/login [32m200[0m 238.743 ms - -[0m
2023-06-28 18:10:35 info: [0mPOST /api/login [32m200[0m 226.690 ms - 1018[0m
