2023-07-23 16:16:18 info: =================================
2023-07-23 16:16:18 info: ======= ENV: development =======
2023-07-23 16:16:18 info: 🚀 App listening on the port 5211
2023-07-23 16:16:18 info: =================================
2023-07-23 16:30:01 info: =================================
2023-07-23 16:30:01 info: ======= ENV: development =======
2023-07-23 16:30:01 info: 🚀 App listening on the port 5211
2023-07-23 16:30:01 info: =================================
2023-07-23 16:31:51 info: =================================
2023-07-23 16:31:51 info: ======= ENV: development =======
2023-07-23 16:31:51 info: 🚀 App listening on the port 5211
2023-07-23 16:31:51 info: =================================
2023-07-23 16:38:11 info: =================================
2023-07-23 16:38:11 info: ======= ENV: development =======
2023-07-23 16:38:11 info: 🚀 App listening on the port 5211
2023-07-23 16:38:11 info: =================================
2023-07-23 16:39:49 info: =================================
2023-07-23 16:39:49 info: ======= ENV: development =======
2023-07-23 16:39:49 info: 🚀 App listening on the port 5211
2023-07-23 16:39:49 info: =================================
2023-07-23 16:45:12 info: =================================
2023-07-23 16:45:12 info: ======= ENV: development =======
2023-07-23 16:45:12 info: 🚀 App listening on the port 5211
2023-07-23 16:45:12 info: =================================
2023-07-23 16:46:45 info: [0mPOST /api/forgot-password [32m200[0m 1300.177 ms - 485[0m
2023-07-23 16:48:06 info: [0mPOST /api/forgot-password [32m200[0m 1094.474 ms - 485[0m
2023-07-23 16:49:36 info: [0mPOST /api/forgot-password [32m200[0m 1070.296 ms - 485[0m
2023-07-23 16:54:49 info: [0mPOST /api/forgot-password [32m200[0m 1158.430 ms - 485[0m
2023-07-23 17:01:15 info: [0mPOST /api/forgot-password [32m200[0m 1131.169 ms - 485[0m
2023-07-23 17:06:26 info: [0mPOST /api/forgot-password [32m200[0m 1159.206 ms - 485[0m
2023-07-23 17:11:43 info: [0mPOST /api/forgot-password [32m200[0m 1169.160 ms - 485[0m
2023-07-23 17:14:08 info: [0mPOST /api/forgot-password [32m200[0m 1069.663 ms - 485[0m
2023-07-23 17:21:48 info: [0mPOST /api/forgot-password [32m200[0m 1245.565 ms - 485[0m
2023-07-23 17:24:50 info: [0mPOST /api/forgot-password [32m200[0m 1197.625 ms - 485[0m
2023-07-23 17:26:16 info: [0mPOST /api/forgot-password [32m200[0m 1205.349 ms - 485[0m
2023-07-23 17:28:05 info: [0mPOST /api/forgot-password [32m200[0m 1223.747 ms - 485[0m
2023-07-23 17:30:34 info: [0mPOST /api/forgot-password [32m200[0m 1192.657 ms - 485[0m
2023-07-23 17:36:09 info: [0mPOST /api/forgot-password [32m200[0m 1149.095 ms - 485[0m
2023-07-23 17:37:05 info: [0mPOST /api/forgot-password [32m200[0m 1088.817 ms - 485[0m
2023-07-23 17:37:55 info: [0mPOST /api/forgot-password [32m200[0m 1089.683 ms - 485[0m
2023-07-23 17:39:44 info: [0mPOST /api/forgot-password [32m200[0m 1185.004 ms - 485[0m
2023-07-23 17:41:09 info: [0mPOST /api/forgot-password [32m200[0m 1134.836 ms - 485[0m
2023-07-23 17:43:22 info: =================================
2023-07-23 17:43:22 info: ======= ENV: development =======
2023-07-23 17:43:22 info: 🚀 App listening on the port 5211
2023-07-23 17:43:22 info: =================================
2023-07-23 17:44:23 info: [0mPOST /api/login [32m200[0m 352.336 ms - -[0m
2023-07-23 17:45:03 info: [0mPOST /api/ia/delete_pdf [32m200[0m 585.024 ms - 70[0m
2023-07-23 17:45:19 info: [0mPOST /api/ia/delete_pdf [33m400[0m 606.293 ms - 49[0m
2023-07-23 17:45:56 info: [0mPOST /api/ia/delete_pdf [32m200[0m 584.903 ms - 65[0m
2023-07-23 17:46:03 info: [0mPOST /api/ia/delete_pdf [33m400[0m 580.861 ms - 49[0m
2023-07-23 17:46:07 info: [0mPOST /api/ia/delete_pdf [33m400[0m 581.493 ms - 49[0m
2023-07-23 17:46:11 info: [0mPOST /api/ia/delete_pdf [33m400[0m 569.853 ms - 49[0m
2023-07-23 17:46:39 info: [0mPOST /api/ia/upload_pdf [32m200[0m 8628.312 ms - 58[0m
2023-07-23 17:46:49 info: [0mPOST /api/ia/delete_pdf [32m200[0m 652.585 ms - 54[0m
2023-07-23 17:47:15 info: [0mPOST /api/ia/upload_pdf [32m200[0m 9806.351 ms - 62[0m
2023-07-23 17:47:24 info: [0mPOST /api/ia/delete_pdf [32m200[0m 577.924 ms - 58[0m
2023-07-23 19:06:59 info: =================================
2023-07-23 19:06:59 info: ======= ENV: development =======
2023-07-23 19:06:59 info: 🚀 App listening on the port 5211
2023-07-23 19:06:59 info: =================================
2023-07-23 19:07:07 info: =================================
2023-07-23 19:07:07 info: ======= ENV: development =======
2023-07-23 19:07:07 info: 🚀 App listening on the port 5211
2023-07-23 19:07:07 info: =================================
2023-07-23 19:07:29 info: =================================
2023-07-23 19:07:29 info: ======= ENV: development =======
2023-07-23 19:07:29 info: 🚀 App listening on the port 5211
2023-07-23 19:07:29 info: =================================
2023-07-23 19:07:35 info: =================================
2023-07-23 19:07:35 info: ======= ENV: development =======
2023-07-23 19:07:35 info: 🚀 App listening on the port 5211
2023-07-23 19:07:35 info: =================================
2023-07-23 19:08:30 info: [0mPOST /api/login [32m200[0m 342.617 ms - -[0m
2023-07-23 19:08:55 info: [0mPOST /api/ia/upload_pdf [32m200[0m 2640.631 ms - 74[0m
2023-07-23 19:10:13 info: =================================
2023-07-23 19:10:13 info: ======= ENV: development =======
2023-07-23 19:10:13 info: 🚀 App listening on the port 5211
2023-07-23 19:10:13 info: =================================
2023-07-23 19:10:33 info: =================================
2023-07-23 19:10:33 info: ======= ENV: development =======
2023-07-23 19:10:33 info: 🚀 App listening on the port 5211
2023-07-23 19:10:33 info: =================================
2023-07-23 19:11:29 info: [0mPOST /api/ia/chat [32m200[0m 1421.609 ms - -[0m
2023-07-23 19:30:15 info: =================================
2023-07-23 19:30:15 info: ======= ENV: development =======
2023-07-23 19:30:15 info: 🚀 App listening on the port 5211
2023-07-23 19:30:15 info: =================================
2023-07-23 19:50:24 info: =================================
2023-07-23 19:50:24 info: ======= ENV: development =======
2023-07-23 19:50:24 info: 🚀 App listening on the port 5211
2023-07-23 19:50:24 info: =================================
2023-07-23 19:55:25 info: =================================
2023-07-23 19:55:25 info: ======= ENV: development =======
2023-07-23 19:55:25 info: 🚀 App listening on the port 5211
2023-07-23 19:55:25 info: =================================
2023-07-23 19:55:28 info: =================================
2023-07-23 19:55:28 info: ======= ENV: development =======
2023-07-23 19:55:28 info: 🚀 App listening on the port 5211
2023-07-23 19:55:28 info: =================================
2023-07-23 20:02:20 info: =================================
2023-07-23 20:02:20 info: ======= ENV: development =======
2023-07-23 20:02:20 info: 🚀 App listening on the port 5211
2023-07-23 20:02:20 info: =================================
2023-07-23 20:06:57 info: =================================
2023-07-23 20:06:57 info: ======= ENV: development =======
2023-07-23 20:06:57 info: 🚀 App listening on the port 5211
2023-07-23 20:06:57 info: =================================
2023-07-23 20:23:37 info: =================================
2023-07-23 20:23:37 info: ======= ENV: development =======
2023-07-23 20:23:37 info: 🚀 App listening on the port 5211
2023-07-23 20:23:37 info: =================================
2023-07-23 20:24:41 info: [0mPOST /api/ia/chat [32m200[0m 2773.356 ms - -[0m
2023-07-23 20:25:41 info: =================================
2023-07-23 20:25:41 info: ======= ENV: development =======
2023-07-23 20:25:41 info: 🚀 App listening on the port 5211
2023-07-23 20:25:41 info: =================================
2023-07-23 20:25:55 info: [0mPOST /api/ia/delete_pdf [32m200[0m 596.877 ms - 70[0m
2023-07-23 20:27:01 info: [0mPOST /api/ia/upload_pdf [32m200[0m 1386.883 ms - 68[0m
2023-07-23 20:27:14 info: [0mPOST /api/ia/upload_pdf [32m200[0m 2119.513 ms - 74[0m
2023-07-23 20:27:25 info: [0mPOST /api/ia/upload_pdf [32m200[0m 2004.070 ms - 74[0m
2023-07-23 20:27:35 info: [0mPOST /api/ia/delete_pdf [32m200[0m 570.817 ms - 70[0m
2023-07-23 20:27:43 info: [0mPOST /api/ia/delete_pdf [32m200[0m 566.708 ms - 64[0m
2023-07-23 20:35:51 info: =================================
2023-07-23 20:35:51 info: ======= ENV: development =======
2023-07-23 20:35:51 info: 🚀 App listening on the port 5211
2023-07-23 20:35:51 info: =================================
2023-07-23 20:48:17 info: [0mPOST /api/ia/upload_pdf [32m200[0m 10466.386 ms - 69[0m
2023-07-23 20:49:18 info: [0mPOST /api/ia/chat [32m200[0m 1238.570 ms - -[0m
2023-07-23 20:50:15 info: [0mPOST /api/ia/chat [32m200[0m 3094.463 ms - -[0m
2023-07-23 20:52:06 info: [0mPOST /api/ia/delete_pdf [32m200[0m 578.456 ms - 65[0m
2023-07-23 20:58:08 info: [0mPOST /api/ia/delete_pdf [32m200[0m 580.044 ms - 65[0m
2023-07-23 20:59:46 info: [0mPOST /api/ia/upload_pdf [32m200[0m 1429.187 ms - 68[0m
2023-07-23 21:00:02 info: [0mPOST /api/ia/upload_pdf [32m200[0m 2732.077 ms - 69[0m
2023-07-23 21:00:12 info: [0mPOST /api/ia/delete_pdf [32m200[0m 579.686 ms - 64[0m
2023-07-23 21:00:31 info: [0mPOST /api/ia/upload_pdf [32m200[0m 8677.796 ms - 64[0m
2023-07-23 21:01:02 info: [0mPOST /api/ia/upload_pdf [32m200[0m 8444.775 ms - 64[0m
2023-07-23 21:01:12 info: [0mPOST /api/ia/chat [32m200[0m 1103.556 ms - -[0m
2023-07-23 21:01:40 info: [0mPOST /api/ia/upload_pdf [32m200[0m 2853.674 ms - 69[0m
2023-07-23 21:01:57 info: [0mPOST /api/ia/upload_pdf [32m200[0m 8221.518 ms - 64[0m
2023-07-23 21:02:19 info: [0mPOST /api/ia/delete_pdf [32m200[0m 575.229 ms - 60[0m
2023-07-23 21:02:26 info: [0mPOST /api/ia/delete_pdf [32m200[0m 580.546 ms - 65[0m
2023-07-23 22:37:12 info: [0mPOST /api/ia/upload_pdf [32m200[0m 1441.828 ms - 68[0m
2023-07-23 22:37:30 info: [0mPOST /api/ia/upload_pdf [32m200[0m 8597.715 ms - 64[0m
2023-07-23 22:38:30 info: [0mPOST /api/ia/chat [32m200[0m 4758.027 ms - -[0m
2023-07-23 23:01:22 info: =================================
2023-07-23 23:01:22 info: ======= ENV: development =======
2023-07-23 23:01:22 info: 🚀 App listening on the port 5211
2023-07-23 23:01:22 info: =================================
2023-07-23 23:01:47 info: =================================
2023-07-23 23:01:47 info: ======= ENV: development =======
2023-07-23 23:01:47 info: 🚀 App listening on the port 5211
2023-07-23 23:01:47 info: =================================
2023-07-23 23:04:10 info: =================================
2023-07-23 23:04:10 info: ======= ENV: development =======
2023-07-23 23:04:10 info: 🚀 App listening on the port 5211
2023-07-23 23:04:10 info: =================================
2023-07-23 23:12:08 info: =================================
2023-07-23 23:12:08 info: ======= ENV: development =======
2023-07-23 23:12:08 info: 🚀 App listening on the port 5211
2023-07-23 23:12:08 info: =================================
2023-07-23 23:12:46 info: =================================
2023-07-23 23:12:46 info: ======= ENV: development =======
2023-07-23 23:12:46 info: 🚀 App listening on the port 5211
2023-07-23 23:12:46 info: =================================
