2023-10-10 10:33:45 info: =================================
2023-10-10 10:33:45 info: ======= ENV: development =======
2023-10-10 10:33:45 info: 🚀 App listening on the port 5210
2023-10-10 10:33:45 info: =================================
2023-10-10 12:42:14 info: =================================
2023-10-10 12:42:14 info: ======= ENV: development =======
2023-10-10 12:42:14 info: 🚀 App listening on the port 5210
2023-10-10 12:42:14 info: =================================
2023-10-10 12:44:12 info: =================================
2023-10-10 12:44:12 info: ======= ENV: development =======
2023-10-10 12:44:12 info: 🚀 App listening on the port 5210
2023-10-10 12:44:12 info: =================================
2023-10-10 12:45:51 info: =================================
2023-10-10 12:45:51 info: ======= ENV: development =======
2023-10-10 12:45:51 info: 🚀 App listening on the port 5210
2023-10-10 12:45:51 info: =================================
2023-10-10 12:46:02 error: [POST] /api/forgot-password >> StatusCode:: 500, Message:: getaddrinfo ENOTFOUND 'box5178.bluehost.com'
2023-10-10 12:46:02 info: [0mPOST /api/forgot-password [31m500[0m 336.802 ms - 58[0m
2023-10-10 12:52:22 info: =================================
2023-10-10 12:52:22 info: ======= ENV: development =======
2023-10-10 12:52:22 info: 🚀 App listening on the port 5210
2023-10-10 12:52:22 info: =================================
2023-10-10 12:53:07 error: [POST] /api/forgot-password >> StatusCode:: 500, Message:: getaddrinfo ENOTFOUND 'box5178.bluehost.com'
2023-10-10 12:53:07 info: [0mPOST /api/forgot-password [31m500[0m 385.420 ms - 58[0m
2023-10-10 12:55:30 info: =================================
2023-10-10 12:55:30 info: ======= ENV: development =======
2023-10-10 12:55:30 info: 🚀 App listening on the port 5210
2023-10-10 12:55:30 info: =================================
2023-10-10 12:55:42 error: [POST] /api/forgot-password >> StatusCode:: 500, Message:: getaddrinfo ENOTFOUND 'box5178.bluehost.com'
2023-10-10 12:55:42 info: [0mPOST /api/forgot-password [31m500[0m 183.867 ms - 58[0m
2023-10-10 12:57:08 info: =================================
2023-10-10 12:57:08 info: ======= ENV: development =======
2023-10-10 12:57:08 info: 🚀 App listening on the port 5210
2023-10-10 12:57:08 info: =================================
2023-10-10 12:57:14 error: [POST] /api/forgot-password >> StatusCode:: 500, Message:: getaddrinfo ENOTFOUND 'box5178.bluehost.com'
2023-10-10 12:57:14 info: [0mPOST /api/forgot-password [31m500[0m 204.048 ms - 58[0m
2023-10-10 12:59:14 info: =================================
2023-10-10 12:59:14 info: ======= ENV: development =======
2023-10-10 12:59:14 info: 🚀 App listening on the port 5210
2023-10-10 12:59:14 info: =================================
2023-10-10 12:59:36 error: [POST] /api/forgot-password >> StatusCode:: 500, Message:: Invalid login: 535 Incorrect authentication data
2023-10-10 12:59:36 info: [0mPOST /api/forgot-password [31m500[0m 2616.238 ms - 62[0m
2023-10-10 13:00:36 info: =================================
2023-10-10 13:00:36 info: ======= ENV: development =======
2023-10-10 13:00:36 info: 🚀 App listening on the port 5210
2023-10-10 13:00:36 info: =================================
2023-10-10 13:00:53 info: [0mPOST /api/forgot-password [32m200[0m 2024.728 ms - 485[0m
2023-10-10 13:01:47 info: =================================
2023-10-10 13:01:47 info: ======= ENV: development =======
2023-10-10 13:01:47 info: 🚀 App listening on the port 5210
2023-10-10 13:01:47 info: =================================
2023-10-10 13:02:02 info: [0mPOST /api/forgot-password [32m200[0m 3109.261 ms - 485[0m
2023-10-10 13:07:08 info: =================================
2023-10-10 13:07:08 info: ======= ENV: development =======
2023-10-10 13:07:08 info: 🚀 App listening on the port 5210
2023-10-10 13:07:08 info: =================================
2023-10-10 13:07:20 info: [0mPOST /api/forgot-password [32m200[0m 1958.917 ms - 485[0m
2023-10-10 13:09:17 info: =================================
2023-10-10 13:09:17 info: ======= ENV: development =======
2023-10-10 13:09:17 info: 🚀 App listening on the port 5210
2023-10-10 13:09:17 info: =================================
2023-10-10 13:09:27 info: [0mPOST /api/forgot-password [32m200[0m 2369.368 ms - 485[0m
2023-10-10 13:11:27 info: =================================
2023-10-10 13:11:27 info: ======= ENV: development =======
2023-10-10 13:11:27 info: 🚀 App listening on the port 5210
2023-10-10 13:11:27 info: =================================
2023-10-10 13:11:57 info: [0mPOST /api/forgot-password [32m200[0m 2330.211 ms - 485[0m
2023-10-10 13:16:16 info: =================================
2023-10-10 13:16:16 info: ======= ENV: development =======
2023-10-10 13:16:16 info: 🚀 App listening on the port 5210
2023-10-10 13:16:16 info: =================================
2023-10-10 13:19:34 info: =================================
2023-10-10 13:19:34 info: ======= ENV: development =======
2023-10-10 13:19:34 info: 🚀 App listening on the port 5210
2023-10-10 13:19:34 info: =================================
2023-10-10 13:19:50 info: [0mPOST /api/forgot-password [32m200[0m 2286.460 ms - 485[0m
2023-10-10 13:22:31 info: [0mPOST /api/forgot-password [32m200[0m 2221.743 ms - 485[0m
2023-10-10 13:25:37 info: [0mPOST /api/forgot-password [32m200[0m 2230.914 ms - 485[0m
2023-10-10 13:33:30 info: =================================
2023-10-10 13:33:30 info: ======= ENV: development =======
2023-10-10 13:33:30 info: 🚀 App listening on the port 5210
2023-10-10 13:33:30 info: =================================
2023-10-10 13:33:43 info: [0mPOST /api/forgot-password [32m200[0m 2310.234 ms - 485[0m
2023-10-10 13:36:23 info: =================================
2023-10-10 13:36:23 info: ======= ENV: development =======
2023-10-10 13:36:23 info: 🚀 App listening on the port 5210
2023-10-10 13:36:23 info: =================================
2023-10-10 13:36:49 info: =================================
2023-10-10 13:36:49 info: ======= ENV: development =======
2023-10-10 13:36:49 info: 🚀 App listening on the port 5210
2023-10-10 13:36:49 info: =================================
2023-10-10 13:37:03 info: [0mPOST /api/forgot-password [32m200[0m 2831.799 ms - 485[0m
2023-10-10 14:24:35 info: [0mPOST /api/forgot-password [32m200[0m 2558.057 ms - 485[0m
2023-10-10 14:56:05 info: =================================
2023-10-10 14:56:05 info: ======= ENV: development =======
2023-10-10 14:56:05 info: 🚀 App listening on the port 5210
2023-10-10 14:56:05 info: =================================
2023-10-10 14:56:24 info: [0mPOST /api/forgot-password [32m200[0m 2796.614 ms - 485[0m
2023-10-10 14:58:19 info: =================================
2023-10-10 14:58:19 info: ======= ENV: development =======
2023-10-10 14:58:19 info: 🚀 App listening on the port 5210
2023-10-10 14:58:19 info: =================================
2023-10-10 14:58:39 info: [0mPOST /api/forgot-password [32m200[0m 2818.819 ms - 485[0m
2023-10-10 14:59:55 info: =================================
2023-10-10 14:59:55 info: ======= ENV: development =======
2023-10-10 14:59:55 info: 🚀 App listening on the port 5210
2023-10-10 14:59:55 info: =================================
2023-10-10 15:00:11 info: [0mPOST /api/forgot-password [32m200[0m 2303.320 ms - 485[0m
2023-10-10 15:01:40 info: =================================
2023-10-10 15:01:40 info: ======= ENV: development =======
2023-10-10 15:01:40 info: 🚀 App listening on the port 5210
2023-10-10 15:01:40 info: =================================
2023-10-10 15:07:13 info: =================================
2023-10-10 15:07:13 info: ======= ENV: development =======
2023-10-10 15:07:13 info: 🚀 App listening on the port 5210
2023-10-10 15:07:13 info: =================================
2023-10-10 15:11:36 info: [0mPOST /api/forgot-password [32m200[0m 2255.773 ms - 485[0m
2023-10-10 15:18:57 info: =================================
2023-10-10 15:18:57 info: ======= ENV: development =======
2023-10-10 15:18:57 info: 🚀 App listening on the port 5210
2023-10-10 15:18:57 info: =================================
2023-10-10 15:29:07 info: =================================
2023-10-10 15:29:07 info: ======= ENV: development =======
2023-10-10 15:29:07 info: 🚀 App listening on the port 5210
2023-10-10 15:29:08 info: =================================
2023-10-10 15:37:52 info: [0mPOST /api/reset-password [32m200[0m 208.966 ms - 489[0m
2023-10-10 15:38:10 info: [0mPOST /api/login [32m200[0m 260.845 ms - -[0m
2023-10-10 15:38:11 info: [0mPOST /api/files/getFilesByUserId [32m200[0m 128.122 ms - -[0m
2023-10-10 17:50:35 info: =================================
2023-10-10 17:50:35 info: ======= ENV: development =======
2023-10-10 17:50:35 info: 🚀 App listening on the port 5210
2023-10-10 17:50:35 info: =================================
2023-10-10 17:51:12 info: [0mPOST /api/forgot-password [32m200[0m 3124.737 ms - 485[0m
