2023-06-22 19:17:16 info: =================================
2023-06-22 19:17:17 info: ======= ENV: development =======
2023-06-22 19:17:17 info: 🚀 App listening on the port 5210
2023-06-22 19:17:17 info: =================================
2023-06-22 19:29:06 info: =================================
2023-06-22 19:29:06 info: ======= ENV: development =======
2023-06-22 19:29:06 info: 🚀 App listening on the port 5210
2023-06-22 19:29:06 info: =================================
2023-06-22 19:32:54 info: =================================
2023-06-22 19:32:54 info: ======= ENV: development =======
2023-06-22 19:32:54 info: 🚀 App listening on the port 5210
2023-06-22 19:32:54 info: =================================
2023-06-22 19:34:05 info: =================================
2023-06-22 19:34:05 info: ======= ENV: development =======
2023-06-22 19:34:05 info: 🚀 App listening on the port 5210
2023-06-22 19:34:05 info: =================================
2023-06-22 19:35:03 info: =================================
2023-06-22 19:35:03 info: ======= ENV: development =======
2023-06-22 19:35:03 info: 🚀 App listening on the port 5210
2023-06-22 19:35:03 info: =================================
2023-06-22 19:43:33 info: =================================
2023-06-22 19:43:33 info: ======= ENV: development =======
2023-06-22 19:43:33 info: 🚀 App listening on the port 5210
2023-06-22 19:43:33 info: =================================
2023-06-22 19:43:36 info: [0mPOST /api/ia/upload_pdf [33m400[0m 5.832 ms - 21[0m
2023-06-22 19:43:43 info: [0mPOST /api/ia/upload_pdf [33m400[0m 2.242 ms - 21[0m
2023-06-22 19:54:04 info: [0mPOST /api/ia/upload_pdf [33m400[0m 2.568 ms - 21[0m
2023-06-22 19:55:18 info: [0mPOST /api/ia/upload_pdf [33m400[0m 2.274 ms - 21[0m
2023-06-22 19:55:46 info: [0mPOST /api/ia/upload_pdf [33m400[0m 1.533 ms - 21[0m
2023-06-22 19:55:52 info: [0mPOST /api/ia/upload_pdf [33m400[0m 1.146 ms - 21[0m
2023-06-22 20:00:09 info: =================================
2023-06-22 20:00:09 info: ======= ENV: development =======
2023-06-22 20:00:09 info: 🚀 App listening on the port 5210
2023-06-22 20:00:09 info: =================================
2023-06-22 20:00:54 info: [0mPOST /api/ia/upload_pdf [33m400[0m 9.299 ms - 21[0m
2023-06-22 20:01:27 info: [0mPOST /api/ia/upload_pdf [33m400[0m 2.489 ms - 21[0m
2023-06-22 20:02:19 info: =================================
2023-06-22 20:02:19 info: ======= ENV: development =======
2023-06-22 20:02:19 info: 🚀 App listening on the port 5210
2023-06-22 20:02:19 info: =================================
2023-06-22 20:51:18 info: =================================
2023-06-22 20:51:18 info: ======= ENV: development =======
2023-06-22 20:51:18 info: 🚀 App listening on the port 5210
2023-06-22 20:51:18 info: =================================
2023-06-22 20:52:47 error: [POST] /api/ia/upload_pdf >> StatusCode:: 500, Message:: read ECONNRESET
2023-06-22 20:52:47 info: [0mPOST /api/ia/upload_pdf [31m500[0m 899.633 ms - 29[0m
2023-06-22 20:53:31 info: =================================
2023-06-22 20:53:31 info: ======= ENV: development =======
2023-06-22 20:53:31 info: 🚀 App listening on the port 5210
2023-06-22 20:53:31 info: =================================
2023-06-22 20:54:22 info: =================================
2023-06-22 20:54:22 info: ======= ENV: development =======
2023-06-22 20:54:22 info: 🚀 App listening on the port 5210
2023-06-22 20:54:22 info: =================================
2023-06-22 20:54:32 error: [POST] /api/ia/upload_pdf >> StatusCode:: 500, Message:: read ECONNRESET
2023-06-22 20:54:32 info: [0mPOST /api/ia/upload_pdf [31m500[0m 1022.876 ms - 29[0m
2023-06-22 20:59:26 info: =================================
2023-06-22 20:59:26 info: ======= ENV: development =======
2023-06-22 20:59:26 info: 🚀 App listening on the port 5210
2023-06-22 20:59:26 info: =================================
2023-06-22 20:59:37 error: [POST] /api/ia/upload_pdf >> StatusCode:: 500, Message:: Data after transformation must be a string, an ArrayBuffer, a Buffer, or a Stream
2023-06-22 20:59:37 info: [0mPOST /api/ia/upload_pdf [31m500[0m 34.890 ms - 95[0m
2023-06-22 21:05:17 info: =================================
2023-06-22 21:05:17 info: ======= ENV: development =======
2023-06-22 21:05:17 info: 🚀 App listening on the port 5210
2023-06-22 21:05:17 info: =================================
2023-06-22 21:06:16 info: =================================
2023-06-22 21:06:16 info: ======= ENV: development =======
2023-06-22 21:06:16 info: 🚀 App listening on the port 5210
2023-06-22 21:06:16 info: =================================
2023-06-22 21:07:09 info: =================================
2023-06-22 21:07:09 info: ======= ENV: development =======
2023-06-22 21:07:09 info: 🚀 App listening on the port 5210
2023-06-22 21:07:09 info: =================================
2023-06-22 21:14:24 info: =================================
2023-06-22 21:14:24 info: ======= ENV: development =======
2023-06-22 21:14:24 info: 🚀 App listening on the port 5210
2023-06-22 21:14:24 info: =================================
