2023-07-21 02:18:16 info: =================================
2023-07-21 02:18:16 info: ======= ENV: development =======
2023-07-21 02:18:16 info: 🚀 App listening on the port 5211
2023-07-21 02:18:16 info: =================================
2023-07-21 02:18:34 error: [POST] /api/login >> StatusCode:: 410, Message:: Email gonzalo.orellana@gmail.com not found
2023-07-21 02:18:34 info: [0mPOST /api/login [33m410[0m 147.978 ms - 56[0m
2023-07-21 02:18:52 info: [0mPOST /api/login [32m200[0m 331.929 ms - -[0m
2023-07-21 02:21:00 info: =================================
2023-07-21 02:21:00 info: ======= ENV: development =======
2023-07-21 02:21:00 info: 🚀 App listening on the port 5211
2023-07-21 02:21:00 info: =================================
2023-07-21 02:21:14 info: [0mPOST /api/ia/delete_pdf [33m400[0m 604.782 ms - 49[0m
2023-07-21 02:23:12 info: [0mPOST /api/ia/delete_pdf [33m400[0m 575.711 ms - 49[0m
2023-07-21 02:23:56 info: [0mPOST /api/ia/delete_pdf [33m400[0m 579.024 ms - 49[0m
2023-07-21 02:25:50 info: =================================
2023-07-21 02:25:50 info: ======= ENV: development =======
2023-07-21 02:25:50 info: 🚀 App listening on the port 5211
2023-07-21 02:25:50 info: =================================
2023-07-21 02:25:56 info: [0mPOST /api/ia/delete_pdf [33m400[0m 728.757 ms - 49[0m
2023-07-21 02:27:48 info: =================================
2023-07-21 02:27:48 info: ======= ENV: development =======
2023-07-21 02:27:48 info: 🚀 App listening on the port 5211
2023-07-21 02:27:48 info: =================================
2023-07-21 02:28:01 info: [0mPOST /api/ia/delete_pdf [33m400[0m 720.213 ms - 49[0m
2023-07-21 02:38:40 info: [0mPOST /api/ia/upload_pdf [33m400[0m 2470.340 ms - 2[0m
2023-07-21 02:45:16 info: [0mPOST /api/ia/upload_pdf [33m400[0m 3148.096 ms - 2[0m
2023-07-21 02:47:17 info: [0mPOST /api/ia/upload_pdf [33m400[0m 10861.705 ms - 2[0m
2023-07-21 02:49:14 info: [0mPOST /api/ia/upload_pdf [33m400[0m 2574.876 ms - 2[0m
2023-07-21 03:11:41 info: =================================
2023-07-21 03:11:41 info: ======= ENV: development =======
2023-07-21 03:11:41 info: 🚀 App listening on the port 5211
2023-07-21 03:11:41 info: =================================
2023-07-21 03:12:21 info: =================================
2023-07-21 03:12:21 info: ======= ENV: development =======
2023-07-21 03:12:21 info: 🚀 App listening on the port 5211
2023-07-21 03:12:21 info: =================================
2023-07-21 03:16:56 info: =================================
2023-07-21 03:16:56 info: ======= ENV: development =======
2023-07-21 03:16:56 info: 🚀 App listening on the port 5211
2023-07-21 03:16:56 info: =================================
2023-07-21 03:19:10 info: =================================
2023-07-21 03:19:10 info: ======= ENV: development =======
2023-07-21 03:19:10 info: 🚀 App listening on the port 5211
2023-07-21 03:19:10 info: =================================
2023-07-21 03:21:03 info: =================================
2023-07-21 03:21:03 info: ======= ENV: development =======
2023-07-21 03:21:03 info: 🚀 App listening on the port 5211
2023-07-21 03:21:03 info: =================================
2023-07-21 03:21:25 info: =================================
2023-07-21 03:21:25 info: ======= ENV: development =======
2023-07-21 03:21:25 info: 🚀 App listening on the port 5211
2023-07-21 03:21:25 info: =================================
2023-07-21 14:05:40 info: =================================
2023-07-21 14:05:40 info: ======= ENV: development =======
2023-07-21 14:05:40 info: 🚀 App listening on the port 5211
2023-07-21 14:05:40 info: =================================
2023-07-21 14:24:06 info: =================================
2023-07-21 14:24:06 info: ======= ENV: development =======
2023-07-21 14:24:06 info: 🚀 App listening on the port 5211
2023-07-21 14:24:06 info: =================================
2023-07-21 14:24:42 info: =================================
2023-07-21 14:24:42 info: ======= ENV: development =======
2023-07-21 14:24:42 info: 🚀 App listening on the port 5211
2023-07-21 14:24:42 info: =================================
2023-07-21 14:25:32 info: =================================
2023-07-21 14:25:32 info: ======= ENV: development =======
2023-07-21 14:25:32 info: 🚀 App listening on the port 5211
2023-07-21 14:25:32 info: =================================
2023-07-21 14:25:52 info: =================================
2023-07-21 14:25:52 info: ======= ENV: development =======
2023-07-21 14:25:52 info: 🚀 App listening on the port 5211
2023-07-21 14:25:52 info: =================================
2023-07-21 14:26:47 info: =================================
2023-07-21 14:26:47 info: ======= ENV: development =======
2023-07-21 14:26:47 info: 🚀 App listening on the port 5211
2023-07-21 14:26:47 info: =================================
2023-07-21 14:27:14 info: =================================
2023-07-21 14:27:14 info: ======= ENV: development =======
2023-07-21 14:27:14 info: 🚀 App listening on the port 5211
2023-07-21 14:27:14 info: =================================
2023-07-21 14:27:46 info: =================================
2023-07-21 14:27:46 info: ======= ENV: development =======
2023-07-21 14:27:46 info: 🚀 App listening on the port 5211
2023-07-21 14:27:46 info: =================================
2023-07-21 14:28:17 info: =================================
2023-07-21 14:28:17 info: ======= ENV: development =======
2023-07-21 14:28:17 info: 🚀 App listening on the port 5211
2023-07-21 14:28:17 info: =================================
2023-07-21 14:45:32 info: =================================
2023-07-21 14:45:32 info: ======= ENV: development =======
2023-07-21 14:45:32 info: 🚀 App listening on the port 5211
2023-07-21 14:45:32 info: =================================
2023-07-21 14:49:25 info: =================================
2023-07-21 14:49:25 info: ======= ENV: development =======
2023-07-21 14:49:25 info: 🚀 App listening on the port 5211
2023-07-21 14:49:25 info: =================================
2023-07-21 14:53:53 info: =================================
2023-07-21 14:53:53 info: ======= ENV: development =======
2023-07-21 14:53:53 info: 🚀 App listening on the port 5211
2023-07-21 14:53:53 info: =================================
2023-07-21 15:00:55 info: =================================
2023-07-21 15:00:55 info: ======= ENV: development =======
2023-07-21 15:00:55 info: 🚀 App listening on the port 5211
2023-07-21 15:00:55 info: =================================
2023-07-21 15:02:35 info: =================================
2023-07-21 15:02:35 info: ======= ENV: development =======
2023-07-21 15:02:35 info: 🚀 App listening on the port 5211
2023-07-21 15:02:35 info: =================================
2023-07-21 15:04:17 info: =================================
2023-07-21 15:04:17 info: ======= ENV: development =======
2023-07-21 15:04:17 info: 🚀 App listening on the port 5211
2023-07-21 15:04:17 info: =================================
2023-07-21 15:04:44 info: =================================
2023-07-21 15:04:44 info: ======= ENV: development =======
2023-07-21 15:04:44 info: 🚀 App listening on the port 5211
2023-07-21 15:04:44 info: =================================
2023-07-21 15:41:06 info: =================================
2023-07-21 15:41:06 info: ======= ENV: development =======
2023-07-21 15:41:06 info: 🚀 App listening on the port 5211
2023-07-21 15:41:06 info: =================================
2023-07-21 15:42:22 info: =================================
2023-07-21 15:42:22 info: ======= ENV: development =======
2023-07-21 15:42:22 info: 🚀 App listening on the port 5211
2023-07-21 15:42:22 info: =================================
2023-07-21 15:42:38 info: =================================
2023-07-21 15:42:38 info: ======= ENV: development =======
2023-07-21 15:42:38 info: 🚀 App listening on the port 5211
2023-07-21 15:42:38 info: =================================
2023-07-21 15:43:41 info: =================================
2023-07-21 15:43:41 info: ======= ENV: development =======
2023-07-21 15:43:41 info: 🚀 App listening on the port 5211
2023-07-21 15:43:41 info: =================================
2023-07-21 15:44:20 info: =================================
2023-07-21 15:44:20 info: ======= ENV: development =======
2023-07-21 15:44:20 info: 🚀 App listening on the port 5211
2023-07-21 15:44:20 info: =================================
2023-07-21 15:45:07 info: =================================
2023-07-21 15:45:07 info: ======= ENV: development =======
2023-07-21 15:45:07 info: 🚀 App listening on the port 5211
2023-07-21 15:45:07 info: =================================
