2023-10-19 12:00:30 info: =================================
2023-10-19 12:00:30 info: ======= ENV: development =======
2023-10-19 12:00:30 info: 🚀 App listening on the port 5211
2023-10-19 12:00:30 info: =================================
2023-10-19 10:47:33 info: =================================
2023-10-19 10:47:33 info: ======= ENV: development =======
2023-10-19 10:47:33 info: 🚀 App listening on the port 5210
2023-10-19 10:47:33 info: =================================
2023-10-19 10:48:24 error: [POST] /api/login >> StatusCode:: 500, Message:: Cannot read properties of null (reading '_id')
2023-10-19 10:48:24 info: [0mPOST /api/login [31m500[0m 247.536 ms - 60[0m
2023-10-19 10:48:44 info: =================================
2023-10-19 10:48:44 info: ======= ENV: development =======
2023-10-19 10:48:44 info: 🚀 App listening on the port 5210
2023-10-19 10:48:44 info: =================================
2023-10-19 10:48:48 error: [POST] /api/login >> StatusCode:: 500, Message:: Cannot read properties of null (reading '_id')
2023-10-19 10:48:48 info: [0mPOST /api/login [31m500[0m 102.877 ms - 60[0m
2023-10-19 10:48:49 error: [POST] /api/login >> StatusCode:: 500, Message:: Cannot read properties of null (reading '_id')
2023-10-19 10:48:49 info: [0mPOST /api/login [31m500[0m 71.195 ms - 60[0m
2023-10-19 10:49:56 error: [POST] /api/login >> StatusCode:: 500, Message:: Cannot read properties of null (reading '_id')
2023-10-19 10:49:56 info: [0mPOST /api/login [31m500[0m 86.906 ms - 60[0m
2023-10-19 10:51:17 info: [0mPOST /api/login [32m200[0m 231.215 ms - -[0m
2023-10-19 10:51:17 info: [0mPOST /api/files/getFilesByUserId [32m200[0m 157.194 ms - -[0m
2023-10-19 10:51:23 info: [0mPOST /api/files/updateFileById [32m200[0m 252.338 ms - -[0m
2023-10-19 10:51:54 info: [0mPOST /api/files/updateFileById [32m200[0m 269.534 ms - -[0m
2023-10-19 10:52:15 info: [0mPOST /api/ia/chat [33m400[0m 21046.357 ms - 47[0m
2023-10-19 10:52:15 info: [0mPOST /api/files/updateFileById [32m200[0m 272.611 ms - -[0m
