2023-06-27 08:41:42 info: =================================
2023-06-27 08:41:42 info: ======= ENV: development =======
2023-06-27 08:41:42 info: 🚀 App listening on the port 5210
2023-06-27 08:41:42 info: =================================
2023-06-27 08:58:34 info: =================================
2023-06-27 08:58:34 info: ======= ENV: development =======
2023-06-27 08:58:34 info: 🚀 App listening on the port 5210
2023-06-27 08:58:34 info: =================================
2023-06-27 12:27:08 info: [0mGET /assets/logo_png [32m200[0m 32.244 ms - 870[0m
2023-06-27 12:27:11 info: [0mGET /assets/logo_png [36m304[0m 8.200 ms - -[0m
2023-06-27 12:30:01 info: [0mGET /favicon.ico [32m200[0m 2.689 ms - 870[0m
2023-06-27 13:24:50 info: =================================
2023-06-27 13:24:50 info: ======= ENV: development =======
2023-06-27 13:24:50 info: 🚀 App listening on the port 5210
2023-06-27 13:24:50 info: =================================
2023-06-27 13:27:23 info: =================================
2023-06-27 13:27:23 info: ======= ENV: development =======
2023-06-27 13:27:23 info: 🚀 App listening on the port 5210
2023-06-27 13:27:23 info: =================================
2023-06-27 13:28:11 info: =================================
2023-06-27 13:28:11 info: ======= ENV: development =======
2023-06-27 13:28:11 info: 🚀 App listening on the port 5210
2023-06-27 13:28:11 info: =================================
2023-06-27 13:31:06 info: =================================
2023-06-27 13:31:06 info: ======= ENV: development =======
2023-06-27 13:31:06 info: 🚀 App listening on the port 5210
2023-06-27 13:31:06 info: =================================
2023-06-27 13:31:49 info: [0mGET /main.887ae71dec35b277e1d8.hot-update.json [32m200[0m 21.548 ms - 870[0m
2023-06-27 13:32:19 info: =================================
2023-06-27 13:32:19 info: ======= ENV: development =======
2023-06-27 13:32:19 info: 🚀 App listening on the port 5210
2023-06-27 13:32:19 info: =================================
2023-06-27 13:33:40 info: =================================
2023-06-27 13:33:40 info: ======= ENV: development =======
2023-06-27 13:33:40 info: 🚀 App listening on the port 5210
2023-06-27 13:33:40 info: =================================
2023-06-27 13:43:11 info: =================================
2023-06-27 13:43:11 info: ======= ENV: development =======
2023-06-27 13:43:11 info: 🚀 App listening on the port 5210
2023-06-27 13:43:11 info: =================================
2023-06-27 13:43:53 info: =================================
2023-06-27 13:43:53 info: ======= ENV: development =======
2023-06-27 13:43:53 info: 🚀 App listening on the port 5210
2023-06-27 13:43:53 info: =================================
2023-06-27 13:44:16 info: =================================
2023-06-27 13:44:16 info: ======= ENV: development =======
2023-06-27 13:44:16 info: 🚀 App listening on the port 5210
2023-06-27 13:44:16 info: =================================
2023-06-27 13:44:27 info: =================================
2023-06-27 13:44:27 info: ======= ENV: development =======
2023-06-27 13:44:27 info: 🚀 App listening on the port 5210
2023-06-27 13:44:27 info: =================================
2023-06-27 13:44:46 info: =================================
2023-06-27 13:44:46 info: ======= ENV: development =======
2023-06-27 13:44:46 info: 🚀 App listening on the port 5210
2023-06-27 13:44:46 info: =================================
2023-06-27 15:38:06 info: =================================
2023-06-27 15:38:06 info: ======= ENV: development =======
2023-06-27 15:38:06 info: 🚀 App listening on the port 5210
2023-06-27 15:38:06 info: =================================
2023-06-27 15:45:17 info: =================================
2023-06-27 15:45:17 info: ======= ENV: development =======
2023-06-27 15:45:17 info: 🚀 App listening on the port 5210
2023-06-27 15:45:17 info: =================================
2023-06-27 15:45:51 info: =================================
2023-06-27 15:45:51 info: ======= ENV: development =======
2023-06-27 15:45:51 info: 🚀 App listening on the port 5210
2023-06-27 15:45:51 info: =================================
2023-06-27 16:19:59 info: =================================
2023-06-27 16:19:59 info: ======= ENV: development =======
2023-06-27 16:19:59 info: 🚀 App listening on the port 5210
2023-06-27 16:19:59 info: =================================
2023-06-27 16:28:28 info: [0mPOST /api/login [32m200[0m 414.522 ms - -[0m
2023-06-27 16:34:33 info: [0mPOST /api/login [32m200[0m 231.564 ms - -[0m
2023-06-27 16:36:22 error: [POST] /api/login >> StatusCode:: 409, Message:: Contraseña incorrecta
2023-06-27 16:36:22 info: [0mPOST /api/login [33m409[0m 213.975 ms - 36[0m
2023-06-27 16:37:15 info: [0mPOST /api/login [32m200[0m 205.867 ms - -[0m
