<<<<<<< HEAD
2023-07-11 15:22:11 info: =================================
2023-07-11 15:22:11 info: ======= ENV: production =======
2023-07-11 15:22:11 info: 🚀 App listening on the port 5210
2023-07-11 15:22:11 info: =================================
=======
<<<<<<< HEAD
2023-07-11 15:21:04 info: =================================
2023-07-11 15:21:04 info: ======= ENV: production =======
2023-07-11 15:21:04 info: 🚀 App listening on the port 5210
2023-07-11 15:21:04 info: =================================
=======
2023-07-11 01:52:48 info: =================================
2023-07-11 01:52:48 info: ======= ENV: development =======
2023-07-11 01:52:48 info: 🚀 App listening on the port 5211
2023-07-11 01:52:48 info: =================================
2023-07-11 01:53:27 info: [0mPOST /api/login [32m200[0m 357.346 ms - -[0m
2023-07-11 01:53:45 info: [0mPOST /api/ia/upload_pdf [32m200[0m 7627.294 ms - 110[0m
2023-07-11 01:54:23 info: [0mPOST /api/ia/upload_pdf [32m200[0m 8578.473 ms - 110[0m
2023-07-11 01:54:50 info: [0mPOST /api/ia/chat [32m200[0m 3816.517 ms - -[0m
2023-07-11 01:59:56 info: [0mPOST /api/ia/chat [32m200[0m 3637.835 ms - -[0m
2023-07-11 02:07:14 info: [0mPOST /api/ia/upload_pdf [32m200[0m 8321.291 ms - 110[0m
2023-07-11 02:07:38 info: [0mPOST /api/ia/chat [32m200[0m 9931.859 ms - -[0m
2023-07-11 02:07:44 info: [0mGET /static/js/bundle.worker.js [32m200[0m 6.583 ms - 874[0m
2023-07-11 02:07:45 info: [0mGET /static/js/bundle.worker.js [36m304[0m 2.440 ms - -[0m
2023-07-11 02:29:10 info: =================================
2023-07-11 02:29:10 info: ======= ENV: development =======
2023-07-11 02:29:10 info: 🚀 App listening on the port 5211
2023-07-11 02:29:10 info: =================================
2023-07-11 02:31:00 info: [0mPOST /api/login [32m200[0m 368.584 ms - -[0m
2023-07-11 02:32:19 info: [0mPOST /api/ia/upload_pdf [32m200[0m 7897.030 ms - 110[0m
2023-07-11 02:32:44 info: [0mPOST /api/ia/chat [32m200[0m 6771.092 ms - -[0m
2023-07-11 02:33:11 info: [0mGET /static/js/bundle.worker.js [36m304[0m 4.479 ms - -[0m
2023-07-11 02:33:12 info: [0mGET /static/js/bundle.worker.js [36m304[0m 2.222 ms - -[0m
2023-07-11 02:44:23 info: [0mPOST /api/ia/upload_pdf [32m200[0m 8284.483 ms - 110[0m
2023-07-11 02:44:51 info: [0mPOST /api/ia/chat [32m200[0m 12833.072 ms - -[0m
2023-07-11 02:46:49 info: [0mPOST /api/ia/upload_pdf [32m200[0m 8157.315 ms - 110[0m
2023-07-11 02:47:04 info: [0mPOST /api/ia/chat [32m200[0m 4046.730 ms - -[0m
2023-07-11 02:58:43 info: =================================
2023-07-11 02:58:43 info: ======= ENV: development =======
2023-07-11 02:58:43 info: 🚀 App listening on the port 5211
2023-07-11 02:58:43 info: =================================
2023-07-11 02:59:41 info: =================================
2023-07-11 02:59:41 info: ======= ENV: development =======
2023-07-11 02:59:41 info: 🚀 App listening on the port 5211
2023-07-11 02:59:41 info: =================================
2023-07-11 10:18:52 info: =================================
2023-07-11 10:18:52 info: ======= ENV: development =======
2023-07-11 10:18:52 info: 🚀 App listening on the port 5211
2023-07-11 10:18:52 info: =================================
2023-07-11 10:35:28 info: [0mPOST /api/login [32m200[0m 359.955 ms - -[0m
2023-07-11 10:37:03 info: [0mPOST /api/ia/upload_pdf [32m200[0m 7553.040 ms - 110[0m
2023-07-11 10:37:17 info: [0mPOST /api/ia/chat [32m200[0m 3749.936 ms - -[0m
2023-07-11 11:08:21 info: [0mPOST /api/ia/upload_pdf [32m200[0m 7907.026 ms - 110[0m
2023-07-11 11:08:34 info: [0mPOST /api/ia/chat [32m200[0m 4006.602 ms - -[0m
2023-07-11 11:08:38 info: [0mGET /sample.pdf [32m200[0m 6.773 ms - 874[0m
2023-07-11 11:54:47 info: =================================
2023-07-11 11:54:47 info: ======= ENV: development =======
2023-07-11 11:54:47 info: 🚀 App listening on the port 5211
2023-07-11 11:54:47 info: =================================
2023-07-11 11:58:14 info: =================================
2023-07-11 11:58:14 info: ======= ENV: development =======
2023-07-11 11:58:14 info: 🚀 App listening on the port 5211
2023-07-11 11:58:14 info: =================================
2023-07-11 11:58:44 info: [0mPOST /api/ia/upload_pdf [32m200[0m 7593.854 ms - 110[0m
2023-07-11 11:58:56 info: [0mPOST /api/ia/chat [32m200[0m 1985.367 ms - -[0m
2023-07-11 11:59:50 info: [0mPOST /api/ia/upload_pdf [32m200[0m 7919.729 ms - 110[0m
2023-07-11 12:00:33 info: [0mPOST /api/ia/chat [32m200[0m 1439.599 ms - -[0m
2023-07-11 12:01:39 info: [0mPOST /api/ia/upload_pdf [32m200[0m 7399.786 ms - 110[0m
2023-07-11 12:01:53 info: [0mPOST /api/ia/chat [32m200[0m 6593.264 ms - -[0m
2023-07-11 12:02:47 info: [0mPOST /api/ia/upload_pdf [32m200[0m 7833.709 ms - 110[0m
2023-07-11 12:02:56 info: [0mPOST /api/ia/chat [32m200[0m 2304.983 ms - -[0m
2023-07-11 12:08:19 info: [0mPOST /api/ia/upload_pdf [32m200[0m 7735.766 ms - 110[0m
2023-07-11 12:08:27 info: [0mPOST /api/ia/chat [32m200[0m 1189.320 ms - 879[0m
2023-07-11 14:12:12 info: [0mPOST /api/ia/chat [32m200[0m 5878.511 ms - -[0m
2023-07-11 14:12:55 info: [0mPOST /api/ia/chat [32m200[0m 1364.635 ms - -[0m
2023-07-11 14:20:48 info: [0mPOST /api/ia/upload_pdf [32m200[0m 3891.607 ms - 78[0m
2023-07-11 14:21:26 info: [0mPOST /api/ia/chat [32m200[0m 15295.733 ms - -[0m
2023-07-11 14:22:01 info: [0mPOST /api/ia/upload_pdf [32m200[0m 3898.027 ms - 78[0m
2023-07-11 14:22:17 info: [0mPOST /api/ia/chat [32m200[0m 2333.711 ms - -[0m
2023-07-11 14:22:51 info: [0mPOST /api/ia/upload_pdf [32m200[0m 3893.689 ms - 78[0m
2023-07-11 14:23:04 info: [0mPOST /api/ia/chat [32m200[0m 2099.339 ms - -[0m
2023-07-11 15:03:05 info: =================================
2023-07-11 15:03:05 info: ======= ENV: development =======
2023-07-11 15:03:05 info: 🚀 App listening on the port 5211
2023-07-11 15:03:05 info: =================================
2023-07-11 15:03:43 info: [0mPOST /api/ia/upload_pdf [32m200[0m 7626.304 ms - 110[0m
2023-07-11 15:04:04 info: [0mPOST /api/ia/chat [32m200[0m 1855.104 ms - -[0m
2023-07-11 15:11:58 info: [0mPOST /api/ia/chat [32m200[0m 1996.359 ms - -[0m
2023-07-11 15:14:53 info: =================================
2023-07-11 15:14:53 info: ======= ENV: development =======
2023-07-11 15:14:53 info: 🚀 App listening on the port 5211
2023-07-11 15:14:53 info: =================================
>>>>>>> f5de8e5c4e2736d536caf6e74c1b68074b1aba18
2023-07-11 15:21:26 info: =================================
2023-07-11 15:21:26 info: ======= ENV: production =======
2023-07-11 15:21:26 info: 🚀 App listening on the port 5210
2023-07-11 15:21:26 info: =================================
>>>>>>> dev
2023-07-11 15:22:31 info: =================================
2023-07-11 15:22:31 info: ======= ENV: production =======
2023-07-11 15:22:31 info: 🚀 App listening on the port 5210
2023-07-11 15:22:31 info: =================================
2023-07-11 16:10:07 info: =================================
2023-07-11 16:10:07 info: ======= ENV: production =======
2023-07-11 16:10:07 info: 🚀 App listening on the port 5210
2023-07-11 16:10:07 info: =================================
2023-07-11 19:32:14 info: =================================
2023-07-11 19:32:14 info: ======= ENV: production =======
2023-07-11 19:32:14 info: 🚀 App listening on the port 5210
2023-07-11 19:32:14 info: =================================
2023-07-11 19:33:10 info: =================================
2023-07-11 19:33:10 info: ======= ENV: production =======
2023-07-11 19:33:10 info: 🚀 App listening on the port 5210
2023-07-11 19:33:10 info: =================================
2023-07-11 20:08:00 info: =================================
2023-07-11 20:08:00 info: ======= ENV: production =======
2023-07-11 20:08:00 info: 🚀 App listening on the port 5210
2023-07-11 20:08:00 info: =================================
