2024-07-03 18:19:27 info: =================================
2024-07-03 18:19:27 info: ======= ENV: development =======
2024-07-03 18:19:27 info: 🚀 App listening on the port 5210
2024-07-03 18:19:27 info: =================================
2024-07-03 18:19:52 info: [0mGET /api/veify-token/ [32m200[0m 36.891 ms - 967[0m
2024-07-03 18:19:52 info: [0mGET /api/veify-token/ [36m304[0m 4.119 ms - -[0m
2024-07-03 18:19:53 info: [0mGET /api/organization/getOrganizations [36m304[0m 85.224 ms - -[0m
2024-07-03 18:19:53 info: [0mGET /api/roles/getRoles [32m200[0m 198.356 ms - -[0m
2024-07-03 18:19:53 info: [0mGET /api/files/getFiles [32m200[0m 494.431 ms - -[0m
2024-07-03 18:19:55 info: [0mGET /api/users/getUsers [32m200[0m 2668.218 ms - -[0m
2024-07-03 18:19:57 info: [0mGET /api/veify-token/ [36m304[0m 2.764 ms - -[0m
2024-07-03 18:19:57 info: [0mGET /api/veify-token/ [36m304[0m 1.637 ms - -[0m
2024-07-03 18:20:16 info: [0mOPTIONS /api/login [32m204[0m 0.486 ms - 0[0m
2024-07-03 18:20:16 info: [0mPOST /api/login [32m200[0m 520.980 ms - -[0m
2024-07-03 18:20:16 info: [0mGET /api/organization/getOrganizations [36m304[0m 83.013 ms - -[0m
2024-07-03 18:20:16 info: [0mGET /api/organization/getOrganizations [36m304[0m 73.532 ms - -[0m
2024-07-03 18:20:16 info: [0mGET /api/roles/getRoles [36m304[0m 153.782 ms - -[0m
2024-07-03 18:20:17 info: [0mGET /api/roles/getRoles [36m304[0m 149.182 ms - -[0m
2024-07-03 18:20:17 info: [0mGET /api/files/getFiles [36m304[0m 365.612 ms - -[0m
2024-07-03 18:20:20 info: [0mGET /api/users/getUsers [36m304[0m 3813.986 ms - -[0m
2024-07-03 18:20:24 info: [0mGET /api/users/getUsers [36m304[0m 3852.564 ms - -[0m
2024-07-03 18:21:28 info: =================================
2024-07-03 18:21:28 info: ======= ENV: development =======
2024-07-03 18:21:28 info: 🚀 App listening on the port 5210
2024-07-03 18:21:28 info: =================================
2024-07-03 18:21:41 info: [0mGET /api/veify-token/ [36m304[0m 9.463 ms - -[0m
2024-07-03 18:21:41 info: [0mGET /api/veify-token/ [36m304[0m 4.970 ms - -[0m
2024-07-03 18:21:54 info: [0mOPTIONS /api/login [32m204[0m 0.333 ms - 0[0m
2024-07-03 18:21:54 info: [0mPOST /api/login [32m200[0m 390.408 ms - -[0m
2024-07-03 18:21:54 info: [0mGET /api/organization/getOrganizations [36m304[0m 75.138 ms - -[0m
2024-07-03 18:21:55 info: [0mGET /api/organization/getOrganizations [36m304[0m 75.626 ms - -[0m
2024-07-03 18:21:55 info: [0mGET /api/roles/getRoles [36m304[0m 163.501 ms - -[0m
2024-07-03 18:21:55 info: [0mGET /api/roles/getRoles [36m304[0m 141.345 ms - -[0m
2024-07-03 18:21:55 info: [0mGET /api/files/getFiles [36m304[0m 492.483 ms - -[0m
2024-07-03 18:21:58 info: [0mGET /api/users/getUsers [36m304[0m 3595.144 ms - -[0m
2024-07-03 18:22:01 info: [0mGET /api/users/getUsers [36m304[0m 3295.728 ms - -[0m
2024-07-03 18:23:31 info: =================================
2024-07-03 18:23:31 info: ======= ENV: development =======
2024-07-03 18:23:31 info: 🚀 App listening on the port 5210
2024-07-03 18:23:31 info: =================================
2024-07-03 18:23:50 info: [0mOPTIONS /api/login [32m204[0m 1.042 ms - 0[0m
2024-07-03 18:23:50 info: [0mPOST /api/login [32m200[0m 383.005 ms - -[0m
2024-07-03 18:23:50 info: [0mGET /api/organization/getOrganizations [36m304[0m 77.336 ms - -[0m
2024-07-03 18:23:50 info: [0mGET /api/organization/getOrganizations [36m304[0m 74.880 ms - -[0m
2024-07-03 18:23:50 info: [0mGET /api/roles/getRoles [36m304[0m 165.672 ms - -[0m
2024-07-03 18:23:50 info: [0mGET /api/organization/getOrganizations [36m304[0m 72.469 ms - -[0m
2024-07-03 18:23:50 info: [0mGET /api/roles/getRoles [36m304[0m 143.342 ms - -[0m
2024-07-03 18:23:50 info: [0mGET /api/files/getFiles [36m304[0m 356.904 ms - -[0m
2024-07-03 18:23:51 info: [0mGET /api/roles/getRoles [36m304[0m 146.964 ms - -[0m
2024-07-03 18:23:53 info: [0mGET /api/users/getUsers [36m304[0m 2611.551 ms - -[0m
2024-07-03 18:23:56 info: [0mGET /api/users/getUsers [36m304[0m 2793.606 ms - -[0m
2024-07-03 18:24:41 info: =================================
2024-07-03 18:24:41 info: ======= ENV: development =======
2024-07-03 18:24:41 info: 🚀 App listening on the port 5210
2024-07-03 18:24:41 info: =================================
2024-07-03 18:24:51 info: [0mOPTIONS /api/login [32m204[0m 1.466 ms - 0[0m
2024-07-03 18:24:52 info: [0mPOST /api/login [32m200[0m 386.419 ms - -[0m
2024-07-03 18:24:52 info: [0mGET /api/organization/getOrganizations [36m304[0m 84.863 ms - -[0m
2024-07-03 18:24:52 info: [0mGET /api/roles/getRoles [36m304[0m 154.737 ms - -[0m
2024-07-03 18:24:52 info: [0mGET /api/organization/getOrganizations [36m304[0m 75.160 ms - -[0m
2024-07-03 18:24:52 info: [0mGET /api/organization/getOrganizations [36m304[0m 71.107 ms - -[0m
2024-07-03 18:24:52 info: [0mGET /api/roles/getRoles [36m304[0m 141.935 ms - -[0m
2024-07-03 18:24:52 info: [0mGET /api/files/getFiles [36m304[0m 364.477 ms - -[0m
2024-07-03 18:24:52 info: [0mGET /api/roles/getRoles [36m304[0m 142.832 ms - -[0m
2024-07-03 18:24:54 info: [0mGET /api/users/getUsers [36m304[0m 2489.882 ms - -[0m
2024-07-03 18:24:57 info: [0mGET /api/users/getUsers [36m304[0m 2826.757 ms - -[0m
2024-07-03 18:25:22 info: [0mOPTIONS /api/login [32m204[0m 0.284 ms - 0[0m
2024-07-03 18:25:22 info: [0mPOST /api/login [32m200[0m 362.251 ms - -[0m
2024-07-03 18:25:22 info: [0mGET /api/organization/getOrganizations [36m304[0m 74.265 ms - -[0m
2024-07-03 18:25:22 info: [0mGET /api/roles/getRoles [36m304[0m 146.379 ms - -[0m
2024-07-03 18:25:22 info: [0mGET /api/organization/getOrganizations [36m304[0m 76.603 ms - -[0m
2024-07-03 18:25:23 info: [0mGET /api/organization/getOrganizations [36m304[0m 71.952 ms - -[0m
2024-07-03 18:25:23 info: [0mGET /api/roles/getRoles [36m304[0m 147.050 ms - -[0m
2024-07-03 18:25:23 info: [0mGET /api/files/getFiles [36m304[0m 353.318 ms - -[0m
2024-07-03 18:25:23 info: [0mGET /api/roles/getRoles [36m304[0m 142.627 ms - -[0m
2024-07-03 18:25:23 info: [0mGET /api/files/getFiles [36m304[0m 210.589 ms - -[0m
2024-07-03 18:25:25 info: [0mGET /api/users/getUsers [36m304[0m 2884.263 ms - -[0m
2024-07-03 18:25:29 info: [0mGET /api/users/getUsers [36m304[0m 3861.884 ms - -[0m
2024-07-03 18:34:48 info: =================================
2024-07-03 18:34:48 info: ======= ENV: development =======
2024-07-03 18:34:48 info: 🚀 App listening on the port 5210
2024-07-03 18:34:48 info: =================================
2024-07-03 18:34:48 info: [0mGET /api/veify-token/ [36m304[0m 7.943 ms - -[0m
2024-07-03 18:41:41 info: [0mGET /api/veify-token/ [36m304[0m 5.103 ms - -[0m
2024-07-03 18:41:41 info: [0mGET /api/veify-token/ [36m304[0m 2.212 ms - -[0m
2024-07-03 18:41:53 info: [0mOPTIONS /api/login [32m204[0m 0.346 ms - 0[0m
2024-07-03 18:41:53 info: [0mPOST /api/login [32m200[0m 403.674 ms - -[0m
2024-07-03 18:41:54 info: [0mGET /api/organization/getOrganizations [36m304[0m 82.612 ms - -[0m
2024-07-03 18:41:54 info: [0mGET /api/roles/getRoles [36m304[0m 150.351 ms - -[0m
2024-07-03 18:41:54 info: [0mGET /api/organization/getOrganizations [36m304[0m 73.687 ms - -[0m
2024-07-03 18:41:54 info: [0mGET /api/roles/getRoles [36m304[0m 143.642 ms - -[0m
2024-07-03 18:41:54 info: [0mGET /api/files/getFiles [36m304[0m 352.629 ms - -[0m
2024-07-03 18:41:56 info: [0mGET /api/users/getUsers [36m304[0m 2556.244 ms - -[0m
2024-07-03 18:41:59 info: [0mGET /api/users/getUsers [36m304[0m 2748.765 ms - -[0m
2024-07-03 18:43:21 info: [0mGET /api/veify-token/ [36m304[0m 6.978 ms - -[0m
2024-07-03 18:43:21 info: [0mGET /api/veify-token/ [36m304[0m 5.581 ms - -[0m
2024-07-03 18:43:22 info: [0mGET /api/organization/getOrganizations [36m304[0m 78.267 ms - -[0m
2024-07-03 18:43:22 info: [0mGET /api/roles/getRoles [36m304[0m 155.488 ms - -[0m
2024-07-03 18:43:22 info: [0mGET /api/files/getFiles [36m304[0m 349.333 ms - -[0m
2024-07-03 18:43:24 info: [0mGET /api/users/getUsers [36m304[0m 2565.753 ms - -[0m
2024-07-03 18:43:45 info: [0mOPTIONS /api/login [32m204[0m 0.511 ms - 0[0m
2024-07-03 18:43:46 info: [0mPOST /api/login [32m200[0m 359.823 ms - -[0m
2024-07-03 18:43:46 info: [0mGET /api/organization/getOrganizations [36m304[0m 79.817 ms - -[0m
2024-07-03 18:43:46 info: [0mGET /api/roles/getRoles [36m304[0m 148.510 ms - -[0m
2024-07-03 18:43:46 info: [0mGET /api/organization/getOrganizations [36m304[0m 76.210 ms - -[0m
2024-07-03 18:43:46 info: [0mGET /api/organization/getOrganizations [36m304[0m 74.999 ms - -[0m
2024-07-03 18:43:46 info: [0mGET /api/roles/getRoles [36m304[0m 142.974 ms - -[0m
2024-07-03 18:43:46 info: [0mGET /api/files/getFiles [36m304[0m 352.576 ms - -[0m
2024-07-03 18:43:46 info: [0mGET /api/roles/getRoles [36m304[0m 141.518 ms - -[0m
2024-07-03 18:43:46 info: [0mGET /api/files/getFiles [36m304[0m 362.245 ms - -[0m
2024-07-03 18:43:48 info: [0mGET /api/users/getUsers [36m304[0m 2570.004 ms - -[0m
2024-07-03 18:43:51 info: [0mGET /api/users/getUsers [36m304[0m 2691.411 ms - -[0m
2024-07-03 18:47:02 info: [0mOPTIONS /api/login [32m204[0m 0.321 ms - 0[0m
2024-07-03 18:47:02 info: [0mPOST /api/login [32m200[0m 350.317 ms - -[0m
2024-07-03 18:47:02 info: [0mGET /api/organization/getOrganizations [36m304[0m 77.269 ms - -[0m
2024-07-03 18:47:02 info: [0mGET /api/roles/getRoles [36m304[0m 149.719 ms - -[0m
2024-07-03 18:47:02 info: [0mGET /api/organization/getOrganizations [36m304[0m 70.520 ms - -[0m
2024-07-03 18:47:02 info: [0mGET /api/organization/getOrganizations [36m304[0m 73.721 ms - -[0m
2024-07-03 18:47:02 info: [0mGET /api/roles/getRoles [36m304[0m 142.738 ms - -[0m
2024-07-03 18:47:02 info: [0mGET /api/files/getFiles [36m304[0m 352.981 ms - -[0m
2024-07-03 18:47:03 info: [0mGET /api/roles/getRoles [36m304[0m 146.162 ms - -[0m
2024-07-03 18:47:05 info: [0mGET /api/users/getUsers [36m304[0m 3167.184 ms - -[0m
2024-07-03 18:47:06 info: [0mGET /api/users/getUsers [0m-[0m - ms - -[0m
2024-07-03 18:47:07 info: [0mGET /api/veify-token/ [36m304[0m 5.904 ms - -[0m
2024-07-03 18:47:07 info: [0mGET /api/veify-token/ [36m304[0m 1.147 ms - -[0m
2024-07-03 18:47:07 info: [0mGET /api/organization/getOrganizations [36m304[0m 82.417 ms - -[0m
2024-07-03 18:47:07 info: [0mGET /api/roles/getRoles [36m304[0m 141.829 ms - -[0m
2024-07-03 18:47:08 info: [0mGET /api/files/getFiles [36m304[0m 555.175 ms - -[0m
2024-07-03 18:47:10 info: [0mGET /api/users/getUsers [32m200[0m 2993.147 ms - -[0m
2024-07-03 18:47:12 info: [0mGET /api/veify-token/ [32m200[0m 6.378 ms - 967[0m
2024-07-03 18:47:12 info: [0mGET /api/veify-token/ [32m200[0m 5.333 ms - 967[0m
2024-07-03 18:47:23 info: [0mOPTIONS /api/login [32m204[0m 0.728 ms - 0[0m
2024-07-03 18:47:23 info: [0mPOST /api/login [32m200[0m 348.496 ms - -[0m
2024-07-03 18:47:23 info: [0mGET /api/organization/getOrganizations [36m304[0m 73.079 ms - -[0m
2024-07-03 18:47:23 info: [0mGET /api/organization/getOrganizations [36m304[0m 73.645 ms - -[0m
2024-07-03 18:47:23 info: [0mGET /api/roles/getRoles [36m304[0m 152.359 ms - -[0m
2024-07-03 18:47:24 info: [0mGET /api/roles/getRoles [36m304[0m 145.079 ms - -[0m
2024-07-03 18:47:24 info: [0mGET /api/files/getFiles [36m304[0m 353.401 ms - -[0m
2024-07-03 18:47:27 info: [0mGET /api/users/getUsers [36m304[0m 3754.487 ms - -[0m
2024-07-03 18:47:31 info: [0mGET /api/users/getUsers [36m304[0m 3537.730 ms - -[0m
2024-07-03 18:49:54 info: [0mGET /api/veify-token/eyJhbGciOiJIUzI1NiIsInR5cCI6IkpXVCJ9.eyJfaWQiOiI2NDliM2M3MTNmZjY4NjUyYWI3MzFmMTMiLCJpYXQiOjE3MjAwNDY4NDMsImV4cCI6MTcyMDEzMzI0M30.f0PKe6dP0Zz_VKzSDM6vuScnZGg3P26jOC75W4Nw-xQ [32m200[0m 194.513 ms - 521[0m
2024-07-03 18:49:58 info: [0mGET /api/users/getUsers [36m304[0m 3825.343 ms - -[0m
2024-07-03 18:50:01 info: [0mGET /api/users/getUsers [32m200[0m 3030.367 ms - -[0m
2024-07-03 18:50:02 info: [0mGET /api/veify-token/ [36m304[0m 5.080 ms - -[0m
2024-07-03 18:50:02 info: [0mGET /api/veify-token/ [36m304[0m 1.214 ms - -[0m
2024-07-03 18:50:15 info: [0mOPTIONS /api/login [32m204[0m 0.274 ms - 0[0m
2024-07-03 18:50:15 info: [0mPOST /api/login [32m200[0m 347.951 ms - -[0m
2024-07-03 18:50:16 info: [0mGET /api/organization/getOrganizations [36m304[0m 71.305 ms - -[0m
2024-07-03 18:50:16 info: [0mGET /api/roles/getRoles [36m304[0m 151.173 ms - -[0m
2024-07-03 18:50:16 info: [0mGET /api/organization/getOrganizations [36m304[0m 81.143 ms - -[0m
2024-07-03 18:50:16 info: [0mGET /api/roles/getRoles [36m304[0m 141.834 ms - -[0m
2024-07-03 18:50:16 info: [0mGET /api/files/getFiles [32m200[0m 346.371 ms - -[0m
2024-07-03 18:50:19 info: [0mGET /api/users/getUsers [36m304[0m 3255.200 ms - -[0m
2024-07-03 18:50:22 info: [0mGET /api/users/getUsers [36m304[0m 2878.604 ms - -[0m
2024-07-03 18:50:27 info: [0mGET /api/veify-token/ [36m304[0m 5.303 ms - -[0m
2024-07-03 18:50:27 info: [0mGET /api/veify-token/ [36m304[0m 2.965 ms - -[0m
2024-07-03 18:50:27 info: [0mGET /api/organization/getOrganizations [36m304[0m 86.514 ms - -[0m
2024-07-03 18:50:27 info: [0mGET /api/roles/getRoles [36m304[0m 155.969 ms - -[0m
2024-07-03 18:50:27 info: [0mGET /api/files/getFiles [36m304[0m 348.375 ms - -[0m
2024-07-03 18:50:30 info: [0mGET /api/users/getUsers [36m304[0m 3093.737 ms - -[0m
2024-07-03 18:51:17 info: [0mGET /api/veify-token/ [36m304[0m 1.671 ms - -[0m
2024-07-03 18:51:17 info: [0mGET /api/veify-token/ [36m304[0m 3.105 ms - -[0m
2024-07-03 18:51:17 info: [0mGET /api/organization/getOrganizations [36m304[0m 92.020 ms - -[0m
2024-07-03 18:51:17 info: [0mGET /api/roles/getRoles [36m304[0m 163.088 ms - -[0m
2024-07-03 18:51:17 info: [0mGET /api/files/getFiles [36m304[0m 363.408 ms - -[0m
2024-07-03 18:51:20 info: [0mGET /api/users/getUsers [36m304[0m 2941.764 ms - -[0m
2024-07-03 18:51:31 info: [0mGET /api/veify-token/ [32m200[0m 13.548 ms - 967[0m
2024-07-03 18:51:31 info: [0mGET /api/veify-token/ [32m200[0m 5.062 ms - 967[0m
2024-07-03 18:51:32 info: [0mGET /api/organization/getOrganizations [32m200[0m 83.893 ms - 979[0m
2024-07-03 18:51:32 info: [0mGET /api/roles/getRoles [32m200[0m 151.508 ms - -[0m
2024-07-03 18:51:32 info: [0mGET /api/files/getFiles [32m200[0m 492.224 ms - -[0m
2024-07-03 18:51:35 info: [0mGET /api/users/getUsers [32m200[0m 3092.700 ms - -[0m
2024-07-03 18:53:24 info: [0mGET /api/veify-token/eyJhbGciOiJIUzI1NiIsInR5cCI6IkpXVCJ9.eyJfaWQiOiI2NDliM2M3MTNmZjY4NjUyYWI3MzFmMTMiLCJpYXQiOjE3MjAwNDcwMTUsImV4cCI6MTcyMDEzMzQxNX0.uRZbGGwYLKJlM_E_hTP6eiR9eCIl-_or1pPMkzm6mbs [32m200[0m 174.326 ms - 521[0m
2024-07-03 18:53:27 info: [0mGET /api/users/getUsers [36m304[0m 3241.915 ms - -[0m
2024-07-03 18:53:31 info: [0mGET /api/users/getUsers [32m200[0m 4039.588 ms - -[0m
2024-07-03 18:53:42 info: [0mOPTIONS /api/login [32m204[0m 0.231 ms - 0[0m
2024-07-03 18:53:42 info: [0mPOST /api/login [32m200[0m 344.956 ms - -[0m
2024-07-03 18:53:42 info: [0mGET /api/organization/getOrganizations [36m304[0m 76.857 ms - -[0m
2024-07-03 18:53:42 info: [0mGET /api/organization/getOrganizations [36m304[0m 70.418 ms - -[0m
2024-07-03 18:53:42 info: [0mGET /api/roles/getRoles [36m304[0m 149.780 ms - -[0m
2024-07-03 18:53:42 info: [0mGET /api/organization/getOrganizations [36m304[0m 84.256 ms - -[0m
2024-07-03 18:53:43 info: [0mGET /api/roles/getRoles [36m304[0m 144.543 ms - -[0m
2024-07-03 18:53:43 info: [0mGET /api/roles/getRoles [36m304[0m 141.883 ms - -[0m
2024-07-03 18:53:43 info: [0mGET /api/files/getFiles [32m200[0m 498.955 ms - -[0m
2024-07-03 18:53:46 info: [0mGET /api/users/getUsers [36m304[0m 3731.304 ms - -[0m
2024-07-03 18:53:50 info: [0mGET /api/users/getUsers [36m304[0m 3501.987 ms - -[0m
2024-07-03 18:55:36 info: [0mGET /api/veify-token/eyJhbGciOiJIUzI1NiIsInR5cCI6IkpXVCJ9.eyJfaWQiOiI2NDliM2M3MTNmZjY4NjUyYWI3MzFmMTMiLCJpYXQiOjE3MjAwNDcyMjIsImV4cCI6MTcyMDEzMzYyMn0.2mOYjDxFpSGkLRR8yjLXTIaclgXRpPIM4Eq-yleQuIQ [32m200[0m 192.540 ms - 521[0m
2024-07-03 18:55:38 info: [0mGET /api/users/getUsers [0m-[0m - ms - -[0m
2024-07-03 18:55:39 info: [0mGET /api/veify-token/ [36m304[0m 21.749 ms - -[0m
2024-07-03 18:55:39 info: [0mGET /api/veify-token/ [36m304[0m 11.645 ms - -[0m
2024-07-03 18:55:49 info: [0mOPTIONS /api/login [32m204[0m 0.306 ms - 0[0m
2024-07-03 18:55:49 info: [0mPOST /api/login [32m200[0m 350.828 ms - -[0m
2024-07-03 18:55:49 info: [0mGET /api/organization/getOrganizations [36m304[0m 80.755 ms - -[0m
2024-07-03 18:55:49 info: [0mGET /api/roles/getRoles [36m304[0m 145.286 ms - -[0m
2024-07-03 18:55:49 info: [0mGET /api/organization/getOrganizations [36m304[0m 72.779 ms - -[0m
2024-07-03 18:55:49 info: [0mGET /api/roles/getRoles [36m304[0m 140.276 ms - -[0m
2024-07-03 18:55:49 info: [0mGET /api/files/getFiles [32m200[0m 408.589 ms - -[0m
2024-07-03 18:55:52 info: [0mGET /api/users/getUsers [32m200[0m 3240.230 ms - -[0m
2024-07-03 18:55:55 info: [0mGET /api/users/getUsers [36m304[0m 3071.087 ms - -[0m
2024-07-03 18:55:56 info: [0mGET /api/veify-token/ [36m304[0m 2.529 ms - -[0m
2024-07-03 18:55:56 info: [0mGET /api/veify-token/ [36m304[0m 1.861 ms - -[0m
2024-07-03 18:55:59 info: [0mGET /api/veify-token/ [36m304[0m 2.401 ms - -[0m
2024-07-03 18:55:59 info: [0mGET /api/veify-token/ [36m304[0m 1.203 ms - -[0m
2024-07-03 18:56:39 info: [0mOPTIONS /api/login [32m204[0m 0.253 ms - 0[0m
2024-07-03 18:56:39 info: [0mPOST /api/login [32m200[0m 351.989 ms - -[0m
2024-07-03 18:56:39 info: [0mGET /api/organization/getOrganizations [36m304[0m 74.451 ms - -[0m
2024-07-03 18:56:39 info: [0mGET /api/roles/getRoles [36m304[0m 143.848 ms - -[0m
2024-07-03 18:56:39 info: [0mGET /api/organization/getOrganizations [36m304[0m 71.014 ms - -[0m
2024-07-03 18:56:39 info: [0mGET /api/roles/getRoles [36m304[0m 141.014 ms - -[0m
2024-07-03 18:56:39 info: [0mGET /api/files/getFiles [36m304[0m 351.360 ms - -[0m
2024-07-03 18:56:43 info: [0mGET /api/users/getUsers [36m304[0m 3837.435 ms - -[0m
2024-07-03 18:56:47 info: [0mGET /api/users/getUsers [36m304[0m 4183.703 ms - -[0m
2024-07-03 18:57:58 info: [0mOPTIONS /api/login [32m204[0m 0.257 ms - 0[0m
2024-07-03 18:57:58 info: [0mPOST /api/login [32m200[0m 348.807 ms - -[0m
2024-07-03 18:57:58 info: [0mGET /api/organization/getOrganizations [36m304[0m 85.061 ms - -[0m
2024-07-03 18:57:58 info: [0mGET /api/roles/getRoles [36m304[0m 165.564 ms - -[0m
2024-07-03 18:57:58 info: [0mGET /api/organization/getOrganizations [36m304[0m 78.626 ms - -[0m
2024-07-03 18:57:58 info: [0mGET /api/organization/getOrganizations [36m304[0m 70.633 ms - -[0m
2024-07-03 18:57:58 info: [0mGET /api/roles/getRoles [36m304[0m 143.704 ms - -[0m
2024-07-03 18:57:59 info: [0mGET /api/files/getFiles [36m304[0m 431.259 ms - -[0m
2024-07-03 18:57:59 info: [0mGET /api/roles/getRoles [36m304[0m 147.860 ms - -[0m
2024-07-03 18:58:02 info: [0mGET /api/users/getUsers [36m304[0m 3486.946 ms - -[0m
2024-07-03 18:58:05 info: [0mGET /api/users/getUsers [36m304[0m 3515.192 ms - -[0m
2024-07-03 19:02:23 info: [0mGET /api/veify-token/ [36m304[0m 4.991 ms - -[0m
2024-07-03 19:02:23 info: [0mGET /api/veify-token/ [36m304[0m 12.307 ms - -[0m
2024-07-03 19:02:23 info: [0mGET /api/organization/getOrganizations [36m304[0m 78.327 ms - -[0m
2024-07-03 19:02:23 info: [0mGET /api/roles/getRoles [36m304[0m 156.246 ms - -[0m
2024-07-03 19:02:23 info: [0mGET /api/files/getFiles [36m304[0m 348.214 ms - -[0m
2024-07-03 19:02:26 info: [0mGET /api/users/getUsers [36m304[0m 3198.598 ms - -[0m
2024-07-03 19:03:50 info: [0mGET /api/veify-token/ [36m304[0m 6.401 ms - -[0m
2024-07-03 19:03:50 info: [0mGET /api/veify-token/ [36m304[0m 1.602 ms - -[0m
2024-07-03 19:03:50 info: [0mGET /api/organization/getOrganizations [36m304[0m 100.680 ms - -[0m
2024-07-03 19:03:50 info: [0mGET /api/roles/getRoles [36m304[0m 163.032 ms - -[0m
2024-07-03 19:03:50 info: [0mGET /api/files/getFiles [36m304[0m 359.131 ms - -[0m
2024-07-03 19:03:53 info: [0mGET /api/users/getUsers [36m304[0m 3569.460 ms - -[0m
2024-07-03 19:06:31 info: [0mGET /api/veify-token/ [36m304[0m 5.360 ms - -[0m
2024-07-03 19:06:31 info: [0mGET /api/veify-token/ [36m304[0m 1.761 ms - -[0m
2024-07-03 19:06:32 info: [0mGET /api/organization/getOrganizations [36m304[0m 101.180 ms - -[0m
2024-07-03 19:06:32 info: [0mGET /api/roles/getRoles [36m304[0m 171.594 ms - -[0m
2024-07-03 19:06:32 info: [0mGET /api/files/getFiles [36m304[0m 363.466 ms - -[0m
2024-07-03 19:06:33 info: [0mGET /api/users/getUsers [0m-[0m - ms - -[0m
2024-07-03 19:06:33 info: [0mGET /api/veify-token/ [32m200[0m 4.806 ms - 967[0m
2024-07-03 19:06:33 info: [0mGET /api/veify-token/ [32m200[0m 2.922 ms - 967[0m
2024-07-03 19:06:34 info: [0mGET /api/organization/getOrganizations [32m200[0m 76.725 ms - 979[0m
2024-07-03 19:06:34 info: [0mGET /api/roles/getRoles [32m200[0m 146.057 ms - -[0m
2024-07-03 19:06:34 info: [0mGET /api/files/getFiles [32m200[0m 350.146 ms - -[0m
2024-07-03 19:06:38 info: [0mGET /api/users/getUsers [32m200[0m 3995.975 ms - -[0m
2024-07-03 19:07:21 info: [0mGET /api/files/getFiles [36m304[0m 418.590 ms - -[0m
2024-07-03 19:07:21 info: [0mGET /api/files/getFiles [36m304[0m 481.314 ms - -[0m
2024-07-03 19:07:28 info: [0mGET /api/veify-token/ [32m200[0m 19.979 ms - 967[0m
2024-07-03 19:07:28 info: [0mGET /api/veify-token/ [32m200[0m 6.867 ms - 967[0m
2024-07-03 19:07:29 info: [0mGET /api/organization/getOrganizations [32m200[0m 77.338 ms - 979[0m
2024-07-03 19:07:29 info: [0mGET /api/roles/getRoles [32m200[0m 169.023 ms - -[0m
2024-07-03 19:07:29 info: [0mGET /api/files/getFiles [32m200[0m 420.113 ms - -[0m
2024-07-03 19:07:33 info: [0mGET /api/users/getUsers [32m200[0m 4169.870 ms - -[0m
2024-07-03 19:09:06 info: [0mGET /api/veify-token/ [36m304[0m 5.830 ms - -[0m
2024-07-03 19:09:06 info: [0mGET /api/veify-token/ [36m304[0m 1.807 ms - -[0m
2024-07-03 19:09:06 info: [0mGET /api/organization/getOrganizations [36m304[0m 81.676 ms - -[0m
2024-07-03 19:09:06 info: [0mGET /api/roles/getRoles [36m304[0m 152.379 ms - -[0m
2024-07-03 19:09:06 info: [0mGET /api/files/getFiles [36m304[0m 410.496 ms - -[0m
2024-07-03 19:09:10 info: [0mGET /api/users/getUsers [36m304[0m 3711.832 ms - -[0m
2024-07-03 19:09:16 info: [0mGET /api/veify-token/ [32m200[0m 21.620 ms - 967[0m
2024-07-03 19:09:16 info: [0mGET /api/veify-token/ [32m200[0m 15.928 ms - 967[0m
2024-07-03 19:09:17 info: [0mGET /api/organization/getOrganizations [32m200[0m 83.251 ms - 979[0m
2024-07-03 19:09:17 info: [0mGET /api/roles/getRoles [32m200[0m 160.547 ms - -[0m
2024-07-03 19:09:17 info: [0mGET /api/files/getFiles [32m200[0m 346.461 ms - -[0m
2024-07-03 19:09:20 info: [0mGET /api/users/getUsers [32m200[0m 3530.476 ms - -[0m
2024-07-03 19:09:50 info: [0mGET /api/veify-token/ [36m304[0m 2.409 ms - -[0m
2024-07-03 19:09:50 info: [0mGET /api/veify-token/ [36m304[0m 1.715 ms - -[0m
2024-07-03 19:09:50 info: [0mGET /api/organization/getOrganizations [36m304[0m 73.357 ms - -[0m
2024-07-03 19:09:50 info: [0mGET /api/roles/getRoles [36m304[0m 149.541 ms - -[0m
2024-07-03 19:09:51 info: [0mGET /api/files/getFiles [36m304[0m 548.223 ms - -[0m
2024-07-03 19:09:54 info: [0mGET /api/users/getUsers [36m304[0m 3348.113 ms - -[0m
2024-07-03 19:13:43 info: [0mGET /api/veify-token/ [36m304[0m 5.318 ms - -[0m
2024-07-03 19:13:43 info: [0mGET /api/veify-token/ [36m304[0m 1.468 ms - -[0m
2024-07-03 19:13:43 info: [0mGET /api/organization/getOrganizations [36m304[0m 96.325 ms - -[0m
2024-07-03 19:13:43 info: [0mGET /api/roles/getRoles [36m304[0m 152.881 ms - -[0m
2024-07-03 19:13:44 info: [0mGET /api/files/getFiles [36m304[0m 362.793 ms - -[0m
2024-07-03 19:13:49 info: [0mGET /api/users/getUsers [36m304[0m 5429.783 ms - -[0m
2024-07-03 19:13:50 info: [0mGET /api/veify-token/ [32m200[0m 6.499 ms - 967[0m
2024-07-03 19:13:50 info: [0mGET /api/veify-token/ [32m200[0m 7.201 ms - 967[0m
2024-07-03 19:13:50 info: [0mGET /api/organization/getOrganizations [32m200[0m 102.311 ms - 979[0m
2024-07-03 19:13:50 info: [0mGET /api/roles/getRoles [32m200[0m 158.124 ms - -[0m
2024-07-03 19:13:50 info: [0mGET /api/files/getFiles [32m200[0m 548.317 ms - -[0m
2024-07-03 19:13:54 info: [0mGET /api/users/getUsers [32m200[0m 3857.804 ms - -[0m
2024-07-03 20:23:24 info: [0mGET /api/veify-token/ [36m304[0m 6.945 ms - -[0m
2024-07-03 20:23:24 info: [0mGET /api/veify-token/ [36m304[0m 1.915 ms - -[0m
2024-07-03 20:23:25 info: [0mGET /api/organization/getOrganizations [36m304[0m 78.119 ms - -[0m
2024-07-03 20:23:25 info: [0mGET /api/roles/getRoles [36m304[0m 179.741 ms - -[0m
2024-07-03 20:23:25 info: [0mGET /api/files/getFiles [36m304[0m 373.519 ms - -[0m
2024-07-03 20:23:28 info: [0mGET /api/users/getUsers [36m304[0m 3911.820 ms - -[0m
2024-07-03 20:23:40 info: [0mGET /api/veify-token/ [32m200[0m 14.039 ms - 967[0m
2024-07-03 20:23:40 info: [0mGET /api/veify-token/ [32m200[0m 4.743 ms - 967[0m
2024-07-03 20:23:40 info: [0mGET /api/organization/getOrganizations [32m200[0m 78.236 ms - 979[0m
2024-07-03 20:23:40 info: [0mGET /api/roles/getRoles [32m200[0m 172.461 ms - -[0m
2024-07-03 20:23:40 info: [0mGET /api/files/getFiles [32m200[0m 349.104 ms - -[0m
2024-07-03 20:23:44 info: [0mGET /api/users/getUsers [32m200[0m 3745.133 ms - -[0m
2024-07-03 20:25:22 info: [0mOPTIONS /api/files/updateFileById [32m204[0m 0.425 ms - 0[0m
2024-07-03 20:26:42 info: =================================
2024-07-03 20:26:42 info: ======= ENV: development =======
2024-07-03 20:26:42 info: 🚀 App listening on the port 5210
2024-07-03 20:26:42 info: =================================
2024-07-03 20:26:53 info: [0mGET /api/veify-token/ [36m304[0m 18.051 ms - -[0m
2024-07-03 20:26:53 info: [0mGET /api/veify-token/ [36m304[0m 4.356 ms - -[0m
2024-07-03 20:26:53 info: [0mGET /api/organization/getOrganizations [36m304[0m 80.110 ms - -[0m
2024-07-03 20:26:53 info: [0mGET /api/roles/getRoles [36m304[0m 170.579 ms - -[0m
2024-07-03 20:26:54 info: [0mGET /api/files/getFiles [36m304[0m 362.579 ms - -[0m
2024-07-03 20:26:57 info: [0mGET /api/users/getUsers [36m304[0m 3599.714 ms - -[0m
2024-07-03 20:27:07 info: [0mGET /api/veify-token/ [36m304[0m 2.785 ms - -[0m
2024-07-03 20:27:07 info: [0mGET /api/veify-token/ [36m304[0m 1.644 ms - -[0m
2024-07-03 20:27:18 info: [0mOPTIONS /api/login [32m204[0m 0.532 ms - 0[0m
2024-07-03 20:27:18 info: [0mPOST /api/login [32m200[0m 391.148 ms - -[0m
2024-07-03 20:27:19 info: [0mGET /api/organization/getOrganizations [36m304[0m 80.648 ms - -[0m
2024-07-03 20:27:19 info: [0mGET /api/organization/getOrganizations [36m304[0m 74.976 ms - -[0m
2024-07-03 20:27:19 info: [0mGET /api/roles/getRoles [36m304[0m 159.723 ms - -[0m
2024-07-03 20:27:19 info: [0mGET /api/roles/getRoles [36m304[0m 139.109 ms - -[0m
2024-07-03 20:27:19 info: [0mGET /api/files/getFiles [36m304[0m 358.067 ms - -[0m
2024-07-03 20:27:22 info: [0mGET /api/users/getUsers [36m304[0m 3896.452 ms - -[0m
2024-07-03 20:27:28 info: [0mGET /api/users/getUsers [36m304[0m 5217.925 ms - -[0m
2024-07-03 20:30:32 info: [0mGET /api/veify-token/ [36m304[0m 7.952 ms - -[0m
2024-07-03 20:30:32 info: [0mGET /api/veify-token/ [36m304[0m 1.573 ms - -[0m
2024-07-03 20:30:32 info: [0mGET /api/organization/getOrganizations [36m304[0m 82.361 ms - -[0m
2024-07-03 20:30:32 info: [0mGET /api/roles/getRoles [36m304[0m 169.864 ms - -[0m
2024-07-03 20:30:32 info: [0mGET /api/files/getFiles [36m304[0m 354.792 ms - -[0m
2024-07-03 20:30:36 info: [0mGET /api/users/getUsers [36m304[0m 4334.250 ms - -[0m
2024-07-03 20:32:17 info: [0mGET /api/veify-token/ [36m304[0m 8.082 ms - -[0m
2024-07-03 20:32:17 info: [0mGET /api/veify-token/ [36m304[0m 2.323 ms - -[0m
2024-07-03 20:32:17 info: [0mGET /api/organization/getOrganizations [36m304[0m 80.764 ms - -[0m
2024-07-03 20:32:17 info: [0mGET /api/roles/getRoles [36m304[0m 160.532 ms - -[0m
2024-07-03 20:32:18 info: [0mGET /api/files/getFiles [36m304[0m 419.073 ms - -[0m
2024-07-03 20:32:20 info: [0mGET /api/users/getUsers [36m304[0m 2947.227 ms - -[0m
2024-07-03 20:35:55 info: [0mGET /api/veify-token/ [36m304[0m 4.858 ms - -[0m
2024-07-03 20:35:55 info: [0mGET /api/veify-token/ [36m304[0m 1.354 ms - -[0m
2024-07-03 20:35:55 info: [0mGET /api/organization/getOrganizations [36m304[0m 83.366 ms - -[0m
2024-07-03 20:35:55 info: [0mGET /api/roles/getRoles [36m304[0m 175.943 ms - -[0m
2024-07-03 20:35:56 info: [0mGET /api/files/getFiles [36m304[0m 425.625 ms - -[0m
2024-07-03 20:35:59 info: [0mGET /api/users/getUsers [36m304[0m 3926.461 ms - -[0m
2024-07-03 20:36:37 info: [0mGET /api/veify-token/ [32m200[0m 25.776 ms - 967[0m
2024-07-03 20:36:37 info: [0mGET /api/veify-token/ [32m200[0m 13.910 ms - 967[0m
2024-07-03 20:36:38 info: [0mGET /api/organization/getOrganizations [32m200[0m 85.772 ms - 979[0m
2024-07-03 20:36:38 info: [0mGET /api/roles/getRoles [32m200[0m 169.477 ms - -[0m
2024-07-03 20:36:38 info: [0mGET /api/files/getFiles [32m200[0m 433.989 ms - -[0m
2024-07-03 20:36:41 info: [0mGET /api/users/getUsers [32m200[0m 3060.942 ms - -[0m
2024-07-03 20:39:14 info: [0mGET /api/veify-token/ [32m200[0m 20.016 ms - 967[0m
2024-07-03 20:39:14 info: [0mGET /api/veify-token/ [32m200[0m 5.394 ms - 967[0m
2024-07-03 20:39:14 info: [0mGET /api/organization/getOrganizations [32m200[0m 81.681 ms - 979[0m
2024-07-03 20:39:14 info: [0mGET /api/roles/getRoles [32m200[0m 149.512 ms - -[0m
2024-07-03 20:39:14 info: [0mGET /api/files/getFiles [32m200[0m 446.379 ms - -[0m
2024-07-03 20:39:19 info: [0mGET /api/users/getUsers [32m200[0m 4663.440 ms - -[0m
2024-07-03 20:40:01 info: [0mGET /api/veify-token/ [36m304[0m 16.492 ms - -[0m
2024-07-03 20:40:01 info: [0mGET /api/veify-token/ [36m304[0m 6.482 ms - -[0m
2024-07-03 20:40:01 info: [0mGET /api/organization/getOrganizations [36m304[0m 76.754 ms - -[0m
2024-07-03 20:40:01 info: [0mGET /api/roles/getRoles [36m304[0m 176.817 ms - -[0m
2024-07-03 20:40:01 info: [0mGET /api/files/getFiles [36m304[0m 363.968 ms - -[0m
2024-07-03 20:40:05 info: [0mGET /api/users/getUsers [36m304[0m 4027.764 ms - -[0m
2024-07-03 20:41:14 info: [0mOPTIONS /api/files/updateFileById [32m204[0m 0.377 ms - 0[0m
2024-07-03 20:43:02 info: [0mOPTIONS /api/files/updateFileById [32m204[0m 0.386 ms - 0[0m
2024-07-03 20:43:02 info: [0mOPTIONS /api/files/updateFileById [32m204[0m 0.173 ms - 0[0m
2024-07-03 20:43:02 info: [0mGET /public/Chapter4.pdf [32m200[0m 30.137 ms - 8978319[0m
2024-07-03 20:43:02 info: [0mGET /public/Chapter4.pdf [32m200[0m 32.916 ms - 8978319[0m
2024-07-03 20:43:04 info: [0mPOST /api/files/updateFileById [33m400[0m 2465.606 ms - -[0m
2024-07-03 20:43:04 info: [0mPOST /api/files/updateFileById [33m400[0m 2488.205 ms - -[0m
2024-07-03 20:43:20 info: [0mPOST /api/files/updateFileById [0m-[0m - ms - -[0m
2024-07-03 20:43:21 info: [0mGET /api/veify-token/ [36m304[0m 4.899 ms - -[0m
2024-07-03 20:43:21 info: [0mGET /api/veify-token/ [36m304[0m 1.229 ms - -[0m
2024-07-03 20:43:21 info: [0mGET /api/organization/getOrganizations [36m304[0m 81.180 ms - -[0m
2024-07-03 20:43:21 info: [0mGET /api/roles/getRoles [36m304[0m 155.940 ms - -[0m
2024-07-03 20:43:21 info: [0mGET /api/files/getFiles [32m200[0m 350.509 ms - -[0m
2024-07-03 20:43:24 info: [0mGET /api/users/getUsers [36m304[0m 3697.233 ms - -[0m
2024-07-03 20:44:09 info: [0mGET /api/veify-token/ [32m200[0m 9.554 ms - 967[0m
2024-07-03 20:44:09 info: [0mGET /api/veify-token/ [32m200[0m 6.953 ms - 967[0m
2024-07-03 20:44:09 info: [0mGET /api/organization/getOrganizations [32m200[0m 81.434 ms - 979[0m
2024-07-03 20:44:09 info: [0mGET /api/roles/getRoles [32m200[0m 152.389 ms - -[0m
2024-07-03 20:44:09 info: [0mGET /api/files/getFiles [32m200[0m 350.195 ms - -[0m
2024-07-03 20:44:13 info: [0mGET /api/users/getUsers [32m200[0m 3827.492 ms - -[0m
2024-07-03 20:45:54 info: [0mGET /api/veify-token/ [36m304[0m 4.323 ms - -[0m
2024-07-03 20:45:54 info: [0mGET /api/veify-token/ [36m304[0m 2.162 ms - -[0m
2024-07-03 20:45:54 info: [0mGET /api/organization/getOrganizations [36m304[0m 78.510 ms - -[0m
2024-07-03 20:45:54 info: [0mGET /api/roles/getRoles [36m304[0m 152.675 ms - -[0m
2024-07-03 20:45:55 info: [0mGET /api/files/getFiles [36m304[0m 346.692 ms - -[0m
2024-07-03 20:45:57 info: [0mGET /api/users/getUsers [36m304[0m 3183.828 ms - -[0m
2024-07-03 20:53:47 info: [0mGET /api/veify-token/ [36m304[0m 5.894 ms - -[0m
2024-07-03 20:53:47 info: [0mGET /api/veify-token/ [36m304[0m 6.302 ms - -[0m
2024-07-03 20:53:47 info: [0mGET /api/organization/getOrganizations [36m304[0m 81.070 ms - -[0m
2024-07-03 20:53:48 info: [0mGET /api/roles/getRoles [36m304[0m 155.747 ms - -[0m
2024-07-03 20:53:48 info: [0mGET /api/files/getFiles [36m304[0m 366.681 ms - -[0m
2024-07-03 20:53:51 info: [0mGET /api/users/getUsers [36m304[0m 3223.286 ms - -[0m
2024-07-03 20:54:05 info: [0mGET /api/veify-token/ [36m304[0m 2.749 ms - -[0m
2024-07-03 20:54:05 info: [0mGET /api/veify-token/ [36m304[0m 1.665 ms - -[0m
2024-07-03 20:54:05 info: [0mGET /api/organization/getOrganizations [36m304[0m 78.742 ms - -[0m
2024-07-03 20:54:05 info: [0mGET /api/roles/getRoles [36m304[0m 148.124 ms - -[0m
2024-07-03 20:54:06 info: [0mGET /api/files/getFiles [36m304[0m 343.917 ms - -[0m
2024-07-03 20:54:10 info: [0mGET /api/users/getUsers [36m304[0m 4292.030 ms - -[0m
2024-07-03 20:59:52 info: [0mGET /api/veify-token/ [36m304[0m 5.167 ms - -[0m
2024-07-03 20:59:52 info: [0mGET /api/veify-token/ [36m304[0m 2.203 ms - -[0m
2024-07-03 20:59:53 info: [0mGET /api/organization/getOrganizations [36m304[0m 80.590 ms - -[0m
2024-07-03 20:59:53 info: [0mGET /api/roles/getRoles [36m304[0m 148.053 ms - -[0m
2024-07-03 20:59:53 info: [0mGET /api/files/getFiles [36m304[0m 286.493 ms - -[0m
2024-07-03 20:59:58 info: [0mGET /api/users/getUsers [36m304[0m 5582.265 ms - -[0m
2024-07-03 21:06:15 info: [0mOPTIONS /api/login [32m204[0m 0.299 ms - 0[0m
2024-07-03 21:06:15 error: [POST] /api/login >> StatusCode:: 500, Message:: Cannot read properties of undefined (reading 'toString')
2024-07-03 21:06:15 info: [0mPOST /api/login [31m500[0m 221.043 ms - 70[0m
2024-07-03 21:08:36 info: =================================
2024-07-03 21:08:36 info: ======= ENV: development =======
2024-07-03 21:08:36 info: 🚀 App listening on the port 5210
2024-07-03 21:08:36 info: =================================
2024-07-03 21:08:39 info: [0mOPTIONS /api/login [32m204[0m 0.848 ms - 0[0m
2024-07-03 21:08:40 info: [0mPOST /api/login [32m200[0m 379.660 ms - 935[0m
2024-07-03 21:08:40 info: [0mOPTIONS /api/files/getFilesByUserId [32m204[0m 0.246 ms - 0[0m
2024-07-03 21:08:40 info: [0mGET /api/organization/getOrganizations [36m304[0m 84.757 ms - -[0m
2024-07-03 21:08:40 info: [0mGET /api/roles/getRoles [36m304[0m 155.347 ms - -[0m
2024-07-03 21:08:40 info: [0mPOST /api/files/getFilesByUserId [32m200[0m 74.303 ms - 25[0m
2024-07-03 21:08:40 info: [0mPOST /api/files/getFilesByUserId [32m200[0m 306.329 ms - -[0m
2024-07-03 21:08:50 info: [0mGET /api/veify-token/ [32m200[0m 11.253 ms - 967[0m
2024-07-03 21:08:50 info: [0mGET /api/veify-token/ [32m200[0m 7.871 ms - 967[0m
2024-07-03 21:08:50 info: [0mOPTIONS /api/files/getFilesByUserId [32m204[0m 0.159 ms - 0[0m
2024-07-03 21:08:50 info: [0mPOST /api/files/getFilesByUserId [32m200[0m 71.680 ms - 25[0m
2024-07-03 21:09:00 info: [0mGET /api/veify-token/ [32m200[0m 5.962 ms - 967[0m
2024-07-03 21:09:00 info: [0mGET /api/veify-token/ [32m200[0m 5.992 ms - 967[0m
2024-07-03 21:09:14 info: [0mOPTIONS /api/login [32m204[0m 0.275 ms - 0[0m
2024-07-03 21:09:14 info: [0mPOST /api/login [32m200[0m 344.838 ms - 935[0m
2024-07-03 21:09:14 info: [0mOPTIONS /api/files/getFilesByUserId [32m204[0m 0.191 ms - 0[0m
2024-07-03 21:09:14 info: [0mPOST /api/files/getFilesByUserId [32m200[0m 70.261 ms - 25[0m
2024-07-03 21:09:59 info: [0mGET /api/veify-token/ [36m304[0m 2.582 ms - -[0m
2024-07-03 21:09:59 info: [0mGET /api/veify-token/ [36m304[0m 10.401 ms - -[0m
2024-07-03 21:10:20 info: [0mOPTIONS /api/login [32m204[0m 0.305 ms - 0[0m
2024-07-03 21:10:20 info: [0mPOST /api/login [32m200[0m 341.227 ms - -[0m
2024-07-03 21:10:20 info: [0mOPTIONS /api/files/getFilesByUserId [32m204[0m 0.161 ms - 0[0m
2024-07-03 21:10:20 info: [0mPOST /api/files/getFilesByUserId [32m200[0m 70.430 ms - 25[0m
2024-07-03 21:10:38 info: [0mGET /api/veify-token/ [32m200[0m 4.984 ms - 967[0m
2024-07-03 21:10:38 info: [0mGET /api/veify-token/ [32m200[0m 2.968 ms - 967[0m
2024-07-03 21:10:38 info: [0mOPTIONS /api/files/getFilesByUserId [32m204[0m 1.371 ms - 0[0m
2024-07-03 21:10:38 info: [0mPOST /api/files/getFilesByUserId [32m200[0m 74.281 ms - 25[0m
