2024-06-07 00:10:54 info: =================================
2024-06-07 00:10:54 info: ======= ENV: development =======
2024-06-07 00:10:54 info: 🚀 App listening on the port 5210
2024-06-07 00:10:54 info: =================================
2024-06-07 00:11:21 info: =================================
2024-06-07 00:11:21 info: ======= ENV: development =======
2024-06-07 00:11:21 info: 🚀 App listening on the port 5210
2024-06-07 00:11:21 info: =================================
2024-06-07 00:12:14 info: =================================
2024-06-07 00:12:14 info: ======= ENV: development =======
2024-06-07 00:12:14 info: 🚀 App listening on the port 5210
2024-06-07 00:12:14 info: =================================
2024-06-07 00:12:49 info: =================================
2024-06-07 00:12:49 info: ======= ENV: development =======
2024-06-07 00:12:49 info: 🚀 App listening on the port 5210
2024-06-07 00:12:49 info: =================================
2024-06-07 00:13:26 info: =================================
2024-06-07 00:13:26 info: ======= ENV: development =======
2024-06-07 00:13:26 info: 🚀 App listening on the port 5210
2024-06-07 00:13:26 info: =================================
2024-06-07 00:15:29 info: =================================
2024-06-07 00:15:29 info: ======= ENV: development =======
2024-06-07 00:15:29 info: 🚀 App listening on the port 5210
2024-06-07 00:15:29 info: =================================
2024-06-07 00:15:57 info: =================================
2024-06-07 00:15:57 info: ======= ENV: development =======
2024-06-07 00:15:57 info: 🚀 App listening on the port 5210
2024-06-07 00:15:57 info: =================================
2024-06-07 00:17:29 info: =================================
2024-06-07 00:17:29 info: ======= ENV: development =======
2024-06-07 00:17:29 info: 🚀 App listening on the port 5210
2024-06-07 00:17:29 info: =================================
2024-06-07 00:18:23 info: =================================
2024-06-07 00:18:23 info: ======= ENV: development =======
2024-06-07 00:18:23 info: 🚀 App listening on the port 5210
2024-06-07 00:18:23 info: =================================
2024-06-07 00:21:16 info: =================================
2024-06-07 00:21:16 info: ======= ENV: development =======
2024-06-07 00:21:16 info: 🚀 App listening on the port 5210
2024-06-07 00:21:16 info: =================================
2024-06-07 00:23:37 info: =================================
2024-06-07 00:23:37 info: ======= ENV: development =======
2024-06-07 00:23:37 info: 🚀 App listening on the port 5210
2024-06-07 00:23:37 info: =================================
2024-06-07 00:29:38 info: =================================
2024-06-07 00:29:38 info: ======= ENV: development =======
2024-06-07 00:29:38 info: 🚀 App listening on the port 5210
2024-06-07 00:29:38 info: =================================
2024-06-07 13:25:51 info: =================================
2024-06-07 13:25:51 info: ======= ENV: development =======
2024-06-07 13:25:51 info: 🚀 App listening on the port 5210
2024-06-07 13:25:51 info: =================================
2024-06-07 13:25:51 info: [0mGET /api/veify-token/ [32m200[0m 24.306 ms - 944[0m
2024-06-07 13:25:51 info: [0mGET /api/veify-token/ [36m304[0m 3.055 ms - -[0m
2024-06-07 13:25:52 info: [0mGET /api/organization/getOrganizations [32m200[0m 390.542 ms - 979[0m
2024-06-07 13:25:52 info: [0mGET /api/roles/getRoles [32m200[0m 700.505 ms - -[0m
2024-06-07 13:25:53 info: [0mGET /api/files/getFiles [32m200[0m 1082.604 ms - -[0m
2024-06-07 13:25:53 info: [0mGET /api/files/getFiles [36m304[0m 535.408 ms - -[0m
2024-06-07 13:27:08 info: [0mGET /api/veify-token/ [36m304[0m 2.748 ms - -[0m
2024-06-07 13:27:08 info: [0mGET /api/veify-token/ [36m304[0m 4.614 ms - -[0m
2024-06-07 13:27:09 info: [0mGET /api/organization/getOrganizations [36m304[0m 114.358 ms - -[0m
2024-06-07 13:27:09 info: [0mGET /api/roles/getRoles [32m200[0m 179.119 ms - -[0m
2024-06-07 13:27:09 info: [0mGET /api/files/getFiles [36m304[0m 561.071 ms - -[0m
2024-06-07 13:27:10 info: [0mGET /api/files/getFiles [36m304[0m 533.424 ms - -[0m
2024-06-07 13:28:42 info: [0mGET /api/veify-token/ [36m304[0m 2.587 ms - -[0m
2024-06-07 13:28:42 info: [0mGET /api/veify-token/ [36m304[0m 1.604 ms - -[0m
2024-06-07 13:28:42 info: [0mGET /api/organization/getOrganizations [36m304[0m 105.966 ms - -[0m
2024-06-07 13:28:42 info: [0mGET /api/roles/getRoles [36m304[0m 195.330 ms - -[0m
2024-06-07 13:28:42 info: [0mGET /api/files/getFiles [36m304[0m 557.717 ms - -[0m
2024-06-07 13:28:43 info: [0mGET /api/files/getFiles [36m304[0m 519.682 ms - -[0m
2024-06-07 13:32:23 info: =================================
2024-06-07 13:32:23 info: ======= ENV: development =======
2024-06-07 13:32:23 info: 🚀 App listening on the port 5210
2024-06-07 13:32:23 info: =================================
2024-06-07 13:32:51 info: [0mGET /api/veify-token/ [36m304[0m 7.915 ms - -[0m
2024-06-07 13:32:51 info: [0mGET /api/veify-token/ [36m304[0m 3.532 ms - -[0m
2024-06-07 13:33:07 info: [0mOPTIONS /api/login [32m204[0m 0.743 ms - 0[0m
2024-06-07 13:33:07 info: [0mPOST /api/login [32m200[0m 468.473 ms - -[0m
2024-06-07 13:33:07 info: [0mGET /api/organization/getOrganizations [36m304[0m 123.376 ms - -[0m
2024-06-07 13:33:07 info: [0mGET /api/organization/getOrganizations [36m304[0m 73.200 ms - -[0m
2024-06-07 13:33:07 info: [0mGET /api/roles/getRoles [32m200[0m 206.283 ms - -[0m
2024-06-07 13:33:07 info: [0mGET /api/users/getUsers [32m200[0m 304.940 ms - -[0m
2024-06-07 13:33:08 info: [0mGET /api/roles/getRoles [36m304[0m 155.389 ms - -[0m
2024-06-07 13:33:08 info: [0mGET /api/users/getUsers [36m304[0m 190.796 ms - -[0m
2024-06-07 13:33:08 info: [0mGET /api/files/getFiles [32m200[0m 580.370 ms - -[0m
2024-06-07 13:37:17 info: [0mGET /api/veify-token/ [36m304[0m 2.721 ms - -[0m
2024-06-07 13:37:17 info: [0mGET /api/veify-token/ [36m304[0m 2.413 ms - -[0m
2024-06-07 13:37:18 info: [0mGET /api/organization/getOrganizations [36m304[0m 104.621 ms - -[0m
2024-06-07 13:37:18 info: [0mGET /api/roles/getRoles [36m304[0m 177.239 ms - -[0m
2024-06-07 13:37:18 info: [0mGET /api/users/getUsers [32m200[0m 275.718 ms - -[0m
2024-06-07 13:37:18 info: [0mGET /api/files/getFiles [36m304[0m 514.331 ms - -[0m
2024-06-07 13:38:03 info: [0mGET /api/veify-token/ [36m304[0m 1.944 ms - -[0m
2024-06-07 13:38:03 info: [0mGET /api/veify-token/ [36m304[0m 1.295 ms - -[0m
2024-06-07 13:38:03 info: [0mGET /api/organization/getOrganizations [36m304[0m 107.525 ms - -[0m
2024-06-07 13:38:03 info: [0mGET /api/roles/getRoles [36m304[0m 175.053 ms - -[0m
2024-06-07 13:38:03 info: [0mGET /api/users/getUsers [36m304[0m 259.289 ms - -[0m
2024-06-07 13:38:03 info: [0mGET /api/files/getFiles [36m304[0m 508.498 ms - -[0m
2024-06-07 13:45:37 info: [0mGET /api/users/getUsers [36m304[0m 229.496 ms - -[0m
2024-06-07 13:45:37 info: [0mGET /api/users/getUsers [36m304[0m 241.096 ms - -[0m
2024-06-07 13:45:37 info: [0mGET /api/files/getFiles [36m304[0m 533.767 ms - -[0m
2024-06-07 13:45:38 info: [0mGET /api/files/getFiles [36m304[0m 433.209 ms - -[0m
2024-06-07 13:46:10 info: =================================
2024-06-07 13:46:10 info: ======= ENV: development =======
2024-06-07 13:46:10 info: 🚀 App listening on the port 5210
2024-06-07 13:46:10 info: =================================
2024-06-07 13:46:16 info: [0mGET /api/veify-token/ [36m304[0m 9.435 ms - -[0m
2024-06-07 13:46:16 info: [0mGET /api/veify-token/ [36m304[0m 4.679 ms - -[0m
2024-06-07 13:46:16 info: [0mGET /api/organization/getOrganizations [36m304[0m 80.340 ms - -[0m
2024-06-07 13:46:16 info: [0mGET /api/roles/getRoles [32m200[0m 160.707 ms - -[0m
2024-06-07 13:46:18 info: [0mGET /api/files/getFiles [32m200[0m 1941.661 ms - -[0m
2024-06-07 13:46:19 info: [0mGET /api/users/getUsers [32m200[0m 2910.571 ms - -[0m
2024-06-07 13:49:09 info: [0mGET /api/veify-token/ [36m304[0m 9.910 ms - -[0m
2024-06-07 13:49:09 info: [0mGET /api/veify-token/ [36m304[0m 1.365 ms - -[0m
2024-06-07 14:15:38 info: [0mGET /api/veify-token/ [36m304[0m 1.498 ms - -[0m
2024-06-07 14:15:38 info: [0mGET /api/veify-token/ [36m304[0m 1.371 ms - -[0m
2024-06-07 14:17:07 info: [0mGET /api/veify-token/ [36m304[0m 1.884 ms - -[0m
2024-06-07 14:17:07 info: [0mGET /api/veify-token/ [36m304[0m 0.990 ms - -[0m
2024-06-07 14:17:12 info: [0mGET /api/veify-token/ [32m200[0m 15.357 ms - 944[0m
2024-06-07 14:17:12 info: [0mGET /api/veify-token/ [32m200[0m 25.618 ms - 944[0m
2024-06-07 14:17:14 info: [0mGET /api/organization/getOrganizations [32m200[0m 1185.773 ms - 979[0m
2024-06-07 14:17:14 info: [0mGET /api/roles/getRoles [32m200[0m 1252.014 ms - -[0m
2024-06-07 14:17:16 info: [0mGET /api/files/getFiles [32m200[0m 3415.902 ms - -[0m
2024-06-07 14:17:18 info: [0mGET /api/users/getUsers [32m200[0m 5549.214 ms - -[0m
2024-06-07 14:21:11 info: [0mGET /api/files/getFiles [36m304[0m 1205.630 ms - -[0m
2024-06-07 14:21:12 info: [0mGET /api/files/getFiles [36m304[0m 324.320 ms - -[0m
2024-06-07 14:21:13 info: [0mGET /api/users/getUsers [36m304[0m 2681.926 ms - -[0m
2024-06-07 14:40:10 info: [0mGET /api/veify-token/ [32m200[0m 5.870 ms - 944[0m
2024-06-07 14:40:10 info: [0mGET /api/veify-token/ [32m200[0m 5.140 ms - 944[0m
2024-06-07 14:40:17 info: [0mOPTIONS /api/login [32m204[0m 0.230 ms - 0[0m
2024-06-07 14:40:17 info: [0mPOST /api/login [32m200[0m 299.305 ms - 912[0m
2024-06-07 14:40:17 info: [0mOPTIONS /api/files/getFilesByUserId [32m204[0m 0.091 ms - 0[0m
2024-06-07 14:40:17 info: [0mGET /api/roles/getRolesById/organization/652934c5aaf7a00a88749e47 [32m200[0m 73.321 ms - 826[0m
2024-06-07 14:40:17 info: [0mPOST /api/files/getFilesByUserId [32m200[0m 70.995 ms - 25[0m
2024-06-07 14:40:17 info: [0mGET /api/roles/getRolesById/organization/652934c5aaf7a00a88749e47 [36m304[0m 70.026 ms - -[0m
2024-06-07 14:40:20 info: [0mGET /api/users/getUsersByCompany/652934c5aaf7a00a88749e47 [32m200[0m 2683.050 ms - -[0m
2024-06-07 14:41:39 info: =================================
2024-06-07 14:41:39 info: ======= ENV: development =======
2024-06-07 14:41:39 info: 🚀 App listening on the port 5210
2024-06-07 14:41:39 info: =================================
2024-06-07 14:41:43 info: [0mGET /api/veify-token/ [36m304[0m 7.468 ms - -[0m
2024-06-07 14:41:43 info: [0mGET /api/veify-token/ [36m304[0m 2.172 ms - -[0m
2024-06-07 14:41:43 info: [0mOPTIONS /api/files/getFilesByUserId [32m204[0m 0.430 ms - 0[0m
2024-06-07 14:41:43 info: [0mPOST /api/files/getFilesByUserId [32m200[0m 112.625 ms - 25[0m
2024-06-07 14:41:43 info: [0mGET /api/roles/getRolesById/organization/652934c5aaf7a00a88749e47 [36m304[0m 74.178 ms - -[0m
2024-06-07 14:41:46 info: [0mGET /api/users/getUsersByCompany/652934c5aaf7a00a88749e47 [36m304[0m 2948.956 ms - -[0m
2024-06-07 14:44:04 info: =================================
2024-06-07 14:44:04 info: ======= ENV: development =======
2024-06-07 14:44:04 info: 🚀 App listening on the port 5210
2024-06-07 14:44:04 info: =================================
2024-06-07 14:44:10 info: [0mGET /api/veify-token/ [36m304[0m 14.237 ms - -[0m
2024-06-07 14:44:10 info: [0mGET /api/veify-token/ [36m304[0m 4.230 ms - -[0m
2024-06-07 14:44:10 info: [0mOPTIONS /api/files/getFilesByUserId [32m204[0m 0.351 ms - 0[0m
2024-06-07 14:44:10 info: [0mPOST /api/files/getFilesByUserId [32m200[0m 100.171 ms - 25[0m
2024-06-07 14:44:10 info: [0mGET /api/roles/getRolesById/organization/652934c5aaf7a00a88749e47 [36m304[0m 79.044 ms - -[0m
2024-06-07 14:44:14 info: [0mGET /api/users/getUsersByCompany/652934c5aaf7a00a88749e47 [32m200[0m 3527.200 ms - -[0m
2024-06-07 14:50:12 info: [0mGET /api/veify-token/ [32m200[0m 7.260 ms - 944[0m
2024-06-07 14:50:12 info: [0mGET /api/veify-token/ [36m304[0m 1.795 ms - -[0m
2024-06-07 14:50:35 info: [0mOPTIONS /api/login [32m204[0m 0.365 ms - 0[0m
2024-06-07 14:50:35 info: [0mPOST /api/login [32m200[0m 287.108 ms - 970[0m
2024-06-07 14:50:35 info: [0mGET /api/roles/getRolesById/organization/652934c5aaf7a00a88749e47 [32m200[0m 74.299 ms - 826[0m
2024-06-07 14:50:35 info: [0mOPTIONS /api/files/getFilesByUserId [32m204[0m 0.123 ms - 0[0m
2024-06-07 14:50:35 info: [0mGET /api/roles/getRolesById/organization/652934c5aaf7a00a88749e47 [36m304[0m 70.103 ms - -[0m
2024-06-07 14:50:36 info: [0mPOST /api/files/getFilesByUserId [32m200[0m 355.946 ms - -[0m
2024-06-07 14:50:39 info: [0mGET /api/users/getUsersByCompany/652934c5aaf7a00a88749e47 [32m200[0m 3139.294 ms - -[0m
2024-06-07 15:06:05 info: [0mOPTIONS /api/login [32m204[0m 0.556 ms - 0[0m
2024-06-07 15:06:05 info: [0mPOST /api/login [32m200[0m 281.161 ms - -[0m
2024-06-07 15:06:05 info: [0mGET /api/organization/getOrganizations [32m200[0m 77.074 ms - 979[0m
2024-06-07 15:06:05 info: [0mGET /api/roles/getRoles [32m200[0m 142.499 ms - -[0m
2024-06-07 15:06:05 info: [0mGET /api/organization/getOrganizations [36m304[0m 69.795 ms - -[0m
2024-06-07 15:06:05 info: [0mGET /api/roles/getRoles [36m304[0m 133.743 ms - -[0m
2024-06-07 15:06:08 info: [0mGET /api/users/getUsers [32m200[0m 3151.680 ms - -[0m
2024-06-07 15:06:12 info: [0mGET /api/users/getUsers [36m304[0m 3190.242 ms - -[0m
2024-06-07 15:06:18 info: [0mOPTIONS /api/files/updateFileById [32m204[0m 0.257 ms - 0[0m
2024-06-07 15:06:20 info: [0mPOST /api/files/updateFileById [32m200[0m 1955.064 ms - -[0m
2024-06-07 15:06:22 info: [0mGET /api/files/getFiles [32m200[0m 1862.309 ms - -[0m
2024-06-07 15:06:28 info: [0mOPTIONS /api/files/updateFileById [32m204[0m 0.123 ms - 0[0m
2024-06-07 15:06:28 info: [0mOPTIONS /api/ia/chat [32m204[0m 0.157 ms - 0[0m
2024-06-07 15:06:29 info: [0mPOST /api/ia/chat [32m200[0m 1385.585 ms - -[0m
2024-06-07 15:06:30 info: [0mPOST /api/files/updateFileById [32m200[0m 1950.941 ms - -[0m
2024-06-07 15:06:31 info: [0mGET /api/files/getFiles [32m200[0m 1667.129 ms - -[0m
2024-06-07 15:08:51 info: [0mOPTIONS /api/files/updateFileById [32m204[0m 0.120 ms - 0[0m
2024-06-07 15:08:51 info: [0mOPTIONS /api/ia/chat [32m204[0m 0.134 ms - 0[0m
2024-06-07 15:10:31 info: [0mPOST /api/ia/chat [33m400[0m 100036.061 ms - -[0m
2024-06-07 15:10:35 info: [0mPOST /api/files/updateFileById [32m200[0m 104234.328 ms - -[0m
2024-06-07 15:10:36 info: [0mGET /api/files/getFiles [32m200[0m 520.974 ms - -[0m
2024-06-07 15:11:37 info: [0mGET /api/veify-token/ [36m304[0m 3.351 ms - -[0m
2024-06-07 15:11:37 info: [0mGET /api/veify-token/ [36m304[0m 1.276 ms - -[0m
2024-06-07 15:11:37 info: [0mGET /api/organization/getOrganizations [36m304[0m 116.142 ms - -[0m
2024-06-07 15:11:37 info: [0mGET /api/roles/getRoles [36m304[0m 183.951 ms - -[0m
2024-06-07 15:11:38 info: [0mGET /api/files/getFiles [32m200[0m 1284.373 ms - -[0m
2024-06-07 15:11:40 info: [0mGET /api/users/getUsers [36m304[0m 2993.100 ms - -[0m
2024-06-07 15:11:42 info: [0mOPTIONS /api/files/updateFileById [32m204[0m 0.317 ms - 0[0m
2024-06-07 15:11:52 info: [0mOPTIONS /api/files/updateFileById [32m204[0m 0.162 ms - 0[0m
2024-06-07 15:11:52 info: [0mOPTIONS /api/ia/chat [32m204[0m 0.154 ms - 0[0m
2024-06-07 15:12:27 info: [0mPOST /api/files/updateFileById [0m-[0m - ms - -[0m
2024-06-07 15:12:27 info: [0mPOST /api/files/updateFileById [0m-[0m - ms - -[0m
2024-06-07 15:12:27 info: [0mPOST /api/ia/chat [0m-[0m - ms - -[0m
2024-06-07 15:12:28 info: [0mGET /api/veify-token/ [36m304[0m 5.612 ms - -[0m
2024-06-07 15:12:28 info: [0mGET /api/veify-token/ [36m304[0m 1.425 ms - -[0m
2024-06-07 15:12:28 info: [0mGET /api/organization/getOrganizations [36m304[0m 120.922 ms - -[0m
2024-06-07 15:12:28 info: [0mGET /api/roles/getRoles [36m304[0m 187.523 ms - -[0m
2024-06-07 15:12:29 info: [0mGET /api/files/getFiles [32m200[0m 1142.042 ms - -[0m
2024-06-07 15:12:32 info: [0mGET /api/users/getUsers [36m304[0m 3602.456 ms - -[0m
2024-06-07 15:12:58 info: =================================
2024-06-07 15:12:58 info: ======= ENV: development =======
2024-06-07 15:12:58 info: 🚀 App listening on the port 5210
2024-06-07 15:12:58 info: =================================
2024-06-07 15:13:03 info: [0mOPTIONS /api/files/updateFileById [32m204[0m 1.131 ms - 0[0m
2024-06-07 15:13:15 info: [0mOPTIONS /api/files/updateFileById [32m204[0m 0.167 ms - 0[0m
2024-06-07 15:13:15 info: [0mOPTIONS /api/ia/chat [32m204[0m 0.171 ms - 0[0m
2024-06-07 15:13:27 info: [0mPOST /api/ia/chat [32m200[0m 12158.947 ms - -[0m
2024-06-07 15:13:27 info: [0mPOST /api/files/updateFileById [32m200[0m 23644.172 ms - -[0m
2024-06-07 15:13:29 info: [0mGET /api/files/getFiles [32m200[0m 2007.304 ms - -[0m
2024-06-07 15:15:25 info: [0mPOST /api/files/updateFileById [32m200[0m 130165.363 ms - -[0m
2024-06-07 15:15:25 info: [0mGET /api/files/getFiles [32m200[0m 503.805 ms - -[0m
2024-06-07 15:35:20 info: [0mOPTIONS /api/files/updateFileById [32m204[0m 0.155 ms - 0[0m
2024-06-07 15:35:20 info: [0mOPTIONS /api/ia/chat [32m204[0m 0.326 ms - 0[0m
2024-06-07 15:35:21 info: [0mPOST /api/ia/chat [32m200[0m 1189.727 ms - -[0m
2024-06-07 15:35:21 info: [0mPOST /api/files/updateFileById [32m200[0m 1473.295 ms - -[0m
2024-06-07 15:35:22 info: [0mGET /api/files/getFiles [32m200[0m 608.351 ms - -[0m
2024-06-07 15:36:58 info: [0mOPTIONS /api/files/updateFileById [32m204[0m 0.134 ms - 0[0m
2024-06-07 15:36:58 info: [0mOPTIONS /api/ia/chat [32m204[0m 0.131 ms - 0[0m
2024-06-07 15:37:00 info: [0mPOST /api/files/updateFileById [32m200[0m 1401.305 ms - -[0m
2024-06-07 15:37:00 info: [0mGET /api/files/getFiles [32m200[0m 522.515 ms - -[0m
2024-06-07 15:37:04 info: [0mPOST /api/ia/chat [32m200[0m 5247.790 ms - -[0m
2024-06-07 15:37:04 info: [0mOPTIONS /api/files/updateFileById [32m204[0m 0.772 ms - 0[0m
2024-06-07 15:37:05 info: [0mPOST /api/files/updateFileById [32m200[0m 1262.869 ms - -[0m
2024-06-07 15:37:08 info: [0mGET /api/files/getFiles [32m200[0m 2772.465 ms - -[0m
2024-06-07 15:37:19 info: [0mOPTIONS /api/files/updateFileById [32m204[0m 0.253 ms - 0[0m
2024-06-07 15:37:21 info: [0mPOST /api/files/updateFileById [32m200[0m 2309.454 ms - -[0m
2024-06-07 15:37:22 info: [0mGET /api/files/getFiles [32m200[0m 517.841 ms - -[0m
2024-06-07 15:37:36 info: [0mOPTIONS /api/files/updateFileById [32m204[0m 0.160 ms - 0[0m
2024-06-07 15:37:37 info: [0mPOST /api/files/updateFileById [32m200[0m 1796.012 ms - -[0m
2024-06-07 15:37:38 info: [0mGET /api/files/getFiles [32m200[0m 508.377 ms - -[0m
2024-06-07 15:38:01 info: [0mOPTIONS /api/files/updateFileById [32m204[0m 0.123 ms - 0[0m
2024-06-07 15:38:01 info: [0mOPTIONS /api/ia/chat [32m204[0m 0.208 ms - 0[0m
2024-06-07 15:38:02 info: [0mPOST /api/ia/chat [32m200[0m 1031.101 ms - -[0m
2024-06-07 15:38:03 info: [0mPOST /api/files/updateFileById [32m200[0m 2073.518 ms - -[0m
2024-06-07 15:38:04 info: [0mGET /api/files/getFiles [32m200[0m 510.422 ms - -[0m
2024-06-07 15:38:04 info: [0mPOST /api/files/updateFileById [32m200[0m 2006.024 ms - -[0m
2024-06-07 15:38:05 info: [0mGET /api/files/getFiles [32m200[0m 507.038 ms - -[0m
2024-06-07 15:38:20 info: [0mOPTIONS /api/files/updateFileById [32m204[0m 0.109 ms - 0[0m
2024-06-07 15:38:20 info: [0mOPTIONS /api/ia/chat [32m204[0m 0.142 ms - 0[0m
2024-06-07 15:38:21 info: [0mPOST /api/ia/chat [32m200[0m 1232.170 ms - -[0m
2024-06-07 15:38:22 info: [0mPOST /api/files/updateFileById [32m200[0m 1891.811 ms - -[0m
2024-06-07 15:38:22 info: [0mGET /api/files/getFiles [32m200[0m 516.455 ms - -[0m
2024-06-07 15:38:23 info: [0mPOST /api/files/updateFileById [32m200[0m 1865.490 ms - -[0m
2024-06-07 15:38:24 info: [0mGET /api/files/getFiles [32m200[0m 516.795 ms - -[0m
2024-06-07 15:38:53 info: =================================
2024-06-07 15:38:53 info: ======= ENV: development =======
2024-06-07 15:38:53 info: 🚀 App listening on the port 5210
2024-06-07 15:38:53 info: =================================
2024-06-07 15:39:01 info: [0mOPTIONS /api/files/updateFileById [32m204[0m 1.452 ms - 0[0m
2024-06-07 15:39:03 info: [0mPOST /api/files/updateFileById [32m200[0m 1743.608 ms - -[0m
2024-06-07 15:39:05 info: [0mGET /api/files/getFiles [32m200[0m 1955.218 ms - -[0m
2024-06-07 15:39:06 info: [0mOPTIONS /api/files/updateFileById [32m204[0m 0.128 ms - 0[0m
2024-06-07 15:39:17 info: [0mOPTIONS /api/files/updateFileById [32m204[0m 0.378 ms - 0[0m
2024-06-07 15:39:17 info: [0mOPTIONS /api/ia/chat [32m204[0m 0.116 ms - 0[0m
2024-06-07 15:39:26 info: [0mPOST /api/ia/chat [32m200[0m 8974.128 ms - -[0m
2024-06-07 15:39:26 info: [0mOPTIONS /api/files/updateFileById [32m204[0m 0.382 ms - 0[0m
2024-06-07 15:39:26 info: [0mPOST /api/files/updateFileById [32m200[0m 19654.149 ms - 584[0m
2024-06-07 15:39:26 info: [0mPOST /api/files/updateFileById [32m200[0m 9107.894 ms - 671[0m
2024-06-07 15:39:26 info: [0mGET /api/files/getFiles [32m200[0m 530.264 ms - -[0m
2024-06-07 15:39:27 info: [0mPOST /api/files/updateFileById [32m200[0m 1229.937 ms - -[0m
2024-06-07 15:39:28 info: [0mGET /api/files/getFiles [36m304[0m 1346.355 ms - -[0m
2024-06-07 15:39:28 info: [0mGET /api/files/getFiles [32m200[0m 511.111 ms - -[0m
2024-06-07 15:40:56 info: [0mOPTIONS /api/files/updateFileById [32m204[0m 0.118 ms - 0[0m
2024-06-07 15:40:59 info: [0mPOST /api/files/updateFileById [32m200[0m 3550.700 ms - -[0m
2024-06-07 15:41:00 info: [0mGET /api/files/getFiles [32m200[0m 520.777 ms - -[0m
2024-06-07 15:41:21 info: [0mOPTIONS /api/files/updateFileById [32m204[0m 0.117 ms - 0[0m
2024-06-07 15:41:23 info: [0mPOST /api/files/updateFileById [32m200[0m 1409.218 ms - -[0m
2024-06-07 15:41:25 info: [0mGET /api/files/getFiles [32m200[0m 1951.345 ms - -[0m
2024-06-07 15:41:35 info: [0mOPTIONS /api/files/updateFileById [32m204[0m 0.434 ms - 0[0m
2024-06-07 15:41:38 info: [0mPOST /api/files/updateFileById [32m200[0m 11861.919 ms - 481[0m
2024-06-07 15:41:38 info: [0mPOST /api/files/updateFileById [32m200[0m 2206.144 ms - -[0m
2024-06-07 15:41:38 info: [0mGET /api/files/getFiles [32m200[0m 526.607 ms - -[0m
2024-06-07 15:41:40 info: [0mGET /api/files/getFiles [36m304[0m 1301.787 ms - -[0m
2024-06-07 15:41:43 info: [0mOPTIONS /api/files/updateFileById [32m204[0m 0.204 ms - 0[0m
2024-06-07 15:41:44 info: [0mPOST /api/files/updateFileById [32m200[0m 1246.300 ms - 677[0m
2024-06-07 15:41:46 info: [0mGET /api/files/getFiles [32m200[0m 1991.449 ms - -[0m
2024-06-07 15:41:50 info: [0mOPTIONS /api/files/updateFileById [32m204[0m 0.119 ms - 0[0m
2024-06-07 15:41:53 info: [0mPOST /api/files/updateFileById [32m200[0m 2753.724 ms - -[0m
2024-06-07 15:41:54 info: [0mGET /api/files/getFiles [32m200[0m 509.824 ms - -[0m
2024-06-07 15:42:40 info: [0mOPTIONS /api/files/updateFileById [32m204[0m 0.227 ms - 0[0m
2024-06-07 15:42:40 info: [0mOPTIONS /api/ia/chat [32m204[0m 0.201 ms - 0[0m
2024-06-07 15:42:41 info: [0mPOST /api/ia/chat [32m200[0m 1383.750 ms - -[0m
2024-06-07 15:42:43 info: [0mPOST /api/files/updateFileById [32m200[0m 2751.707 ms - -[0m
2024-06-07 15:42:44 info: [0mPOST /api/files/updateFileById [32m200[0m 2805.128 ms - -[0m
2024-06-07 15:42:45 info: [0mGET /api/files/getFiles [32m200[0m 1976.237 ms - -[0m
2024-06-07 15:42:46 info: [0mGET /api/files/getFiles [32m200[0m 1147.285 ms - -[0m
2024-06-07 15:42:54 info: [0mOPTIONS /api/files/updateFileById [32m204[0m 0.157 ms - 0[0m
2024-06-07 15:42:59 info: [0mPOST /api/files/updateFileById [32m200[0m 5261.685 ms - 486[0m
2024-06-07 15:43:01 info: [0mGET /api/files/getFiles [32m200[0m 1946.415 ms - -[0m
2024-06-07 15:43:07 info: [0mOPTIONS /api/files/updateFileById [32m204[0m 0.244 ms - 0[0m
2024-06-07 15:43:07 info: [0mOPTIONS /api/ia/chat [32m204[0m 0.338 ms - 0[0m
2024-06-07 15:43:09 info: [0mPOST /api/ia/chat [32m200[0m 1296.083 ms - 894[0m
2024-06-07 15:43:12 info: [0mPOST /api/files/updateFileById [32m200[0m 4702.940 ms - 583[0m
2024-06-07 15:43:13 info: [0mGET /api/files/getFiles [32m200[0m 1348.537 ms - -[0m
2024-06-07 15:43:14 info: [0mPOST /api/files/updateFileById [32m200[0m 5716.465 ms - -[0m
2024-06-07 15:43:16 info: [0mGET /api/files/getFiles [32m200[0m 1326.463 ms - -[0m
2024-06-07 15:43:36 info: [0mOPTIONS /api/files/updateFileById [32m204[0m 0.240 ms - 0[0m
2024-06-07 15:43:36 info: [0mOPTIONS /api/ia/chat [32m204[0m 0.196 ms - 0[0m
2024-06-07 15:43:38 info: [0mPOST /api/ia/chat [32m200[0m 1568.534 ms - 953[0m
2024-06-07 15:43:42 info: [0mPOST /api/files/updateFileById [32m200[0m 5403.854 ms - -[0m
2024-06-07 15:43:43 info: [0mPOST /api/files/updateFileById [32m200[0m 5561.777 ms - -[0m
2024-06-07 15:43:44 info: [0mGET /api/files/getFiles [32m200[0m 2027.973 ms - -[0m
2024-06-07 15:43:45 info: [0mGET /api/files/getFiles [32m200[0m 1033.772 ms - -[0m
2024-06-07 15:44:02 info: [0mOPTIONS /api/files/updateFileById [32m204[0m 0.286 ms - 0[0m
2024-06-07 15:44:03 info: [0mPOST /api/files/updateFileById [32m200[0m 1612.624 ms - 908[0m
2024-06-07 15:44:04 info: [0mGET /api/files/getFiles [32m200[0m 1122.427 ms - -[0m
2024-06-07 15:44:08 info: [0mOPTIONS /api/files/updateFileById [32m204[0m 0.165 ms - 0[0m
2024-06-07 15:44:08 info: [0mOPTIONS /api/ia/chat [32m204[0m 0.251 ms - 0[0m
2024-06-07 15:44:10 info: [0mPOST /api/ia/chat [32m200[0m 2077.408 ms - -[0m
2024-06-07 15:44:10 info: [0mPOST /api/files/updateFileById [32m200[0m 2214.844 ms - 1002[0m
2024-06-07 15:44:12 info: [0mPOST /api/files/updateFileById [32m200[0m 1489.423 ms - -[0m
2024-06-07 15:44:12 info: [0mGET /api/files/getFiles [32m200[0m 1940.946 ms - -[0m
2024-06-07 15:44:14 info: [0mGET /api/files/getFiles [32m200[0m 1341.196 ms - -[0m
2024-06-07 15:44:21 info: [0mGET /api/veify-token/ [36m304[0m 5.045 ms - -[0m
2024-06-07 15:44:21 info: [0mGET /api/veify-token/ [36m304[0m 2.727 ms - -[0m
2024-06-07 15:44:21 info: [0mGET /api/organization/getOrganizations [36m304[0m 107.100 ms - -[0m
2024-06-07 15:44:21 info: [0mGET /api/roles/getRoles [32m200[0m 181.833 ms - -[0m
2024-06-07 15:44:22 info: [0mGET /api/files/getFiles [36m304[0m 953.514 ms - -[0m
2024-06-07 15:44:25 info: [0mGET /api/users/getUsers [32m200[0m 3750.610 ms - -[0m
2024-06-07 15:44:30 info: [0mGET /api/veify-token/ [32m200[0m 5.594 ms - 944[0m
2024-06-07 15:44:30 info: [0mGET /api/veify-token/ [32m200[0m 5.254 ms - 944[0m
2024-06-07 15:44:30 info: [0mGET /api/organization/getOrganizations [32m200[0m 70.300 ms - 979[0m
2024-06-07 15:44:30 info: [0mGET /api/roles/getRoles [32m200[0m 146.061 ms - -[0m
2024-06-07 15:44:32 info: [0mGET /api/files/getFiles [32m200[0m 1581.287 ms - -[0m
2024-06-07 15:44:33 info: [0mGET /api/users/getUsers [32m200[0m 3236.256 ms - -[0m
2024-06-07 15:48:04 info: [0mOPTIONS /api/login [32m204[0m 0.270 ms - 0[0m
2024-06-07 15:48:04 info: [0mPOST /api/login [32m200[0m 313.770 ms - 970[0m
2024-06-07 15:48:04 info: [0mGET /api/roles/getRolesById/organization/652934c5aaf7a00a88749e47 [36m304[0m 90.623 ms - -[0m
2024-06-07 15:48:04 info: [0mGET /api/organization/getOrganizations [36m304[0m 82.801 ms - -[0m
2024-06-07 15:48:04 info: [0mGET /api/roles/getRoles [36m304[0m 147.331 ms - -[0m
2024-06-07 15:48:04 info: [0mGET /api/roles/getRolesById/organization/652934c5aaf7a00a88749e47 [36m304[0m 70.506 ms - -[0m
2024-06-07 15:48:07 info: [0mGET /api/users/getUsersByCompany/652934c5aaf7a00a88749e47 [36m304[0m 3085.292 ms - -[0m
2024-06-07 15:48:21 info: [0mOPTIONS /api/login [32m204[0m 0.117 ms - 0[0m
2024-06-07 15:48:21 info: [0mPOST /api/login [32m200[0m 261.065 ms - 912[0m
2024-06-07 15:48:21 info: [0mGET /api/roles/getRolesById/organization/652934c5aaf7a00a88749e47 [36m304[0m 77.092 ms - -[0m
2024-06-07 15:48:21 info: [0mGET /api/roles/getRolesById/organization/652934c5aaf7a00a88749e47 [36m304[0m 85.614 ms - -[0m
2024-06-07 15:48:25 info: [0mGET /api/veify-token/ [36m304[0m 3.515 ms - -[0m
2024-06-07 15:48:25 info: [0mGET /api/veify-token/ [36m304[0m 1.477 ms - -[0m
2024-06-07 15:48:25 info: [0mOPTIONS /api/files/getFilesByUserId [32m204[0m 0.189 ms - 0[0m
2024-06-07 15:48:26 info: [0mGET /api/roles/getRolesById/organization/652934c5aaf7a00a88749e47 [36m304[0m 71.696 ms - -[0m
2024-06-07 15:48:26 info: [0mPOST /api/files/getFilesByUserId [32m200[0m 70.652 ms - 25[0m
2024-06-07 15:48:30 info: [0mGET /api/users/getUsersByCompany/652934c5aaf7a00a88749e47 [36m304[0m 4256.971 ms - -[0m
2024-06-07 15:49:04 info: [0mOPTIONS /api/login [32m204[0m 0.279 ms - 0[0m
2024-06-07 15:49:04 info: [0mPOST /api/login [32m200[0m 270.612 ms - 912[0m
2024-06-07 15:49:04 info: [0mOPTIONS /api/files/getFilesByUserId [32m204[0m 0.280 ms - 0[0m
2024-06-07 15:49:04 info: [0mGET /api/roles/getRolesById/organization/652934c5aaf7a00a88749e47 [36m304[0m 73.532 ms - -[0m
2024-06-07 15:49:04 info: [0mPOST /api/files/getFilesByUserId [32m200[0m 74.470 ms - 25[0m
2024-06-07 15:49:05 info: [0mGET /api/roles/getRolesById/organization/652934c5aaf7a00a88749e47 [36m304[0m 71.029 ms - -[0m
2024-06-07 15:53:58 info: [0mOPTIONS /api/login [32m204[0m 0.258 ms - 0[0m
2024-06-07 15:53:58 info: [0mPOST /api/login [32m200[0m 259.628 ms - 867[0m
2024-06-07 15:53:58 info: [0mOPTIONS /api/files/getFilesByUserId [32m204[0m 0.192 ms - 0[0m
2024-06-07 15:53:58 info: [0mPOST /api/files/getFilesByUserId [32m200[0m 68.768 ms - 25[0m
2024-06-07 15:53:58 info: [0mGET /api/roles/getRolesById/organization/652934c5aaf7a00a88749e47 [36m304[0m 77.346 ms - -[0m
2024-06-07 15:53:58 info: [0mGET /api/roles/getRolesById/organization/652934c5aaf7a00a88749e47 [36m304[0m 71.381 ms - -[0m
2024-06-07 15:53:58 info: [0mPOST /api/files/getFilesByUserId [32m200[0m 404.209 ms - -[0m
2024-06-07 15:54:24 info: [0mGET /api/veify-token/ [36m304[0m 2.721 ms - -[0m
2024-06-07 15:54:24 info: [0mGET /api/veify-token/ [36m304[0m 2.526 ms - -[0m
2024-06-07 15:54:24 info: [0mOPTIONS /api/files/getFilesByUserId [32m204[0m 0.223 ms - 0[0m
2024-06-07 15:54:24 info: [0mGET /api/roles/getRolesById/organization/652934c5aaf7a00a88749e47 [36m304[0m 73.537 ms - -[0m
2024-06-07 15:54:24 info: [0mPOST /api/files/getFilesByUserId [32m200[0m 338.934 ms - -[0m
2024-06-07 15:54:31 info: [0mOPTIONS /api/files/updateFileById [32m204[0m 0.191 ms - 0[0m
2024-06-07 15:55:02 info: [0mPOST /api/files/updateFileById [0m-[0m - ms - -[0m
2024-06-07 15:55:02 info: [0mGET /api/veify-token/ [36m304[0m 1.639 ms - -[0m
2024-06-07 15:55:02 info: [0mGET /api/veify-token/ [36m304[0m 1.440 ms - -[0m
2024-06-07 15:55:02 info: [0mOPTIONS /api/files/getFilesByUserId [32m204[0m 0.325 ms - 0[0m
2024-06-07 15:55:02 info: [0mPOST /api/files/getFilesByUserId [32m200[0m 74.006 ms - 25[0m
2024-06-07 15:55:02 info: [0mGET /api/roles/getRolesById/organization/652934c5aaf7a00a88749e47 [36m304[0m 74.472 ms - -[0m
2024-06-07 15:55:20 info: [0mOPTIONS /api/login [32m204[0m 0.140 ms - 0[0m
2024-06-07 15:55:20 info: [0mPOST /api/login [32m200[0m 263.509 ms - 870[0m
2024-06-07 15:55:20 info: [0mOPTIONS /api/files/getFilesByUserId [32m204[0m 0.404 ms - 0[0m
2024-06-07 15:55:20 info: [0mPOST /api/files/getFilesByUserId [32m200[0m 66.847 ms - 25[0m
2024-06-07 15:55:20 info: [0mGET /api/roles/getRolesById/organization/652934c5aaf7a00a88749e47 [36m304[0m 72.462 ms - -[0m
2024-06-07 15:55:20 info: [0mPOST /api/files/getFilesByUserId [32m200[0m 70.954 ms - 25[0m
2024-06-07 15:55:21 info: [0mGET /api/roles/getRolesById/organization/652934c5aaf7a00a88749e47 [36m304[0m 76.822 ms - -[0m
2024-06-07 15:55:37 info: [0mOPTIONS /api/login [32m204[0m 0.126 ms - 0[0m
2024-06-07 15:55:37 info: [0mPOST /api/login [32m200[0m 260.600 ms - 970[0m
2024-06-07 15:55:37 info: [0mOPTIONS /api/files/getFilesByUserId [32m204[0m 0.399 ms - 0[0m
2024-06-07 15:55:37 info: [0mPOST /api/files/getFilesByUserId [32m200[0m 69.988 ms - 25[0m
2024-06-07 15:55:37 info: [0mGET /api/roles/getRolesById/organization/652934c5aaf7a00a88749e47 [36m304[0m 74.805 ms - -[0m
2024-06-07 15:55:37 info: [0mGET /api/roles/getRolesById/organization/652934c5aaf7a00a88749e47 [36m304[0m 77.135 ms - -[0m
2024-06-07 15:55:37 info: [0mPOST /api/files/getFilesByUserId [32m200[0m 269.700 ms - -[0m
2024-06-07 15:55:41 info: [0mGET /api/users/getUsersByCompany/652934c5aaf7a00a88749e47 [36m304[0m 3892.663 ms - -[0m
2024-06-07 16:24:55 info: =================================
2024-06-07 16:24:55 info: ======= ENV: development =======
2024-06-07 16:24:55 info: 🚀 App listening on the port 5210
2024-06-07 16:24:55 info: =================================
2024-06-07 16:27:13 info: [0mOPTIONS /api/login [32m204[0m 1.312 ms - 0[0m
2024-06-07 16:27:14 info: [0mPOST /api/login [32m200[0m 476.764 ms - -[0m
2024-06-07 16:27:14 info: [0mGET /api/organization/getOrganizations [32m200[0m 110.581 ms - 979[0m
2024-06-07 16:27:14 info: [0mGET /api/organization/getOrganizations [36m304[0m 90.025 ms - -[0m
2024-06-07 16:27:14 info: [0mGET /api/roles/getRoles [32m200[0m 197.254 ms - -[0m
2024-06-07 16:27:14 info: [0mGET /api/roles/getRoles [36m304[0m 142.296 ms - -[0m
2024-06-07 16:27:14 info: [0mGET /api/files/getFiles [32m200[0m 556.938 ms - -[0m
2024-06-07 16:27:16 info: [0mGET /api/users/getUsers [32m200[0m 2432.441 ms - -[0m
2024-06-07 16:27:18 info: [0mOPTIONS /api/ia/upload_pdf [32m204[0m 0.208 ms - 0[0m
2024-06-07 16:27:20 info: [0mGET /api/users/getUsers [36m304[0m 3950.814 ms - -[0m
2024-06-07 16:28:30 info: [0mPOST /api/ia/upload_pdf [0m-[0m - ms - -[0m
2024-06-07 16:28:30 info: [0mGET /api/veify-token/ [32m200[0m 38.996 ms - 944[0m
2024-06-07 16:28:30 info: [0mGET /api/veify-token/ [36m304[0m 4.809 ms - -[0m
2024-06-07 16:28:31 info: [0mGET /api/organization/getOrganizations [36m304[0m 113.795 ms - -[0m
2024-06-07 16:28:31 info: [0mGET /api/roles/getRoles [36m304[0m 183.768 ms - -[0m
2024-06-07 16:28:32 info: [0mGET /api/files/getFiles [36m304[0m 1563.809 ms - -[0m
2024-06-07 16:28:34 info: [0mGET /api/users/getUsers [36m304[0m 3302.000 ms - -[0m
2024-06-07 17:03:16 info: =================================
2024-06-07 17:03:16 info: ======= ENV: development =======
2024-06-07 17:03:16 info: 🚀 App listening on the port 5210
2024-06-07 17:03:16 info: =================================
2024-06-07 17:03:30 info: [0mGET /api/veify-token/ [36m304[0m 7.346 ms - -[0m
2024-06-07 17:03:30 info: [0mGET /api/veify-token/ [36m304[0m 4.272 ms - -[0m
2024-06-07 17:03:45 info: [0mOPTIONS /api/login [32m204[0m 0.372 ms - 0[0m
2024-06-07 17:03:46 info: [0mPOST /api/login [32m200[0m 320.775 ms - -[0m
2024-06-07 17:03:46 info: [0mGET /api/organization/getOrganizations [36m304[0m 75.508 ms - -[0m
2024-06-07 17:03:46 info: [0mGET /api/roles/getRoles [32m200[0m 144.901 ms - -[0m
2024-06-07 17:03:46 info: [0mGET /api/organization/getOrganizations [36m304[0m 73.763 ms - -[0m
2024-06-07 17:03:46 info: [0mGET /api/roles/getRoles [36m304[0m 170.765 ms - -[0m
2024-06-07 17:03:46 info: [0mGET /api/files/getFiles [32m200[0m 516.577 ms - -[0m
2024-06-07 17:03:48 info: [0mGET /api/users/getUsers [32m200[0m 2415.099 ms - -[0m
2024-06-07 17:03:51 info: [0mGET /api/users/getUsers [36m304[0m 3043.437 ms - -[0m
2024-06-07 17:03:54 info: [0mOPTIONS /api/files/updateFileById [32m204[0m 0.589 ms - 0[0m
2024-06-07 17:04:04 info: [0mOPTIONS /api/files/updateFileById [32m204[0m 0.505 ms - 0[0m
2024-06-07 17:04:04 info: [0mOPTIONS /api/ia/chat [32m204[0m 0.729 ms - 0[0m
2024-06-07 17:04:04 info: [0mPOST /api/ia/chat [33m400[0m 130.582 ms - -[0m
2024-06-07 17:04:17 info: [0mPOST /api/files/updateFileById [32m200[0m 17539.706 ms - 392[0m
2024-06-07 17:04:19 info: [0mGET /api/files/getFiles [32m200[0m 1880.053 ms - -[0m
2024-06-07 17:04:56 info: =================================
2024-06-07 17:04:56 info: ======= ENV: development =======
2024-06-07 17:04:56 info: 🚀 App listening on the port 5210
2024-06-07 17:04:56 info: =================================
2024-06-07 17:04:56 info: [0mGET /api/veify-token/ [32m200[0m 8.967 ms - 944[0m
2024-06-07 17:04:56 info: [0mGET /api/veify-token/ [36m304[0m 2.711 ms - -[0m
2024-06-07 17:05:19 info: [0mOPTIONS /api/login [32m204[0m 0.298 ms - 0[0m
2024-06-07 17:05:19 info: [0mPOST /api/login [32m200[0m 332.174 ms - -[0m
2024-06-07 17:05:19 info: [0mGET /api/organization/getOrganizations [36m304[0m 110.258 ms - -[0m
2024-06-07 17:05:19 info: [0mGET /api/organization/getOrganizations [36m304[0m 77.567 ms - -[0m
2024-06-07 17:05:19 info: [0mGET /api/roles/getRoles [32m200[0m 188.087 ms - -[0m
2024-06-07 17:05:20 info: [0mGET /api/roles/getRoles [36m304[0m 142.570 ms - -[0m
2024-06-07 17:05:21 info: [0mGET /api/files/getFiles [32m200[0m 1908.852 ms - -[0m
2024-06-07 17:05:22 info: [0mGET /api/users/getUsers [32m200[0m 2761.107 ms - -[0m
2024-06-07 17:05:24 info: [0mOPTIONS /api/files/updateFileById [32m204[0m 0.120 ms - 0[0m
2024-06-07 17:05:25 info: [0mGET /api/users/getUsers [36m304[0m 3510.416 ms - -[0m
2024-06-07 17:05:26 info: [0mPOST /api/files/updateFileById [32m200[0m 1864.784 ms - -[0m
2024-06-07 17:05:26 info: [0mGET /api/files/getFiles [32m200[0m 500.368 ms - -[0m
2024-06-07 17:05:31 info: [0mOPTIONS /api/files/updateFileById [32m204[0m 0.284 ms - 0[0m
2024-06-07 17:05:31 info: [0mOPTIONS /api/ia/chat [32m204[0m 0.272 ms - 0[0m
2024-06-07 17:05:33 info: [0mPOST /api/ia/chat [32m200[0m 2193.439 ms - -[0m
2024-06-07 17:05:34 info: [0mPOST /api/files/updateFileById [32m200[0m 2428.677 ms - -[0m
2024-06-07 17:05:34 info: [0mGET /api/files/getFiles [32m200[0m 543.541 ms - -[0m
2024-06-07 17:05:35 info: [0mPOST /api/files/updateFileById [32m200[0m 1270.862 ms - -[0m
2024-06-07 17:05:35 info: [0mGET /api/files/getFiles [32m200[0m 493.821 ms - -[0m
2024-06-07 17:10:07 info: [0mOPTIONS /api/login [32m204[0m 0.139 ms - 0[0m
2024-06-07 17:10:07 info: [0mPOST /api/login [32m200[0m 275.531 ms - -[0m
2024-06-07 17:10:07 info: [0mGET /api/organization/getOrganizations [36m304[0m 74.247 ms - -[0m
2024-06-07 17:10:07 info: [0mGET /api/organization/getOrganizations [36m304[0m 68.836 ms - -[0m
2024-06-07 17:10:07 info: [0mGET /api/roles/getRoles [36m304[0m 222.571 ms - -[0m
2024-06-07 17:10:07 info: [0mGET /api/roles/getRoles [36m304[0m 142.798 ms - -[0m
2024-06-07 17:10:08 info: [0mGET /api/files/getFiles [36m304[0m 609.821 ms - -[0m
2024-06-07 17:10:08 info: [0mGET /api/files/getFiles [36m304[0m 506.364 ms - -[0m
2024-06-07 17:10:11 info: [0mGET /api/users/getUsers [36m304[0m 3754.536 ms - -[0m
2024-06-07 17:10:14 info: [0mGET /api/users/getUsers [36m304[0m 3238.042 ms - -[0m
2024-06-07 17:10:21 info: [0mOPTIONS /api/files/deleteFile [32m204[0m 0.358 ms - 0[0m
2024-06-07 17:10:21 info: [0mPOST /api/files/deleteFile [32m200[0m 164.205 ms - 30[0m
2024-06-07 17:10:22 info: [0mGET /api/files/getFiles [32m200[0m 1019.440 ms - -[0m
2024-06-07 17:13:26 info: [0mOPTIONS /api/login [32m204[0m 0.141 ms - 0[0m
2024-06-07 17:13:26 info: [0mPOST /api/login [32m200[0m 274.381 ms - -[0m
2024-06-07 17:13:27 info: [0mGET /api/organization/getOrganizations [36m304[0m 73.992 ms - -[0m
2024-06-07 17:13:27 info: [0mGET /api/roles/getRoles [36m304[0m 155.654 ms - -[0m
2024-06-07 17:13:27 info: [0mGET /api/organization/getOrganizations [36m304[0m 71.638 ms - -[0m
2024-06-07 17:13:27 info: [0mGET /api/organization/getOrganizations [36m304[0m 71.158 ms - -[0m
2024-06-07 17:13:27 info: [0mGET /api/roles/getRoles [36m304[0m 142.992 ms - -[0m
2024-06-07 17:13:27 info: [0mGET /api/roles/getRoles [36m304[0m 141.180 ms - -[0m
2024-06-07 17:13:30 info: [0mGET /api/users/getUsers [36m304[0m 3874.423 ms - -[0m
2024-06-07 17:13:35 info: [0mGET /api/users/getUsers [36m304[0m 4188.573 ms - -[0m
2024-06-07 17:13:39 info: [0mOPTIONS /api/files/deleteFile [32m204[0m 0.361 ms - 0[0m
2024-06-07 17:13:40 info: [0mPOST /api/files/deleteFile [32m200[0m 163.204 ms - 30[0m
2024-06-07 17:13:41 info: [0mGET /api/files/getFiles [32m200[0m 1427.294 ms - -[0m
2024-06-07 17:14:04 info: [0mOPTIONS /api/ia/upload_pdf [32m204[0m 0.134 ms - 0[0m
2024-06-07 17:15:48 info: [0mPOST /api/ia/upload_pdf [32m200[0m 103840.405 ms - 445[0m
2024-06-07 17:15:51 info: [0mOPTIONS /api/files/updateFileById [32m204[0m 0.343 ms - 0[0m
2024-06-07 17:15:51 error: [POST] /api/files/updateFileById >> StatusCode:: 413, Message:: request entity too large
2024-06-07 17:15:51 info: [0mPOST /api/files/updateFileById [33m413[0m 110.040 ms - 38[0m
2024-06-07 17:15:51 info: [0mGET /api/files/getFiles [32m200[0m 1543.562 ms - -[0m
2024-06-07 17:16:12 info: [0mOPTIONS /api/files/updateFileById [32m204[0m 0.216 ms - 0[0m
2024-06-07 17:16:12 info: [0mOPTIONS /api/ia/chat [32m204[0m 0.158 ms - 0[0m
2024-06-07 17:16:12 error: [POST] /api/files/updateFileById >> StatusCode:: 413, Message:: request entity too large
2024-06-07 17:16:12 info: [0mPOST /api/files/updateFileById [33m413[0m 128.121 ms - 38[0m
2024-06-07 17:16:13 info: [0mPOST /api/ia/chat [33m400[0m 204.430 ms - -[0m
2024-06-07 17:16:18 info: [0mGET /api/veify-token/ [36m304[0m 4.918 ms - -[0m
2024-06-07 17:16:18 info: [0mGET /api/veify-token/ [36m304[0m 3.491 ms - -[0m
2024-06-07 17:16:19 info: [0mGET /api/organization/getOrganizations [36m304[0m 611.003 ms - -[0m
2024-06-07 17:16:19 info: [0mGET /api/roles/getRoles [36m304[0m 718.864 ms - -[0m
2024-06-07 17:16:20 info: [0mGET /api/files/getFiles [36m304[0m 1815.445 ms - -[0m
2024-06-07 17:16:21 info: [0mGET /api/users/getUsers [36m304[0m 3050.912 ms - -[0m
2024-06-07 17:16:23 info: [0mOPTIONS /api/files/updateFileById [32m204[0m 0.200 ms - 0[0m
2024-06-07 17:17:07 info: [0mPOST /api/files/updateFileById [32m200[0m 11748.509 ms - 434[0m
2024-06-07 17:17:07 info: [0mOPTIONS /api/files/updateFileById [32m204[0m 0.196 ms - 0[0m
2024-06-07 17:17:07 info: [0mOPTIONS /api/ia/chat [32m204[0m 0.152 ms - 0[0m
2024-06-07 17:17:08 info: [0mGET /api/files/getFiles [32m200[0m 1225.847 ms - -[0m
2024-06-07 17:18:16 info: =================================
2024-06-07 17:18:16 info: ======= ENV: development =======
2024-06-07 17:18:16 info: 🚀 App listening on the port 5210
2024-06-07 17:18:16 info: =================================
2024-06-07 17:18:17 info: [0mGET /api/veify-token/ [36m304[0m 20.822 ms - -[0m
2024-06-07 17:18:17 info: [0mGET /api/veify-token/ [36m304[0m 2.885 ms - -[0m
2024-06-07 17:18:29 info: [0mOPTIONS /api/login [32m204[0m 0.507 ms - 0[0m
2024-06-07 17:18:29 info: [0mPOST /api/login [32m200[0m 324.882 ms - -[0m
2024-06-07 17:18:30 info: [0mGET /api/organization/getOrganizations [36m304[0m 76.224 ms - -[0m
2024-06-07 17:18:30 info: [0mGET /api/organization/getOrganizations [36m304[0m 70.208 ms - -[0m
2024-06-07 17:18:30 info: [0mGET /api/roles/getRoles [36m304[0m 155.777 ms - -[0m
2024-06-07 17:18:30 info: [0mGET /api/roles/getRoles [36m304[0m 145.546 ms - -[0m
2024-06-07 17:18:30 info: [0mGET /api/files/getFiles [32m200[0m 509.590 ms - -[0m
2024-06-07 17:18:32 info: [0mGET /api/users/getUsers [36m304[0m 2398.780 ms - -[0m
2024-06-07 17:18:35 info: [0mGET /api/users/getUsers [36m304[0m 3397.909 ms - -[0m
2024-06-07 17:18:35 info: [0mOPTIONS /api/files/updateFileById [32m204[0m 0.249 ms - 0[0m
2024-06-07 17:18:40 info: [0mOPTIONS /api/ia/chat [32m204[0m 0.164 ms - 0[0m
2024-06-07 17:20:20 info: [0mPOST /api/ia/chat [33m400[0m 100049.598 ms - -[0m
2024-06-07 17:21:13 info: [0mOPTIONS /api/files/deleteFile [32m204[0m 0.537 ms - 0[0m
2024-06-07 17:22:53 info: [0mPOST /api/files/deleteFile [33m400[0m 100015.218 ms - -[0m
2024-06-07 17:22:54 info: [0mGET /api/files/getFiles [32m200[0m 549.686 ms - -[0m
2024-06-07 17:34:00 info: [0mPOST /api/files/updateFileById [32m200[0m 924233.390 ms - 533[0m
2024-06-07 17:34:00 info: [0mPOST /api/files/updateFileById [32m200[0m 919251.674 ms - 602[0m
2024-06-07 17:34:00 info: [0mGET /api/files/getFiles [32m200[0m 530.475 ms - -[0m
2024-06-07 17:34:01 info: [0mGET /api/files/getFiles [36m304[0m 509.471 ms - -[0m
2024-06-07 17:37:23 info: [0mGET /api/veify-token/ [36m304[0m 4.169 ms - -[0m
2024-06-07 17:37:23 info: [0mGET /api/veify-token/ [36m304[0m 1.826 ms - -[0m
2024-06-07 17:37:23 info: [0mGET /api/organization/getOrganizations [36m304[0m 74.681 ms - -[0m
2024-06-07 17:37:23 info: [0mGET /api/roles/getRoles [36m304[0m 153.469 ms - -[0m
2024-06-07 17:37:24 info: [0mGET /api/files/getFiles [36m304[0m 537.664 ms - -[0m
2024-06-07 17:37:27 info: [0mGET /api/users/getUsers [36m304[0m 3474.501 ms - -[0m
2024-06-07 17:37:32 info: [0mOPTIONS /api/files/updateFileById [32m204[0m 0.258 ms - 0[0m
2024-06-07 17:37:35 info: [0mPOST /api/files/updateFileById [32m200[0m 3418.167 ms - -[0m
2024-06-07 17:37:37 info: [0mGET /api/files/getFiles [32m200[0m 1884.027 ms - -[0m
2024-06-07 17:38:45 info: [0mGET /api/veify-token/ [36m304[0m 5.043 ms - -[0m
2024-06-07 17:38:45 info: [0mGET /api/veify-token/ [36m304[0m 2.807 ms - -[0m
2024-06-07 17:38:45 info: [0mGET /api/organization/getOrganizations [36m304[0m 77.048 ms - -[0m
2024-06-07 17:38:45 info: [0mGET /api/roles/getRoles [36m304[0m 152.987 ms - -[0m
2024-06-07 17:38:46 info: [0mGET /api/files/getFiles [32m200[0m 1451.495 ms - -[0m
2024-06-07 17:38:49 info: [0mGET /api/users/getUsers [36m304[0m 3800.171 ms - -[0m
2024-06-07 17:38:54 info: [0mOPTIONS /api/files/updateFileById [32m204[0m 0.231 ms - 0[0m
2024-06-07 17:38:58 info: [0mPOST /api/files/updateFileById [32m200[0m 3386.840 ms - 330[0m
2024-06-07 17:38:59 info: [0mGET /api/files/getFiles [32m200[0m 1796.560 ms - -[0m
2024-06-07 17:39:50 info: [0mOPTIONS /api/files/updateFileById [32m204[0m 0.151 ms - 0[0m
2024-06-07 17:39:50 info: [0mOPTIONS /api/ia/chat [32m204[0m 0.191 ms - 0[0m
2024-06-07 17:39:51 info: [0mPOST /api/ia/chat [32m200[0m 1589.870 ms - 269[0m
2024-06-07 17:39:53 info: [0mPOST /api/files/updateFileById [32m200[0m 3422.282 ms - 416[0m
2024-06-07 17:39:55 info: [0mPOST /api/files/updateFileById [32m200[0m 3290.032 ms - 675[0m
2024-06-07 17:39:55 info: [0mGET /api/files/getFiles [32m200[0m 1820.776 ms - -[0m
2024-06-07 17:39:56 info: [0mGET /api/files/getFiles [32m200[0m 1254.199 ms - -[0m
2024-06-07 17:40:49 info: [0mOPTIONS /api/files/updateFileById [32m204[0m 0.256 ms - 0[0m
2024-06-07 17:40:49 info: [0mOPTIONS /api/ia/chat [32m204[0m 0.285 ms - 0[0m
2024-06-07 17:40:52 info: [0mPOST /api/ia/chat [32m200[0m 2281.408 ms - 519[0m
2024-06-07 17:40:53 info: [0mPOST /api/files/updateFileById [32m200[0m 3403.308 ms - 768[0m
2024-06-07 17:40:54 info: [0mGET /api/files/getFiles [32m200[0m 1063.781 ms - -[0m
2024-06-07 17:40:55 info: [0mPOST /api/files/updateFileById [32m200[0m 3492.184 ms - -[0m
2024-06-07 17:40:56 info: [0mGET /api/files/getFiles [32m200[0m 1048.863 ms - -[0m
2024-06-07 17:42:23 info: [0mOPTIONS /api/files/updateFileById [32m204[0m 0.226 ms - 0[0m
2024-06-07 17:42:28 info: [0mPOST /api/files/updateFileById [32m200[0m 4700.212 ms - -[0m
2024-06-07 17:42:29 info: [0mGET /api/files/getFiles [32m200[0m 990.318 ms - -[0m
2024-06-07 17:42:50 info: [0mGET /api/veify-token/ [36m304[0m 5.928 ms - -[0m
2024-06-07 17:42:50 info: [0mGET /api/veify-token/ [36m304[0m 1.730 ms - -[0m
2024-06-07 17:42:50 info: [0mGET /api/organization/getOrganizations [36m304[0m 75.238 ms - -[0m
2024-06-07 17:42:50 info: [0mGET /api/roles/getRoles [36m304[0m 151.285 ms - -[0m
2024-06-07 17:42:51 info: [0mGET /api/files/getFiles [32m200[0m 1262.866 ms - -[0m
2024-06-07 17:42:53 info: [0mGET /api/users/getUsers [36m304[0m 3415.260 ms - -[0m
2024-06-07 17:55:04 info: [0mOPTIONS /api/files/updateFileById [32m204[0m 0.343 ms - 0[0m
2024-06-07 17:55:08 info: [0mPOST /api/files/updateFileById [32m200[0m 4490.029 ms - 416[0m
2024-06-07 17:55:09 info: [0mGET /api/files/getFiles [32m200[0m 972.650 ms - -[0m
2024-06-07 17:56:44 info: [0mOPTIONS /api/files/updateFileById [32m204[0m 0.146 ms - 0[0m
2024-06-07 17:56:44 info: [0mOPTIONS /api/ia/chat [32m204[0m 0.167 ms - 0[0m
2024-06-07 17:56:45 info: [0mPOST /api/ia/chat [32m200[0m 1596.327 ms - -[0m
2024-06-07 17:56:49 info: [0mPOST /api/files/updateFileById [32m200[0m 5610.723 ms - 506[0m
2024-06-07 17:56:49 info: [0mPOST /api/files/updateFileById [32m200[0m 4070.002 ms - -[0m
2024-06-07 17:56:50 info: [0mGET /api/files/getFiles [32m200[0m 1019.988 ms - -[0m
2024-06-07 17:56:52 info: [0mGET /api/files/getFiles [36m304[0m 1661.594 ms - -[0m
