2024-07-29 13:32:50 info: =================================
2024-07-29 13:32:50 info: ======= ENV: development =======
2024-07-29 13:32:50 info: 🚀 App listening on the port 5210
2024-07-29 13:32:50 info: =================================
2024-07-29 13:46:14 info: [0mOPTIONS /api/login [32m204[0m 0.918 ms - 0[0m
2024-07-29 13:46:14 info: [0mPOST /api/login [32m200[0m 545.656 ms - -[0m
2024-07-29 13:46:15 info: [0mGET /api/files/getFiles [32m200[0m 462.336 ms - -[0m
2024-07-29 13:46:15 info: [0mGET /api/files/getFiles [36m304[0m 458.272 ms - -[0m
2024-07-29 13:46:17 info: [0mGET /api/users/getUsers [32m200[0m 2761.040 ms - -[0m
2024-07-29 13:46:20 info: [0mGET /api/users/getUsers [36m304[0m 3528.042 ms - -[0m
2024-07-29 14:52:40 info: [0mOPTIONS /api/login [32m204[0m 0.282 ms - 0[0m
2024-07-29 14:52:41 info: [0mPOST /api/login [32m200[0m 369.858 ms - -[0m
2024-07-29 14:52:42 info: [0mGET /api/files/getFiles [36m304[0m 1317.862 ms - -[0m
2024-07-29 14:52:42 info: [0mGET /api/files/getFiles [36m304[0m 456.063 ms - -[0m
2024-07-29 14:52:44 info: [0mGET /api/users/getUsers [36m304[0m 3622.245 ms - -[0m
2024-07-29 14:52:48 info: [0mGET /api/users/getUsers [36m304[0m 3897.035 ms - -[0m
2024-07-29 15:05:37 info: [0mGET /api/files/getFiles [36m304[0m 465.600 ms - -[0m
2024-07-29 15:05:41 info: [0mGET /api/users/getUsers [36m304[0m 4527.179 ms - -[0m
2024-07-29 15:18:31 info: [0mOPTIONS /api/login [32m204[0m 0.392 ms - 0[0m
2024-07-29 15:18:31 error: [POST] /api/login >> StatusCode:: 410, Message:: Email gonzalo.orellana@kauel.com not found
2024-07-29 15:18:31 info: [0mPOST /api/login [33m410[0m 79.412 ms - 56[0m
2024-07-29 15:18:34 error: [POST] /api/login >> StatusCode:: 410, Message:: Email gonzalo.orellana@kauel.com not found
2024-07-29 15:18:34 info: [0mPOST /api/login [33m410[0m 73.604 ms - 56[0m
2024-07-29 15:19:55 info: =================================
2024-07-29 15:19:55 info: ======= ENV: development =======
2024-07-29 15:19:55 info: 🚀 App listening on the port 5210
2024-07-29 15:19:55 info: =================================
2024-07-29 15:23:37 info: [0mOPTIONS /api/login [32m204[0m 0.947 ms - 0[0m
2024-07-29 15:23:38 error: [POST] /api/login >> StatusCode:: 410, Message:: Email gonzalo.orellana@kauel.com not found
2024-07-29 15:23:38 info: [0mPOST /api/login [33m410[0m 225.357 ms - 56[0m
2024-07-29 15:24:33 info: [0mOPTIONS /api/login [32m204[0m 0.143 ms - 0[0m
2024-07-29 15:24:33 info: [0mPOST /api/login [32m200[0m 406.502 ms - -[0m
2024-07-29 15:24:33 info: [0mGET /api/users/getUsers [32m200[0m 156.756 ms - 927[0m
2024-07-29 15:24:33 info: [0mGET /api/users/getUsers [36m304[0m 150.811 ms - -[0m
2024-07-29 15:24:34 info: [0mGET /api/files/getFiles [32m200[0m 469.239 ms - -[0m
2024-07-29 15:24:34 info: [0mGET /api/files/getFiles [36m304[0m 455.655 ms - -[0m
2024-07-29 15:27:52 info: =================================
2024-07-29 15:27:52 info: ======= ENV: development =======
2024-07-29 15:27:52 info: 🚀 App listening on the port 5210
2024-07-29 15:27:52 info: =================================
2024-07-29 15:36:19 info: [0mOPTIONS /api/login [32m204[0m 1.273 ms - 0[0m
2024-07-29 15:36:19 info: [0mPOST /api/login [32m200[0m 401.824 ms - -[0m
2024-07-29 15:36:19 info: [0mGET /api/users/getUsers [36m304[0m 146.920 ms - -[0m
2024-07-29 15:36:19 info: [0mGET /api/users/getUsers [36m304[0m 157.980 ms - -[0m
2024-07-29 15:36:19 info: [0mGET /api/files/getFiles [36m304[0m 439.545 ms - -[0m
2024-07-29 15:36:20 info: [0mGET /api/files/getFiles [36m304[0m 442.294 ms - -[0m
2024-07-29 15:46:06 info: [0mOPTIONS /api/login [32m204[0m 0.123 ms - 0[0m
2024-07-29 15:46:07 info: [0mPOST /api/login [32m200[0m 370.960 ms - -[0m
2024-07-29 15:46:07 info: [0mGET /api/files/getFiles [32m200[0m 78.573 ms - 25[0m
2024-07-29 15:46:07 info: [0mGET /api/files/getFiles [36m304[0m 79.481 ms - -[0m
2024-07-29 15:46:07 info: [0mGET /api/users/getUsers [36m304[0m 152.419 ms - -[0m
2024-07-29 15:46:07 info: [0mGET /api/users/getUsers [36m304[0m 163.765 ms - -[0m
2024-07-29 15:49:09 info: [0mOPTIONS /api/login [32m204[0m 0.259 ms - 0[0m
2024-07-29 15:49:10 info: [0mPOST /api/login [32m200[0m 373.349 ms - -[0m
2024-07-29 15:49:10 info: [0mGET /api/files/getFiles [36m304[0m 78.785 ms - -[0m
2024-07-29 15:49:10 info: [0mGET /api/files/getFiles [36m304[0m 77.768 ms - -[0m
2024-07-29 15:49:10 info: [0mGET /api/users/getUsers [36m304[0m 152.395 ms - -[0m
2024-07-29 15:49:10 info: [0mGET /api/users/getUsers [36m304[0m 151.382 ms - -[0m
2024-07-29 15:49:58 info: [0mGET /api/files/getFiles [36m304[0m 75.493 ms - -[0m
2024-07-29 15:49:58 info: [0mGET /api/users/getUsers [36m304[0m 153.485 ms - -[0m
2024-07-29 15:50:01 info: [0mOPTIONS /api/verify [32m204[0m 0.153 ms - 0[0m
2024-07-29 15:50:01 info: [0mOPTIONS /api/verify [32m204[0m 0.193 ms - 0[0m
2024-07-29 15:50:01 info: [0mPOST /api/verify [32m200[0m 174.782 ms - 521[0m
2024-07-29 15:50:01 info: [0mPOST /api/verify [32m200[0m 172.574 ms - 521[0m
2024-07-29 15:50:01 info: [0mOPTIONS /api/files/getFilesByUserId [32m204[0m 1.358 ms - 0[0m
2024-07-29 15:50:01 info: [0mPOST /api/files/getFilesByUserId [32m200[0m 77.895 ms - 25[0m
2024-07-29 15:50:01 info: [0mPOST /api/files/getFilesByUserId [32m200[0m 76.706 ms - 25[0m
2024-07-29 15:52:17 info: [0mOPTIONS /api/login [32m204[0m 0.117 ms - 0[0m
2024-07-29 15:52:17 info: [0mPOST /api/login [32m200[0m 373.990 ms - -[0m
2024-07-29 15:52:17 info: [0mGET /api/files/getFiles [36m304[0m 75.459 ms - -[0m
2024-07-29 15:52:17 info: [0mGET /api/files/getFiles [36m304[0m 74.315 ms - -[0m
2024-07-29 15:52:17 info: [0mGET /api/users/getUsers [32m200[0m 154.125 ms - 927[0m
2024-07-29 15:52:17 info: [0mGET /api/users/getUsers [36m304[0m 149.092 ms - -[0m
2024-07-29 15:52:21 info: [0mGET /api/files/getFiles [36m304[0m 77.150 ms - -[0m
2024-07-29 15:52:21 info: [0mGET /api/users/getUsers [36m304[0m 155.954 ms - -[0m
2024-07-29 15:53:25 info: [0mGET /api/files/getFiles [36m304[0m 81.262 ms - -[0m
2024-07-29 15:53:25 info: [0mGET /api/users/getUsers [36m304[0m 156.123 ms - -[0m
2024-07-29 15:53:29 info: [0mGET /api/files/getFiles [36m304[0m 77.054 ms - -[0m
2024-07-29 15:53:29 info: [0mGET /api/users/getUsers [36m304[0m 153.281 ms - -[0m
2024-07-29 15:53:52 info: [0mGET /api/files/getFiles [36m304[0m 75.912 ms - -[0m
2024-07-29 15:53:52 info: [0mGET /api/users/getUsers [36m304[0m 153.472 ms - -[0m
2024-07-29 15:54:08 info: [0mOPTIONS /api/login [32m204[0m 0.304 ms - 0[0m
2024-07-29 15:54:09 info: [0mPOST /api/login [32m200[0m 362.605 ms - -[0m
2024-07-29 15:54:09 info: [0mGET /api/files/getFiles [36m304[0m 80.474 ms - -[0m
2024-07-29 15:54:09 info: [0mGET /api/files/getFiles [36m304[0m 76.772 ms - -[0m
2024-07-29 15:54:09 info: [0mGET /api/users/getUsers [36m304[0m 156.137 ms - -[0m
2024-07-29 15:54:09 info: [0mGET /api/users/getUsers [36m304[0m 149.222 ms - -[0m
2024-07-29 15:54:16 info: [0mGET /api/files/getFiles [36m304[0m 81.201 ms - -[0m
2024-07-29 15:54:16 info: [0mGET /api/users/getUsers [36m304[0m 154.487 ms - -[0m
2024-07-29 15:55:27 info: [0mOPTIONS /api/login [32m204[0m 0.154 ms - 0[0m
2024-07-29 15:55:27 info: [0mPOST /api/login [32m200[0m 361.287 ms - -[0m
2024-07-29 15:55:27 info: [0mGET /api/files/getFiles [36m304[0m 78.890 ms - -[0m
2024-07-29 15:55:27 info: [0mGET /api/files/getFiles [36m304[0m 81.920 ms - -[0m
2024-07-29 15:55:27 info: [0mGET /api/users/getUsers [36m304[0m 149.506 ms - -[0m
2024-07-29 15:55:28 info: [0mGET /api/users/getUsers [36m304[0m 149.338 ms - -[0m
2024-07-29 15:55:50 info: [0mOPTIONS /api/login [32m204[0m 0.236 ms - 0[0m
2024-07-29 15:55:51 info: [0mPOST /api/login [32m200[0m 363.046 ms - -[0m
2024-07-29 15:55:51 info: [0mGET /api/files/getFiles [36m304[0m 81.112 ms - -[0m
2024-07-29 15:55:51 info: [0mGET /api/files/getFiles [36m304[0m 79.432 ms - -[0m
2024-07-29 15:55:51 info: [0mGET /api/users/getUsers [36m304[0m 154.766 ms - -[0m
2024-07-29 15:55:51 info: [0mGET /api/users/getUsers [36m304[0m 149.988 ms - -[0m
2024-07-29 16:01:01 info: [0mOPTIONS /api/login [32m204[0m 0.193 ms - 0[0m
2024-07-29 16:01:01 info: [0mPOST /api/login [32m200[0m 374.013 ms - -[0m
2024-07-29 16:01:01 info: [0mGET /api/files/getFiles [36m304[0m 76.192 ms - -[0m
2024-07-29 16:01:01 info: [0mGET /api/files/getFiles [36m304[0m 75.549 ms - -[0m
2024-07-29 16:01:02 info: [0mGET /api/users/getUsers [36m304[0m 157.450 ms - -[0m
2024-07-29 16:01:02 info: [0mGET /api/users/getUsers [36m304[0m 153.935 ms - -[0m
2024-07-29 16:18:00 info: [0mOPTIONS /api/login [32m204[0m 0.280 ms - 0[0m
2024-07-29 16:18:00 info: [0mPOST /api/login [32m200[0m 355.230 ms - -[0m
2024-07-29 16:18:00 info: [0mGET /api/files/getFiles [36m304[0m 69.669 ms - -[0m
2024-07-29 16:18:00 info: [0mGET /api/files/getFiles [36m304[0m 70.537 ms - -[0m
2024-07-29 16:18:00 info: [0mGET /api/users/getUsers [36m304[0m 146.018 ms - -[0m
2024-07-29 16:18:00 info: [0mGET /api/users/getUsers [36m304[0m 149.939 ms - -[0m
2024-07-29 16:59:50 info: [0mOPTIONS /api/ia/upload_pdf [32m204[0m 0.271 ms - 0[0m
2024-07-29 16:59:50 info: [0mPOST /api/ia/upload_pdf [33m400[0m 106.687 ms - 103[0m
2024-07-29 17:01:08 info: [0mGET /api/files/getFiles [36m304[0m 79.118 ms - -[0m
2024-07-29 17:01:08 info: [0mGET /api/users/getUsers [36m304[0m 149.719 ms - -[0m
2024-07-29 17:01:14 info: [0mOPTIONS /api/ia/upload_pdf [32m204[0m 0.222 ms - 0[0m
2024-07-29 17:01:14 info: [0mGET /public/NDA-NCA_AGS-Gonzalo-Orellana.pdf [32m200[0m 6.656 ms - 668392[0m
2024-07-29 17:01:15 info: [0mPOST /api/ia/upload_pdf [32m200[0m 798.424 ms - 384[0m
2024-07-29 17:01:15 info: [0mGET /api/files/getFiles [32m200[0m 149.161 ms - 841[0m
2024-07-29 17:01:40 info: [0mOPTIONS /api/ia/chat [32m204[0m 0.197 ms - 0[0m
2024-07-29 17:01:40 info: [0mPOST /api/ia/chat [33m400[0m 104.319 ms - -[0m
2024-07-29 17:01:40 info: [0mOPTIONS /api/files/updateFileById [32m204[0m 0.195 ms - 0[0m
2024-07-29 17:01:41 info: [0mGET /public/NDA-NCA_AGS-Gonzalo-Orellana.pdf [32m200[0m 5.026 ms - 668392[0m
2024-07-29 17:01:41 info: [0mPOST /api/files/updateFileById [32m200[0m 220.914 ms - 622[0m
2024-07-29 17:01:41 info: [0mGET /api/files/getFiles [32m200[0m 149.994 ms - -[0m
2024-07-29 17:02:00 info: [0mGET /public/NDA-NCA_AGS-Gonzalo-Orellana.pdf [32m200[0m 2.531 ms - 668392[0m
2024-07-29 17:02:01 info: [0mGET /api/files/getFiles [32m200[0m 156.137 ms - -[0m
2024-07-29 17:02:13 info: [0mGET /api/files/getFiles [36m304[0m 148.338 ms - -[0m
2024-07-29 17:02:13 info: [0mGET /api/users/getUsers [36m304[0m 162.416 ms - -[0m
2024-07-29 17:02:26 info: [0mOPTIONS /api/ia/chat [32m204[0m 0.138 ms - 0[0m
2024-07-29 17:02:32 info: [0mPOST /api/ia/chat [32m200[0m 5534.689 ms - -[0m
2024-07-29 17:02:32 info: [0mOPTIONS /api/files/updateFileById [32m204[0m 0.265 ms - 0[0m
2024-07-29 17:02:32 info: [0mGET /public/NDA-NCA_AGS-Gonzalo-Orellana.pdf [32m200[0m 2.436 ms - 668392[0m
2024-07-29 17:02:32 info: [0mPOST /api/files/updateFileById [32m200[0m 310.864 ms - -[0m
2024-07-29 17:02:32 info: [0mGET /api/files/getFiles [32m200[0m 164.108 ms - -[0m
2024-07-29 17:34:54 info: [0mOPTIONS /api/ia/chat [32m204[0m 0.144 ms - 0[0m
2024-07-29 17:34:56 info: [0mPOST /api/ia/chat [32m200[0m 2366.670 ms - -[0m
2024-07-29 17:34:56 info: [0mOPTIONS /api/files/updateFileById [32m204[0m 0.139 ms - 0[0m
2024-07-29 17:34:57 info: [0mGET /public/NDA-NCA_AGS-Gonzalo-Orellana.pdf [32m200[0m 2.412 ms - 668392[0m
2024-07-29 17:34:57 info: [0mPOST /api/files/updateFileById [32m200[0m 296.735 ms - -[0m
2024-07-29 17:34:57 info: [0mGET /api/files/getFiles [32m200[0m 150.930 ms - -[0m
2024-07-29 17:58:50 info: [0mOPTIONS /api/ia/chat [32m204[0m 0.151 ms - 0[0m
2024-07-29 17:58:52 info: [0mPOST /api/ia/chat [32m200[0m 2091.709 ms - -[0m
2024-07-29 17:58:52 info: [0mOPTIONS /api/files/updateFileById [32m204[0m 0.233 ms - 0[0m
2024-07-29 17:58:52 info: [0mGET /public/NDA-NCA_AGS-Gonzalo-Orellana.pdf [32m200[0m 2.350 ms - 668392[0m
2024-07-29 17:58:52 info: [0mPOST /api/files/updateFileById [32m200[0m 465.417 ms - -[0m
2024-07-29 17:58:53 info: [0mGET /api/files/getFiles [32m200[0m 225.579 ms - -[0m
2024-07-29 18:02:05 info: [0mOPTIONS /api/ia/chat [32m204[0m 0.119 ms - 0[0m
2024-07-29 18:02:06 info: [0mPOST /api/ia/chat [32m200[0m 1739.896 ms - -[0m
2024-07-29 18:02:06 info: [0mOPTIONS /api/files/updateFileById [32m204[0m 0.225 ms - 0[0m
2024-07-29 18:02:07 info: [0mGET /public/NDA-NCA_AGS-Gonzalo-Orellana.pdf [32m200[0m 1.873 ms - 668392[0m
2024-07-29 18:02:07 info: [0mPOST /api/files/updateFileById [32m200[0m 454.183 ms - -[0m
2024-07-29 18:02:07 info: [0mGET /api/files/getFiles [32m200[0m 218.134 ms - -[0m
2024-07-29 18:03:19 info: [0mOPTIONS /api/ia/chat [32m204[0m 0.175 ms - 0[0m
2024-07-29 18:03:21 info: [0mPOST /api/ia/chat [32m200[0m 2191.703 ms - -[0m
2024-07-29 18:03:21 info: [0mOPTIONS /api/files/updateFileById [32m204[0m 0.197 ms - 0[0m
2024-07-29 18:03:21 info: [0mGET /public/NDA-NCA_AGS-Gonzalo-Orellana.pdf [32m200[0m 3.075 ms - 668392[0m
2024-07-29 18:03:21 info: [0mPOST /api/files/updateFileById [32m200[0m 461.483 ms - -[0m
2024-07-29 18:03:22 info: [0mGET /api/files/getFiles [32m200[0m 226.829 ms - -[0m
2024-07-29 18:04:11 info: [0mOPTIONS /api/ia/chat [32m204[0m 0.122 ms - 0[0m
2024-07-29 18:04:13 info: [0mPOST /api/ia/chat [32m200[0m 2275.333 ms - -[0m
2024-07-29 18:04:13 info: [0mOPTIONS /api/files/updateFileById [32m204[0m 0.165 ms - 0[0m
2024-07-29 18:04:14 info: [0mGET /public/NDA-NCA_AGS-Gonzalo-Orellana.pdf [32m200[0m 2.042 ms - 668392[0m
2024-07-29 18:04:14 info: [0mPOST /api/files/updateFileById [32m200[0m 463.353 ms - -[0m
2024-07-29 18:04:14 info: [0mGET /api/files/getFiles [32m200[0m 227.342 ms - -[0m
2024-07-29 18:05:52 info: [0mOPTIONS /api/ia/chat [32m204[0m 0.112 ms - 0[0m
2024-07-29 18:05:55 info: [0mPOST /api/ia/chat [32m200[0m 3344.870 ms - -[0m
2024-07-29 18:05:55 info: [0mOPTIONS /api/files/updateFileById [32m204[0m 0.136 ms - 0[0m
2024-07-29 18:05:56 info: [0mGET /public/NDA-NCA_AGS-Gonzalo-Orellana.pdf [32m200[0m 3.928 ms - 668392[0m
2024-07-29 18:05:56 info: [0mPOST /api/files/updateFileById [32m200[0m 678.494 ms - -[0m
2024-07-29 18:05:56 info: [0mGET /api/files/getFiles [32m200[0m 288.297 ms - -[0m
2024-07-29 18:08:52 info: [0mGET /api/users/getUsers [36m304[0m 154.249 ms - -[0m
2024-07-29 18:08:52 info: [0mGET /api/files/getFiles [36m304[0m 305.369 ms - -[0m
2024-07-29 18:10:34 info: [0mGET /api/users/getUsers [36m304[0m 153.495 ms - -[0m
2024-07-29 18:10:34 info: [0mGET /api/files/getFiles [36m304[0m 308.300 ms - -[0m
2024-07-29 18:11:12 info: [0mOPTIONS /api/ia/chat [32m204[0m 0.148 ms - 0[0m
2024-07-29 18:11:14 info: [0mPOST /api/ia/chat [32m200[0m 1999.880 ms - -[0m
2024-07-29 18:11:14 info: [0mOPTIONS /api/files/updateFileById [32m204[0m 0.179 ms - 0[0m
2024-07-29 18:11:15 info: [0mGET /public/NDA-NCA_AGS-Gonzalo-Orellana.pdf [32m200[0m 2.325 ms - 668392[0m
2024-07-29 18:11:15 info: [0mPOST /api/files/updateFileById [32m200[0m 590.860 ms - -[0m
2024-07-29 18:11:15 info: [0mGET /api/files/getFiles [32m200[0m 296.641 ms - -[0m
2024-07-29 18:11:44 info: [0mOPTIONS /api/ia/chat [32m204[0m 0.145 ms - 0[0m
2024-07-29 18:11:46 info: [0mPOST /api/ia/chat [32m200[0m 2010.703 ms - -[0m
2024-07-29 18:11:46 info: [0mOPTIONS /api/files/updateFileById [32m204[0m 0.183 ms - 0[0m
2024-07-29 18:11:46 info: [0mGET /public/NDA-NCA_AGS-Gonzalo-Orellana.pdf [32m200[0m 2.447 ms - 668392[0m
2024-07-29 18:11:46 info: [0mPOST /api/files/updateFileById [32m200[0m 727.755 ms - -[0m
2024-07-29 18:11:47 info: [0mGET /api/files/getFiles [32m200[0m 288.667 ms - -[0m
2024-07-29 22:41:00 info: [0mOPTIONS /api/ia/chat [32m204[0m 0.129 ms - 0[0m
2024-07-29 22:41:04 info: [0mPOST /api/ia/chat [32m200[0m 3896.571 ms - -[0m
2024-07-29 22:41:04 info: [0mOPTIONS /api/files/updateFileById [32m204[0m 0.216 ms - 0[0m
2024-07-29 22:41:04 info: [0mGET /public/NDA-NCA_AGS-Gonzalo-Orellana.pdf [32m200[0m 3.017 ms - 668392[0m
2024-07-29 22:41:05 info: [0mPOST /api/files/updateFileById [32m200[0m 696.791 ms - -[0m
2024-07-29 22:41:05 info: [0mGET /api/files/getFiles [32m200[0m 305.983 ms - -[0m
