2024-06-11 12:45:34 info: =================================
2024-06-11 12:45:34 info: ======= ENV: development =======
2024-06-11 12:45:34 info: 🚀 App listening on the port 5210
2024-06-11 12:45:34 info: =================================
2024-06-11 12:51:02 info: [0mGET /api/veify-token/ [36m304[0m 8.771 ms - -[0m
2024-06-11 12:51:02 info: [0mGET /api/veify-token/ [36m304[0m 3.902 ms - -[0m
2024-06-11 13:12:35 info: =================================
2024-06-11 13:12:35 info: ======= ENV: development =======
2024-06-11 13:12:35 info: 🚀 App listening on the port 5210
2024-06-11 13:12:35 info: =================================
2024-06-11 13:12:35 info: [0mGET /public/Texto_pruebas.pdf [32m200[0m 43.497 ms - 14613[0m
2024-06-11 13:14:43 info: =================================
2024-06-11 13:14:43 info: ======= ENV: development =======
2024-06-11 13:14:43 info: 🚀 App listening on the port 5210
2024-06-11 13:14:43 info: =================================
2024-06-11 13:14:43 info: [0mGET /public/pdf_images.pdf [32m200[0m 39.193 ms - 1687523[0m
2024-06-11 13:18:36 info: =================================
2024-06-11 13:18:36 info: ======= ENV: development =======
2024-06-11 13:18:36 info: 🚀 App listening on the port 5210
2024-06-11 13:18:36 info: =================================
2024-06-11 13:18:36 info: [0mGET /public/pdf_images.pdf [32m200[0m 12.851 ms - 1687523[0m
2024-06-11 13:18:53 info: =================================
2024-06-11 13:18:53 info: ======= ENV: development =======
2024-06-11 13:18:53 info: 🚀 App listening on the port 5210
2024-06-11 13:18:53 info: =================================
2024-06-11 13:18:53 info: [0mGET /public/pdf_images.pdf [32m200[0m 8.154 ms - 1687523[0m
2024-06-11 13:21:24 info: =================================
2024-06-11 13:21:24 info: ======= ENV: development =======
2024-06-11 13:21:24 info: 🚀 App listening on the port 5210
2024-06-11 13:21:24 info: =================================
2024-06-11 13:21:24 info: [0mGET /public/pdf_images.pdf [32m200[0m 12.282 ms - 1687523[0m
2024-06-11 13:22:43 info: =================================
2024-06-11 13:22:43 info: ======= ENV: development =======
2024-06-11 13:22:43 info: 🚀 App listening on the port 5210
2024-06-11 13:22:43 info: =================================
2024-06-11 13:22:43 info: [0mGET /public/pdf_images.pdf [32m200[0m 13.589 ms - 1687523[0m
2024-06-11 13:23:36 info: =================================
2024-06-11 13:23:36 info: ======= ENV: development =======
2024-06-11 13:23:36 info: 🚀 App listening on the port 5210
2024-06-11 13:23:36 info: =================================
2024-06-11 13:23:36 info: [0mGET /public/pdf_images.pdf [32m200[0m 22.973 ms - 1687523[0m
2024-06-11 13:24:45 info: =================================
2024-06-11 13:24:45 info: ======= ENV: development =======
2024-06-11 13:24:45 info: 🚀 App listening on the port 5210
2024-06-11 13:24:45 info: =================================
2024-06-11 13:24:45 info: [0mGET /public/pdf_images.pdf [32m200[0m 8.395 ms - 1687523[0m
2024-06-11 13:24:54 info: =================================
2024-06-11 13:24:54 info: ======= ENV: development =======
2024-06-11 13:24:54 info: 🚀 App listening on the port 5210
2024-06-11 13:24:54 info: =================================
2024-06-11 13:24:55 info: [0mGET /public/pdf_images.pdf [32m200[0m 70.909 ms - 1687523[0m
2024-06-11 13:25:09 info: =================================
2024-06-11 13:25:09 info: ======= ENV: development =======
2024-06-11 13:25:09 info: 🚀 App listening on the port 5210
2024-06-11 13:25:09 info: =================================
2024-06-11 13:25:09 info: [0mGET /public/pdf_images.pdf [32m200[0m 66.531 ms - 1687523[0m
2024-06-11 13:25:52 info: =================================
2024-06-11 13:25:52 info: ======= ENV: development =======
2024-06-11 13:25:52 info: 🚀 App listening on the port 5210
2024-06-11 13:25:52 info: =================================
2024-06-11 13:25:52 info: [0mGET /public/pdf_images.pdf [32m200[0m 17.666 ms - 1687523[0m
2024-06-11 14:10:04 info: =================================
2024-06-11 14:10:04 info: ======= ENV: development =======
2024-06-11 14:10:04 info: 🚀 App listening on the port 5210
2024-06-11 14:10:04 info: =================================
2024-06-11 14:10:04 info: [0mGET /public/Texto_pruebas.pdf [32m200[0m 11.737 ms - 14613[0m
2024-06-11 14:10:59 info: =================================
2024-06-11 14:10:59 info: ======= ENV: development =======
2024-06-11 14:10:59 info: 🚀 App listening on the port 5210
2024-06-11 14:10:59 info: =================================
2024-06-11 14:10:59 info: [0mGET /public/Texto_pruebas.pdf [32m200[0m 8.440 ms - 14613[0m
2024-06-11 14:11:31 info: =================================
2024-06-11 14:11:31 info: ======= ENV: development =======
2024-06-11 14:11:31 info: 🚀 App listening on the port 5210
2024-06-11 14:11:31 info: =================================
2024-06-11 14:11:31 info: [0mGET /public/Texto_pruebas.pdf [32m200[0m 6.722 ms - 14613[0m
2024-06-11 14:12:33 info: =================================
2024-06-11 14:12:33 info: ======= ENV: development =======
2024-06-11 14:12:33 info: 🚀 App listening on the port 5210
2024-06-11 14:12:33 info: =================================
2024-06-11 14:12:33 info: [0mGET /public/Texto_pruebas.pdf [32m200[0m 8.092 ms - 14613[0m
2024-06-11 14:14:13 info: =================================
2024-06-11 14:14:13 info: ======= ENV: development =======
2024-06-11 14:14:13 info: 🚀 App listening on the port 5210
2024-06-11 14:14:13 info: =================================
2024-06-11 14:14:13 info: [0mGET /public/Texto_pruebas.pdf [32m200[0m 10.077 ms - 14613[0m
2024-06-11 14:14:49 info: =================================
2024-06-11 14:14:49 info: ======= ENV: development =======
2024-06-11 14:14:49 info: 🚀 App listening on the port 5210
2024-06-11 14:14:49 info: =================================
2024-06-11 14:14:49 info: [0mGET /public/pdf_images.pdf [32m200[0m 16.883 ms - 1687523[0m
2024-06-11 14:28:09 info: =================================
2024-06-11 14:28:09 info: ======= ENV: development =======
2024-06-11 14:28:09 info: 🚀 App listening on the port 5210
2024-06-11 14:28:09 info: =================================
2024-06-11 14:28:10 info: [0mGET /public/Manual-de-Sen%CC%83alizacion-de-Transito.pdf [32m200[0m 26.990 ms - 19154460[0m
2024-06-11 14:31:39 info: =================================
2024-06-11 14:31:39 info: ======= ENV: development =======
2024-06-11 14:31:39 info: 🚀 App listening on the port 5210
2024-06-11 14:31:39 info: =================================
2024-06-11 14:31:44 info: [0mOPTIONS /api/login [32m204[0m 2.725 ms - 0[0m
2024-06-11 14:31:45 info: [0mPOST /api/login [32m200[0m 585.302 ms - -[0m
2024-06-11 14:31:45 info: [0mGET /api/files/getFiles [32m200[0m 59.827 ms - 25[0m
2024-06-11 14:31:45 info: [0mGET /api/organization/getOrganizations [36m304[0m 60.290 ms - -[0m
2024-06-11 14:31:45 info: [0mGET /api/roles/getRoles [36m304[0m 121.906 ms - -[0m
2024-06-11 14:31:45 info: [0mGET /api/organization/getOrganizations [36m304[0m 76.446 ms - -[0m
2024-06-11 14:31:45 info: [0mGET /api/roles/getRoles [36m304[0m 122.763 ms - -[0m
2024-06-11 14:31:48 info: [0mGET /api/users/getUsers [36m304[0m 2876.869 ms - -[0m
2024-06-11 14:31:50 info: [0mGET /api/users/getUsers [36m304[0m 2230.570 ms - -[0m
2024-06-11 14:40:59 info: =================================
2024-06-11 14:40:59 info: ======= ENV: development =======
2024-06-11 14:40:59 info: 🚀 App listening on the port 5210
2024-06-11 14:40:59 info: =================================
2024-06-11 14:45:00 info: =================================
2024-06-11 14:45:00 info: ======= ENV: development =======
2024-06-11 14:45:00 info: 🚀 App listening on the port 5210
2024-06-11 14:45:00 info: =================================
2024-06-11 14:45:08 info: [0mGET /api/files/getFiles [36m304[0m 64.747 ms - -[0m
2024-06-11 14:45:09 info: [0mGET /api/files/getFiles [36m304[0m 57.576 ms - -[0m
2024-06-11 14:46:51 info: [0mOPTIONS /api/ia/upload_pdf [32m204[0m 0.304 ms - 0[0m
2024-06-11 14:46:51 info: [0mGET /public/pdf_images.pdf [32m200[0m 15.516 ms - 1687523[0m
2024-06-11 14:46:51 info: [0mPOST /api/ia/upload_pdf [32m200[0m 355.563 ms - 336[0m
2024-06-11 14:46:52 info: [0mOPTIONS /api/files/updateFileById [32m204[0m 0.231 ms - 0[0m
2024-06-11 14:46:52 info: [0mGET /api/files/getFiles [32m200[0m 135.080 ms - 793[0m
2024-06-11 14:49:34 info: =================================
2024-06-11 14:49:34 info: ======= ENV: development =======
2024-06-11 14:49:34 info: 🚀 App listening on the port 5210
2024-06-11 14:49:34 info: =================================
2024-06-11 14:49:37 info: [0mGET /public/pdf_images.pdf [32m200[0m 8.019 ms - 1687523[0m
2024-06-11 14:50:00 info: [0mGET /public/pdf_images.pdf [32m200[0m 2.444 ms - 1687523[0m
2024-06-11 15:00:00 info: [0mGET /public/pdf_images.pdf [32m200[0m 2.852 ms - 1687523[0m
2024-06-11 15:10:00 info: [0mGET /public/pdf_images.pdf [32m200[0m 3.289 ms - 1687523[0m
2024-06-11 15:20:00 info: [0mGET /public/pdf_images.pdf [32m200[0m 2.372 ms - 1687523[0m
2024-06-11 15:30:00 info: [0mGET /public/pdf_images.pdf [32m200[0m 2.476 ms - 1687523[0m
2024-06-11 15:40:00 info: [0mGET /public/pdf_images.pdf [32m200[0m 3.255 ms - 1687523[0m
2024-06-11 15:50:00 info: [0mGET /public/pdf_images.pdf [32m200[0m 2.209 ms - 1687523[0m
2024-06-11 16:00:00 info: [0mGET /public/pdf_images.pdf [32m200[0m 2.428 ms - 1687523[0m
2024-06-11 16:09:09 info: =================================
2024-06-11 16:09:09 info: ======= ENV: development =======
2024-06-11 16:09:09 info: 🚀 App listening on the port 5210
2024-06-11 16:09:09 info: =================================
2024-06-11 16:09:10 info: [0mGET /public/pdf_images.pdf [32m200[0m 7.003 ms - 1687523[0m
2024-06-11 16:21:36 info: =================================
2024-06-11 16:21:36 info: ======= ENV: development =======
2024-06-11 16:21:36 info: 🚀 App listening on the port 5210
2024-06-11 16:21:36 info: =================================
2024-06-11 16:22:05 info: =================================
2024-06-11 16:22:05 info: ======= ENV: development =======
2024-06-11 16:22:05 info: 🚀 App listening on the port 5210
2024-06-11 16:22:05 info: =================================
2024-06-11 16:22:55 info: [0mGET /api/veify-token/ [36m304[0m 7.722 ms - -[0m
2024-06-11 16:22:55 info: [0mGET /api/veify-token/ [36m304[0m 3.323 ms - -[0m
2024-06-11 16:22:55 info: [0mGET /api/files/getFiles [32m200[0m 61.453 ms - 25[0m
2024-06-11 16:22:55 info: [0mGET /api/organization/getOrganizations [36m304[0m 69.844 ms - -[0m
2024-06-11 16:22:55 info: [0mGET /api/roles/getRoles [36m304[0m 130.980 ms - -[0m
2024-06-11 16:22:57 info: [0mGET /api/users/getUsers [36m304[0m 2453.154 ms - -[0m
2024-06-11 16:23:02 info: [0mOPTIONS /api/ia/upload_pdf [32m204[0m 0.184 ms - 0[0m
2024-06-11 16:23:02 info: [0mGET /public/Texto_pruebas.pdf [32m200[0m 4.432 ms - 14613[0m
2024-06-11 16:23:03 info: [0mPOST /api/ia/upload_pdf [32m200[0m 389.196 ms - 343[0m
2024-06-11 16:23:04 info: [0mGET /api/files/getFiles [32m200[0m 123.000 ms - 800[0m
2024-06-11 16:23:43 info: =================================
2024-06-11 16:23:43 info: ======= ENV: development =======
2024-06-11 16:23:43 info: 🚀 App listening on the port 5210
2024-06-11 16:23:43 info: =================================
2024-06-11 16:23:45 info: [0mGET /public/Texto_pruebas.pdf [32m200[0m 6.261 ms - 14613[0m
2024-06-11 16:25:01 info: =================================
2024-06-11 16:25:01 info: ======= ENV: development =======
2024-06-11 16:25:01 info: 🚀 App listening on the port 5210
2024-06-11 16:25:01 info: =================================
2024-06-11 16:25:05 info: [0mGET /public/Texto_pruebas.pdf [32m200[0m 8.002 ms - 14613[0m
2024-06-11 16:25:24 info: [0mGET /api/veify-token/ [36m304[0m 4.644 ms - -[0m
2024-06-11 16:25:24 info: [0mGET /api/veify-token/ [36m304[0m 2.491 ms - -[0m
2024-06-11 16:25:24 info: [0mGET /api/organization/getOrganizations [36m304[0m 62.569 ms - -[0m
2024-06-11 16:25:24 info: [0mGET /api/files/getFiles [32m200[0m 124.479 ms - 801[0m
2024-06-11 16:25:24 info: [0mGET /api/roles/getRoles [36m304[0m 125.632 ms - -[0m
2024-06-11 16:25:27 info: [0mGET /api/users/getUsers [36m304[0m 2564.098 ms - -[0m
2024-06-11 16:25:39 info: [0mOPTIONS /api/ia/upload_pdf [32m204[0m 0.451 ms - 0[0m
2024-06-11 16:25:39 info: [0mGET /public/Chapter4.pdf [32m200[0m 7.066 ms - 8978319[0m
2024-06-11 16:25:39 info: [0mPOST /api/ia/upload_pdf [32m200[0m 467.139 ms - 332[0m
2024-06-11 16:25:41 info: [0mGET /api/files/getFiles [32m200[0m 136.683 ms - -[0m
2024-06-11 16:26:22 info: =================================
2024-06-11 16:26:22 info: ======= ENV: development =======
2024-06-11 16:26:22 info: 🚀 App listening on the port 5210
2024-06-11 16:26:22 info: =================================
2024-06-11 16:26:24 info: [0mGET /public/Chapter4.pdf [32m200[0m 6.517 ms - 8978319[0m
2024-06-11 16:30:00 info: [0mGET /public/Chapter4.pdf [32m200[0m 6.531 ms - 8978319[0m
2024-06-11 16:31:28 info: =================================
2024-06-11 16:31:28 info: ======= ENV: development =======
2024-06-11 16:31:28 info: 🚀 App listening on the port 5210
2024-06-11 16:31:28 info: =================================
2024-06-11 16:31:30 info: [0mGET /public/Chapter4.pdf [32m200[0m 6.242 ms - 8978319[0m
2024-06-11 16:32:00 info: [0mGET /public/Chapter4.pdf [32m200[0m 9.662 ms - 8978319[0m
2024-06-11 16:33:01 info: =================================
2024-06-11 16:33:01 info: ======= ENV: development =======
2024-06-11 16:33:01 info: 🚀 App listening on the port 5210
2024-06-11 16:33:01 info: =================================
2024-06-11 16:33:05 info: [0mGET /public/Chapter4.pdf [32m200[0m 6.041 ms - 8978319[0m
2024-06-11 16:34:00 info: [0mGET /public/Chapter4.pdf [32m200[0m 7.382 ms - 8978319[0m
2024-06-11 16:35:00 info: [0mGET /public/Chapter4.pdf [32m200[0m 2.788 ms - 8978319[0m
2024-06-11 16:36:00 info: [0mGET /public/Texto_pruebas.pdf [32m200[0m 2.742 ms - 14613[0m
2024-06-11 16:36:39 info: =================================
2024-06-11 16:36:39 info: ======= ENV: development =======
2024-06-11 16:36:39 info: 🚀 App listening on the port 5210
2024-06-11 16:36:39 info: =================================
2024-06-11 16:36:43 info: [0mGET /public/Texto_pruebas.pdf [32m200[0m 7.887 ms - 14613[0m
2024-06-11 16:37:00 info: [0mGET /public/Texto_pruebas.pdf [32m200[0m 2.995 ms - 14613[0m
2024-06-11 16:38:00 info: [0mGET /public/Texto_pruebas.pdf [32m200[0m 1.784 ms - 14613[0m
2024-06-11 16:38:42 info: =================================
2024-06-11 16:38:42 info: ======= ENV: development =======
2024-06-11 16:38:42 info: 🚀 App listening on the port 5210
2024-06-11 16:38:42 info: =================================
2024-06-11 16:38:43 info: [0mGET /public/Texto_pruebas.pdf [32m200[0m 7.760 ms - 14613[0m
2024-06-11 16:39:00 info: [0mGET /public/Texto_pruebas.pdf [32m200[0m 2.353 ms - 14613[0m
2024-06-11 16:40:00 info: [0mGET /public/Texto_pruebas.pdf [32m200[0m 1.818 ms - 14613[0m
2024-06-11 16:40:22 info: =================================
2024-06-11 16:40:22 info: ======= ENV: development =======
2024-06-11 16:40:22 info: 🚀 App listening on the port 5210
2024-06-11 16:40:22 info: =================================
2024-06-11 16:40:23 info: [0mGET /public/Texto_pruebas.pdf [32m200[0m 7.324 ms - 14613[0m
2024-06-11 16:41:00 info: [0mGET /public/Texto_pruebas.pdf [32m200[0m 2.326 ms - 14613[0m
2024-06-11 16:41:05 info: =================================
2024-06-11 16:41:05 info: ======= ENV: development =======
2024-06-11 16:41:05 info: 🚀 App listening on the port 5210
2024-06-11 16:41:05 info: =================================
2024-06-11 16:41:07 info: [0mGET /public/Texto_pruebas.pdf [32m200[0m 8.796 ms - 14613[0m
2024-06-11 16:42:00 info: [0mGET /public/Texto_pruebas.pdf [32m200[0m 13.528 ms - 14613[0m
2024-06-11 16:43:45 info: =================================
2024-06-11 16:43:45 info: ======= ENV: development =======
2024-06-11 16:43:45 info: 🚀 App listening on the port 5210
2024-06-11 16:43:45 info: =================================
2024-06-11 16:45:00 info: [0mGET /public/Texto_pruebas.pdf [32m200[0m 9.301 ms - 14613[0m
2024-06-11 16:45:01 info: [0mGET /public/Chapter4.pdf [32m200[0m 2.466 ms - 8978319[0m
2024-06-11 16:46:00 info: [0mGET /public/Texto_pruebas.pdf [32m200[0m 2.164 ms - 14613[0m
2024-06-11 16:46:01 info: [0mGET /public/Chapter4.pdf [32m200[0m 3.168 ms - 8978319[0m
2024-06-11 16:47:00 info: [0mGET /public/Texto_pruebas.pdf [32m200[0m 2.935 ms - 14613[0m
2024-06-11 16:47:01 info: [0mGET /public/Chapter4.pdf [32m200[0m 2.379 ms - 8978319[0m
2024-06-11 16:48:00 info: [0mGET /public/Texto_pruebas.pdf [32m200[0m 1.900 ms - 14613[0m
2024-06-11 16:48:01 info: [0mGET /public/Chapter4.pdf [32m200[0m 1.649 ms - 8978319[0m
2024-06-11 16:49:00 info: [0mGET /public/Texto_pruebas.pdf [32m200[0m 2.034 ms - 14613[0m
2024-06-11 16:49:01 info: [0mGET /public/Chapter4.pdf [32m200[0m 2.537 ms - 8978319[0m
2024-06-11 16:50:00 info: [0mGET /public/Texto_pruebas.pdf [32m200[0m 2.272 ms - 14613[0m
2024-06-11 16:50:01 info: [0mGET /public/Chapter4.pdf [32m200[0m 2.888 ms - 8978319[0m
2024-06-11 16:51:00 info: [0mGET /public/Texto_pruebas.pdf [32m200[0m 1.924 ms - 14613[0m
2024-06-11 16:51:01 info: [0mGET /public/Chapter4.pdf [32m200[0m 1.205 ms - 8978319[0m
2024-06-11 16:52:00 info: [0mGET /public/Texto_pruebas.pdf [32m200[0m 1.567 ms - 14613[0m
2024-06-11 16:53:00 info: [0mGET /public/Chapter4.pdf [32m200[0m 1.345 ms - 8978319[0m
2024-06-11 16:57:00 info: [0mGET /public/Chapter4.pdf [32m200[0m 2.857 ms - 8978319[0m
2024-06-11 16:58:00 info: [0mGET /public/Chapter4.pdf [32m200[0m 3.010 ms - 8978319[0m
2024-06-11 17:12:15 info: =================================
2024-06-11 17:12:15 info: ======= ENV: development =======
2024-06-11 17:12:15 info: 🚀 App listening on the port 5210
2024-06-11 17:12:15 info: =================================
2024-06-11 17:14:00 info: [0mGET /api/veify-token/ [36m304[0m 22.180 ms - -[0m
2024-06-11 17:14:00 info: [0mGET /api/veify-token/ [36m304[0m 15.104 ms - -[0m
2024-06-11 17:14:00 info: [0mGET /api/files/getFiles [32m200[0m 64.849 ms - 25[0m
2024-06-11 17:14:00 info: [0mGET /api/organization/getOrganizations [36m304[0m 66.694 ms - -[0m
2024-06-11 17:14:00 info: [0mGET /api/roles/getRoles [36m304[0m 141.063 ms - -[0m
2024-06-11 17:14:04 info: [0mGET /api/users/getUsers [36m304[0m 3678.239 ms - -[0m
2024-06-11 17:14:09 info: [0mOPTIONS /api/ia/upload_pdf [32m204[0m 0.257 ms - 0[0m
2024-06-11 17:14:10 info: [0mGET /public/Chapter4.pdf [32m200[0m 5.526 ms - 8978319[0m
2024-06-11 17:14:10 info: [0mPOST /api/ia/upload_pdf [33m400[0m 701.515 ms - 117[0m
2024-06-11 17:15:46 info: [0mGET /api/veify-token/ [36m304[0m 6.504 ms - -[0m
2024-06-11 17:15:46 info: [0mGET /api/veify-token/ [36m304[0m 7.854 ms - -[0m
2024-06-11 17:15:47 info: [0mGET /api/files/getFiles [36m304[0m 60.232 ms - -[0m
2024-06-11 17:15:47 info: [0mGET /api/organization/getOrganizations [36m304[0m 64.290 ms - -[0m
2024-06-11 17:15:47 info: [0mGET /api/roles/getRoles [36m304[0m 139.165 ms - -[0m
2024-06-11 17:15:50 info: [0mGET /api/users/getUsers [36m304[0m 3810.240 ms - -[0m
2024-06-11 17:15:54 info: [0mOPTIONS /api/ia/upload_pdf [32m204[0m 0.411 ms - 0[0m
2024-06-11 17:15:54 info: [0mGET /public/Chapter4.pdf [32m200[0m 4.408 ms - 8978319[0m
2024-06-11 17:15:54 info: [0mPOST /api/ia/upload_pdf [32m200[0m 430.796 ms - 332[0m
2024-06-11 17:15:56 info: [0mGET /api/files/getFiles [32m200[0m 120.486 ms - 789[0m
2024-06-11 17:16:00 info: [0mGET /public/Chapter4.pdf [32m200[0m 1.298 ms - 8978319[0m
2024-06-11 17:16:35 info: [0mGET /api/veify-token/ [36m304[0m 3.080 ms - -[0m
2024-06-11 17:16:35 info: [0mGET /api/veify-token/ [36m304[0m 5.334 ms - -[0m
2024-06-11 17:16:35 info: [0mGET /api/organization/getOrganizations [36m304[0m 62.940 ms - -[0m
2024-06-11 17:16:35 info: [0mGET /api/files/getFiles [32m200[0m 141.695 ms - 790[0m
2024-06-11 17:16:35 info: [0mGET /api/roles/getRoles [36m304[0m 122.453 ms - -[0m
2024-06-11 17:16:39 info: [0mGET /api/users/getUsers [36m304[0m 3845.790 ms - -[0m
2024-06-11 17:19:10 info: =================================
2024-06-11 17:19:10 info: ======= ENV: development =======
2024-06-11 17:19:10 info: 🚀 App listening on the port 5210
2024-06-11 17:19:10 info: =================================
2024-06-11 17:19:34 info: [0mGET /api/veify-token/ [36m304[0m 25.716 ms - -[0m
2024-06-11 17:19:34 info: [0mGET /api/veify-token/ [36m304[0m 7.264 ms - -[0m
2024-06-11 17:19:34 info: [0mGET /api/organization/getOrganizations [36m304[0m 89.111 ms - -[0m
2024-06-11 17:19:34 info: [0mGET /api/files/getFiles [36m304[0m 146.259 ms - -[0m
2024-06-11 17:19:34 info: [0mGET /api/roles/getRoles [36m304[0m 147.458 ms - -[0m
2024-06-11 17:19:37 info: [0mGET /api/users/getUsers [36m304[0m 3517.691 ms - -[0m
2024-06-11 17:19:55 info: [0mGET /api/veify-token/ [36m304[0m 2.076 ms - -[0m
2024-06-11 17:19:55 info: [0mGET /api/veify-token/ [36m304[0m 1.485 ms - -[0m
2024-06-11 17:19:55 info: [0mGET /api/organization/getOrganizations [36m304[0m 69.105 ms - -[0m
2024-06-11 17:19:55 info: [0mGET /api/files/getFiles [36m304[0m 141.228 ms - -[0m
2024-06-11 17:19:55 info: [0mGET /api/roles/getRoles [36m304[0m 140.096 ms - -[0m
2024-06-11 17:19:58 info: [0mGET /api/users/getUsers [36m304[0m 3022.823 ms - -[0m
2024-06-11 17:20:23 info: [0mGET /api/veify-token/ [36m304[0m 2.053 ms - -[0m
2024-06-11 17:20:23 info: [0mGET /api/veify-token/ [36m304[0m 2.483 ms - -[0m
2024-06-11 17:20:23 info: [0mGET /api/organization/getOrganizations [36m304[0m 66.231 ms - -[0m
2024-06-11 17:20:23 info: [0mGET /api/files/getFiles [36m304[0m 143.741 ms - -[0m
2024-06-11 17:20:23 info: [0mGET /api/roles/getRoles [36m304[0m 135.535 ms - -[0m
2024-06-11 17:20:26 info: [0mGET /api/users/getUsers [36m304[0m 2561.061 ms - -[0m
2024-06-11 17:20:39 info: [0mOPTIONS /api/ia/upload_pdf [32m204[0m 0.373 ms - 0[0m
2024-06-11 17:20:39 info: [0mGET /public/pdf_images.pdf [32m200[0m 6.240 ms - 1687523[0m
2024-06-11 17:20:39 info: [0mPOST /api/ia/upload_pdf [32m200[0m 365.608 ms - 336[0m
2024-06-11 17:20:40 info: [0mGET /api/files/getFiles [32m200[0m 130.034 ms - -[0m
2024-06-11 17:21:00 info: [0mGET /public/pdf_images.pdf [32m200[0m 1.750 ms - 1687523[0m
2024-06-11 17:26:28 info: [0mGET /api/files/getFiles [32m200[0m 118.890 ms - -[0m
2024-06-11 17:26:28 info: [0mGET /api/files/getFiles [36m304[0m 116.045 ms - -[0m
2024-06-11 17:28:09 info: [0mGET /api/veify-token/ [36m304[0m 2.904 ms - -[0m
2024-06-11 17:28:09 info: [0mGET /api/veify-token/ [36m304[0m 2.412 ms - -[0m
2024-06-11 17:28:09 info: [0mGET /api/files/getFiles [32m200[0m 60.723 ms - 25[0m
2024-06-11 17:28:09 info: [0mGET /api/organization/getOrganizations [36m304[0m 66.175 ms - -[0m
2024-06-11 17:28:09 info: [0mGET /api/roles/getRoles [36m304[0m 130.747 ms - -[0m
2024-06-11 17:28:12 info: [0mGET /api/users/getUsers [36m304[0m 2449.459 ms - -[0m
2024-06-11 17:28:15 info: [0mOPTIONS /api/ia/upload_pdf [32m204[0m 1.721 ms - 0[0m
2024-06-11 17:28:16 info: [0mGET /public/Chapter4.pdf [32m200[0m 48.243 ms - 8978319[0m
2024-06-11 17:28:16 info: [0mPOST /api/ia/upload_pdf [32m200[0m 563.054 ms - 332[0m
2024-06-11 17:28:17 info: [0mGET /api/files/getFiles [32m200[0m 121.333 ms - 789[0m
2024-06-11 17:29:00 info: [0mGET /public/Chapter4.pdf [32m200[0m 2.119 ms - 8978319[0m
2024-06-11 17:31:36 info: [0mGET /api/files/getFiles [32m200[0m 127.224 ms - 790[0m
2024-06-11 17:31:36 info: [0mGET /api/files/getFiles [36m304[0m 114.743 ms - -[0m
2024-06-11 17:32:21 info: [0mGET /api/files/getFiles [36m304[0m 119.258 ms - -[0m
2024-06-11 17:32:21 info: [0mGET /api/files/getFiles [36m304[0m 116.605 ms - -[0m
2024-06-11 17:36:14 info: =================================
2024-06-11 17:36:14 info: ======= ENV: development =======
2024-06-11 17:36:14 info: 🚀 App listening on the port 5210
2024-06-11 17:36:14 info: =================================
2024-06-11 17:36:20 info: [0mGET /api/files/getFiles [36m304[0m 138.531 ms - -[0m
2024-06-11 17:36:20 info: [0mGET /api/files/getFiles [36m304[0m 127.442 ms - -[0m
2024-06-11 17:37:13 info: [0mGET /api/files/getFiles [36m304[0m 122.002 ms - -[0m
2024-06-11 17:37:13 info: [0mGET /api/files/getFiles [36m304[0m 117.731 ms - -[0m
2024-06-11 17:39:40 info: [0mGET /api/files/getFiles [36m304[0m 125.066 ms - -[0m
2024-06-11 17:39:40 info: [0mGET /api/files/getFiles [36m304[0m 117.832 ms - -[0m
2024-06-11 17:53:42 info: =================================
2024-06-11 17:53:42 info: ======= ENV: development =======
2024-06-11 17:53:42 info: 🚀 App listening on the port 5210
2024-06-11 17:53:42 info: =================================
2024-06-11 17:53:46 info: [0mGET /api/veify-token/ [36m304[0m 9.853 ms - -[0m
2024-06-11 17:53:46 info: [0mGET /api/veify-token/ [36m304[0m 5.819 ms - -[0m
2024-06-11 17:53:47 info: [0mGET /api/organization/getOrganizations [36m304[0m 70.109 ms - -[0m
2024-06-11 17:53:47 info: [0mGET /api/files/getFiles [36m304[0m 158.773 ms - -[0m
2024-06-11 17:53:47 info: [0mGET /api/roles/getRoles [36m304[0m 139.449 ms - -[0m
2024-06-11 17:53:49 info: [0mGET /api/users/getUsers [36m304[0m 2406.502 ms - -[0m
2024-06-11 17:54:03 info: [0mGET /api/veify-token/ [36m304[0m 1.516 ms - -[0m
2024-06-11 17:54:03 info: [0mGET /api/veify-token/ [36m304[0m 3.093 ms - -[0m
2024-06-11 17:54:04 info: [0mGET /api/organization/getOrganizations [36m304[0m 78.831 ms - -[0m
2024-06-11 17:54:04 info: [0mGET /api/files/getFiles [36m304[0m 144.010 ms - -[0m
2024-06-11 17:54:04 info: [0mGET /api/roles/getRoles [36m304[0m 132.544 ms - -[0m
2024-06-11 17:54:06 info: [0mGET /api/users/getUsers [36m304[0m 2227.664 ms - -[0m
2024-06-11 17:55:04 info: [0mGET /api/veify-token/ [36m304[0m 9.351 ms - -[0m
2024-06-11 17:55:04 info: [0mGET /api/veify-token/ [36m304[0m 2.127 ms - -[0m
2024-06-11 17:55:05 info: [0mGET /api/organization/getOrganizations [36m304[0m 67.970 ms - -[0m
2024-06-11 17:55:05 info: [0mGET /api/files/getFiles [36m304[0m 143.656 ms - -[0m
2024-06-11 17:55:05 info: [0mGET /api/roles/getRoles [36m304[0m 135.029 ms - -[0m
2024-06-11 17:55:07 info: [0mGET /api/users/getUsers [36m304[0m 2323.577 ms - -[0m
2024-06-11 18:01:13 info: [0mGET /api/files/getFiles [36m304[0m 134.007 ms - -[0m
2024-06-11 18:01:13 info: [0mGET /api/files/getFiles [36m304[0m 120.849 ms - -[0m
2024-06-11 18:02:06 info: [0mGET /api/veify-token/ [36m304[0m 16.055 ms - -[0m
2024-06-11 18:02:06 info: [0mGET /api/veify-token/ [36m304[0m 14.069 ms - -[0m
2024-06-11 18:02:06 info: [0mGET /api/files/getFiles [32m200[0m 62.988 ms - 25[0m
2024-06-11 18:02:06 info: [0mGET /api/organization/getOrganizations [36m304[0m 59.821 ms - -[0m
2024-06-11 18:02:06 info: [0mGET /api/roles/getRoles [36m304[0m 119.766 ms - -[0m
2024-06-11 18:02:09 info: [0mGET /api/users/getUsers [36m304[0m 2471.167 ms - -[0m
2024-06-11 18:02:12 info: [0mOPTIONS /api/ia/upload_pdf [32m204[0m 0.440 ms - 0[0m
2024-06-11 18:02:12 info: [0mGET /public/Chapter4.pdf [32m200[0m 13.917 ms - 8978319[0m
2024-06-11 18:02:12 info: [0mPOST /api/ia/upload_pdf [32m200[0m 552.762 ms - 332[0m
2024-06-11 18:02:13 info: [0mGET /api/files/getFiles [32m200[0m 141.412 ms - 789[0m
2024-06-11 18:03:00 info: [0mGET /public/Chapter4.pdf [32m200[0m 3.304 ms - 8978319[0m
2024-06-11 18:03:17 info: [0mGET /api/files/getFiles [32m200[0m 119.070 ms - 790[0m
2024-06-11 18:06:17 info: [0mGET /api/veify-token/ [36m304[0m 3.854 ms - -[0m
2024-06-11 18:06:19 info: [0mGET /api/organization/getOrganizations [36m304[0m 86.418 ms - -[0m
2024-06-11 18:06:19 info: [0mGET /api/files/getFiles [36m304[0m 119.180 ms - -[0m
2024-06-11 18:06:19 info: [0mGET /api/veify-token/eyJhbGciOiJIUzI1NiIsInR5cCI6IkpXVCJ9.eyJfaWQiOiI2NDliM2M3MTNmZjY4NjUyYWI3MzFmMTMiLCJpYXQiOjE3MTgxMzA3MDUsImV4cCI6MTcxODIxNzEwNX0.p1gw2caGwSMGXktCFhHiFAISn9cS18axgvhuup9bDq4 [32m200[0m 160.056 ms - 521[0m
2024-06-11 18:06:19 info: [0mGET /api/roles/getRoles [36m304[0m 151.038 ms - -[0m
2024-06-11 18:06:19 info: [0mGET /api/files/getFiles [32m200[0m 133.604 ms - 790[0m
2024-06-11 18:06:19 info: [0mGET /api/organization/getOrganizations [36m304[0m 64.450 ms - -[0m
2024-06-11 18:06:19 info: [0mGET /api/roles/getRoles [36m304[0m 123.380 ms - -[0m
2024-06-11 18:06:21 info: [0mGET /api/users/getUsers [36m304[0m 2391.116 ms - -[0m
2024-06-11 18:06:23 info: [0mGET /api/users/getUsers [32m200[0m 2151.480 ms - -[0m
2024-06-11 18:06:25 info: [0mGET /api/users/getUsers [36m304[0m 2142.163 ms - -[0m
2024-06-11 18:08:09 info: [0mOPTIONS /api/ia/upload_pdf [32m204[0m 0.386 ms - 0[0m
2024-06-11 18:08:09 info: [0mGET /public/Texto_pruebas.pdf [32m200[0m 16.322 ms - 14613[0m
2024-06-11 18:08:10 info: [0mPOST /api/ia/upload_pdf [32m200[0m 256.975 ms - 343[0m
2024-06-11 18:08:11 info: [0mGET /api/files/getFiles [32m200[0m 118.462 ms - -[0m
2024-06-11 18:08:52 info: [0mOPTIONS /api/ia/chat [32m204[0m 0.166 ms - 0[0m
2024-06-11 18:08:56 info: [0mPOST /api/ia/chat [32m200[0m 4687.007 ms - -[0m
2024-06-11 18:09:00 info: [0mGET /public/Texto_pruebas.pdf [32m200[0m 3.121 ms - 14613[0m
2024-06-11 18:09:00 info: [0mGET /api/files/getFiles [32m200[0m 120.619 ms - -[0m
2024-06-11 18:09:00 info: [0mGET /api/files/getFiles [36m304[0m 115.484 ms - -[0m
2024-06-11 18:09:01 info: [0mGET /api/files/getFiles [36m304[0m 115.710 ms - -[0m
2024-06-11 18:09:01 info: [0mGET /api/files/getFiles [36m304[0m 117.152 ms - -[0m
2024-06-11 18:09:01 info: [0mGET /api/files/getFiles [36m304[0m 116.352 ms - -[0m
2024-06-11 18:09:01 info: [0mGET /api/files/getFiles [36m304[0m 117.386 ms - -[0m
2024-06-11 18:11:04 info: [0mGET /api/files/getFiles [36m304[0m 128.413 ms - -[0m
2024-06-11 18:11:04 info: [0mGET /api/files/getFiles [36m304[0m 120.402 ms - -[0m
2024-06-11 18:11:10 info: [0mGET /api/veify-token/ [36m304[0m 2.289 ms - -[0m
2024-06-11 18:11:10 info: [0mGET /api/veify-token/ [36m304[0m 3.957 ms - -[0m
2024-06-11 18:11:10 info: [0mGET /api/organization/getOrganizations [36m304[0m 64.538 ms - -[0m
2024-06-11 18:11:10 info: [0mGET /api/files/getFiles [36m304[0m 134.784 ms - -[0m
2024-06-11 18:11:10 info: [0mGET /api/roles/getRoles [36m304[0m 149.827 ms - -[0m
2024-06-11 18:11:13 info: [0mGET /api/users/getUsers [36m304[0m 2465.533 ms - -[0m
2024-06-11 18:11:30 info: [0mOPTIONS /api/ia/upload_pdf [32m204[0m 0.214 ms - 0[0m
2024-06-11 18:11:31 info: [0mGET /public/test_largo.pdf [32m200[0m 8.340 ms - 25381301[0m
2024-06-11 18:11:33 info: [0mPOST /api/ia/upload_pdf [32m200[0m 3080.046 ms - 337[0m
2024-06-11 18:11:35 info: [0mGET /api/files/getFiles [32m200[0m 132.166 ms - -[0m
2024-06-11 18:11:35 info: [0mOPTIONS /api/files/updateFileById [32m204[0m 0.392 ms - 0[0m
2024-06-11 18:12:00 info: [0mGET /public/test_largo.pdf [32m200[0m 5.480 ms - 25381301[0m
2024-06-11 18:12:18 info: [0mGET /api/files/getFiles [32m200[0m 118.220 ms - -[0m
2024-06-11 18:15:53 info: [0mOPTIONS /api/files/updateFileById [32m204[0m 0.309 ms - 0[0m
2024-06-11 18:40:07 info: =================================
2024-06-11 18:40:07 info: ======= ENV: development =======
2024-06-11 18:40:07 info: 🚀 App listening on the port 5210
2024-06-11 18:40:07 info: =================================
