2024-05-22 12:53:36 info: =================================
2024-05-22 12:53:36 info: ======= ENV: development =======
2024-05-22 12:53:36 info: 🚀 App listening on the port 5210
2024-05-22 12:53:36 info: =================================
2024-05-22 12:54:16 info: [0mGET /api/veify-token/ [32m200[0m 22.645 ms - 874[0m
2024-05-22 12:54:16 info: [0mGET /api/veify-token/ [36m304[0m 5.340 ms - -[0m
2024-05-22 12:57:48 info: [0mGET /api/veify-token/ [36m304[0m 1.901 ms - -[0m
2024-05-22 12:57:48 info: [0mGET /api/veify-token/ [36m304[0m 1.552 ms - -[0m
2024-05-22 13:07:46 info: [0mGET /api/veify-token/ [36m304[0m 3.603 ms - -[0m
2024-05-22 13:07:46 info: [0mGET /api/veify-token/ [36m304[0m 3.386 ms - -[0m
2024-05-22 13:07:52 info: [0mGET /api/veify-token/ [36m304[0m 1.748 ms - -[0m
2024-05-22 13:07:52 info: [0mGET /api/veify-token/ [36m304[0m 2.833 ms - -[0m
2024-05-22 13:08:22 info: [0mGET /api/veify-token/ [36m304[0m 2.125 ms - -[0m
2024-05-22 13:08:22 info: [0mGET /api/veify-token/ [36m304[0m 4.263 ms - -[0m
2024-05-22 13:08:52 info: =================================
2024-05-22 13:08:52 info: ======= ENV: development =======
2024-05-22 13:08:52 info: 🚀 App listening on the port 5210
2024-05-22 13:08:52 info: =================================
2024-05-22 13:09:17 info: [0mOPTIONS /api/login [32m200[0m 1.117 ms - 0[0m
2024-05-22 13:09:17 info: [0mPOST /api/login [32m200[0m 502.468 ms - -[0m
2024-05-22 13:09:18 info: [0mGET /api/organization/getOrganizations [32m200[0m 78.010 ms - 979[0m
2024-05-22 13:09:18 info: [0mGET /api/roles/getRoles [32m200[0m 155.597 ms - -[0m
2024-05-22 13:09:18 info: [0mGET /api/organization/getOrganizations [36m304[0m 91.177 ms - -[0m
2024-05-22 13:09:18 info: [0mGET /api/users/getUsers [32m200[0m 177.465 ms - -[0m
2024-05-22 13:09:18 info: [0mGET /api/roles/getRoles [36m304[0m 156.959 ms - -[0m
2024-05-22 13:09:18 info: [0mGET /api/users/getUsers [36m304[0m 153.645 ms - -[0m
2024-05-22 13:09:18 info: [0mGET /api/files/getFiles [32m200[0m 550.739 ms - -[0m
2024-05-22 13:11:36 info: [0mGET /api/veify-token/ [36m304[0m 3.543 ms - -[0m
2024-05-22 13:11:36 info: [0mGET /api/veify-token/ [36m304[0m 2.412 ms - -[0m
2024-05-22 13:11:36 info: [0mGET /api/organization/getOrganizations [36m304[0m 81.471 ms - -[0m
2024-05-22 13:11:36 info: [0mGET /api/users/getUsers [36m304[0m 157.225 ms - -[0m
2024-05-22 13:11:37 info: [0mGET /api/roles/getRoles [36m304[0m 163.129 ms - -[0m
2024-05-22 13:11:37 info: [0mGET /api/files/getFiles [36m304[0m 573.806 ms - -[0m
2024-05-22 13:12:06 info: [0mGET /api/veify-token/ [36m304[0m 1.911 ms - -[0m
2024-05-22 13:12:06 info: [0mGET /api/veify-token/ [36m304[0m 1.878 ms - -[0m
2024-05-22 13:12:06 info: [0mGET /api/organization/getOrganizations [36m304[0m 79.575 ms - -[0m
2024-05-22 13:12:06 info: [0mGET /api/users/getUsers [36m304[0m 159.531 ms - -[0m
2024-05-22 13:12:06 info: [0mGET /api/roles/getRoles [36m304[0m 164.299 ms - -[0m
2024-05-22 13:12:07 info: [0mGET /api/files/getFiles [36m304[0m 528.873 ms - -[0m
2024-05-22 13:19:09 info: [0mGET /api/veify-token/ [36m304[0m 2.018 ms - -[0m
2024-05-22 13:19:09 info: [0mGET /api/veify-token/ [36m304[0m 1.727 ms - -[0m
2024-05-22 13:19:10 info: [0mGET /api/files/getFiles [36m304[0m 618.618 ms - -[0m
2024-05-22 13:21:54 info: [0mGET /api/veify-token/ [36m304[0m 6.158 ms - -[0m
2024-05-22 13:21:54 info: [0mGET /api/veify-token/ [36m304[0m 1.718 ms - -[0m
2024-05-22 13:21:55 info: [0mGET /api/files/getFiles [36m304[0m 548.709 ms - -[0m
2024-05-22 13:22:02 info: [0mGET /api/veify-token/ [36m304[0m 1.515 ms - -[0m
2024-05-22 13:22:02 info: [0mGET /api/veify-token/ [36m304[0m 1.752 ms - -[0m
2024-05-22 13:22:03 info: [0mGET /api/files/getFiles [36m304[0m 573.596 ms - -[0m
2024-05-22 13:22:46 info: [0mGET /api/veify-token/ [36m304[0m 1.368 ms - -[0m
2024-05-22 13:22:46 info: [0mGET /api/veify-token/ [36m304[0m 1.657 ms - -[0m
2024-05-22 13:22:46 info: [0mGET /api/organization/getOrganizations [36m304[0m 77.806 ms - -[0m
2024-05-22 13:22:46 info: [0mGET /api/users/getUsers [36m304[0m 168.544 ms - -[0m
2024-05-22 13:22:46 info: [0mGET /api/roles/getRoles [36m304[0m 171.711 ms - -[0m
2024-05-22 13:22:46 info: [0mGET /api/files/getFiles [36m304[0m 549.861 ms - -[0m
2024-05-22 13:23:10 info: [0mGET /api/veify-token/ [36m304[0m 2.542 ms - -[0m
2024-05-22 13:23:10 info: [0mGET /api/veify-token/ [36m304[0m 3.237 ms - -[0m
2024-05-22 13:23:11 info: [0mGET /api/organization/getOrganizations [36m304[0m 82.695 ms - -[0m
2024-05-22 13:23:11 info: [0mGET /api/roles/getRoles [36m304[0m 155.013 ms - -[0m
2024-05-22 13:23:11 info: [0mGET /api/users/getUsers [36m304[0m 164.083 ms - -[0m
2024-05-22 13:23:12 info: [0mGET /api/files/getFiles [36m304[0m 1949.450 ms - -[0m
2024-05-22 13:23:24 info: [0mGET /api/veify-token/ [36m304[0m 1.760 ms - -[0m
2024-05-22 13:23:24 info: [0mGET /api/veify-token/ [36m304[0m 3.432 ms - -[0m
2024-05-22 13:23:24 info: [0mGET /api/organization/getOrganizations [36m304[0m 81.548 ms - -[0m
2024-05-22 13:23:24 info: [0mGET /api/users/getUsers [36m304[0m 166.629 ms - -[0m
2024-05-22 13:23:24 info: [0mGET /api/roles/getRoles [36m304[0m 164.911 ms - -[0m
2024-05-22 13:23:25 info: [0mGET /api/files/getFiles [36m304[0m 552.623 ms - -[0m
2024-05-22 13:25:50 info: [0mGET /api/veify-token/ [36m304[0m 1.679 ms - -[0m
2024-05-22 13:25:50 info: [0mGET /api/veify-token/ [36m304[0m 2.274 ms - -[0m
2024-05-22 13:25:50 info: [0mGET /api/organization/getOrganizations [36m304[0m 80.007 ms - -[0m
2024-05-22 13:25:50 info: [0mGET /api/users/getUsers [36m304[0m 158.576 ms - -[0m
2024-05-22 13:25:50 info: [0mGET /api/roles/getRoles [36m304[0m 161.235 ms - -[0m
2024-05-22 13:25:51 info: [0mGET /api/files/getFiles [36m304[0m 547.447 ms - -[0m
2024-05-22 13:28:13 info: [0mGET /api/veify-token/ [36m304[0m 1.536 ms - -[0m
2024-05-22 13:28:13 info: [0mGET /api/veify-token/ [36m304[0m 1.579 ms - -[0m
2024-05-22 13:28:13 info: [0mGET /api/organization/getOrganizations [36m304[0m 79.028 ms - -[0m
2024-05-22 13:28:13 info: [0mGET /api/roles/getRoles [36m304[0m 149.150 ms - -[0m
2024-05-22 13:28:13 info: [0mGET /api/users/getUsers [36m304[0m 162.386 ms - -[0m
2024-05-22 13:28:14 info: [0mGET /api/files/getFiles [36m304[0m 523.379 ms - -[0m
2024-05-22 13:28:33 info: [0mGET /api/veify-token/ [36m304[0m 1.184 ms - -[0m
2024-05-22 13:28:33 info: [0mGET /api/veify-token/ [36m304[0m 1.708 ms - -[0m
2024-05-22 13:28:33 info: [0mGET /api/organization/getOrganizations [36m304[0m 78.240 ms - -[0m
2024-05-22 13:28:33 info: [0mGET /api/users/getUsers [36m304[0m 159.024 ms - -[0m
2024-05-22 13:28:33 info: [0mGET /api/roles/getRoles [36m304[0m 158.664 ms - -[0m
2024-05-22 13:28:34 info: [0mGET /api/files/getFiles [36m304[0m 538.357 ms - -[0m
2024-05-22 13:28:38 info: [0mGET /api/veify-token/ [36m304[0m 1.899 ms - -[0m
2024-05-22 13:28:38 info: [0mGET /api/veify-token/ [36m304[0m 2.246 ms - -[0m
2024-05-22 13:28:38 info: [0mGET /api/organization/getOrganizations [36m304[0m 78.937 ms - -[0m
2024-05-22 13:28:38 info: [0mGET /api/users/getUsers [36m304[0m 151.643 ms - -[0m
2024-05-22 13:28:38 info: [0mGET /api/roles/getRoles [36m304[0m 164.455 ms - -[0m
2024-05-22 13:28:39 info: [0mGET /api/files/getFiles [36m304[0m 1357.994 ms - -[0m
2024-05-22 13:29:11 info: [0mGET /api/veify-token/ [36m304[0m 1.359 ms - -[0m
2024-05-22 13:29:11 info: [0mGET /api/veify-token/ [36m304[0m 1.718 ms - -[0m
2024-05-22 13:29:11 info: [0mGET /api/organization/getOrganizations [36m304[0m 80.409 ms - -[0m
2024-05-22 13:29:11 info: [0mGET /api/users/getUsers [36m304[0m 165.060 ms - -[0m
2024-05-22 13:29:11 info: [0mGET /api/roles/getRoles [36m304[0m 159.741 ms - -[0m
2024-05-22 13:29:13 info: [0mGET /api/files/getFiles [36m304[0m 2004.529 ms - -[0m
2024-05-22 13:31:06 info: [0mGET /api/veify-token/ [36m304[0m 1.218 ms - -[0m
2024-05-22 13:31:06 info: [0mGET /api/veify-token/ [36m304[0m 2.648 ms - -[0m
2024-05-22 13:31:06 info: [0mGET /api/organization/getOrganizations [36m304[0m 72.980 ms - -[0m
2024-05-22 13:31:06 info: [0mGET /api/users/getUsers [36m304[0m 162.803 ms - -[0m
2024-05-22 13:31:06 info: [0mGET /api/roles/getRoles [36m304[0m 159.109 ms - -[0m
2024-05-22 13:31:07 info: [0mGET /api/files/getFiles [36m304[0m 932.322 ms - -[0m
2024-05-22 13:31:16 info: [0mGET /api/veify-token/ [36m304[0m 2.091 ms - -[0m
2024-05-22 13:31:16 info: [0mGET /api/veify-token/ [36m304[0m 2.990 ms - -[0m
2024-05-22 13:31:16 info: [0mGET /api/organization/getOrganizations [36m304[0m 77.684 ms - -[0m
2024-05-22 13:31:16 info: [0mGET /api/roles/getRoles [36m304[0m 154.449 ms - -[0m
2024-05-22 13:31:16 info: [0mGET /api/users/getUsers [36m304[0m 168.098 ms - -[0m
2024-05-22 13:31:17 info: [0mGET /api/files/getFiles [36m304[0m 1368.512 ms - -[0m
2024-05-22 13:31:21 info: [0mGET /api/veify-token/ [36m304[0m 1.349 ms - -[0m
2024-05-22 13:31:21 info: [0mGET /api/veify-token/ [36m304[0m 1.457 ms - -[0m
2024-05-22 13:31:21 info: [0mGET /api/organization/getOrganizations [36m304[0m 81.912 ms - -[0m
2024-05-22 13:31:21 info: [0mGET /api/users/getUsers [36m304[0m 152.899 ms - -[0m
2024-05-22 13:31:21 info: [0mGET /api/roles/getRoles [36m304[0m 152.652 ms - -[0m
2024-05-22 13:31:23 info: [0mGET /api/files/getFiles [36m304[0m 1954.181 ms - -[0m
2024-05-22 14:02:20 info: [0mGET /api/veify-token/ [36m304[0m 1.877 ms - -[0m
2024-05-22 14:02:20 info: [0mGET /api/veify-token/ [36m304[0m 2.826 ms - -[0m
2024-05-22 14:02:20 info: [0mGET /api/organization/getOrganizations [36m304[0m 74.930 ms - -[0m
2024-05-22 14:02:20 info: [0mGET /api/roles/getRoles [36m304[0m 148.466 ms - -[0m
2024-05-22 14:02:20 info: [0mGET /api/users/getUsers [36m304[0m 162.418 ms - -[0m
2024-05-22 14:02:21 info: [0mGET /api/files/getFiles [36m304[0m 874.892 ms - -[0m
2024-05-22 14:02:58 info: [0mGET /api/veify-token/ [36m304[0m 1.472 ms - -[0m
2024-05-22 14:02:58 info: [0mGET /api/veify-token/ [36m304[0m 1.797 ms - -[0m
2024-05-22 14:02:58 info: [0mGET /api/organization/getOrganizations [36m304[0m 86.038 ms - -[0m
2024-05-22 14:02:58 info: [0mGET /api/users/getUsers [36m304[0m 151.471 ms - -[0m
2024-05-22 14:02:58 info: [0mGET /api/roles/getRoles [36m304[0m 166.509 ms - -[0m
2024-05-22 14:02:59 info: [0mGET /api/files/getFiles [36m304[0m 1167.221 ms - -[0m
2024-05-22 14:04:32 info: [0mGET /api/veify-token/ [36m304[0m 2.235 ms - -[0m
2024-05-22 14:04:32 info: [0mGET /api/veify-token/ [36m304[0m 1.828 ms - -[0m
2024-05-22 14:04:33 info: [0mGET /api/organization/getOrganizations [36m304[0m 74.648 ms - -[0m
2024-05-22 14:04:33 info: [0mGET /api/users/getUsers [36m304[0m 157.591 ms - -[0m
2024-05-22 14:04:33 info: [0mGET /api/roles/getRoles [36m304[0m 160.965 ms - -[0m
2024-05-22 14:04:34 info: [0mGET /api/files/getFiles [36m304[0m 1430.978 ms - -[0m
2024-05-22 14:05:18 info: [0mGET /api/veify-token/ [36m304[0m 1.862 ms - -[0m
2024-05-22 14:05:18 info: [0mGET /api/veify-token/ [36m304[0m 1.687 ms - -[0m
2024-05-22 14:05:19 info: [0mGET /api/organization/getOrganizations [36m304[0m 82.003 ms - -[0m
2024-05-22 14:05:19 info: [0mGET /api/users/getUsers [36m304[0m 162.638 ms - -[0m
2024-05-22 14:05:19 info: [0mGET /api/roles/getRoles [36m304[0m 164.435 ms - -[0m
2024-05-22 14:05:20 info: [0mGET /api/files/getFiles [36m304[0m 1223.123 ms - -[0m
2024-05-22 14:22:17 info: [0mGET /api/veify-token/ [36m304[0m 1.882 ms - -[0m
2024-05-22 14:22:17 info: [0mGET /api/veify-token/ [36m304[0m 1.404 ms - -[0m
2024-05-22 14:22:17 info: [0mGET /api/organization/getOrganizations [36m304[0m 82.776 ms - -[0m
2024-05-22 14:22:17 info: [0mGET /api/roles/getRoles [36m304[0m 146.259 ms - -[0m
2024-05-22 14:22:17 info: [0mGET /api/users/getUsers [36m304[0m 157.073 ms - -[0m
2024-05-22 14:22:18 info: [0mGET /api/files/getFiles [36m304[0m 1163.359 ms - -[0m
2024-05-22 14:27:48 info: [0mGET /api/veify-token/ [36m304[0m 1.537 ms - -[0m
2024-05-22 14:27:48 info: [0mGET /api/veify-token/ [36m304[0m 1.165 ms - -[0m
2024-05-22 14:27:48 info: [0mGET /api/organization/getOrganizations [36m304[0m 80.343 ms - -[0m
2024-05-22 14:27:48 info: [0mGET /api/users/getUsers [36m304[0m 153.788 ms - -[0m
2024-05-22 14:27:48 info: [0mGET /api/roles/getRoles [36m304[0m 153.962 ms - -[0m
2024-05-22 14:27:49 info: [0mGET /api/files/getFiles [36m304[0m 1154.368 ms - -[0m
2024-05-22 14:29:28 info: [0mGET /api/veify-token/ [36m304[0m 1.258 ms - -[0m
2024-05-22 14:29:28 info: [0mGET /api/veify-token/ [36m304[0m 2.207 ms - -[0m
2024-05-22 14:29:28 info: [0mGET /api/organization/getOrganizations [36m304[0m 82.704 ms - -[0m
2024-05-22 14:29:28 info: [0mGET /api/roles/getRoles [36m304[0m 161.473 ms - -[0m
2024-05-22 14:29:28 info: [0mGET /api/users/getUsers [36m304[0m 174.332 ms - -[0m
2024-05-22 14:29:29 info: [0mGET /api/files/getFiles [36m304[0m 857.918 ms - -[0m
2024-05-22 14:29:38 info: [0mGET /api/veify-token/ [36m304[0m 1.911 ms - -[0m
2024-05-22 14:29:38 info: [0mGET /api/veify-token/ [36m304[0m 1.412 ms - -[0m
2024-05-22 14:29:38 info: [0mGET /api/organization/getOrganizations [36m304[0m 81.821 ms - -[0m
2024-05-22 14:29:38 info: [0mGET /api/roles/getRoles [36m304[0m 165.297 ms - -[0m
2024-05-22 14:29:38 info: [0mGET /api/users/getUsers [36m304[0m 185.236 ms - -[0m
2024-05-22 14:29:39 info: [0mGET /api/files/getFiles [36m304[0m 1112.677 ms - -[0m
2024-05-22 14:34:44 info: [0mGET /api/veify-token/ [36m304[0m 2.407 ms - -[0m
2024-05-22 14:34:44 info: [0mGET /api/veify-token/ [36m304[0m 1.482 ms - -[0m
2024-05-22 14:34:44 info: [0mGET /api/organization/getOrganizations [36m304[0m 77.522 ms - -[0m
2024-05-22 14:34:44 info: [0mGET /api/users/getUsers [36m304[0m 157.657 ms - -[0m
2024-05-22 14:34:44 info: [0mGET /api/roles/getRoles [36m304[0m 157.897 ms - -[0m
2024-05-22 14:34:45 info: [0mGET /api/files/getFiles [36m304[0m 1018.340 ms - -[0m
2024-05-22 14:38:02 info: [0mGET /api/veify-token/ [36m304[0m 1.658 ms - -[0m
2024-05-22 14:38:02 info: [0mGET /api/veify-token/ [36m304[0m 1.316 ms - -[0m
2024-05-22 14:38:02 info: [0mGET /api/organization/getOrganizations [36m304[0m 89.428 ms - -[0m
2024-05-22 14:38:02 info: [0mGET /api/roles/getRoles [36m304[0m 153.706 ms - -[0m
2024-05-22 14:38:02 info: [0mGET /api/users/getUsers [36m304[0m 179.040 ms - -[0m
2024-05-22 14:38:03 info: [0mGET /api/files/getFiles [36m304[0m 895.839 ms - -[0m
2024-05-22 14:40:49 info: [0mGET /api/veify-token/ [36m304[0m 1.440 ms - -[0m
2024-05-22 14:40:49 info: [0mGET /api/veify-token/ [36m304[0m 3.150 ms - -[0m
2024-05-22 14:40:49 info: [0mGET /api/organization/getOrganizations [36m304[0m 76.890 ms - -[0m
2024-05-22 14:40:49 info: [0mGET /api/roles/getRoles [36m304[0m 155.338 ms - -[0m
2024-05-22 14:40:49 info: [0mGET /api/users/getUsers [36m304[0m 167.551 ms - -[0m
2024-05-22 14:40:50 info: [0mGET /api/files/getFiles [36m304[0m 958.606 ms - -[0m
2024-05-22 14:41:34 info: [0mGET /api/veify-token/ [36m304[0m 2.309 ms - -[0m
2024-05-22 14:41:34 info: [0mGET /api/veify-token/ [36m304[0m 1.786 ms - -[0m
2024-05-22 14:41:34 info: [0mGET /api/organization/getOrganizations [36m304[0m 84.012 ms - -[0m
2024-05-22 14:41:34 info: [0mGET /api/roles/getRoles [36m304[0m 156.189 ms - -[0m
2024-05-22 14:41:34 info: [0mGET /api/users/getUsers [36m304[0m 166.078 ms - -[0m
2024-05-22 14:41:35 info: [0mGET /api/files/getFiles [36m304[0m 794.668 ms - -[0m
2024-05-22 14:42:58 info: [0mGET /api/veify-token/ [36m304[0m 1.350 ms - -[0m
2024-05-22 14:42:58 info: [0mGET /api/veify-token/ [36m304[0m 1.705 ms - -[0m
2024-05-22 14:42:59 info: [0mGET /api/organization/getOrganizations [36m304[0m 75.567 ms - -[0m
2024-05-22 14:42:59 info: [0mGET /api/users/getUsers [36m304[0m 157.076 ms - -[0m
2024-05-22 14:42:59 info: [0mGET /api/roles/getRoles [36m304[0m 157.708 ms - -[0m
2024-05-22 14:43:00 info: [0mGET /api/files/getFiles [36m304[0m 1021.803 ms - -[0m
2024-05-22 14:46:08 info: [0mGET /api/veify-token/ [36m304[0m 1.327 ms - -[0m
2024-05-22 14:46:08 info: [0mGET /api/veify-token/ [36m304[0m 1.500 ms - -[0m
2024-05-22 14:46:09 info: [0mGET /api/organization/getOrganizations [36m304[0m 86.688 ms - -[0m
2024-05-22 14:46:09 info: [0mGET /api/users/getUsers [36m304[0m 160.130 ms - -[0m
2024-05-22 14:46:09 info: [0mGET /api/roles/getRoles [36m304[0m 162.436 ms - -[0m
2024-05-22 14:46:09 info: [0mGET /api/files/getFiles [36m304[0m 846.801 ms - -[0m
2024-05-22 14:49:34 info: [0mGET /api/veify-token/ [36m304[0m 2.092 ms - -[0m
2024-05-22 14:49:34 info: [0mGET /api/veify-token/ [36m304[0m 1.584 ms - -[0m
2024-05-22 14:49:34 info: [0mGET /api/organization/getOrganizations [36m304[0m 80.909 ms - -[0m
2024-05-22 14:49:34 info: [0mGET /api/users/getUsers [36m304[0m 151.320 ms - -[0m
2024-05-22 14:49:34 info: [0mGET /api/roles/getRoles [36m304[0m 150.879 ms - -[0m
2024-05-22 14:49:35 info: [0mGET /api/files/getFiles [36m304[0m 927.384 ms - -[0m
2024-05-22 14:52:39 info: [0mGET /api/veify-token/ [36m304[0m 1.139 ms - -[0m
2024-05-22 14:52:39 info: [0mGET /api/veify-token/ [36m304[0m 1.167 ms - -[0m
2024-05-22 14:52:40 info: [0mGET /api/organization/getOrganizations [36m304[0m 75.324 ms - -[0m
2024-05-22 14:52:40 info: [0mGET /api/users/getUsers [36m304[0m 162.324 ms - -[0m
2024-05-22 14:52:40 info: [0mGET /api/roles/getRoles [36m304[0m 160.175 ms - -[0m
2024-05-22 14:52:40 info: [0mGET /api/files/getFiles [36m304[0m 775.508 ms - -[0m
2024-05-22 14:54:07 info: [0mGET /api/veify-token/ [36m304[0m 1.406 ms - -[0m
2024-05-22 14:54:07 info: [0mGET /api/veify-token/ [36m304[0m 1.343 ms - -[0m
2024-05-22 14:54:07 info: [0mGET /api/organization/getOrganizations [36m304[0m 75.078 ms - -[0m
2024-05-22 14:54:08 info: [0mGET /api/users/getUsers [36m304[0m 166.391 ms - -[0m
2024-05-22 14:54:08 info: [0mGET /api/roles/getRoles [36m304[0m 165.168 ms - -[0m
2024-05-22 14:54:08 info: [0mGET /api/files/getFiles [36m304[0m 542.111 ms - -[0m
2024-05-22 14:54:49 info: [0mGET /api/veify-token/ [36m304[0m 1.246 ms - -[0m
2024-05-22 14:54:49 info: [0mGET /api/veify-token/ [36m304[0m 1.349 ms - -[0m
2024-05-22 14:54:50 info: [0mGET /api/organization/getOrganizations [36m304[0m 89.869 ms - -[0m
2024-05-22 14:54:50 info: [0mGET /api/users/getUsers [36m304[0m 175.840 ms - -[0m
2024-05-22 14:54:50 info: [0mGET /api/roles/getRoles [36m304[0m 170.813 ms - -[0m
2024-05-22 14:54:50 info: [0mGET /api/files/getFiles [36m304[0m 862.370 ms - -[0m
2024-05-22 15:02:58 info: [0mGET /api/veify-token/ [36m304[0m 2.265 ms - -[0m
2024-05-22 15:02:58 info: [0mGET /api/veify-token/ [36m304[0m 1.065 ms - -[0m
2024-05-22 15:02:59 info: [0mGET /api/organization/getOrganizations [36m304[0m 73.881 ms - -[0m
2024-05-22 15:02:59 info: [0mGET /api/users/getUsers [36m304[0m 158.133 ms - -[0m
2024-05-22 15:02:59 info: [0mGET /api/roles/getRoles [36m304[0m 156.472 ms - -[0m
2024-05-22 15:02:59 info: [0mGET /api/files/getFiles [36m304[0m 863.776 ms - -[0m
2024-05-22 15:06:01 info: [0mGET /api/veify-token/ [36m304[0m 2.164 ms - -[0m
2024-05-22 15:06:01 info: [0mGET /api/veify-token/ [36m304[0m 1.979 ms - -[0m
2024-05-22 15:06:02 info: [0mGET /api/organization/getOrganizations [36m304[0m 74.379 ms - -[0m
2024-05-22 15:06:02 info: [0mGET /api/users/getUsers [36m304[0m 162.217 ms - -[0m
2024-05-22 15:06:02 info: [0mGET /api/roles/getRoles [36m304[0m 158.646 ms - -[0m
2024-05-22 15:06:02 info: [0mGET /api/files/getFiles [36m304[0m 784.245 ms - -[0m
2024-05-22 15:07:37 info: [0mGET /api/veify-token/ [36m304[0m 1.069 ms - -[0m
2024-05-22 15:07:37 info: [0mGET /api/veify-token/ [36m304[0m 2.594 ms - -[0m
2024-05-22 15:07:37 info: [0mGET /api/organization/getOrganizations [36m304[0m 78.124 ms - -[0m
2024-05-22 15:07:37 info: [0mGET /api/users/getUsers [36m304[0m 158.030 ms - -[0m
2024-05-22 15:07:37 info: [0mGET /api/roles/getRoles [36m304[0m 151.092 ms - -[0m
2024-05-22 15:07:38 info: [0mGET /api/files/getFiles [36m304[0m 848.075 ms - -[0m
2024-05-22 15:07:58 info: [0mGET /api/veify-token/ [36m304[0m 9.329 ms - -[0m
2024-05-22 15:07:58 info: [0mGET /api/veify-token/ [36m304[0m 7.272 ms - -[0m
2024-05-22 15:07:58 info: [0mGET /api/organization/getOrganizations [36m304[0m 84.895 ms - -[0m
2024-05-22 15:07:58 info: [0mGET /api/users/getUsers [36m304[0m 153.731 ms - -[0m
2024-05-22 15:07:58 info: [0mGET /api/roles/getRoles [36m304[0m 152.847 ms - -[0m
2024-05-22 15:07:59 info: [0mGET /api/files/getFiles [36m304[0m 522.993 ms - -[0m
2024-05-22 15:16:36 info: [0mGET /api/files/getFiles [36m304[0m 805.247 ms - -[0m
2024-05-22 15:16:37 info: [0mGET /api/files/getFiles [36m304[0m 742.949 ms - -[0m
2024-05-22 15:16:43 info: [0mOPTIONS /api/files/updateFileById [32m200[0m 1.107 ms - 0[0m
2024-05-22 15:16:44 info: [0mPOST /api/files/updateFileById [33m400[0m 1373.737 ms - -[0m
2024-05-22 15:19:43 info: =================================
2024-05-22 15:19:43 info: ======= ENV: development =======
2024-05-22 15:19:43 info: 🚀 App listening on the port 5210
2024-05-22 15:19:43 info: =================================
2024-05-22 15:19:49 info: [0mOPTIONS /api/files/updateFileById [32m200[0m 1.534 ms - 0[0m
2024-05-22 15:20:02 info: [0mOPTIONS /api/files/updateFileById [32m200[0m 0.262 ms - 0[0m
2024-05-22 15:20:02 info: [0mOPTIONS /api/ia/chat [32m200[0m 0.128 ms - 0[0m
2024-05-22 15:20:12 info: [0mPOST /api/files/updateFileById [33m400[0m 22771.957 ms - -[0m
2024-05-22 15:20:24 info: [0mPOST /api/files/updateFileById [33m400[0m 22394.958 ms - -[0m
2024-05-22 15:23:30 info: =================================
2024-05-22 15:23:30 info: ======= ENV: development =======
2024-05-22 15:23:30 info: 🚀 App listening on the port 5210
2024-05-22 15:23:30 info: =================================
2024-05-22 15:24:06 info: [0mGET /api/files/getFiles [32m200[0m 2249.619 ms - -[0m
2024-05-22 15:24:07 info: [0mGET /api/files/getFiles [36m304[0m 528.445 ms - -[0m
2024-05-22 15:24:15 info: [0mOPTIONS /api/files/updateFileById [32m200[0m 0.495 ms - 0[0m
2024-05-22 15:24:40 info: [0mPOST /api/files/updateFileById [33m400[0m 25415.634 ms - -[0m
2024-05-22 15:29:54 info: [0mOPTIONS /api/files/updateFileById [32m200[0m 0.665 ms - 0[0m
2024-05-22 15:29:54 info: [0mOPTIONS /api/ia/chat [32m200[0m 0.174 ms - 0[0m
2024-05-22 15:30:15 info: [0mPOST /api/ia/chat [33m400[0m 21088.657 ms - -[0m
2024-05-22 15:30:19 info: [0mPOST /api/files/updateFileById [33m400[0m 25083.908 ms - -[0m
2024-05-22 15:34:38 info: [0mOPTIONS /api/files/updateFileById [32m200[0m 0.109 ms - 0[0m
2024-05-22 15:34:38 info: [0mOPTIONS /api/ia/chat [32m200[0m 0.157 ms - 0[0m
2024-05-22 15:34:59 info: [0mPOST /api/ia/chat [33m400[0m 21064.168 ms - -[0m
2024-05-22 15:35:04 info: [0mPOST /api/files/updateFileById [33m400[0m 25443.105 ms - -[0m
2024-05-22 15:36:40 info: [0mGET /api/veify-token/ [36m304[0m 5.812 ms - -[0m
2024-05-22 15:36:40 info: [0mGET /api/veify-token/ [36m304[0m 3.608 ms - -[0m
2024-05-22 15:36:40 info: [0mGET /api/organization/getOrganizations [36m304[0m 82.235 ms - -[0m
2024-05-22 15:36:40 info: [0mGET /api/users/getUsers [32m200[0m 171.515 ms - -[0m
2024-05-22 15:36:40 info: [0mGET /api/roles/getRoles [32m200[0m 166.638 ms - -[0m
2024-05-22 15:36:41 info: [0mGET /api/files/getFiles [32m200[0m 754.159 ms - -[0m
2024-05-22 15:36:58 info: [0mOPTIONS /api/files/updateFileById [32m200[0m 0.158 ms - 0[0m
2024-05-22 15:37:12 info: [0mOPTIONS /api/files/updateFileById [32m200[0m 0.123 ms - 0[0m
2024-05-22 15:37:20 info: [0mPOST /api/files/updateFileById [33m400[0m 22212.673 ms - -[0m
2024-05-22 15:37:25 info: [0mOPTIONS /api/files/updateFileById [32m200[0m 0.127 ms - 0[0m
2024-05-22 15:37:25 info: [0mOPTIONS /api/ia/chat [32m200[0m 0.134 ms - 0[0m
2024-05-22 15:37:35 info: [0mPOST /api/files/updateFileById [33m400[0m 22769.469 ms - -[0m
2024-05-22 15:37:46 info: [0mPOST /api/ia/chat [33m400[0m 21072.230 ms - -[0m
2024-05-22 15:37:48 info: [0mPOST /api/files/updateFileById [33m400[0m 22741.832 ms - -[0m
2024-05-22 15:42:15 info: [0mGET /api/veify-token/ [36m304[0m 2.076 ms - -[0m
2024-05-22 15:42:15 info: [0mGET /api/veify-token/ [36m304[0m 1.917 ms - -[0m
2024-05-22 15:42:16 info: [0mGET /api/organization/getOrganizations [36m304[0m 86.689 ms - -[0m
2024-05-22 15:42:16 info: [0mGET /api/roles/getRoles [36m304[0m 158.069 ms - -[0m
2024-05-22 15:42:16 info: [0mGET /api/users/getUsers [36m304[0m 172.802 ms - -[0m
2024-05-22 15:42:16 info: [0mGET /api/files/getFiles [32m200[0m 690.012 ms - -[0m
2024-05-22 15:42:24 info: [0mGET /api/veify-token/ [36m304[0m 1.503 ms - -[0m
2024-05-22 15:42:24 info: [0mGET /api/veify-token/ [36m304[0m 1.314 ms - -[0m
2024-05-22 15:42:24 info: [0mGET /api/organization/getOrganizations [36m304[0m 80.642 ms - -[0m
2024-05-22 15:42:24 info: [0mGET /api/users/getUsers [36m304[0m 159.932 ms - -[0m
2024-05-22 15:42:24 info: [0mGET /api/roles/getRoles [36m304[0m 159.577 ms - -[0m
2024-05-22 15:42:25 info: [0mGET /api/files/getFiles [36m304[0m 541.677 ms - -[0m
2024-05-22 15:42:38 info: [0mGET /api/veify-token/ [36m304[0m 9.147 ms - -[0m
2024-05-22 15:42:38 info: [0mGET /api/veify-token/ [36m304[0m 2.407 ms - -[0m
2024-05-22 15:42:38 info: [0mGET /api/organization/getOrganizations [36m304[0m 77.331 ms - -[0m
2024-05-22 15:42:39 info: [0mGET /api/users/getUsers [36m304[0m 155.491 ms - -[0m
2024-05-22 15:42:39 info: [0mGET /api/roles/getRoles [36m304[0m 159.753 ms - -[0m
2024-05-22 15:42:39 info: [0mGET /api/files/getFiles [36m304[0m 561.631 ms - -[0m
2024-05-22 15:43:01 info: [0mGET /api/veify-token/ [36m304[0m 2.086 ms - -[0m
2024-05-22 15:43:01 info: [0mGET /api/veify-token/ [36m304[0m 13.330 ms - -[0m
2024-05-22 15:43:01 info: [0mGET /api/organization/getOrganizations [36m304[0m 86.971 ms - -[0m
2024-05-22 15:43:02 info: [0mGET /api/users/getUsers [36m304[0m 162.458 ms - -[0m
2024-05-22 15:43:02 info: [0mGET /api/roles/getRoles [36m304[0m 161.847 ms - -[0m
2024-05-22 15:43:03 info: [0mGET /api/files/getFiles [36m304[0m 1940.834 ms - -[0m
2024-05-22 15:43:15 info: [0mGET /api/veify-token/ [36m304[0m 2.663 ms - -[0m
2024-05-22 15:43:15 info: [0mGET /api/veify-token/ [36m304[0m 1.644 ms - -[0m
2024-05-22 15:43:15 info: [0mGET /api/organization/getOrganizations [36m304[0m 82.872 ms - -[0m
2024-05-22 15:43:15 info: [0mGET /api/roles/getRoles [36m304[0m 152.138 ms - -[0m
2024-05-22 15:43:15 info: [0mGET /api/users/getUsers [36m304[0m 165.382 ms - -[0m
2024-05-22 15:43:16 info: [0mGET /api/files/getFiles [36m304[0m 523.312 ms - -[0m
2024-05-22 15:43:33 info: [0mGET /api/veify-token/ [36m304[0m 11.906 ms - -[0m
2024-05-22 15:43:33 info: [0mGET /api/veify-token/ [36m304[0m 2.551 ms - -[0m
2024-05-22 15:43:34 info: [0mGET /api/organization/getOrganizations [36m304[0m 77.794 ms - -[0m
2024-05-22 15:43:34 info: [0mGET /api/users/getUsers [36m304[0m 166.576 ms - -[0m
2024-05-22 15:43:34 info: [0mGET /api/roles/getRoles [36m304[0m 167.651 ms - -[0m
2024-05-22 15:43:35 info: [0mGET /api/files/getFiles [36m304[0m 1343.200 ms - -[0m
2024-05-22 16:04:22 info: [0mGET /api/veify-token/ [36m304[0m 12.323 ms - -[0m
2024-05-22 16:04:22 info: [0mGET /api/veify-token/ [36m304[0m 1.967 ms - -[0m
2024-05-22 16:04:23 info: [0mGET /api/organization/getOrganizations [36m304[0m 93.539 ms - -[0m
2024-05-22 16:04:23 info: [0mGET /api/users/getUsers [36m304[0m 181.852 ms - -[0m
2024-05-22 16:04:23 info: [0mGET /api/roles/getRoles [36m304[0m 176.777 ms - -[0m
2024-05-22 16:04:23 info: [0mGET /api/files/getFiles [36m304[0m 595.312 ms - -[0m
2024-05-22 16:06:57 info: [0mGET /api/veify-token/ [36m304[0m 1.194 ms - -[0m
2024-05-22 16:06:57 info: [0mGET /api/veify-token/ [36m304[0m 2.204 ms - -[0m
2024-05-22 16:06:57 info: [0mGET /api/organization/getOrganizations [36m304[0m 86.535 ms - -[0m
2024-05-22 16:06:57 info: [0mGET /api/users/getUsers [36m304[0m 163.231 ms - -[0m
2024-05-22 16:06:57 info: [0mGET /api/roles/getRoles [36m304[0m 166.770 ms - -[0m
2024-05-22 16:06:58 info: [0mGET /api/files/getFiles [36m304[0m 1504.378 ms - -[0m
2024-05-22 16:35:15 info: [0mGET /api/veify-token/ [36m304[0m 108.043 ms - -[0m
2024-05-22 16:35:15 info: [0mGET /api/veify-token/ [36m304[0m 34.870 ms - -[0m
2024-05-22 16:35:16 info: [0mGET /api/files/getFiles [36m304[0m 586.574 ms - -[0m
2024-05-22 16:39:13 info: [0mGET /api/veify-token/ [36m304[0m 4.350 ms - -[0m
2024-05-22 16:39:13 info: [0mGET /api/veify-token/ [36m304[0m 3.604 ms - -[0m
2024-05-22 16:39:13 info: [0mGET /api/organization/getOrganizations [36m304[0m 96.452 ms - -[0m
2024-05-22 16:39:13 info: [0mGET /api/users/getUsers [36m304[0m 217.343 ms - -[0m
2024-05-22 16:39:13 info: [0mGET /api/roles/getRoles [36m304[0m 189.683 ms - -[0m
2024-05-22 16:39:14 info: [0mGET /api/files/getFiles [36m304[0m 1350.182 ms - -[0m
2024-05-22 16:39:41 info: [0mGET /api/veify-token/ [36m304[0m 3.901 ms - -[0m
2024-05-22 16:39:41 info: [0mGET /api/veify-token/ [36m304[0m 1.113 ms - -[0m
2024-05-22 16:39:41 info: [0mGET /api/organization/getOrganizations [36m304[0m 87.007 ms - -[0m
2024-05-22 16:39:42 info: [0mGET /api/roles/getRoles [36m304[0m 155.184 ms - -[0m
2024-05-22 16:39:42 info: [0mGET /api/users/getUsers [36m304[0m 170.211 ms - -[0m
2024-05-22 16:39:42 info: [0mGET /api/files/getFiles [36m304[0m 575.882 ms - -[0m
2024-05-22 16:46:09 info: [0mGET /api/veify-token/ [36m304[0m 1.339 ms - -[0m
2024-05-22 16:46:09 info: [0mGET /api/veify-token/ [36m304[0m 2.032 ms - -[0m
2024-05-22 16:46:10 info: [0mGET /api/organization/getOrganizations [36m304[0m 98.787 ms - -[0m
2024-05-22 16:46:10 info: [0mGET /api/users/getUsers [36m304[0m 181.961 ms - -[0m
2024-05-22 16:46:10 info: [0mGET /api/roles/getRoles [36m304[0m 186.317 ms - -[0m
2024-05-22 16:46:11 info: [0mGET /api/files/getFiles [36m304[0m 1162.327 ms - -[0m
2024-05-22 16:47:11 info: [0mGET /api/veify-token/ [36m304[0m 2.757 ms - -[0m
2024-05-22 16:47:11 info: [0mGET /api/veify-token/ [36m304[0m 2.094 ms - -[0m
2024-05-22 16:47:11 info: [0mGET /api/organization/getOrganizations [36m304[0m 80.883 ms - -[0m
2024-05-22 16:47:11 info: [0mGET /api/roles/getRoles [36m304[0m 152.002 ms - -[0m
2024-05-22 16:47:11 info: [0mGET /api/users/getUsers [36m304[0m 171.537 ms - -[0m
2024-05-22 16:47:12 info: [0mGET /api/files/getFiles [36m304[0m 560.292 ms - -[0m
2024-05-22 16:47:53 info: [0mGET /api/veify-token/ [36m304[0m 3.843 ms - -[0m
2024-05-22 16:47:53 info: [0mGET /api/veify-token/ [36m304[0m 3.038 ms - -[0m
2024-05-22 16:47:53 info: [0mGET /api/organization/getOrganizations [36m304[0m 96.192 ms - -[0m
2024-05-22 16:47:53 info: [0mGET /api/roles/getRoles [36m304[0m 167.637 ms - -[0m
2024-05-22 16:47:53 info: [0mGET /api/users/getUsers [36m304[0m 179.601 ms - -[0m
2024-05-22 16:47:53 info: [0mGET /api/files/getFiles [36m304[0m 714.125 ms - -[0m
2024-05-22 16:49:34 info: [0mGET /api/veify-token/ [36m304[0m 12.997 ms - -[0m
2024-05-22 16:49:34 info: [0mGET /api/veify-token/ [36m304[0m 68.377 ms - -[0m
2024-05-22 16:49:34 info: [0mGET /api/organization/getOrganizations [36m304[0m 90.234 ms - -[0m
2024-05-22 16:49:35 info: [0mGET /api/users/getUsers [36m304[0m 177.883 ms - -[0m
2024-05-22 16:49:35 info: [0mGET /api/roles/getRoles [36m304[0m 180.791 ms - -[0m
2024-05-22 16:49:35 info: [0mGET /api/files/getFiles [36m304[0m 777.694 ms - -[0m
2024-05-22 16:50:23 info: [0mGET /api/veify-token/ [36m304[0m 2.397 ms - -[0m
2024-05-22 16:50:23 info: [0mGET /api/veify-token/ [36m304[0m 4.742 ms - -[0m
2024-05-22 16:50:23 info: [0mGET /api/organization/getOrganizations [36m304[0m 88.250 ms - -[0m
2024-05-22 16:50:23 info: [0mGET /api/users/getUsers [36m304[0m 168.603 ms - -[0m
2024-05-22 16:50:23 info: [0mGET /api/roles/getRoles [36m304[0m 181.165 ms - -[0m
2024-05-22 16:50:24 info: [0mGET /api/files/getFiles [36m304[0m 1072.698 ms - -[0m
2024-05-22 16:56:02 info: [0mGET /api/veify-token/ [36m304[0m 3.477 ms - -[0m
2024-05-22 16:56:02 info: [0mGET /api/veify-token/ [36m304[0m 2.655 ms - -[0m
2024-05-22 16:56:02 info: [0mGET /api/organization/getOrganizations [36m304[0m 86.531 ms - -[0m
2024-05-22 16:56:02 info: [0mGET /api/users/getUsers [36m304[0m 165.168 ms - -[0m
2024-05-22 16:56:02 info: [0mGET /api/roles/getRoles [36m304[0m 165.392 ms - -[0m
2024-05-22 16:56:03 info: [0mGET /api/files/getFiles [36m304[0m 745.887 ms - -[0m
2024-05-22 16:57:23 info: [0mGET /api/veify-token/ [36m304[0m 1.335 ms - -[0m
2024-05-22 16:57:23 info: [0mGET /api/veify-token/ [36m304[0m 1.481 ms - -[0m
2024-05-22 16:57:23 info: [0mGET /api/organization/getOrganizations [36m304[0m 73.908 ms - -[0m
2024-05-22 16:57:23 info: [0mGET /api/users/getUsers [36m304[0m 157.982 ms - -[0m
2024-05-22 16:57:23 info: [0mGET /api/roles/getRoles [36m304[0m 158.076 ms - -[0m
2024-05-22 16:57:24 info: [0mGET /api/files/getFiles [36m304[0m 523.889 ms - -[0m
2024-05-22 16:57:35 info: [0mGET /api/veify-token/ [36m304[0m 1.028 ms - -[0m
2024-05-22 16:57:35 info: [0mGET /api/veify-token/ [36m304[0m 1.861 ms - -[0m
2024-05-22 16:57:35 info: [0mGET /api/organization/getOrganizations [36m304[0m 75.095 ms - -[0m
2024-05-22 16:57:35 info: [0mGET /api/users/getUsers [36m304[0m 157.051 ms - -[0m
2024-05-22 16:57:35 info: [0mGET /api/roles/getRoles [36m304[0m 157.200 ms - -[0m
2024-05-22 16:57:35 info: [0mGET /api/files/getFiles [36m304[0m 688.218 ms - -[0m
2024-05-22 16:58:29 info: [0mGET /api/veify-token/ [36m304[0m 1.401 ms - -[0m
2024-05-22 16:58:29 info: [0mGET /api/veify-token/ [36m304[0m 2.312 ms - -[0m
2024-05-22 16:58:29 info: [0mGET /api/organization/getOrganizations [36m304[0m 74.115 ms - -[0m
2024-05-22 16:58:29 info: [0mGET /api/roles/getRoles [36m304[0m 158.911 ms - -[0m
2024-05-22 16:58:29 info: [0mGET /api/users/getUsers [36m304[0m 190.519 ms - -[0m
2024-05-22 16:58:30 info: [0mGET /api/files/getFiles [36m304[0m 966.787 ms - -[0m
2024-05-22 16:58:52 info: [0mGET /api/veify-token/ [36m304[0m 1.483 ms - -[0m
2024-05-22 16:58:52 info: [0mGET /api/veify-token/ [36m304[0m 2.174 ms - -[0m
2024-05-22 16:58:52 info: [0mGET /api/organization/getOrganizations [36m304[0m 95.215 ms - -[0m
2024-05-22 16:58:52 info: [0mGET /api/roles/getRoles [36m304[0m 184.903 ms - -[0m
2024-05-22 16:58:52 info: [0mGET /api/users/getUsers [36m304[0m 196.024 ms - -[0m
2024-05-22 16:58:53 info: [0mGET /api/files/getFiles [36m304[0m 569.616 ms - -[0m
2024-05-22 16:59:50 info: [0mGET /api/veify-token/ [36m304[0m 2.604 ms - -[0m
2024-05-22 16:59:50 info: [0mGET /api/veify-token/ [36m304[0m 1.830 ms - -[0m
2024-05-22 16:59:50 info: [0mGET /api/organization/getOrganizations [36m304[0m 88.117 ms - -[0m
2024-05-22 16:59:50 info: [0mGET /api/users/getUsers [36m304[0m 156.921 ms - -[0m
2024-05-22 16:59:50 info: [0mGET /api/roles/getRoles [36m304[0m 158.824 ms - -[0m
2024-05-22 16:59:51 info: [0mGET /api/files/getFiles [36m304[0m 1124.999 ms - -[0m
2024-05-22 17:01:46 info: [0mGET /api/veify-token/ [36m304[0m 7.426 ms - -[0m
2024-05-22 17:01:46 info: [0mGET /api/veify-token/ [36m304[0m 12.059 ms - -[0m
2024-05-22 17:01:47 info: [0mGET /api/files/getFiles [36m304[0m 946.377 ms - -[0m
2024-05-22 17:02:14 info: [0mGET /api/veify-token/ [36m304[0m 1.391 ms - -[0m
2024-05-22 17:02:14 info: [0mGET /api/veify-token/ [36m304[0m 2.719 ms - -[0m
2024-05-22 17:02:14 info: [0mGET /api/organization/getOrganizations [36m304[0m 98.559 ms - -[0m
2024-05-22 17:02:15 info: [0mGET /api/users/getUsers [36m304[0m 165.862 ms - -[0m
2024-05-22 17:02:15 info: [0mGET /api/roles/getRoles [36m304[0m 181.750 ms - -[0m
2024-05-22 17:02:15 info: [0mGET /api/files/getFiles [36m304[0m 541.145 ms - -[0m
2024-05-22 17:02:45 info: [0mGET /api/veify-token/ [36m304[0m 1.670 ms - -[0m
2024-05-22 17:02:45 info: [0mGET /api/veify-token/ [36m304[0m 1.161 ms - -[0m
2024-05-22 17:02:46 info: [0mGET /api/organization/getOrganizations [36m304[0m 93.146 ms - -[0m
2024-05-22 17:02:46 info: [0mGET /api/roles/getRoles [36m304[0m 165.681 ms - -[0m
2024-05-22 17:02:46 info: [0mGET /api/users/getUsers [36m304[0m 178.710 ms - -[0m
2024-05-22 17:02:46 info: [0mGET /api/files/getFiles [36m304[0m 727.071 ms - -[0m
2024-05-22 17:03:55 info: [0mGET /api/veify-token/ [36m304[0m 1.602 ms - -[0m
2024-05-22 17:03:55 info: [0mGET /api/veify-token/ [36m304[0m 1.230 ms - -[0m
2024-05-22 17:03:55 info: [0mGET /api/organization/getOrganizations [36m304[0m 75.231 ms - -[0m
2024-05-22 17:03:55 info: [0mGET /api/users/getUsers [36m304[0m 173.504 ms - -[0m
2024-05-22 17:03:55 info: [0mGET /api/roles/getRoles [36m304[0m 173.459 ms - -[0m
2024-05-22 17:03:56 info: [0mGET /api/files/getFiles [36m304[0m 1147.247 ms - -[0m
2024-05-22 17:09:00 info: [0mGET /api/veify-token/ [36m304[0m 1.266 ms - -[0m
2024-05-22 17:09:00 info: [0mGET /api/veify-token/ [36m304[0m 1.094 ms - -[0m
2024-05-22 17:09:00 info: [0mGET /api/organization/getOrganizations [36m304[0m 88.799 ms - -[0m
2024-05-22 17:09:00 info: [0mGET /api/users/getUsers [36m304[0m 164.163 ms - -[0m
2024-05-22 17:09:00 info: [0mGET /api/roles/getRoles [36m304[0m 163.761 ms - -[0m
2024-05-22 17:09:00 info: [0mGET /api/files/getFiles [36m304[0m 540.043 ms - -[0m
2024-05-22 17:09:09 info: [0mGET /api/veify-token/ [36m304[0m 1.182 ms - -[0m
2024-05-22 17:09:09 info: [0mGET /api/veify-token/ [36m304[0m 1.063 ms - -[0m
2024-05-22 17:09:22 info: [0mOPTIONS /api/login [32m200[0m 8.670 ms - 0[0m
2024-05-22 17:09:22 info: [0mPOST /api/login [32m200[0m 321.626 ms - -[0m
2024-05-22 17:09:22 info: [0mGET /api/organization/getOrganizations [36m304[0m 75.319 ms - -[0m
2024-05-22 17:09:22 info: [0mGET /api/organization/getOrganizations [36m304[0m 74.905 ms - -[0m
2024-05-22 17:09:22 info: [0mGET /api/roles/getRoles [36m304[0m 157.714 ms - -[0m
2024-05-22 17:09:22 info: [0mGET /api/users/getUsers [36m304[0m 167.632 ms - -[0m
2024-05-22 17:09:23 info: [0mGET /api/users/getUsers [36m304[0m 150.176 ms - -[0m
2024-05-22 17:09:23 info: [0mGET /api/roles/getRoles [36m304[0m 154.766 ms - -[0m
2024-05-22 17:09:23 info: [0mGET /api/files/getFiles [36m304[0m 587.018 ms - -[0m
2024-05-22 17:12:02 info: [0mGET /api/veify-token/ [36m304[0m 2.325 ms - -[0m
2024-05-22 17:12:02 info: [0mGET /api/veify-token/ [36m304[0m 2.061 ms - -[0m
2024-05-22 17:12:02 info: [0mGET /api/organization/getOrganizations [36m304[0m 76.302 ms - -[0m
2024-05-22 17:12:02 info: [0mGET /api/users/getUsers [36m304[0m 157.420 ms - -[0m
2024-05-22 17:12:02 info: [0mGET /api/roles/getRoles [36m304[0m 155.351 ms - -[0m
2024-05-22 17:12:03 info: [0mGET /api/files/getFiles [36m304[0m 699.689 ms - -[0m
2024-05-22 17:15:21 info: [0mOPTIONS /api/login [32m200[0m 0.124 ms - 0[0m
2024-05-22 17:15:21 info: [0mPOST /api/login [32m200[0m 287.989 ms - -[0m
2024-05-22 17:15:22 info: [0mGET /api/organization/getOrganizations [36m304[0m 72.502 ms - -[0m
2024-05-22 17:15:22 info: [0mGET /api/roles/getRoles [36m304[0m 164.067 ms - -[0m
2024-05-22 17:15:22 info: [0mGET /api/organization/getOrganizations [36m304[0m 79.652 ms - -[0m
2024-05-22 17:15:22 info: [0mGET /api/roles/getRoles [36m304[0m 154.492 ms - -[0m
2024-05-22 17:15:22 info: [0mGET /api/organization/getOrganizations [36m304[0m 77.410 ms - -[0m
2024-05-22 17:15:22 info: [0mGET /api/users/getUsers [36m304[0m 173.752 ms - -[0m
2024-05-22 17:15:22 info: [0mGET /api/roles/getRoles [36m304[0m 143.996 ms - -[0m
2024-05-22 17:15:22 info: [0mGET /api/users/getUsers [36m304[0m 153.859 ms - -[0m
2024-05-22 17:16:22 info: [0mGET /api/veify-token/ [36m304[0m 1.057 ms - -[0m
2024-05-22 17:16:22 info: [0mGET /api/veify-token/ [36m304[0m 1.087 ms - -[0m
2024-05-22 17:16:23 info: [0mGET /api/organization/getOrganizations [36m304[0m 78.990 ms - -[0m
2024-05-22 17:16:23 info: [0mGET /api/users/getUsers [36m304[0m 159.398 ms - -[0m
2024-05-22 17:16:23 info: [0mGET /api/roles/getRoles [36m304[0m 159.029 ms - -[0m
2024-05-22 17:16:23 info: [0mGET /api/files/getFiles [36m304[0m 976.973 ms - -[0m
2024-05-22 17:16:29 info: [0mGET /api/veify-token/ [36m304[0m 1.034 ms - -[0m
2024-05-22 17:16:29 info: [0mGET /api/veify-token/ [36m304[0m 1.516 ms - -[0m
2024-05-22 17:16:29 info: [0mGET /api/organization/getOrganizations [36m304[0m 80.391 ms - -[0m
2024-05-22 17:16:29 info: [0mGET /api/roles/getRoles [36m304[0m 160.119 ms - -[0m
2024-05-22 17:16:29 info: [0mGET /api/users/getUsers [36m304[0m 169.411 ms - -[0m
2024-05-22 17:16:29 info: [0mGET /api/files/getFiles [36m304[0m 554.638 ms - -[0m
2024-05-22 17:19:19 info: [0mGET /api/veify-token/ [36m304[0m 1.448 ms - -[0m
2024-05-22 17:19:19 info: [0mGET /api/veify-token/ [36m304[0m 1.766 ms - -[0m
2024-05-22 17:19:19 info: [0mGET /api/organization/getOrganizations [36m304[0m 79.597 ms - -[0m
2024-05-22 17:19:19 info: [0mGET /api/roles/getRoles [36m304[0m 149.782 ms - -[0m
2024-05-22 17:19:19 info: [0mGET /api/users/getUsers [36m304[0m 161.379 ms - -[0m
2024-05-22 17:19:19 info: [0mGET /api/files/getFiles [36m304[0m 714.782 ms - -[0m
2024-05-22 17:20:03 info: [0mGET /api/veify-token/ [36m304[0m 2.467 ms - -[0m
2024-05-22 17:20:03 info: [0mGET /api/veify-token/ [36m304[0m 1.220 ms - -[0m
2024-05-22 17:20:14 info: [0mOPTIONS /api/login [32m200[0m 0.604 ms - 0[0m
2024-05-22 17:20:14 info: [0mPOST /api/login [32m200[0m 301.988 ms - -[0m
2024-05-22 17:20:14 info: [0mGET /api/organization/getOrganizations [36m304[0m 96.622 ms - -[0m
2024-05-22 17:20:14 info: [0mGET /api/roles/getRoles [36m304[0m 174.443 ms - -[0m
2024-05-22 17:20:14 info: [0mGET /api/organization/getOrganizations [36m304[0m 79.863 ms - -[0m
2024-05-22 17:20:14 info: [0mGET /api/users/getUsers [36m304[0m 186.330 ms - -[0m
2024-05-22 17:20:15 info: [0mGET /api/roles/getRoles [36m304[0m 143.297 ms - -[0m
2024-05-22 17:20:15 info: [0mGET /api/users/getUsers [36m304[0m 168.868 ms - -[0m
2024-05-22 17:20:15 info: [0mGET /api/files/getFiles [36m304[0m 735.015 ms - -[0m
2024-05-22 17:20:45 info: [0mOPTIONS /api/files/updateFileById [32m200[0m 0.145 ms - 0[0m
2024-05-22 17:20:59 info: [0mOPTIONS /api/files/updateFileById [32m200[0m 0.161 ms - 0[0m
2024-05-22 17:20:59 info: [0mOPTIONS /api/ia/chat [32m200[0m 0.180 ms - 0[0m
2024-05-22 17:21:11 info: [0mPOST /api/files/updateFileById [33m400[0m 25161.596 ms - -[0m
2024-05-22 17:21:20 info: [0mPOST /api/ia/chat [33m400[0m 21082.944 ms - -[0m
2024-05-22 17:21:24 info: [0mPOST /api/files/updateFileById [33m400[0m 24911.043 ms - -[0m
2024-05-22 17:21:41 info: [0mGET /api/veify-token/ [36m304[0m 4.357 ms - -[0m
2024-05-22 17:21:41 info: [0mGET /api/veify-token/ [36m304[0m 2.323 ms - -[0m
2024-05-22 17:21:41 info: [0mGET /api/organization/getOrganizations [36m304[0m 85.072 ms - -[0m
2024-05-22 17:21:42 info: [0mGET /api/users/getUsers [36m304[0m 164.322 ms - -[0m
2024-05-22 17:21:42 info: [0mGET /api/roles/getRoles [36m304[0m 170.021 ms - -[0m
2024-05-22 17:21:42 info: [0mGET /api/files/getFiles [32m200[0m 567.482 ms - -[0m
2024-05-22 17:24:53 info: =================================
2024-05-22 17:24:53 info: ======= ENV: development =======
2024-05-22 17:24:53 info: 🚀 App listening on the port 5210
2024-05-22 17:24:53 info: =================================
2024-05-22 17:26:19 info: [0mGET /api/files/getFiles [32m200[0m 711.121 ms - -[0m
2024-05-22 17:26:19 info: [0mGET /api/files/getFiles [36m304[0m 570.268 ms - -[0m
2024-05-22 17:28:52 info: =================================
2024-05-22 17:28:52 info: ======= ENV: development =======
2024-05-22 17:28:52 info: 🚀 App listening on the port 5210
2024-05-22 17:28:52 info: =================================
2024-05-22 17:29:27 info: =================================
2024-05-22 17:29:27 info: ======= ENV: development =======
2024-05-22 17:29:27 info: 🚀 App listening on the port 5210
2024-05-22 17:29:27 info: =================================
2024-05-22 17:29:28 info: [0mGET /api/veify-token/ [36m304[0m 6.902 ms - -[0m
2024-05-22 17:29:28 info: [0mGET /api/veify-token/ [36m304[0m 2.901 ms - -[0m
2024-05-22 17:29:28 info: [0mGET /api/organization/getOrganizations [36m304[0m 227.930 ms - -[0m
2024-05-22 17:29:28 info: [0mGET /api/users/getUsers [32m200[0m 318.909 ms - -[0m
2024-05-22 17:29:28 info: [0mGET /api/roles/getRoles [32m200[0m 319.353 ms - -[0m
2024-05-22 17:29:29 info: [0mGET /api/files/getFiles [32m200[0m 721.567 ms - -[0m
2024-05-22 17:29:45 info: [0mOPTIONS /api/files/updateFileById [32m200[0m 0.201 ms - 0[0m
2024-05-22 17:29:58 info: [0mOPTIONS /api/files/updateFileById [32m200[0m 0.096 ms - 0[0m
2024-05-22 17:29:58 info: [0mOPTIONS /api/ia/chat [32m200[0m 0.096 ms - 0[0m
2024-05-22 17:30:11 info: [0mPOST /api/files/updateFileById [33m400[0m 25489.086 ms - -[0m
2024-05-22 17:30:20 info: [0mPOST /api/ia/chat [33m400[0m 21046.261 ms - -[0m
2024-05-22 17:30:24 info: [0mPOST /api/files/updateFileById [33m400[0m 25297.999 ms - -[0m
2024-05-22 17:30:30 info: [0mGET /api/veify-token/ [36m304[0m 3.166 ms - -[0m
2024-05-22 17:30:30 info: [0mGET /api/veify-token/ [36m304[0m 1.179 ms - -[0m
2024-05-22 17:30:41 info: [0mOPTIONS /api/login [32m200[0m 0.112 ms - 0[0m
2024-05-22 17:30:41 info: [0mPOST /api/login [32m200[0m 292.614 ms - -[0m
2024-05-22 17:30:41 info: [0mGET /api/organization/getOrganizations [36m304[0m 83.017 ms - -[0m
2024-05-22 17:30:42 info: [0mGET /api/roles/getRoles [32m200[0m 156.254 ms - -[0m
2024-05-22 17:30:42 info: [0mGET /api/organization/getOrganizations [36m304[0m 80.914 ms - -[0m
2024-05-22 17:30:42 info: [0mGET /api/users/getUsers [32m200[0m 179.168 ms - -[0m
2024-05-22 17:30:42 info: [0mGET /api/roles/getRoles [36m304[0m 148.344 ms - -[0m
2024-05-22 17:30:42 info: [0mGET /api/users/getUsers [36m304[0m 164.830 ms - -[0m
2024-05-22 17:30:42 info: [0mGET /api/files/getFiles [32m200[0m 547.782 ms - -[0m
2024-05-22 17:30:53 info: [0mOPTIONS /api/files/updateFileById [32m200[0m 0.088 ms - 0[0m
2024-05-22 17:31:16 info: [0mPOST /api/files/updateFileById [33m400[0m 22896.541 ms - -[0m
2024-05-22 17:38:14 info: [0mGET /api/files/getFiles [32m200[0m 628.953 ms - -[0m
2024-05-22 17:38:15 info: [0mGET /api/files/getFiles [36m304[0m 534.937 ms - -[0m
2024-05-22 17:38:28 info: [0mGET /api/veify-token/ [36m304[0m 1.479 ms - -[0m
2024-05-22 17:38:28 info: [0mGET /api/veify-token/ [36m304[0m 1.822 ms - -[0m
2024-05-22 17:38:28 info: [0mGET /api/organization/getOrganizations [36m304[0m 83.372 ms - -[0m
2024-05-22 17:38:28 info: [0mGET /api/users/getUsers [36m304[0m 154.595 ms - -[0m
2024-05-22 17:38:28 info: [0mGET /api/roles/getRoles [36m304[0m 158.330 ms - -[0m
2024-05-22 17:38:29 info: [0mGET /api/files/getFiles [36m304[0m 560.218 ms - -[0m
2024-05-22 17:40:44 info: [0mGET /api/veify-token/ [36m304[0m 1.624 ms - -[0m
2024-05-22 17:40:44 info: [0mGET /api/veify-token/ [36m304[0m 5.849 ms - -[0m
2024-05-22 17:40:44 info: [0mGET /api/organization/getOrganizations [36m304[0m 78.706 ms - -[0m
2024-05-22 17:40:44 info: [0mGET /api/users/getUsers [36m304[0m 162.561 ms - -[0m
2024-05-22 17:40:44 info: [0mGET /api/roles/getRoles [36m304[0m 162.632 ms - -[0m
2024-05-22 17:40:45 info: [0mGET /api/files/getFiles [36m304[0m 530.014 ms - -[0m
2024-05-22 17:41:12 info: [0mGET /api/veify-token/ [36m304[0m 1.181 ms - -[0m
2024-05-22 17:41:12 info: [0mGET /api/veify-token/ [36m304[0m 1.383 ms - -[0m
2024-05-22 17:41:13 info: [0mGET /api/organization/getOrganizations [36m304[0m 78.885 ms - -[0m
2024-05-22 17:41:13 info: [0mGET /api/users/getUsers [36m304[0m 165.018 ms - -[0m
2024-05-22 17:41:13 info: [0mGET /api/roles/getRoles [36m304[0m 165.226 ms - -[0m
2024-05-22 17:41:13 info: [0mGET /api/files/getFiles [36m304[0m 565.464 ms - -[0m
2024-05-22 17:45:18 info: [0mGET /api/veify-token/ [36m304[0m 1.424 ms - -[0m
2024-05-22 17:45:18 info: [0mGET /api/veify-token/ [36m304[0m 1.540 ms - -[0m
2024-05-22 17:45:18 info: [0mGET /api/organization/getOrganizations [36m304[0m 80.742 ms - -[0m
2024-05-22 17:45:18 info: [0mGET /api/roles/getRoles [36m304[0m 153.482 ms - -[0m
2024-05-22 17:45:18 info: [0mGET /api/users/getUsers [36m304[0m 164.023 ms - -[0m
2024-05-22 17:45:19 info: [0mGET /api/files/getFiles [36m304[0m 571.188 ms - -[0m
2024-05-22 17:45:49 info: [0mOPTIONS /api/login [32m200[0m 0.185 ms - 0[0m
2024-05-22 17:45:50 info: [0mPOST /api/login [32m200[0m 291.419 ms - -[0m
2024-05-22 17:45:50 info: [0mGET /api/organization/getOrganizations [36m304[0m 71.986 ms - -[0m
2024-05-22 17:45:50 info: [0mGET /api/roles/getRoles [36m304[0m 153.502 ms - -[0m
2024-05-22 17:45:50 info: [0mGET /api/organization/getOrganizations [36m304[0m 80.625 ms - -[0m
2024-05-22 17:45:50 info: [0mGET /api/organization/getOrganizations [36m304[0m 73.916 ms - -[0m
2024-05-22 17:45:50 info: [0mGET /api/users/getUsers [36m304[0m 163.667 ms - -[0m
2024-05-22 17:45:50 info: [0mGET /api/roles/getRoles [36m304[0m 152.211 ms - -[0m
2024-05-22 17:45:50 info: [0mGET /api/users/getUsers [36m304[0m 149.536 ms - -[0m
2024-05-22 17:45:50 info: [0mGET /api/roles/getRoles [36m304[0m 153.258 ms - -[0m
2024-05-22 17:45:57 info: [0mGET /api/veify-token/ [36m304[0m 4.487 ms - -[0m
2024-05-22 17:45:57 info: [0mGET /api/veify-token/ [36m304[0m 1.177 ms - -[0m
2024-05-22 17:45:57 info: [0mGET /api/organization/getOrganizations [36m304[0m 80.253 ms - -[0m
2024-05-22 17:45:57 info: [0mGET /api/users/getUsers [36m304[0m 158.754 ms - -[0m
2024-05-22 17:45:57 info: [0mGET /api/roles/getRoles [36m304[0m 159.138 ms - -[0m
2024-05-22 17:45:58 info: [0mGET /api/files/getFiles [36m304[0m 560.472 ms - -[0m
2024-05-22 17:46:02 info: [0mGET /api/veify-token/ [36m304[0m 1.060 ms - -[0m
2024-05-22 17:46:02 info: [0mGET /api/veify-token/ [36m304[0m 0.861 ms - -[0m
2024-05-22 17:46:02 info: [0mGET /api/organization/getOrganizations [36m304[0m 76.105 ms - -[0m
2024-05-22 17:46:02 info: [0mGET /api/users/getUsers [36m304[0m 163.764 ms - -[0m
2024-05-22 17:46:02 info: [0mGET /api/roles/getRoles [36m304[0m 164.516 ms - -[0m
2024-05-22 17:46:02 info: [0mGET /api/files/getFiles [36m304[0m 551.902 ms - -[0m
2024-05-22 17:47:27 info: [0mGET /api/veify-token/ [36m304[0m 0.978 ms - -[0m
2024-05-22 17:47:27 info: [0mGET /api/veify-token/ [36m304[0m 0.895 ms - -[0m
2024-05-22 17:47:40 info: [0mOPTIONS /api/login [32m200[0m 0.099 ms - 0[0m
2024-05-22 17:47:40 info: [0mPOST /api/login [32m200[0m 276.632 ms - -[0m
2024-05-22 17:47:41 info: [0mGET /api/organization/getOrganizations [36m304[0m 80.345 ms - -[0m
2024-05-22 17:47:41 info: [0mGET /api/users/getUsers [36m304[0m 162.525 ms - -[0m
2024-05-22 17:47:41 info: [0mGET /api/organization/getOrganizations [36m304[0m 79.706 ms - -[0m
2024-05-22 17:47:41 info: [0mGET /api/roles/getRoles [36m304[0m 164.134 ms - -[0m
2024-05-22 17:47:41 info: [0mGET /api/users/getUsers [36m304[0m 150.329 ms - -[0m
2024-05-22 17:47:41 info: [0mGET /api/roles/getRoles [36m304[0m 150.365 ms - -[0m
2024-05-22 17:47:41 info: [0mGET /api/files/getFiles [36m304[0m 561.465 ms - -[0m
2024-05-22 17:47:53 info: [0mGET /api/veify-token/ [36m304[0m 0.978 ms - -[0m
2024-05-22 17:47:53 info: [0mGET /api/veify-token/ [36m304[0m 1.550 ms - -[0m
2024-05-22 17:47:56 info: [0mGET /api/veify-token/ [36m304[0m 0.888 ms - -[0m
2024-05-22 17:47:56 info: [0mGET /api/veify-token/ [36m304[0m 1.222 ms - -[0m
2024-05-22 17:48:10 info: [0mOPTIONS /api/login [32m200[0m 0.128 ms - 0[0m
2024-05-22 17:48:10 info: [0mPOST /api/login [32m200[0m 291.253 ms - -[0m
2024-05-22 17:48:10 info: [0mGET /api/organization/getOrganizations [36m304[0m 85.047 ms - -[0m
2024-05-22 17:48:11 info: [0mGET /api/users/getUsers [36m304[0m 169.415 ms - -[0m
2024-05-22 17:48:11 info: [0mGET /api/roles/getRoles [36m304[0m 169.219 ms - -[0m
2024-05-22 17:48:11 info: [0mGET /api/organization/getOrganizations [36m304[0m 85.046 ms - -[0m
2024-05-22 17:48:11 info: [0mGET /api/users/getUsers [36m304[0m 167.426 ms - -[0m
2024-05-22 17:48:11 info: [0mGET /api/roles/getRoles [36m304[0m 166.407 ms - -[0m
2024-05-22 17:48:11 info: [0mGET /api/files/getFiles [36m304[0m 526.778 ms - -[0m
2024-05-22 17:54:01 info: [0mGET /api/veify-token/ [36m304[0m 1.173 ms - -[0m
2024-05-22 17:54:01 info: [0mGET /api/veify-token/ [36m304[0m 1.151 ms - -[0m
2024-05-22 17:54:01 info: [0mGET /api/organization/getOrganizations [36m304[0m 93.006 ms - -[0m
2024-05-22 17:54:01 info: [0mGET /api/users/getUsers [36m304[0m 164.704 ms - -[0m
2024-05-22 17:54:01 info: [0mGET /api/roles/getRoles [36m304[0m 190.756 ms - -[0m
2024-05-22 17:54:02 info: [0mGET /api/files/getFiles [36m304[0m 878.481 ms - -[0m
2024-05-22 17:55:21 info: [0mGET /api/veify-token/ [36m304[0m 1.076 ms - -[0m
2024-05-22 17:55:21 info: [0mGET /api/veify-token/ [36m304[0m 0.896 ms - -[0m
2024-05-22 17:55:22 info: [0mGET /api/organization/getOrganizations [36m304[0m 74.374 ms - -[0m
2024-05-22 17:55:22 info: [0mGET /api/users/getUsers [36m304[0m 154.985 ms - -[0m
2024-05-22 17:55:22 info: [0mGET /api/roles/getRoles [36m304[0m 158.310 ms - -[0m
2024-05-22 17:55:22 info: [0mGET /api/files/getFiles [36m304[0m 548.285 ms - -[0m
2024-05-22 17:55:44 info: [0mGET /api/veify-token/ [36m304[0m 0.972 ms - -[0m
2024-05-22 17:55:44 info: [0mGET /api/veify-token/ [36m304[0m 1.539 ms - -[0m
2024-05-22 17:55:44 info: [0mGET /api/organization/getOrganizations [36m304[0m 72.252 ms - -[0m
2024-05-22 17:55:44 info: [0mGET /api/users/getUsers [36m304[0m 164.527 ms - -[0m
2024-05-22 17:55:44 info: [0mGET /api/roles/getRoles [36m304[0m 163.270 ms - -[0m
2024-05-22 17:55:44 info: [0mGET /api/files/getFiles [36m304[0m 601.342 ms - -[0m
2024-05-22 18:03:39 info: [0mGET /api/veify-token/ [32m200[0m 20.341 ms - 944[0m
2024-05-22 18:03:39 info: [0mGET /api/veify-token/ [36m304[0m 1.269 ms - -[0m
2024-05-22 18:03:39 info: [0mGET /api/organization/getOrganizations [36m304[0m 82.378 ms - -[0m
2024-05-22 18:03:39 info: [0mGET /api/users/getUsers [32m200[0m 166.641 ms - -[0m
2024-05-22 18:03:39 info: [0mGET /api/roles/getRoles [32m200[0m 168.601 ms - -[0m
2024-05-22 18:03:39 info: [0mGET /api/files/getFiles [32m200[0m 604.841 ms - -[0m
2024-05-22 18:03:51 info: [0mGET /api/veify-token/ [36m304[0m 0.954 ms - -[0m
2024-05-22 18:03:51 info: [0mGET /api/veify-token/ [36m304[0m 3.520 ms - -[0m
2024-05-22 18:05:02 info: [0mOPTIONS /api/login [32m200[0m 0.211 ms - 0[0m
2024-05-22 18:05:03 info: [0mPOST /api/login [32m200[0m 295.332 ms - -[0m
2024-05-22 18:05:03 info: [0mGET /api/organization/getOrganizations [36m304[0m 83.343 ms - -[0m
2024-05-22 18:05:03 info: [0mGET /api/organization/getOrganizations [36m304[0m 80.797 ms - -[0m
2024-05-22 18:05:03 info: [0mGET /api/users/getUsers [36m304[0m 179.359 ms - -[0m
2024-05-22 18:05:03 info: [0mGET /api/roles/getRoles [36m304[0m 178.621 ms - -[0m
2024-05-22 18:05:03 info: [0mGET /api/roles/getRoles [36m304[0m 143.941 ms - -[0m
2024-05-22 18:05:03 info: [0mGET /api/users/getUsers [36m304[0m 163.366 ms - -[0m
2024-05-22 18:05:03 info: [0mGET /api/files/getFiles [36m304[0m 645.604 ms - -[0m
2024-05-22 18:05:16 info: [0mOPTIONS /api/files/updateFileById [32m200[0m 0.236 ms - 0[0m
2024-05-22 18:05:24 info: [0mOPTIONS /api/files/updateFileById [32m200[0m 0.134 ms - 0[0m
2024-05-22 18:05:24 info: [0mOPTIONS /api/ia/chat [32m200[0m 0.200 ms - 0[0m
2024-05-22 18:05:41 info: [0mPOST /api/files/updateFileById [33m400[0m 25476.668 ms - -[0m
2024-05-22 18:05:45 info: [0mPOST /api/ia/chat [33m400[0m 21050.942 ms - -[0m
2024-05-22 18:05:49 info: [0mPOST /api/files/updateFileById [33m400[0m 24991.839 ms - -[0m
2024-05-22 18:37:17 info: [0mGET /api/veify-token/ [32m200[0m 66.247 ms - 1016[0m
2024-05-22 18:37:17 info: [0mGET /api/veify-token/ [36m304[0m 0.762 ms - -[0m
2024-05-22 18:38:09 info: =================================
2024-05-22 18:38:09 info: ======= ENV: development =======
2024-05-22 18:38:09 info: 🚀 App listening on the port 5210
2024-05-22 18:38:09 info: =================================
2024-05-22 18:52:21 info: =================================
2024-05-22 18:52:21 info: ======= ENV: development =======
2024-05-22 18:52:21 info: 🚀 App listening on the port 5210
2024-05-22 18:52:21 info: =================================
2024-05-22 18:52:21 info: [0mGET /api/veify-token/ [32m200[0m 8.511 ms - 944[0m
2024-05-22 18:52:21 info: [0mGET /api/veify-token/ [36m304[0m 2.302 ms - -[0m
2024-05-22 18:52:36 info: [0mOPTIONS /api/login [32m200[0m 0.380 ms - 0[0m
2024-05-22 18:52:37 info: [0mPOST /api/login [32m200[0m 483.780 ms - -[0m
2024-05-22 18:52:37 info: [0mGET /api/organization/getOrganizations [36m304[0m 87.735 ms - -[0m
2024-05-22 18:52:37 info: [0mGET /api/roles/getRoles [32m200[0m 160.169 ms - -[0m
2024-05-22 18:52:37 info: [0mGET /api/organization/getOrganizations [36m304[0m 86.049 ms - -[0m
2024-05-22 18:52:37 info: [0mGET /api/users/getUsers [32m200[0m 175.038 ms - -[0m
2024-05-22 18:52:37 info: [0mGET /api/roles/getRoles [36m304[0m 148.333 ms - -[0m
2024-05-22 18:52:37 info: [0mGET /api/users/getUsers [36m304[0m 159.680 ms - -[0m
2024-05-22 18:52:37 info: [0mGET /api/files/getFiles [32m200[0m 597.822 ms - -[0m
2024-05-22 19:03:15 info: =================================
2024-05-22 19:03:15 info: ======= ENV: development =======
2024-05-22 19:03:15 info: 🚀 App listening on the port 5210
2024-05-22 19:03:15 info: =================================
