2024-07-30 10:26:10 info: =================================
2024-07-30 10:26:10 info: ======= ENV: development =======
2024-07-30 10:26:10 info: 🚀 App listening on the port 5210
2024-07-30 10:26:10 info: =================================
2024-07-30 10:26:11 info: [0mGET /api/users/getUsers [36m304[0m 1887.499 ms - -[0m
2024-07-30 10:26:11 info: [0mGET /api/files/getFiles [36m304[0m 1879.426 ms - -[0m
2024-07-30 10:26:53 info: =================================
2024-07-30 10:26:53 info: ======= ENV: development =======
2024-07-30 10:26:53 info: 🚀 App listening on the port 5210
2024-07-30 10:26:53 info: =================================
2024-07-30 10:27:19 info: [0mGET /api/users/getUsers [36m304[0m 165.125 ms - -[0m
2024-07-30 10:27:19 info: [0mGET /api/files/getFiles [36m304[0m 308.733 ms - -[0m
2024-07-30 10:36:34 info: [0mGET /api/users/getUsers [36m304[0m 152.642 ms - -[0m
2024-07-30 10:36:34 info: [0mGET /api/files/getFiles [36m304[0m 303.279 ms - -[0m
2024-07-30 10:43:09 info: [0mOPTIONS /api/ia/chat [32m204[0m 0.358 ms - 0[0m
2024-07-30 10:43:13 info: [0mPOST /api/ia/chat [32m200[0m 4335.065 ms - -[0m
2024-07-30 10:43:13 info: [0mOPTIONS /api/files/updateFileById [32m204[0m 0.565 ms - 0[0m
2024-07-30 10:43:13 info: [0mGET /public/NDA-NCA_AGS-Gonzalo-Orellana.pdf [32m200[0m 24.972 ms - 668392[0m
2024-07-30 10:43:14 info: [0mPOST /api/files/updateFileById [32m200[0m 923.005 ms - -[0m
2024-07-30 10:43:14 info: [0mGET /api/files/getFiles [32m200[0m 287.715 ms - -[0m
2024-07-30 10:44:49 info: [0mOPTIONS /api/ia/chat [32m204[0m 0.214 ms - 0[0m
2024-07-30 10:44:55 info: [0mPOST /api/ia/chat [32m200[0m 5117.093 ms - -[0m
2024-07-30 10:44:55 info: [0mOPTIONS /api/files/updateFileById [32m204[0m 0.160 ms - 0[0m
2024-07-30 10:44:55 info: [0mGET /public/NDA-NCA_AGS-Gonzalo-Orellana.pdf [32m200[0m 2.450 ms - 668392[0m
2024-07-30 10:44:55 info: [0mPOST /api/files/updateFileById [32m200[0m 815.096 ms - -[0m
2024-07-30 10:44:56 info: [0mGET /api/files/getFiles [32m200[0m 292.144 ms - -[0m
2024-07-30 10:46:32 info: [0mOPTIONS /api/ia/chat [32m204[0m 0.174 ms - 0[0m
2024-07-30 10:46:34 info: [0mPOST /api/ia/chat [32m200[0m 2005.423 ms - -[0m
2024-07-30 10:46:34 info: [0mOPTIONS /api/files/updateFileById [32m204[0m 0.193 ms - 0[0m
2024-07-30 10:46:34 info: [0mGET /public/NDA-NCA_AGS-Gonzalo-Orellana.pdf [32m200[0m 3.664 ms - 668392[0m
2024-07-30 10:46:34 info: [0mPOST /api/files/updateFileById [32m200[0m 831.354 ms - -[0m
2024-07-30 10:46:35 info: [0mGET /api/files/getFiles [32m200[0m 292.655 ms - -[0m
2024-07-30 10:49:16 info: [0mOPTIONS /api/ia/chat [32m204[0m 0.158 ms - 0[0m
2024-07-30 10:49:19 info: [0mPOST /api/ia/chat [32m200[0m 2358.718 ms - -[0m
2024-07-30 10:49:19 info: [0mOPTIONS /api/files/updateFileById [32m204[0m 0.261 ms - 0[0m
2024-07-30 10:49:19 info: [0mGET /public/NDA-NCA_AGS-Gonzalo-Orellana.pdf [32m200[0m 2.080 ms - 668392[0m
2024-07-30 10:49:20 info: [0mPOST /api/files/updateFileById [32m200[0m 694.659 ms - -[0m
2024-07-30 10:49:20 info: [0mGET /api/files/getFiles [32m200[0m 293.207 ms - -[0m
2024-07-30 10:49:33 info: [0mGET /api/users/getUsers [36m304[0m 149.240 ms - -[0m
2024-07-30 10:49:33 info: [0mGET /api/files/getFiles [36m304[0m 310.131 ms - -[0m
2024-07-30 10:50:08 info: [0mOPTIONS /api/ia/chat [32m204[0m 0.210 ms - 0[0m
2024-07-30 10:50:11 info: [0mPOST /api/ia/chat [32m200[0m 2810.979 ms - -[0m
2024-07-30 10:50:11 info: [0mOPTIONS /api/files/updateFileById [32m204[0m 0.460 ms - 0[0m
2024-07-30 10:50:11 info: [0mGET /public/NDA-NCA_AGS-Gonzalo-Orellana.pdf [32m200[0m 2.156 ms - 668392[0m
2024-07-30 10:50:11 info: [0mPOST /api/files/updateFileById [32m200[0m 785.035 ms - -[0m
2024-07-30 10:50:12 info: [0mGET /api/files/getFiles [32m200[0m 304.484 ms - -[0m
2024-07-30 10:50:29 info: [0mGET /api/users/getUsers [36m304[0m 150.658 ms - -[0m
2024-07-30 10:50:29 info: [0mGET /api/files/getFiles [36m304[0m 290.392 ms - -[0m
2024-07-30 10:56:05 info: [0mOPTIONS /api/ia/chat [32m204[0m 0.137 ms - 0[0m
2024-07-30 10:56:07 info: [0mPOST /api/ia/chat [32m200[0m 2230.495 ms - -[0m
2024-07-30 10:56:07 info: [0mOPTIONS /api/files/updateFileById [32m204[0m 0.133 ms - 0[0m
2024-07-30 10:56:08 info: [0mGET /public/NDA-NCA_AGS-Gonzalo-Orellana.pdf [32m200[0m 2.347 ms - 668392[0m
2024-07-30 10:56:08 info: [0mPOST /api/files/updateFileById [32m200[0m 946.168 ms - -[0m
2024-07-30 10:56:09 info: [0mGET /api/files/getFiles [32m200[0m 354.507 ms - -[0m
2024-07-30 10:56:18 info: [0mGET /api/users/getUsers [32m200[0m 157.671 ms - 927[0m
2024-07-30 10:56:18 info: [0mGET /api/files/getFiles [32m200[0m 363.788 ms - -[0m
2024-07-30 10:56:35 info: [0mOPTIONS /api/ia/chat [32m204[0m 0.116 ms - 0[0m
2024-07-30 10:56:40 info: [0mPOST /api/ia/chat [32m200[0m 5691.403 ms - -[0m
2024-07-30 10:56:40 info: [0mOPTIONS /api/files/updateFileById [32m204[0m 0.214 ms - 0[0m
2024-07-30 10:56:41 info: [0mGET /public/NDA-NCA_AGS-Gonzalo-Orellana.pdf [32m200[0m 2.216 ms - 668392[0m
2024-07-30 10:56:41 info: [0mPOST /api/files/updateFileById [32m200[0m 941.050 ms - -[0m
2024-07-30 10:56:42 info: [0mGET /api/files/getFiles [32m200[0m 492.922 ms - -[0m
2024-07-30 11:01:40 info: [0mOPTIONS /api/ia/chat [32m204[0m 0.147 ms - 0[0m
2024-07-30 11:01:42 info: [0mPOST /api/ia/chat [32m200[0m 1436.876 ms - -[0m
2024-07-30 11:01:42 info: [0mOPTIONS /api/files/updateFileById [32m204[0m 0.166 ms - 0[0m
2024-07-30 11:01:42 info: [0mGET /public/NDA-NCA_AGS-Gonzalo-Orellana.pdf [32m200[0m 2.499 ms - 668392[0m
2024-07-30 11:01:43 info: [0mPOST /api/files/updateFileById [32m200[0m 802.748 ms - -[0m
2024-07-30 11:01:43 info: [0mGET /api/files/getFiles [32m200[0m 362.548 ms - -[0m
2024-07-30 11:02:00 info: [0mOPTIONS /api/ia/chat [32m204[0m 0.112 ms - 0[0m
2024-07-30 11:02:02 info: [0mPOST /api/ia/chat [32m200[0m 2125.909 ms - -[0m
2024-07-30 11:02:02 info: [0mOPTIONS /api/files/updateFileById [32m204[0m 0.233 ms - 0[0m
2024-07-30 11:02:02 info: [0mGET /public/NDA-NCA_AGS-Gonzalo-Orellana.pdf [32m200[0m 2.447 ms - 668392[0m
2024-07-30 11:02:03 info: [0mPOST /api/files/updateFileById [32m200[0m 969.419 ms - -[0m
2024-07-30 11:02:03 info: [0mGET /api/files/getFiles [32m200[0m 363.130 ms - -[0m
2024-07-30 11:03:39 info: [0mOPTIONS /api/ia/chat [32m204[0m 0.131 ms - 0[0m
2024-07-30 11:03:41 info: [0mPOST /api/ia/chat [32m200[0m 1954.350 ms - -[0m
2024-07-30 11:03:41 info: [0mOPTIONS /api/files/updateFileById [32m204[0m 0.152 ms - 0[0m
2024-07-30 11:03:42 info: [0mGET /public/NDA-NCA_AGS-Gonzalo-Orellana.pdf [32m200[0m 3.811 ms - 668392[0m
2024-07-30 11:03:42 info: [0mPOST /api/files/updateFileById [32m200[0m 1208.423 ms - -[0m
2024-07-30 11:03:43 info: [0mGET /api/files/getFiles [32m200[0m 355.754 ms - -[0m
2024-07-30 11:05:04 info: [0mOPTIONS /api/ia/chat [32m204[0m 0.113 ms - 0[0m
2024-07-30 11:05:07 info: [0mPOST /api/ia/chat [32m200[0m 2547.544 ms - -[0m
2024-07-30 11:05:07 info: [0mOPTIONS /api/files/updateFileById [32m204[0m 0.134 ms - 0[0m
2024-07-30 11:05:07 info: [0mGET /public/NDA-NCA_AGS-Gonzalo-Orellana.pdf [32m200[0m 2.282 ms - 668392[0m
2024-07-30 11:05:08 info: [0mPOST /api/files/updateFileById [32m200[0m 1053.316 ms - -[0m
2024-07-30 11:05:08 info: [0mGET /api/files/getFiles [32m200[0m 356.150 ms - -[0m
2024-07-30 11:06:48 info: [0mOPTIONS /api/ia/chat [32m204[0m 0.145 ms - 0[0m
2024-07-30 11:06:51 info: [0mPOST /api/ia/chat [32m200[0m 2606.307 ms - -[0m
2024-07-30 11:06:51 info: [0mOPTIONS /api/files/updateFileById [32m204[0m 0.173 ms - 0[0m
2024-07-30 11:06:51 info: [0mGET /public/NDA-NCA_AGS-Gonzalo-Orellana.pdf [32m200[0m 2.528 ms - 668392[0m
2024-07-30 11:06:51 info: [0mPOST /api/files/updateFileById [32m200[0m 878.457 ms - -[0m
2024-07-30 11:06:52 info: [0mGET /api/files/getFiles [32m200[0m 458.852 ms - -[0m
2024-07-30 11:08:02 info: [0mOPTIONS /api/ia/chat [32m204[0m 0.113 ms - 0[0m
2024-07-30 11:08:06 info: [0mPOST /api/ia/chat [32m200[0m 4433.939 ms - -[0m
2024-07-30 11:08:06 info: [0mOPTIONS /api/files/updateFileById [32m204[0m 0.154 ms - 0[0m
2024-07-30 11:08:07 info: [0mGET /public/NDA-NCA_AGS-Gonzalo-Orellana.pdf [32m200[0m 2.727 ms - 668392[0m
2024-07-30 11:08:07 info: [0mPOST /api/files/updateFileById [32m200[0m 919.582 ms - -[0m
2024-07-30 11:08:08 info: [0mGET /api/files/getFiles [32m200[0m 425.155 ms - -[0m
2024-07-30 11:11:30 info: [0mOPTIONS /api/ia/chat [32m204[0m 0.198 ms - 0[0m
2024-07-30 11:11:32 info: [0mPOST /api/ia/chat [32m200[0m 1717.488 ms - -[0m
2024-07-30 11:11:32 info: [0mOPTIONS /api/files/updateFileById [32m204[0m 0.113 ms - 0[0m
2024-07-30 11:11:32 info: [0mGET /public/NDA-NCA_AGS-Gonzalo-Orellana.pdf [32m200[0m 2.144 ms - 668392[0m
2024-07-30 11:11:33 info: [0mPOST /api/files/updateFileById [32m200[0m 1183.362 ms - -[0m
2024-07-30 11:11:34 info: [0mGET /api/files/getFiles [32m200[0m 363.705 ms - -[0m
2024-07-30 11:19:04 info: =================================
2024-07-30 11:19:04 info: ======= ENV: development =======
2024-07-30 11:19:04 info: 🚀 App listening on the port 5210
2024-07-30 11:19:04 info: =================================
2024-07-30 11:22:18 info: =================================
2024-07-30 11:22:18 info: ======= ENV: development =======
2024-07-30 11:22:18 info: 🚀 App listening on the port 5210
2024-07-30 11:22:18 info: =================================
2024-07-30 11:25:51 info: =================================
2024-07-30 11:25:51 info: ======= ENV: development =======
2024-07-30 11:25:51 info: 🚀 App listening on the port 5210
2024-07-30 11:25:51 info: =================================
2024-07-30 11:26:02 info: =================================
2024-07-30 11:26:02 info: ======= ENV: development =======
2024-07-30 11:26:02 info: 🚀 App listening on the port 5210
2024-07-30 11:26:02 info: =================================
2024-07-30 11:26:36 info: =================================
2024-07-30 11:26:36 info: ======= ENV: development =======
2024-07-30 11:26:36 info: 🚀 App listening on the port 5210
2024-07-30 11:26:36 info: =================================
2024-07-30 11:27:15 info: =================================
2024-07-30 11:27:15 info: ======= ENV: development =======
2024-07-30 11:27:15 info: 🚀 App listening on the port 5210
2024-07-30 11:27:15 info: =================================
2024-07-30 11:29:15 info: =================================
2024-07-30 11:29:15 info: ======= ENV: development =======
2024-07-30 11:29:15 info: 🚀 App listening on the port 5210
2024-07-30 11:29:15 info: =================================
2024-07-30 11:29:18 info: [0mGET /api/audio/text-to-speech?text=hola%20amigo%20mio [33m400[0m 923.144 ms - 211[0m
2024-07-30 11:30:01 info: =================================
2024-07-30 11:30:01 info: ======= ENV: development =======
2024-07-30 11:30:01 info: 🚀 App listening on the port 5210
2024-07-30 11:30:01 info: =================================
2024-07-30 11:32:21 info: =================================
2024-07-30 11:32:21 info: ======= ENV: development =======
2024-07-30 11:32:21 info: 🚀 App listening on the port 5210
2024-07-30 11:32:21 info: =================================
2024-07-30 11:32:44 info: [0mGET /api/audio/text-to-speech?text=hola%20amigo%20mio [0m-[0m - ms - -[0m
2024-07-30 11:48:35 info: [0mGET /api/audio/text-to-speech?text=hola%20amigo%20mio [0m-[0m - ms - -[0m
2024-07-30 11:48:48 info: [0mGET /api/audio/text-to-speech?text=hola%20amigo%20mio [0m-[0m - ms - -[0m
2024-07-30 12:01:18 info: [0mOPTIONS /api/ia/chat [32m204[0m 0.422 ms - 0[0m
2024-07-30 12:01:20 info: [0mPOST /api/ia/chat [32m200[0m 1593.132 ms - -[0m
2024-07-30 12:01:20 info: [0mOPTIONS /api/files/updateFileById [32m204[0m 0.129 ms - 0[0m
2024-07-30 12:01:20 info: [0mGET /public/NDA-NCA_AGS-Gonzalo-Orellana.pdf [32m200[0m 29.587 ms - 668392[0m
2024-07-30 12:01:21 info: [0mPOST /api/files/updateFileById [32m200[0m 1266.930 ms - -[0m
2024-07-30 12:01:21 info: [0mGET /api/files/getFiles [32m200[0m 356.863 ms - -[0m
2024-07-30 12:04:40 info: [0mOPTIONS /api/ia/chat [32m204[0m 0.852 ms - 0[0m
2024-07-30 12:04:41 info: [0mPOST /api/ia/chat [32m200[0m 1258.414 ms - -[0m
2024-07-30 12:04:41 info: [0mOPTIONS /api/files/updateFileById [32m204[0m 0.230 ms - 0[0m
2024-07-30 12:04:42 info: [0mGET /public/NDA-NCA_AGS-Gonzalo-Orellana.pdf [32m200[0m 2.787 ms - 668392[0m
2024-07-30 12:04:43 info: [0mPOST /api/files/updateFileById [32m200[0m 1235.812 ms - -[0m
2024-07-30 12:04:43 info: [0mGET /api/files/getFiles [32m200[0m 357.005 ms - -[0m
2024-07-30 12:08:40 info: [0mGET /api/users/getUsers [36m304[0m 171.545 ms - -[0m
2024-07-30 12:08:40 info: [0mGET /api/files/getFiles [36m304[0m 363.771 ms - -[0m
2024-07-30 12:08:50 info: [0mOPTIONS /api/ia/chat [32m204[0m 0.169 ms - 0[0m
2024-07-30 12:08:52 info: [0mPOST /api/ia/chat [32m200[0m 2114.615 ms - -[0m
2024-07-30 12:08:52 info: [0mOPTIONS /api/files/updateFileById [32m204[0m 0.153 ms - 0[0m
2024-07-30 12:08:53 info: [0mGET /public/NDA-NCA_AGS-Gonzalo-Orellana.pdf [32m200[0m 3.192 ms - 668392[0m
2024-07-30 12:08:53 info: [0mPOST /api/files/updateFileById [32m200[0m 1175.261 ms - -[0m
2024-07-30 12:08:53 info: [0mGET /api/files/getFiles [32m200[0m 364.561 ms - -[0m
2024-07-30 12:11:48 info: [0mOPTIONS /api/ia/chat [32m204[0m 0.243 ms - 0[0m
2024-07-30 12:11:50 info: [0mPOST /api/ia/chat [32m200[0m 1947.443 ms - -[0m
2024-07-30 12:11:50 info: [0mOPTIONS /api/files/updateFileById [32m204[0m 0.271 ms - 0[0m
2024-07-30 12:11:51 info: [0mGET /public/NDA-NCA_AGS-Gonzalo-Orellana.pdf [32m200[0m 2.272 ms - 668392[0m
2024-07-30 12:11:51 info: [0mPOST /api/files/updateFileById [32m200[0m 1048.310 ms - -[0m
2024-07-30 12:11:52 info: [0mGET /api/files/getFiles [32m200[0m 371.248 ms - -[0m
2024-07-30 12:12:33 info: [0mOPTIONS /api/ia/chat [32m204[0m 0.133 ms - 0[0m
2024-07-30 12:12:34 info: [0mPOST /api/ia/chat [32m200[0m 1729.485 ms - -[0m
2024-07-30 12:12:34 info: [0mOPTIONS /api/files/updateFileById [32m204[0m 0.225 ms - 0[0m
2024-07-30 12:12:35 info: [0mGET /public/NDA-NCA_AGS-Gonzalo-Orellana.pdf [32m200[0m 2.794 ms - 668392[0m
2024-07-30 12:12:36 info: [0mPOST /api/files/updateFileById [32m200[0m 1203.712 ms - -[0m
2024-07-30 12:12:36 info: [0mGET /api/files/getFiles [32m200[0m 373.332 ms - -[0m
2024-07-30 12:29:58 info: [0mOPTIONS /api/ia/chat [32m204[0m 0.174 ms - 0[0m
2024-07-30 12:30:03 info: [0mPOST /api/ia/chat [32m200[0m 4766.266 ms - -[0m
2024-07-30 12:30:03 info: [0mOPTIONS /api/files/updateFileById [32m204[0m 0.112 ms - 0[0m
2024-07-30 12:30:04 info: [0mGET /public/NDA-NCA_AGS-Gonzalo-Orellana.pdf [32m200[0m 2.163 ms - 668392[0m
2024-07-30 12:30:04 info: [0mPOST /api/files/updateFileById [32m200[0m 1057.074 ms - -[0m
2024-07-30 12:30:07 info: [0mGET /api/files/getFiles [32m200[0m 359.762 ms - -[0m
2024-07-30 12:31:08 info: [0mOPTIONS /api/ia/chat [32m204[0m 0.138 ms - 0[0m
2024-07-30 12:31:11 info: [0mPOST /api/ia/chat [32m200[0m 2749.056 ms - -[0m
2024-07-30 12:31:11 info: [0mOPTIONS /api/files/updateFileById [32m204[0m 0.208 ms - 0[0m
2024-07-30 12:31:12 info: [0mGET /public/NDA-NCA_AGS-Gonzalo-Orellana.pdf [32m200[0m 2.683 ms - 668392[0m
2024-07-30 12:31:12 info: [0mPOST /api/files/updateFileById [32m200[0m 1206.016 ms - -[0m
2024-07-30 12:31:20 info: [0mGET /api/files/getFiles [32m200[0m 385.572 ms - -[0m
2024-07-30 12:43:32 info: [0mOPTIONS /api/ia/chat [32m204[0m 0.152 ms - 0[0m
2024-07-30 12:43:36 info: [0mPOST /api/ia/chat [32m200[0m 3859.099 ms - -[0m
2024-07-30 12:43:36 info: [0mOPTIONS /api/files/updateFileById [32m204[0m 0.211 ms - 0[0m
2024-07-30 12:43:37 info: [0mGET /public/NDA-NCA_AGS-Gonzalo-Orellana.pdf [32m200[0m 2.034 ms - 668392[0m
2024-07-30 12:43:37 info: [0mPOST /api/files/updateFileById [32m200[0m 973.729 ms - -[0m
2024-07-30 12:43:38 info: [0mGET /api/files/getFiles [32m200[0m 373.698 ms - -[0m
2024-07-30 12:44:04 info: [0mGET /api/users/getUsers [32m200[0m 149.508 ms - 927[0m
2024-07-30 12:44:04 info: [0mGET /api/files/getFiles [32m200[0m 382.656 ms - -[0m
2024-07-30 12:44:14 info: [0mOPTIONS /api/ia/chat [32m204[0m 0.133 ms - 0[0m
2024-07-30 12:44:17 info: [0mPOST /api/ia/chat [32m200[0m 3652.602 ms - -[0m
2024-07-30 12:44:17 info: [0mOPTIONS /api/files/updateFileById [32m204[0m 0.271 ms - 0[0m
2024-07-30 12:44:18 info: [0mGET /public/NDA-NCA_AGS-Gonzalo-Orellana.pdf [32m200[0m 2.254 ms - 668392[0m
2024-07-30 12:44:18 info: [0mPOST /api/files/updateFileById [32m200[0m 1204.914 ms - -[0m
2024-07-30 12:44:19 info: [0mGET /api/files/getFiles [32m200[0m 362.928 ms - -[0m
2024-07-30 12:44:48 info: [0mGET /api/users/getUsers [32m200[0m 151.487 ms - 927[0m
2024-07-30 12:44:48 info: [0mGET /api/files/getFiles [32m200[0m 369.815 ms - -[0m
2024-07-30 12:44:58 info: [0mOPTIONS /api/ia/chat [32m204[0m 0.146 ms - 0[0m
2024-07-30 12:45:03 info: [0mPOST /api/ia/chat [32m200[0m 5571.925 ms - -[0m
2024-07-30 12:45:03 info: [0mOPTIONS /api/files/updateFileById [32m204[0m 0.185 ms - 0[0m
2024-07-30 12:45:04 info: [0mGET /public/NDA-NCA_AGS-Gonzalo-Orellana.pdf [32m200[0m 2.534 ms - 668392[0m
2024-07-30 12:45:05 info: [0mPOST /api/files/updateFileById [32m200[0m 1021.077 ms - -[0m
2024-07-30 12:45:05 info: [0mGET /api/files/getFiles [32m200[0m 766.568 ms - -[0m
2024-07-30 12:45:29 info: [0mGET /api/users/getUsers [36m304[0m 148.490 ms - -[0m
2024-07-30 12:45:29 info: [0mGET /api/files/getFiles [36m304[0m 390.903 ms - -[0m
2024-07-30 12:46:10 info: [0mOPTIONS /api/ia/chat [32m204[0m 0.123 ms - 0[0m
2024-07-30 12:46:11 info: [0mPOST /api/ia/chat [32m200[0m 1534.297 ms - -[0m
2024-07-30 12:46:11 info: [0mOPTIONS /api/files/updateFileById [32m204[0m 0.163 ms - 0[0m
2024-07-30 12:46:12 info: [0mGET /public/NDA-NCA_AGS-Gonzalo-Orellana.pdf [32m200[0m 2.387 ms - 668392[0m
2024-07-30 12:46:13 info: [0mPOST /api/files/updateFileById [32m200[0m 1200.655 ms - -[0m
2024-07-30 12:46:13 info: [0mGET /api/files/getFiles [32m200[0m 427.611 ms - -[0m
2024-07-30 12:47:17 info: [0mOPTIONS /api/ia/chat [32m204[0m 0.152 ms - 0[0m
2024-07-30 12:47:18 info: [0mPOST /api/ia/chat [32m200[0m 1365.136 ms - -[0m
2024-07-30 12:47:19 info: [0mOPTIONS /api/files/updateFileById [32m204[0m 0.192 ms - 0[0m
2024-07-30 12:47:20 info: [0mGET /public/NDA-NCA_AGS-Gonzalo-Orellana.pdf [32m200[0m 2.899 ms - 668392[0m
2024-07-30 12:47:20 info: [0mPOST /api/files/updateFileById [32m200[0m 1626.956 ms - -[0m
2024-07-30 12:47:21 info: [0mGET /api/files/getFiles [32m200[0m 423.319 ms - -[0m
2024-07-30 12:51:48 info: [0mOPTIONS /api/ia/chat [32m204[0m 0.135 ms - 0[0m
2024-07-30 12:51:50 info: [0mPOST /api/ia/chat [32m200[0m 1982.571 ms - -[0m
2024-07-30 12:51:50 info: [0mOPTIONS /api/files/updateFileById [32m204[0m 0.161 ms - 0[0m
2024-07-30 12:51:51 info: [0mGET /public/NDA-NCA_AGS-Gonzalo-Orellana.pdf [32m200[0m 2.692 ms - 668392[0m
2024-07-30 12:51:51 info: [0mPOST /api/files/updateFileById [32m200[0m 1586.825 ms - -[0m
2024-07-30 12:51:52 info: [0mGET /api/files/getFiles [32m200[0m 440.546 ms - -[0m
2024-07-30 12:52:40 info: [0mOPTIONS /api/ia/chat [32m204[0m 0.186 ms - 0[0m
2024-07-30 12:52:46 info: [0mPOST /api/ia/chat [33m400[0m 5517.208 ms - -[0m
2024-07-30 12:52:46 info: [0mOPTIONS /api/files/updateFileById [32m204[0m 0.133 ms - 0[0m
2024-07-30 12:52:46 info: [0mGET /public/NDA-NCA_AGS-Gonzalo-Orellana.pdf [32m200[0m 2.349 ms - 668392[0m
2024-07-30 12:52:47 info: [0mPOST /api/files/updateFileById [32m200[0m 1307.535 ms - -[0m
2024-07-30 12:52:47 info: [0mGET /api/files/getFiles [32m200[0m 432.179 ms - -[0m
2024-07-30 12:54:10 info: [0mOPTIONS /api/ia/chat [32m204[0m 0.123 ms - 0[0m
2024-07-30 12:54:13 info: [0mPOST /api/ia/chat [32m200[0m 2993.683 ms - -[0m
2024-07-30 12:54:13 info: [0mOPTIONS /api/files/updateFileById [32m204[0m 0.137 ms - 0[0m
2024-07-30 12:54:14 info: [0mGET /public/NDA-NCA_AGS-Gonzalo-Orellana.pdf [32m200[0m 1.853 ms - 668392[0m
2024-07-30 12:54:14 info: [0mPOST /api/files/updateFileById [32m200[0m 1458.743 ms - -[0m
2024-07-30 12:54:15 info: [0mGET /api/files/getFiles [32m200[0m 429.253 ms - -[0m
2024-07-30 12:58:05 info: [0mGET /api/users/getUsers [36m304[0m 153.468 ms - -[0m
2024-07-30 12:58:05 info: [0mGET /api/files/getFiles [36m304[0m 430.236 ms - -[0m
2024-07-30 12:58:29 info: [0mGET /api/users/getUsers [36m304[0m 150.273 ms - -[0m
2024-07-30 12:58:30 info: [0mGET /api/files/getFiles [36m304[0m 437.267 ms - -[0m
2024-07-30 12:59:58 info: =================================
2024-07-30 12:59:58 info: ======= ENV: development =======
2024-07-30 12:59:58 info: 🚀 App listening on the port 5210
2024-07-30 12:59:58 info: =================================
2024-07-30 13:00:28 info: [0mGET /api/users/getUsers [36m304[0m 179.550 ms - -[0m
2024-07-30 13:00:28 info: [0mGET /api/files/getFiles [36m304[0m 466.283 ms - -[0m
2024-07-30 13:00:28 info: [0mGET /api/users/getUsers [32m200[0m 162.359 ms - 927[0m
2024-07-30 13:00:29 info: [0mGET /api/files/getFiles [32m200[0m 909.962 ms - -[0m
2024-07-30 13:01:30 info: [0mOPTIONS /api/ia/chat [32m204[0m 0.343 ms - 0[0m
2024-07-30 13:01:31 info: [0mPOST /api/ia/chat [32m200[0m 1914.979 ms - -[0m
2024-07-30 13:01:31 info: [0mOPTIONS /api/files/updateFileById [32m204[0m 0.427 ms - 0[0m
2024-07-30 13:01:32 info: [0mGET /public/NDA-NCA_AGS-Gonzalo-Orellana.pdf [32m200[0m 5.814 ms - 668392[0m
2024-07-30 13:01:33 info: [0mPOST /api/files/updateFileById [32m200[0m 1543.429 ms - -[0m
2024-07-30 13:01:33 info: [0mGET /api/files/getFiles [32m200[0m 454.332 ms - -[0m
2024-07-30 13:02:52 info: [0mOPTIONS /api/ia/chat [32m204[0m 0.238 ms - 0[0m
2024-07-30 13:02:54 info: [0mPOST /api/ia/chat [32m200[0m 1700.057 ms - -[0m
2024-07-30 13:02:54 info: [0mOPTIONS /api/files/updateFileById [32m204[0m 0.189 ms - 0[0m
2024-07-30 13:02:54 info: [0mGET /public/NDA-NCA_AGS-Gonzalo-Orellana.pdf [32m200[0m 3.998 ms - 668392[0m
2024-07-30 13:02:55 info: [0mPOST /api/files/updateFileById [32m200[0m 1448.400 ms - -[0m
2024-07-30 13:02:56 info: [0mGET /api/files/getFiles [32m200[0m 447.243 ms - -[0m
2024-07-30 13:04:44 info: [0mOPTIONS /api/ia/chat [32m204[0m 0.159 ms - 0[0m
2024-07-30 13:04:46 info: [0mPOST /api/ia/chat [32m200[0m 1725.827 ms - -[0m
2024-07-30 13:04:46 info: [0mOPTIONS /api/files/updateFileById [32m204[0m 0.211 ms - 0[0m
2024-07-30 13:04:46 info: [0mGET /public/NDA-NCA_AGS-Gonzalo-Orellana.pdf [32m200[0m 2.244 ms - 668392[0m
2024-07-30 13:04:47 info: [0mPOST /api/files/updateFileById [32m200[0m 1459.103 ms - -[0m
2024-07-30 13:04:48 info: [0mGET /api/files/getFiles [32m200[0m 451.647 ms - -[0m
2024-07-30 13:07:52 info: [0mOPTIONS /api/ia/chat [32m204[0m 0.232 ms - 0[0m
2024-07-30 13:07:57 info: [0mPOST /api/ia/chat [32m200[0m 5312.034 ms - -[0m
2024-07-30 13:07:57 info: [0mOPTIONS /api/files/updateFileById [32m204[0m 0.124 ms - 0[0m
2024-07-30 13:07:58 info: [0mGET /public/NDA-NCA_AGS-Gonzalo-Orellana.pdf [32m200[0m 2.682 ms - 668392[0m
2024-07-30 13:07:59 info: [0mPOST /api/files/updateFileById [32m200[0m 1374.825 ms - -[0m
2024-07-30 13:07:59 info: [0mGET /api/files/getFiles [32m200[0m 433.675 ms - -[0m
2024-07-30 14:38:34 info: [0mOPTIONS /api/ia/chat [32m204[0m 0.144 ms - 0[0m
2024-07-30 14:38:38 info: [0mPOST /api/ia/chat [32m200[0m 4234.219 ms - -[0m
2024-07-30 14:38:39 info: [0mOPTIONS /api/files/updateFileById [32m204[0m 0.241 ms - 0[0m
2024-07-30 14:38:39 info: [0mGET /public/NDA-NCA_AGS-Gonzalo-Orellana.pdf [32m200[0m 3.258 ms - 668392[0m
2024-07-30 14:38:40 info: [0mPOST /api/files/updateFileById [32m200[0m 1252.948 ms - -[0m
2024-07-30 14:38:40 info: [0mGET /api/files/getFiles [32m200[0m 162.484 ms - -[0m
2024-07-30 14:38:48 info: [0mGET /api/files/getFiles [36m304[0m 574.937 ms - -[0m
2024-07-30 14:38:48 info: [0mGET /api/users/getUsers [36m304[0m 607.376 ms - -[0m
2024-07-30 14:38:56 info: [0mOPTIONS /api/ia/chat [32m204[0m 0.140 ms - 0[0m
2024-07-30 14:39:01 info: [0mPOST /api/ia/chat [32m200[0m 4681.776 ms - -[0m
2024-07-30 14:39:01 info: [0mOPTIONS /api/files/updateFileById [32m204[0m 0.297 ms - 0[0m
2024-07-30 14:39:01 info: [0mGET /public/NDA-NCA_AGS-Gonzalo-Orellana.pdf [32m200[0m 2.110 ms - 668392[0m
2024-07-30 14:39:02 info: [0mPOST /api/files/updateFileById [32m200[0m 1518.682 ms - -[0m
2024-07-30 14:39:03 info: [0mGET /api/files/getFiles [32m200[0m 429.045 ms - -[0m
2024-07-30 14:42:51 info: [0mGET /api/users/getUsers [36m304[0m 160.568 ms - -[0m
2024-07-30 14:42:51 info: [0mGET /api/files/getFiles [36m304[0m 458.531 ms - -[0m
2024-07-30 14:47:39 info: [0mOPTIONS /api/ia/chat [32m204[0m 0.145 ms - 0[0m
2024-07-30 14:47:42 info: [0mPOST /api/ia/chat [32m200[0m 3799.318 ms - -[0m
2024-07-30 14:47:42 info: [0mOPTIONS /api/files/updateFileById [32m204[0m 0.201 ms - 0[0m
2024-07-30 14:47:43 info: [0mGET /public/NDA-NCA_AGS-Gonzalo-Orellana.pdf [32m200[0m 2.469 ms - 668392[0m
2024-07-30 14:47:44 info: [0mPOST /api/files/updateFileById [32m200[0m 1406.370 ms - -[0m
2024-07-30 14:47:44 info: [0mGET /api/files/getFiles [32m200[0m 427.977 ms - -[0m
2024-07-30 16:06:51 info: [0mGET /api/users/getUsers [36m304[0m 159.732 ms - -[0m
2024-07-30 16:06:52 info: [0mGET /api/files/getFiles [36m304[0m 450.863 ms - -[0m
2024-07-30 16:10:31 info: [0mGET /api/users/getUsers [36m304[0m 151.426 ms - -[0m
2024-07-30 16:10:31 info: [0mGET /api/files/getFiles [36m304[0m 457.260 ms - -[0m
2024-07-30 16:13:17 info: [0mGET /api/users/getUsers [36m304[0m 171.895 ms - -[0m
2024-07-30 16:13:18 info: [0mGET /api/files/getFiles [36m304[0m 436.621 ms - -[0m
2024-07-30 16:13:46 info: [0mGET /api/users/getUsers [32m200[0m 149.732 ms - 927[0m
2024-07-30 16:13:47 info: [0mGET /api/files/getFiles [32m200[0m 952.296 ms - -[0m
2024-07-30 16:22:04 info: [0mGET /api/users/getUsers [36m304[0m 148.941 ms - -[0m
2024-07-30 16:22:04 info: [0mGET /api/files/getFiles [36m304[0m 445.466 ms - -[0m
2024-07-30 16:22:35 info: [0mOPTIONS /api/ia/chat [32m204[0m 0.209 ms - 0[0m
2024-07-30 16:22:36 info: [0mPOST /api/ia/chat [32m200[0m 1160.747 ms - -[0m
2024-07-30 16:22:36 info: [0mOPTIONS /api/files/updateFileById [32m204[0m 0.254 ms - 0[0m
2024-07-30 16:22:37 info: [0mGET /public/NDA-NCA_AGS-Gonzalo-Orellana.pdf [32m200[0m 7.803 ms - 668392[0m
2024-07-30 16:22:38 info: [0mPOST /api/files/updateFileById [32m200[0m 2081.956 ms - -[0m
2024-07-30 16:22:38 info: [0mGET /api/files/getFiles [32m200[0m 436.726 ms - -[0m
2024-07-30 16:23:46 info: [0mGET /api/users/getUsers [32m200[0m 148.691 ms - 927[0m
2024-07-30 16:23:46 info: [0mGET /api/files/getFiles [32m200[0m 443.874 ms - -[0m
2024-07-30 16:26:00 info: =================================
2024-07-30 16:26:00 info: ======= ENV: development =======
2024-07-30 16:26:00 info: 🚀 App listening on the port 5210
2024-07-30 16:26:00 info: =================================
2024-07-30 16:35:41 info: [0mGET /api/users/getUsers [36m304[0m 164.610 ms - -[0m
2024-07-30 16:35:41 info: [0mGET /api/files/getFiles [36m304[0m 429.361 ms - -[0m
2024-07-30 16:35:51 info: [0mGET /api/users/getUsers [32m200[0m 151.625 ms - 927[0m
2024-07-30 16:35:51 info: [0mGET /api/files/getFiles [32m200[0m 473.510 ms - -[0m
2024-07-30 16:36:46 info: [0mGET /api/users/getUsers [36m304[0m 146.222 ms - -[0m
2024-07-30 16:36:46 info: [0mGET /api/files/getFiles [36m304[0m 447.905 ms - -[0m
2024-07-30 16:36:55 info: [0mOPTIONS /api/login [32m204[0m 0.433 ms - 0[0m
2024-07-30 16:36:55 info: [0mPOST /api/login [32m200[0m 382.164 ms - -[0m
2024-07-30 16:36:55 info: [0mGET /api/users/getUsers [36m304[0m 153.288 ms - -[0m
2024-07-30 16:36:55 info: [0mGET /api/users/getUsers [36m304[0m 142.276 ms - -[0m
2024-07-30 16:36:55 info: [0mGET /api/files/getFiles [36m304[0m 425.391 ms - -[0m
2024-07-30 16:36:56 info: [0mGET /api/files/getFiles [36m304[0m 438.891 ms - -[0m
2024-07-30 16:38:46 info: [0mGET /api/users/getUsers [36m304[0m 156.263 ms - -[0m
2024-07-30 16:38:46 info: [0mGET /api/files/getFiles [36m304[0m 438.790 ms - -[0m
2024-07-30 16:39:11 info: [0mGET /api/users/getUsers [36m304[0m 164.546 ms - -[0m
2024-07-30 16:39:11 info: [0mGET /api/files/getFiles [36m304[0m 437.508 ms - -[0m
2024-07-30 16:44:10 info: [0mGET /api/users/getUsers [36m304[0m 159.707 ms - -[0m
2024-07-30 16:44:10 info: [0mGET /api/files/getFiles [36m304[0m 440.092 ms - -[0m
2024-07-30 16:44:29 info: [0mGET /api/users/getUsers [32m200[0m 158.118 ms - 927[0m
2024-07-30 16:44:30 info: [0mGET /api/files/getFiles [32m200[0m 452.673 ms - -[0m
2024-07-30 16:45:29 info: =================================
2024-07-30 16:45:29 info: ======= ENV: development =======
2024-07-30 16:45:29 info: 🚀 App listening on the port 5210
2024-07-30 16:45:29 info: =================================
2024-07-30 16:45:34 info: [0mGET /api/users/getUsers [36m304[0m 161.903 ms - -[0m
2024-07-30 16:45:35 info: [0mGET /api/files/getFiles [36m304[0m 978.396 ms - -[0m
2024-07-30 16:46:53 info: [0mGET /api/users/getUsers [36m304[0m 149.532 ms - -[0m
2024-07-30 16:46:54 info: [0mGET /api/files/getFiles [36m304[0m 435.147 ms - -[0m
2024-07-30 16:46:57 info: [0mGET /api/users/getUsers [32m200[0m 168.090 ms - 927[0m
2024-07-30 16:46:57 info: [0mGET /api/files/getFiles [32m200[0m 451.217 ms - -[0m
2024-07-30 16:47:06 info: [0mGET /api/users/getUsers [36m304[0m 149.140 ms - -[0m
2024-07-30 16:47:07 info: [0mGET /api/files/getFiles [36m304[0m 767.667 ms - -[0m
2024-07-30 16:47:13 info: [0mGET /api/users/getUsers [32m200[0m 155.660 ms - 927[0m
2024-07-30 16:47:14 info: [0mGET /api/files/getFiles [32m200[0m 437.507 ms - -[0m
2024-07-30 17:29:05 info: =================================
2024-07-30 17:29:05 info: ======= ENV: development =======
2024-07-30 17:29:05 info: 🚀 App listening on the port 5210
2024-07-30 17:29:05 info: =================================
2024-07-30 18:35:19 info: [0mOPTIONS /api/login [32m204[0m 2.053 ms - 0[0m
2024-07-30 18:35:20 error: [POST] /api/login >> StatusCode:: 409, Message:: Wrong password
2024-07-30 18:35:20 info: [0mPOST /api/login [33m409[0m 351.112 ms - 28[0m
2024-07-30 18:35:26 info: [0mOPTIONS /api/login [32m204[0m 0.145 ms - 0[0m
2024-07-30 18:35:26 info: [0mPOST /api/login [32m200[0m 364.353 ms - -[0m
2024-07-30 18:35:26 info: [0mGET /api/users/getUsers [32m200[0m 160.487 ms - 927[0m
2024-07-30 18:35:26 info: [0mGET /api/users/getUsers [36m304[0m 152.870 ms - -[0m
2024-07-30 18:35:27 info: [0mGET /api/files/getFiles [32m200[0m 441.560 ms - -[0m
2024-07-30 18:35:27 info: [0mGET /api/files/getFiles [36m304[0m 460.817 ms - -[0m
2024-07-30 19:00:12 info: [0mGET /api/files/getFiles [36m304[0m 457.249 ms - -[0m
2024-07-30 19:00:13 info: [0mGET /api/files/getFiles [36m304[0m 443.814 ms - -[0m
2024-07-30 19:00:43 info: [0mOPTIONS /api/ia/upload_pdf [32m204[0m 0.200 ms - 0[0m
2024-07-30 19:00:43 info: [0mGET /public/boleta41_folio2530_2024-05-23.pdf [32m200[0m 6.516 ms - 3288[0m
2024-07-30 19:00:43 info: [0mPOST /api/ia/upload_pdf [33m400[0m 440.685 ms - 99[0m
