2024-04-26 08:13:28 info: =================================
2024-04-26 08:13:28 info: ======= ENV: development =======
2024-04-26 08:13:28 info: 🚀 App listening on the port 5210
2024-04-26 08:13:28 info: =================================
2024-04-26 08:13:41 error: [GET] /api/users/getUsers >> StatusCode:: 401, Message:: Wrong authentication token
2024-04-26 08:13:41 info: [0mGET /api/users/getUsers [33m401[0m 20.352 ms - 40[0m
2024-04-26 08:13:43 info: [0mGET /api/files/getFiles [32m200[0m 2174.517 ms - -[0m
2024-04-26 08:13:48 error: [GET] /api/users/getUsers >> StatusCode:: 401, Message:: Wrong authentication token
2024-04-26 08:13:48 info: [0mGET /api/users/getUsers [33m401[0m 5.312 ms - 40[0m
2024-04-26 08:13:49 info: [0mGET /api/files/getFiles [36m304[0m 609.795 ms - -[0m
2024-04-26 08:19:14 info: =================================
2024-04-26 08:19:14 info: ======= ENV: development =======
2024-04-26 08:19:14 info: 🚀 App listening on the port 5210
2024-04-26 08:19:14 info: =================================
2024-04-26 08:19:21 error: [GET] /api/users/getUsers >> StatusCode:: 401, Message:: Wrong authentication token
2024-04-26 08:19:21 info: [0mGET /api/users/getUsers [33m401[0m 5.164 ms - 40[0m
2024-04-26 08:19:23 info: [0mGET /api/files/getFiles [32m200[0m 1829.253 ms - -[0m
2024-04-26 08:19:43 error: [GET] /api/users/getUsers >> StatusCode:: 401, Message:: Wrong authentication token
2024-04-26 08:19:43 info: [0mGET /api/users/getUsers [33m401[0m 2.358 ms - 40[0m
2024-04-26 08:19:43 error: [GET] /api/veify-token/eyJhbGciOiJIUzI1NiIsInR5cCI6IkpXVCJ9.eyJfaWQiOiI2NTI5MzA5NzdkNzgwYjI5Njk3NTgwOTAiLCJpYXQiOjE2OTc2Njc0MjYsImV4cCI6MTY5Nzc1MzgyNn0.K4aACybkNRbYkruQuNBjoxLDdFOzRuVALbSYtgSQv0g >> StatusCode:: 409, Message:: User not found
2024-04-26 08:19:43 info: [0mGET /api/veify-token/eyJhbGciOiJIUzI1NiIsInR5cCI6IkpXVCJ9.eyJfaWQiOiI2NTI5MzA5NzdkNzgwYjI5Njk3NTgwOTAiLCJpYXQiOjE2OTc2Njc0MjYsImV4cCI6MTY5Nzc1MzgyNn0.K4aACybkNRbYkruQuNBjoxLDdFOzRuVALbSYtgSQv0g [33m409[0m 145.354 ms - 28[0m
2024-04-26 08:19:43 error: [GET] /api/users/getUsers >> StatusCode:: 401, Message:: Wrong authentication token
2024-04-26 08:19:43 info: [0mGET /api/users/getUsers [33m401[0m 2.675 ms - 40[0m
2024-04-26 08:19:43 error: [GET] /api/users/getUsers >> StatusCode:: 401, Message:: Wrong authentication token
2024-04-26 08:19:43 info: [0mGET /api/users/getUsers [33m401[0m 1.982 ms - 40[0m
2024-04-26 08:19:44 info: [0mGET /api/files/getFiles [36m304[0m 1722.729 ms - -[0m
2024-04-26 08:19:46 info: [0mGET /api/files/getFiles [36m304[0m 1314.498 ms - -[0m
2024-04-26 08:20:09 info: [0mGET /api/veify-token/ [32m200[0m 18.905 ms - 874[0m
2024-04-26 08:20:09 info: [0mGET /api/veify-token/ [36m304[0m 2.987 ms - -[0m
2024-04-26 08:20:25 info: [0mPOST /api/login [32m200[0m 944.036 ms - -[0m
2024-04-26 08:20:25 info: [0mGET /api/users/getUsers [32m200[0m 481.693 ms - -[0m
2024-04-26 08:20:26 info: [0mGET /api/users/getUsers [36m304[0m 396.484 ms - -[0m
2024-04-26 08:20:29 info: [0mGET /api/files/getFiles [36m304[0m 4461.844 ms - -[0m
2024-04-26 08:20:34 info: [0mGET /api/veify-token/ [36m304[0m 2.634 ms - -[0m
2024-04-26 08:20:34 info: [0mGET /api/veify-token/ [36m304[0m 2.994 ms - -[0m
2024-04-26 08:20:34 info: [0mGET /api/users/getUsers [36m304[0m 266.822 ms - -[0m
2024-04-26 08:20:34 info: [0mGET /api/files/getFiles [36m304[0m 833.328 ms - -[0m
2024-04-26 08:33:32 info: [0mGET /api/veify-token/ [36m304[0m 1.652 ms - -[0m
2024-04-26 08:33:32 info: [0mGET /api/veify-token/ [36m304[0m 1.443 ms - -[0m
2024-04-26 08:33:32 info: [0mGET /api/users/getUsers [36m304[0m 542.345 ms - -[0m
2024-04-26 08:33:33 info: [0mGET /api/files/getFiles [36m304[0m 1300.402 ms - -[0m
2024-04-26 09:28:15 info: [0mGET /api/veify-token/ [36m304[0m 16.843 ms - -[0m
2024-04-26 09:28:15 info: [0mGET /api/veify-token/ [36m304[0m 3.190 ms - -[0m
2024-04-26 09:28:15 info: [0mGET /api/users/getUsers [36m304[0m 729.144 ms - -[0m
2024-04-26 09:28:16 info: [0mGET /api/files/getFiles [36m304[0m 1513.876 ms - -[0m
2024-04-26 10:23:42 info: [0mGET /api/veify-token/ [36m304[0m 11.285 ms - -[0m
2024-04-26 10:23:42 info: [0mGET /api/veify-token/ [36m304[0m 1.556 ms - -[0m
2024-04-26 10:23:43 info: [0mGET /api/users/getUsers [36m304[0m 244.401 ms - -[0m
2024-04-26 10:23:43 info: [0mGET /api/files/getFiles [36m304[0m 579.675 ms - -[0m
2024-04-26 10:24:02 info: [0mGET /api/veify-token/ [36m304[0m 2.228 ms - -[0m
2024-04-26 10:24:02 info: [0mGET /api/users/getUsers [36m304[0m 251.014 ms - -[0m
2024-04-26 10:24:02 info: [0mGET /api/veify-token/ [36m304[0m 1.831 ms - -[0m
2024-04-26 10:24:03 info: [0mGET /api/files/getFiles [36m304[0m 1320.357 ms - -[0m
2024-04-26 11:00:43 info: [0mGET /api/veify-token/ [36m304[0m 3.912 ms - -[0m
2024-04-26 11:00:44 info: [0mGET /api/users/getUsers [36m304[0m 229.643 ms - -[0m
2024-04-26 11:00:44 info: [0mGET /api/veify-token/ [36m304[0m 1.894 ms - -[0m
2024-04-26 11:00:44 info: [0mGET /api/files/getFiles [36m304[0m 524.784 ms - -[0m
2024-04-26 11:08:32 info: [0mGET /api/veify-token/ [36m304[0m 2.802 ms - -[0m
2024-04-26 11:08:33 info: [0mGET /api/users/getUsers [36m304[0m 240.235 ms - -[0m
2024-04-26 11:08:33 info: [0mGET /api/veify-token/ [36m304[0m 2.019 ms - -[0m
2024-04-26 11:08:34 info: [0mGET /api/files/getFiles [36m304[0m 1417.352 ms - -[0m
2024-04-26 11:11:51 info: [0mGET /api/users/getUsers [36m304[0m 220.934 ms - -[0m
2024-04-26 11:11:51 info: [0mGET /api/files/getFiles [36m304[0m 603.911 ms - -[0m
2024-04-26 11:11:52 info: [0mGET /api/files/getFiles [36m304[0m 533.961 ms - -[0m
2024-04-26 11:18:13 info: =================================
2024-04-26 11:18:13 info: ======= ENV: development =======
2024-04-26 11:18:13 info: 🚀 App listening on the port 5210
2024-04-26 11:18:13 info: =================================
2024-04-26 11:18:24 info: [0mGET /api/users/getUsers [32m200[0m 306.558 ms - -[0m
2024-04-26 11:18:25 info: [0mGET /api/users/getUsers [36m304[0m 238.042 ms - -[0m
2024-04-26 11:19:11 info: [0mGET /api/users/getUsers [36m304[0m 245.184 ms - -[0m
2024-04-26 11:19:11 info: [0mGET /api/users/getUsers [36m304[0m 242.215 ms - -[0m
2024-04-26 11:19:15 info: [0mGET /api/users/getUsers [36m304[0m 240.294 ms - -[0m
2024-04-26 11:19:15 info: [0mGET /api/users/getUsers [36m304[0m 236.074 ms - -[0m
2024-04-26 11:19:19 info: [0mGET /api/users/getUsers [36m304[0m 248.417 ms - -[0m
2024-04-26 11:19:20 info: [0mGET /api/users/getUsers [36m304[0m 237.053 ms - -[0m
2024-04-26 11:19:46 info: =================================
2024-04-26 11:19:46 info: ======= ENV: development =======
2024-04-26 11:19:46 info: 🚀 App listening on the port 5210
2024-04-26 11:19:46 info: =================================
2024-04-26 11:20:12 info: [0mGET /api/veify-token/ [36m304[0m 7.326 ms - -[0m
2024-04-26 11:20:13 info: [0mGET /api/veify-token/ [36m304[0m 3.440 ms - -[0m
2024-04-26 11:20:13 info: [0mGET /api/users/getUsers [32m200[0m 260.189 ms - -[0m
2024-04-26 11:20:13 info: [0mGET /api/files/getFiles [32m200[0m 623.149 ms - -[0m
2024-04-26 11:35:20 info: [0mGET /api/veify-token/ [36m304[0m 3.958 ms - -[0m
2024-04-26 11:35:20 info: [0mGET /api/veify-token/ [36m304[0m 3.285 ms - -[0m
2024-04-26 11:35:29 info: [0mGET /api/veify-token/ [36m304[0m 2.990 ms - -[0m
2024-04-26 11:35:29 info: [0mGET /api/veify-token/ [36m304[0m 2.195 ms - -[0m
2024-04-26 11:35:55 info: [0mGET /api/veify-token/ [36m304[0m 2.510 ms - -[0m
2024-04-26 11:35:55 info: [0mGET /api/veify-token/ [36m304[0m 1.707 ms - -[0m
2024-04-26 11:35:56 info: [0mGET /api/users/getUsers [36m304[0m 227.328 ms - -[0m
2024-04-26 11:35:56 info: [0mGET /api/files/getFiles [36m304[0m 530.424 ms - -[0m
2024-04-26 11:36:05 info: [0mGET /api/veify-token/ [36m304[0m 6.434 ms - -[0m
2024-04-26 11:36:06 info: [0mGET /api/veify-token/ [36m304[0m 2.614 ms - -[0m
2024-04-26 11:36:06 info: [0mGET /api/users/getUsers [36m304[0m 227.239 ms - -[0m
2024-04-26 11:36:06 info: [0mGET /api/files/getFiles [36m304[0m 552.212 ms - -[0m
2024-04-26 11:36:12 info: [0mGET /api/veify-token/ [36m304[0m 1.495 ms - -[0m
2024-04-26 11:36:12 info: [0mGET /api/veify-token/ [36m304[0m 2.053 ms - -[0m
2024-04-26 11:36:12 info: [0mGET /api/users/getUsers [36m304[0m 225.483 ms - -[0m
2024-04-26 11:36:12 info: [0mGET /api/files/getFiles [36m304[0m 515.798 ms - -[0m
2024-04-26 11:36:24 info: [0mPOST /api/login [32m200[0m 446.714 ms - -[0m
2024-04-26 11:36:25 info: [0mGET /api/users/getUsers [36m304[0m 222.181 ms - -[0m
2024-04-26 11:36:29 info: [0mGET /api/veify-token/ [36m304[0m 1.332 ms - -[0m
2024-04-26 11:36:29 info: [0mGET /api/veify-token/ [36m304[0m 1.951 ms - -[0m
2024-04-26 11:36:29 info: [0mGET /api/users/getUsers [36m304[0m 231.519 ms - -[0m
2024-04-26 11:36:30 info: [0mGET /api/files/getFiles [36m304[0m 544.211 ms - -[0m
2024-04-26 11:39:50 info: [0mGET /api/veify-token/eyJhbGciOiJIUzI1NiIsInR5cCI6IkpXVCJ9.eyJfaWQiOiI2NDliM2M3MTNmZjY4NjUyYWI3MzFmMTMiLCJpYXQiOjE3MTQxNDU3ODQsImV4cCI6MTcxNDIzMjE4NH0.BgSdrBLsANG6hUn6DeBg3hTK5glc1sjyVVUx376hAkc [32m200[0m 167.590 ms - 505[0m
2024-04-26 11:39:51 info: [0mGET /api/users/getUsers [36m304[0m 232.794 ms - -[0m
2024-04-26 11:39:51 info: [0mGET /api/files/getFiles [32m200[0m 534.120 ms - -[0m
2024-04-26 11:39:51 info: [0mGET /api/users/getUsers [32m200[0m 268.807 ms - -[0m
2024-04-26 11:39:51 info: [0mGET /api/files/getFiles [36m304[0m 548.152 ms - -[0m
2024-04-26 11:39:52 info: [0mGET /api/users/getUsers [36m304[0m 225.844 ms - -[0m
2024-04-26 11:40:12 info: [0mGET /api/files/getFiles [36m304[0m 530.095 ms - -[0m
2024-04-26 11:40:12 info: [0mGET /api/users/getUsers [36m304[0m 238.813 ms - -[0m
2024-04-26 11:40:13 info: [0mGET /api/veify-token/eyJhbGciOiJIUzI1NiIsInR5cCI6IkpXVCJ9.eyJfaWQiOiI2NDliM2M3MTNmZjY4NjUyYWI3MzFmMTMiLCJpYXQiOjE3MTQxNDU3ODQsImV4cCI6MTcxNDIzMjE4NH0.BgSdrBLsANG6hUn6DeBg3hTK5glc1sjyVVUx376hAkc [32m200[0m 145.955 ms - 505[0m
2024-04-26 11:40:13 info: [0mGET /api/files/getFiles [32m200[0m 515.302 ms - -[0m
2024-04-26 11:40:13 info: [0mGET /api/users/getUsers [32m200[0m 217.221 ms - -[0m
2024-04-26 11:40:14 info: [0mGET /api/users/getUsers [36m304[0m 215.977 ms - -[0m
2024-04-26 11:41:08 info: [0mGET /api/veify-token/ [36m304[0m 4.098 ms - -[0m
2024-04-26 11:41:08 info: [0mGET /api/users/getUsers [36m304[0m 231.956 ms - -[0m
2024-04-26 11:41:08 info: [0mGET /api/veify-token/ [36m304[0m 2.344 ms - -[0m
2024-04-26 11:41:09 info: [0mGET /api/files/getFiles [36m304[0m 602.521 ms - -[0m
2024-04-26 11:42:22 info: =================================
2024-04-26 11:42:22 info: ======= ENV: development =======
2024-04-26 11:42:22 info: 🚀 App listening on the port 5210
2024-04-26 11:42:22 info: =================================
2024-04-26 11:42:26 info: [0mGET /api/veify-token/ [36m304[0m 11.694 ms - -[0m
2024-04-26 11:42:27 info: [0mGET /api/organization/getOrganizations [32m200[0m 81.062 ms - 745[0m
2024-04-26 11:42:27 info: [0mGET /api/veify-token/ [36m304[0m 4.749 ms - -[0m
2024-04-26 11:42:27 info: [0mGET /api/users/getUsers [32m200[0m 268.099 ms - -[0m
2024-04-26 11:42:28 info: [0mGET /api/files/getFiles [32m200[0m 1959.917 ms - -[0m
2024-04-26 11:42:45 info: [0mGET /api/veify-token/ [36m304[0m 8.450 ms - -[0m
2024-04-26 11:42:45 info: [0mGET /api/veify-token/ [36m304[0m 13.062 ms - -[0m
2024-04-26 11:42:45 info: [0mGET /api/organization/getOrganizations [36m304[0m 75.350 ms - -[0m
2024-04-26 11:42:45 info: [0mGET /api/users/getUsers [36m304[0m 236.716 ms - -[0m
2024-04-26 11:42:46 info: [0mGET /api/files/getFiles [36m304[0m 553.063 ms - -[0m
2024-04-26 11:43:20 info: [0mGET /api/organization/getOrganizations [36m304[0m 86.124 ms - -[0m
2024-04-26 11:43:20 info: [0mGET /api/veify-token/eyJhbGciOiJIUzI1NiIsInR5cCI6IkpXVCJ9.eyJfaWQiOiI2NDliM2M3MTNmZjY4NjUyYWI3MzFmMTMiLCJpYXQiOjE3MTQxNDU3ODQsImV4cCI6MTcxNDIzMjE4NH0.BgSdrBLsANG6hUn6DeBg3hTK5glc1sjyVVUx376hAkc [32m200[0m 165.918 ms - 505[0m
2024-04-26 11:43:20 info: [0mGET /api/users/getUsers [36m304[0m 236.521 ms - -[0m
2024-04-26 11:43:20 info: [0mGET /api/organization/getOrganizations [36m304[0m 69.390 ms - -[0m
2024-04-26 11:43:20 info: [0mGET /api/users/getUsers [32m200[0m 218.629 ms - -[0m
2024-04-26 11:43:21 info: [0mGET /api/files/getFiles [32m200[0m 1345.254 ms - -[0m
2024-04-26 11:43:21 info: [0mGET /api/users/getUsers [36m304[0m 221.074 ms - -[0m
2024-04-26 11:43:21 info: [0mGET /api/files/getFiles [36m304[0m 548.312 ms - -[0m
2024-04-26 11:49:24 info: =================================
2024-04-26 11:49:24 info: ======= ENV: development =======
2024-04-26 11:49:24 info: 🚀 App listening on the port 5210
2024-04-26 11:49:24 info: =================================
2024-04-26 11:50:09 info: [0mGET /api/veify-token/ [32m200[0m 31.240 ms - 874[0m
2024-04-26 11:50:09 info: [0mGET /api/veify-token/ [36m304[0m 4.307 ms - -[0m
2024-04-26 11:50:24 info: [0mPOST /api/login [32m200[0m 359.159 ms - -[0m
2024-04-26 11:50:24 info: [0mGET /api/organization/getOrganizations [36m304[0m 77.161 ms - -[0m
2024-04-26 11:50:24 info: [0mGET /api/organization/getOrganizations [36m304[0m 81.126 ms - -[0m
2024-04-26 11:50:24 info: [0mGET /api/roles/getRoles [32m200[0m 167.042 ms - -[0m
2024-04-26 11:50:24 info: [0mGET /api/users/getUsers [32m200[0m 242.982 ms - -[0m
2024-04-26 11:50:25 info: [0mGET /api/files/getFiles [32m200[0m 547.072 ms - -[0m
2024-04-26 11:50:25 info: [0mGET /api/roles/getRoles [36m304[0m 143.457 ms - -[0m
2024-04-26 11:50:25 info: [0mGET /api/users/getUsers [36m304[0m 242.907 ms - -[0m
2024-04-26 11:50:29 info: [0mGET /api/veify-token/ [36m304[0m 3.455 ms - -[0m
2024-04-26 11:50:29 info: [0mGET /api/veify-token/ [36m304[0m 2.231 ms - -[0m
2024-04-26 11:50:29 info: [0mGET /api/organization/getOrganizations [36m304[0m 85.719 ms - -[0m
2024-04-26 11:50:29 info: [0mGET /api/users/getUsers [36m304[0m 256.157 ms - -[0m
2024-04-26 11:50:30 info: [0mGET /api/roles/getRoles [36m304[0m 154.520 ms - -[0m
2024-04-26 11:50:30 info: [0mGET /api/files/getFiles [36m304[0m 566.762 ms - -[0m
2024-04-26 11:58:25 info: [0mGET /api/veify-token/ [36m304[0m 2.304 ms - -[0m
2024-04-26 11:58:25 info: [0mGET /api/organization/getOrganizations [36m304[0m 77.538 ms - -[0m
2024-04-26 11:58:25 info: [0mGET /api/users/getUsers [36m304[0m 241.177 ms - -[0m
2024-04-26 11:58:25 info: [0mGET /api/roles/getRoles [32m200[0m 147.083 ms - -[0m
2024-04-26 11:58:25 info: [0mGET /api/veify-token/ [36m304[0m 1.676 ms - -[0m
2024-04-26 11:58:25 info: [0mGET /api/files/getFiles [36m304[0m 637.981 ms - -[0m
2024-04-26 12:01:24 info: [0mGET /api/veify-token/ [32m200[0m 4.628 ms - 874[0m
2024-04-26 12:01:25 error: [GET] /api/users/getUsers >> StatusCode:: 401, Message:: Wrong authentication token
2024-04-26 12:01:25 info: [0mGET /api/users/getUsers [33m401[0m 3.213 ms - 40[0m
2024-04-26 12:01:25 info: [0mGET /api/organization/getOrganizations [32m200[0m 71.672 ms - 745[0m
2024-04-26 12:01:25 info: [0mGET /api/roles/getRoles [32m200[0m 154.008 ms - -[0m
2024-04-26 12:01:25 info: [0mGET /api/veify-token/ [36m304[0m 2.034 ms - -[0m
2024-04-26 12:01:25 info: [0mGET /api/files/getFiles [32m200[0m 525.438 ms - -[0m
2024-04-26 12:01:27 info: [0mGET /api/veify-token/ [36m304[0m 2.619 ms - -[0m
2024-04-26 12:01:27 error: [GET] /api/users/getUsers >> StatusCode:: 401, Message:: Wrong authentication token
2024-04-26 12:01:27 info: [0mGET /api/users/getUsers [33m401[0m 1.643 ms - 40[0m
2024-04-26 12:01:27 info: [0mGET /api/organization/getOrganizations [36m304[0m 75.188 ms - -[0m
2024-04-26 12:01:27 info: [0mGET /api/roles/getRoles [36m304[0m 148.250 ms - -[0m
2024-04-26 12:01:27 info: [0mGET /api/veify-token/ [36m304[0m 2.461 ms - -[0m
2024-04-26 12:01:27 info: [0mGET /api/files/getFiles [36m304[0m 529.740 ms - -[0m
2024-04-26 12:01:42 info: [0mGET /api/veify-token/ [36m304[0m 2.352 ms - -[0m
2024-04-26 12:01:42 info: [0mGET /api/veify-token/ [36m304[0m 2.509 ms - -[0m
2024-04-26 12:01:51 error: [POST] /api/login >> StatusCode:: 409, Message:: Wrong password
2024-04-26 12:01:51 info: [0mPOST /api/login [33m409[0m 284.745 ms - 28[0m
2024-04-26 12:02:13 info: [0mPOST /api/login [32m200[0m 282.408 ms - 867[0m
2024-04-26 12:02:14 info: [0mPOST /api/files/getFilesByUserId [32m200[0m 76.524 ms - 25[0m
2024-04-26 12:03:41 info: [0mGET /api/veify-token/ [36m304[0m 2.145 ms - -[0m
2024-04-26 12:03:41 info: [0mGET /api/veify-token/ [36m304[0m 1.386 ms - -[0m
2024-04-26 12:03:42 info: [0mPOST /api/files/getFilesByUserId [32m200[0m 69.319 ms - 25[0m
2024-04-26 12:03:42 info: [0mGET /api/files/getFiles [36m304[0m 548.225 ms - -[0m
2024-04-26 12:03:42 info: [0mGET /api/users/getUsers [32m200[0m 251.349 ms - -[0m
2024-04-26 12:03:43 info: [0mGET /api/files/getFiles [36m304[0m 258.900 ms - -[0m
2024-04-26 12:08:30 info: [0mPOST /api/files/getFilesByUserId [32m200[0m 80.153 ms - 25[0m
2024-04-26 12:08:30 info: [0mPOST /api/files/getFilesByUserId [32m200[0m 73.446 ms - 25[0m
2024-04-26 12:08:30 info: [0mGET /api/files/getFiles [36m304[0m 551.560 ms - -[0m
2024-04-26 12:08:30 info: [0mGET /api/users/getUsers [36m304[0m 250.565 ms - -[0m
2024-04-26 12:08:31 info: [0mGET /api/files/getFiles [36m304[0m 253.930 ms - -[0m
2024-04-26 12:09:20 info: [0mPOST /api/files/getFilesByUserId [32m200[0m 79.144 ms - 25[0m
2024-04-26 12:09:20 info: [0mPOST /api/files/getFilesByUserId [32m200[0m 77.198 ms - 25[0m
2024-04-26 12:09:21 info: [0mGET /api/files/getFiles [36m304[0m 534.895 ms - -[0m
2024-04-26 12:09:21 info: [0mGET /api/users/getUsers [36m304[0m 239.093 ms - -[0m
2024-04-26 12:09:22 info: [0mGET /api/files/getFiles [36m304[0m 284.308 ms - -[0m
2024-04-26 12:11:32 info: [0mGET /api/veify-token/ [36m304[0m 2.056 ms - -[0m
2024-04-26 12:11:32 info: [0mGET /api/organization/getOrganizations [36m304[0m 88.871 ms - -[0m
2024-04-26 12:11:32 info: [0mGET /api/users/getUsers [36m304[0m 242.288 ms - -[0m
2024-04-26 12:11:32 info: [0mGET /api/veify-token/ [36m304[0m 1.729 ms - -[0m
2024-04-26 12:11:32 info: [0mGET /api/roles/getRoles [36m304[0m 151.655 ms - -[0m
2024-04-26 12:11:32 info: [0mGET /api/files/getFiles [36m304[0m 529.877 ms - -[0m
2024-04-26 12:17:30 info: [0mGET /api/veify-token/ [36m304[0m 2.257 ms - -[0m
2024-04-26 12:17:30 info: [0mGET /api/veify-token/ [36m304[0m 1.847 ms - -[0m
2024-04-26 12:17:30 info: [0mPOST /api/files/getFilesByUserId [32m200[0m 73.666 ms - 25[0m
2024-04-26 12:19:53 info: [0mPOST /api/files/getFilesByUserId [32m200[0m 75.481 ms - 25[0m
2024-04-26 12:19:53 info: [0mPOST /api/files/getFilesByUserId [32m200[0m 74.835 ms - 25[0m
2024-04-26 12:19:53 info: [0mGET /api/files/getFiles [36m304[0m 561.961 ms - -[0m
2024-04-26 12:19:53 info: [0mGET /api/users/getUsers [36m304[0m 251.951 ms - -[0m
2024-04-26 12:19:54 info: [0mGET /api/files/getFiles [36m304[0m 264.578 ms - -[0m
2024-04-26 12:19:54 info: [0mGET /api/users/getUsers [36m304[0m 256.451 ms - -[0m
2024-04-26 12:28:33 info: =================================
2024-04-26 12:28:33 info: ======= ENV: development =======
2024-04-26 12:28:33 info: 🚀 App listening on the port 5210
2024-04-26 12:28:33 info: =================================
2024-04-26 12:28:47 info: [0mGET /api/veify-token/ [36m304[0m 9.027 ms - -[0m
2024-04-26 12:28:47 error: [GET] /api/users/getUsersByCompany/652934c5aaf7a00a88749e47 >> StatusCode:: 500, Message:: Cast to ObjectId failed for value "{ companyId: '652934c5aaf7a00a88749e47' }" (type Object) at path "organization" for model "User"
2024-04-26 12:28:47 info: [0mGET /api/users/getUsersByCompany/652934c5aaf7a00a88749e47 [31m500[0m 13.082 ms - 151[0m
2024-04-26 12:28:47 info: [0mGET /api/veify-token/ [36m304[0m 3.623 ms - -[0m
2024-04-26 12:28:47 info: [0mPOST /api/files/getFilesByUserId [32m200[0m 109.194 ms - 25[0m
2024-04-26 12:30:05 info: =================================
2024-04-26 12:30:05 info: ======= ENV: development =======
2024-04-26 12:30:05 info: 🚀 App listening on the port 5210
2024-04-26 12:30:05 info: =================================
2024-04-26 12:30:07 info: [0mGET /api/veify-token/ [36m304[0m 13.908 ms - -[0m
2024-04-26 12:30:07 error: [GET] /api/users/getUsersByCompany/652934c5aaf7a00a88749e47 >> StatusCode:: 500, Message:: Cast to ObjectId failed for value "{ companyId: '652934c5aaf7a00a88749e47' }" (type Object) at path "organization" for model "User"
2024-04-26 12:30:07 info: [0mGET /api/users/getUsersByCompany/652934c5aaf7a00a88749e47 [31m500[0m 19.348 ms - 151[0m
2024-04-26 12:30:07 info: [0mGET /api/veify-token/ [36m304[0m 2.754 ms - -[0m
2024-04-26 12:30:07 info: [0mPOST /api/files/getFilesByUserId [32m200[0m 144.565 ms - 25[0m
2024-04-26 12:30:22 info: =================================
2024-04-26 12:30:22 info: ======= ENV: development =======
2024-04-26 12:30:22 info: 🚀 App listening on the port 5210
2024-04-26 12:30:22 info: =================================
2024-04-26 12:30:23 info: [0mGET /api/veify-token/ [36m304[0m 19.232 ms - -[0m
2024-04-26 12:30:23 error: [GET] /api/users/getUsersByCompany/652934c5aaf7a00a88749e47 >> StatusCode:: 500, Message:: Cast to ObjectId failed for value "{ companyId: '652934c5aaf7a00a88749e47' }" (type Object) at path "organization" for model "User"
2024-04-26 12:30:23 info: [0mGET /api/users/getUsersByCompany/652934c5aaf7a00a88749e47 [31m500[0m 22.637 ms - 151[0m
2024-04-26 12:30:23 info: [0mGET /api/veify-token/ [36m304[0m 20.845 ms - -[0m
2024-04-26 12:30:23 info: [0mPOST /api/files/getFilesByUserId [32m200[0m 426.052 ms - 25[0m
2024-04-26 12:30:26 info: [0mGET /api/veify-token/ [36m304[0m 2.366 ms - -[0m
2024-04-26 12:30:26 error: [GET] /api/users/getUsersByCompany/652934c5aaf7a00a88749e47 >> StatusCode:: 500, Message:: Cast to ObjectId failed for value "{ companyId: '652934c5aaf7a00a88749e47' }" (type Object) at path "organization" for model "User"
2024-04-26 12:30:26 info: [0mGET /api/users/getUsersByCompany/652934c5aaf7a00a88749e47 [31m500[0m 5.497 ms - 151[0m
2024-04-26 12:30:26 info: [0mGET /api/veify-token/ [36m304[0m 1.569 ms - -[0m
2024-04-26 12:30:26 info: [0mPOST /api/files/getFilesByUserId [32m200[0m 76.006 ms - 25[0m
2024-04-26 12:32:19 info: =================================
2024-04-26 12:32:19 info: ======= ENV: development =======
2024-04-26 12:32:19 info: 🚀 App listening on the port 5210
2024-04-26 12:32:19 info: =================================
2024-04-26 12:32:22 info: [0mGET /api/veify-token/ [36m304[0m 12.728 ms - -[0m
2024-04-26 12:32:22 info: [0mGET /api/veify-token/ [36m304[0m 3.141 ms - -[0m
2024-04-26 12:32:22 info: [0mPOST /api/files/getFilesByUserId [32m200[0m 104.490 ms - 25[0m
2024-04-26 12:32:22 info: [0mGET /api/users/getUsersByCompany/652934c5aaf7a00a88749e47 [32m200[0m 173.086 ms - 904[0m
2024-04-26 12:35:16 info: [0mGET /api/veify-token/ [36m304[0m 2.405 ms - -[0m
2024-04-26 12:35:16 info: [0mGET /api/organization/getOrganizations [36m304[0m 81.627 ms - -[0m
2024-04-26 12:35:16 info: [0mGET /api/users/getUsers [32m200[0m 242.261 ms - -[0m
2024-04-26 12:35:16 info: [0mGET /api/veify-token/ [36m304[0m 2.524 ms - -[0m
2024-04-26 12:35:16 info: [0mGET /api/roles/getRoles [32m200[0m 166.337 ms - -[0m
2024-04-26 12:35:16 info: [0mGET /api/files/getFiles [32m200[0m 606.630 ms - -[0m
2024-04-26 12:39:26 info: =================================
2024-04-26 12:39:26 info: ======= ENV: development =======
2024-04-26 12:39:26 info: 🚀 App listening on the port 5210
2024-04-26 12:39:26 info: =================================
2024-04-26 12:39:54 info: [0mPOST /api/files/getFilesByUserId [32m200[0m 118.308 ms - 25[0m
2024-04-26 12:39:54 info: [0mGET /api/roles/getRolesById/organization/652934c5aaf7a00a88749e47 [32m200[0m 129.291 ms - 826[0m
2024-04-26 12:39:54 info: [0mPOST /api/files/getFilesByUserId [32m200[0m 90.389 ms - 25[0m
2024-04-26 12:39:54 info: [0mGET /api/veify-token/eyJhbGciOiJIUzI1NiIsInR5cCI6IkpXVCJ9.eyJfaWQiOiI2NTI5NDMyMDM3YzUxODRmYzg1MzMxYjUiLCJpYXQiOjE3MTQxNDczMzMsImV4cCI6MTcxNDIzMzczM30.PusXHQtc0rG4v1meMQ01BQAv1TN9W1K-WMadJ9J-Fr8 [32m200[0m 230.374 ms - 472[0m
2024-04-26 12:39:54 info: [0mGET /api/users/getUsersByCompany/652934c5aaf7a00a88749e47 [36m304[0m 179.329 ms - -[0m
2024-04-26 12:39:54 info: [0mGET /api/veify-token/eyJhbGciOiJIUzI1NiIsInR5cCI6IkpXVCJ9.eyJfaWQiOiI2NDliM2M3MTNmZjY4NjUyYWI3MzFmMTMiLCJpYXQiOjE3MTQxNDY2MjQsImV4cCI6MTcxNDIzMzAyNH0.aVhcngOAJxaIyMsqXQM9epGY6rHuRiwElQf48PYpELU [32m200[0m 169.853 ms - 505[0m
2024-04-26 12:39:54 info: [0mGET /api/users/getUsers [32m200[0m 250.121 ms - -[0m
2024-04-26 12:39:54 info: [0mGET /api/roles/getRolesById/organization/652934c5aaf7a00a88749e47 [36m304[0m 77.870 ms - -[0m
2024-04-26 12:39:54 info: [0mGET /api/organization/getOrganizations [36m304[0m 75.818 ms - -[0m
2024-04-26 12:39:54 info: [0mGET /api/roles/getRoles [32m200[0m 162.044 ms - -[0m
2024-04-26 12:39:54 info: [0mGET /api/files/getFiles [32m200[0m 591.180 ms - -[0m
2024-04-26 12:39:55 info: [0mGET /api/organization/getOrganizations [36m304[0m 71.966 ms - -[0m
2024-04-26 12:39:55 info: [0mGET /api/users/getUsers [32m200[0m 249.811 ms - -[0m
2024-04-26 12:39:55 info: [0mGET /api/roles/getRoles [36m304[0m 146.733 ms - -[0m
2024-04-26 12:39:55 info: [0mGET /api/users/getUsers [36m304[0m 231.284 ms - -[0m
2024-04-26 12:39:55 info: [0mGET /api/files/getFiles [36m304[0m 552.366 ms - -[0m
2024-04-26 13:47:51 info: =================================
2024-04-26 13:47:51 info: ======= ENV: development =======
2024-04-26 13:47:51 info: 🚀 App listening on the port 5210
2024-04-26 13:47:51 info: =================================
2024-04-26 14:11:07 info: [0mPOST /api/users/createUser [32m201[0m 304.723 ms - 405[0m
2024-04-26 14:20:19 info: [0mGET /api/users/getUsers [32m200[0m 293.687 ms - -[0m
2024-04-26 14:20:19 info: [0mGET /api/files/getFiles [32m200[0m 592.060 ms - -[0m
2024-04-26 14:20:19 info: [0mPOST /api/files/getFilesByUserId [32m200[0m 73.868 ms - 25[0m
2024-04-26 14:20:19 info: [0mPOST /api/files/getFilesByUserId [32m200[0m 71.530 ms - 25[0m
2024-04-26 14:20:19 info: [0mGET /api/users/getUsersByCompany/652934c5aaf7a00a88749e47 [32m200[0m 152.569 ms - -[0m
2024-04-26 14:20:19 info: [0mGET /api/users/getUsers [36m304[0m 236.080 ms - -[0m
2024-04-26 14:20:20 info: [0mGET /api/files/getFiles [36m304[0m 534.920 ms - -[0m
2024-04-26 14:23:07 info: [0mGET /api/veify-token/ [36m304[0m 5.600 ms - -[0m
2024-04-26 14:23:07 info: [0mPOST /api/files/getFilesByUserId [32m200[0m 75.599 ms - 25[0m
2024-04-26 14:23:07 info: [0mGET /api/roles/getRolesById/organization/652934c5aaf7a00a88749e47 [36m304[0m 79.092 ms - -[0m
2024-04-26 14:23:07 info: [0mGET /api/users/getUsersByCompany/652934c5aaf7a00a88749e47 [36m304[0m 156.770 ms - -[0m
2024-04-26 14:23:07 info: [0mGET /api/veify-token/ [36m304[0m 2.654 ms - -[0m
2024-04-26 14:29:40 info: =================================
2024-04-26 14:29:40 info: ======= ENV: development =======
2024-04-26 14:29:40 info: 🚀 App listening on the port 5210
2024-04-26 14:29:40 info: =================================
2024-04-26 14:33:42 info: [0mPOST /api/users/editUser [32m200[0m 139.966 ms - 405[0m
2024-04-26 14:38:37 info: [0mPOST /api/files/getFilesByUserId [32m200[0m 85.137 ms - 25[0m
2024-04-26 14:38:37 info: [0mGET /api/roles/getRolesById/organization/652934c5aaf7a00a88749e47 [36m304[0m 114.720 ms - -[0m
2024-04-26 14:38:37 info: [0mPOST /api/files/getFilesByUserId [32m200[0m 108.224 ms - 25[0m
2024-04-26 14:38:38 info: [0mGET /api/veify-token/eyJhbGciOiJIUzI1NiIsInR5cCI6IkpXVCJ9.eyJfaWQiOiI2NTI5NDMyMDM3YzUxODRmYzg1MzMxYjUiLCJpYXQiOjE3MTQxNDczMzMsImV4cCI6MTcxNDIzMzczM30.PusXHQtc0rG4v1meMQ01BQAv1TN9W1K-WMadJ9J-Fr8 [32m200[0m 201.836 ms - 472[0m
2024-04-26 14:38:38 info: [0mGET /api/users/getUsersByCompany/652934c5aaf7a00a88749e47 [32m200[0m 187.007 ms - -[0m
2024-04-26 14:38:38 info: [0mGET /api/roles/getRolesById/organization/652934c5aaf7a00a88749e47 [36m304[0m 80.301 ms - -[0m
2024-04-26 14:38:38 info: [0mGET /api/organization/getOrganizations [36m304[0m 77.466 ms - -[0m
2024-04-26 14:38:38 info: [0mGET /api/veify-token/eyJhbGciOiJIUzI1NiIsInR5cCI6IkpXVCJ9.eyJfaWQiOiI2NDliM2M3MTNmZjY4NjUyYWI3MzFmMTMiLCJpYXQiOjE3MTQxNDY2MjQsImV4cCI6MTcxNDIzMzAyNH0.aVhcngOAJxaIyMsqXQM9epGY6rHuRiwElQf48PYpELU [32m200[0m 155.147 ms - 505[0m
2024-04-26 14:38:38 info: [0mGET /api/roles/getRoles [32m200[0m 152.408 ms - -[0m
2024-04-26 14:38:38 info: [0mGET /api/users/getUsers [32m200[0m 230.653 ms - -[0m
2024-04-26 14:38:38 info: [0mGET /api/files/getFiles [32m200[0m 528.532 ms - -[0m
2024-04-26 14:38:39 info: [0mGET /api/organization/getOrganizations [36m304[0m 70.251 ms - -[0m
2024-04-26 14:38:39 info: [0mGET /api/roles/getRoles [36m304[0m 147.003 ms - -[0m
2024-04-26 14:38:39 info: [0mGET /api/users/getUsers [32m200[0m 231.878 ms - -[0m
2024-04-26 14:38:39 info: [0mGET /api/files/getFiles [36m304[0m 513.827 ms - -[0m
2024-04-26 14:38:39 info: [0mGET /api/users/getUsers [36m304[0m 212.260 ms - -[0m
2024-04-26 14:40:50 info: [0mGET /api/veify-token/ [36m304[0m 7.515 ms - -[0m
2024-04-26 14:40:50 info: [0mGET /api/veify-token/ [36m304[0m 2.905 ms - -[0m
2024-04-26 14:40:50 info: [0mPOST /api/files/getFilesByUserId [32m200[0m 73.894 ms - 25[0m
2024-04-26 14:40:50 info: [0mGET /api/roles/getRolesById/organization/652934c5aaf7a00a88749e47 [36m304[0m 79.210 ms - -[0m
2024-04-26 14:40:50 info: [0mGET /api/users/getUsersByCompany/652934c5aaf7a00a88749e47 [36m304[0m 150.401 ms - -[0m
2024-04-26 14:41:08 info: [0mPOST /api/users/editUser [32m200[0m 96.419 ms - 405[0m
2024-04-26 14:43:21 info: [0mPOST /api/files/getFilesByUserId [32m200[0m 90.349 ms - 25[0m
2024-04-26 14:43:21 info: [0mPOST /api/files/getFilesByUserId [32m200[0m 70.878 ms - 25[0m
2024-04-26 14:43:21 info: [0mGET /api/users/getUsersByCompany/652934c5aaf7a00a88749e47 [32m200[0m 171.207 ms - -[0m
2024-04-26 14:43:22 info: [0mGET /api/files/getFiles [36m304[0m 533.340 ms - -[0m
2024-04-26 14:43:22 info: [0mGET /api/users/getUsers [32m200[0m 234.796 ms - -[0m
2024-04-26 14:43:23 info: [0mGET /api/files/getFiles [36m304[0m 256.560 ms - -[0m
2024-04-26 14:43:26 info: [0mPOST /api/users/editUser [32m200[0m 93.869 ms - 431[0m
2024-04-26 14:45:17 info: [0mPOST /api/users/createUser [32m201[0m 216.896 ms - 434[0m
2024-04-26 14:45:34 info: [0mGET /api/veify-token/ [36m304[0m 2.492 ms - -[0m
2024-04-26 14:45:35 info: [0mGET /api/organization/getOrganizations [36m304[0m 79.493 ms - -[0m
2024-04-26 14:45:35 info: [0mGET /api/roles/getRoles [36m304[0m 147.070 ms - -[0m
2024-04-26 14:45:35 info: [0mGET /api/users/getUsers [32m200[0m 244.259 ms - -[0m
2024-04-26 14:45:35 info: [0mGET /api/veify-token/ [36m304[0m 2.887 ms - -[0m
2024-04-26 14:45:35 info: [0mGET /api/files/getFiles [36m304[0m 588.060 ms - -[0m
2024-04-26 14:45:48 info: [0mGET /api/veify-token/ [36m304[0m 1.796 ms - -[0m
2024-04-26 14:45:49 info: [0mPOST /api/files/getFilesByUserId [32m200[0m 81.153 ms - 25[0m
2024-04-26 14:45:49 info: [0mGET /api/roles/getRolesById/organization/652934c5aaf7a00a88749e47 [36m304[0m 74.760 ms - -[0m
2024-04-26 14:45:49 info: [0mGET /api/veify-token/ [36m304[0m 1.704 ms - -[0m
2024-04-26 14:45:49 info: [0mGET /api/users/getUsersByCompany/652934c5aaf7a00a88749e47 [32m200[0m 165.320 ms - -[0m
2024-04-26 14:47:41 info: [0mGET /api/veify-token/ [36m304[0m 1.870 ms - -[0m
2024-04-26 14:47:41 info: [0mGET /api/roles/getRolesById/organization/652934c5aaf7a00a88749e47 [36m304[0m 85.056 ms - -[0m
2024-04-26 14:47:41 info: [0mGET /api/users/getUsersByCompany/652934c5aaf7a00a88749e47 [32m200[0m 163.898 ms - -[0m
2024-04-26 14:47:41 info: [0mGET /api/veify-token/ [36m304[0m 1.600 ms - -[0m
2024-04-26 14:47:41 info: [0mPOST /api/files/getFilesByUserId [32m200[0m 289.733 ms - -[0m
2024-04-26 14:56:48 info: [0mGET /api/veify-token/ [36m304[0m 3.067 ms - -[0m
2024-04-26 14:56:49 info: [0mGET /api/veify-token/ [36m304[0m 1.647 ms - -[0m
2024-04-26 14:56:49 info: [0mGET /api/roles/getRolesById/organization/652934c5aaf7a00a88749e47 [36m304[0m 88.973 ms - -[0m
2024-04-26 14:56:49 info: [0mGET /api/users/getUsersByCompany/652934c5aaf7a00a88749e47 [36m304[0m 170.776 ms - -[0m
2024-04-26 14:56:49 info: [0mPOST /api/files/getFilesByUserId [32m200[0m 303.548 ms - -[0m
2024-04-26 14:58:48 info: [0mGET /api/veify-token/ [36m304[0m 1.878 ms - -[0m
2024-04-26 14:58:49 info: [0mGET /api/roles/getRolesById/organization/652934c5aaf7a00a88749e47 [36m304[0m 78.015 ms - -[0m
2024-04-26 14:58:49 info: [0mGET /api/users/getUsersByCompany/652934c5aaf7a00a88749e47 [36m304[0m 158.794 ms - -[0m
2024-04-26 14:58:49 info: [0mGET /api/veify-token/ [36m304[0m 1.569 ms - -[0m
2024-04-26 14:58:49 info: [0mPOST /api/files/getFilesByUserId [32m200[0m 274.955 ms - -[0m
2024-04-26 14:59:02 info: [0mGET /api/veify-token/ [36m304[0m 2.906 ms - -[0m
2024-04-26 14:59:02 info: [0mGET /api/roles/getRolesById/organization/652934c5aaf7a00a88749e47 [36m304[0m 79.013 ms - -[0m
2024-04-26 14:59:02 info: [0mGET /api/users/getUsersByCompany/652934c5aaf7a00a88749e47 [36m304[0m 156.560 ms - -[0m
2024-04-26 14:59:02 info: [0mGET /api/veify-token/ [36m304[0m 1.819 ms - -[0m
2024-04-26 14:59:02 info: [0mPOST /api/files/getFilesByUserId [32m200[0m 294.983 ms - -[0m
2024-04-26 15:04:38 info: =================================
2024-04-26 15:04:38 info: ======= ENV: development =======
2024-04-26 15:04:38 info: 🚀 App listening on the port 5210
2024-04-26 15:04:38 info: =================================
2024-04-26 15:06:01 info: [0mPOST /api/files/getFilesByUserId [32m200[0m 368.013 ms - -[0m
2024-04-26 15:06:01 info: [0mPOST /api/files/getFilesByUserId [32m200[0m 313.382 ms - -[0m
2024-04-26 15:06:01 info: [0mGET /api/files/getFiles [32m200[0m 610.849 ms - -[0m
2024-04-26 15:06:02 info: [0mGET /api/files/getFiles [36m304[0m 634.172 ms - -[0m
2024-04-26 15:07:37 info: =================================
2024-04-26 15:07:37 info: ======= ENV: development =======
2024-04-26 15:07:37 info: 🚀 App listening on the port 5210
2024-04-26 15:07:37 info: =================================
2024-04-26 15:07:42 info: [0mGET /api/veify-token/ [36m304[0m 13.158 ms - -[0m
2024-04-26 15:07:42 info: [0mGET /api/roles/getRolesById/organization/652934c5aaf7a00a88749e47 [36m304[0m 94.765 ms - -[0m
2024-04-26 15:07:42 info: [0mGET /api/users/getUsersByCompany/652934c5aaf7a00a88749e47 [36m304[0m 184.394 ms - -[0m
2024-04-26 15:07:42 info: [0mGET /api/veify-token/ [36m304[0m 1.945 ms - -[0m
2024-04-26 15:07:42 info: [0mPOST /api/files/getFilesByUserId [32m200[0m 437.448 ms - -[0m
2024-04-26 15:08:11 info: [0mGET /api/veify-token/ [36m304[0m 1.755 ms - -[0m
2024-04-26 15:08:11 info: [0mGET /api/roles/getRolesById/organization/652934c5aaf7a00a88749e47 [36m304[0m 78.967 ms - -[0m
2024-04-26 15:08:11 info: [0mGET /api/users/getUsersByCompany/652934c5aaf7a00a88749e47 [36m304[0m 161.378 ms - -[0m
2024-04-26 15:08:11 info: [0mGET /api/veify-token/ [36m304[0m 1.712 ms - -[0m
2024-04-26 15:08:11 info: [0mPOST /api/files/getFilesByUserId [32m200[0m 368.162 ms - -[0m
2024-04-26 15:24:44 info: [0mPOST /api/files/getFilesByUserId [32m200[0m 376.644 ms - -[0m
2024-04-26 15:24:44 info: [0mPOST /api/files/getFilesByUserId [32m200[0m 399.981 ms - -[0m
2024-04-26 15:24:45 info: [0mGET /api/files/getFiles [32m200[0m 743.324 ms - -[0m
2024-04-26 15:24:46 info: [0mGET /api/files/getFiles [36m304[0m 638.828 ms - -[0m
2024-04-26 15:24:50 info: [0mPOST /api/files/updateFileById [32m200[0m 542.344 ms - -[0m
2024-04-26 15:24:51 info: [0mPOST /api/files/getFilesByUserId [32m200[0m 364.297 ms - -[0m
2024-04-26 15:30:09 info: [0mGET /api/veify-token/ [36m304[0m 2.153 ms - -[0m
2024-04-26 15:30:09 info: [0mGET /api/roles/getRolesById/organization/652934c5aaf7a00a88749e47 [36m304[0m 78.780 ms - -[0m
2024-04-26 15:30:09 info: [0mGET /api/users/getUsersByCompany/652934c5aaf7a00a88749e47 [36m304[0m 157.345 ms - -[0m
2024-04-26 15:30:10 info: [0mGET /api/veify-token/ [36m304[0m 1.995 ms - -[0m
2024-04-26 15:30:10 info: [0mPOST /api/files/getFilesByUserId [32m200[0m 368.464 ms - -[0m
2024-04-26 15:32:24 info: [0mGET /api/veify-token/ [36m304[0m 3.031 ms - -[0m
2024-04-26 15:32:24 info: [0mGET /api/organization/getOrganizations [36m304[0m 72.623 ms - -[0m
2024-04-26 15:32:24 info: [0mGET /api/users/getUsers [32m200[0m 242.323 ms - -[0m
2024-04-26 15:32:24 info: [0mGET /api/veify-token/ [36m304[0m 1.695 ms - -[0m
2024-04-26 15:32:24 info: [0mGET /api/roles/getRoles [32m200[0m 167.393 ms - -[0m
2024-04-26 15:32:25 info: [0mGET /api/files/getFiles [32m200[0m 532.937 ms - -[0m
2024-04-26 15:32:37 info: [0mGET /api/veify-token/ [36m304[0m 3.133 ms - -[0m
2024-04-26 15:32:37 info: [0mGET /api/organization/getOrganizations [36m304[0m 70.501 ms - -[0m
2024-04-26 15:32:37 info: [0mGET /api/users/getUsers [36m304[0m 244.584 ms - -[0m
2024-04-26 15:32:37 info: [0mGET /api/veify-token/ [36m304[0m 2.305 ms - -[0m
2024-04-26 15:32:37 info: [0mGET /api/roles/getRoles [36m304[0m 145.971 ms - -[0m
2024-04-26 15:32:38 info: [0mGET /api/files/getFiles [36m304[0m 567.294 ms - -[0m
2024-04-26 15:32:51 info: [0mGET /api/veify-token/ [36m304[0m 1.698 ms - -[0m
2024-04-26 15:32:51 info: [0mGET /api/organization/getOrganizations [36m304[0m 77.307 ms - -[0m
2024-04-26 15:32:51 info: [0mGET /api/roles/getRoles [36m304[0m 152.192 ms - -[0m
2024-04-26 15:32:51 info: [0mGET /api/users/getUsers [36m304[0m 237.678 ms - -[0m
2024-04-26 15:32:51 info: [0mGET /api/veify-token/ [36m304[0m 1.814 ms - -[0m
2024-04-26 15:32:51 info: [0mGET /api/files/getFiles [36m304[0m 564.252 ms - -[0m
2024-04-26 15:33:42 info: [0mGET /api/veify-token/ [36m304[0m 1.653 ms - -[0m
2024-04-26 15:33:42 info: [0mGET /api/veify-token/ [36m304[0m 1.622 ms - -[0m
2024-04-26 15:33:42 info: [0mGET /api/organization/getOrganizations [36m304[0m 81.054 ms - -[0m
2024-04-26 15:33:42 info: [0mGET /api/roles/getRoles [36m304[0m 158.609 ms - -[0m
2024-04-26 15:33:42 info: [0mGET /api/users/getUsers [36m304[0m 233.655 ms - -[0m
2024-04-26 15:33:43 info: [0mGET /api/files/getFiles [36m304[0m 517.678 ms - -[0m
2024-04-26 15:35:03 info: [0mGET /api/veify-token/ [36m304[0m 2.091 ms - -[0m
2024-04-26 15:35:03 info: [0mGET /api/veify-token/ [36m304[0m 3.396 ms - -[0m
2024-04-26 15:35:03 info: [0mGET /api/organization/getOrganizations [36m304[0m 87.346 ms - -[0m
2024-04-26 15:35:03 info: [0mGET /api/roles/getRoles [36m304[0m 153.139 ms - -[0m
2024-04-26 15:35:03 info: [0mGET /api/users/getUsers [36m304[0m 246.407 ms - -[0m
2024-04-26 15:35:04 info: [0mGET /api/files/getFiles [36m304[0m 549.062 ms - -[0m
2024-04-26 15:37:46 info: [0mGET /api/veify-token/ [36m304[0m 2.275 ms - -[0m
2024-04-26 15:37:46 info: [0mGET /api/organization/getOrganizations [36m304[0m 74.148 ms - -[0m
2024-04-26 15:37:46 info: [0mGET /api/users/getUsers [36m304[0m 246.434 ms - -[0m
2024-04-26 15:37:46 info: [0mGET /api/veify-token/ [36m304[0m 1.716 ms - -[0m
2024-04-26 15:37:46 info: [0mGET /api/roles/getRoles [36m304[0m 148.818 ms - -[0m
2024-04-26 15:37:46 info: [0mGET /api/files/getFiles [36m304[0m 592.225 ms - -[0m
2024-04-26 15:49:20 info: [0mGET /api/veify-token/ [36m304[0m 2.245 ms - -[0m
2024-04-26 15:49:20 info: [0mGET /api/organization/getOrganizations [36m304[0m 73.772 ms - -[0m
2024-04-26 15:49:20 info: [0mGET /api/users/getUsers [36m304[0m 233.359 ms - -[0m
2024-04-26 15:49:20 info: [0mGET /api/veify-token/ [36m304[0m 1.815 ms - -[0m
2024-04-26 15:49:20 info: [0mGET /api/roles/getRoles [36m304[0m 144.902 ms - -[0m
2024-04-26 15:49:20 info: [0mGET /api/files/getFiles [36m304[0m 550.076 ms - -[0m
2024-04-26 16:38:55 info: [0mGET /api/veify-token/ [36m304[0m 2.551 ms - -[0m
2024-04-26 16:38:55 info: [0mGET /api/organization/getOrganizations [36m304[0m 76.722 ms - -[0m
2024-04-26 16:38:56 info: [0mGET /api/users/getUsers [36m304[0m 269.696 ms - -[0m
2024-04-26 16:38:56 info: [0mGET /api/veify-token/ [36m304[0m 3.289 ms - -[0m
2024-04-26 16:38:56 info: [0mGET /api/roles/getRoles [36m304[0m 168.651 ms - -[0m
2024-04-26 16:38:56 info: [0mGET /api/files/getFiles [36m304[0m 967.584 ms - -[0m
2024-04-26 16:52:20 info: [0mGET /api/veify-token/ [36m304[0m 2.288 ms - -[0m
2024-04-26 16:52:21 info: [0mGET /api/roles/getRolesById/organization/652934c5aaf7a00a88749e47 [36m304[0m 106.954 ms - -[0m
2024-04-26 16:52:21 info: [0mGET /api/users/getUsersByCompany/652934c5aaf7a00a88749e47 [36m304[0m 219.864 ms - -[0m
2024-04-26 16:52:21 info: [0mGET /api/veify-token/ [36m304[0m 1.731 ms - -[0m
2024-04-26 16:52:21 info: [0mPOST /api/files/getFilesByUserId [32m200[0m 499.642 ms - -[0m
2024-04-26 16:52:50 info: [0mGET /api/veify-token/ [36m304[0m 2.056 ms - -[0m
2024-04-26 16:52:50 info: [0mGET /api/organization/getOrganizations [36m304[0m 107.942 ms - -[0m
2024-04-26 16:52:50 info: [0mGET /api/veify-token/ [36m304[0m 2.527 ms - -[0m
2024-04-26 16:52:51 info: [0mGET /api/users/getUsers [36m304[0m 374.308 ms - -[0m
2024-04-26 16:52:51 info: [0mGET /api/roles/getRoles [36m304[0m 247.078 ms - -[0m
2024-04-26 16:52:54 info: [0mGET /api/files/getFiles [36m304[0m 3904.669 ms - -[0m
2024-04-26 18:55:52 info: [0mGET /api/veify-token/ [36m304[0m 2.381 ms - -[0m
2024-04-26 18:55:52 info: [0mGET /api/veify-token/ [36m304[0m 5.783 ms - -[0m
2024-04-26 18:55:54 info: [0mGET /api/organization/getOrganizations [36m304[0m 1468.610 ms - -[0m
2024-04-26 18:55:54 info: [0mGET /api/roles/getRoles [36m304[0m 1346.270 ms - -[0m
2024-04-26 18:55:54 info: [0mGET /api/users/getUsers [36m304[0m 1667.847 ms - -[0m
2024-04-26 18:55:54 info: [0mGET /api/files/getFiles [36m304[0m 2245.532 ms - -[0m
