2024-09-05 13:20:47 info: =================================
2024-09-05 13:20:47 info: ======= ENV: development =======
2024-09-05 13:20:47 info: 🚀 App listening on the port 5210
2024-09-05 13:20:47 info: =================================
2024-09-05 13:20:52 info: [0mGET /api/roles/getRolesById/organization/652934c5aaf7a00a88749e47 [32m200[0m 93.059 ms - 826[0m
2024-09-05 13:22:08 info: [0mOPTIONS /api/login [32m204[0m 0.329 ms - 0[0m
2024-09-05 13:22:09 error: [POST] /api/login >> StatusCode:: 409, Message:: Wrong password
2024-09-05 13:22:09 info: [0mPOST /api/login [33m409[0m 465.455 ms - 28[0m
2024-09-05 13:22:14 info: [0mOPTIONS /api/login [32m204[0m 0.298 ms - 0[0m
2024-09-05 13:22:14 error: [POST] /api/login >> StatusCode:: 409, Message:: Wrong password
2024-09-05 13:22:14 info: [0mPOST /api/login [33m409[0m 278.474 ms - 28[0m
2024-09-05 13:22:25 info: [0mOPTIONS /api/login [32m204[0m 0.406 ms - 0[0m
2024-09-05 13:22:25 info: [0mPOST /api/login [32m200[0m 288.079 ms - -[0m
2024-09-05 13:22:26 info: [0mGET /api/files/getFiles [32m200[0m 431.695 ms - -[0m
2024-09-05 13:22:26 info: [0mGET /api/files/getFiles [36m304[0m 406.651 ms - -[0m
2024-09-05 13:22:28 info: [0mOPTIONS /api/ia/chat [32m204[0m 0.200 ms - 0[0m
2024-09-05 13:22:28 info: [0mPOST /api/ia/chat [33m400[0m 75.274 ms - -[0m
2024-09-05 13:22:32 info: [0mGET /api/users/getUsers [32m200[0m 7203.617 ms - -[0m
2024-09-05 13:22:41 info: [0mGET /api/users/getUsers [36m304[0m 8598.569 ms - -[0m
2024-09-05 13:29:42 info: [0mGET /api/files/getFiles [32m200[0m 68.651 ms - 25[0m
2024-09-05 13:29:50 info: [0mGET /api/users/getUsers [36m304[0m 7880.781 ms - -[0m
2024-09-05 13:29:53 info: [0mOPTIONS /api/login [32m204[0m 0.324 ms - 0[0m
2024-09-05 13:29:53 info: [0mPOST /api/login [32m200[0m 277.907 ms - -[0m
2024-09-05 13:29:53 info: [0mGET /api/files/getFiles [36m304[0m 71.293 ms - -[0m
2024-09-05 13:29:54 info: [0mGET /api/files/getFiles [36m304[0m 69.297 ms - -[0m
2024-09-05 13:30:01 info: [0mGET /api/users/getUsers [36m304[0m 7314.351 ms - -[0m
2024-09-05 13:30:08 info: [0mGET /api/users/getUsers [36m304[0m 7682.171 ms - -[0m
2024-09-05 13:44:44 info: [0mOPTIONS /api/ia/upload_pdf [32m204[0m 0.574 ms - 0[0m
2024-09-05 13:44:46 info: [0mGET /public/Manual%20Harriet%20Lane%20de%20Pediatr%C3%ADa%20-%2022%20Edicion.pdf [32m200[0m 7.693 ms - 85319880[0m
2024-09-05 13:44:58 info: [0mPOST /api/ia/upload_pdf [33m400[0m 14074.390 ms - 155[0m
2024-09-05 13:46:22 info: [0mOPTIONS /api/login [32m204[0m 0.302 ms - 0[0m
2024-09-05 13:46:22 info: [0mPOST /api/login [32m200[0m 274.071 ms - -[0m
2024-09-05 13:46:22 info: [0mGET /api/files/getFiles [36m304[0m 72.394 ms - -[0m
2024-09-05 13:46:22 info: [0mGET /api/files/getFiles [36m304[0m 68.365 ms - -[0m
2024-09-05 13:46:29 info: [0mGET /api/users/getUsers [36m304[0m 7176.014 ms - -[0m
2024-09-05 13:46:33 info: [0mOPTIONS /api/ia/upload_pdf [32m204[0m 0.290 ms - 0[0m
2024-09-05 13:46:35 info: [0mGET /public/Manual%20Harriet%20Lane%20de%20Pediatr%C3%ADa%20-%2022%20Edicion.pdf [32m200[0m 10.109 ms - 85319880[0m
2024-09-05 13:46:47 info: [0mGET /api/users/getUsers [36m304[0m 18206.112 ms - -[0m
2024-09-05 13:46:47 info: [0mPOST /api/ia/upload_pdf [32m200[0m 13940.439 ms - 420[0m
2024-09-05 13:47:00 info: [0mGET /public/Manual%20Harriet%20Lane%20de%20Pediatr%C3%ADa%20-%2022%20Edicion.pdf [32m200[0m 5.143 ms - 85319880[0m
2024-09-05 13:49:00 info: [0mGET /public/Manual%20Harriet%20Lane%20de%20Pediatr%C3%ADa%20-%2022%20Edicion.pdf [32m200[0m 4.043 ms - 85319880[0m
2024-09-05 13:51:00 info: [0mGET /public/Manual%20Harriet%20Lane%20de%20Pediatr%C3%ADa%20-%2022%20Edicion.pdf [32m200[0m 4.537 ms - 85319880[0m
2024-09-05 13:52:47 info: =================================
2024-09-05 13:52:47 info: ======= ENV: development =======
2024-09-05 13:52:47 info: 🚀 App listening on the port 5210
2024-09-05 13:52:47 info: =================================
2024-09-05 13:52:50 info: [0mGET /public/Manual%20Harriet%20Lane%20de%20Pediatr%C3%ADa%20-%2022%20Edicion.pdf [32m200[0m 6.992 ms - 85319880[0m
2024-09-05 13:53:00 info: [0mGET /public/Manual%20Harriet%20Lane%20de%20Pediatr%C3%ADa%20-%2022%20Edicion.pdf [32m200[0m 8.354 ms - 85319880[0m
2024-09-05 13:54:33 info: [0mOPTIONS /api/login [32m204[0m 0.794 ms - 0[0m
2024-09-05 13:54:33 info: [0mPOST /api/login [32m200[0m 450.626 ms - -[0m
2024-09-05 13:54:33 info: [0mGET /api/files/getFiles [32m200[0m 235.442 ms - 877[0m
2024-09-05 13:54:33 info: [0mGET /api/files/getFiles [36m304[0m 151.514 ms - -[0m
2024-09-05 13:54:39 info: [0mGET /api/users/getUsers [32m200[0m 5404.371 ms - -[0m
2024-09-05 13:54:44 info: [0mGET /api/users/getUsers [36m304[0m 5802.133 ms - -[0m
2024-09-05 13:54:53 info: [0mOPTIONS /api/ia/chat [32m204[0m 0.464 ms - 0[0m
2024-09-05 13:54:53 info: [0mPOST /api/ia/chat [33m400[0m 135.017 ms - -[0m
2024-09-05 13:55:00 info: [0mGET /public/Manual%20Harriet%20Lane%20de%20Pediatr%C3%ADa%20-%2022%20Edicion.pdf [32m200[0m 4.180 ms - 85319880[0m
2024-09-05 13:57:00 info: [0mGET /public/Manual%20Harriet%20Lane%20de%20Pediatr%C3%ADa%20-%2022%20Edicion.pdf [32m200[0m 6.845 ms - 85319880[0m
2024-09-05 13:58:56 info: [0mOPTIONS /api/ia/chat [32m204[0m 1.030 ms - 0[0m
2024-09-05 13:58:56 info: [0mPOST /api/ia/chat [33m400[0m 64.422 ms - -[0m
2024-09-05 14:15:28 info: [0mGET /api/files/getFiles [36m304[0m 152.348 ms - -[0m
2024-09-05 14:15:28 info: [0mGET /api/files/getFiles [36m304[0m 136.054 ms - -[0m
2024-09-05 14:15:29 info: [0mGET /api/files/getFiles [36m304[0m 139.088 ms - -[0m
2024-09-05 14:15:37 info: [0mGET /api/users/getUsers [36m304[0m 8556.095 ms - -[0m
2024-09-05 14:15:43 info: [0mGET /api/users/getUsers [36m304[0m 6244.034 ms - -[0m
2024-09-05 14:15:51 info: [0mGET /api/users/getUsers [36m304[0m 8251.646 ms - -[0m
2024-09-05 14:16:30 info: [0mGET /api/files/getFiles [36m304[0m 180.269 ms - -[0m
2024-09-05 14:16:30 info: [0mGET /api/files/getFiles [36m304[0m 146.110 ms - -[0m
2024-09-05 14:16:31 info: [0mGET /api/files/getFiles [36m304[0m 141.813 ms - -[0m
2024-09-05 14:16:40 info: [0mGET /api/users/getUsers [36m304[0m 9485.729 ms - -[0m
2024-09-05 14:16:49 info: [0mGET /api/users/getUsers [36m304[0m 9123.354 ms - -[0m
2024-09-05 14:16:57 info: [0mGET /api/users/getUsers [36m304[0m 8027.880 ms - -[0m
2024-09-05 14:17:04 info: [0mGET /api/files/getFiles [32m200[0m 158.865 ms - 877[0m
2024-09-05 14:17:08 info: [0mGET /api/users/getUsers [0m-[0m - ms - -[0m
2024-09-05 14:17:08 info: [0mGET /api/files/getFiles [36m304[0m 144.743 ms - -[0m
2024-09-05 14:17:17 info: [0mGET /api/users/getUsers [32m200[0m 9158.439 ms - -[0m
2024-09-05 14:18:06 info: [0mGET /api/files/getFiles [36m304[0m 147.140 ms - -[0m
2024-09-05 14:18:06 info: [0mGET /api/files/getFiles [36m304[0m 147.871 ms - -[0m
2024-09-05 14:18:07 info: [0mGET /api/files/getFiles [36m304[0m 146.344 ms - -[0m
2024-09-05 14:18:07 info: [0mGET /api/files/getFiles [36m304[0m 153.501 ms - -[0m
2024-09-05 14:18:07 info: [0mGET /api/files/getFiles [36m304[0m 135.694 ms - -[0m
2024-09-05 14:18:08 info: [0mGET /api/files/getFiles [36m304[0m 145.294 ms - -[0m
2024-09-05 14:18:14 info: [0mGET /api/users/getUsers [36m304[0m 8386.436 ms - -[0m
2024-09-05 14:18:16 info: [0mGET /api/users/getUsers [36m304[0m 8963.816 ms - -[0m
2024-09-05 14:18:23 info: [0mGET /api/users/getUsers [36m304[0m 8756.182 ms - -[0m
2024-09-05 14:18:25 info: [0mGET /api/users/getUsers [36m304[0m 8728.523 ms - -[0m
2024-09-05 14:18:34 info: [0mGET /api/users/getUsers [36m304[0m 10751.642 ms - -[0m
2024-09-05 14:18:36 info: [0mGET /api/users/getUsers [36m304[0m 10564.087 ms - -[0m
2024-09-05 14:20:08 info: [0mGET /api/files/getFiles [36m304[0m 156.739 ms - -[0m
2024-09-05 14:20:08 info: [0mGET /api/files/getFiles [36m304[0m 139.870 ms - -[0m
2024-09-05 14:20:08 info: [0mGET /api/files/getFiles [36m304[0m 141.485 ms - -[0m
2024-09-05 14:20:08 info: [0mGET /api/files/getFiles [36m304[0m 151.547 ms - -[0m
2024-09-05 14:20:08 info: [0mGET /api/files/getFiles [36m304[0m 138.328 ms - -[0m
2024-09-05 14:20:09 info: [0mGET /api/files/getFiles [36m304[0m 139.520 ms - -[0m
2024-09-05 14:20:15 info: [0mGET /api/users/getUsers [36m304[0m 7362.140 ms - -[0m
2024-09-05 14:20:17 info: [0mGET /api/users/getUsers [36m304[0m 9099.674 ms - -[0m
2024-09-05 14:20:25 info: [0mGET /api/users/getUsers [36m304[0m 8021.281 ms - -[0m
2024-09-05 14:20:27 info: [0mGET /api/users/getUsers [36m304[0m 9986.914 ms - -[0m
2024-09-05 14:20:33 info: [0mGET /api/users/getUsers [36m304[0m 8531.601 ms - -[0m
2024-09-05 14:20:35 info: [0mGET /api/users/getUsers [36m304[0m 8149.393 ms - -[0m
2024-09-05 14:38:50 info: [0mGET /favicon.ico [32m200[0m 33.654 ms - 974[0m
2024-09-05 14:38:51 info: [0mGET /public/Manual%20Harriet%20Lane%20de%20Pediatr%C3%ADa%20-%2022%20Edicion.pdf [32m200[0m 6.961 ms - 85319880[0m
2024-09-05 14:38:59 info: [0mGET /api/files/getFiles [36m304[0m 158.868 ms - -[0m
2024-09-05 14:38:59 info: [0mGET /api/files/getFiles [36m304[0m 137.316 ms - -[0m
2024-09-05 14:38:59 info: [0mGET /api/files/getFiles [36m304[0m 143.623 ms - -[0m
2024-09-05 14:38:59 info: [0mGET /api/files/getFiles [36m304[0m 134.472 ms - -[0m
2024-09-05 14:38:59 info: [0mGET /api/files/getFiles [36m304[0m 133.020 ms - -[0m
2024-09-05 14:38:59 info: [0mGET /api/files/getFiles [36m304[0m 137.091 ms - -[0m
2024-09-05 14:39:00 info: [0mGET /api/files/getFiles [36m304[0m 132.596 ms - -[0m
2024-09-05 14:39:00 info: [0mGET /api/files/getFiles [36m304[0m 133.468 ms - -[0m
2024-09-05 14:39:00 info: [0mGET /api/files/getFiles [36m304[0m 134.971 ms - -[0m
2024-09-05 14:39:04 info: [0mGET /api/users/getUsers [0m-[0m - ms - -[0m
2024-09-05 14:39:05 info: [0mGET /api/files/getFiles [36m304[0m 139.093 ms - -[0m
2024-09-05 14:39:16 info: [0mGET /api/users/getUsers [32m200[0m 11026.270 ms - -[0m
2024-09-05 16:29:58 info: [0mGET /api/files/getFiles [36m304[0m 162.752 ms - -[0m
2024-09-05 16:29:58 info: [0mGET /api/files/getFiles [36m304[0m 140.408 ms - -[0m
2024-09-05 16:30:06 info: [0mGET /api/users/getUsers [36m304[0m 8044.726 ms - -[0m
2024-09-05 16:30:08 info: [0mGET /api/users/getUsers [32m200[0m 9668.994 ms - -[0m
2024-09-05 16:31:57 info: [0mGET /api/files/getFiles [36m304[0m 136.472 ms - -[0m
2024-09-05 16:31:57 info: [0mGET /api/files/getFiles [36m304[0m 138.648 ms - -[0m
2024-09-05 16:32:05 info: [0mGET /api/users/getUsers [36m304[0m 7742.289 ms - -[0m
2024-09-05 16:32:06 info: [0mGET /api/users/getUsers [36m304[0m 9125.164 ms - -[0m
2024-09-05 17:24:33 info: [0mGET /api/files/getFiles [36m304[0m 178.155 ms - -[0m
2024-09-05 17:24:34 info: [0mGET /api/files/getFiles [36m304[0m 145.141 ms - -[0m
2024-09-05 17:24:42 info: [0mGET /api/users/getUsers [36m304[0m 8254.023 ms - -[0m
2024-09-05 17:24:43 info: [0mGET /api/users/getUsers [36m304[0m 9718.140 ms - -[0m
2024-09-05 17:32:23 info: [0mGET /api/files/getFiles [36m304[0m 147.408 ms - -[0m
2024-09-05 17:32:25 info: [0mOPTIONS /api/login [32m204[0m 0.382 ms - 0[0m
2024-09-05 17:32:26 info: [0mPOST /api/login [32m200[0m 297.718 ms - -[0m
2024-09-05 17:32:26 info: [0mGET /api/files/getFiles [36m304[0m 153.611 ms - -[0m
2024-09-05 17:32:31 info: [0mGET /api/users/getUsers [36m304[0m 7571.193 ms - -[0m
2024-09-05 17:32:38 info: [0mGET /api/users/getUsers [36m304[0m 6852.666 ms - -[0m
2024-09-05 17:47:26 info: [0mGET /api/files/getFiles [36m304[0m 150.952 ms - -[0m
2024-09-05 17:47:27 info: [0mGET /api/files/getFiles [36m304[0m 154.435 ms - -[0m
2024-09-05 17:47:34 info: [0mGET /api/users/getUsers [36m304[0m 7387.779 ms - -[0m
2024-09-05 17:47:36 info: [0mGET /api/users/getUsers [36m304[0m 8483.402 ms - -[0m
2024-09-05 17:51:45 info: [0mGET /api/files/getFiles [36m304[0m 153.108 ms - -[0m
2024-09-05 17:51:45 info: [0mGET /api/files/getFiles [36m304[0m 142.958 ms - -[0m
2024-09-05 17:51:52 info: [0mGET /api/users/getUsers [36m304[0m 7397.328 ms - -[0m
2024-09-05 17:51:56 info: [0mGET /api/users/getUsers [36m304[0m 10406.115 ms - -[0m
2024-09-05 18:07:53 info: [0mGET /api/files/getFiles [36m304[0m 149.590 ms - -[0m
2024-09-05 18:08:01 info: [0mGET /api/users/getUsers [36m304[0m 7852.879 ms - -[0m
2024-09-05 18:09:15 info: [0mGET /api/files/getFiles [36m304[0m 166.066 ms - -[0m
2024-09-05 18:09:15 info: [0mGET /api/files/getFiles [36m304[0m 172.535 ms - -[0m
2024-09-05 18:09:22 info: [0mGET /api/users/getUsers [36m304[0m 7143.609 ms - -[0m
2024-09-05 18:09:24 info: [0mGET /api/users/getUsers [36m304[0m 9191.624 ms - -[0m
2024-09-05 18:09:29 info: [0mGET /api/files/getFiles [36m304[0m 173.206 ms - -[0m
2024-09-05 18:09:29 info: [0mGET /api/files/getFiles [36m304[0m 150.682 ms - -[0m
2024-09-05 18:09:36 info: [0mGET /api/users/getUsers [36m304[0m 7612.559 ms - -[0m
2024-09-05 18:09:37 info: [0mGET /api/users/getUsers [36m304[0m 8654.635 ms - -[0m
