2024-08-22 11:01:57 info: =================================
2024-08-22 11:01:57 info: ======= ENV: development =======
2024-08-22 11:01:57 info: 🚀 App listening on the port 5210
2024-08-22 11:01:57 info: =================================
2024-08-22 11:03:43 info: [0mOPTIONS /api/login [32m204[0m 0.997 ms - 0[0m
2024-08-22 11:03:43 error: [POST] /api/login >> StatusCode:: 409, Message:: Wrong password
2024-08-22 11:03:43 info: [0mPOST /api/login [33m409[0m 535.037 ms - 28[0m
2024-08-22 11:03:51 info: [0mOPTIONS /api/login [32m204[0m 0.199 ms - 0[0m
2024-08-22 11:03:51 error: [POST] /api/login >> StatusCode:: 409, Message:: Wrong password
2024-08-22 11:03:51 info: [0mPOST /api/login [33m409[0m 341.230 ms - 28[0m
2024-08-22 11:03:57 info: [0mOPTIONS /api/login [32m204[0m 0.137 ms - 0[0m
2024-08-22 11:03:57 error: [POST] /api/login >> StatusCode:: 409, Message:: Wrong password
2024-08-22 11:03:57 info: [0mPOST /api/login [33m409[0m 335.567 ms - 28[0m
2024-08-22 11:04:02 info: [0mOPTIONS /api/login [32m204[0m 0.213 ms - 0[0m
2024-08-22 11:04:03 error: [POST] /api/login >> StatusCode:: 409, Message:: Wrong password
2024-08-22 11:04:03 info: [0mPOST /api/login [33m409[0m 340.985 ms - 28[0m
2024-08-22 11:04:07 info: [0mPOST /api/login [32m200[0m 424.783 ms - -[0m
2024-08-22 11:04:07 info: [0mOPTIONS /api/files/getFilesByCompany [32m204[0m 0.199 ms - 0[0m
2024-08-22 11:04:07 info: [0mGET /api/roles/getRolesById/organization/652934c5aaf7a00a88749e47 [36m304[0m 77.010 ms - -[0m
2024-08-22 11:04:07 info: [0mGET /api/roles/getRolesById/organization/652934c5aaf7a00a88749e47 [36m304[0m 67.433 ms - -[0m
2024-08-22 11:04:07 info: [0mPOST /api/files/getFilesByCompany [32m200[0m 152.712 ms - 710[0m
2024-08-22 11:04:07 info: [0mPOST /api/files/getFilesByCompany [32m200[0m 145.628 ms - 710[0m
2024-08-22 11:04:29 info: [0mOPTIONS /api/ia/chat [32m204[0m 0.249 ms - 0[0m
2024-08-22 11:04:31 info: [0mPOST /api/ia/chat [32m200[0m 2208.534 ms - -[0m
2024-08-22 11:06:04 info: =================================
2024-08-22 11:06:04 info: ======= ENV: development =======
2024-08-22 11:06:04 info: 🚀 App listening on the port 5210
2024-08-22 11:06:04 info: =================================
2024-08-22 11:12:47 info: =================================
2024-08-22 11:12:47 info: ======= ENV: development =======
2024-08-22 11:12:47 info: 🚀 App listening on the port 5210
2024-08-22 11:12:47 info: =================================
2024-08-22 11:13:06 info: [0mOPTIONS /api/ia/chat [32m204[0m 1.062 ms - 0[0m
2024-08-22 11:13:10 info: [0mPOST /api/ia/chat [33m400[0m 4090.269 ms - 221[0m
2024-08-22 11:15:08 info: =================================
2024-08-22 11:15:08 info: ======= ENV: development =======
2024-08-22 11:15:08 info: 🚀 App listening on the port 5210
2024-08-22 11:15:08 info: =================================
2024-08-22 11:15:24 info: [0mOPTIONS /api/login [32m204[0m 0.918 ms - 0[0m
2024-08-22 11:15:24 info: [0mPOST /api/login [32m200[0m 445.379 ms - -[0m
2024-08-22 11:15:24 info: [0mOPTIONS /api/files/getFilesByCompany [32m204[0m 0.276 ms - 0[0m
2024-08-22 11:15:24 info: [0mGET /api/roles/getRolesById/organization/652934c5aaf7a00a88749e47 [36m304[0m 74.738 ms - -[0m
2024-08-22 11:15:24 info: [0mPOST /api/files/getFilesByCompany [32m200[0m 147.450 ms - 710[0m
2024-08-22 11:15:24 info: [0mGET /api/roles/getRolesById/organization/652934c5aaf7a00a88749e47 [36m304[0m 68.335 ms - -[0m
2024-08-22 11:15:24 info: [0mPOST /api/files/getFilesByCompany [32m200[0m 136.059 ms - 710[0m
2024-08-22 11:15:33 info: [0mOPTIONS /api/ia/chat [32m204[0m 0.164 ms - 0[0m
2024-08-22 11:15:36 info: [0mPOST /api/ia/chat [33m400[0m 3289.378 ms - 221[0m
2024-08-22 11:18:19 info: =================================
2024-08-22 11:18:19 info: ======= ENV: development =======
2024-08-22 11:18:19 info: 🚀 App listening on the port 5210
2024-08-22 11:18:19 info: =================================
2024-08-22 11:18:26 info: [0mOPTIONS /api/ia/chat [32m204[0m 1.074 ms - 0[0m
2024-08-22 11:18:30 info: [0mPOST /api/ia/chat [32m200[0m 3553.437 ms - -[0m
2024-08-22 11:26:06 info: =================================
2024-08-22 11:26:06 info: ======= ENV: development =======
2024-08-22 11:26:06 info: 🚀 App listening on the port 5210
2024-08-22 11:26:06 info: =================================
2024-08-22 11:26:22 info: [0mOPTIONS /api/ia/chat [32m204[0m 0.896 ms - 0[0m
2024-08-22 11:26:25 info: [0mPOST /api/ia/chat [32m200[0m 3061.053 ms - -[0m
2024-08-22 11:26:25 info: [0mGET /mp3/1724340383680.mp3 [32m206[0m 35.536 ms - 974[0m
2024-08-22 11:27:10 info: =================================
2024-08-22 11:27:10 info: ======= ENV: development =======
2024-08-22 11:27:10 info: 🚀 App listening on the port 5210
2024-08-22 11:27:10 info: =================================
2024-08-22 11:27:15 info: [0mOPTIONS /api/login [32m204[0m 0.991 ms - 0[0m
2024-08-22 11:27:15 info: [0mPOST /api/login [32m200[0m 443.781 ms - -[0m
2024-08-22 11:27:15 info: [0mOPTIONS /api/files/getFilesByCompany [32m204[0m 0.259 ms - 0[0m
2024-08-22 11:27:15 info: [0mGET /api/roles/getRolesById/organization/652934c5aaf7a00a88749e47 [36m304[0m 74.888 ms - -[0m
2024-08-22 11:27:15 info: [0mPOST /api/files/getFilesByCompany [32m200[0m 143.530 ms - 710[0m
2024-08-22 11:27:15 info: [0mGET /api/roles/getRolesById/organization/652934c5aaf7a00a88749e47 [36m304[0m 69.476 ms - -[0m
2024-08-22 11:27:16 info: [0mPOST /api/files/getFilesByCompany [32m200[0m 135.823 ms - 710[0m
2024-08-22 11:27:22 info: [0mOPTIONS /api/ia/chat [32m204[0m 0.112 ms - 0[0m
2024-08-22 11:27:25 info: [0mPOST /api/ia/chat [32m200[0m 3218.843 ms - -[0m
2024-08-22 11:27:25 info: [0mGET /mp3/1724340443880.mp3 [32m206[0m 3.643 ms - 176160[0m
