2024-08-12 06:55:07 info: [0mGET /api/users/getUsers [36m304[0m 152.657 ms - -[0m
2024-08-12 06:57:20 info: =================================
2024-08-12 06:57:20 info: ======= ENV: development =======
2024-08-12 06:57:20 info: 🚀 App listening on the port 5210
2024-08-12 06:57:20 info: =================================
2024-08-12 08:12:08 info: =================================
2024-08-12 08:12:08 info: ======= ENV: development =======
2024-08-12 08:12:08 info: 🚀 App listening on the port 5210
2024-08-12 08:12:08 info: =================================
2024-08-12 08:12:12 info: [0mGET /api/files/getFileByFileID/1723406552933 [32m200[0m 26.743 ms - 974[0m
2024-08-12 08:13:03 info: =================================
2024-08-12 08:13:03 info: ======= ENV: development =======
2024-08-12 08:13:03 info: 🚀 App listening on the port 5210
2024-08-12 08:13:03 info: =================================
2024-08-12 08:13:06 info: [0mGET /api/files/getFileByFileID/1723406552933 [36m304[0m 27.679 ms - -[0m
2024-08-12 08:13:39 info: =================================
2024-08-12 08:13:39 info: ======= ENV: development =======
2024-08-12 08:13:39 info: 🚀 App listening on the port 5210
2024-08-12 08:13:39 info: =================================
2024-08-12 08:13:41 info: [0mGET /api/files/getFileByFileID/1723406552933 [32m200[0m 1269.900 ms - 351[0m
2024-08-12 08:30:42 info: [0mGET /api/files/getFileByFileID/1723406552933 [36m304[0m 78.395 ms - -[0m
2024-08-12 08:30:42 info: [0mGET /api/files/getFileByFileID/1723406552933 [36m304[0m 73.671 ms - -[0m
2024-08-12 08:30:53 info: [0mGET /api/files/getFileByFileID/1723406552933 [36m304[0m 70.596 ms - -[0m
2024-08-12 08:31:05 info: [0mOPTIONS /api/ia/chat [32m204[0m 0.585 ms - 0[0m
2024-08-12 08:31:36 info: [0mPOST /api/ia/chat [32m200[0m 31139.708 ms - -[0m
2024-08-12 08:31:37 info: [0mGET /wav/edmundo1723465868774.wav [32m206[0m 27.163 ms - 276620[0m
2024-08-12 08:33:45 info: [0mGET /wav/edmundo1723465868774.wav [32m206[0m 5.683 ms - 276620[0m
2024-08-12 08:34:55 info: [0mGET /wav/edmundo1723465868774.wav [36m304[0m 4.926 ms - -[0m
2024-08-12 08:35:17 info: [0mOPTIONS /api/ia/chat [32m204[0m 0.466 ms - 0[0m
2024-08-12 08:35:46 info: [0mPOST /api/ia/chat [32m200[0m 28788.584 ms - -[0m
2024-08-12 08:35:46 info: [0mGET /wav/edmundo1723466119354.wav [32m206[0m 22.103 ms - 664268[0m
2024-08-12 08:37:13 info: [0mGET /api/files/getFileByFileID/1723406552933 [36m304[0m 74.763 ms - -[0m
2024-08-12 09:40:27 info: =================================
2024-08-12 09:40:27 info: ======= ENV: development =======
2024-08-12 09:40:27 info: 🚀 App listening on the port 5210
2024-08-12 09:40:27 info: =================================
2024-08-12 09:40:40 info: [0mGET /api/files/getFileByFileID/1723406552933 [32m200[0m 99.932 ms - 28[0m
2024-08-12 09:44:14 info: =================================
2024-08-12 09:44:14 info: ======= ENV: development =======
2024-08-12 09:44:14 info: 🚀 App listening on the port 5210
2024-08-12 09:44:14 info: =================================
2024-08-12 09:46:06 info: =================================
2024-08-12 09:46:06 info: ======= ENV: development =======
2024-08-12 09:46:06 info: 🚀 App listening on the port 5210
2024-08-12 09:46:06 info: =================================
2024-08-12 09:46:39 info: [0mGET /api/files/getFileByFileID/1723406552933 [36m304[0m 104.026 ms - -[0m
2024-08-12 09:47:22 info: =================================
2024-08-12 09:47:22 info: ======= ENV: development =======
2024-08-12 09:47:22 info: 🚀 App listening on the port 5210
2024-08-12 09:47:22 info: =================================
2024-08-12 09:47:24 info: [0mGET /api/files/getFileByFileID/1723406552933 [36m304[0m 1085.887 ms - -[0m
2024-08-12 09:48:06 info: =================================
2024-08-12 09:48:06 info: ======= ENV: development =======
2024-08-12 09:48:06 info: 🚀 App listening on the port 5210
2024-08-12 09:48:06 info: =================================
2024-08-12 09:48:07 info: [0mGET /api/files/getFileByFileID/1723406552933 [32m200[0m 1591.282 ms - 612[0m
2024-08-12 09:48:58 info: [0mOPTIONS /api/ia/chat [32m204[0m 0.736 ms - 0[0m
2024-08-12 09:49:42 info: [0mPOST /api/ia/chat [32m200[0m 44349.228 ms - -[0m
2024-08-12 09:49:42 info: [0mGET /wav/ricardo1723470540659.wav [32m206[0m 21.869 ms - 968876[0m
2024-08-12 09:50:41 info: [0mOPTIONS /api/ia/chat [32m204[0m 0.298 ms - 0[0m
2024-08-12 09:50:44 info: [0mPOST /api/ia/chat [32m200[0m 2674.608 ms - -[0m
2024-08-12 10:01:08 info: [0mGET /api/files/getFileByFileID/1723406552933 [36m304[0m 155.906 ms - -[0m
