2024-08-08 07:56:09 info: =================================
2024-08-08 07:56:09 info: ======= ENV: development =======
2024-08-08 07:56:09 info: 🚀 App listening on the port 5210
2024-08-08 07:56:09 info: =================================
2024-08-08 08:00:06 info: [0mOPTIONS /api/login [32m204[0m 0.936 ms - 0[0m
2024-08-08 08:00:06 info: [0mPOST /api/login [32m200[0m 527.144 ms - -[0m
2024-08-08 08:00:06 info: [0mGET /api/users/getUsers [36m304[0m 157.143 ms - -[0m
2024-08-08 08:00:06 info: [0mGET /api/users/getUsers [36m304[0m 144.478 ms - -[0m
2024-08-08 08:00:07 info: [0mGET /api/files/getFiles [36m304[0m 423.322 ms - -[0m
2024-08-08 08:00:07 info: [0mGET /api/files/getFiles [36m304[0m 413.998 ms - -[0m
2024-08-08 08:28:50 info: [0mGET /public/NDA-NCA_AGS-Gonzalo-Orellana.pdf [32m200[0m 22.662 ms - 668392[0m
2024-08-08 08:28:50 info: [0mGET /favicon.ico [32m200[0m 16.832 ms - 957[0m
2024-08-08 08:28:54 info: [0mGET /api/users/getUsers [36m304[0m 144.194 ms - -[0m
2024-08-08 08:28:54 info: [0mGET /api/files/getFiles [36m304[0m 410.603 ms - -[0m
2024-08-08 08:42:56 info: [0mGET /api/users/getUsers [36m304[0m 138.541 ms - -[0m
2024-08-08 08:42:56 info: [0mGET /api/files/getFiles [36m304[0m 405.483 ms - -[0m
2024-08-08 08:45:58 info: [0mGET /api/users/getUsers [36m304[0m 147.376 ms - -[0m
2024-08-08 08:45:58 info: [0mGET /api/files/getFiles [36m304[0m 440.678 ms - -[0m
2024-08-08 08:46:08 info: [0mGET /api/users/getUsers [36m304[0m 144.113 ms - -[0m
2024-08-08 08:46:08 info: [0mGET /api/files/getFiles [36m304[0m 415.027 ms - -[0m
2024-08-08 09:07:58 info: [0mGET /api/users/getUsers [36m304[0m 166.238 ms - -[0m
2024-08-08 09:07:58 info: [0mGET /api/users/getUsers [36m304[0m 143.754 ms - -[0m
2024-08-08 09:07:58 info: [0mGET /api/files/getFiles [36m304[0m 435.039 ms - -[0m
2024-08-08 09:07:58 info: [0mGET /api/users/getUsers [36m304[0m 142.140 ms - -[0m
2024-08-08 09:07:58 info: [0mGET /api/files/getFiles [36m304[0m 421.622 ms - -[0m
2024-08-08 09:07:59 info: [0mGET /api/files/getFiles [36m304[0m 296.677 ms - -[0m
2024-08-08 09:09:06 info: [0mGET /api/users/getUsers [36m304[0m 145.040 ms - -[0m
2024-08-08 09:09:06 info: [0mGET /api/users/getUsers [36m304[0m 138.269 ms - -[0m
2024-08-08 09:09:06 info: [0mGET /api/files/getFiles [36m304[0m 437.956 ms - -[0m
2024-08-08 09:09:06 info: [0mGET /api/users/getUsers [36m304[0m 153.826 ms - -[0m
2024-08-08 09:09:06 info: [0mGET /api/files/getFiles [36m304[0m 408.412 ms - -[0m
2024-08-08 09:09:07 info: [0mGET /api/files/getFiles [36m304[0m 289.798 ms - -[0m
2024-08-08 09:23:08 info: [0mGET /api/users/getUsers [36m304[0m 144.090 ms - -[0m
2024-08-08 09:23:08 info: [0mGET /api/files/getFiles [36m304[0m 427.115 ms - -[0m
2024-08-08 09:26:13 info: [0mGET /api/users/getUsers [36m304[0m 146.565 ms - -[0m
2024-08-08 09:26:13 info: [0mGET /api/files/getFiles [36m304[0m 410.318 ms - -[0m
2024-08-08 09:30:09 info: [0mGET /api/users/getUsers [36m304[0m 140.326 ms - -[0m
2024-08-08 09:30:10 info: [0mGET /api/files/getFiles [36m304[0m 410.192 ms - -[0m
2024-08-08 09:30:12 info: [0mGET /api/users/getUsers [36m304[0m 163.944 ms - -[0m
2024-08-08 09:30:12 info: [0mGET /api/files/getFiles [36m304[0m 442.897 ms - -[0m
2024-08-08 09:31:18 info: [0mGET /api/users/getUsers [36m304[0m 148.627 ms - -[0m
2024-08-08 09:31:18 info: [0mGET /api/files/getFiles [36m304[0m 414.183 ms - -[0m
2024-08-08 09:47:50 info: [0mGET /api/users/getUsers [36m304[0m 149.195 ms - -[0m
2024-08-08 09:47:50 info: [0mGET /api/files/getFiles [36m304[0m 449.226 ms - -[0m
2024-08-08 09:52:49 info: [0mOPTIONS /api/login [32m204[0m 0.233 ms - 0[0m
2024-08-08 09:52:49 error: [POST] /api/login >> StatusCode:: 500, Message:: Cannot read properties of null (reading '_id')
2024-08-08 09:52:49 info: [0mPOST /api/login [31m500[0m 73.495 ms - 60[0m
2024-08-08 09:52:51 error: [POST] /api/login >> StatusCode:: 500, Message:: Cannot read properties of null (reading '_id')
2024-08-08 09:52:51 info: [0mPOST /api/login [31m500[0m 74.830 ms - 60[0m
2024-08-08 09:52:54 error: [POST] /api/login >> StatusCode:: 500, Message:: Cannot read properties of null (reading '_id')
2024-08-08 09:52:54 info: [0mPOST /api/login [31m500[0m 72.784 ms - 60[0m
2024-08-08 09:53:08 info: [0mOPTIONS /api/login [32m204[0m 0.127 ms - 0[0m
2024-08-08 09:53:08 error: [POST] /api/login >> StatusCode:: 500, Message:: Cannot read properties of null (reading '_id')
2024-08-08 09:53:08 info: [0mPOST /api/login [31m500[0m 72.534 ms - 60[0m
2024-08-08 09:53:12 error: [POST] /api/login >> StatusCode:: 500, Message:: Cannot read properties of null (reading '_id')
2024-08-08 09:53:12 info: [0mPOST /api/login [31m500[0m 74.544 ms - 60[0m
2024-08-08 09:53:30 info: [0mOPTIONS /api/login [32m204[0m 0.172 ms - 0[0m
2024-08-08 09:53:30 error: [POST] /api/login >> StatusCode:: 500, Message:: Cannot read properties of null (reading '_id')
2024-08-08 09:53:30 info: [0mPOST /api/login [31m500[0m 73.283 ms - 60[0m
2024-08-08 09:53:45 info: [0mOPTIONS /api/login [32m204[0m 0.158 ms - 0[0m
2024-08-08 09:53:45 error: [POST] /api/login >> StatusCode:: 500, Message:: Cannot read properties of null (reading '_id')
2024-08-08 09:53:45 info: [0mPOST /api/login [31m500[0m 69.318 ms - 60[0m
2024-08-08 09:54:44 info: [0mOPTIONS /api/login [32m204[0m 0.151 ms - 0[0m
2024-08-08 09:54:44 error: [POST] /api/login >> StatusCode:: 500, Message:: Cannot read properties of null (reading '_id')
2024-08-08 09:54:44 info: [0mPOST /api/login [31m500[0m 76.899 ms - 60[0m
2024-08-08 09:56:13 info: =================================
2024-08-08 09:56:13 info: ======= ENV: development =======
2024-08-08 09:56:13 info: 🚀 App listening on the port 5210
2024-08-08 09:56:13 info: =================================
2024-08-08 09:56:24 info: [0mOPTIONS /api/login [32m204[0m 0.997 ms - 0[0m
2024-08-08 09:56:24 error: [POST] /api/login >> StatusCode:: 500, Message:: Cannot read properties of null (reading '_id')
2024-08-08 09:56:24 info: [0mPOST /api/login [31m500[0m 238.304 ms - 60[0m
2024-08-08 09:59:06 info: =================================
2024-08-08 09:59:06 info: ======= ENV: development =======
2024-08-08 09:59:06 info: 🚀 App listening on the port 5210
2024-08-08 09:59:06 info: =================================
2024-08-08 09:59:08 info: [0mOPTIONS /api/login [32m204[0m 3.479 ms - 0[0m
2024-08-08 09:59:08 info: [0mPOST /api/login [32m200[0m 463.549 ms - -[0m
2024-08-08 09:59:09 info: [0mGET /api/users/getUsers [36m304[0m 134.640 ms - -[0m
2024-08-08 09:59:09 info: [0mGET /api/users/getUsers [36m304[0m 151.111 ms - -[0m
2024-08-08 09:59:09 info: [0mGET /api/files/getFiles [36m304[0m 433.377 ms - -[0m
2024-08-08 09:59:09 info: [0mGET /api/files/getFiles [36m304[0m 415.855 ms - -[0m
2024-08-08 09:59:40 info: [0mOPTIONS /api/ia/chat [32m204[0m 0.238 ms - 0[0m
2024-08-08 10:00:01 info: [0mPOST /api/ia/chat [33m400[0m 21091.167 ms - -[0m
2024-08-08 10:00:01 info: [0mOPTIONS /api/files/updateFileById [32m204[0m 0.126 ms - 0[0m
2024-08-08 10:00:02 info: [0mGET /public/NDA-NCA_AGS-Gonzalo-Orellana.pdf [32m200[0m 20.683 ms - 668392[0m
2024-08-08 10:00:23 info: [0mPOST /api/files/updateFileById [33m400[0m 21767.196 ms - -[0m
2024-08-08 10:00:29 info: =================================
2024-08-08 10:00:29 info: ======= ENV: development =======
2024-08-08 10:00:29 info: 🚀 App listening on the port 5210
2024-08-08 10:00:29 info: =================================
2024-08-08 10:00:37 info: [0mOPTIONS /api/ia/chat [32m204[0m 1.026 ms - 0[0m
2024-08-08 10:00:37 info: [0mPOST /api/ia/chat [33m400[0m 53.874 ms - -[0m
2024-08-08 10:00:37 info: [0mOPTIONS /api/files/updateFileById [32m204[0m 0.143 ms - 0[0m
2024-08-08 10:00:38 info: [0mGET /public/NDA-NCA_AGS-Gonzalo-Orellana.pdf [32m200[0m 4.231 ms - 668392[0m
2024-08-08 10:00:38 info: [0mPOST /api/files/updateFileById [33m400[0m 696.035 ms - -[0m
2024-08-08 10:00:44 info: [0mOPTIONS /api/ia/chat [32m204[0m 0.227 ms - 0[0m
2024-08-08 10:00:44 info: [0mPOST /api/ia/chat [33m400[0m 5.780 ms - -[0m
2024-08-08 10:00:44 info: [0mOPTIONS /api/files/updateFileById [32m204[0m 0.170 ms - 0[0m
2024-08-08 10:00:45 info: [0mGET /public/NDA-NCA_AGS-Gonzalo-Orellana.pdf [32m200[0m 2.203 ms - 668392[0m
2024-08-08 10:00:45 info: [0mPOST /api/files/updateFileById [33m400[0m 681.572 ms - -[0m
2024-08-08 10:00:58 info: [0mOPTIONS /api/login [32m204[0m 0.288 ms - 0[0m
2024-08-08 10:00:59 info: [0mPOST /api/login [32m200[0m 426.351 ms - -[0m
2024-08-08 10:00:59 info: [0mGET /api/users/getUsers [36m304[0m 141.211 ms - -[0m
2024-08-08 10:00:59 info: [0mGET /api/users/getUsers [36m304[0m 161.712 ms - -[0m
2024-08-08 10:01:00 info: [0mGET /api/files/getFiles [32m200[0m 939.537 ms - -[0m
2024-08-08 10:01:00 info: [0mGET /api/files/getFiles [36m304[0m 413.408 ms - -[0m
2024-08-08 10:01:04 info: [0mOPTIONS /api/ia/chat [32m204[0m 0.356 ms - 0[0m
2024-08-08 10:01:04 info: [0mPOST /api/ia/chat [33m400[0m 7.491 ms - -[0m
2024-08-08 10:01:04 info: [0mOPTIONS /api/files/updateFileById [32m204[0m 0.173 ms - 0[0m
2024-08-08 10:01:05 info: [0mGET /public/NDA-NCA_AGS-Gonzalo-Orellana.pdf [32m200[0m 4.363 ms - 668392[0m
2024-08-08 10:01:05 info: [0mPOST /api/files/updateFileById [33m400[0m 1187.213 ms - -[0m
2024-08-08 10:01:35 info: =================================
2024-08-08 10:01:35 info: ======= ENV: development =======
2024-08-08 10:01:35 info: 🚀 App listening on the port 5210
2024-08-08 10:01:35 info: =================================
2024-08-08 10:01:55 info: [0mOPTIONS /api/login [32m204[0m 1.319 ms - 0[0m
2024-08-08 10:01:55 info: [0mPOST /api/login [32m200[0m 458.899 ms - -[0m
2024-08-08 10:01:55 info: [0mGET /api/users/getUsers [32m200[0m 149.361 ms - 927[0m
2024-08-08 10:01:55 info: [0mGET /api/users/getUsers [36m304[0m 140.997 ms - -[0m
2024-08-08 10:01:56 info: [0mGET /api/files/getFiles [32m200[0m 950.328 ms - -[0m
2024-08-08 10:01:56 info: [0mGET /api/files/getFiles [36m304[0m 415.100 ms - -[0m
2024-08-08 10:02:02 info: [0mOPTIONS /api/ia/chat [32m204[0m 0.129 ms - 0[0m
2024-08-08 10:02:02 info: [0mPOST /api/ia/chat [33m400[0m 34.346 ms - -[0m
2024-08-08 10:02:02 info: [0mOPTIONS /api/files/updateFileById [32m204[0m 0.195 ms - 0[0m
2024-08-08 10:02:03 info: [0mGET /public/NDA-NCA_AGS-Gonzalo-Orellana.pdf [32m200[0m 5.052 ms - 668392[0m
2024-08-08 10:02:03 info: [0mPOST /api/files/updateFileById [33m400[0m 1159.202 ms - -[0m
2024-08-08 10:04:56 info: =================================
2024-08-08 10:04:56 info: ======= ENV: development =======
2024-08-08 10:04:56 info: 🚀 App listening on the port 5210
2024-08-08 10:04:56 info: =================================
2024-08-08 10:05:04 info: [0mOPTIONS /api/ia/chat [32m204[0m 1.240 ms - 0[0m
2024-08-08 10:05:10 info: [0mPOST /api/ia/chat [32m200[0m 5600.531 ms - -[0m
2024-08-08 10:05:10 info: [0mOPTIONS /api/files/updateFileById [32m204[0m 0.193 ms - 0[0m
2024-08-08 10:05:11 info: [0mGET /public/NDA-NCA_AGS-Gonzalo-Orellana.pdf [32m200[0m 5.090 ms - 668392[0m
2024-08-08 10:05:11 info: [0mPOST /api/files/updateFileById [32m200[0m 1517.541 ms - -[0m
2024-08-08 10:05:12 info: [0mGET /api/files/getFiles [32m200[0m 435.244 ms - -[0m
2024-08-08 10:15:08 info: [0mOPTIONS /api/login [32m204[0m 0.237 ms - 0[0m
2024-08-08 10:15:08 info: [0mPOST /api/login [32m200[0m 444.543 ms - -[0m
2024-08-08 10:15:09 info: [0mGET /api/users/getUsers [36m304[0m 154.403 ms - -[0m
2024-08-08 10:15:09 info: [0mGET /api/users/getUsers [36m304[0m 153.465 ms - -[0m
2024-08-08 10:15:09 info: [0mGET /api/files/getFiles [36m304[0m 427.053 ms - -[0m
2024-08-08 10:15:09 info: [0mGET /api/files/getFiles [36m304[0m 433.739 ms - -[0m
2024-08-08 10:15:36 info: [0mOPTIONS /api/ia/chat [32m204[0m 0.685 ms - 0[0m
2024-08-08 10:15:38 info: [0mPOST /api/ia/chat [32m200[0m 2251.998 ms - -[0m
2024-08-08 10:15:38 info: [0mOPTIONS /api/files/updateFileById [32m204[0m 0.497 ms - 0[0m
2024-08-08 10:15:39 info: [0mGET /public/NDA-NCA_AGS-Gonzalo-Orellana.pdf [32m200[0m 4.434 ms - 668392[0m
2024-08-08 10:15:39 info: [0mPOST /api/files/updateFileById [32m200[0m 1407.020 ms - -[0m
2024-08-08 10:15:40 info: [0mGET /api/files/getFiles [32m200[0m 433.055 ms - -[0m
2024-08-08 10:18:41 info: [0mOPTIONS /api/login [32m204[0m 0.559 ms - 0[0m
2024-08-08 10:18:41 info: [0mPOST /api/login [32m200[0m 422.634 ms - -[0m
2024-08-08 10:18:41 info: [0mGET /api/files/getFiles [36m304[0m 490.993 ms - -[0m
2024-08-08 10:18:42 info: [0mGET /api/users/getUsers [36m304[0m 496.929 ms - -[0m
2024-08-08 10:18:42 info: [0mGET /api/users/getUsers [36m304[0m 149.132 ms - -[0m
2024-08-08 10:18:42 info: [0mGET /api/files/getFiles [36m304[0m 454.661 ms - -[0m
2024-08-08 10:19:55 info: [0mOPTIONS /api/ia/chat [32m204[0m 0.621 ms - 0[0m
2024-08-08 10:20:00 info: [0mPOST /api/ia/chat [32m200[0m 4315.038 ms - -[0m
2024-08-08 10:20:00 info: [0mOPTIONS /api/files/updateFileById [32m204[0m 0.323 ms - 0[0m
2024-08-08 10:20:01 info: [0mGET /public/NDA-NCA_AGS-Gonzalo-Orellana.pdf [32m200[0m 4.330 ms - 668392[0m
2024-08-08 10:20:01 info: [0mPOST /api/files/updateFileById [32m200[0m 1627.602 ms - -[0m
2024-08-08 10:20:02 info: [0mGET /api/files/getFiles [32m200[0m 439.512 ms - -[0m
2024-08-08 10:33:31 info: [0mGET /api/users/getUsers [36m304[0m 154.298 ms - -[0m
2024-08-08 10:33:31 info: [0mGET /api/files/getFiles [36m304[0m 418.684 ms - -[0m
2024-08-08 10:39:11 info: [0mOPTIONS /api/login [32m204[0m 0.312 ms - 0[0m
2024-08-08 10:39:12 info: [0mPOST /api/login [32m200[0m 430.106 ms - -[0m
2024-08-08 10:39:12 info: [0mGET /api/users/getUsers [36m304[0m 138.581 ms - -[0m
2024-08-08 10:39:12 info: [0mGET /api/users/getUsers [36m304[0m 155.691 ms - -[0m
2024-08-08 10:39:12 info: [0mGET /api/files/getFiles [36m304[0m 454.437 ms - -[0m
2024-08-08 10:39:13 info: [0mGET /api/files/getFiles [36m304[0m 423.786 ms - -[0m
2024-08-08 11:01:08 info: [0mOPTIONS /api/login [32m204[0m 0.238 ms - 0[0m
2024-08-08 11:01:08 info: [0mPOST /api/login [32m200[0m 427.900 ms - -[0m
2024-08-08 11:01:08 info: [0mGET /api/users/getUsers [36m304[0m 151.909 ms - -[0m
2024-08-08 11:01:09 info: [0mGET /api/users/getUsers [36m304[0m 156.976 ms - -[0m
2024-08-08 11:01:09 info: [0mGET /api/files/getFiles [36m304[0m 424.725 ms - -[0m
2024-08-08 11:01:09 info: [0mGET /api/files/getFiles [36m304[0m 415.561 ms - -[0m
2024-08-08 14:20:33 info: [0mOPTIONS /api/login [32m204[0m 7.901 ms - 0[0m
2024-08-08 14:20:33 info: [0mPOST /api/login [32m200[0m 471.092 ms - -[0m
2024-08-08 14:20:33 info: [0mGET /api/users/getUsers [36m304[0m 140.101 ms - -[0m
2024-08-08 14:20:34 info: [0mGET /api/users/getUsers [36m304[0m 138.350 ms - -[0m
2024-08-08 14:20:34 info: [0mGET /api/files/getFiles [36m304[0m 416.290 ms - -[0m
2024-08-08 14:20:34 info: [0mGET /api/files/getFiles [36m304[0m 413.782 ms - -[0m
2024-08-08 14:37:44 info: =================================
2024-08-08 14:37:44 info: ======= ENV: development =======
2024-08-08 14:37:44 info: 🚀 App listening on the port 5210
2024-08-08 14:37:44 info: =================================
2024-08-08 14:38:31 info: [0mGET /api/users/getUsers [36m304[0m 210.911 ms - -[0m
2024-08-08 14:38:31 info: [0mGET /api/files/getFiles [36m304[0m 462.369 ms - -[0m
2024-08-08 14:38:32 info: [0mGET /api/users/getUsers [36m304[0m 152.795 ms - -[0m
2024-08-08 14:38:32 info: [0mGET /api/files/getFiles [36m304[0m 1077.830 ms - -[0m
2024-08-08 14:43:30 info: [0mGET /api/users/getUsers [36m304[0m 147.864 ms - -[0m
2024-08-08 14:43:30 info: [0mGET /api/files/getFiles [36m304[0m 417.354 ms - -[0m
2024-08-08 14:48:54 info: [0mGET /api/users/getUsers [36m304[0m 156.444 ms - -[0m
2024-08-08 14:48:54 info: [0mGET /api/files/getFiles [36m304[0m 417.017 ms - -[0m
2024-08-08 14:51:02 info: [0mGET /api/users/getUsers [36m304[0m 159.389 ms - -[0m
2024-08-08 14:51:03 info: [0mGET /api/files/getFiles [36m304[0m 803.156 ms - -[0m
2024-08-08 14:54:58 info: [0mGET /api/users/getUsers [36m304[0m 151.426 ms - -[0m
2024-08-08 14:54:58 info: [0mGET /api/files/getFiles [36m304[0m 442.106 ms - -[0m
2024-08-08 14:56:10 info: [0mOPTIONS /api/login [32m204[0m 0.322 ms - 0[0m
2024-08-08 14:56:11 info: [0mPOST /api/login [32m200[0m 597.836 ms - -[0m
2024-08-08 14:56:11 info: [0mGET /api/users/getUsers [36m304[0m 139.741 ms - -[0m
2024-08-08 14:56:11 info: [0mGET /api/users/getUsers [36m304[0m 150.132 ms - -[0m
2024-08-08 14:56:12 info: [0mGET /api/files/getFiles [32m200[0m 1024.474 ms - -[0m
2024-08-08 14:56:13 info: [0mGET /api/files/getFiles [36m304[0m 671.584 ms - -[0m
2024-08-08 14:56:30 info: [0mOPTIONS /api/ia/chat [32m204[0m 0.132 ms - 0[0m
2024-08-08 14:56:32 info: [0mPOST /api/ia/chat [32m200[0m 1678.129 ms - -[0m
2024-08-08 14:56:32 info: [0mOPTIONS /api/files/updateFileById [32m204[0m 0.267 ms - 0[0m
2024-08-08 14:56:33 info: [0mGET /public/NDA-NCA_AGS-Gonzalo-Orellana.pdf [32m200[0m 25.035 ms - 668392[0m
2024-08-08 14:56:34 info: [0mPOST /api/files/updateFileById [32m200[0m 1949.291 ms - -[0m
2024-08-08 14:56:35 info: [0mGET /api/files/getFiles [32m200[0m 798.758 ms - -[0m
2024-08-08 14:59:01 info: [0mGET /api/users/getUsers [36m304[0m 140.448 ms - -[0m
2024-08-08 14:59:01 info: [0mGET /api/files/getFiles [36m304[0m 408.620 ms - -[0m
2024-08-08 15:00:04 info: [0mOPTIONS /api/ia/chat [32m204[0m 0.258 ms - 0[0m
2024-08-08 15:00:07 info: [0mPOST /api/ia/chat [32m200[0m 3025.691 ms - -[0m
2024-08-08 15:00:07 info: [0mOPTIONS /api/files/updateFileById [32m204[0m 0.144 ms - 0[0m
2024-08-08 15:00:07 info: [0mGET /public/NDA-NCA_AGS-Gonzalo-Orellana.pdf [32m200[0m 3.551 ms - 668392[0m
2024-08-08 15:00:08 info: [0mPOST /api/files/updateFileById [32m200[0m 1721.640 ms - -[0m
2024-08-08 15:00:09 info: [0mGET /api/files/getFiles [32m200[0m 413.131 ms - -[0m
2024-08-08 15:02:08 info: [0mOPTIONS /api/ia/chat [32m204[0m 0.206 ms - 0[0m
2024-08-08 15:02:10 info: [0mPOST /api/ia/chat [32m200[0m 1271.033 ms - -[0m
2024-08-08 15:02:10 info: [0mOPTIONS /api/files/updateFileById [32m204[0m 0.222 ms - 0[0m
2024-08-08 15:02:10 info: [0mGET /public/NDA-NCA_AGS-Gonzalo-Orellana.pdf [32m200[0m 2.537 ms - 668392[0m
2024-08-08 15:02:11 info: [0mPOST /api/files/updateFileById [32m200[0m 1592.760 ms - -[0m
2024-08-08 15:02:12 info: [0mGET /api/files/getFiles [32m200[0m 414.543 ms - -[0m
2024-08-08 15:05:02 info: [0mOPTIONS /api/ia/upload_pdf [32m204[0m 0.128 ms - 0[0m
2024-08-08 15:05:02 info: [0mGET /public/Manual-de-Sen%CC%83alizacion-de-Transito.pdf [32m200[0m 4.575 ms - 19154460[0m
2024-08-08 15:05:07 info: [0mPOST /api/ia/upload_pdf [32m200[0m 5442.963 ms - 400[0m
2024-08-08 15:05:08 info: [0mGET /api/files/getFiles [32m200[0m 422.284 ms - -[0m
2024-08-08 15:05:27 info: [0mOPTIONS /api/ia/chat [32m204[0m 0.361 ms - 0[0m
2024-08-08 15:05:27 info: [0mPOST /api/ia/chat [33m400[0m 105.096 ms - -[0m
2024-08-08 15:05:27 info: [0mOPTIONS /api/files/updateFileById [32m204[0m 0.338 ms - 0[0m
2024-08-08 15:05:27 info: [0mGET /public/Manual-de-Sen%CC%83alizacion-de-Transito.pdf [32m200[0m 3.939 ms - 19154460[0m
2024-08-08 15:05:27 info: [0mPOST /api/files/updateFileById [32m200[0m 281.209 ms - 658[0m
2024-08-08 15:05:28 info: [0mGET /api/files/getFiles [32m200[0m 996.928 ms - -[0m
2024-08-08 15:06:00 info: [0mGET /public/Manual-de-Sen%CC%83alizacion-de-Transito.pdf [32m200[0m 5.528 ms - 19154460[0m
2024-08-08 15:06:29 info: [0mGET /api/files/getFiles [32m200[0m 810.589 ms - -[0m
2024-08-08 15:11:30 info: [0mOPTIONS /api/ia/chat [32m204[0m 0.268 ms - 0[0m
2024-08-08 15:11:33 info: [0mPOST /api/ia/chat [32m200[0m 2261.881 ms - -[0m
2024-08-08 15:11:33 info: [0mOPTIONS /api/files/updateFileById [32m204[0m 0.140 ms - 0[0m
2024-08-08 15:11:33 info: [0mGET /public/Manual-de-Sen%CC%83alizacion-de-Transito.pdf [32m200[0m 3.544 ms - 19154460[0m
2024-08-08 15:11:33 info: [0mPOST /api/files/updateFileById [32m200[0m 277.203 ms - -[0m
2024-08-08 15:11:33 info: [0mGET /api/files/getFiles [32m200[0m 414.191 ms - -[0m
2024-08-08 15:17:47 info: [0mOPTIONS /api/ia/chat [32m204[0m 0.202 ms - 0[0m
2024-08-08 15:17:49 info: [0mPOST /api/ia/chat [32m200[0m 1794.477 ms - -[0m
2024-08-08 15:17:49 info: [0mOPTIONS /api/files/updateFileById [32m204[0m 1.109 ms - 0[0m
2024-08-08 15:17:49 info: [0mGET /public/Manual-de-Sen%CC%83alizacion-de-Transito.pdf [32m200[0m 1.377 ms - 19154460[0m
2024-08-08 15:17:49 info: [0mPOST /api/files/updateFileById [32m200[0m 370.897 ms - -[0m
2024-08-08 15:17:50 info: [0mGET /api/files/getFiles [32m200[0m 736.759 ms - -[0m
2024-08-08 15:19:22 info: [0mOPTIONS /api/ia/chat [32m204[0m 0.151 ms - 0[0m
2024-08-08 15:19:24 info: [0mPOST /api/ia/chat [32m200[0m 1696.595 ms - -[0m
2024-08-08 15:19:32 info: [0mOPTIONS /api/ia/chat [32m204[0m 0.984 ms - 0[0m
2024-08-08 15:19:34 info: [0mPOST /api/ia/chat [32m200[0m 1626.838 ms - 803[0m
2024-08-08 15:19:53 info: [0mOPTIONS /api/ia/chat [32m204[0m 0.219 ms - 0[0m
2024-08-08 15:19:55 info: [0mPOST /api/ia/chat [32m200[0m 1626.076 ms - -[0m
2024-08-08 15:21:25 info: [0mOPTIONS /api/ia/upload_pdf [32m204[0m 0.164 ms - 0[0m
2024-08-08 15:21:27 info: [0mGET /public/Manual%20Harriet%20Lane%20de%20Pediatr%C3%ADa%20-%2022%20Edicion.pdf [32m200[0m 4.031 ms - 85319880[0m
2024-08-08 15:21:36 info: [0mPOST /api/ia/upload_pdf [33m400[0m 11579.685 ms - 155[0m
2024-08-08 15:22:50 info: [0mGET /api/users/getUsers [36m304[0m 144.028 ms - -[0m
2024-08-08 15:22:51 info: [0mGET /api/files/getFiles [36m304[0m 422.768 ms - -[0m
2024-08-08 15:23:03 info: [0mOPTIONS /api/ia/upload_pdf [32m204[0m 0.206 ms - 0[0m
2024-08-08 15:23:04 info: [0mGET /public/Manual%20Harriet%20Lane%20de%20Pediatr%C3%ADa%20-%2022%20Edicion.pdf [32m200[0m 7.176 ms - 85319880[0m
2024-08-08 15:23:15 info: [0mPOST /api/ia/upload_pdf [32m200[0m 11354.742 ms - 420[0m
2024-08-08 15:23:15 info: [0mGET /api/files/getFiles [32m200[0m 677.654 ms - -[0m
2024-08-08 15:24:00 info: [0mGET /public/Manual%20Harriet%20Lane%20de%20Pediatr%C3%ADa%20-%2022%20Edicion.pdf [32m200[0m 3.102 ms - 85319880[0m
2024-08-08 15:26:01 info: [0mGET /api/files/getFiles [32m200[0m 412.972 ms - -[0m
2024-08-08 15:26:18 info: [0mOPTIONS /api/ia/chat [32m204[0m 0.456 ms - 0[0m
2024-08-08 15:26:22 info: [0mPOST /api/ia/chat [32m200[0m 4490.318 ms - -[0m
2024-08-08 15:58:42 info: [0mOPTIONS /api/ia/chat [32m204[0m 0.141 ms - 0[0m
2024-08-08 15:58:44 info: [0mPOST /api/ia/chat [32m200[0m 2578.219 ms - -[0m
2024-08-08 16:07:02 info: [0mOPTIONS /api/ia/chat [32m204[0m 0.351 ms - 0[0m
2024-08-08 16:07:04 info: [0mPOST /api/ia/chat [32m200[0m 1728.643 ms - -[0m
2024-08-08 16:21:42 info: [0mOPTIONS /api/ia/chat [32m204[0m 0.170 ms - 0[0m
2024-08-08 16:21:46 info: [0mPOST /api/ia/chat [32m200[0m 4158.161 ms - -[0m
2024-08-08 16:38:33 info: [0mOPTIONS /api/ia/chat [32m204[0m 0.245 ms - 0[0m
2024-08-08 16:38:37 info: [0mPOST /api/ia/chat [32m200[0m 4104.292 ms - -[0m
2024-08-08 17:31:12 info: =================================
2024-08-08 17:31:12 info: ======= ENV: development =======
2024-08-08 17:31:12 info: 🚀 App listening on the port 5210
2024-08-08 17:31:12 info: =================================
2024-08-08 17:32:15 info: =================================
2024-08-08 17:32:15 info: ======= ENV: development =======
2024-08-08 17:32:15 info: 🚀 App listening on the port 5210
2024-08-08 17:32:15 info: =================================
2024-08-08 17:32:31 info: [0mGET /api/ia/get_avatar_voice [0m-[0m - ms - -[0m
2024-08-08 17:33:28 info: =================================
2024-08-08 17:33:28 info: ======= ENV: development =======
2024-08-08 17:33:29 info: 🚀 App listening on the port 5210
2024-08-08 17:33:29 info: =================================
2024-08-08 17:33:29 info: [0mGET /api/ia/get_avatar_voice [0m-[0m - ms - -[0m
2024-08-08 17:37:48 info: =================================
2024-08-08 17:37:48 info: ======= ENV: development =======
2024-08-08 17:37:48 info: 🚀 App listening on the port 5210
2024-08-08 17:37:48 info: =================================
2024-08-08 17:38:07 info: [0mGET /api/ia/get_avatar_voice [0m-[0m - ms - -[0m
2024-08-08 17:38:38 info: =================================
2024-08-08 17:38:38 info: ======= ENV: development =======
2024-08-08 17:38:38 info: 🚀 App listening on the port 5210
2024-08-08 17:38:38 info: =================================
2024-08-08 17:38:38 info: [0mGET /api/ia/get_avatar_voice [32m200[0m 16.736 ms - 2[0m
2024-08-08 17:38:38 info: [0mGET /favicon.ico [32m200[0m 7.862 ms - 974[0m
2024-08-08 17:39:34 info: =================================
2024-08-08 17:39:34 info: ======= ENV: development =======
2024-08-08 17:39:34 info: 🚀 App listening on the port 5210
2024-08-08 17:39:34 info: =================================
2024-08-08 17:39:39 info: [0mGET /api/ia/get_avatar_voice [36m304[0m 13.446 ms - -[0m
2024-08-08 17:39:39 info: [0mGET /favicon.ico [36m304[0m 4.072 ms - -[0m
2024-08-08 17:39:48 info: [0mGET /api/ia/get_avatar_voice [36m304[0m 7.037 ms - -[0m
2024-08-08 17:39:48 info: [0mGET /favicon.ico [36m304[0m 2.059 ms - -[0m
2024-08-08 17:41:18 info: =================================
2024-08-08 17:41:18 info: ======= ENV: development =======
2024-08-08 17:41:18 info: 🚀 App listening on the port 5210
2024-08-08 17:41:18 info: =================================
2024-08-08 17:41:21 info: [0mGET /api/ia/get_avatar_voice [32m200[0m 68.920 ms - -[0m
2024-08-08 17:41:21 info: [0mGET /favicon.ico [36m304[0m 4.544 ms - -[0m
2024-08-08 17:41:32 info: [0mGET /api/ia/get_avatar_voice [32m200[0m 69.708 ms - -[0m
2024-08-08 17:41:32 info: [0mGET /favicon.ico [36m304[0m 1.558 ms - -[0m
2024-08-08 17:43:37 info: =================================
2024-08-08 17:43:37 info: ======= ENV: development =======
2024-08-08 17:43:37 info: 🚀 App listening on the port 5210
2024-08-08 17:43:37 info: =================================
2024-08-08 17:57:05 info: =================================
2024-08-08 17:57:05 info: ======= ENV: development =======
2024-08-08 17:57:05 info: 🚀 App listening on the port 5210
2024-08-08 17:57:05 info: =================================
2024-08-08 17:57:17 info: [0mGET /api/ia/get_avatar_voice [32m200[0m 79.281 ms - -[0m
2024-08-08 17:57:17 info: [0mGET /favicon.ico [36m304[0m 3.543 ms - -[0m
2024-08-08 18:00:30 info: =================================
2024-08-08 18:00:30 info: ======= ENV: development =======
2024-08-08 18:00:30 info: 🚀 App listening on the port 5210
2024-08-08 18:00:30 info: =================================
2024-08-08 18:00:38 info: [0mGET /api/ia/get_avatar_voice [32m200[0m 82.797 ms - -[0m
2024-08-08 18:00:38 info: [0mGET /favicon.ico [36m304[0m 3.954 ms - -[0m
2024-08-08 18:00:55 info: =================================
2024-08-08 18:00:55 info: ======= ENV: development =======
2024-08-08 18:00:55 info: 🚀 App listening on the port 5210
2024-08-08 18:00:55 info: =================================
2024-08-08 18:00:56 info: [0mGET /api/ia/get_avatar_voice [32m200[0m 75.632 ms - -[0m
2024-08-08 18:00:56 info: [0mGET /favicon.ico [36m304[0m 4.969 ms - -[0m
2024-08-08 18:01:04 info: [0mGET /python/script1.py [32m200[0m 5.476 ms - 26[0m
2024-08-08 18:03:46 info: =================================
2024-08-08 18:03:46 info: ======= ENV: development =======
2024-08-08 18:03:46 info: 🚀 App listening on the port 5210
2024-08-08 18:03:46 info: =================================
2024-08-08 18:03:53 info: [0mGET /api/ia/get_avatar_voice [32m200[0m 163.796 ms - -[0m
2024-08-08 18:03:53 info: [0mGET /favicon.ico [36m304[0m 3.511 ms - -[0m
2024-08-08 18:04:57 info: =================================
2024-08-08 18:04:57 info: ======= ENV: development =======
2024-08-08 18:04:57 info: 🚀 App listening on the port 5210
2024-08-08 18:04:57 info: =================================
2024-08-08 18:05:01 info: [0mGET /api/ia/get_avatar_voice [32m200[0m 126.671 ms - -[0m
2024-08-08 18:05:01 info: [0mGET /favicon.ico [36m304[0m 4.450 ms - -[0m
2024-08-08 18:05:21 info: =================================
2024-08-08 18:05:21 info: ======= ENV: development =======
2024-08-08 18:05:21 info: 🚀 App listening on the port 5210
2024-08-08 18:05:21 info: =================================
2024-08-08 18:05:22 info: [0mGET /api/ia/get_avatar_voice [32m200[0m 80.655 ms - -[0m
2024-08-08 18:05:22 info: [0mGET /favicon.ico [36m304[0m 4.169 ms - -[0m
2024-08-08 18:06:54 info: =================================
2024-08-08 18:06:54 info: ======= ENV: development =======
2024-08-08 18:06:54 info: 🚀 App listening on the port 5210
2024-08-08 18:06:54 info: =================================
2024-08-08 18:06:56 info: [0mGET /api/ia/get_avatar_voice [32m200[0m 79.178 ms - -[0m
2024-08-08 18:06:56 info: [0mGET /favicon.ico [36m304[0m 3.661 ms - -[0m
2024-08-08 18:07:11 info: =================================
2024-08-08 18:07:11 info: ======= ENV: development =======
2024-08-08 18:07:11 info: 🚀 App listening on the port 5210
2024-08-08 18:07:11 info: =================================
2024-08-08 18:07:14 info: [0mGET /api/ia/get_avatar_voice [32m200[0m 78.494 ms - 19[0m
2024-08-08 18:07:14 info: [0mGET /favicon.ico [36m304[0m 3.858 ms - -[0m
2024-08-08 18:09:28 info: =================================
2024-08-08 18:09:28 info: ======= ENV: development =======
2024-08-08 18:09:28 info: 🚀 App listening on the port 5210
2024-08-08 18:09:28 info: =================================
2024-08-08 18:09:55 info: =================================
2024-08-08 18:09:55 info: ======= ENV: development =======
2024-08-08 18:09:55 info: 🚀 App listening on the port 5210
2024-08-08 18:09:55 info: =================================
2024-08-08 18:09:59 info: [0mGET /api/ia/get_avatar_voice [32m200[0m 76.315 ms - -[0m
2024-08-08 18:09:59 info: [0mGET /favicon.ico [36m304[0m 3.991 ms - -[0m
2024-08-08 18:11:00 info: =================================
2024-08-08 18:11:00 info: ======= ENV: development =======
2024-08-08 18:11:00 info: 🚀 App listening on the port 5210
2024-08-08 18:11:00 info: =================================
2024-08-08 18:11:08 info: [0mGET /api/ia/get_avatar_voice [32m200[0m 6301.041 ms - -[0m
2024-08-08 18:11:08 info: [0mGET /favicon.ico [36m304[0m 4.347 ms - -[0m
2024-08-08 18:12:27 info: [0mGET /api/ia/get_avatar_voice [32m200[0m 5819.764 ms - -[0m
2024-08-08 18:12:27 info: [0mGET /favicon.ico [36m304[0m 1.738 ms - -[0m
2024-08-08 18:13:41 info: =================================
2024-08-08 18:13:41 info: ======= ENV: development =======
2024-08-08 18:13:41 info: 🚀 App listening on the port 5210
2024-08-08 18:13:41 info: =================================
2024-08-08 18:13:58 info: [0mGET /api/ia/get_avatar_voice [32m200[0m 11422.921 ms - -[0m
2024-08-08 18:13:58 info: [0mGET /favicon.ico [36m304[0m 4.540 ms - -[0m
2024-08-08 18:20:09 info: [0mGET /api/ia/get_avatar_voice [32m200[0m 30215.764 ms - 150[0m
2024-08-08 18:20:09 info: [0mGET /favicon.ico [36m304[0m 2.641 ms - -[0m
2024-08-08 18:25:55 info: =================================
2024-08-08 18:25:55 info: ======= ENV: development =======
2024-08-08 18:25:55 info: 🚀 App listening on the port 5210
2024-08-08 18:25:55 info: =================================
2024-08-08 18:28:52 info: =================================
2024-08-08 18:28:52 info: ======= ENV: development =======
2024-08-08 18:28:52 info: 🚀 App listening on the port 5210
2024-08-08 18:28:52 info: =================================
2024-08-08 18:29:36 info: [0mGET /api/ia/get_avatar_voice [32m200[0m 38085.248 ms - 178[0m
2024-08-08 18:29:36 info: [0mGET /favicon.ico [36m304[0m 3.418 ms - -[0m
2024-08-08 18:30:40 info: =================================
2024-08-08 18:30:40 info: ======= ENV: development =======
2024-08-08 18:30:40 info: 🚀 App listening on the port 5210
2024-08-08 18:30:40 info: =================================
2024-08-08 18:31:14 info: [0mGET /api/ia/get_avatar_voice [36m304[0m 29684.361 ms - -[0m
2024-08-08 18:31:14 info: [0mGET /favicon.ico [36m304[0m 5.413 ms - -[0m
2024-08-08 18:39:34 info: =================================
2024-08-08 18:39:34 info: ======= ENV: development =======
2024-08-08 18:39:34 info: 🚀 App listening on the port 5210
2024-08-08 18:39:34 info: =================================
2024-08-08 18:42:18 info: =================================
2024-08-08 18:42:18 info: ======= ENV: development =======
2024-08-08 18:42:18 info: 🚀 App listening on the port 5210
2024-08-08 18:42:18 info: =================================
2024-08-08 18:42:59 info: [0mGET /api/ia/get_avatar_voice [32m200[0m 34922.351 ms - -[0m
2024-08-08 18:42:59 info: [0mGET /favicon.ico [36m304[0m 17.768 ms - -[0m
2024-08-08 18:53:08 info: =================================
2024-08-08 18:53:08 info: ======= ENV: development =======
2024-08-08 18:53:08 info: 🚀 App listening on the port 5210
2024-08-08 18:53:08 info: =================================
2024-08-08 18:54:08 info: [0mGET /api/ia/get_avatar_voice [32m200[0m 34568.648 ms - 79[0m
2024-08-08 18:54:08 info: [0mGET /favicon.ico [36m304[0m 5.223 ms - -[0m
2024-08-08 18:56:25 info: =================================
2024-08-08 18:56:25 info: ======= ENV: development =======
2024-08-08 18:56:25 info: 🚀 App listening on the port 5210
2024-08-08 18:56:25 info: =================================
2024-08-08 18:56:30 info: [0mGET /api/ia/get_avatar_voice [32m200[0m 5.357 ms - 4[0m
2024-08-08 18:56:30 info: [0mGET /favicon.ico [36m304[0m 4.572 ms - -[0m
2024-08-08 18:56:49 info: =================================
2024-08-08 18:56:49 info: ======= ENV: development =======
2024-08-08 18:56:49 info: 🚀 App listening on the port 5210
2024-08-08 18:56:49 info: =================================
2024-08-08 18:56:52 info: [0mGET /api/ia/get_avatar_voice [36m304[0m 4.369 ms - -[0m
2024-08-08 18:56:52 info: [0mGET /favicon.ico [36m304[0m 6.720 ms - -[0m
2024-08-08 18:57:24 info: =================================
2024-08-08 18:57:24 info: ======= ENV: development =======
2024-08-08 18:57:24 info: 🚀 App listening on the port 5210
2024-08-08 18:57:24 info: =================================
2024-08-08 18:57:58 info: [0mGET /api/ia/get_avatar_voice [32m200[0m 32603.661 ms - 76[0m
2024-08-08 18:57:58 info: [0mGET /favicon.ico [36m304[0m 8.373 ms - -[0m
2024-08-08 18:58:55 info: =================================
2024-08-08 18:58:55 info: ======= ENV: development =======
2024-08-08 18:58:55 info: 🚀 App listening on the port 5210
2024-08-08 18:58:55 info: =================================
2024-08-08 18:59:29 info: [0mGET /api/ia/get_avatar_voice [32m200[0m 29133.037 ms - 31[0m
2024-08-08 18:59:29 info: [0mGET /favicon.ico [36m304[0m 15.055 ms - -[0m
2024-08-08 19:06:06 info: [0mGET /api/ia/get_avatar_voice [36m304[0m 32802.989 ms - -[0m
2024-08-08 19:06:06 info: [0mGET /favicon.ico [36m304[0m 2.667 ms - -[0m
2024-08-08 19:08:02 info: [0mGET /api/ia/get_avatar_voice [36m304[0m 37829.063 ms - -[0m
2024-08-08 19:08:02 info: [0mGET /favicon.ico [36m304[0m 9.308 ms - -[0m
2024-08-08 19:12:51 info: =================================
2024-08-08 19:12:51 info: ======= ENV: development =======
2024-08-08 19:12:51 info: 🚀 App listening on the port 5210
2024-08-08 19:12:51 info: =================================
2024-08-08 19:13:00 info: =================================
2024-08-08 19:13:00 info: ======= ENV: development =======
2024-08-08 19:13:00 info: 🚀 App listening on the port 5210
2024-08-08 19:13:00 info: =================================
2024-08-08 19:13:50 info: [0mGET /api/ia/get_avatar_voice [32m200[0m 39179.968 ms - 2[0m
2024-08-08 19:13:51 info: [0mGET /favicon.ico [36m304[0m 6.106 ms - -[0m
2024-08-08 19:23:38 info: =================================
2024-08-08 19:23:38 info: ======= ENV: development =======
2024-08-08 19:23:38 info: 🚀 App listening on the port 5210
2024-08-08 19:23:38 info: =================================
2024-08-08 19:24:21 info: [0mGET /api/ia/get_avatar_voice [32m200[0m 39181.881 ms - 57[0m
2024-08-08 19:24:22 info: [0mGET /favicon.ico [36m304[0m 6.286 ms - -[0m
2024-08-08 19:24:27 info: [0mGET /wav/gonzalo.wav [32m200[0m 10.997 ms - 75340[0m
2024-08-08 19:24:27 info: [0mGET /wav/gonzalo.wav [36m304[0m 2.946 ms - -[0m
2024-08-08 19:24:41 info: [0mGET /favicon.ico [36m304[0m 2.886 ms - -[0m
2024-08-08 19:24:45 info: [0mGET /wav/gonzalo.wav [36m304[0m 1.622 ms - -[0m
2024-08-08 19:24:45 info: [0mGET /wav/gonzalo.wav [36m304[0m 1.757 ms - -[0m
2024-08-08 19:24:45 info: [0mGET /favicon.ico [36m304[0m 1.620 ms - -[0m
2024-08-08 19:24:48 info: [0mGET /favicon.ico [36m304[0m 3.009 ms - -[0m
2024-08-08 19:28:55 info: [0mGET /api/ia/get_avatar_voice?text=Se%20me%20ha%20ocurrido%20una%20idea.%20Espero%20que%20la%20pr%C3%B3xima%20vez%20la%20conversemos.&nameAvatar=gonzalo [32m200[0m 45055.926 ms - 57[0m
2024-08-08 19:29:15 info: [0mGET /wav/gonzalo.wav [32m200[0m 8.085 ms - 68684[0m
2024-08-08 19:29:15 info: [0mGET /wav/gonzalo.wav [36m304[0m 2.513 ms - -[0m
2024-08-08 19:30:28 info: [0mGET /api/ia/get_avatar_voice?text=Se%20me%20ha%20ocurrido%20una%20idea.%20Espero%20que%20la%20pr%C3%B3xima%20vez%20la%20conversemos.&nameAvatar=gonzalo [0m-[0m - ms - -[0m
2024-08-08 19:30:52 info: =================================
2024-08-08 19:30:52 info: ======= ENV: development =======
2024-08-08 19:30:52 info: 🚀 App listening on the port 5210
2024-08-08 19:30:52 info: =================================
2024-08-08 19:31:04 info: [0mGET /api/ia/get_avatar_voice?text=Se%20me%20ha%20ocurrido%20una%20idea.%20Espero%20que%20la%20pr%C3%B3xima%20vez%20la%20conversemos.&nameAvatar=gonzalo [32m200[0m 36.982 ms - 974[0m
2024-08-08 19:31:04 info: [0mGET /static/css/main.1785ec51.css [32m200[0m 33.224 ms - -[0m
2024-08-08 19:31:04 info: [0mGET /assets/botlibre/sdk.js [32m200[0m 71.704 ms - -[0m
2024-08-08 19:31:04 info: [0mGET /static/js/main.bfc47d30.js [32m200[0m 36.359 ms - -[0m
2024-08-08 19:31:04 info: [0mGET /static/js/22.75550aa0.chunk.js [32m200[0m 14.266 ms - 869[0m
2024-08-08 19:31:04 info: [0mGET /manifest.json [32m200[0m 7.939 ms - 456[0m
2024-08-08 19:31:04 info: [0mGET /assets/logo_.png [32m200[0m 10.831 ms - 9524[0m
2024-08-08 19:31:04 info: [0mGET /static/js/344.1a498bff.chunk.js [32m200[0m 16.735 ms - -[0m
2024-08-08 19:31:16 info: [0mGET /api/ia/get_avatar_voice?text=Se%20me%20ha%20ocurrido%20una%20idea.%20Espero%20que%20la%20pr%C3%B3xima%20vez%20la%20conversemos.&nameAvatar=gonzalo [36m304[0m 2.785 ms - -[0m
2024-08-08 19:31:16 info: [0mGET /assets/botlibre/sdk.js [36m304[0m 1.568 ms - -[0m
2024-08-08 19:31:16 info: [0mGET /static/js/main.bfc47d30.js [36m304[0m 1.708 ms - -[0m
2024-08-08 19:31:16 info: [0mGET /static/css/main.1785ec51.css [36m304[0m 1.232 ms - -[0m
2024-08-08 19:31:16 info: [0mGET /static/js/22.75550aa0.chunk.js [36m304[0m 3.690 ms - -[0m
2024-08-08 19:31:16 info: [0mGET /assets/logo_.png [36m304[0m 1.938 ms - -[0m
2024-08-08 19:31:16 info: [0mGET /manifest.json [36m304[0m 1.054 ms - -[0m
2024-08-08 19:31:17 info: [0mGET /static/js/344.1a498bff.chunk.js [36m304[0m 0.788 ms - -[0m
2024-08-08 19:31:25 info: [0mGET /api/ia/get_avatar_voice?text=Se%20me%20ha%20ocurrido%20una%20idea.%20Espero%20que%20la%20pr%C3%B3xima%20vez%20la%20conversemos.&nameAvatar=gonzalo [36m304[0m 1.343 ms - -[0m
2024-08-08 19:31:25 info: [0mGET /assets/botlibre/sdk.js [36m304[0m 2.225 ms - -[0m
2024-08-08 19:31:25 info: [0mGET /static/js/main.bfc47d30.js [36m304[0m 3.986 ms - -[0m
2024-08-08 19:31:25 info: [0mGET /static/css/main.1785ec51.css [36m304[0m 2.792 ms - -[0m
2024-08-08 19:31:25 info: [0mGET /static/js/22.75550aa0.chunk.js [36m304[0m 1.247 ms - -[0m
2024-08-08 19:31:25 info: [0mGET /assets/logo_.png [36m304[0m 1.119 ms - -[0m
2024-08-08 19:31:25 info: [0mGET /manifest.json [36m304[0m 1.023 ms - -[0m
2024-08-08 19:31:25 info: [0mGET /static/js/344.1a498bff.chunk.js [36m304[0m 1.127 ms - -[0m
2024-08-08 19:31:44 info: [0mGET /api/ia/get_avatar_voice?text=Se%20me%20ha%20ocurrido%20una%20idea.%20Espero%20que%20la%20pr%C3%B3xima%20vez%20la%20conversemos.&nameAvatar=gonzalo [36m304[0m 1.575 ms - -[0m
2024-08-08 19:31:44 info: [0mGET /assets/botlibre/sdk.js [36m304[0m 3.617 ms - -[0m
2024-08-08 19:31:44 info: [0mGET /static/js/main.bfc47d30.js [36m304[0m 2.992 ms - -[0m
2024-08-08 19:31:44 info: [0mGET /static/css/main.1785ec51.css [36m304[0m 2.768 ms - -[0m
2024-08-08 19:31:44 info: [0mGET /static/js/22.75550aa0.chunk.js [36m304[0m 1.107 ms - -[0m
2024-08-08 19:31:44 info: [0mGET /assets/logo_.png [36m304[0m 1.101 ms - -[0m
2024-08-08 19:31:44 info: [0mGET /manifest.json [36m304[0m 0.771 ms - -[0m
2024-08-08 19:31:44 info: [0mGET /static/js/344.1a498bff.chunk.js [36m304[0m 0.834 ms - -[0m
2024-08-08 19:31:50 info: [0mGET /api/ia/get_avatar_voice?text=Se%20me%20ha%20ocurrido%20una%20idea.%20Espero%20que%20la%20pr%C3%B3xima%20vez%20la%20conversemos.&nameAvatar=gonzalo [32m200[0m 3.252 ms - 974[0m
2024-08-08 19:32:10 info: =================================
2024-08-08 19:32:10 info: ======= ENV: development =======
2024-08-08 19:32:10 info: 🚀 App listening on the port 5210
2024-08-08 19:32:10 info: =================================
2024-08-08 19:32:12 info: [0mGET /api/ia/get_avatar_voice?text=Se%20me%20ha%20ocurrido%20una%20idea.%20Espero%20que%20la%20pr%C3%B3xima%20vez%20la%20conversemos.&nameAvatar=gonzalo [32m200[0m 9.329 ms - 974[0m
2024-08-08 19:32:34 info: =================================
2024-08-08 19:32:34 info: ======= ENV: development =======
2024-08-08 19:32:34 info: 🚀 App listening on the port 5210
2024-08-08 19:32:34 info: =================================
2024-08-08 19:32:45 info: [0mGET /api/ia/get_avatar_voice?text=Se%20me%20ha%20ocurrido%20una%20idea.%20Espero%20que%20la%20pr%C3%B3xima%20vez%20la%20conversemos.&nameAvatar=gonzalo [32m200[0m 6.963 ms - 974[0m
2024-08-08 19:33:35 info: =================================
2024-08-08 19:33:35 info: ======= ENV: development =======
2024-08-08 19:33:35 info: 🚀 App listening on the port 5210
2024-08-08 19:33:35 info: =================================
2024-08-08 19:34:39 info: [0mPOST /api/ia/get_avatar_voice [32m200[0m 56708.384 ms - 57[0m
2024-08-08 19:34:55 info: [0mGET /wav/gonzalo.wav [32m200[0m 12.932 ms - 220268[0m
2024-08-08 19:34:55 info: [0mGET /wav/gonzalo.wav [36m304[0m 3.216 ms - -[0m
2024-08-08 19:38:25 info: =================================
2024-08-08 19:38:25 info: ======= ENV: development =======
2024-08-08 19:38:25 info: 🚀 App listening on the port 5210
2024-08-08 19:38:25 info: =================================
2024-08-08 19:38:41 info: =================================
2024-08-08 19:38:41 info: ======= ENV: development =======
2024-08-08 19:38:41 info: 🚀 App listening on the port 5210
2024-08-08 19:38:41 info: =================================
2024-08-08 19:54:17 info: [0mPOST /api/ia/get_avatar_voice [32m200[0m 42563.634 ms - 37[0m
2024-08-08 19:55:10 info: [0mGET /wav/gonzalo.wav [32m200[0m 13.774 ms - 88652[0m
2024-08-08 19:55:10 info: [0mGET /wav/gonzalo.wav [36m304[0m 2.371 ms - -[0m
2024-08-08 19:56:59 info: =================================
2024-08-08 19:56:59 info: ======= ENV: development =======
2024-08-08 19:56:59 info: 🚀 App listening on the port 5210
2024-08-08 19:56:59 info: =================================
2024-08-08 19:57:40 info: [0mGET /wav/gonzalo.wav [36m304[0m 5.708 ms - -[0m
