2024-06-21 05:43:15 info: =================================
2024-06-21 05:43:15 info: ======= ENV: development =======
2024-06-21 05:43:15 info: 🚀 App listening on the port 5210
2024-06-21 05:43:15 info: =================================
2024-06-21 05:43:21 info: [0mGET /api/veify-token/ [36m304[0m 10.659 ms - -[0m
2024-06-21 05:43:21 info: [0mGET /api/veify-token/ [36m304[0m 3.780 ms - -[0m
2024-06-21 05:43:21 info: [0mGET /api/organization/getOrganizations [36m304[0m 87.674 ms - -[0m
2024-06-21 05:43:21 info: [0mGET /api/roles/getRoles [36m304[0m 167.298 ms - -[0m
2024-06-21 05:43:21 info: [0mGET /api/files/getFiles [36m304[0m 288.028 ms - -[0m
2024-06-21 05:43:24 info: [0mGET /api/users/getUsers [36m304[0m 3304.787 ms - -[0m
2024-06-21 05:45:51 info: [0mGET /api/veify-token/ [36m304[0m 16.921 ms - -[0m
2024-06-21 05:45:51 info: [0mGET /api/veify-token/ [36m304[0m 1.380 ms - -[0m
2024-06-21 05:46:04 info: [0mGET /api/veify-token/ [36m304[0m 1.259 ms - -[0m
2024-06-21 05:46:04 info: [0mGET /api/veify-token/ [36m304[0m 2.038 ms - -[0m
2024-06-21 05:46:53 info: [0mGET /api/veify-token/ [36m304[0m 1.661 ms - -[0m
2024-06-21 05:46:53 info: [0mGET /api/veify-token/ [36m304[0m 1.828 ms - -[0m
2024-06-21 05:47:28 info: [0mGET /api/veify-token/ [36m304[0m 2.919 ms - -[0m
2024-06-21 05:47:28 info: [0mGET /api/veify-token/ [36m304[0m 10.035 ms - -[0m
2024-06-21 05:47:48 info: [0mGET /api/veify-token/ [36m304[0m 4.251 ms - -[0m
2024-06-21 05:47:48 info: [0mGET /api/veify-token/ [36m304[0m 3.243 ms - -[0m
2024-06-21 05:48:06 info: [0mOPTIONS /api/login [32m204[0m 0.336 ms - 0[0m
2024-06-21 05:48:06 info: [0mPOST /api/login [32m200[0m 459.932 ms - -[0m
2024-06-21 05:48:06 info: [0mGET /api/organization/getOrganizations [36m304[0m 73.230 ms - -[0m
2024-06-21 05:48:06 info: [0mGET /api/roles/getRoles [36m304[0m 157.611 ms - -[0m
2024-06-21 05:48:06 info: [0mGET /api/organization/getOrganizations [36m304[0m 82.318 ms - -[0m
2024-06-21 05:48:07 info: [0mGET /api/files/getFiles [36m304[0m 279.641 ms - -[0m
2024-06-21 05:48:07 info: [0mGET /api/roles/getRoles [36m304[0m 142.893 ms - -[0m
2024-06-21 05:48:09 info: [0mGET /api/users/getUsers [36m304[0m 3174.172 ms - -[0m
2024-06-21 05:48:13 info: [0mGET /api/users/getUsers [36m304[0m 3296.766 ms - -[0m
2024-06-21 05:52:39 info: [0mOPTIONS /api/files/updateFileById [32m204[0m 0.486 ms - 0[0m
2024-06-21 05:52:39 info: [0mGET /public/An_End-to-End_Platform_for_Managing_Third-party_Risks_in_Oil_Pipelines.pdf [32m200[0m 27.827 ms - 1521772[0m
2024-06-21 05:52:39 info: [0mPOST /api/files/updateFileById [32m200[0m 478.380 ms - -[0m
2024-06-21 05:52:40 info: [0mGET /api/files/getFiles [32m200[0m 274.000 ms - -[0m
2024-06-21 05:52:52 info: [0mGET /public/An_End-to-End_Platform_for_Managing_Third-party_Risks_in_Oil_Pipelines.pdf [32m200[0m 2.041 ms - 1521772[0m
2024-06-21 05:53:13 info: [0mOPTIONS /api/files/updateFileById [32m204[0m 0.177 ms - 0[0m
2024-06-21 05:53:13 info: [0mOPTIONS /api/ia/chat [32m204[0m 0.194 ms - 0[0m
2024-06-21 05:53:13 info: [0mGET /public/An_End-to-End_Platform_for_Managing_Third-party_Risks_in_Oil_Pipelines.pdf [32m200[0m 5.260 ms - 1521772[0m
2024-06-21 05:53:13 info: [0mGET /public/An_End-to-End_Platform_for_Managing_Third-party_Risks_in_Oil_Pipelines.pdf [32m200[0m 2.108 ms - 1521772[0m
2024-06-21 05:53:16 info: [0mPOST /api/ia/chat [32m200[0m 3543.557 ms - -[0m
2024-06-21 05:53:17 info: [0mPOST /api/files/updateFileById [32m200[0m 3753.648 ms - -[0m
2024-06-21 05:53:17 info: [0mGET /public/An_End-to-End_Platform_for_Managing_Third-party_Risks_in_Oil_Pipelines.pdf [32m200[0m 2.271 ms - 1521772[0m
2024-06-21 05:53:17 info: [0mPOST /api/files/updateFileById [32m200[0m 3777.810 ms - -[0m
2024-06-21 05:53:17 info: [0mGET /public/An_End-to-End_Platform_for_Managing_Third-party_Risks_in_Oil_Pipelines.pdf [32m200[0m 1.213 ms - 1521772[0m
2024-06-21 05:53:17 info: [0mPOST /api/files/updateFileById [32m200[0m 438.586 ms - -[0m
2024-06-21 05:53:17 info: [0mGET /api/files/getFiles [32m200[0m 279.966 ms - -[0m
2024-06-21 05:53:17 info: [0mPOST /api/files/updateFileById [32m200[0m 489.435 ms - -[0m
2024-06-21 05:53:17 info: [0mGET /api/files/getFiles [32m200[0m 273.442 ms - -[0m
2024-06-21 05:53:17 info: [0mGET /api/files/getFiles [36m304[0m 202.063 ms - -[0m
2024-06-21 05:53:18 info: [0mGET /api/files/getFiles [36m304[0m 265.092 ms - -[0m
2024-06-21 06:08:12 info: [0mOPTIONS /api/files/updateFileById [32m204[0m 0.155 ms - 0[0m
2024-06-21 06:08:12 info: [0mOPTIONS /api/files/updateFileById [32m204[0m 0.197 ms - 0[0m
2024-06-21 06:08:12 info: [0mGET /public/An_End-to-End_Platform_for_Managing_Third-party_Risks_in_Oil_Pipelines.pdf [32m200[0m 2.581 ms - 1521772[0m
2024-06-21 06:08:12 info: [0mGET /public/An_End-to-End_Platform_for_Managing_Third-party_Risks_in_Oil_Pipelines.pdf [32m200[0m 4.008 ms - 1521772[0m
2024-06-21 06:08:12 info: [0mGET /public/An_End-to-End_Platform_for_Managing_Third-party_Risks_in_Oil_Pipelines.pdf [32m200[0m 3.259 ms - 1521772[0m
2024-06-21 06:08:12 info: [0mPOST /api/files/updateFileById [32m200[0m 327.742 ms - 447[0m
2024-06-21 06:08:12 info: [0mPOST /api/files/updateFileById [32m200[0m 465.246 ms - -[0m
2024-06-21 06:08:12 info: [0mPOST /api/files/updateFileById [32m200[0m 459.961 ms - -[0m
2024-06-21 06:08:12 info: [0mGET /api/files/getFiles [32m200[0m 270.027 ms - -[0m
2024-06-21 06:08:12 info: [0mGET /api/files/getFiles [36m304[0m 265.545 ms - -[0m
2024-06-21 06:08:13 info: [0mGET /api/files/getFiles [36m304[0m 270.800 ms - -[0m
2024-06-21 06:08:28 info: [0mOPTIONS /api/files/updateFileById [32m204[0m 0.184 ms - 0[0m
2024-06-21 06:08:28 info: [0mOPTIONS /api/ia/chat [32m204[0m 0.151 ms - 0[0m
2024-06-21 06:08:28 info: [0mGET /public/An_End-to-End_Platform_for_Managing_Third-party_Risks_in_Oil_Pipelines.pdf [32m200[0m 6.264 ms - 1521772[0m
2024-06-21 06:08:28 info: [0mGET /public/An_End-to-End_Platform_for_Managing_Third-party_Risks_in_Oil_Pipelines.pdf [32m200[0m 2.922 ms - 1521772[0m
2024-06-21 06:08:33 info: [0mPOST /api/ia/chat [32m200[0m 4784.775 ms - -[0m
2024-06-21 06:08:33 info: [0mGET /public/An_End-to-End_Platform_for_Managing_Third-party_Risks_in_Oil_Pipelines.pdf [32m200[0m 2.221 ms - 1521772[0m
2024-06-21 06:08:33 info: [0mGET /public/An_End-to-End_Platform_for_Managing_Third-party_Risks_in_Oil_Pipelines.pdf [32m200[0m 1.837 ms - 1521772[0m
2024-06-21 06:08:33 info: [0mPOST /api/files/updateFileById [32m200[0m 5032.995 ms - -[0m
2024-06-21 06:08:33 info: [0mPOST /api/files/updateFileById [32m200[0m 5045.993 ms - -[0m
2024-06-21 06:08:33 info: [0mPOST /api/files/updateFileById [32m200[0m 435.500 ms - -[0m
2024-06-21 06:08:33 info: [0mPOST /api/files/updateFileById [32m200[0m 429.938 ms - -[0m
2024-06-21 06:08:33 info: [0mGET /api/files/getFiles [32m200[0m 274.949 ms - -[0m
2024-06-21 06:08:33 info: [0mGET /api/files/getFiles [32m200[0m 271.810 ms - -[0m
2024-06-21 06:08:34 info: [0mGET /api/files/getFiles [36m304[0m 267.818 ms - -[0m
2024-06-21 06:08:34 info: [0mGET /api/files/getFiles [36m304[0m 272.981 ms - -[0m
2024-06-21 06:09:57 info: [0mOPTIONS /api/files/updateFileById [32m204[0m 0.355 ms - 0[0m
2024-06-21 06:09:57 info: [0mOPTIONS /api/files/updateFileById [32m204[0m 0.312 ms - 0[0m
2024-06-21 06:09:57 info: [0mGET /public/An_End-to-End_Platform_for_Managing_Third-party_Risks_in_Oil_Pipelines.pdf [32m200[0m 2.538 ms - 1521772[0m
2024-06-21 06:09:57 info: [0mGET /public/An_End-to-End_Platform_for_Managing_Third-party_Risks_in_Oil_Pipelines.pdf [32m200[0m 1.681 ms - 1521772[0m
2024-06-21 06:09:57 info: [0mGET /public/An_End-to-End_Platform_for_Managing_Third-party_Risks_in_Oil_Pipelines.pdf [32m200[0m 2.248 ms - 1521772[0m
2024-06-21 06:09:57 info: [0mPOST /api/files/updateFileById [32m200[0m 313.451 ms - 447[0m
2024-06-21 06:09:57 info: [0mPOST /api/files/updateFileById [32m200[0m 468.140 ms - -[0m
2024-06-21 06:09:57 info: [0mPOST /api/files/updateFileById [32m200[0m 458.057 ms - -[0m
2024-06-21 06:09:58 info: [0mGET /api/files/getFiles [32m200[0m 285.137 ms - -[0m
2024-06-21 06:09:58 info: [0mGET /api/files/getFiles [32m200[0m 281.190 ms - -[0m
2024-06-21 06:09:58 info: [0mGET /api/files/getFiles [36m304[0m 272.113 ms - -[0m
2024-06-21 06:10:00 info: [0mPOST /api/files/updateFileById [0m-[0m - ms - -[0m
2024-06-21 06:10:01 info: [0mGET /api/veify-token/ [36m304[0m 3.279 ms - -[0m
2024-06-21 06:10:01 info: [0mGET /api/veify-token/ [36m304[0m 2.168 ms - -[0m
2024-06-21 06:10:01 info: [0mGET /api/organization/getOrganizations [36m304[0m 75.723 ms - -[0m
2024-06-21 06:10:01 info: [0mGET /api/roles/getRoles [36m304[0m 152.703 ms - -[0m
2024-06-21 06:10:02 info: [0mGET /api/files/getFiles [36m304[0m 286.659 ms - -[0m
2024-06-21 06:10:04 info: [0mGET /api/users/getUsers [36m304[0m 2988.474 ms - -[0m
2024-06-21 06:10:05 info: [0mOPTIONS /api/files/updateFileById [32m204[0m 0.467 ms - 0[0m
2024-06-21 06:10:06 info: [0mGET /public/Chapter4.pdf [32m200[0m 31.293 ms - 8978319[0m
2024-06-21 06:10:06 info: [0mPOST /api/files/updateFileById [32m200[0m 544.032 ms - -[0m
2024-06-21 06:10:06 info: [0mGET /api/files/getFiles [32m200[0m 280.383 ms - -[0m
2024-06-21 06:10:18 info: [0mOPTIONS /api/files/updateFileById [32m204[0m 0.404 ms - 0[0m
2024-06-21 06:10:18 info: [0mGET /public/An_End-to-End_Platform_for_Managing_Third-party_Risks_in_Oil_Pipelines.pdf [32m200[0m 1.325 ms - 1521772[0m
2024-06-21 06:10:19 info: [0mPOST /api/files/updateFileById [32m200[0m 460.808 ms - -[0m
2024-06-21 06:10:19 info: [0mGET /api/files/getFiles [32m200[0m 272.989 ms - -[0m
2024-06-21 06:10:30 info: [0mOPTIONS /api/files/updateFileById [32m204[0m 0.233 ms - 0[0m
2024-06-21 06:10:30 info: [0mOPTIONS /api/ia/chat [32m204[0m 0.201 ms - 0[0m
2024-06-21 06:10:30 info: [0mGET /public/An_End-to-End_Platform_for_Managing_Third-party_Risks_in_Oil_Pipelines.pdf [32m200[0m 1.426 ms - 1521772[0m
2024-06-21 06:10:30 info: [0mGET /public/An_End-to-End_Platform_for_Managing_Third-party_Risks_in_Oil_Pipelines.pdf [32m200[0m 3.417 ms - 1521772[0m
2024-06-21 06:10:36 info: [0mPOST /api/ia/chat [32m200[0m 6105.374 ms - -[0m
2024-06-21 06:10:36 info: [0mOPTIONS /api/files/updateFileById [32m204[0m 0.203 ms - 0[0m
2024-06-21 06:10:36 info: [0mPOST /api/files/updateFileById [32m200[0m 6346.840 ms - -[0m
2024-06-21 06:10:36 info: [0mGET /public/An_End-to-End_Platform_for_Managing_Third-party_Risks_in_Oil_Pipelines.pdf [32m200[0m 1.749 ms - 1521772[0m
2024-06-21 06:10:36 info: [0mPOST /api/files/updateFileById [32m200[0m 6357.865 ms - -[0m
2024-06-21 06:10:36 info: [0mGET /public/An_End-to-End_Platform_for_Managing_Third-party_Risks_in_Oil_Pipelines.pdf [32m200[0m 1.597 ms - 1521772[0m
2024-06-21 06:10:36 info: [0mPOST /api/files/updateFileById [32m200[0m 515.915 ms - -[0m
2024-06-21 06:10:36 info: [0mGET /api/files/getFiles [32m200[0m 335.725 ms - -[0m
2024-06-21 06:10:36 info: [0mPOST /api/files/updateFileById [32m200[0m 573.949 ms - -[0m
2024-06-21 06:10:37 info: [0mGET /api/files/getFiles [32m200[0m 268.732 ms - -[0m
2024-06-21 06:10:37 info: [0mGET /api/files/getFiles [36m304[0m 391.842 ms - -[0m
2024-06-21 06:10:37 info: [0mGET /api/files/getFiles [36m304[0m 267.313 ms - -[0m
2024-06-21 06:10:55 info: [0mOPTIONS /api/files/updateFileById [32m204[0m 0.166 ms - 0[0m
2024-06-21 06:10:55 info: [0mOPTIONS /api/files/updateFileById [32m204[0m 0.235 ms - 0[0m
2024-06-21 06:10:55 info: [0mGET /public/An_End-to-End_Platform_for_Managing_Third-party_Risks_in_Oil_Pipelines.pdf [32m200[0m 1.686 ms - 1521772[0m
2024-06-21 06:10:55 info: [0mGET /public/An_End-to-End_Platform_for_Managing_Third-party_Risks_in_Oil_Pipelines.pdf [32m200[0m 1.579 ms - 1521772[0m
2024-06-21 06:10:55 info: [0mGET /public/An_End-to-End_Platform_for_Managing_Third-party_Risks_in_Oil_Pipelines.pdf [32m200[0m 1.675 ms - 1521772[0m
2024-06-21 06:10:55 info: [0mPOST /api/files/updateFileById [32m200[0m 305.356 ms - 447[0m
2024-06-21 06:10:55 info: [0mPOST /api/files/updateFileById [32m200[0m 443.953 ms - -[0m
2024-06-21 06:10:55 info: [0mPOST /api/files/updateFileById [32m200[0m 528.880 ms - -[0m
2024-06-21 06:10:55 info: [0mGET /api/files/getFiles [32m200[0m 366.189 ms - -[0m
2024-06-21 06:10:56 info: [0mGET /api/files/getFiles [32m200[0m 335.886 ms - -[0m
2024-06-21 06:10:56 info: [0mGET /api/files/getFiles [36m304[0m 277.845 ms - -[0m
2024-06-21 06:11:02 info: [0mPOST /api/files/updateFileById [0m-[0m - ms - -[0m
2024-06-21 06:11:02 info: [0mPOST /api/files/updateFileById [0m-[0m - ms - -[0m
2024-06-21 06:11:03 info: [0mGET /api/veify-token/ [36m304[0m 1.719 ms - -[0m
2024-06-21 06:11:03 info: [0mGET /api/veify-token/ [36m304[0m 5.299 ms - -[0m
2024-06-21 06:11:03 info: [0mGET /api/organization/getOrganizations [36m304[0m 72.933 ms - -[0m
2024-06-21 06:11:03 info: [0mGET /api/roles/getRoles [36m304[0m 149.729 ms - -[0m
2024-06-21 06:11:03 info: [0mGET /api/files/getFiles [36m304[0m 347.645 ms - -[0m
2024-06-21 06:11:06 info: [0mGET /api/users/getUsers [36m304[0m 3563.874 ms - -[0m
2024-06-21 06:11:08 info: [0mOPTIONS /api/files/updateFileById [32m204[0m 0.566 ms - 0[0m
2024-06-21 06:11:08 info: [0mGET /public/Texto_pruebas.pdf [32m200[0m 11.182 ms - 14613[0m
2024-06-21 06:11:09 info: [0mPOST /api/files/updateFileById [32m200[0m 290.610 ms - 965[0m
2024-06-21 06:11:09 info: [0mGET /api/files/getFiles [32m200[0m 405.556 ms - -[0m
2024-06-21 06:11:23 info: [0mOPTIONS /api/files/updateFileById [32m204[0m 0.153 ms - 0[0m
2024-06-21 06:11:23 info: [0mOPTIONS /api/ia/chat [32m204[0m 0.157 ms - 0[0m
2024-06-21 06:11:24 info: [0mGET /public/Texto_pruebas.pdf [32m200[0m 3.209 ms - 14613[0m
2024-06-21 06:11:24 info: [0mGET /public/Texto_pruebas.pdf [32m200[0m 1.232 ms - 14613[0m
2024-06-21 06:11:26 info: [0mPOST /api/ia/chat [32m200[0m 3048.533 ms - 765[0m
2024-06-21 06:11:27 info: [0mGET /public/Texto_pruebas.pdf [32m200[0m 1.307 ms - 14613[0m
2024-06-21 06:11:27 info: [0mGET /public/Texto_pruebas.pdf [32m200[0m 2.218 ms - 14613[0m
2024-06-21 06:11:27 info: [0mPOST /api/files/updateFileById [32m200[0m 3191.420 ms - -[0m
2024-06-21 06:11:27 info: [0mPOST /api/files/updateFileById [32m200[0m 3186.315 ms - -[0m
2024-06-21 06:11:27 info: [0mPOST /api/files/updateFileById [32m200[0m 261.939 ms - -[0m
2024-06-21 06:11:27 info: [0mPOST /api/files/updateFileById [32m200[0m 259.603 ms - -[0m
2024-06-21 06:11:27 info: [0mGET /api/files/getFiles [32m200[0m 347.951 ms - -[0m
2024-06-21 06:11:27 info: [0mGET /api/files/getFiles [32m200[0m 343.263 ms - -[0m
2024-06-21 06:11:28 info: [0mGET /api/files/getFiles [36m304[0m 266.113 ms - -[0m
2024-06-21 06:11:28 info: [0mGET /api/files/getFiles [36m304[0m 397.099 ms - -[0m
2024-06-21 06:11:40 info: [0mGET /public/Texto_pruebas.pdf [32m200[0m 1.205 ms - 14613[0m
2024-06-21 06:31:15 info: [0mOPTIONS /api/files/updateFileById [32m204[0m 0.176 ms - 0[0m
2024-06-21 06:31:15 info: [0mOPTIONS /api/files/updateFileById [32m204[0m 0.193 ms - 0[0m
2024-06-21 06:31:15 info: [0mGET /public/Texto_pruebas.pdf [32m200[0m 4.206 ms - 14613[0m
2024-06-21 06:31:15 info: [0mGET /public/Texto_pruebas.pdf [32m200[0m 5.962 ms - 14613[0m
2024-06-21 06:31:15 info: [0mGET /public/Texto_pruebas.pdf [32m200[0m 7.717 ms - 14613[0m
2024-06-21 06:31:15 info: [0mPOST /api/files/updateFileById [32m200[0m 300.533 ms - -[0m
2024-06-21 06:31:15 info: [0mPOST /api/files/updateFileById [32m200[0m 311.276 ms - 333[0m
2024-06-21 06:31:15 info: [0mPOST /api/files/updateFileById [32m200[0m 307.912 ms - -[0m
2024-06-21 06:31:16 info: [0mGET /api/files/getFiles [32m200[0m 271.111 ms - -[0m
2024-06-21 06:31:16 info: [0mGET /api/files/getFiles [36m304[0m 346.399 ms - -[0m
2024-06-21 06:31:16 info: [0mGET /api/files/getFiles [36m304[0m 332.415 ms - -[0m
2024-06-21 06:31:23 info: [0mOPTIONS /api/files/updateFileById [32m204[0m 0.164 ms - 0[0m
2024-06-21 06:31:23 info: [0mOPTIONS /api/ia/chat [32m204[0m 0.201 ms - 0[0m
2024-06-21 06:31:23 info: [0mGET /public/Texto_pruebas.pdf [32m200[0m 1.468 ms - 14613[0m
2024-06-21 06:31:23 info: [0mGET /public/Texto_pruebas.pdf [32m200[0m 1.187 ms - 14613[0m
2024-06-21 06:31:25 info: [0mPOST /api/ia/chat [32m200[0m 2394.689 ms - 439[0m
2024-06-21 06:31:25 info: [0mGET /public/Texto_pruebas.pdf [32m200[0m 1.200 ms - 14613[0m
2024-06-21 06:31:25 info: [0mPOST /api/files/updateFileById [32m200[0m 2531.613 ms - -[0m
2024-06-21 06:31:25 info: [0mPOST /api/files/updateFileById [32m200[0m 2528.197 ms - -[0m
2024-06-21 06:31:25 info: [0mGET /public/Texto_pruebas.pdf [32m200[0m 2.045 ms - 14613[0m
2024-06-21 06:31:25 info: [0mPOST /api/files/updateFileById [32m200[0m 258.777 ms - -[0m
2024-06-21 06:31:26 info: [0mPOST /api/files/updateFileById [32m200[0m 259.919 ms - -[0m
2024-06-21 06:31:26 info: [0mGET /api/files/getFiles [32m200[0m 271.547 ms - -[0m
2024-06-21 06:31:26 info: [0mGET /api/files/getFiles [32m200[0m 332.086 ms - -[0m
2024-06-21 06:31:26 info: [0mGET /api/files/getFiles [36m304[0m 265.956 ms - -[0m
2024-06-21 06:31:27 info: [0mGET /api/files/getFiles [36m304[0m 342.621 ms - -[0m
2024-06-21 06:32:57 info: [0mGET /api/files/getFiles [36m304[0m 333.431 ms - -[0m
2024-06-21 06:32:57 info: [0mGET /api/files/getFiles [36m304[0m 269.322 ms - -[0m
2024-06-21 06:33:00 info: [0mPOST /api/files/updateFileById [0m-[0m - ms - -[0m
2024-06-21 06:33:01 info: [0mGET /api/veify-token/ [36m304[0m 4.406 ms - -[0m
2024-06-21 06:33:01 info: [0mGET /api/veify-token/ [36m304[0m 1.352 ms - -[0m
2024-06-21 06:33:01 info: [0mGET /api/organization/getOrganizations [36m304[0m 72.425 ms - -[0m
2024-06-21 06:33:01 info: [0mGET /api/roles/getRoles [36m304[0m 155.518 ms - -[0m
2024-06-21 06:33:01 info: [0mGET /api/files/getFiles [36m304[0m 339.859 ms - -[0m
2024-06-21 06:33:05 info: [0mGET /api/users/getUsers [36m304[0m 4224.969 ms - -[0m
2024-06-21 06:33:06 info: [0mOPTIONS /api/files/updateFileById [32m204[0m 0.187 ms - 0[0m
2024-06-21 06:33:06 info: [0mGET /public/Chapter4.pdf [32m200[0m 1.708 ms - 8978319[0m
2024-06-21 06:33:06 info: [0mPOST /api/files/updateFileById [32m200[0m 470.107 ms - -[0m
2024-06-21 06:33:07 info: [0mGET /api/files/getFiles [32m200[0m 405.829 ms - -[0m
2024-06-21 06:33:15 info: [0mOPTIONS /api/files/updateFileById [32m204[0m 0.229 ms - 0[0m
2024-06-21 06:33:15 info: [0mOPTIONS /api/ia/chat [32m204[0m 0.220 ms - 0[0m
2024-06-21 06:33:15 info: [0mGET /public/Chapter4.pdf [32m200[0m 4.808 ms - 8978319[0m
2024-06-21 06:33:15 info: [0mGET /public/Chapter4.pdf [32m200[0m 2.109 ms - 8978319[0m
2024-06-21 06:33:16 info: [0mPOST /api/ia/chat [32m200[0m 1737.612 ms - -[0m
2024-06-21 06:33:17 info: [0mGET /public/Chapter4.pdf [32m200[0m 1.273 ms - 8978319[0m
2024-06-21 06:33:17 info: [0mPOST /api/files/updateFileById [32m200[0m 1972.144 ms - -[0m
2024-06-21 06:33:17 info: [0mPOST /api/files/updateFileById [32m200[0m 1962.778 ms - -[0m
2024-06-21 06:33:17 info: [0mGET /public/Chapter4.pdf [32m200[0m 2.641 ms - 8978319[0m
2024-06-21 06:33:17 info: [0mPOST /api/files/updateFileById [32m200[0m 480.998 ms - -[0m
2024-06-21 06:33:17 info: [0mGET /api/files/getFiles [32m200[0m 276.085 ms - -[0m
2024-06-21 06:33:17 info: [0mPOST /api/files/updateFileById [32m200[0m 447.323 ms - -[0m
2024-06-21 06:33:17 info: [0mGET /api/files/getFiles [32m200[0m 395.795 ms - -[0m
2024-06-21 06:33:18 info: [0mGET /api/files/getFiles [36m304[0m 205.024 ms - -[0m
2024-06-21 06:33:18 info: [0mGET /api/files/getFiles [36m304[0m 336.559 ms - -[0m
2024-06-21 06:34:01 info: [0mOPTIONS /api/files/updateFileById [32m204[0m 0.623 ms - 0[0m
2024-06-21 06:34:01 info: [0mOPTIONS /api/files/updateFileById [32m204[0m 0.154 ms - 0[0m
2024-06-21 06:34:01 info: [0mGET /public/Chapter4.pdf [32m200[0m 2.582 ms - 8978319[0m
2024-06-21 06:34:01 info: [0mGET /public/Chapter4.pdf [32m200[0m 3.800 ms - 8978319[0m
2024-06-21 06:34:01 info: [0mGET /public/Chapter4.pdf [32m200[0m 3.281 ms - 8978319[0m
2024-06-21 06:34:02 info: [0mPOST /api/files/updateFileById [32m200[0m 341.302 ms - 322[0m
2024-06-21 06:34:02 info: [0mPOST /api/files/updateFileById [32m200[0m 512.967 ms - -[0m
2024-06-21 06:34:02 info: [0mPOST /api/files/updateFileById [32m200[0m 527.519 ms - -[0m
2024-06-21 06:34:02 info: [0mGET /api/files/getFiles [32m200[0m 282.317 ms - -[0m
2024-06-21 06:34:02 info: [0mGET /api/files/getFiles [32m200[0m 265.012 ms - -[0m
2024-06-21 06:34:02 info: [0mGET /api/files/getFiles [36m304[0m 270.357 ms - -[0m
2024-06-21 06:34:10 info: [0mOPTIONS /api/files/updateFileById [32m204[0m 0.189 ms - 0[0m
2024-06-21 06:34:10 info: [0mOPTIONS /api/ia/chat [32m204[0m 0.238 ms - 0[0m
2024-06-21 06:34:10 info: [0mGET /public/Chapter4.pdf [32m200[0m 1.492 ms - 8978319[0m
2024-06-21 06:34:10 info: [0mGET /public/Chapter4.pdf [32m200[0m 1.909 ms - 8978319[0m
2024-06-21 06:34:12 info: [0mPOST /api/ia/chat [32m200[0m 1881.611 ms - -[0m
2024-06-21 06:34:12 info: [0mGET /public/Chapter4.pdf [32m200[0m 2.788 ms - 8978319[0m
2024-06-21 06:34:12 info: [0mPOST /api/files/updateFileById [32m200[0m 2106.573 ms - -[0m
2024-06-21 06:34:12 info: [0mPOST /api/files/updateFileById [32m200[0m 2121.256 ms - -[0m
2024-06-21 06:34:12 info: [0mGET /public/Chapter4.pdf [32m200[0m 1.373 ms - 8978319[0m
2024-06-21 06:34:12 info: [0mPOST /api/files/updateFileById [32m200[0m 469.580 ms - -[0m
2024-06-21 06:34:12 info: [0mPOST /api/files/updateFileById [32m200[0m 454.964 ms - -[0m
2024-06-21 06:34:12 info: [0mGET /api/files/getFiles [32m200[0m 498.699 ms - -[0m
2024-06-21 06:34:13 info: [0mGET /api/files/getFiles [32m200[0m 265.855 ms - -[0m
2024-06-21 06:34:13 info: [0mGET /api/files/getFiles [36m304[0m 324.973 ms - -[0m
2024-06-21 06:34:13 info: [0mGET /api/files/getFiles [36m304[0m 464.849 ms - -[0m
2024-06-21 06:34:58 info: [0mOPTIONS /api/files/updateFileById [32m204[0m 0.396 ms - 0[0m
2024-06-21 06:34:58 info: [0mOPTIONS /api/files/updateFileById [32m204[0m 0.150 ms - 0[0m
2024-06-21 06:34:58 info: [0mGET /public/Chapter4.pdf [32m200[0m 1.425 ms - 8978319[0m
2024-06-21 06:34:58 info: [0mGET /public/Chapter4.pdf [32m200[0m 13.976 ms - 8978319[0m
2024-06-21 06:34:58 info: [0mGET /public/Chapter4.pdf [32m200[0m 3.590 ms - 8978319[0m
2024-06-21 06:34:59 info: [0mPOST /api/files/updateFileById [32m200[0m 401.250 ms - 322[0m
2024-06-21 06:34:59 info: [0mPOST /api/files/updateFileById [32m200[0m 542.663 ms - -[0m
2024-06-21 06:34:59 info: [0mPOST /api/files/updateFileById [32m200[0m 558.542 ms - -[0m
2024-06-21 06:34:59 info: [0mGET /api/files/getFiles [32m200[0m 416.002 ms - -[0m
2024-06-21 06:34:59 info: [0mGET /api/files/getFiles [32m200[0m 328.766 ms - -[0m
2024-06-21 06:35:00 info: [0mGET /api/files/getFiles [36m304[0m 411.368 ms - -[0m
2024-06-21 06:35:16 info: [0mOPTIONS /api/files/updateFileById [32m204[0m 0.138 ms - 0[0m
2024-06-21 06:35:16 info: [0mOPTIONS /api/ia/chat [32m204[0m 0.181 ms - 0[0m
2024-06-21 06:35:17 info: [0mGET /public/Chapter4.pdf [32m200[0m 1.676 ms - 8978319[0m
2024-06-21 06:35:17 info: [0mGET /public/Chapter4.pdf [32m200[0m 2.440 ms - 8978319[0m
2024-06-21 06:35:18 info: [0mPOST /api/ia/chat [32m200[0m 1828.149 ms - -[0m
2024-06-21 06:35:18 info: [0mPOST /api/files/updateFileById [32m200[0m 2047.038 ms - -[0m
2024-06-21 06:35:19 info: [0mPOST /api/files/updateFileById [32m200[0m 2084.762 ms - -[0m
2024-06-21 06:35:19 info: [0mGET /public/Chapter4.pdf [32m200[0m 2.314 ms - 8978319[0m
2024-06-21 06:35:19 info: [0mGET /public/Chapter4.pdf [32m200[0m 1.435 ms - 8978319[0m
2024-06-21 06:35:19 info: [0mPOST /api/files/updateFileById [32m200[0m 600.476 ms - -[0m
2024-06-21 06:35:19 info: [0mPOST /api/files/updateFileById [32m200[0m 557.046 ms - -[0m
2024-06-21 06:35:19 info: [0mGET /api/files/getFiles [32m200[0m 478.198 ms - -[0m
2024-06-21 06:35:19 info: [0mGET /api/files/getFiles [32m200[0m 405.667 ms - -[0m
2024-06-21 06:35:20 info: [0mGET /api/files/getFiles [36m304[0m 329.239 ms - -[0m
2024-06-21 06:35:20 info: [0mGET /api/files/getFiles [36m304[0m 334.526 ms - -[0m
2024-06-21 06:39:52 info: [0mOPTIONS /api/files/updateFileById [32m204[0m 1.631 ms - 0[0m
2024-06-21 06:39:52 info: [0mOPTIONS /api/files/updateFileById [32m204[0m 0.355 ms - 0[0m
2024-06-21 06:39:52 info: [0mGET /public/Chapter4.pdf [32m200[0m 2.045 ms - 8978319[0m
2024-06-21 06:39:52 info: [0mGET /public/Chapter4.pdf [32m200[0m 4.166 ms - 8978319[0m
2024-06-21 06:39:52 info: [0mPOST /api/files/updateFileById [32m200[0m 332.931 ms - 322[0m
2024-06-21 06:39:52 info: [0mGET /public/Chapter4.pdf [32m200[0m 12.375 ms - 8978319[0m
2024-06-21 06:39:52 info: [0mGET /api/files/getFiles [32m200[0m 274.653 ms - -[0m
2024-06-21 06:39:52 info: [0mPOST /api/files/updateFileById [32m200[0m 713.295 ms - -[0m
2024-06-21 06:39:52 info: [0mPOST /api/files/updateFileById [32m200[0m 724.587 ms - -[0m
2024-06-21 06:39:53 info: [0mGET /api/files/getFiles [32m200[0m 404.611 ms - -[0m
2024-06-21 06:39:53 info: [0mGET /api/files/getFiles [36m304[0m 338.950 ms - -[0m
2024-06-21 06:40:03 info: [0mOPTIONS /api/files/updateFileById [32m204[0m 0.128 ms - 0[0m
2024-06-21 06:40:03 info: [0mOPTIONS /api/ia/chat [32m204[0m 0.138 ms - 0[0m
2024-06-21 06:40:03 info: [0mGET /public/Chapter4.pdf [32m200[0m 1.461 ms - 8978319[0m
2024-06-21 06:40:03 info: [0mGET /public/Chapter4.pdf [32m200[0m 4.267 ms - 8978319[0m
2024-06-21 06:40:05 info: [0mPOST /api/ia/chat [32m200[0m 2226.037 ms - -[0m
2024-06-21 06:40:05 info: [0mGET /public/Chapter4.pdf [32m200[0m 1.541 ms - 8978319[0m
2024-06-21 06:40:06 info: [0mPOST /api/files/updateFileById [32m200[0m 2534.738 ms - -[0m
2024-06-21 06:40:06 info: [0mPOST /api/files/updateFileById [32m200[0m 2573.145 ms - -[0m
2024-06-21 06:40:06 info: [0mGET /public/Chapter4.pdf [32m200[0m 2.248 ms - 8978319[0m
2024-06-21 06:40:06 info: [0mPOST /api/files/updateFileById [32m200[0m 630.480 ms - -[0m
2024-06-21 06:40:06 info: [0mPOST /api/files/updateFileById [32m200[0m 652.582 ms - -[0m
2024-06-21 06:40:06 info: [0mGET /api/files/getFiles [32m200[0m 538.754 ms - -[0m
2024-06-21 06:40:06 info: [0mGET /api/files/getFiles [32m200[0m 338.488 ms - -[0m
2024-06-21 06:40:07 info: [0mGET /api/files/getFiles [36m304[0m 397.721 ms - -[0m
2024-06-21 06:40:07 info: [0mGET /api/files/getFiles [36m304[0m 399.158 ms - -[0m
2024-06-21 06:46:37 info: [0mOPTIONS /api/files/updateFileById [32m204[0m 0.706 ms - 0[0m
2024-06-21 06:46:37 info: [0mOPTIONS /api/files/updateFileById [32m204[0m 0.571 ms - 0[0m
2024-06-21 06:46:37 info: [0mGET /public/Chapter4.pdf [32m200[0m 11.617 ms - 8978319[0m
2024-06-21 06:46:37 info: [0mGET /public/Chapter4.pdf [32m200[0m 20.323 ms - 8978319[0m
2024-06-21 06:46:37 info: [0mGET /public/Chapter4.pdf [32m200[0m 16.651 ms - 8978319[0m
2024-06-21 06:46:37 info: [0mPOST /api/files/updateFileById [32m200[0m 562.008 ms - 322[0m
2024-06-21 06:46:38 info: [0mPOST /api/files/updateFileById [32m200[0m 842.083 ms - -[0m
2024-06-21 06:46:38 info: [0mPOST /api/files/updateFileById [32m200[0m 828.097 ms - -[0m
2024-06-21 06:46:38 info: [0mGET /api/files/getFiles [32m200[0m 275.219 ms - -[0m
2024-06-21 06:46:38 info: [0mGET /api/files/getFiles [32m200[0m 335.594 ms - -[0m
2024-06-21 06:46:38 info: [0mGET /api/files/getFiles [36m304[0m 335.789 ms - -[0m
2024-06-21 06:46:46 info: [0mOPTIONS /api/files/updateFileById [32m204[0m 0.193 ms - 0[0m
2024-06-21 06:46:46 info: [0mOPTIONS /api/ia/chat [32m204[0m 0.243 ms - 0[0m
2024-06-21 06:46:46 info: [0mGET /public/Chapter4.pdf [32m200[0m 1.341 ms - 8978319[0m
2024-06-21 06:46:46 info: [0mGET /public/Chapter4.pdf [32m200[0m 5.047 ms - 8978319[0m
2024-06-21 06:46:48 info: [0mPOST /api/ia/chat [32m200[0m 2211.086 ms - -[0m
2024-06-21 06:46:49 info: [0mGET /public/Chapter4.pdf [32m200[0m 2.159 ms - 8978319[0m
2024-06-21 06:46:49 info: [0mPOST /api/files/updateFileById [32m200[0m 2536.716 ms - -[0m
2024-06-21 06:46:49 info: [0mPOST /api/files/updateFileById [32m200[0m 2541.434 ms - -[0m
2024-06-21 06:46:49 info: [0mPOST /api/files/updateFileById [32m200[0m 630.362 ms - -[0m
2024-06-21 06:46:49 info: [0mGET /api/files/getFiles [32m200[0m 349.488 ms - -[0m
2024-06-21 06:46:49 info: [0mGET /api/files/getFiles [32m200[0m 333.844 ms - -[0m
2024-06-21 06:46:50 info: [0mGET /api/files/getFiles [36m304[0m 386.916 ms - -[0m
2024-06-21 06:47:20 info: [0mOPTIONS /api/files/updateFileById [32m204[0m 0.272 ms - 0[0m
2024-06-21 06:47:21 info: [0mGET /public/Chapter4.pdf [32m200[0m 1.651 ms - 8978319[0m
2024-06-21 06:47:21 info: [0mPOST /api/files/updateFileById [32m200[0m 691.459 ms - -[0m
2024-06-21 06:47:21 info: [0mGET /api/files/getFiles [32m200[0m 473.755 ms - -[0m
2024-06-21 06:48:33 info: [0mPOST /api/files/updateFileById [0m-[0m - ms - -[0m
2024-06-21 06:48:33 info: [0mGET /api/veify-token/ [36m304[0m 4.077 ms - -[0m
2024-06-21 06:48:33 info: [0mGET /api/veify-token/ [36m304[0m 1.000 ms - -[0m
2024-06-21 06:48:34 info: [0mGET /api/organization/getOrganizations [36m304[0m 76.700 ms - -[0m
2024-06-21 06:48:34 info: [0mGET /api/roles/getRoles [36m304[0m 148.076 ms - -[0m
2024-06-21 06:48:34 info: [0mGET /api/files/getFiles [36m304[0m 339.177 ms - -[0m
2024-06-21 06:48:38 info: [0mGET /api/users/getUsers [36m304[0m 4156.707 ms - -[0m
2024-06-21 06:48:40 info: [0mOPTIONS /api/files/updateFileById [32m204[0m 0.380 ms - 0[0m
2024-06-21 06:48:40 info: [0mGET /public/Chapter4.pdf [32m200[0m 1.262 ms - 8978319[0m
2024-06-21 06:48:41 info: [0mPOST /api/files/updateFileById [32m200[0m 959.148 ms - -[0m
2024-06-21 06:48:41 info: [0mGET /api/files/getFiles [32m200[0m 334.921 ms - -[0m
2024-06-21 06:50:06 info: [0mOPTIONS /api/files/updateFileById [32m204[0m 0.201 ms - 0[0m
2024-06-21 06:50:06 info: [0mOPTIONS /api/files/updateFileById [32m204[0m 0.194 ms - 0[0m
2024-06-21 06:50:06 info: [0mGET /public/Chapter4.pdf [32m200[0m 2.341 ms - 8978319[0m
2024-06-21 06:50:06 info: [0mGET /public/Chapter4.pdf [32m200[0m 1.505 ms - 8978319[0m
2024-06-21 06:50:06 info: [0mPOST /api/files/updateFileById [32m200[0m 370.933 ms - 322[0m
2024-06-21 06:50:06 info: [0mGET /public/Chapter4.pdf [32m200[0m 3.253 ms - 8978319[0m
2024-06-21 06:50:07 info: [0mPOST /api/files/updateFileById [32m200[0m 693.820 ms - -[0m
2024-06-21 06:50:07 info: [0mGET /api/files/getFiles [32m200[0m 302.094 ms - -[0m
2024-06-21 06:50:07 info: [0mPOST /api/files/updateFileById [32m200[0m 761.985 ms - -[0m
2024-06-21 06:50:07 info: [0mGET /api/files/getFiles [32m200[0m 266.811 ms - -[0m
2024-06-21 06:50:07 info: [0mGET /api/files/getFiles [36m304[0m 334.993 ms - -[0m
2024-06-21 06:50:16 info: [0mOPTIONS /api/files/updateFileById [32m204[0m 0.353 ms - 0[0m
2024-06-21 06:50:16 info: [0mOPTIONS /api/ia/chat [32m204[0m 0.188 ms - 0[0m
2024-06-21 06:50:16 info: [0mGET /public/Chapter4.pdf [32m200[0m 2.120 ms - 8978319[0m
2024-06-21 06:50:16 info: [0mGET /public/Chapter4.pdf [32m200[0m 1.881 ms - 8978319[0m
2024-06-21 06:50:18 info: [0mPOST /api/ia/chat [32m200[0m 2117.563 ms - -[0m
2024-06-21 06:50:18 info: [0mPOST /api/files/updateFileById [32m200[0m 2427.086 ms - -[0m
2024-06-21 06:50:18 info: [0mPOST /api/files/updateFileById [32m200[0m 2416.540 ms - -[0m
2024-06-21 06:50:18 info: [0mGET /public/Chapter4.pdf [32m200[0m 1.765 ms - 8978319[0m
2024-06-21 06:50:19 info: [0mGET /api/files/getFiles [32m200[0m 528.051 ms - -[0m
2024-06-21 06:50:19 info: [0mPOST /api/files/updateFileById [32m200[0m 1020.451 ms - -[0m
2024-06-21 06:50:19 info: [0mGET /api/files/getFiles [32m200[0m 352.859 ms - -[0m
2024-06-21 06:50:19 info: [0mGET /api/files/getFiles [36m304[0m 326.196 ms - -[0m
2024-06-21 06:50:47 info: [0mOPTIONS /api/files/updateFileById [32m204[0m 0.400 ms - 0[0m
2024-06-21 06:50:48 info: [0mGET /public/Chapter4.pdf [32m200[0m 1.952 ms - 8978319[0m
2024-06-21 06:50:48 info: [0mPOST /api/files/updateFileById [32m200[0m 855.057 ms - -[0m
2024-06-21 06:50:49 info: [0mGET /api/files/getFiles [32m200[0m 526.283 ms - -[0m
2024-06-21 06:51:06 info: [0mOPTIONS /api/files/updateFileById [32m204[0m 0.435 ms - 0[0m
2024-06-21 06:51:06 info: [0mOPTIONS /api/files/updateFileById [32m204[0m 0.207 ms - 0[0m
2024-06-21 06:51:06 info: [0mGET /public/Chapter4.pdf [32m200[0m 1.993 ms - 8978319[0m
2024-06-21 06:51:06 info: [0mPOST /api/files/updateFileById [32m200[0m 342.671 ms - 322[0m
2024-06-21 06:51:06 info: [0mGET /public/Chapter4.pdf [32m200[0m 1.428 ms - 8978319[0m
2024-06-21 06:51:06 info: [0mGET /public/Chapter4.pdf [32m200[0m 1.753 ms - 8978319[0m
2024-06-21 06:51:07 info: [0mGET /api/files/getFiles [32m200[0m 348.656 ms - -[0m
2024-06-21 06:51:07 info: [0mPOST /api/files/updateFileById [32m200[0m 754.758 ms - -[0m
2024-06-21 06:51:07 info: [0mPOST /api/files/updateFileById [32m200[0m 812.873 ms - -[0m
2024-06-21 06:51:07 info: [0mGET /api/files/getFiles [32m200[0m 396.147 ms - -[0m
2024-06-21 06:51:08 info: [0mGET /api/files/getFiles [36m304[0m 537.288 ms - -[0m
2024-06-21 06:51:12 info: [0mOPTIONS /api/files/updateFileById [32m204[0m 0.139 ms - 0[0m
2024-06-21 06:51:12 info: [0mOPTIONS /api/ia/chat [32m204[0m 0.184 ms - 0[0m
2024-06-21 06:51:12 info: [0mGET /public/Chapter4.pdf [32m200[0m 2.056 ms - 8978319[0m
2024-06-21 06:51:12 info: [0mGET /public/Chapter4.pdf [32m200[0m 1.456 ms - 8978319[0m
2024-06-21 06:51:14 info: [0mPOST /api/ia/chat [32m200[0m 2398.035 ms - -[0m
2024-06-21 06:51:14 info: [0mGET /public/Chapter4.pdf [32m200[0m 1.481 ms - 8978319[0m
2024-06-21 06:51:14 info: [0mGET /public/Chapter4.pdf [32m200[0m 1.411 ms - 8978319[0m
2024-06-21 06:51:14 info: [0mPOST /api/files/updateFileById [32m200[0m 2834.868 ms - -[0m
2024-06-21 06:51:15 info: [0mPOST /api/files/updateFileById [32m200[0m 2884.133 ms - -[0m
2024-06-21 06:51:15 info: [0mPOST /api/files/updateFileById [32m200[0m 761.581 ms - -[0m
2024-06-21 06:51:15 info: [0mPOST /api/files/updateFileById [32m200[0m 791.692 ms - -[0m
2024-06-21 06:51:15 info: [0mGET /api/files/getFiles [32m200[0m 552.390 ms - -[0m
2024-06-21 06:51:15 info: [0mGET /api/files/getFiles [32m200[0m 337.656 ms - -[0m
2024-06-21 06:51:16 info: [0mGET /api/files/getFiles [36m304[0m 406.373 ms - -[0m
2024-06-21 06:51:16 info: [0mGET /api/files/getFiles [36m304[0m 522.388 ms - -[0m
2024-06-21 06:51:51 info: [0mPOST /api/files/updateFileById [0m-[0m - ms - -[0m
2024-06-21 06:51:52 info: [0mGET /api/veify-token/ [36m304[0m 1.873 ms - -[0m
2024-06-21 06:51:52 info: [0mGET /api/veify-token/ [36m304[0m 1.044 ms - -[0m
2024-06-21 06:51:52 info: [0mGET /api/organization/getOrganizations [36m304[0m 73.197 ms - -[0m
2024-06-21 06:51:52 info: [0mGET /api/roles/getRoles [36m304[0m 158.029 ms - -[0m
2024-06-21 06:51:52 info: [0mGET /api/files/getFiles [36m304[0m 368.323 ms - -[0m
2024-06-21 06:51:56 info: [0mOPTIONS /api/files/updateFileById [32m204[0m 0.261 ms - 0[0m
2024-06-21 06:51:56 info: [0mGET /api/users/getUsers [36m304[0m 4688.779 ms - -[0m
2024-06-21 06:51:56 info: [0mGET /public/Chapter4.pdf [32m200[0m 3.948 ms - 8978319[0m
2024-06-21 06:51:57 info: [0mPOST /api/files/updateFileById [32m200[0m 1143.920 ms - -[0m
2024-06-21 06:51:57 info: [0mGET /api/files/getFiles [32m200[0m 345.031 ms - -[0m
2024-06-21 06:52:10 info: [0mOPTIONS /api/files/updateFileById [32m204[0m 0.266 ms - 0[0m
2024-06-21 06:52:10 info: [0mGET /public/Texto_pruebas.pdf [32m200[0m 1.970 ms - 14613[0m
2024-06-21 06:52:10 info: [0mPOST /api/files/updateFileById [32m200[0m 282.051 ms - -[0m
2024-06-21 06:52:11 info: [0mGET /api/files/getFiles [32m200[0m 338.163 ms - -[0m
2024-06-21 06:52:27 info: [0mOPTIONS /api/files/updateFileById [32m204[0m 0.161 ms - 0[0m
2024-06-21 06:52:27 info: [0mOPTIONS /api/ia/chat [32m204[0m 0.242 ms - 0[0m
2024-06-21 06:52:27 info: [0mGET /public/Texto_pruebas.pdf [32m200[0m 1.823 ms - 14613[0m
2024-06-21 06:52:27 info: [0mGET /public/Texto_pruebas.pdf [32m200[0m 1.709 ms - 14613[0m
2024-06-21 06:52:29 info: [0mPOST /api/ia/chat [32m200[0m 1757.161 ms - 504[0m
2024-06-21 06:52:29 info: [0mGET /public/Texto_pruebas.pdf [32m200[0m 2.129 ms - 14613[0m
2024-06-21 06:52:29 info: [0mGET /public/Texto_pruebas.pdf [32m200[0m 1.514 ms - 14613[0m
2024-06-21 06:52:29 info: [0mPOST /api/files/updateFileById [32m200[0m 1902.550 ms - -[0m
2024-06-21 06:52:29 info: [0mPOST /api/files/updateFileById [32m200[0m 1898.138 ms - -[0m
2024-06-21 06:52:29 info: [0mPOST /api/files/updateFileById [32m200[0m 270.454 ms - -[0m
2024-06-21 06:52:29 info: [0mPOST /api/files/updateFileById [32m200[0m 268.648 ms - -[0m
2024-06-21 06:52:29 info: [0mGET /api/files/getFiles [32m200[0m 554.233 ms - -[0m
2024-06-21 06:52:30 info: [0mGET /api/files/getFiles [32m200[0m 338.363 ms - -[0m
2024-06-21 06:52:30 info: [0mGET /api/files/getFiles [36m304[0m 395.840 ms - -[0m
2024-06-21 06:52:31 info: [0mGET /api/files/getFiles [36m304[0m 542.437 ms - -[0m
2024-06-21 06:57:23 info: [0mOPTIONS /api/files/updateFileById [32m204[0m 0.248 ms - 0[0m
2024-06-21 06:57:23 info: [0mOPTIONS /api/files/updateFileById [32m204[0m 0.226 ms - 0[0m
2024-06-21 06:57:23 info: [0mGET /public/Texto_pruebas.pdf [32m200[0m 10.901 ms - 14613[0m
2024-06-21 06:57:23 info: [0mGET /public/Texto_pruebas.pdf [32m200[0m 11.875 ms - 14613[0m
2024-06-21 06:57:23 info: [0mGET /public/Texto_pruebas.pdf [32m200[0m 2.737 ms - 14613[0m
2024-06-21 06:57:23 info: [0mPOST /api/files/updateFileById [32m200[0m 305.693 ms - -[0m
2024-06-21 06:57:23 info: [0mPOST /api/files/updateFileById [32m200[0m 308.014 ms - 333[0m
2024-06-21 06:57:23 info: [0mPOST /api/files/updateFileById [32m200[0m 314.140 ms - -[0m
2024-06-21 06:57:23 info: [0mGET /api/files/getFiles [32m200[0m 346.000 ms - -[0m
2024-06-21 06:57:24 info: [0mGET /api/files/getFiles [36m304[0m 432.188 ms - -[0m
2024-06-21 06:57:24 info: [0mGET /api/files/getFiles [36m304[0m 416.305 ms - -[0m
2024-06-21 06:57:57 info: [0mOPTIONS /api/files/updateFileById [32m204[0m 0.217 ms - 0[0m
2024-06-21 06:57:57 info: [0mOPTIONS /api/files/updateFileById [32m204[0m 1.243 ms - 0[0m
2024-06-21 06:57:57 info: [0mGET /public/Texto_pruebas.pdf [32m200[0m 4.509 ms - 14613[0m
2024-06-21 06:57:57 info: [0mGET /public/Texto_pruebas.pdf [32m200[0m 6.890 ms - 14613[0m
2024-06-21 06:57:57 info: [0mGET /public/Texto_pruebas.pdf [32m200[0m 7.926 ms - 14613[0m
2024-06-21 06:57:57 info: [0mPOST /api/files/updateFileById [32m200[0m 297.356 ms - 333[0m
2024-06-21 06:57:57 info: [0mPOST /api/files/updateFileById [32m200[0m 316.355 ms - -[0m
2024-06-21 06:57:57 info: [0mPOST /api/files/updateFileById [32m200[0m 315.582 ms - -[0m
2024-06-21 06:57:58 info: [0mGET /api/files/getFiles [32m200[0m 410.997 ms - -[0m
2024-06-21 06:57:58 info: [0mGET /api/files/getFiles [36m304[0m 397.298 ms - -[0m
2024-06-21 06:57:59 info: [0mGET /api/files/getFiles [36m304[0m 393.559 ms - -[0m
2024-06-21 06:58:09 info: [0mOPTIONS /api/files/updateFileById [32m204[0m 0.138 ms - 0[0m
2024-06-21 06:58:09 info: [0mOPTIONS /api/ia/chat [32m204[0m 0.130 ms - 0[0m
2024-06-21 06:58:09 info: [0mGET /public/Texto_pruebas.pdf [32m200[0m 1.428 ms - 14613[0m
2024-06-21 06:58:10 info: [0mGET /public/Texto_pruebas.pdf [32m200[0m 1.906 ms - 14613[0m
2024-06-21 06:58:11 info: [0mPOST /api/ia/chat [32m200[0m 1784.451 ms - 494[0m
2024-06-21 06:58:11 info: [0mGET /public/Texto_pruebas.pdf [32m200[0m 1.093 ms - 14613[0m
2024-06-21 06:58:11 info: [0mGET /public/Texto_pruebas.pdf [32m200[0m 2.701 ms - 14613[0m
2024-06-21 06:58:11 info: [0mPOST /api/files/updateFileById [32m200[0m 1933.225 ms - -[0m
2024-06-21 06:58:11 info: [0mPOST /api/files/updateFileById [32m200[0m 1932.915 ms - -[0m
2024-06-21 06:58:11 info: [0mPOST /api/files/updateFileById [32m200[0m 269.198 ms - -[0m
2024-06-21 06:58:11 info: [0mPOST /api/files/updateFileById [32m200[0m 260.088 ms - -[0m
2024-06-21 06:58:12 info: [0mGET /api/files/getFiles [32m200[0m 352.882 ms - -[0m
2024-06-21 06:58:12 info: [0mGET /api/files/getFiles [32m200[0m 478.514 ms - -[0m
2024-06-21 06:58:13 info: [0mGET /api/files/getFiles [36m304[0m 398.804 ms - -[0m
2024-06-21 06:58:13 info: [0mGET /api/files/getFiles [36m304[0m 348.363 ms - -[0m
2024-06-21 07:02:19 info: [0mOPTIONS /api/files/updateFileById [32m204[0m 0.203 ms - 0[0m
2024-06-21 07:02:19 info: [0mOPTIONS /api/files/updateFileById [32m204[0m 0.181 ms - 0[0m
2024-06-21 07:02:19 info: [0mGET /public/Texto_pruebas.pdf [32m200[0m 6.751 ms - 14613[0m
2024-06-21 07:02:19 info: [0mGET /public/Texto_pruebas.pdf [32m200[0m 5.053 ms - 14613[0m
2024-06-21 07:02:19 info: [0mGET /public/Texto_pruebas.pdf [32m200[0m 5.405 ms - 14613[0m
2024-06-21 07:02:20 info: [0mPOST /api/files/updateFileById [32m200[0m 310.960 ms - 333[0m
2024-06-21 07:02:20 info: [0mPOST /api/files/updateFileById [32m200[0m 314.849 ms - -[0m
2024-06-21 07:02:20 info: [0mPOST /api/files/updateFileById [32m200[0m 323.891 ms - -[0m
2024-06-21 07:02:20 info: [0mGET /api/files/getFiles [32m200[0m 329.320 ms - -[0m
2024-06-21 07:02:21 info: [0mGET /api/files/getFiles [36m304[0m 469.460 ms - -[0m
2024-06-21 07:02:21 info: [0mGET /api/files/getFiles [36m304[0m 392.579 ms - -[0m
2024-06-21 07:39:46 info: [0mOPTIONS /api/files/updateFileById [32m204[0m 0.171 ms - 0[0m
2024-06-21 07:39:46 info: [0mOPTIONS /api/ia/chat [32m204[0m 1.106 ms - 0[0m
2024-06-21 07:39:46 info: [0mGET /public/Texto_pruebas.pdf [32m200[0m 1.594 ms - 14613[0m
2024-06-21 07:39:46 info: [0mGET /public/Texto_pruebas.pdf [32m200[0m 1.389 ms - 14613[0m
2024-06-21 07:39:47 info: [0mPOST /api/ia/chat [32m200[0m 1524.101 ms - 377[0m
2024-06-21 07:39:47 info: [0mGET /public/Texto_pruebas.pdf [32m200[0m 2.458 ms - 14613[0m
2024-06-21 07:39:47 info: [0mGET /public/Texto_pruebas.pdf [32m200[0m 1.167 ms - 14613[0m
2024-06-21 07:39:47 info: [0mPOST /api/files/updateFileById [32m200[0m 1672.972 ms - -[0m
2024-06-21 07:39:47 info: [0mPOST /api/files/updateFileById [32m200[0m 1660.207 ms - -[0m
2024-06-21 07:39:47 info: [0mPOST /api/files/updateFileById [32m200[0m 267.749 ms - -[0m
2024-06-21 07:39:47 info: [0mPOST /api/files/updateFileById [32m200[0m 255.005 ms - -[0m
2024-06-21 07:39:48 info: [0mGET /api/files/getFiles [32m200[0m 406.308 ms - -[0m
2024-06-21 07:39:48 info: [0mGET /api/files/getFiles [32m200[0m 397.417 ms - -[0m
2024-06-21 07:39:48 info: [0mGET /api/files/getFiles [36m304[0m 405.668 ms - -[0m
2024-06-21 07:39:49 info: [0mGET /api/files/getFiles [36m304[0m 389.913 ms - -[0m
2024-06-21 07:40:30 info: [0mOPTIONS /api/files/updateFileById [32m204[0m 0.126 ms - 0[0m
2024-06-21 07:40:30 info: [0mOPTIONS /api/files/updateFileById [32m204[0m 0.154 ms - 0[0m
2024-06-21 07:40:30 info: [0mGET /public/Texto_pruebas.pdf [32m200[0m 7.318 ms - 14613[0m
2024-06-21 07:40:30 info: [0mGET /public/Texto_pruebas.pdf [32m200[0m 4.619 ms - 14613[0m
2024-06-21 07:40:30 info: [0mGET /public/Texto_pruebas.pdf [32m200[0m 7.692 ms - 14613[0m
2024-06-21 07:40:30 info: [0mPOST /api/files/updateFileById [32m200[0m 289.413 ms - -[0m
2024-06-21 07:40:30 info: [0mPOST /api/files/updateFileById [32m200[0m 288.167 ms - -[0m
2024-06-21 07:40:30 info: [0mPOST /api/files/updateFileById [32m200[0m 291.516 ms - 333[0m
2024-06-21 07:40:30 info: [0mGET /api/files/getFiles [32m200[0m 348.572 ms - -[0m
2024-06-21 07:40:31 info: [0mGET /api/files/getFiles [36m304[0m 396.714 ms - -[0m
2024-06-21 07:40:31 info: [0mGET /api/files/getFiles [36m304[0m 397.064 ms - -[0m
2024-06-21 07:40:36 info: [0mOPTIONS /api/files/updateFileById [32m204[0m 0.119 ms - 0[0m
2024-06-21 07:40:36 info: [0mOPTIONS /api/ia/chat [32m204[0m 0.137 ms - 0[0m
2024-06-21 07:40:36 info: [0mGET /public/Texto_pruebas.pdf [32m200[0m 2.379 ms - 14613[0m
2024-06-21 07:40:36 info: [0mGET /public/Texto_pruebas.pdf [32m200[0m 1.275 ms - 14613[0m
2024-06-21 07:40:37 info: [0mPOST /api/ia/chat [32m200[0m 1393.388 ms - 445[0m
2024-06-21 07:40:37 info: [0mGET /public/Texto_pruebas.pdf [32m200[0m 1.300 ms - 14613[0m
2024-06-21 07:40:37 info: [0mGET /public/Texto_pruebas.pdf [32m200[0m 1.253 ms - 14613[0m
2024-06-21 07:40:37 info: [0mPOST /api/files/updateFileById [32m200[0m 1542.169 ms - -[0m
2024-06-21 07:40:37 info: [0mPOST /api/files/updateFileById [32m200[0m 1531.820 ms - -[0m
2024-06-21 07:40:37 info: [0mPOST /api/files/updateFileById [32m200[0m 266.044 ms - -[0m
2024-06-21 07:40:37 info: [0mPOST /api/files/updateFileById [32m200[0m 270.028 ms - -[0m
2024-06-21 07:40:38 info: [0mGET /api/files/getFiles [32m200[0m 620.424 ms - -[0m
2024-06-21 07:40:38 info: [0mGET /api/files/getFiles [32m200[0m 393.242 ms - -[0m
2024-06-21 07:40:39 info: [0mGET /api/files/getFiles [36m304[0m 411.720 ms - -[0m
2024-06-21 07:40:39 info: [0mGET /api/files/getFiles [36m304[0m 539.154 ms - -[0m
2024-06-21 07:52:45 info: [0mPOST /api/files/updateFileById [0m-[0m - ms - -[0m
2024-06-21 07:52:45 info: [0mPOST /api/files/updateFileById [0m-[0m - ms - -[0m
2024-06-21 07:52:46 info: [0mGET /api/veify-token/ [36m304[0m 3.519 ms - -[0m
2024-06-21 07:52:46 info: [0mGET /api/veify-token/ [36m304[0m 1.368 ms - -[0m
2024-06-21 07:52:46 info: [0mGET /api/organization/getOrganizations [36m304[0m 73.733 ms - -[0m
2024-06-21 07:52:46 info: [0mGET /api/roles/getRoles [36m304[0m 155.181 ms - -[0m
2024-06-21 07:52:46 info: [0mGET /api/files/getFiles [36m304[0m 397.567 ms - -[0m
2024-06-21 07:52:51 info: [0mGET /api/users/getUsers [36m304[0m 4616.010 ms - -[0m
2024-06-21 07:53:19 info: [0mOPTIONS /api/files/updateFileById [32m204[0m 0.242 ms - 0[0m
2024-06-21 07:53:20 info: [0mGET /public/Manual%20Harriet%20Lane%20de%20Pediatr%C3%ADa%20-%2022%20Edicion.pdf [32m200[0m 24.839 ms - 85319880[0m
2024-06-21 07:53:20 info: [0mPOST /api/files/updateFileById [32m200[0m 957.952 ms - -[0m
2024-06-21 07:53:20 info: [0mGET /api/files/getFiles [32m200[0m 474.293 ms - -[0m
2024-06-21 07:53:35 info: [0mOPTIONS /api/files/updateFileById [32m204[0m 0.284 ms - 0[0m
2024-06-21 07:53:35 info: [0mOPTIONS /api/ia/chat [32m204[0m 0.145 ms - 0[0m
2024-06-21 07:53:36 info: [0mGET /public/Manual%20Harriet%20Lane%20de%20Pediatr%C3%ADa%20-%2022%20Edicion.pdf [32m200[0m 1.582 ms - 85319880[0m
2024-06-21 07:53:36 info: [0mGET /public/Manual%20Harriet%20Lane%20de%20Pediatr%C3%ADa%20-%2022%20Edicion.pdf [32m200[0m 2.167 ms - 85319880[0m
2024-06-21 07:53:39 info: [0mPOST /api/ia/chat [32m200[0m 4151.631 ms - -[0m
2024-06-21 07:53:39 info: [0mPOST /api/files/updateFileById [32m200[0m 4369.351 ms - -[0m
2024-06-21 07:53:39 info: [0mPOST /api/files/updateFileById [32m200[0m 4411.586 ms - -[0m
2024-06-21 07:53:40 info: [0mGET /api/files/getFiles [32m200[0m 414.973 ms - -[0m
2024-06-21 07:53:40 info: [0mGET /public/Manual%20Harriet%20Lane%20de%20Pediatr%C3%ADa%20-%2022%20Edicion.pdf [32m200[0m 2.074 ms - 85319880[0m
2024-06-21 07:53:40 info: [0mGET /public/Manual%20Harriet%20Lane%20de%20Pediatr%C3%ADa%20-%2022%20Edicion.pdf [32m200[0m 3.357 ms - 85319880[0m
2024-06-21 07:53:40 info: [0mGET /api/files/getFiles [36m304[0m 394.156 ms - -[0m
2024-06-21 07:53:40 info: [0mPOST /api/files/updateFileById [32m200[0m 1259.617 ms - -[0m
2024-06-21 07:53:40 info: [0mPOST /api/files/updateFileById [32m200[0m 1259.076 ms - -[0m
2024-06-21 07:53:41 info: [0mGET /api/files/getFiles [32m200[0m 402.411 ms - -[0m
2024-06-21 07:53:41 info: [0mGET /api/files/getFiles [36m304[0m 402.873 ms - -[0m
2024-06-21 07:57:07 info: [0mOPTIONS /api/files/updateFileById [32m204[0m 0.493 ms - 0[0m
2024-06-21 07:57:07 info: [0mOPTIONS /api/files/updateFileById [32m204[0m 0.189 ms - 0[0m
2024-06-21 07:57:07 info: [0mOPTIONS /api/files/updateFileById [32m204[0m 0.174 ms - 0[0m
2024-06-21 07:57:07 info: [0mOPTIONS /api/files/updateFileById [32m204[0m 0.132 ms - 0[0m
2024-06-21 07:57:09 info: [0mGET /public/Manual%20Harriet%20Lane%20de%20Pediatr%C3%ADa%20-%2022%20Edicion.pdf [32m200[0m 5.083 ms - 85319880[0m
2024-06-21 07:57:09 info: [0mGET /public/Manual%20Harriet%20Lane%20de%20Pediatr%C3%ADa%20-%2022%20Edicion.pdf [32m200[0m 7.825 ms - 85319880[0m
2024-06-21 07:57:09 info: [0mGET /public/Manual%20Harriet%20Lane%20de%20Pediatr%C3%ADa%20-%2022%20Edicion.pdf [32m200[0m 6.784 ms - 85319880[0m
2024-06-21 07:57:09 info: [0mGET /public/Manual%20Harriet%20Lane%20de%20Pediatr%C3%ADa%20-%2022%20Edicion.pdf [32m200[0m 4.557 ms - 85319880[0m
2024-06-21 07:57:09 info: [0mGET /public/Manual%20Harriet%20Lane%20de%20Pediatr%C3%ADa%20-%2022%20Edicion.pdf [32m200[0m 7.162 ms - 85319880[0m
2024-06-21 07:57:09 info: [0mPOST /api/files/updateFileById [32m200[0m 2182.534 ms - 399[0m
2024-06-21 07:57:09 info: [0mPOST /api/files/updateFileById [32m200[0m 2180.771 ms - 399[0m
2024-06-21 07:57:10 info: [0mPOST /api/files/updateFileById [32m200[0m 2241.146 ms - 399[0m
2024-06-21 07:57:10 info: [0mPOST /api/files/updateFileById [32m200[0m 2277.420 ms - 399[0m
2024-06-21 07:57:10 info: [0mPOST /api/files/updateFileById [32m200[0m 2307.853 ms - 399[0m
2024-06-21 07:57:10 info: [0mGET /api/files/getFiles [32m200[0m 408.646 ms - -[0m
2024-06-21 07:57:10 info: [0mGET /api/files/getFiles [32m200[0m 335.693 ms - -[0m
2024-06-21 07:57:11 info: [0mGET /api/files/getFiles [36m304[0m 395.543 ms - -[0m
2024-06-21 07:57:11 info: [0mGET /api/files/getFiles [36m304[0m 340.914 ms - -[0m
2024-06-21 07:57:11 info: [0mGET /api/files/getFiles [36m304[0m 330.483 ms - -[0m
2024-06-21 07:57:14 info: [0mPOST /api/files/updateFileById [0m-[0m - ms - -[0m
2024-06-21 07:57:15 info: [0mGET /api/veify-token/ [36m304[0m 2.415 ms - -[0m
2024-06-21 07:57:15 info: [0mGET /api/veify-token/ [36m304[0m 1.370 ms - -[0m
2024-06-21 07:57:15 info: [0mGET /api/organization/getOrganizations [36m304[0m 74.329 ms - -[0m
2024-06-21 07:57:15 info: [0mGET /api/roles/getRoles [36m304[0m 147.961 ms - -[0m
2024-06-21 07:57:15 info: [0mGET /api/files/getFiles [36m304[0m 346.648 ms - -[0m
2024-06-21 07:57:19 info: [0mGET /api/users/getUsers [36m304[0m 3752.581 ms - -[0m
2024-06-21 07:57:51 info: [0mGET /api/veify-token/ [36m304[0m 4.269 ms - -[0m
2024-06-21 07:57:51 info: [0mGET /api/veify-token/ [36m304[0m 1.307 ms - -[0m
2024-06-21 07:57:51 info: [0mGET /api/organization/getOrganizations [36m304[0m 72.802 ms - -[0m
2024-06-21 07:57:51 info: [0mGET /api/roles/getRoles [36m304[0m 149.629 ms - -[0m
2024-06-21 07:57:51 info: [0mGET /api/files/getFiles [36m304[0m 348.733 ms - -[0m
2024-06-21 07:57:54 info: [0mOPTIONS /api/files/updateFileById [32m204[0m 0.256 ms - 0[0m
2024-06-21 07:57:54 info: [0mGET /public/Texto_pruebas.pdf [32m200[0m 3.339 ms - 14613[0m
2024-06-21 07:57:54 info: [0mPOST /api/files/updateFileById [32m200[0m 300.312 ms - -[0m
2024-06-21 07:57:55 info: [0mGET /api/files/getFiles [32m200[0m 406.998 ms - -[0m
2024-06-21 07:57:56 info: [0mGET /api/users/getUsers [36m304[0m 5179.931 ms - -[0m
2024-06-21 08:01:05 info: [0mOPTIONS /api/files/updateFileById [32m204[0m 0.320 ms - 0[0m
2024-06-21 08:01:05 info: [0mOPTIONS /api/files/updateFileById [32m204[0m 0.147 ms - 0[0m
2024-06-21 08:01:05 info: [0mOPTIONS /api/files/updateFileById [32m204[0m 0.101 ms - 0[0m
2024-06-21 08:01:05 info: [0mOPTIONS /api/files/updateFileById [32m204[0m 0.127 ms - 0[0m
2024-06-21 08:01:05 info: [0mGET /public/Texto_pruebas.pdf [32m200[0m 10.059 ms - 14613[0m
2024-06-21 08:01:05 info: [0mGET /public/Texto_pruebas.pdf [32m200[0m 12.533 ms - 14613[0m
2024-06-21 08:01:05 info: [0mGET /public/Texto_pruebas.pdf [32m200[0m 10.578 ms - 14613[0m
2024-06-21 08:01:05 info: [0mGET /public/Texto_pruebas.pdf [32m200[0m 9.909 ms - 14613[0m
2024-06-21 08:01:05 info: [0mGET /public/Texto_pruebas.pdf [32m200[0m 10.301 ms - 14613[0m
2024-06-21 08:01:05 info: [0mPOST /api/files/updateFileById [32m200[0m 306.760 ms - 333[0m
2024-06-21 08:01:05 info: [0mPOST /api/files/updateFileById [32m200[0m 302.455 ms - 333[0m
2024-06-21 08:01:05 info: [0mPOST /api/files/updateFileById [32m200[0m 297.376 ms - 333[0m
2024-06-21 08:01:05 info: [0mPOST /api/files/updateFileById [32m200[0m 301.632 ms - 333[0m
2024-06-21 08:01:05 info: [0mPOST /api/files/updateFileById [32m200[0m 306.603 ms - 333[0m
2024-06-21 08:01:06 info: [0mGET /api/files/getFiles [32m200[0m 336.792 ms - -[0m
2024-06-21 08:01:06 info: [0mGET /api/files/getFiles [36m304[0m 335.817 ms - -[0m
2024-06-21 08:01:06 info: [0mGET /api/files/getFiles [36m304[0m 340.193 ms - -[0m
2024-06-21 08:01:07 info: [0mGET /api/files/getFiles [36m304[0m 340.057 ms - -[0m
2024-06-21 08:01:07 info: [0mGET /api/files/getFiles [36m304[0m 339.798 ms - -[0m
2024-06-21 08:01:09 info: [0mPOST /api/files/updateFileById [0m-[0m - ms - -[0m
2024-06-21 08:01:10 info: [0mGET /api/veify-token/ [36m304[0m 2.035 ms - -[0m
2024-06-21 08:01:10 info: [0mGET /api/veify-token/ [36m304[0m 1.359 ms - -[0m
2024-06-21 08:01:10 info: [0mGET /api/organization/getOrganizations [36m304[0m 73.141 ms - -[0m
2024-06-21 08:01:10 info: [0mGET /api/roles/getRoles [36m304[0m 150.004 ms - -[0m
2024-06-21 08:01:10 info: [0mGET /api/files/getFiles [36m304[0m 341.636 ms - -[0m
2024-06-21 08:01:14 info: [0mGET /api/users/getUsers [36m304[0m 4154.715 ms - -[0m
2024-06-21 08:15:12 info: [0mGET /api/veify-token/ [36m304[0m 6.118 ms - -[0m
2024-06-21 08:15:12 info: [0mGET /api/veify-token/ [36m304[0m 2.334 ms - -[0m
2024-06-21 08:15:12 info: [0mGET /api/organization/getOrganizations [36m304[0m 76.894 ms - -[0m
2024-06-21 08:15:12 info: [0mGET /api/roles/getRoles [36m304[0m 143.416 ms - -[0m
2024-06-21 08:15:12 info: [0mGET /api/files/getFiles [36m304[0m 402.490 ms - -[0m
2024-06-21 08:15:16 info: [0mGET /api/users/getUsers [36m304[0m 3807.120 ms - -[0m
2024-06-21 08:16:53 info: [0mGET /api/veify-token/ [36m304[0m 2.685 ms - -[0m
2024-06-21 08:16:53 info: [0mGET /api/veify-token/ [36m304[0m 1.535 ms - -[0m
2024-06-21 08:16:54 info: [0mGET /api/organization/getOrganizations [36m304[0m 80.652 ms - -[0m
2024-06-21 08:16:54 info: [0mGET /api/roles/getRoles [36m304[0m 154.413 ms - -[0m
2024-06-21 08:16:54 info: [0mGET /api/files/getFiles [36m304[0m 346.022 ms - -[0m
2024-06-21 08:16:58 info: [0mGET /api/users/getUsers [36m304[0m 4808.672 ms - -[0m
2024-06-21 08:18:22 info: [0mGET /api/veify-token/ [36m304[0m 4.806 ms - -[0m
2024-06-21 08:18:22 info: [0mGET /api/veify-token/ [36m304[0m 1.197 ms - -[0m
2024-06-21 08:18:23 info: [0mGET /api/organization/getOrganizations [36m304[0m 72.057 ms - -[0m
2024-06-21 08:18:23 info: [0mGET /api/roles/getRoles [36m304[0m 161.350 ms - -[0m
2024-06-21 08:18:23 info: [0mGET /api/files/getFiles [36m304[0m 344.769 ms - -[0m
2024-06-21 08:18:27 info: [0mGET /api/users/getUsers [36m304[0m 4244.186 ms - -[0m
2024-06-21 08:19:58 info: [0mGET /api/veify-token/ [36m304[0m 2.806 ms - -[0m
2024-06-21 08:19:59 info: [0mGET /api/veify-token/ [36m304[0m 1.793 ms - -[0m
2024-06-21 08:19:59 info: [0mGET /api/organization/getOrganizations [36m304[0m 71.690 ms - -[0m
2024-06-21 08:19:59 info: [0mGET /api/roles/getRoles [36m304[0m 156.172 ms - -[0m
2024-06-21 08:19:59 info: [0mGET /api/files/getFiles [36m304[0m 336.203 ms - -[0m
2024-06-21 08:20:03 info: [0mGET /api/users/getUsers [36m304[0m 4215.957 ms - -[0m
2024-06-21 08:21:37 info: [0mGET /api/veify-token/ [36m304[0m 2.705 ms - -[0m
2024-06-21 08:21:37 info: [0mGET /api/veify-token/ [36m304[0m 1.936 ms - -[0m
2024-06-21 08:21:37 info: [0mGET /api/organization/getOrganizations [36m304[0m 74.604 ms - -[0m
2024-06-21 08:21:37 info: [0mGET /api/roles/getRoles [36m304[0m 160.095 ms - -[0m
2024-06-21 08:21:38 info: [0mGET /api/files/getFiles [36m304[0m 346.466 ms - -[0m
2024-06-21 08:21:42 info: [0mGET /api/users/getUsers [36m304[0m 4522.148 ms - -[0m
2024-06-21 08:22:15 info: [0mGET /api/veify-token/ [36m304[0m 6.674 ms - -[0m
2024-06-21 08:22:15 info: [0mGET /api/veify-token/ [36m304[0m 4.453 ms - -[0m
2024-06-21 08:22:16 info: [0mGET /api/organization/getOrganizations [36m304[0m 88.713 ms - -[0m
2024-06-21 08:22:16 info: [0mGET /api/roles/getRoles [36m304[0m 174.005 ms - -[0m
2024-06-21 08:22:16 info: [0mGET /api/files/getFiles [36m304[0m 352.348 ms - -[0m
2024-06-21 08:22:20 info: [0mGET /api/users/getUsers [36m304[0m 4158.862 ms - -[0m
2024-06-21 08:24:21 info: [0mGET /api/veify-token/ [36m304[0m 9.943 ms - -[0m
2024-06-21 08:24:21 info: [0mGET /api/veify-token/ [36m304[0m 2.020 ms - -[0m
2024-06-21 08:24:22 info: [0mGET /api/organization/getOrganizations [36m304[0m 79.747 ms - -[0m
2024-06-21 08:24:22 info: [0mGET /api/roles/getRoles [36m304[0m 160.895 ms - -[0m
2024-06-21 08:24:22 info: [0mGET /api/files/getFiles [36m304[0m 342.171 ms - -[0m
2024-06-21 08:24:25 info: [0mGET /api/users/getUsers [36m304[0m 3671.718 ms - -[0m
2024-06-21 08:24:56 info: [0mGET /api/veify-token/ [36m304[0m 3.722 ms - -[0m
2024-06-21 08:24:56 info: [0mGET /api/veify-token/ [36m304[0m 2.341 ms - -[0m
2024-06-21 08:24:57 info: [0mGET /api/organization/getOrganizations [36m304[0m 83.478 ms - -[0m
2024-06-21 08:24:57 info: [0mGET /api/roles/getRoles [36m304[0m 160.352 ms - -[0m
2024-06-21 08:24:57 info: [0mGET /api/files/getFiles [36m304[0m 343.758 ms - -[0m
2024-06-21 08:25:02 info: [0mGET /api/users/getUsers [36m304[0m 5095.564 ms - -[0m
2024-06-21 08:27:52 info: [0mOPTIONS /api/files/updateFileById [32m204[0m 0.333 ms - 0[0m
2024-06-21 08:27:52 info: [0mGET /public/test_largo.pdf [32m200[0m 23.541 ms - 25381301[0m
2024-06-21 08:27:53 info: [0mPOST /api/files/updateFileById [32m200[0m 650.901 ms - 327[0m
2024-06-21 08:27:53 info: [0mGET /api/files/getFiles [32m200[0m 420.571 ms - -[0m
2024-06-21 08:28:01 info: [0mOPTIONS /api/files/updateFileById [32m204[0m 0.170 ms - 0[0m
2024-06-21 08:28:01 info: [0mOPTIONS /api/ia/chat [32m204[0m 0.186 ms - 0[0m
2024-06-21 08:28:01 info: [0mGET /public/test_largo.pdf [32m200[0m 1.475 ms - 25381301[0m
2024-06-21 08:28:01 info: [0mGET /public/test_largo.pdf [32m200[0m 1.569 ms - 25381301[0m
2024-06-21 08:28:05 info: [0mPOST /api/ia/chat [32m200[0m 4196.615 ms - -[0m
2024-06-21 08:28:05 info: [0mPOST /api/files/updateFileById [32m200[0m 4315.452 ms - 413[0m
2024-06-21 08:28:05 info: [0mPOST /api/files/updateFileById [32m200[0m 4308.289 ms - 413[0m
2024-06-21 08:28:05 info: [0mGET /public/test_largo.pdf [32m200[0m 1.873 ms - 25381301[0m
2024-06-21 08:28:05 info: [0mGET /public/test_largo.pdf [32m200[0m 4.668 ms - 25381301[0m
2024-06-21 08:28:06 info: [0mGET /api/files/getFiles [32m200[0m 541.128 ms - -[0m
2024-06-21 08:28:06 info: [0mPOST /api/files/updateFileById [32m200[0m 641.943 ms - -[0m
2024-06-21 08:28:06 info: [0mPOST /api/files/updateFileById [32m200[0m 684.193 ms - -[0m
2024-06-21 08:28:06 info: [0mGET /api/files/getFiles [32m200[0m 461.681 ms - -[0m
2024-06-21 08:28:07 info: [0mGET /api/files/getFiles [36m304[0m 523.541 ms - -[0m
2024-06-21 08:28:07 info: [0mGET /api/files/getFiles [36m304[0m 340.653 ms - -[0m
2024-06-21 08:30:34 info: [0mOPTIONS /api/files/updateFileById [32m204[0m 0.643 ms - 0[0m
2024-06-21 08:30:34 info: [0mOPTIONS /api/files/updateFileById [32m204[0m 0.279 ms - 0[0m
2024-06-21 08:30:34 info: [0mGET /public/test_largo.pdf [32m200[0m 2.561 ms - 25381301[0m
2024-06-21 08:30:34 info: [0mGET /public/test_largo.pdf [32m200[0m 5.266 ms - 25381301[0m
2024-06-21 08:30:34 info: [0mGET /public/test_largo.pdf [32m200[0m 3.510 ms - 25381301[0m
2024-06-21 08:30:34 info: [0mPOST /api/files/updateFileById [32m200[0m 571.313 ms - 327[0m
2024-06-21 08:30:34 info: [0mPOST /api/files/updateFileById [32m200[0m 737.620 ms - -[0m
2024-06-21 08:30:34 info: [0mPOST /api/files/updateFileById [32m200[0m 732.123 ms - -[0m
2024-06-21 08:30:35 info: [0mGET /api/files/getFiles [32m200[0m 486.920 ms - -[0m
2024-06-21 08:30:35 info: [0mGET /api/files/getFiles [32m200[0m 334.871 ms - -[0m
2024-06-21 08:30:36 info: [0mGET /api/files/getFiles [36m304[0m 392.849 ms - -[0m
2024-06-21 08:31:12 info: [0mOPTIONS /api/files/updateFileById [32m204[0m 0.294 ms - 0[0m
2024-06-21 08:31:12 info: [0mOPTIONS /api/ia/chat [32m204[0m 0.159 ms - 0[0m
2024-06-21 08:31:12 info: [0mGET /public/test_largo.pdf [32m200[0m 2.747 ms - 25381301[0m
2024-06-21 08:31:13 info: [0mGET /public/test_largo.pdf [32m200[0m 4.276 ms - 25381301[0m
2024-06-21 08:31:17 info: [0mPOST /api/ia/chat [32m200[0m 4878.513 ms - -[0m
2024-06-21 08:31:17 info: [0mPOST /api/files/updateFileById [32m200[0m 5114.176 ms - -[0m
2024-06-21 08:31:17 info: [0mPOST /api/files/updateFileById [32m200[0m 5115.574 ms - -[0m
2024-06-21 08:31:18 info: [0mGET /public/test_largo.pdf [32m200[0m 2.203 ms - 25381301[0m
2024-06-21 08:31:18 info: [0mGET /api/files/getFiles [32m200[0m 361.677 ms - -[0m
2024-06-21 08:31:18 info: [0mGET /public/test_largo.pdf [32m200[0m 14.001 ms - 25381301[0m
2024-06-21 08:31:18 info: [0mPOST /api/files/updateFileById [32m200[0m 743.355 ms - -[0m
2024-06-21 08:31:18 info: [0mGET /api/files/getFiles [36m304[0m 330.734 ms - -[0m
2024-06-21 08:31:18 info: [0mPOST /api/files/updateFileById [32m200[0m 844.628 ms - -[0m
2024-06-21 08:31:18 info: [0mGET /api/files/getFiles [32m200[0m 272.073 ms - -[0m
2024-06-21 08:31:19 info: [0mGET /api/files/getFiles [36m304[0m 399.998 ms - -[0m
2024-06-21 08:40:18 info: [0mPOST /api/files/updateFileById [0m-[0m - ms - -[0m
2024-06-21 08:40:18 info: [0mGET /api/veify-token/ [36m304[0m 3.262 ms - -[0m
2024-06-21 08:40:18 info: [0mGET /api/veify-token/ [36m304[0m 1.833 ms - -[0m
2024-06-21 08:40:19 info: [0mGET /api/organization/getOrganizations [36m304[0m 75.897 ms - -[0m
2024-06-21 08:40:19 info: [0mGET /api/roles/getRoles [36m304[0m 160.122 ms - -[0m
2024-06-21 08:40:19 info: [0mGET /api/files/getFiles [36m304[0m 487.421 ms - -[0m
2024-06-21 08:40:23 info: [0mGET /api/users/getUsers [36m304[0m 4317.217 ms - -[0m
2024-06-21 08:40:30 info: [0mOPTIONS /api/files/updateFileById [32m204[0m 0.359 ms - 0[0m
2024-06-21 08:40:31 info: [0mGET /public/Chapter4.pdf [32m200[0m 4.929 ms - 8978319[0m
2024-06-21 08:40:31 info: [0mPOST /api/files/updateFileById [32m200[0m 728.660 ms - -[0m
2024-06-21 08:40:32 info: [0mGET /api/files/getFiles [32m200[0m 599.802 ms - -[0m
2024-06-21 08:41:14 info: [0mOPTIONS /api/files/updateFileById [32m204[0m 0.220 ms - 0[0m
2024-06-21 08:41:14 info: [0mGET /public/Manual%20Harriet%20Lane%20de%20Pediatr%C3%ADa%20-%2022%20Edicion.pdf [32m200[0m 2.053 ms - 85319880[0m
2024-06-21 08:41:15 info: [0mPOST /api/files/updateFileById [32m200[0m 875.617 ms - 399[0m
2024-06-21 08:41:15 info: [0mGET /api/files/getFiles [32m200[0m 528.483 ms - -[0m
2024-06-21 08:41:24 info: [0mOPTIONS /api/files/updateFileById [32m204[0m 0.196 ms - 0[0m
2024-06-21 08:41:24 info: [0mOPTIONS /api/ia/chat [32m204[0m 0.142 ms - 0[0m
2024-06-21 08:41:25 info: [0mGET /public/Manual%20Harriet%20Lane%20de%20Pediatr%C3%ADa%20-%2022%20Edicion.pdf [32m200[0m 3.017 ms - 85319880[0m
2024-06-21 08:41:25 info: [0mGET /public/Manual%20Harriet%20Lane%20de%20Pediatr%C3%ADa%20-%2022%20Edicion.pdf [32m200[0m 1.993 ms - 85319880[0m
2024-06-21 08:41:30 info: [0mPOST /api/ia/chat [32m200[0m 5550.608 ms - -[0m
2024-06-21 08:41:30 info: [0mOPTIONS /api/files/updateFileById [32m204[0m 0.201 ms - 0[0m
2024-06-21 08:41:30 info: [0mPOST /api/files/updateFileById [32m200[0m 5695.606 ms - 485[0m
2024-06-21 08:41:30 info: [0mPOST /api/files/updateFileById [32m200[0m 5707.378 ms - 485[0m
2024-06-21 08:41:31 info: [0mGET /api/files/getFiles [32m200[0m 625.361 ms - -[0m
2024-06-21 08:41:31 info: [0mGET /public/Manual%20Harriet%20Lane%20de%20Pediatr%C3%ADa%20-%2022%20Edicion.pdf [32m200[0m 2.774 ms - 85319880[0m
2024-06-21 08:41:31 info: [0mGET /public/Manual%20Harriet%20Lane%20de%20Pediatr%C3%ADa%20-%2022%20Edicion.pdf [32m200[0m 2.297 ms - 85319880[0m
2024-06-21 08:41:31 info: [0mPOST /api/files/updateFileById [32m200[0m 1164.721 ms - -[0m
2024-06-21 08:41:31 info: [0mPOST /api/files/updateFileById [32m200[0m 1156.365 ms - -[0m
2024-06-21 08:41:31 info: [0mGET /api/files/getFiles [36m304[0m 415.880 ms - -[0m
2024-06-21 08:41:32 info: [0mGET /api/files/getFiles [32m200[0m 532.287 ms - -[0m
2024-06-21 08:41:32 info: [0mGET /api/files/getFiles [36m304[0m 411.667 ms - -[0m
2024-06-21 08:41:33 info: [0mGET /public/Manual%20Harriet%20Lane%20de%20Pediatr%C3%ADa%20-%2022%20Edicion.pdf [32m200[0m 1.369 ms - 85319880[0m
2024-06-21 08:41:46 info: [0mPOST /api/files/updateFileById [0m-[0m - ms - -[0m
2024-06-21 08:41:46 info: [0mPOST /api/files/updateFileById [0m-[0m - ms - -[0m
2024-06-21 08:41:46 info: [0mGET /api/veify-token/ [36m304[0m 1.898 ms - -[0m
2024-06-21 08:41:46 info: [0mGET /api/veify-token/ [36m304[0m 1.045 ms - -[0m
2024-06-21 08:41:46 info: [0mGET /api/organization/getOrganizations [36m304[0m 70.808 ms - -[0m
2024-06-21 08:41:47 info: [0mGET /api/roles/getRoles [36m304[0m 151.839 ms - -[0m
2024-06-21 08:41:47 info: [0mGET /api/files/getFiles [36m304[0m 539.065 ms - -[0m
2024-06-21 08:41:51 info: [0mGET /api/users/getUsers [36m304[0m 4590.048 ms - -[0m
2024-06-21 08:41:53 info: [0mOPTIONS /api/files/updateFileById [32m204[0m 0.333 ms - 0[0m
2024-06-21 08:41:54 info: [0mGET /public/Manual%20Harriet%20Lane%20de%20Pediatr%C3%ADa%20-%2022%20Edicion.pdf [32m200[0m 1.325 ms - 85319880[0m
2024-06-21 08:41:54 info: [0mPOST /api/files/updateFileById [32m200[0m 615.872 ms - -[0m
2024-06-21 08:41:55 info: [0mGET /api/files/getFiles [32m200[0m 610.203 ms - -[0m
2024-06-21 08:42:50 info: [0mOPTIONS /api/files/updateFileById [32m204[0m 0.230 ms - 0[0m
2024-06-21 08:42:50 info: [0mOPTIONS /api/ia/chat [32m204[0m 0.132 ms - 0[0m
2024-06-21 08:42:51 info: [0mGET /public/Manual%20Harriet%20Lane%20de%20Pediatr%C3%ADa%20-%2022%20Edicion.pdf [32m200[0m 3.525 ms - 85319880[0m
2024-06-21 08:42:51 info: [0mGET /public/Manual%20Harriet%20Lane%20de%20Pediatr%C3%ADa%20-%2022%20Edicion.pdf [32m200[0m 1.829 ms - 85319880[0m
2024-06-21 08:42:54 info: [0mPOST /api/ia/chat [32m200[0m 3853.374 ms - -[0m
2024-06-21 08:42:54 info: [0mPOST /api/files/updateFileById [32m200[0m 4009.427 ms - -[0m
2024-06-21 08:42:54 info: [0mPOST /api/files/updateFileById [32m200[0m 4019.892 ms - -[0m
2024-06-21 08:42:54 info: [0mGET /api/files/getFiles [32m200[0m 412.790 ms - -[0m
2024-06-21 08:42:54 info: [0mGET /public/Manual%20Harriet%20Lane%20de%20Pediatr%C3%ADa%20-%2022%20Edicion.pdf [32m200[0m 1.729 ms - 85319880[0m
2024-06-21 08:42:54 info: [0mGET /public/Manual%20Harriet%20Lane%20de%20Pediatr%C3%ADa%20-%2022%20Edicion.pdf [32m200[0m 1.607 ms - 85319880[0m
2024-06-21 08:42:55 info: [0mPOST /api/files/updateFileById [32m200[0m 956.191 ms - -[0m
2024-06-21 08:42:55 info: [0mPOST /api/files/updateFileById [32m200[0m 953.001 ms - -[0m
2024-06-21 08:42:55 info: [0mGET /api/files/getFiles [36m304[0m 536.592 ms - -[0m
2024-06-21 08:42:55 info: [0mGET /api/files/getFiles [32m200[0m 396.433 ms - -[0m
2024-06-21 08:42:56 info: [0mGET /api/files/getFiles [36m304[0m 591.413 ms - -[0m
2024-06-21 08:43:47 info: [0mOPTIONS /api/files/updateFileById [32m204[0m 0.223 ms - 0[0m
2024-06-21 08:43:47 info: [0mOPTIONS /api/ia/chat [32m204[0m 0.231 ms - 0[0m
2024-06-21 08:43:47 info: [0mGET /public/Manual%20Harriet%20Lane%20de%20Pediatr%C3%ADa%20-%2022%20Edicion.pdf [32m200[0m 8.075 ms - 85319880[0m
2024-06-21 08:43:47 info: [0mGET /public/Manual%20Harriet%20Lane%20de%20Pediatr%C3%ADa%20-%2022%20Edicion.pdf [32m200[0m 1.990 ms - 85319880[0m
2024-06-21 08:43:53 info: [0mPOST /api/ia/chat [32m200[0m 6284.710 ms - -[0m
2024-06-21 08:43:53 info: [0mOPTIONS /api/files/updateFileById [32m204[0m 0.266 ms - 0[0m
2024-06-21 08:43:53 info: [0mPOST /api/files/updateFileById [32m200[0m 6545.952 ms - -[0m
2024-06-21 08:43:53 info: [0mPOST /api/files/updateFileById [32m200[0m 6557.592 ms - -[0m
2024-06-21 08:43:54 info: [0mGET /api/files/getFiles [32m200[0m 586.866 ms - -[0m
2024-06-21 08:43:54 info: [0mGET /api/files/getFiles [36m304[0m 437.838 ms - -[0m
2024-06-21 08:43:54 info: [0mGET /public/Manual%20Harriet%20Lane%20de%20Pediatr%C3%ADa%20-%2022%20Edicion.pdf [32m200[0m 3.776 ms - 85319880[0m
2024-06-21 08:43:54 info: [0mGET /public/Manual%20Harriet%20Lane%20de%20Pediatr%C3%ADa%20-%2022%20Edicion.pdf [32m200[0m 1.931 ms - 85319880[0m
2024-06-21 08:43:55 info: [0mPOST /api/files/updateFileById [32m200[0m 1631.270 ms - -[0m
2024-06-21 08:43:55 info: [0mPOST /api/files/updateFileById [32m200[0m 1633.952 ms - -[0m
2024-06-21 08:43:55 info: [0mGET /api/files/getFiles [32m200[0m 523.904 ms - -[0m
2024-06-21 08:43:56 info: [0mGET /api/files/getFiles [36m304[0m 425.499 ms - -[0m
2024-06-21 08:48:55 info: [0mGET / [32m200[0m 27.076 ms - 967[0m
2024-06-21 08:48:55 info: [0mGET /static/css/main.0afb09b8.css [32m200[0m 11.341 ms - -[0m
2024-06-21 08:48:55 info: [0mGET /assets/botlibre/sdk.js [32m200[0m 61.996 ms - -[0m
2024-06-21 08:48:56 info: [0mGET /static/js/main.9c717556.js [32m200[0m 31.269 ms - -[0m
2024-06-21 08:48:56 info: [0mGET /static/js/22.75550aa0.chunk.js [32m200[0m 14.577 ms - 869[0m
2024-06-21 08:48:56 info: [0mGET /assets/images/Imkchat_logo.svg [32m200[0m 13.649 ms - -[0m
2024-06-21 08:48:56 info: [0mGET /assets/icon/fabicon.webp [32m200[0m 5.354 ms - 630[0m
2024-06-21 08:48:56 info: [0mGET /static/js/344.1a498bff.chunk.js [32m200[0m 15.270 ms - -[0m
2024-06-21 08:48:56 info: [0mGET /static/js/186.a7e9cafd.chunk.js [32m200[0m 17.304 ms - -[0m
2024-06-21 08:48:56 info: [0mGET /static/media/OpenSans-Regular.9a6cfa5890d7f3eef585.ttf [32m200[0m 17.264 ms - -[0m
2024-06-21 08:48:56 info: [0mGET /assets/icon/fabicon.webp [36m304[0m 1.202 ms - -[0m
2024-06-21 08:48:58 info: [0mGET /img/icons/close.svg [32m200[0m 4.194 ms - 343[0m
2024-06-21 09:04:51 info: [0mPOST /api/files/updateFileById [0m-[0m - ms - -[0m
2024-06-21 09:09:06 info: [0mGET /api/veify-token/ [32m200[0m 2.694 ms - 967[0m
2024-06-21 09:09:06 info: [0mGET /api/veify-token/ [36m304[0m 1.596 ms - -[0m
2024-06-21 09:09:06 info: [0mGET /api/organization/getOrganizations [36m304[0m 77.612 ms - -[0m
2024-06-21 09:09:06 info: [0mGET /api/roles/getRoles [36m304[0m 147.874 ms - -[0m
2024-06-21 09:09:07 info: [0mGET /api/files/getFiles [36m304[0m 475.886 ms - -[0m
2024-06-21 09:09:10 info: [0mGET /api/users/getUsers [36m304[0m 4065.500 ms - -[0m
2024-06-21 09:09:15 info: [0mOPTIONS /api/files/updateFileById [32m204[0m 0.276 ms - 0[0m
2024-06-21 09:09:16 info: [0mGET /public/test_largo.pdf [32m200[0m 2.742 ms - 25381301[0m
2024-06-21 09:09:16 info: [0mPOST /api/files/updateFileById [32m200[0m 566.778 ms - -[0m
2024-06-21 09:09:17 info: [0mGET /api/files/getFiles [32m200[0m 529.530 ms - -[0m
2024-06-21 09:09:24 info: [0mOPTIONS /api/files/updateFileById [32m204[0m 0.161 ms - 0[0m
2024-06-21 09:09:24 info: [0mOPTIONS /api/ia/chat [32m204[0m 0.193 ms - 0[0m
2024-06-21 09:09:24 info: [0mGET /public/test_largo.pdf [32m200[0m 1.907 ms - 25381301[0m
2024-06-21 09:09:24 info: [0mGET /public/test_largo.pdf [32m200[0m 1.501 ms - 25381301[0m
2024-06-21 09:09:26 info: [0mPOST /api/ia/chat [32m200[0m 2361.018 ms - -[0m
2024-06-21 09:09:26 info: [0mPOST /api/files/updateFileById [32m200[0m 2596.019 ms - -[0m
2024-06-21 09:09:26 info: [0mPOST /api/files/updateFileById [32m200[0m 2597.528 ms - -[0m
2024-06-21 09:09:26 info: [0mGET /public/test_largo.pdf [32m200[0m 1.320 ms - 25381301[0m
2024-06-21 09:09:26 info: [0mGET /public/test_largo.pdf [32m200[0m 2.179 ms - 25381301[0m
2024-06-21 09:09:27 info: [0mPOST /api/files/updateFileById [32m200[0m 763.436 ms - -[0m
2024-06-21 09:09:27 info: [0mGET /api/files/getFiles [32m200[0m 667.608 ms - -[0m
2024-06-21 09:09:27 info: [0mPOST /api/files/updateFileById [32m200[0m 907.163 ms - -[0m
2024-06-21 09:09:27 info: [0mGET /api/files/getFiles [32m200[0m 478.854 ms - -[0m
2024-06-21 09:09:28 info: [0mGET /api/files/getFiles [36m304[0m 530.644 ms - -[0m
2024-06-21 09:09:28 info: [0mGET /api/files/getFiles [36m304[0m 493.920 ms - -[0m
2024-06-21 09:25:03 info: [0mOPTIONS /api/files/updateFileById [32m204[0m 0.356 ms - 0[0m
2024-06-21 09:25:03 info: [0mOPTIONS /api/files/updateFileById [32m204[0m 0.137 ms - 0[0m
2024-06-21 09:25:03 info: [0mGET /public/test_largo.pdf [32m200[0m 1.596 ms - 25381301[0m
2024-06-21 09:25:03 info: [0mGET /public/test_largo.pdf [32m200[0m 3.585 ms - 25381301[0m
2024-06-21 09:25:03 info: [0mGET /public/test_largo.pdf [32m200[0m 3.471 ms - 25381301[0m
2024-06-21 09:25:03 info: [0mGET /public/test_largo.pdf [32m200[0m 2.729 ms - 25381301[0m
2024-06-21 09:25:03 info: [0mGET /public/test_largo.pdf [32m200[0m 16.186 ms - 25381301[0m
2024-06-21 09:25:04 info: [0mPOST /api/files/updateFileById [32m200[0m 879.466 ms - 327[0m
2024-06-21 09:25:04 info: [0mPOST /api/files/updateFileById [32m200[0m 886.935 ms - 327[0m
2024-06-21 09:25:04 info: [0mPOST /api/files/updateFileById [32m200[0m 881.701 ms - 327[0m
2024-06-21 09:25:04 info: [0mPOST /api/files/updateFileById [32m200[0m 891.537 ms - 327[0m
2024-06-21 09:25:04 info: [0mPOST /api/files/updateFileById [32m200[0m 878.075 ms - 327[0m
2024-06-21 09:25:04 info: [0mGET /api/files/getFiles [32m200[0m 401.902 ms - -[0m
2024-06-21 09:25:04 info: [0mGET /api/files/getFiles [36m304[0m 401.820 ms - -[0m
2024-06-21 09:25:05 info: [0mGET /api/files/getFiles [36m304[0m 345.145 ms - -[0m
2024-06-21 09:25:05 info: [0mGET /api/files/getFiles [36m304[0m 397.518 ms - -[0m
2024-06-21 09:25:06 info: [0mGET /api/files/getFiles [36m304[0m 400.819 ms - -[0m
2024-06-21 09:26:20 info: [0mGET /api/veify-token/ [32m200[0m 6.022 ms - 967[0m
2024-06-21 09:26:20 info: [0mGET /api/veify-token/ [36m304[0m 2.097 ms - -[0m
2024-06-21 09:26:20 info: [0mGET /api/organization/getOrganizations [36m304[0m 75.465 ms - -[0m
2024-06-21 09:26:20 info: [0mGET /api/roles/getRoles [36m304[0m 154.989 ms - -[0m
2024-06-21 09:26:20 info: [0mGET /api/files/getFiles [36m304[0m 410.895 ms - -[0m
2024-06-21 09:26:23 info: [0mGET /api/users/getUsers [36m304[0m 3476.157 ms - -[0m
2024-06-21 09:29:24 info: [0mPOST /api/files/updateFileById [0m-[0m - ms - -[0m
2024-06-21 09:29:25 info: [0mGET /api/veify-token/ [36m304[0m 1.615 ms - -[0m
2024-06-21 09:29:25 info: [0mGET /api/veify-token/ [36m304[0m 1.949 ms - -[0m
2024-06-21 09:29:25 info: [0mGET /api/organization/getOrganizations [36m304[0m 75.066 ms - -[0m
2024-06-21 09:29:25 info: [0mGET /api/roles/getRoles [36m304[0m 159.274 ms - -[0m
2024-06-21 09:29:25 info: [0mGET /api/files/getFiles [36m304[0m 436.217 ms - -[0m
2024-06-21 09:29:29 info: [0mGET /api/users/getUsers [36m304[0m 4353.360 ms - -[0m
2024-06-21 09:29:55 info: [0mGET /api/veify-token/ [36m304[0m 2.776 ms - -[0m
2024-06-21 09:29:55 info: [0mGET /api/veify-token/ [36m304[0m 2.656 ms - -[0m
2024-06-21 09:29:58 info: [0mGET /api/veify-token/ [36m304[0m 2.135 ms - -[0m
2024-06-21 09:29:58 info: [0mGET /api/veify-token/ [36m304[0m 1.747 ms - -[0m
2024-06-21 09:30:07 info: [0mGET /api/veify-token/ [36m304[0m 1.708 ms - -[0m
2024-06-21 09:30:07 info: [0mGET /api/veify-token/ [36m304[0m 1.580 ms - -[0m
2024-06-21 09:30:21 info: [0mOPTIONS /api/login [32m204[0m 0.260 ms - 0[0m
2024-06-21 09:30:21 error: [POST] /api/login >> StatusCode:: 409, Message:: Wrong password
2024-06-21 09:30:21 info: [0mPOST /api/login [33m409[0m 279.884 ms - 28[0m
2024-06-21 09:30:27 info: [0mOPTIONS /api/login [32m204[0m 0.104 ms - 0[0m
2024-06-21 09:30:27 info: [0mPOST /api/login [32m200[0m 271.685 ms - -[0m
2024-06-21 09:30:27 info: [0mGET /api/organization/getOrganizations [36m304[0m 78.803 ms - -[0m
2024-06-21 09:30:27 info: [0mGET /api/roles/getRoles [36m304[0m 144.235 ms - -[0m
2024-06-21 09:30:27 info: [0mGET /api/organization/getOrganizations [36m304[0m 73.388 ms - -[0m
2024-06-21 09:30:28 info: [0mGET /api/roles/getRoles [36m304[0m 148.027 ms - -[0m
2024-06-21 09:30:28 info: [0mGET /api/files/getFiles [36m304[0m 345.616 ms - -[0m
2024-06-21 09:30:31 info: [0mGET /api/users/getUsers [36m304[0m 3914.375 ms - -[0m
2024-06-21 09:30:35 info: [0mGET /api/users/getUsers [36m304[0m 3832.615 ms - -[0m
2024-06-21 15:17:55 info: [0mGET /api/veify-token/ [32m200[0m 176.638 ms - 967[0m
2024-06-21 15:17:55 info: [0mGET /api/veify-token/ [36m304[0m 8.234 ms - -[0m
2024-06-21 15:17:55 info: [0mGET /api/organization/getOrganizations [36m304[0m 558.924 ms - -[0m
2024-06-21 15:17:56 info: [0mGET /api/files/getFiles [32m200[0m 882.256 ms - -[0m
2024-06-21 15:17:56 info: [0mGET /api/roles/getRoles [36m304[0m 1100.626 ms - -[0m
2024-06-21 15:17:58 info: [0mGET /api/users/getUsers [0m-[0m - ms - -[0m
2024-06-21 15:17:59 info: [0mGET /api/veify-token/ [36m304[0m 5.964 ms - -[0m
2024-06-21 15:17:59 info: [0mGET /api/veify-token/ [36m304[0m 2.727 ms - -[0m
2024-06-21 15:18:14 info: [0mOPTIONS /api/login [32m204[0m 0.485 ms - 0[0m
2024-06-21 15:18:15 info: [0mPOST /api/login [32m200[0m 393.154 ms - -[0m
2024-06-21 15:18:15 info: [0mGET /api/organization/getOrganizations [36m304[0m 74.297 ms - -[0m
2024-06-21 15:18:15 info: [0mGET /api/organization/getOrganizations [36m304[0m 112.617 ms - -[0m
2024-06-21 15:18:15 info: [0mGET /api/roles/getRoles [36m304[0m 261.222 ms - -[0m
2024-06-21 15:18:15 info: [0mGET /api/roles/getRoles [36m304[0m 142.782 ms - -[0m
2024-06-21 15:18:15 info: [0mGET /api/files/getFiles [36m304[0m 591.808 ms - -[0m
2024-06-21 15:18:19 info: [0mGET /api/users/getUsers [0m-[0m - ms - -[0m
2024-06-21 15:18:21 info: [0mGET /api/veify-token/ [36m304[0m 12.401 ms - -[0m
2024-06-21 15:18:21 info: [0mGET /api/veify-token/ [36m304[0m 2.483 ms - -[0m
2024-06-21 15:18:21 info: [0mGET /api/organization/getOrganizations [36m304[0m 73.904 ms - -[0m
2024-06-21 15:18:21 info: [0mGET /api/roles/getRoles [36m304[0m 152.847 ms - -[0m
2024-06-21 15:18:21 info: [0mGET /api/files/getFiles [36m304[0m 484.990 ms - -[0m
2024-06-21 15:18:27 info: [0mOPTIONS /api/files/updateFileById [32m204[0m 0.233 ms - 0[0m
2024-06-21 15:18:27 info: [0mOPTIONS /api/files/updateFileById [32m204[0m 0.247 ms - 0[0m
2024-06-21 15:18:27 info: [0mGET /api/users/getUsers [32m200[0m 5764.654 ms - -[0m
2024-06-21 15:18:27 info: [0mGET /public/test_largo.pdf [32m200[0m 38.672 ms - 25381301[0m
2024-06-21 15:18:27 info: [0mPOST /api/files/updateFileById [32m200[0m 683.998 ms - 327[0m
2024-06-21 15:18:28 info: [0mGET /api/files/getFiles [32m200[0m 695.121 ms - -[0m
2024-06-21 15:19:04 info: [0mOPTIONS /api/files/updateFileById [32m204[0m 0.429 ms - 0[0m
2024-06-21 15:19:04 info: [0mOPTIONS /api/ia/chat [32m204[0m 0.261 ms - 0[0m
2024-06-21 15:19:05 info: [0mGET /public/test_largo.pdf [32m200[0m 3.402 ms - 25381301[0m
2024-06-21 15:19:05 info: [0mGET /public/test_largo.pdf [32m200[0m 7.441 ms - 25381301[0m
2024-06-21 15:19:09 info: [0mPOST /api/ia/chat [32m200[0m 4778.079 ms - -[0m
2024-06-21 15:19:09 info: [0mPOST /api/files/updateFileById [32m200[0m 4932.087 ms - 403[0m
2024-06-21 15:19:09 info: [0mPOST /api/files/updateFileById [32m200[0m 4952.891 ms - 403[0m
2024-06-21 15:19:10 info: [0mGET /api/files/getFiles [32m200[0m 372.906 ms - -[0m
2024-06-21 15:19:10 info: [0mGET /public/test_largo.pdf [32m200[0m 2.648 ms - 25381301[0m
2024-06-21 15:19:10 info: [0mGET /public/test_largo.pdf [32m200[0m 3.526 ms - 25381301[0m
2024-06-21 15:19:10 info: [0mGET /api/files/getFiles [36m304[0m 406.256 ms - -[0m
2024-06-21 15:19:10 info: [0mPOST /api/files/updateFileById [32m200[0m 932.992 ms - -[0m
2024-06-21 15:19:10 info: [0mPOST /api/files/updateFileById [32m200[0m 930.300 ms - -[0m
2024-06-21 15:19:11 info: [0mGET /api/files/getFiles [32m200[0m 517.472 ms - -[0m
2024-06-21 15:19:11 info: [0mGET /api/files/getFiles [36m304[0m 336.592 ms - -[0m
2024-06-21 15:20:38 info: [0mGET /public/test_largo.pdf [32m200[0m 3.758 ms - 25381301[0m
2024-06-21 15:20:43 info: [0mGET /public/test_largo.pdf [36m304[0m 3.166 ms - -[0m
2024-06-21 15:23:34 info: [0mPOST /api/files/updateFileById [0m-[0m - ms - -[0m
2024-06-21 15:39:55 info: [0mGET /api/veify-token/ [32m200[0m 5.567 ms - 967[0m
2024-06-21 15:39:55 info: [0mGET /api/veify-token/ [36m304[0m 3.668 ms - -[0m
2024-06-21 15:39:55 info: [0mGET /api/organization/getOrganizations [36m304[0m 135.481 ms - -[0m
2024-06-21 15:39:56 info: [0mGET /api/roles/getRoles [36m304[0m 205.403 ms - -[0m
2024-06-21 15:39:56 info: [0mGET /api/files/getFiles [32m200[0m 647.936 ms - -[0m
2024-06-21 15:40:01 info: [0mGET /api/users/getUsers [36m304[0m 5537.269 ms - -[0m
2024-06-21 15:40:11 info: [0mOPTIONS /api/login [32m204[0m 0.422 ms - 0[0m
2024-06-21 15:40:11 info: [0mPOST /api/login [32m200[0m 364.710 ms - -[0m
2024-06-21 15:40:12 info: [0mGET /api/organization/getOrganizations [36m304[0m 76.848 ms - -[0m
2024-06-21 15:40:12 info: [0mGET /api/roles/getRoles [36m304[0m 143.831 ms - -[0m
2024-06-21 15:40:16 info: [0mGET /api/users/getUsers [36m304[0m 4973.548 ms - -[0m
2024-06-21 15:40:16 info: [0mOPTIONS /api/files/updateFileById [32m204[0m 0.246 ms - 0[0m
2024-06-21 15:40:24 info: [0mOPTIONS /api/files/updateFileById [32m204[0m 0.230 ms - 0[0m
2024-06-21 15:40:24 info: [0mOPTIONS /api/ia/chat [32m204[0m 0.250 ms - 0[0m
2024-06-21 15:40:25 info: [0mGET /public/Texto_pruebas.pdf [32m200[0m 28.740 ms - 14613[0m
2024-06-21 15:40:26 info: [0mPOST /api/ia/chat [32m200[0m 1733.514 ms - 473[0m
2024-06-21 15:40:26 info: [0mPOST /api/files/updateFileById [32m200[0m 1916.445 ms - 419[0m
2024-06-21 15:40:27 info: [0mGET /api/files/getFiles [32m200[0m 512.247 ms - -[0m
2024-06-21 15:40:37 info: [0mOPTIONS /api/files/updateFileById [32m204[0m 0.485 ms - 0[0m
2024-06-21 15:40:37 info: [0mGET /public/Texto_pruebas.pdf [32m200[0m 4.487 ms - 14613[0m
2024-06-21 15:40:37 info: [0mPOST /api/files/updateFileById [32m200[0m 404.579 ms - 882[0m
2024-06-21 15:40:38 info: [0mGET /api/files/getFiles [32m200[0m 527.048 ms - -[0m
2024-06-21 15:42:52 info: [0mOPTIONS /api/files/updateFileById [32m204[0m 0.218 ms - 0[0m
2024-06-21 15:42:52 info: [0mGET /public/Texto_pruebas.pdf [32m200[0m 2.539 ms - 14613[0m
2024-06-21 15:42:52 info: [0mPOST /api/files/updateFileById [32m200[0m 325.276 ms - 333[0m
2024-06-21 15:42:53 info: [0mGET /api/files/getFiles [32m200[0m 353.891 ms - -[0m
2024-06-21 15:43:03 info: [0mOPTIONS /api/files/updateFileById [32m204[0m 0.369 ms - 0[0m
2024-06-21 15:43:03 info: [0mOPTIONS /api/ia/chat [32m204[0m 0.300 ms - 0[0m
2024-06-21 15:43:03 info: [0mGET /public/Texto_pruebas.pdf [32m200[0m 4.784 ms - 14613[0m
2024-06-21 15:43:05 info: [0mPOST /api/ia/chat [32m200[0m 2229.316 ms - 624[0m
2024-06-21 15:43:05 info: [0mPOST /api/files/updateFileById [32m200[0m 2391.165 ms - 960[0m
2024-06-21 15:43:06 info: [0mGET /api/files/getFiles [32m200[0m 381.961 ms - -[0m
2024-06-21 15:44:21 info: [0mPOST /api/files/updateFileById [0m-[0m - ms - -[0m
2024-06-21 15:44:22 info: [0mGET /api/veify-token/ [36m304[0m 4.516 ms - -[0m
2024-06-21 15:44:22 info: [0mGET /api/veify-token/ [36m304[0m 2.038 ms - -[0m
2024-06-21 15:44:22 info: [0mGET /api/organization/getOrganizations [36m304[0m 73.075 ms - -[0m
2024-06-21 15:44:22 info: [0mGET /api/roles/getRoles [36m304[0m 150.667 ms - -[0m
2024-06-21 15:44:23 info: [0mGET /api/files/getFiles [36m304[0m 504.956 ms - -[0m
2024-06-21 15:44:28 info: [0mGET /api/users/getUsers [36m304[0m 5213.290 ms - -[0m
2024-06-21 15:54:43 info: [0mOPTIONS /api/files/updateFileById [32m204[0m 0.621 ms - 0[0m
2024-06-21 16:00:04 info: [0mPOST /api/files/updateFileById [0m-[0m - ms - -[0m
