2024-06-10 00:08:11 info: =================================
2024-06-10 00:08:11 info: ======= ENV: development =======
2024-06-10 00:08:11 info: 🚀 App listening on the port 5210
2024-06-10 00:08:11 info: =================================
2024-06-10 00:08:33 info: =================================
2024-06-10 00:08:33 info: ======= ENV: development =======
2024-06-10 00:08:33 info: 🚀 App listening on the port 5210
2024-06-10 00:08:33 info: =================================
2024-06-10 00:08:38 info: =================================
2024-06-10 00:08:38 info: ======= ENV: development =======
2024-06-10 00:08:38 info: 🚀 App listening on the port 5210
2024-06-10 00:08:38 info: =================================
2024-06-10 00:10:26 info: [0mGET /api/ia/chat_gpt [32m200[0m 26.081 ms - 944[0m
2024-06-10 00:10:32 info: [0mPOST /api/ia/chat_gpt [33m400[0m 296.917 ms - -[0m
2024-06-10 00:12:05 info: =================================
2024-06-10 00:12:05 info: ======= ENV: development =======
2024-06-10 00:12:05 info: 🚀 App listening on the port 5210
2024-06-10 00:12:05 info: =================================
2024-06-10 00:12:14 info: [0mPOST /api/ia/chat_gpt [32m200[0m 2948.510 ms - 786[0m
2024-06-10 00:19:35 info: =================================
2024-06-10 00:19:35 info: ======= ENV: development =======
2024-06-10 00:19:35 info: 🚀 App listening on the port 5210
2024-06-10 00:19:35 info: =================================
2024-06-10 00:19:43 info: [0mPOST /api/ia/chat_gpt [32m200[0m 4122.891 ms - -[0m
2024-06-10 11:01:30 info: =================================
2024-06-10 11:01:30 info: ======= ENV: development =======
2024-06-10 11:01:30 info: 🚀 App listening on the port 5210
2024-06-10 11:01:30 info: =================================
2024-06-10 11:03:18 info: =================================
2024-06-10 11:03:18 info: ======= ENV: development =======
2024-06-10 11:03:18 info: 🚀 App listening on the port 5210
2024-06-10 11:03:18 info: =================================
2024-06-10 11:03:43 info: [0mPOST /api/ia/upload_pdf_local [33m400[0m 9.640 ms - 21[0m
2024-06-10 11:04:37 info: [0mPOST /api/ia/upload_pdf_local [33m400[0m 541.829 ms - 21[0m
2024-06-10 11:04:53 info: =================================
2024-06-10 11:04:53 info: ======= ENV: development =======
2024-06-10 11:04:53 info: 🚀 App listening on the port 5210
2024-06-10 11:04:53 info: =================================
2024-06-10 11:05:17 info: =================================
2024-06-10 11:05:17 info: ======= ENV: development =======
2024-06-10 11:05:17 info: 🚀 App listening on the port 5210
2024-06-10 11:05:17 info: =================================
2024-06-10 11:05:23 info: [0mPOST /api/ia/upload_pdf_local [0m-[0m - ms - -[0m
2024-06-10 11:15:30 info: =================================
2024-06-10 11:15:30 info: ======= ENV: development =======
2024-06-10 11:15:30 info: 🚀 App listening on the port 5210
2024-06-10 11:15:30 info: =================================
2024-06-10 11:15:47 info: =================================
2024-06-10 11:15:47 info: ======= ENV: development =======
2024-06-10 11:15:47 info: 🚀 App listening on the port 5210
2024-06-10 11:15:47 info: =================================
2024-06-10 11:15:49 info: [0mPOST /api/ia/upload_pdf_local [32m200[0m 557.286 ms - 17[0m
2024-06-10 11:28:03 info: =================================
2024-06-10 11:28:03 info: ======= ENV: development =======
2024-06-10 11:28:03 info: 🚀 App listening on the port 5210
2024-06-10 11:28:03 info: =================================
2024-06-10 11:28:18 info: =================================
2024-06-10 11:28:18 info: ======= ENV: development =======
2024-06-10 11:28:18 info: 🚀 App listening on the port 5210
2024-06-10 11:28:18 info: =================================
2024-06-10 11:28:42 info: =================================
2024-06-10 11:28:42 info: ======= ENV: development =======
2024-06-10 11:28:42 info: 🚀 App listening on the port 5210
2024-06-10 11:28:42 info: =================================
2024-06-10 11:28:45 info: [0mPOST /api/ia/chat_gpt [33m400[0m 12.851 ms - 137[0m
2024-06-10 11:29:05 info: [0mGET /public/pdf/P7%20DESPACHO_000000009902130007_PI.pdf [32m200[0m 27.372 ms - 944[0m
2024-06-10 11:29:05 info: [0mGET /static/css/main.b65f09cb.css [32m200[0m 53.196 ms - -[0m
2024-06-10 11:29:05 info: [0mGET /assets/botlibre/sdk.js [32m200[0m 97.724 ms - -[0m
2024-06-10 11:29:06 info: [0mGET /static/js/main.4c8e17ec.js [32m200[0m 58.941 ms - -[0m
2024-06-10 11:29:06 info: [0mGET /static/js/22.75550aa0.chunk.js [32m200[0m 21.858 ms - 869[0m
2024-06-10 11:29:06 info: [0mGET /assets/images/Imkchat_logo.svg [32m200[0m 22.217 ms - -[0m
2024-06-10 11:29:06 info: [0mGET /static/js/344.1a498bff.chunk.js [32m200[0m 24.373 ms - -[0m
2024-06-10 11:29:06 info: [0mGET /manifest.json [32m200[0m 12.358 ms - 456[0m
2024-06-10 11:29:06 info: [0mGET /assets/icon/fabicon.webp [32m200[0m 15.886 ms - 630[0m
2024-06-10 11:29:42 info: =================================
2024-06-10 11:29:42 info: ======= ENV: development =======
2024-06-10 11:29:42 info: 🚀 App listening on the port 5210
2024-06-10 11:29:42 info: =================================
2024-06-10 11:29:43 info: [0mPOST /api/ia/chat_gpt [33m400[0m 10.262 ms - 133[0m
2024-06-10 11:29:55 info: [0mGET /favicon.ico [32m200[0m 3.040 ms - 944[0m
2024-06-10 11:29:56 info: [0mGET /public/P7%20DESPACHO_000000009902130007_PI.pdf [32m200[0m 7.235 ms - 64984250[0m
2024-06-10 11:30:43 info: =================================
2024-06-10 11:30:43 info: ======= ENV: development =======
2024-06-10 11:30:43 info: 🚀 App listening on the port 5210
2024-06-10 11:30:43 info: =================================
2024-06-10 11:31:04 info: =================================
2024-06-10 11:31:04 info: ======= ENV: development =======
2024-06-10 11:31:04 info: 🚀 App listening on the port 5210
2024-06-10 11:31:04 info: =================================
2024-06-10 11:31:08 info: [0mPOST /api/ia/chat_gpt [33m400[0m 10.096 ms - 133[0m
2024-06-10 11:31:35 info: [0mGET /favicon.ico [36m304[0m 3.640 ms - -[0m
2024-06-10 11:31:36 info: [0mGET /public/P7%20DESPACHO_000000009902130007_PI.pdf [32m200[0m 6.326 ms - 64984250[0m
2024-06-10 11:31:51 info: [0mPOST /api/ia/chat_gpt [33m400[0m 20.875 ms - 135[0m
2024-06-10 11:32:18 info: =================================
2024-06-10 11:32:18 info: ======= ENV: development =======
2024-06-10 11:32:18 info: 🚀 App listening on the port 5210
2024-06-10 11:32:18 info: =================================
2024-06-10 11:32:18 info: [0mPOST /api/ia/chat_gpt [33m400[0m 21.677 ms - 135[0m
2024-06-10 11:35:28 info: [0mPOST /api/ia/chat_gpt [33m400[0m 4.982 ms - 133[0m
2024-06-10 11:36:19 info: =================================
2024-06-10 11:36:19 info: ======= ENV: development =======
2024-06-10 11:36:19 info: 🚀 App listening on the port 5210
2024-06-10 11:36:19 info: =================================
2024-06-10 11:36:22 info: [0mPOST /api/ia/chat_gpt [33m400[0m 23.979 ms - 133[0m
2024-06-10 11:36:37 info: [0mGET /favicon.ico [36m304[0m 3.822 ms - -[0m
2024-06-10 11:36:37 info: [0mGET /public/P7_DESPACHO_000000009902130007_PI.pdf [32m200[0m 12.210 ms - 64984250[0m
2024-06-10 11:38:43 info: =================================
2024-06-10 11:38:43 info: ======= ENV: development =======
2024-06-10 11:38:43 info: 🚀 App listening on the port 5210
2024-06-10 11:38:43 info: =================================
2024-06-10 11:38:44 info: [0mPOST /api/ia/chat_gpt [33m400[0m 23.261 ms - 133[0m
2024-06-10 11:41:00 info: =================================
2024-06-10 11:41:00 info: ======= ENV: development =======
2024-06-10 11:41:00 info: 🚀 App listening on the port 5210
2024-06-10 11:41:00 info: =================================
2024-06-10 11:41:02 info: [0mPOST /api/ia/chat_gpt [32m200[0m 10.497 ms - -[0m
2024-06-10 11:41:32 info: =================================
2024-06-10 11:41:32 info: ======= ENV: development =======
2024-06-10 11:41:32 info: 🚀 App listening on the port 5210
2024-06-10 11:41:32 info: =================================
2024-06-10 11:41:42 info: =================================
2024-06-10 11:41:42 info: ======= ENV: development =======
2024-06-10 11:41:42 info: 🚀 App listening on the port 5210
2024-06-10 11:41:42 info: =================================
2024-06-10 11:41:43 info: [0mPOST /api/ia/chat_gpt [32m200[0m 18.018 ms - 182[0m
2024-06-10 11:42:05 info: =================================
2024-06-10 11:42:05 info: ======= ENV: development =======
2024-06-10 11:42:05 info: 🚀 App listening on the port 5210
2024-06-10 11:42:05 info: =================================
2024-06-10 11:42:06 info: [0mPOST /api/ia/chat_gpt [33m400[0m 17.820 ms - 182[0m
2024-06-10 11:42:50 info: [0mPOST /api/ia/chat_gpt [33m400[0m 4.394 ms - 146[0m
2024-06-10 11:43:03 info: [0mPOST /api/ia/chat_gpt [33m400[0m 5.399 ms - 136[0m
2024-06-10 11:43:19 info: [0mPOST /api/ia/chat_gpt [32m200[0m 4476.981 ms - -[0m
2024-06-10 11:45:39 info: =================================
2024-06-10 11:45:39 info: ======= ENV: development =======
2024-06-10 11:45:39 info: 🚀 App listening on the port 5210
2024-06-10 11:45:39 info: =================================
2024-06-10 11:46:36 info: [0mPOST /api/ia/chat_gpt [32m200[0m 20.221 ms - -[0m
2024-06-10 11:46:52 info: =================================
2024-06-10 11:46:52 info: ======= ENV: development =======
2024-06-10 11:46:52 info: 🚀 App listening on the port 5210
2024-06-10 11:46:52 info: =================================
2024-06-10 11:46:54 info: [0mPOST /api/ia/chat_gpt [32m200[0m 17.931 ms - -[0m
2024-06-10 12:06:39 info: =================================
2024-06-10 12:06:39 info: ======= ENV: development =======
2024-06-10 12:06:39 info: 🚀 App listening on the port 5210
2024-06-10 12:06:39 info: =================================
2024-06-10 12:06:49 info: [0mGET /api/veify-token/ [32m200[0m 22.959 ms - 944[0m
2024-06-10 12:06:49 info: [0mGET /api/veify-token/ [36m304[0m 4.289 ms - -[0m
2024-06-10 12:08:45 info: =================================
2024-06-10 12:08:45 info: ======= ENV: development =======
2024-06-10 12:08:45 info: 🚀 App listening on the port 5210
2024-06-10 12:08:45 info: =================================
2024-06-10 12:12:47 info: =================================
2024-06-10 12:12:47 info: ======= ENV: development =======
2024-06-10 12:12:47 info: 🚀 App listening on the port 5210
2024-06-10 12:12:47 info: =================================
2024-06-10 12:14:43 info: [0mGET /api/veify-token/ [32m200[0m 8.685 ms - 944[0m
2024-06-10 12:14:43 info: [0mGET /api/veify-token/ [36m304[0m 3.149 ms - -[0m
2024-06-10 12:46:26 info: =================================
2024-06-10 12:46:26 info: ======= ENV: development =======
2024-06-10 12:46:26 info: 🚀 App listening on the port 5210
2024-06-10 12:46:26 info: =================================
2024-06-10 12:46:29 info: [0mPOST /api/ia/chat_gpt [32m200[0m 95.130 ms - -[0m
2024-06-10 12:50:54 info: =================================
2024-06-10 12:50:54 info: ======= ENV: development =======
2024-06-10 12:50:54 info: 🚀 App listening on the port 5210
2024-06-10 12:50:54 info: =================================
2024-06-10 12:50:58 info: [0mPOST /api/ia/chat_gpt [32m200[0m 64.147 ms - -[0m
2024-06-10 12:52:01 info: =================================
2024-06-10 12:52:01 info: ======= ENV: development =======
2024-06-10 12:52:01 info: 🚀 App listening on the port 5210
2024-06-10 12:52:01 info: =================================
2024-06-10 12:52:03 info: [0mPOST /api/ia/chat_gpt [32m200[0m 73.376 ms - -[0m
2024-06-10 12:54:09 info: =================================
2024-06-10 12:54:09 info: ======= ENV: development =======
2024-06-10 12:54:09 info: 🚀 App listening on the port 5210
2024-06-10 12:54:09 info: =================================
2024-06-10 12:54:11 info: [0mPOST /api/ia/chat_gpt [32m200[0m 69.590 ms - -[0m
2024-06-10 12:55:24 info: =================================
2024-06-10 12:55:24 info: ======= ENV: development =======
2024-06-10 12:55:24 info: 🚀 App listening on the port 5210
2024-06-10 12:55:24 info: =================================
2024-06-10 12:55:26 info: [0mPOST /api/ia/chat_gpt [32m200[0m 71.645 ms - -[0m
2024-06-10 12:55:31 info: [0mPOST /api/ia/chat_gpt [32m200[0m 29.034 ms - -[0m
2024-06-10 12:55:45 info: =================================
2024-06-10 12:55:45 info: ======= ENV: development =======
2024-06-10 12:55:45 info: 🚀 App listening on the port 5210
2024-06-10 12:55:45 info: =================================
2024-06-10 12:55:47 info: [0mPOST /api/ia/chat_gpt [32m200[0m 65.244 ms - -[0m
2024-06-10 12:55:48 info: [0mPOST /api/ia/chat_gpt [32m200[0m 31.143 ms - -[0m
2024-06-10 12:59:46 info: =================================
2024-06-10 12:59:46 info: ======= ENV: development =======
2024-06-10 12:59:46 info: 🚀 App listening on the port 5210
2024-06-10 12:59:46 info: =================================
2024-06-10 12:59:51 info: [0mPOST /api/ia/chat_gpt [32m200[0m 78.876 ms - -[0m
2024-06-10 13:05:14 info: =================================
2024-06-10 13:05:14 info: ======= ENV: development =======
2024-06-10 13:05:14 info: 🚀 App listening on the port 5210
2024-06-10 13:05:14 info: =================================
2024-06-10 13:05:16 info: [0mPOST /api/ia/chat_gpt [32m200[0m 59.737 ms - -[0m
2024-06-10 13:08:57 info: =================================
2024-06-10 13:08:57 info: ======= ENV: development =======
2024-06-10 13:08:57 info: 🚀 App listening on the port 5210
2024-06-10 13:08:57 info: =================================
2024-06-10 13:09:02 info: [0mPOST /api/ia/chat_gpt [32m200[0m 68.860 ms - -[0m
2024-06-10 13:09:41 info: =================================
2024-06-10 13:09:41 info: ======= ENV: development =======
2024-06-10 13:09:41 info: 🚀 App listening on the port 5210
2024-06-10 13:09:41 info: =================================
2024-06-10 13:09:45 info: [0mPOST /api/ia/chat_gpt [32m200[0m 101.954 ms - -[0m
2024-06-10 13:12:02 info: =================================
2024-06-10 13:12:02 info: ======= ENV: development =======
2024-06-10 13:12:02 info: 🚀 App listening on the port 5210
2024-06-10 13:12:02 info: =================================
2024-06-10 13:51:56 info: [0mPOST /api/ia/chat_gpt [32m200[0m 102.724 ms - 770[0m
2024-06-10 13:54:45 info: =================================
2024-06-10 13:54:45 info: ======= ENV: development =======
2024-06-10 13:54:45 info: 🚀 App listening on the port 5210
2024-06-10 13:54:45 info: =================================
2024-06-10 14:07:28 info: =================================
2024-06-10 14:07:28 info: ======= ENV: development =======
2024-06-10 14:07:28 info: 🚀 App listening on the port 5210
2024-06-10 14:07:28 info: =================================
2024-06-10 14:08:13 info: =================================
2024-06-10 14:08:13 info: ======= ENV: development =======
2024-06-10 14:08:13 info: 🚀 App listening on the port 5210
2024-06-10 14:08:13 info: =================================
2024-06-10 14:11:51 info: =================================
2024-06-10 14:11:51 info: ======= ENV: development =======
2024-06-10 14:11:51 info: 🚀 App listening on the port 5210
2024-06-10 14:11:51 info: =================================
2024-06-10 14:12:10 info: =================================
2024-06-10 14:12:10 info: ======= ENV: development =======
2024-06-10 14:12:10 info: 🚀 App listening on the port 5210
2024-06-10 14:12:10 info: =================================
2024-06-10 14:12:38 info: =================================
2024-06-10 14:12:38 info: ======= ENV: development =======
2024-06-10 14:12:38 info: 🚀 App listening on the port 5210
2024-06-10 14:12:38 info: =================================
2024-06-10 14:13:13 info: =================================
2024-06-10 14:13:13 info: ======= ENV: development =======
2024-06-10 14:13:13 info: 🚀 App listening on the port 5210
2024-06-10 14:13:13 info: =================================
2024-06-10 14:13:34 info: =================================
2024-06-10 14:13:34 info: ======= ENV: development =======
2024-06-10 14:13:34 info: 🚀 App listening on the port 5210
2024-06-10 14:13:34 info: =================================
2024-06-10 14:14:08 info: =================================
2024-06-10 14:14:08 info: ======= ENV: development =======
2024-06-10 14:14:08 info: 🚀 App listening on the port 5210
2024-06-10 14:14:08 info: =================================
2024-06-10 14:18:52 info: =================================
2024-06-10 14:18:52 info: ======= ENV: development =======
2024-06-10 14:18:52 info: 🚀 App listening on the port 5210
2024-06-10 14:18:52 info: =================================
2024-06-10 14:19:58 info: =================================
2024-06-10 14:19:58 info: ======= ENV: development =======
2024-06-10 14:19:58 info: 🚀 App listening on the port 5210
2024-06-10 14:19:58 info: =================================
2024-06-10 14:21:24 info: =================================
2024-06-10 14:21:24 info: ======= ENV: development =======
2024-06-10 14:21:24 info: 🚀 App listening on the port 5210
2024-06-10 14:21:24 info: =================================
2024-06-10 14:22:08 info: =================================
2024-06-10 14:22:08 info: ======= ENV: development =======
2024-06-10 14:22:08 info: 🚀 App listening on the port 5210
2024-06-10 14:22:08 info: =================================
2024-06-10 14:31:39 info: =================================
2024-06-10 14:31:39 info: ======= ENV: development =======
2024-06-10 14:31:39 info: 🚀 App listening on the port 5210
2024-06-10 14:31:39 info: =================================
2024-06-10 14:32:17 info: =================================
2024-06-10 14:32:17 info: ======= ENV: development =======
2024-06-10 14:32:17 info: 🚀 App listening on the port 5210
2024-06-10 14:32:17 info: =================================
2024-06-10 14:35:39 info: =================================
2024-06-10 14:35:39 info: ======= ENV: development =======
2024-06-10 14:35:39 info: 🚀 App listening on the port 5210
2024-06-10 14:35:39 info: =================================
2024-06-10 14:36:08 info: =================================
2024-06-10 14:36:08 info: ======= ENV: development =======
2024-06-10 14:36:08 info: 🚀 App listening on the port 5210
2024-06-10 14:36:08 info: =================================
2024-06-10 14:39:55 info: =================================
2024-06-10 14:39:55 info: ======= ENV: development =======
2024-06-10 14:39:55 info: 🚀 App listening on the port 5210
2024-06-10 14:39:55 info: =================================
2024-06-10 14:40:14 info: =================================
2024-06-10 14:40:14 info: ======= ENV: development =======
2024-06-10 14:40:14 info: 🚀 App listening on the port 5210
2024-06-10 14:40:14 info: =================================
2024-06-10 14:42:04 info: =================================
2024-06-10 14:42:04 info: ======= ENV: development =======
2024-06-10 14:42:04 info: 🚀 App listening on the port 5210
2024-06-10 14:42:04 info: =================================
2024-06-10 14:42:55 info: [0mGET /api/veify-token/ [36m304[0m 6.875 ms - -[0m
2024-06-10 14:42:55 info: [0mGET /api/veify-token/ [36m304[0m 6.622 ms - -[0m
2024-06-10 14:43:07 info: [0mOPTIONS /api/login [32m204[0m 0.415 ms - 0[0m
2024-06-10 14:43:08 info: [0mPOST /api/login [32m200[0m 452.897 ms - -[0m
2024-06-10 14:43:08 info: [0mGET /api/organization/getOrganizations [32m200[0m 73.553 ms - 979[0m
2024-06-10 14:43:08 info: [0mGET /api/organization/getOrganizations [36m304[0m 77.845 ms - -[0m
2024-06-10 14:43:08 info: [0mGET /api/roles/getRoles [32m200[0m 152.797 ms - -[0m
2024-06-10 14:43:08 info: [0mGET /api/roles/getRoles [36m304[0m 140.827 ms - -[0m
2024-06-10 14:43:08 info: [0mGET /api/files/getFiles [32m200[0m 519.478 ms - -[0m
2024-06-10 14:43:10 info: [0mGET /api/users/getUsers [32m200[0m 2379.895 ms - -[0m
2024-06-10 14:43:13 info: [0mGET /api/users/getUsers [36m304[0m 2481.797 ms - -[0m
2024-06-10 14:43:20 info: [0mOPTIONS /api/files/updateFileById [32m204[0m 0.399 ms - 0[0m
2024-06-10 14:43:25 info: [0mPOST /api/files/updateFileById [32m200[0m 5012.030 ms - -[0m
2024-06-10 14:43:25 info: [0mGET /api/files/getFiles [32m200[0m 546.735 ms - -[0m
2024-06-10 14:49:25 info: =================================
2024-06-10 14:49:25 info: ======= ENV: development =======
2024-06-10 14:49:25 info: 🚀 App listening on the port 5210
2024-06-10 14:49:25 info: =================================
2024-06-10 14:53:25 info: =================================
2024-06-10 14:53:25 info: ======= ENV: development =======
2024-06-10 14:53:25 info: 🚀 App listening on the port 5210
2024-06-10 14:53:25 info: =================================
2024-06-10 14:53:29 info: [0mPOST /api/ia/chat_gpt [32m200[0m 118.605 ms - 781[0m
2024-06-10 14:53:50 info: [0mPOST /api/ia/chat_gpt [32m200[0m 92.157 ms - -[0m
2024-06-10 14:54:06 info: [0mPOST /api/ia/chat_gpt [32m200[0m 2951.492 ms - -[0m
2024-06-10 15:09:22 info: =================================
2024-06-10 15:09:22 info: ======= ENV: development =======
2024-06-10 15:09:22 info: 🚀 App listening on the port 5210
2024-06-10 15:09:22 info: =================================
2024-06-10 15:55:03 info: =================================
2024-06-10 15:55:03 info: ======= ENV: development =======
2024-06-10 15:55:03 info: 🚀 App listening on the port 5210
2024-06-10 15:55:03 info: =================================
2024-06-10 15:55:28 info: =================================
2024-06-10 15:55:28 info: ======= ENV: development =======
2024-06-10 15:55:28 info: 🚀 App listening on the port 5210
2024-06-10 15:55:28 info: =================================
2024-06-10 15:59:06 info: =================================
2024-06-10 15:59:06 info: ======= ENV: development =======
2024-06-10 15:59:06 info: 🚀 App listening on the port 5210
2024-06-10 15:59:06 info: =================================
2024-06-10 16:02:04 info: =================================
2024-06-10 16:02:04 info: ======= ENV: development =======
2024-06-10 16:02:04 info: 🚀 App listening on the port 5210
2024-06-10 16:02:04 info: =================================
2024-06-10 16:03:09 info: =================================
2024-06-10 16:03:09 info: ======= ENV: development =======
2024-06-10 16:03:09 info: 🚀 App listening on the port 5210
2024-06-10 16:03:09 info: =================================
2024-06-10 16:05:22 info: [0mOPTIONS /api/ia/upload_pdf [32m204[0m 3.488 ms - 0[0m
2024-06-10 16:19:21 info: =================================
2024-06-10 16:19:21 info: ======= ENV: development =======
2024-06-10 16:19:21 info: 🚀 App listening on the port 5210
2024-06-10 16:19:21 info: =================================
2024-06-10 16:19:21 info: [0mGET /api/veify-token/ [36m304[0m 4.184 ms - -[0m
2024-06-10 16:19:21 info: [0mGET /api/veify-token/ [36m304[0m 1.524 ms - -[0m
2024-06-10 16:19:22 info: [0mGET /api/organization/getOrganizations [36m304[0m 1010.624 ms - -[0m
2024-06-10 16:19:22 info: [0mGET /api/roles/getRoles [36m304[0m 1475.736 ms - -[0m
2024-06-10 16:19:23 info: [0mGET /api/files/getFiles [32m200[0m 1909.418 ms - -[0m
2024-06-10 16:19:25 info: [0mGET /api/users/getUsers [36m304[0m 3958.763 ms - -[0m
2024-06-10 16:19:57 info: [0mOPTIONS /api/login [32m204[0m 0.756 ms - 0[0m
2024-06-10 16:19:57 info: [0mPOST /api/login [32m200[0m 343.882 ms - -[0m
2024-06-10 16:19:57 info: [0mGET /api/organization/getOrganizations [36m304[0m 77.791 ms - -[0m
2024-06-10 16:19:57 info: [0mGET /api/roles/getRoles [36m304[0m 146.948 ms - -[0m
2024-06-10 16:19:57 info: [0mGET /api/organization/getOrganizations [36m304[0m 75.873 ms - -[0m
2024-06-10 16:19:57 info: [0mGET /api/organization/getOrganizations [36m304[0m 68.490 ms - -[0m
2024-06-10 16:19:57 info: [0mGET /api/roles/getRoles [36m304[0m 153.970 ms - -[0m
2024-06-10 16:19:58 info: [0mGET /api/roles/getRoles [36m304[0m 152.551 ms - -[0m
2024-06-10 16:20:00 info: [0mGET /api/users/getUsers [36m304[0m 3240.925 ms - -[0m
2024-06-10 16:20:04 info: [0mGET /api/users/getUsers [36m304[0m 3706.401 ms - -[0m
2024-06-10 16:20:26 info: [0mOPTIONS /api/ia/upload_pdf [32m204[0m 0.871 ms - 0[0m
2024-06-10 16:28:04 info: =================================
2024-06-10 16:28:04 info: ======= ENV: development =======
2024-06-10 16:28:04 info: 🚀 App listening on the port 5210
2024-06-10 16:28:04 info: =================================
2024-06-10 16:28:13 info: [0mGET /api/veify-token/ [36m304[0m 19.021 ms - -[0m
2024-06-10 16:28:13 info: [0mGET /api/veify-token/ [36m304[0m 2.863 ms - -[0m
2024-06-10 16:28:13 info: [0mGET /api/organization/getOrganizations [36m304[0m 77.954 ms - -[0m
2024-06-10 16:28:13 info: [0mGET /api/roles/getRoles [36m304[0m 159.114 ms - -[0m
2024-06-10 16:28:14 info: [0mGET /api/files/getFiles [32m200[0m 527.770 ms - -[0m
2024-06-10 16:28:17 info: [0mGET /api/users/getUsers [36m304[0m 3690.488 ms - -[0m
2024-06-10 16:28:24 info: [0mOPTIONS /api/ia/upload_pdf [32m204[0m 0.188 ms - 0[0m
2024-06-10 16:44:26 info: =================================
2024-06-10 16:44:26 info: ======= ENV: development =======
2024-06-10 16:44:26 info: 🚀 App listening on the port 5210
2024-06-10 16:44:26 info: =================================
2024-06-10 16:44:29 info: [0mGET /api/veify-token/ [36m304[0m 9.710 ms - -[0m
2024-06-10 16:44:29 info: [0mGET /api/veify-token/ [36m304[0m 12.430 ms - -[0m
2024-06-10 16:44:30 info: [0mGET /api/organization/getOrganizations [36m304[0m 116.945 ms - -[0m
2024-06-10 16:44:30 info: [0mGET /api/roles/getRoles [36m304[0m 197.416 ms - -[0m
2024-06-10 16:44:30 info: [0mGET /api/files/getFiles [36m304[0m 549.439 ms - -[0m
2024-06-10 16:44:33 info: [0mGET /api/users/getUsers [36m304[0m 3689.953 ms - -[0m
2024-06-10 16:44:38 info: [0mOPTIONS /api/ia/upload_pdf [32m204[0m 0.531 ms - 0[0m
2024-06-10 16:45:17 info: =================================
2024-06-10 16:45:17 info: ======= ENV: development =======
2024-06-10 16:45:17 info: 🚀 App listening on the port 5210
2024-06-10 16:45:17 info: =================================
2024-06-10 16:48:01 info: [0mGET /api/veify-token/ [36m304[0m 6.781 ms - -[0m
2024-06-10 16:48:01 info: [0mGET /api/veify-token/ [36m304[0m 6.648 ms - -[0m
2024-06-10 16:48:02 info: [0mGET /api/organization/getOrganizations [36m304[0m 114.983 ms - -[0m
2024-06-10 16:48:02 info: [0mGET /api/roles/getRoles [36m304[0m 185.677 ms - -[0m
2024-06-10 16:48:02 info: [0mGET /api/files/getFiles [36m304[0m 550.822 ms - -[0m
2024-06-10 16:48:04 info: [0mGET /api/users/getUsers [36m304[0m 2861.683 ms - -[0m
2024-06-10 16:48:11 info: [0mOPTIONS /api/ia/upload_pdf [32m204[0m 0.302 ms - 0[0m
2024-06-10 16:51:12 info: =================================
2024-06-10 16:51:12 info: ======= ENV: development =======
2024-06-10 16:51:12 info: 🚀 App listening on the port 5210
2024-06-10 16:51:12 info: =================================
2024-06-10 16:51:17 info: [0mGET /api/veify-token/ [36m304[0m 14.462 ms - -[0m
2024-06-10 16:51:17 info: [0mGET /api/veify-token/ [36m304[0m 4.395 ms - -[0m
2024-06-10 16:51:18 info: [0mGET /api/organization/getOrganizations [36m304[0m 99.451 ms - -[0m
2024-06-10 16:51:18 info: [0mGET /api/roles/getRoles [36m304[0m 171.941 ms - -[0m
2024-06-10 16:51:18 info: [0mGET /api/files/getFiles [36m304[0m 638.605 ms - -[0m
2024-06-10 16:51:22 info: [0mGET /api/users/getUsers [36m304[0m 4806.767 ms - -[0m
2024-06-10 16:51:28 info: [0mOPTIONS /api/ia/upload_pdf [32m204[0m 0.497 ms - 0[0m
2024-06-10 16:52:28 info: =================================
2024-06-10 16:52:28 info: ======= ENV: development =======
2024-06-10 16:52:28 info: 🚀 App listening on the port 5210
2024-06-10 16:52:28 info: =================================
2024-06-10 16:52:29 info: [0mGET /api/veify-token/ [36m304[0m 32.382 ms - -[0m
2024-06-10 16:52:29 info: [0mGET /api/veify-token/ [36m304[0m 4.887 ms - -[0m
2024-06-10 16:52:30 info: [0mGET /api/organization/getOrganizations [36m304[0m 102.512 ms - -[0m
2024-06-10 16:52:30 info: [0mGET /api/roles/getRoles [36m304[0m 198.556 ms - -[0m
2024-06-10 16:52:30 info: [0mGET /api/files/getFiles [36m304[0m 523.934 ms - -[0m
2024-06-10 16:52:32 info: [0mGET /api/users/getUsers [36m304[0m 2795.699 ms - -[0m
2024-06-10 16:52:39 info: [0mOPTIONS /api/ia/upload_pdf [32m204[0m 0.223 ms - 0[0m
2024-06-10 16:55:06 info: =================================
2024-06-10 16:55:06 info: ======= ENV: development =======
2024-06-10 16:55:06 info: 🚀 App listening on the port 5210
2024-06-10 16:55:06 info: =================================
2024-06-10 16:55:11 info: [0mGET /api/veify-token/ [36m304[0m 7.682 ms - -[0m
2024-06-10 16:55:11 info: [0mGET /api/veify-token/ [36m304[0m 2.111 ms - -[0m
2024-06-10 16:55:14 info: [0mGET /api/veify-token/ [36m304[0m 1.605 ms - -[0m
2024-06-10 16:55:14 info: [0mGET /api/veify-token/ [36m304[0m 1.481 ms - -[0m
2024-06-10 16:55:25 info: [0mOPTIONS /api/login [32m204[0m 0.370 ms - 0[0m
2024-06-10 16:55:25 info: [0mPOST /api/login [32m200[0m 333.506 ms - -[0m
2024-06-10 16:55:25 info: [0mGET /api/organization/getOrganizations [36m304[0m 115.945 ms - -[0m
2024-06-10 16:55:25 info: [0mGET /api/roles/getRoles [36m304[0m 185.887 ms - -[0m
2024-06-10 16:55:25 info: [0mGET /api/organization/getOrganizations [36m304[0m 72.596 ms - -[0m
2024-06-10 16:55:26 info: [0mGET /api/roles/getRoles [36m304[0m 147.397 ms - -[0m
2024-06-10 16:55:26 info: [0mGET /api/files/getFiles [36m304[0m 528.140 ms - -[0m
2024-06-10 16:55:28 info: [0mGET /api/users/getUsers [36m304[0m 2952.968 ms - -[0m
2024-06-10 16:55:33 info: [0mGET /api/users/getUsers [36m304[0m 4650.674 ms - -[0m
2024-06-10 16:55:55 info: [0mGET /api/veify-token/ [36m304[0m 3.683 ms - -[0m
2024-06-10 16:55:55 info: [0mGET /api/veify-token/ [36m304[0m 1.733 ms - -[0m
2024-06-10 16:55:55 info: [0mGET /api/organization/getOrganizations [36m304[0m 76.160 ms - -[0m
2024-06-10 16:55:55 info: [0mGET /api/roles/getRoles [36m304[0m 151.346 ms - -[0m
2024-06-10 16:55:55 info: [0mGET /api/files/getFiles [36m304[0m 525.783 ms - -[0m
2024-06-10 16:55:59 info: [0mGET /api/users/getUsers [36m304[0m 3933.732 ms - -[0m
2024-06-10 16:56:35 info: [0mGET /api/veify-token/ [36m304[0m 4.121 ms - -[0m
2024-06-10 16:56:35 info: [0mGET /api/veify-token/ [36m304[0m 7.642 ms - -[0m
2024-06-10 16:56:35 info: [0mGET /api/organization/getOrganizations [36m304[0m 75.991 ms - -[0m
2024-06-10 16:56:35 info: [0mGET /api/roles/getRoles [36m304[0m 148.847 ms - -[0m
2024-06-10 16:56:35 info: [0mGET /api/files/getFiles [36m304[0m 526.064 ms - -[0m
2024-06-10 16:56:39 info: [0mGET /api/users/getUsers [36m304[0m 3889.951 ms - -[0m
2024-06-10 17:00:46 info: [0mGET /api/veify-token/ [36m304[0m 4.090 ms - -[0m
2024-06-10 17:00:46 info: [0mGET /api/veify-token/ [36m304[0m 2.076 ms - -[0m
2024-06-10 17:00:46 info: [0mGET /api/organization/getOrganizations [36m304[0m 110.403 ms - -[0m
2024-06-10 17:00:46 info: [0mGET /api/roles/getRoles [36m304[0m 188.656 ms - -[0m
2024-06-10 17:00:47 info: [0mGET /api/files/getFiles [36m304[0m 1164.977 ms - -[0m
2024-06-10 17:00:50 info: [0mGET /api/users/getUsers [36m304[0m 4169.679 ms - -[0m
2024-06-10 17:04:48 info: =================================
2024-06-10 17:04:48 info: ======= ENV: development =======
2024-06-10 17:04:48 info: 🚀 App listening on the port 5210
2024-06-10 17:04:48 info: =================================
2024-06-10 17:05:05 info: [0mOPTIONS /api/ia/upload_pdf [32m204[0m 3.599 ms - 0[0m
2024-06-10 17:05:05 info: [0mPOST /api/ia/upload_pdf [33m400[0m 304.154 ms - 2[0m
2024-06-10 17:06:14 info: =================================
2024-06-10 17:06:14 info: ======= ENV: development =======
2024-06-10 17:06:14 info: 🚀 App listening on the port 5210
2024-06-10 17:06:14 info: =================================
2024-06-10 17:06:15 info: [0mGET /api/veify-token/ [36m304[0m 7.190 ms - -[0m
2024-06-10 17:06:15 info: [0mGET /api/veify-token/ [36m304[0m 6.071 ms - -[0m
2024-06-10 17:06:15 info: [0mGET /api/organization/getOrganizations [36m304[0m 75.281 ms - -[0m
2024-06-10 17:06:15 info: [0mGET /api/roles/getRoles [36m304[0m 154.875 ms - -[0m
2024-06-10 17:06:16 info: [0mGET /api/files/getFiles [36m304[0m 529.869 ms - -[0m
2024-06-10 17:06:19 info: [0mGET /api/users/getUsers [36m304[0m 3447.554 ms - -[0m
2024-06-10 17:06:24 info: [0mOPTIONS /api/ia/upload_pdf [32m204[0m 0.702 ms - 0[0m
2024-06-10 17:06:25 info: [0mPOST /api/ia/upload_pdf [33m400[0m 286.835 ms - 2[0m
2024-06-10 17:12:40 info: [0mGET /api/veify-token/ [36m304[0m 3.260 ms - -[0m
2024-06-10 17:12:40 info: [0mGET /api/veify-token/ [36m304[0m 1.822 ms - -[0m
2024-06-10 17:12:40 info: [0mGET /api/organization/getOrganizations [36m304[0m 84.409 ms - -[0m
2024-06-10 17:12:41 info: [0mGET /api/roles/getRoles [36m304[0m 168.021 ms - -[0m
2024-06-10 17:12:41 info: [0mGET /api/files/getFiles [36m304[0m 541.437 ms - -[0m
2024-06-10 17:12:43 info: [0mGET /api/users/getUsers [36m304[0m 2951.326 ms - -[0m
2024-06-10 17:12:52 info: [0mOPTIONS /api/ia/upload_pdf [32m204[0m 0.366 ms - 0[0m
2024-06-10 17:12:53 info: [0mPOST /api/ia/upload_pdf [33m400[0m 264.171 ms - 2[0m
2024-06-10 17:13:53 info: =================================
2024-06-10 17:13:53 info: ======= ENV: development =======
2024-06-10 17:13:53 info: 🚀 App listening on the port 5210
2024-06-10 17:13:53 info: =================================
2024-06-10 17:14:01 info: [0mGET /api/veify-token/ [36m304[0m 11.045 ms - -[0m
2024-06-10 17:14:01 info: [0mGET /api/veify-token/ [36m304[0m 2.523 ms - -[0m
2024-06-10 17:14:01 info: [0mGET /api/organization/getOrganizations [36m304[0m 86.013 ms - -[0m
2024-06-10 17:14:01 info: [0mGET /api/roles/getRoles [36m304[0m 168.832 ms - -[0m
2024-06-10 17:14:01 info: [0mGET /api/files/getFiles [36m304[0m 531.281 ms - -[0m
2024-06-10 17:14:04 info: [0mGET /api/users/getUsers [36m304[0m 2917.985 ms - -[0m
2024-06-10 17:14:07 info: [0mOPTIONS /api/ia/upload_pdf [32m204[0m 0.390 ms - 0[0m
2024-06-10 17:15:30 info: =================================
2024-06-10 17:15:30 info: ======= ENV: development =======
2024-06-10 17:15:30 info: 🚀 App listening on the port 5210
2024-06-10 17:15:30 info: =================================
2024-06-10 17:15:44 info: [0mGET /api/veify-token/ [36m304[0m 10.582 ms - -[0m
2024-06-10 17:15:44 info: [0mGET /api/veify-token/ [36m304[0m 6.109 ms - -[0m
2024-06-10 17:15:45 info: [0mGET /api/organization/getOrganizations [36m304[0m 99.956 ms - -[0m
2024-06-10 17:15:45 info: [0mGET /api/roles/getRoles [36m304[0m 202.650 ms - -[0m
2024-06-10 17:15:47 info: [0mGET /api/files/getFiles [36m304[0m 2120.067 ms - -[0m
2024-06-10 17:15:48 info: [0mGET /api/users/getUsers [36m304[0m 3224.742 ms - -[0m
2024-06-10 17:15:55 info: [0mOPTIONS /api/ia/upload_pdf [32m204[0m 0.377 ms - 0[0m
2024-06-10 17:24:52 info: =================================
2024-06-10 17:24:52 info: ======= ENV: development =======
2024-06-10 17:24:52 info: 🚀 App listening on the port 5210
2024-06-10 17:24:52 info: =================================
2024-06-10 17:24:54 info: [0mGET /api/veify-token/ [36m304[0m 12.059 ms - -[0m
2024-06-10 17:24:54 info: [0mGET /api/veify-token/ [36m304[0m 10.343 ms - -[0m
2024-06-10 17:24:54 info: [0mGET /api/organization/getOrganizations [36m304[0m 75.328 ms - -[0m
2024-06-10 17:24:55 info: [0mGET /api/roles/getRoles [36m304[0m 170.103 ms - -[0m
2024-06-10 17:24:55 info: [0mGET /api/files/getFiles [36m304[0m 564.242 ms - -[0m
2024-06-10 17:24:57 info: [0mGET /api/users/getUsers [36m304[0m 2732.618 ms - -[0m
2024-06-10 17:25:04 info: [0mOPTIONS /api/ia/upload_pdf [32m204[0m 0.459 ms - 0[0m
2024-06-10 17:26:05 info: =================================
2024-06-10 17:26:05 info: ======= ENV: development =======
2024-06-10 17:26:05 info: 🚀 App listening on the port 5210
2024-06-10 17:26:05 info: =================================
2024-06-10 17:26:05 info: [0mGET /api/veify-token/ [36m304[0m 7.651 ms - -[0m
2024-06-10 17:26:05 info: [0mGET /api/veify-token/ [36m304[0m 8.003 ms - -[0m
2024-06-10 17:26:06 info: [0mGET /api/organization/getOrganizations [36m304[0m 1098.817 ms - -[0m
2024-06-10 17:26:07 info: [0mGET /api/roles/getRoles [36m304[0m 1573.976 ms - -[0m
2024-06-10 17:26:07 info: [0mGET /api/files/getFiles [36m304[0m 2083.546 ms - -[0m
2024-06-10 17:26:09 info: [0mGET /api/users/getUsers [36m304[0m 4495.043 ms - -[0m
2024-06-10 17:26:13 info: [0mOPTIONS /api/ia/upload_pdf [32m204[0m 0.391 ms - 0[0m
2024-06-10 17:27:51 info: =================================
2024-06-10 17:27:51 info: ======= ENV: development =======
2024-06-10 17:27:51 info: 🚀 App listening on the port 5210
2024-06-10 17:27:51 info: =================================
2024-06-10 17:27:51 info: [0mGET /api/veify-token/ [36m304[0m 16.460 ms - -[0m
2024-06-10 17:27:51 info: [0mGET /api/veify-token/ [36m304[0m 5.037 ms - -[0m
2024-06-10 17:27:53 info: [0mGET /api/organization/getOrganizations [36m304[0m 1021.757 ms - -[0m
2024-06-10 17:27:53 info: [0mGET /api/roles/getRoles [36m304[0m 1375.494 ms - -[0m
2024-06-10 17:27:53 info: [0mGET /api/files/getFiles [36m304[0m 1713.961 ms - -[0m
2024-06-10 17:27:56 info: [0mGET /api/users/getUsers [36m304[0m 4720.611 ms - -[0m
2024-06-10 17:28:04 info: [0mOPTIONS /api/ia/upload_pdf [32m204[0m 0.593 ms - 0[0m
2024-06-10 17:32:37 info: =================================
2024-06-10 17:32:37 info: ======= ENV: development =======
2024-06-10 17:32:37 info: 🚀 App listening on the port 5210
2024-06-10 17:32:37 info: =================================
2024-06-10 17:32:45 info: [0mGET /api/veify-token/ [36m304[0m 9.341 ms - -[0m
2024-06-10 17:32:45 info: [0mGET /api/veify-token/ [36m304[0m 3.768 ms - -[0m
2024-06-10 17:32:46 info: [0mGET /api/organization/getOrganizations [36m304[0m 86.376 ms - -[0m
2024-06-10 17:32:46 info: [0mGET /api/roles/getRoles [36m304[0m 275.366 ms - -[0m
2024-06-10 17:32:46 info: [0mGET /api/files/getFiles [36m304[0m 671.387 ms - -[0m
2024-06-10 17:32:48 info: [0mGET /api/users/getUsers [36m304[0m 2641.106 ms - -[0m
2024-06-10 17:33:03 info: [0mOPTIONS /api/ia/upload_pdf [32m204[0m 1.327 ms - 0[0m
2024-06-10 17:37:32 info: =================================
2024-06-10 17:37:32 info: ======= ENV: development =======
2024-06-10 17:37:32 info: 🚀 App listening on the port 5210
2024-06-10 17:37:32 info: =================================
2024-06-10 17:37:42 info: [0mGET /api/veify-token/ [36m304[0m 20.225 ms - -[0m
2024-06-10 17:37:42 info: [0mGET /api/veify-token/ [36m304[0m 2.837 ms - -[0m
2024-06-10 17:37:43 info: [0mGET /api/organization/getOrganizations [36m304[0m 94.049 ms - -[0m
2024-06-10 17:37:43 info: [0mGET /api/roles/getRoles [36m304[0m 180.219 ms - -[0m
2024-06-10 17:37:43 info: [0mGET /api/files/getFiles [36m304[0m 605.251 ms - -[0m
2024-06-10 17:37:46 info: [0mGET /api/users/getUsers [36m304[0m 3956.744 ms - -[0m
2024-06-10 17:38:05 info: [0mOPTIONS /api/ia/upload_pdf [32m204[0m 2.105 ms - 0[0m
2024-06-10 17:41:18 info: =================================
2024-06-10 17:41:18 info: ======= ENV: development =======
2024-06-10 17:41:18 info: 🚀 App listening on the port 5210
2024-06-10 17:41:18 info: =================================
2024-06-10 17:41:36 info: =================================
2024-06-10 17:41:36 info: ======= ENV: development =======
2024-06-10 17:41:36 info: 🚀 App listening on the port 5210
2024-06-10 17:41:36 info: =================================
2024-06-10 17:41:45 info: [0mGET /api/veify-token/ [36m304[0m 22.560 ms - -[0m
2024-06-10 17:41:45 info: [0mGET /api/veify-token/ [36m304[0m 4.892 ms - -[0m
2024-06-10 17:41:45 info: [0mGET /api/organization/getOrganizations [36m304[0m 94.326 ms - -[0m
2024-06-10 17:41:45 info: [0mGET /api/roles/getRoles [36m304[0m 186.423 ms - -[0m
2024-06-10 17:41:46 info: [0mGET /api/files/getFiles [36m304[0m 600.860 ms - -[0m
2024-06-10 17:41:48 info: [0mGET /api/users/getUsers [36m304[0m 3095.342 ms - -[0m
2024-06-10 17:41:57 info: [0mOPTIONS /api/ia/upload_pdf [32m204[0m 0.469 ms - 0[0m
2024-06-10 17:43:27 info: =================================
2024-06-10 17:43:27 info: ======= ENV: development =======
2024-06-10 17:43:27 info: 🚀 App listening on the port 5210
2024-06-10 17:43:27 info: =================================
2024-06-10 17:43:59 info: [0mGET /api/veify-token/ [36m304[0m 13.639 ms - -[0m
2024-06-10 17:43:59 info: [0mGET /api/veify-token/ [36m304[0m 3.691 ms - -[0m
2024-06-10 17:43:59 info: [0mGET /api/organization/getOrganizations [36m304[0m 88.100 ms - -[0m
2024-06-10 17:43:59 info: [0mGET /api/roles/getRoles [36m304[0m 166.667 ms - -[0m
2024-06-10 17:44:00 info: [0mGET /api/files/getFiles [36m304[0m 557.538 ms - -[0m
2024-06-10 17:44:02 info: [0mGET /api/users/getUsers [36m304[0m 2620.864 ms - -[0m
2024-06-10 17:44:12 info: [0mOPTIONS /api/ia/upload_pdf [32m204[0m 0.465 ms - 0[0m
2024-06-10 17:45:15 info: =================================
2024-06-10 17:45:15 info: ======= ENV: development =======
2024-06-10 17:45:15 info: 🚀 App listening on the port 5210
2024-06-10 17:45:15 info: =================================
2024-06-10 17:46:13 info: =================================
2024-06-10 17:46:13 info: ======= ENV: development =======
2024-06-10 17:46:13 info: 🚀 App listening on the port 5210
2024-06-10 17:46:13 info: =================================
2024-06-10 17:46:14 info: [0mGET /api/veify-token/ [36m304[0m 25.669 ms - -[0m
2024-06-10 17:46:14 info: [0mGET /api/veify-token/ [36m304[0m 6.402 ms - -[0m
2024-06-10 17:46:15 info: [0mGET /api/organization/getOrganizations [36m304[0m 426.239 ms - -[0m
2024-06-10 17:46:15 info: [0mGET /api/roles/getRoles [36m304[0m 527.642 ms - -[0m
2024-06-10 17:46:15 info: [0mGET /api/files/getFiles [36m304[0m 840.856 ms - -[0m
2024-06-10 17:46:18 info: [0mGET /api/users/getUsers [36m304[0m 3768.712 ms - -[0m
2024-06-10 17:46:24 info: [0mOPTIONS /api/ia/upload_pdf [32m204[0m 0.603 ms - 0[0m
2024-06-10 17:48:13 info: =================================
2024-06-10 17:48:13 info: ======= ENV: development =======
2024-06-10 17:48:13 info: 🚀 App listening on the port 5210
2024-06-10 17:48:13 info: =================================
2024-06-10 17:48:16 info: [0mGET /api/veify-token/ [36m304[0m 20.562 ms - -[0m
2024-06-10 17:48:16 info: [0mGET /api/veify-token/ [36m304[0m 14.015 ms - -[0m
2024-06-10 17:48:16 info: [0mGET /api/organization/getOrganizations [36m304[0m 99.510 ms - -[0m
2024-06-10 17:48:17 info: [0mGET /api/roles/getRoles [36m304[0m 210.198 ms - -[0m
2024-06-10 17:48:17 info: [0mGET /api/files/getFiles [36m304[0m 600.137 ms - -[0m
2024-06-10 17:48:20 info: [0mGET /api/users/getUsers [36m304[0m 3242.451 ms - -[0m
2024-06-10 17:48:24 info: [0mOPTIONS /api/ia/upload_pdf [32m204[0m 1.199 ms - 0[0m
2024-06-10 17:50:41 info: =================================
2024-06-10 17:50:41 info: ======= ENV: development =======
2024-06-10 17:50:41 info: 🚀 App listening on the port 5210
2024-06-10 17:50:41 info: =================================
2024-06-10 17:50:47 info: [0mGET /api/veify-token/ [36m304[0m 15.462 ms - -[0m
2024-06-10 17:50:47 info: [0mGET /api/veify-token/ [36m304[0m 6.467 ms - -[0m
2024-06-10 17:50:48 info: [0mGET /api/organization/getOrganizations [36m304[0m 90.438 ms - -[0m
2024-06-10 17:50:48 info: [0mGET /api/roles/getRoles [36m304[0m 200.109 ms - -[0m
2024-06-10 17:50:48 info: [0mGET /api/files/getFiles [36m304[0m 598.181 ms - -[0m
2024-06-10 17:50:51 info: [0mGET /api/users/getUsers [36m304[0m 3328.549 ms - -[0m
2024-06-10 17:50:56 info: [0mOPTIONS /api/ia/upload_pdf [32m204[0m 0.701 ms - 0[0m
2024-06-10 17:51:19 info: [0mPOST /api/ia/upload_pdf [32m200[0m 23157.375 ms - 388[0m
2024-06-10 17:51:22 info: [0mOPTIONS /api/files/updateFileById [32m204[0m 0.185 ms - 0[0m
2024-06-10 17:51:23 info: [0mGET /api/files/getFiles [32m200[0m 1818.597 ms - -[0m
2024-06-10 17:52:00 info: [0mGET /public/Manual-de-Sen%CC%83alizacion-de-Transito.pdf [32m200[0m 4.694 ms - 19154460[0m
2024-06-10 17:58:37 info: =================================
2024-06-10 17:58:37 info: ======= ENV: development =======
2024-06-10 17:58:37 info: 🚀 App listening on the port 5210
2024-06-10 17:58:37 info: =================================
2024-06-10 17:58:53 info: [0mGET /api/veify-token/ [36m304[0m 24.816 ms - -[0m
2024-06-10 17:58:53 info: [0mGET /api/veify-token/ [36m304[0m 10.214 ms - -[0m
2024-06-10 17:58:54 info: [0mGET /api/organization/getOrganizations [36m304[0m 94.090 ms - -[0m
2024-06-10 17:58:54 info: [0mGET /api/roles/getRoles [32m200[0m 201.600 ms - -[0m
2024-06-10 17:58:54 info: [0mGET /api/files/getFiles [32m200[0m 631.874 ms - -[0m
2024-06-10 17:58:57 info: [0mGET /api/users/getUsers [32m200[0m 3487.969 ms - -[0m
2024-06-10 17:59:11 info: [0mOPTIONS /api/ia/upload_pdf [32m204[0m 1.393 ms - 0[0m
2024-06-10 17:59:31 info: [0mPOST /api/ia/upload_pdf [32m200[0m 20628.717 ms - 388[0m
2024-06-10 17:59:34 info: [0mOPTIONS /api/files/updateFileById [32m204[0m 0.231 ms - 0[0m
2024-06-10 17:59:35 info: [0mGET /api/files/getFiles [32m200[0m 2018.359 ms - -[0m
2024-06-10 18:00:00 info: [0mGET /public/Manual-de-Sen%CC%83alizacion-de-Transito.pdf [32m200[0m 4.039 ms - 19154460[0m
2024-06-10 18:00:36 info: =================================
2024-06-10 18:00:36 info: ======= ENV: development =======
2024-06-10 18:00:36 info: 🚀 App listening on the port 5210
2024-06-10 18:00:36 info: =================================
2024-06-10 18:01:00 info: [0mGET /public/Manual-de-Sen%CC%83alizacion-de-Transito.pdf [32m200[0m 6.299 ms - 19154460[0m
2024-06-10 18:02:25 info: =================================
2024-06-10 18:02:25 info: ======= ENV: development =======
2024-06-10 18:02:25 info: 🚀 App listening on the port 5210
2024-06-10 18:02:25 info: =================================
2024-06-10 18:03:00 info: [0mGET /public/Manual-de-Sen%CC%83alizacion-de-Transito.pdf [32m200[0m 6.632 ms - 19154460[0m
2024-06-10 18:03:47 info: =================================
2024-06-10 18:03:47 info: ======= ENV: development =======
2024-06-10 18:03:47 info: 🚀 App listening on the port 5210
2024-06-10 18:03:47 info: =================================
2024-06-10 18:04:00 info: [0mGET /public/Manual-de-Sen%CC%83alizacion-de-Transito.pdf [32m200[0m 6.654 ms - 19154460[0m
2024-06-10 18:05:31 info: =================================
2024-06-10 18:05:31 info: ======= ENV: development =======
2024-06-10 18:05:31 info: 🚀 App listening on the port 5210
2024-06-10 18:05:31 info: =================================
2024-06-10 18:05:40 info: [0mGET /api/veify-token/ [36m304[0m 7.816 ms - -[0m
2024-06-10 18:05:40 info: [0mGET /api/veify-token/ [36m304[0m 9.405 ms - -[0m
2024-06-10 18:06:00 info: [0mGET /public/Manual-de-Sen%CC%83alizacion-de-Transito.pdf [32m200[0m 3.008 ms - 19154460[0m
2024-06-10 18:06:01 info: [0mOPTIONS /api/login [32m204[0m 0.581 ms - 0[0m
2024-06-10 18:06:01 info: [0mPOST /api/login [32m200[0m 315.905 ms - -[0m
2024-06-10 18:06:01 info: [0mGET /api/organization/getOrganizations [36m304[0m 69.764 ms - -[0m
2024-06-10 18:06:01 info: [0mGET /api/organization/getOrganizations [36m304[0m 74.379 ms - -[0m
2024-06-10 18:06:01 info: [0mGET /api/roles/getRoles [36m304[0m 156.437 ms - -[0m
2024-06-10 18:06:02 info: [0mGET /api/roles/getRoles [36m304[0m 143.141 ms - -[0m
2024-06-10 18:06:02 info: [0mGET /api/files/getFiles [32m200[0m 541.957 ms - -[0m
2024-06-10 18:06:32 info: =================================
2024-06-10 18:06:32 info: ======= ENV: development =======
2024-06-10 18:06:32 info: 🚀 App listening on the port 5210
2024-06-10 18:06:32 info: =================================
2024-06-10 18:06:37 info: [0mGET /api/veify-token/ [36m304[0m 21.289 ms - -[0m
2024-06-10 18:06:37 info: [0mGET /api/veify-token/ [36m304[0m 3.438 ms - -[0m
2024-06-10 18:06:38 info: [0mGET /api/organization/getOrganizations [36m304[0m 113.216 ms - -[0m
2024-06-10 18:06:38 info: [0mGET /api/roles/getRoles [36m304[0m 193.837 ms - -[0m
2024-06-10 18:06:39 info: [0mGET /api/files/getFiles [36m304[0m 2022.226 ms - -[0m
2024-06-10 18:06:41 info: [0mGET /api/users/getUsers [36m304[0m 3186.916 ms - -[0m
2024-06-10 18:06:53 info: [0mOPTIONS /api/ia/upload_pdf [32m204[0m 1.101 ms - 0[0m
2024-06-10 18:07:04 info: [0mGET /public/Manual-de-Sen%CC%83alizacion-de-Transito.pdf [32m200[0m 71.037 ms - 19154460[0m
2024-06-10 18:08:10 info: =================================
2024-06-10 18:08:10 info: ======= ENV: development =======
2024-06-10 18:08:10 info: 🚀 App listening on the port 5210
2024-06-10 18:08:10 info: =================================
2024-06-10 18:08:10 info: [0mGET /api/veify-token/ [36m304[0m 29.149 ms - -[0m
2024-06-10 18:08:10 info: [0mGET /api/veify-token/ [36m304[0m 11.674 ms - -[0m
2024-06-10 18:08:11 info: [0mGET /api/organization/getOrganizations [36m304[0m 560.758 ms - -[0m
2024-06-10 18:08:12 info: [0mGET /api/roles/getRoles [36m304[0m 916.847 ms - -[0m
2024-06-10 18:08:12 info: [0mGET /api/files/getFiles [36m304[0m 1309.083 ms - -[0m
2024-06-10 18:08:15 info: [0mGET /api/users/getUsers [36m304[0m 4349.932 ms - -[0m
2024-06-10 18:08:20 info: [0mOPTIONS /api/ia/upload_pdf [32m204[0m 0.784 ms - 0[0m
2024-06-10 18:09:03 info: =================================
2024-06-10 18:09:03 info: ======= ENV: development =======
2024-06-10 18:09:03 info: 🚀 App listening on the port 5210
2024-06-10 18:09:03 info: =================================
2024-06-10 18:09:36 info: [0mGET /api/veify-token/ [36m304[0m 25.332 ms - -[0m
2024-06-10 18:09:36 info: [0mGET /api/veify-token/ [36m304[0m 14.077 ms - -[0m
2024-06-10 18:09:36 info: [0mGET /api/organization/getOrganizations [36m304[0m 126.355 ms - -[0m
2024-06-10 18:09:36 info: [0mGET /api/roles/getRoles [36m304[0m 218.281 ms - -[0m
2024-06-10 18:09:37 info: [0mGET /api/files/getFiles [36m304[0m 675.507 ms - -[0m
2024-06-10 18:09:39 info: [0mGET /api/users/getUsers [36m304[0m 3311.724 ms - -[0m
2024-06-10 18:09:46 info: [0mOPTIONS /api/ia/upload_pdf [32m204[0m 0.327 ms - 0[0m
2024-06-10 18:10:08 info: [0mPOST /api/ia/upload_pdf [32m200[0m 21915.644 ms - 388[0m
2024-06-10 18:10:10 info: [0mOPTIONS /api/files/updateFileById [32m204[0m 0.668 ms - 0[0m
2024-06-10 18:10:10 info: [0mGET /api/files/getFiles [32m200[0m 597.223 ms - -[0m
2024-06-10 18:11:30 info: [0mGET /favicon.ico [32m200[0m 16.445 ms - 944[0m
2024-06-10 18:11:30 info: [0mGET /public/Manual-de-Sen%CC%83alizacion-de-Transito.pdf [32m200[0m 5.980 ms - 19154460[0m
2024-06-10 18:13:11 info: =================================
2024-06-10 18:13:11 info: ======= ENV: development =======
2024-06-10 18:13:11 info: 🚀 App listening on the port 5210
2024-06-10 18:13:11 info: =================================
2024-06-10 18:13:25 info: [0mGET /api/veify-token/ [36m304[0m 19.102 ms - -[0m
2024-06-10 18:13:25 info: [0mGET /api/veify-token/ [36m304[0m 12.628 ms - -[0m
2024-06-10 18:13:26 info: [0mGET /api/organization/getOrganizations [36m304[0m 104.538 ms - -[0m
2024-06-10 18:13:26 info: [0mGET /api/roles/getRoles [36m304[0m 192.879 ms - -[0m
2024-06-10 18:13:26 info: [0mGET /api/files/getFiles [36m304[0m 629.740 ms - -[0m
2024-06-10 18:13:28 info: [0mGET /api/users/getUsers [36m304[0m 2634.210 ms - -[0m
2024-06-10 18:14:00 info: [0mOPTIONS /api/ia/upload_pdf [32m204[0m 0.762 ms - 0[0m
2024-06-10 18:14:19 info: [0mPOST /api/ia/upload_pdf [32m200[0m 18978.516 ms - 388[0m
2024-06-10 18:14:21 info: [0mGET /api/files/getFiles [32m200[0m 565.163 ms - -[0m
2024-06-10 18:14:21 info: [0mOPTIONS /api/files/updateFileById [32m204[0m 1.021 ms - 0[0m
2024-06-10 18:15:00 info: [0mGET /public/Manual-de-Sen%CC%83alizacion-de-Transito.pdf [32m200[0m 3.888 ms - 19154460[0m
2024-06-10 18:16:00 info: [0mGET /public/Manual-de-Sen%CC%83alizacion-de-Transito.pdf [32m200[0m 3.338 ms - 19154460[0m
2024-06-10 18:16:23 info: =================================
2024-06-10 18:16:23 info: ======= ENV: development =======
2024-06-10 18:16:23 info: 🚀 App listening on the port 5210
2024-06-10 18:16:23 info: =================================
2024-06-10 18:17:00 info: [0mGET /public/Manual-de-Sen%CC%83alizacion-de-Transito.pdf [32m200[0m 8.156 ms - 19154460[0m
2024-06-10 18:17:11 info: =================================
2024-06-10 18:17:11 info: ======= ENV: development =======
2024-06-10 18:17:11 info: 🚀 App listening on the port 5210
2024-06-10 18:17:11 info: =================================
2024-06-10 18:17:13 info: [0mGET /public/Manual-de-Sen%CC%83alizacion-de-Transito.pdf [32m200[0m 16.434 ms - 19154460[0m
2024-06-10 18:17:27 info: [0mGET /api/veify-token/ [36m304[0m 10.243 ms - -[0m
2024-06-10 18:17:27 info: [0mGET /api/veify-token/ [36m304[0m 3.310 ms - -[0m
2024-06-10 18:17:27 info: [0mGET /api/organization/getOrganizations [36m304[0m 144.581 ms - -[0m
2024-06-10 18:17:27 info: [0mGET /api/roles/getRoles [36m304[0m 252.049 ms - -[0m
2024-06-10 18:17:29 info: [0mGET /api/files/getFiles [36m304[0m 2141.269 ms - -[0m
2024-06-10 18:17:30 info: [0mGET /api/users/getUsers [36m304[0m 3177.461 ms - -[0m
2024-06-10 18:18:00 info: [0mGET /public/Manual-de-Sen%CC%83alizacion-de-Transito.pdf [32m200[0m 17.146 ms - 19154460[0m
2024-06-10 18:18:48 info: [0mGET /api/veify-token/ [36m304[0m 2.888 ms - -[0m
2024-06-10 18:18:48 info: [0mGET /api/veify-token/ [36m304[0m 1.575 ms - -[0m
2024-06-10 18:18:48 info: [0mGET /api/organization/getOrganizations [36m304[0m 105.733 ms - -[0m
2024-06-10 18:18:48 info: [0mGET /api/roles/getRoles [36m304[0m 190.342 ms - -[0m
2024-06-10 18:18:49 info: [0mGET /api/files/getFiles [36m304[0m 847.210 ms - -[0m
2024-06-10 18:18:51 info: [0mGET /api/users/getUsers [36m304[0m 3128.769 ms - -[0m
2024-06-10 18:19:00 info: [0mGET /public/Manual-de-Sen%CC%83alizacion-de-Transito.pdf [32m200[0m 3.802 ms - 19154460[0m
2024-06-10 18:19:07 info: [0mGET /favicon.ico [36m304[0m 1.971 ms - -[0m
2024-06-10 18:19:07 info: [0mGET /public/Manual-de-Sen%CC%83alizacion-de-Transito.pdf [32m200[0m 6.082 ms - 19154460[0m
2024-06-10 18:20:00 info: [0mGET /public/Manual-de-Sen%CC%83alizacion-de-Transito.pdf [32m200[0m 2.161 ms - 19154460[0m
2024-06-10 18:20:16 info: =================================
2024-06-10 18:20:16 info: ======= ENV: development =======
2024-06-10 18:20:16 info: 🚀 App listening on the port 5210
2024-06-10 18:20:16 info: =================================
2024-06-10 18:20:17 info: [0mGET /public/Manual-de-Sen%CC%83alizacion-de-Transito.pdf [32m200[0m 8.099 ms - 19154460[0m
2024-06-10 18:21:00 info: [0mGET /public/Manual-de-Sen%CC%83alizacion-de-Transito.pdf [32m200[0m 7.228 ms - 19154460[0m
2024-06-10 18:21:18 info: =================================
2024-06-10 18:21:18 info: ======= ENV: development =======
2024-06-10 18:21:18 info: 🚀 App listening on the port 5210
2024-06-10 18:21:18 info: =================================
2024-06-10 18:21:20 info: [0mGET /public/Manual-de-Sen%CC%83alizacion-de-Transito.pdf [32m200[0m 6.101 ms - 19154460[0m
2024-06-10 18:22:00 info: [0mGET /public/Manual-de-Sen%CC%83alizacion-de-Transito.pdf [32m200[0m 2.257 ms - 19154460[0m
2024-06-10 18:22:30 info: =================================
2024-06-10 18:22:30 info: ======= ENV: development =======
2024-06-10 18:22:30 info: 🚀 App listening on the port 5210
2024-06-10 18:22:30 info: =================================
2024-06-10 18:22:31 info: [0mGET /public/Manual-de-Sen%CC%83alizacion-de-Transito.pdf [32m200[0m 7.051 ms - 19154460[0m
2024-06-10 18:26:39 info: =================================
2024-06-10 18:26:39 info: ======= ENV: development =======
2024-06-10 18:26:39 info: 🚀 App listening on the port 5210
2024-06-10 18:26:39 info: =================================
2024-06-10 18:26:40 info: [0mGET /public/Manual-de-Sen%CC%83alizacion-de-Transito.pdf [32m200[0m 8.257 ms - 19154460[0m
2024-06-10 18:29:27 info: =================================
2024-06-10 18:29:27 info: ======= ENV: development =======
2024-06-10 18:29:27 info: 🚀 App listening on the port 5210
2024-06-10 18:29:27 info: =================================
2024-06-10 18:29:29 info: [0mGET /public/Manual-de-Sen%CC%83alizacion-de-Transito.pdf [32m200[0m 8.351 ms - 19154460[0m
2024-06-10 18:31:25 info: =================================
2024-06-10 18:31:25 info: ======= ENV: development =======
2024-06-10 18:31:25 info: 🚀 App listening on the port 5210
2024-06-10 18:31:25 info: =================================
2024-06-10 18:31:27 info: [0mGET /public/Manual-de-Sen%CC%83alizacion-de-Transito.pdf [32m200[0m 6.401 ms - 19154460[0m
2024-06-10 18:33:30 info: =================================
2024-06-10 18:33:30 info: ======= ENV: development =======
2024-06-10 18:33:30 info: 🚀 App listening on the port 5210
2024-06-10 18:33:30 info: =================================
2024-06-10 18:33:32 info: [0mGET /public/Manual-de-Sen%CC%83alizacion-de-Transito.pdf [32m200[0m 6.509 ms - 19154460[0m
