2024-06-25 13:06:01 info: =================================
2024-06-25 13:06:01 info: ======= ENV: development =======
2024-06-25 13:06:01 info: 🚀 App listening on the port 5210
2024-06-25 13:06:01 info: =================================
2024-06-25 13:06:11 info: [0mGET /api/veify-token/ [32m200[0m 19.634 ms - 967[0m
2024-06-25 13:06:11 info: [0mGET /api/veify-token/ [36m304[0m 2.770 ms - -[0m
2024-06-25 13:06:12 info: [0mGET /api/organization/getOrganizations [32m200[0m 74.914 ms - 979[0m
2024-06-25 13:06:12 info: [0mGET /api/roles/getRoles [32m200[0m 167.414 ms - -[0m
2024-06-25 13:06:12 info: [0mGET /api/files/getFiles [32m200[0m 316.094 ms - -[0m
2024-06-25 13:06:14 info: [0mGET /api/users/getUsers [32m200[0m 2543.846 ms - -[0m
2024-06-25 13:06:16 info: [0mGET /api/veify-token/ [36m304[0m 3.032 ms - -[0m
2024-06-25 13:06:16 info: [0mGET /api/veify-token/ [36m304[0m 2.319 ms - -[0m
2024-06-25 13:06:38 info: [0mOPTIONS /api/login [32m204[0m 0.460 ms - 0[0m
2024-06-25 13:06:38 info: [0mPOST /api/login [32m200[0m 371.749 ms - -[0m
2024-06-25 13:06:38 info: [0mGET /api/organization/getOrganizations [36m304[0m 65.912 ms - -[0m
2024-06-25 13:06:38 info: [0mGET /api/organization/getOrganizations [36m304[0m 62.144 ms - -[0m
2024-06-25 13:06:38 info: [0mGET /api/roles/getRoles [36m304[0m 132.913 ms - -[0m
2024-06-25 13:06:38 info: [0mGET /api/roles/getRoles [36m304[0m 124.739 ms - -[0m
2024-06-25 13:06:38 info: [0mGET /api/files/getFiles [36m304[0m 315.008 ms - -[0m
2024-06-25 13:06:40 info: [0mGET /api/users/getUsers [36m304[0m 2310.866 ms - -[0m
2024-06-25 13:06:43 info: [0mGET /api/users/getUsers [36m304[0m 2180.919 ms - -[0m
2024-06-25 13:26:24 info: [0mGET /api/veify-token/ [36m304[0m 13.071 ms - -[0m
2024-06-25 13:26:24 info: [0mGET /api/veify-token/ [36m304[0m 3.002 ms - -[0m
2024-06-25 13:26:24 info: [0mGET /api/organization/getOrganizations [36m304[0m 61.047 ms - -[0m
2024-06-25 13:26:24 info: [0mGET /api/roles/getRoles [36m304[0m 141.300 ms - -[0m
2024-06-25 13:26:24 info: [0mGET /api/files/getFiles [36m304[0m 300.347 ms - -[0m
2024-06-25 13:26:27 info: [0mGET /api/users/getUsers [36m304[0m 2671.599 ms - -[0m
2024-06-25 13:29:56 info: [0mGET /api/veify-token/ [36m304[0m 6.160 ms - -[0m
2024-06-25 13:29:56 info: [0mGET /api/veify-token/ [36m304[0m 1.533 ms - -[0m
2024-06-25 13:29:56 info: [0mGET /api/organization/getOrganizations [36m304[0m 62.356 ms - -[0m
2024-06-25 13:29:56 info: [0mGET /api/roles/getRoles [36m304[0m 130.986 ms - -[0m
2024-06-25 13:29:56 info: [0mGET /api/files/getFiles [36m304[0m 314.340 ms - -[0m
2024-06-25 13:29:58 info: [0mGET /api/users/getUsers [36m304[0m 2524.338 ms - -[0m
2024-06-25 13:30:07 info: [0mOPTIONS /api/files/updateFileById [32m204[0m 0.258 ms - 0[0m
2024-06-25 13:30:19 info: [0mOPTIONS /api/files/updateFileById [32m204[0m 0.196 ms - 0[0m
2024-06-25 13:30:19 info: [0mOPTIONS /api/ia/chat [32m204[0m 0.142 ms - 0[0m
2024-06-25 13:30:19 info: [0mGET /public/Chapter4.pdf [32m200[0m 57.396 ms - 8978319[0m
2024-06-25 13:30:23 info: [0mPOST /api/ia/chat [32m200[0m 3868.088 ms - -[0m
2024-06-25 13:30:23 info: [0mPOST /api/files/updateFileById [32m200[0m 4215.769 ms - -[0m
2024-06-25 13:30:23 info: [0mGET /api/files/getFiles [32m200[0m 303.939 ms - -[0m
2024-06-25 13:32:59 info: [0mOPTIONS /api/files/updateFileById [32m204[0m 0.228 ms - 0[0m
2024-06-25 13:32:59 info: [0mGET /public/Chapter4.pdf [32m200[0m 1.640 ms - 8978319[0m
2024-06-25 13:32:59 info: [0mPOST /api/files/updateFileById [32m200[0m 235.980 ms - 322[0m
2024-06-25 13:32:59 info: [0mGET /api/files/getFiles [32m200[0m 239.602 ms - -[0m
2024-06-25 13:33:06 info: [0mOPTIONS /api/files/updateFileById [32m204[0m 0.145 ms - 0[0m
2024-06-25 13:33:06 info: [0mOPTIONS /api/ia/chat [32m204[0m 0.136 ms - 0[0m
2024-06-25 13:33:06 info: [0mGET /public/Chapter4.pdf [32m200[0m 11.075 ms - 8978319[0m
2024-06-25 13:33:10 info: [0mPOST /api/ia/chat [32m200[0m 4419.518 ms - -[0m
2024-06-25 13:33:11 info: [0mPOST /api/files/updateFileById [32m200[0m 4640.198 ms - -[0m
2024-06-25 13:33:11 info: [0mGET /api/files/getFiles [32m200[0m 310.720 ms - -[0m
2024-06-25 14:13:13 info: [0mOPTIONS /api/files/updateFileById [32m204[0m 0.157 ms - 0[0m
2024-06-25 14:13:13 info: [0mGET /public/Chapter4.pdf [32m200[0m 1.975 ms - 8978319[0m
2024-06-25 14:13:13 info: [0mPOST /api/files/updateFileById [32m200[0m 237.527 ms - 322[0m
2024-06-25 14:13:13 info: [0mGET /api/files/getFiles [32m200[0m 260.246 ms - -[0m
2024-06-25 14:13:21 info: [0mOPTIONS /api/files/updateFileById [32m204[0m 0.157 ms - 0[0m
2024-06-25 14:13:21 info: [0mOPTIONS /api/ia/chat [32m204[0m 0.150 ms - 0[0m
2024-06-25 14:13:21 info: [0mGET /public/Chapter4.pdf [32m200[0m 2.808 ms - 8978319[0m
2024-06-25 14:13:25 info: [0mPOST /api/ia/chat [32m200[0m 3745.980 ms - -[0m
2024-06-25 14:13:25 info: [0mPOST /api/files/updateFileById [32m200[0m 3986.376 ms - -[0m
2024-06-25 14:13:25 info: [0mGET /api/files/getFiles [32m200[0m 309.983 ms - -[0m
2024-06-25 14:13:45 info: [0mPOST /api/files/updateFileById [0m-[0m - ms - -[0m
2024-06-25 14:13:46 info: [0mGET /api/veify-token/ [36m304[0m 16.390 ms - -[0m
2024-06-25 14:13:46 info: [0mGET /api/veify-token/ [36m304[0m 1.993 ms - -[0m
2024-06-25 14:13:46 info: [0mGET /api/organization/getOrganizations [36m304[0m 80.670 ms - -[0m
2024-06-25 14:13:47 info: [0mGET /api/roles/getRoles [36m304[0m 134.603 ms - -[0m
2024-06-25 14:13:47 info: [0mGET /api/files/getFiles [36m304[0m 323.644 ms - -[0m
2024-06-25 14:13:49 info: [0mGET /api/users/getUsers [36m304[0m 2481.149 ms - -[0m
2024-06-25 14:13:51 info: [0mGET /api/veify-token/ [36m304[0m 1.926 ms - -[0m
2024-06-25 14:13:51 info: [0mGET /api/veify-token/ [36m304[0m 2.842 ms - -[0m
2024-06-25 14:13:52 info: [0mGET /api/organization/getOrganizations [36m304[0m 66.030 ms - -[0m
2024-06-25 14:13:52 info: [0mGET /api/roles/getRoles [36m304[0m 127.110 ms - -[0m
2024-06-25 14:13:52 info: [0mGET /api/files/getFiles [36m304[0m 306.596 ms - -[0m
2024-06-25 14:13:54 info: [0mGET /api/users/getUsers [36m304[0m 2392.696 ms - -[0m
2024-06-25 14:13:59 info: [0mGET /api/veify-token/ [36m304[0m 2.187 ms - -[0m
2024-06-25 14:13:59 info: [0mGET /api/veify-token/ [36m304[0m 1.161 ms - -[0m
2024-06-25 14:13:59 info: [0mGET /api/organization/getOrganizations [36m304[0m 60.699 ms - -[0m
2024-06-25 14:13:59 info: [0mGET /api/roles/getRoles [36m304[0m 125.111 ms - -[0m
2024-06-25 14:13:59 info: [0mGET /api/files/getFiles [36m304[0m 314.345 ms - -[0m
2024-06-25 14:14:01 info: [0mGET /api/users/getUsers [36m304[0m 2300.944 ms - -[0m
2024-06-25 14:14:23 info: [0mOPTIONS /api/files/updateFileById [32m204[0m 0.379 ms - 0[0m
2024-06-25 14:14:29 info: [0mOPTIONS /api/files/updateFileById [32m204[0m 0.354 ms - 0[0m
2024-06-25 14:14:29 info: [0mOPTIONS /api/ia/chat [32m204[0m 0.247 ms - 0[0m
2024-06-25 14:14:29 info: [0mGET /public/Texto_pruebas.pdf [32m200[0m 18.639 ms - 14613[0m
2024-06-25 14:14:31 info: [0mPOST /api/ia/chat [32m200[0m 2320.034 ms - 677[0m
2024-06-25 14:14:31 info: [0mPOST /api/files/updateFileById [32m200[0m 2418.893 ms - -[0m
2024-06-25 14:14:31 info: [0mGET /api/files/getFiles [32m200[0m 296.879 ms - -[0m
2024-06-25 14:14:59 info: [0mOPTIONS /api/files/updateFileById [32m204[0m 0.246 ms - 0[0m
2024-06-25 14:14:59 info: [0mGET /public/Texto_pruebas.pdf [32m200[0m 3.206 ms - 14613[0m
2024-06-25 14:15:00 info: [0mPOST /api/files/updateFileById [32m200[0m 179.399 ms - 333[0m
2024-06-25 14:15:00 info: [0mGET /api/files/getFiles [32m200[0m 318.705 ms - -[0m
2024-06-25 14:15:07 info: [0mOPTIONS /api/files/updateFileById [32m204[0m 0.232 ms - 0[0m
2024-06-25 14:15:07 info: [0mOPTIONS /api/ia/chat [32m204[0m 0.206 ms - 0[0m
2024-06-25 14:15:07 info: [0mGET /public/Texto_pruebas.pdf [32m200[0m 2.949 ms - 14613[0m
2024-06-25 14:15:10 info: [0mPOST /api/ia/chat [32m200[0m 2198.234 ms - 447[0m
2024-06-25 14:15:10 info: [0mPOST /api/files/updateFileById [32m200[0m 2281.776 ms - -[0m
2024-06-25 14:15:10 info: [0mGET /api/files/getFiles [32m200[0m 304.528 ms - -[0m
2024-06-25 14:16:02 info: [0mOPTIONS /api/files/updateFileById [32m204[0m 0.363 ms - 0[0m
2024-06-25 14:16:02 info: [0mGET /public/Texto_pruebas.pdf [32m200[0m 3.605 ms - 14613[0m
2024-06-25 14:16:02 info: [0mPOST /api/files/updateFileById [32m200[0m 181.533 ms - 333[0m
2024-06-25 14:16:02 info: [0mGET /api/files/getFiles [32m200[0m 309.232 ms - -[0m
2024-06-25 14:16:15 info: [0mOPTIONS /api/files/updateFileById [32m204[0m 0.206 ms - 0[0m
2024-06-25 14:16:15 info: [0mOPTIONS /api/ia/chat [32m204[0m 0.157 ms - 0[0m
2024-06-25 14:16:15 info: [0mGET /public/Texto_pruebas.pdf [32m200[0m 3.353 ms - 14613[0m
2024-06-25 14:16:17 info: [0mPOST /api/ia/chat [32m200[0m 2089.610 ms - 401[0m
2024-06-25 14:16:17 info: [0mPOST /api/files/updateFileById [32m200[0m 2184.555 ms - -[0m
2024-06-25 14:16:17 info: [0mGET /api/files/getFiles [32m200[0m 300.080 ms - -[0m
2024-06-25 14:17:41 info: [0mOPTIONS /api/files/updateFileById [32m204[0m 0.142 ms - 0[0m
2024-06-25 14:17:41 info: [0mGET /public/Texto_pruebas.pdf [32m200[0m 2.092 ms - 14613[0m
2024-06-25 14:17:41 info: [0mPOST /api/files/updateFileById [32m200[0m 172.985 ms - 333[0m
2024-06-25 14:17:42 info: [0mGET /api/files/getFiles [32m200[0m 321.198 ms - -[0m
2024-06-25 14:17:48 info: [0mOPTIONS /api/files/updateFileById [32m204[0m 0.226 ms - 0[0m
2024-06-25 14:17:48 info: [0mOPTIONS /api/ia/chat [32m204[0m 0.270 ms - 0[0m
2024-06-25 14:17:48 info: [0mGET /public/Texto_pruebas.pdf [32m200[0m 1.405 ms - 14613[0m
2024-06-25 14:17:50 info: [0mPOST /api/ia/chat [32m200[0m 1771.466 ms - 415[0m
2024-06-25 14:17:50 info: [0mPOST /api/files/updateFileById [32m200[0m 1861.565 ms - -[0m
2024-06-25 14:17:51 info: [0mGET /api/files/getFiles [32m200[0m 325.400 ms - -[0m
2024-06-25 14:18:58 info: [0mOPTIONS /api/files/updateFileById [32m204[0m 0.202 ms - 0[0m
2024-06-25 14:18:58 info: [0mGET /public/Texto_pruebas.pdf [32m200[0m 2.088 ms - 14613[0m
2024-06-25 14:18:58 info: [0mPOST /api/files/updateFileById [32m200[0m 174.284 ms - 333[0m
2024-06-25 14:18:58 info: [0mGET /api/files/getFiles [32m200[0m 301.504 ms - -[0m
2024-06-25 14:19:05 info: [0mOPTIONS /api/files/updateFileById [32m204[0m 0.148 ms - 0[0m
2024-06-25 14:19:05 info: [0mOPTIONS /api/ia/chat [32m204[0m 0.254 ms - 0[0m
2024-06-25 14:19:05 info: [0mGET /public/Texto_pruebas.pdf [32m200[0m 2.608 ms - 14613[0m
2024-06-25 14:19:06 info: [0mPOST /api/ia/chat [32m200[0m 1544.118 ms - 435[0m
2024-06-25 14:19:06 info: [0mPOST /api/files/updateFileById [32m200[0m 1632.198 ms - -[0m
2024-06-25 14:19:07 info: [0mGET /api/files/getFiles [32m200[0m 297.290 ms - -[0m
2024-06-25 14:21:32 info: [0mPOST /api/files/updateFileById [0m-[0m - ms - -[0m
2024-06-25 14:21:33 info: [0mGET /api/veify-token/ [36m304[0m 6.390 ms - -[0m
2024-06-25 14:21:33 info: [0mGET /api/veify-token/ [36m304[0m 7.542 ms - -[0m
2024-06-25 14:21:33 info: [0mGET /api/organization/getOrganizations [36m304[0m 67.108 ms - -[0m
2024-06-25 14:21:33 info: [0mGET /api/files/getFiles [32m200[0m 148.953 ms - -[0m
2024-06-25 14:21:33 info: [0mGET /api/roles/getRoles [36m304[0m 141.499 ms - -[0m
2024-06-25 14:21:36 info: [0mGET /api/users/getUsers [36m304[0m 2456.678 ms - -[0m
2024-06-25 14:21:41 info: [0mOPTIONS /api/files/updateFileById [32m204[0m 0.174 ms - 0[0m
2024-06-25 14:21:54 info: [0mOPTIONS /api/files/updateFileById [32m204[0m 0.262 ms - 0[0m
2024-06-25 14:21:54 info: [0mOPTIONS /api/ia/chat [32m204[0m 0.212 ms - 0[0m
2024-06-25 14:21:55 info: [0mGET /public/Chapter4.pdf [32m200[0m 1.973 ms - 8978319[0m
2024-06-25 14:21:57 info: [0mPOST /api/ia/chat [32m200[0m 2170.093 ms - -[0m
2024-06-25 14:21:57 info: [0mPOST /api/files/updateFileById [32m200[0m 2263.682 ms - 405[0m
2024-06-25 14:21:57 info: [0mGET /api/files/getFiles [32m200[0m 126.342 ms - -[0m
2024-06-25 14:25:09 info: [0mOPTIONS /api/files/updateFileById [32m204[0m 0.115 ms - 0[0m
2024-06-25 14:25:09 info: [0mGET /public/Chapter4.pdf [32m200[0m 1.878 ms - 8978319[0m
2024-06-25 14:25:09 info: [0mPOST /api/files/updateFileById [32m200[0m 241.640 ms - 322[0m
2024-06-25 14:25:09 info: [0mGET /api/files/getFiles [32m200[0m 135.002 ms - -[0m
2024-06-25 14:25:17 info: [0mPOST /api/files/updateFileById [0m-[0m - ms - -[0m
2024-06-25 14:25:20 info: [0mOPTIONS /api/files/updateFileById [32m204[0m 0.129 ms - 0[0m
2024-06-25 14:25:20 info: [0mOPTIONS /api/ia/chat [32m204[0m 0.152 ms - 0[0m
2024-06-25 14:25:20 info: [0mGET /public/Chapter4.pdf [32m200[0m 11.840 ms - 8978319[0m
2024-06-25 14:25:29 info: [0mPOST /api/ia/chat [32m200[0m 8476.565 ms - -[0m
2024-06-25 14:25:29 info: [0mPOST /api/files/updateFileById [32m200[0m 8568.316 ms - 474[0m
2024-06-25 14:25:29 info: [0mGET /api/files/getFiles [32m200[0m 129.931 ms - -[0m
2024-06-25 14:28:11 info: [0mOPTIONS /api/files/updateFileById [32m204[0m 0.177 ms - 0[0m
2024-06-25 14:28:11 info: [0mGET /public/Chapter4.pdf [32m200[0m 2.083 ms - 8978319[0m
2024-06-25 14:28:11 info: [0mPOST /api/files/updateFileById [32m200[0m 209.980 ms - 322[0m
2024-06-25 14:28:11 info: [0mGET /api/files/getFiles [32m200[0m 128.196 ms - -[0m
2024-06-25 14:28:29 info: [0mOPTIONS /api/files/updateFileById [32m204[0m 0.258 ms - 0[0m
2024-06-25 14:28:29 info: [0mGET /public/Chapter4.pdf [32m200[0m 7.985 ms - 8978319[0m
2024-06-25 14:28:29 info: [0mPOST /api/files/updateFileById [32m200[0m 268.419 ms - 322[0m
2024-06-25 14:28:29 info: [0mGET /api/files/getFiles [32m200[0m 123.797 ms - -[0m
2024-06-25 14:28:37 info: [0mGET /api/veify-token/ [36m304[0m 5.386 ms - -[0m
2024-06-25 14:28:37 info: [0mGET /api/veify-token/ [36m304[0m 1.541 ms - -[0m
2024-06-25 14:28:37 info: [0mGET /api/organization/getOrganizations [36m304[0m 64.524 ms - -[0m
2024-06-25 14:28:37 info: [0mGET /api/files/getFiles [36m304[0m 128.597 ms - -[0m
2024-06-25 14:28:37 info: [0mGET /api/roles/getRoles [36m304[0m 130.820 ms - -[0m
2024-06-25 14:28:40 info: [0mGET /api/users/getUsers [36m304[0m 2358.893 ms - -[0m
2024-06-25 14:28:42 info: [0mOPTIONS /api/files/updateFileById [32m204[0m 1.072 ms - 0[0m
2024-06-25 14:28:45 info: [0mOPTIONS /api/ia/chat [32m204[0m 0.124 ms - 0[0m
2024-06-25 14:28:46 info: [0mGET /public/Chapter4.pdf [32m200[0m 2.383 ms - 8978319[0m
2024-06-25 14:28:47 info: [0mPOST /api/ia/chat [32m200[0m 1680.856 ms - -[0m
2024-06-25 14:28:47 info: [0mPOST /api/files/updateFileById [32m200[0m 1770.104 ms - 387[0m
2024-06-25 14:28:47 info: [0mGET /public/Chapter4.pdf [32m200[0m 4.031 ms - 8978319[0m
2024-06-25 14:28:47 info: [0mGET /api/files/getFiles [32m200[0m 127.676 ms - -[0m
2024-06-25 14:28:47 info: [0mPOST /api/files/updateFileById [32m200[0m 230.621 ms - -[0m
2024-06-25 14:28:47 info: [0mGET /api/files/getFiles [32m200[0m 121.552 ms - -[0m
2024-06-25 14:29:52 info: [0mOPTIONS /api/files/updateFileById [32m204[0m 0.155 ms - 0[0m
2024-06-25 14:31:43 info: [0mOPTIONS /api/files/updateFileById [32m204[0m 0.122 ms - 0[0m
2024-06-25 14:31:43 info: [0mGET /public/Chapter4.pdf [32m200[0m 2.450 ms - 8978319[0m
2024-06-25 14:31:43 info: [0mPOST /api/files/updateFileById [32m200[0m 215.546 ms - 322[0m
2024-06-25 14:31:43 info: [0mGET /api/files/getFiles [32m200[0m 127.514 ms - -[0m
2024-06-25 14:31:52 info: [0mOPTIONS /api/files/updateFileById [32m204[0m 0.144 ms - 0[0m
2024-06-25 14:31:52 info: [0mOPTIONS /api/ia/chat [32m204[0m 0.140 ms - 0[0m
2024-06-25 14:31:52 info: [0mGET /public/Chapter4.pdf [32m200[0m 2.298 ms - 8978319[0m
2024-06-25 14:31:53 info: [0mPOST /api/ia/chat [32m200[0m 1912.270 ms - -[0m
2024-06-25 14:31:54 info: [0mPOST /api/files/updateFileById [32m200[0m 2018.475 ms - -[0m
2024-06-25 14:31:54 info: [0mGET /api/files/getFiles [32m200[0m 148.724 ms - -[0m
2024-06-25 14:33:30 info: [0mOPTIONS /api/files/updateFileById [32m204[0m 0.214 ms - 0[0m
2024-06-25 14:33:30 info: [0mGET /public/Chapter4.pdf [32m200[0m 1.637 ms - 8978319[0m
2024-06-25 14:33:30 info: [0mPOST /api/files/updateFileById [32m200[0m 221.890 ms - 322[0m
2024-06-25 14:33:30 info: [0mGET /api/files/getFiles [32m200[0m 122.893 ms - -[0m
2024-06-25 14:33:46 info: [0mOPTIONS /api/files/updateFileById [32m204[0m 0.151 ms - 0[0m
2024-06-25 14:33:46 info: [0mOPTIONS /api/ia/chat [32m204[0m 0.114 ms - 0[0m
2024-06-25 14:33:46 info: [0mGET /public/Chapter4.pdf [32m200[0m 1.522 ms - 8978319[0m
2024-06-25 14:33:53 info: [0mPOST /api/ia/chat [32m200[0m 6279.300 ms - -[0m
2024-06-25 14:33:53 info: [0mPOST /api/files/updateFileById [32m200[0m 6399.976 ms - -[0m
2024-06-25 14:33:53 info: [0mGET /api/files/getFiles [32m200[0m 123.663 ms - -[0m
2024-06-25 14:34:34 info: [0mOPTIONS /api/files/updateFileById [32m204[0m 0.110 ms - 0[0m
2024-06-25 14:34:34 info: [0mGET /public/Chapter4.pdf [32m200[0m 2.119 ms - 8978319[0m
2024-06-25 14:34:34 info: [0mPOST /api/files/updateFileById [32m200[0m 223.920 ms - 322[0m
2024-06-25 14:34:34 info: [0mGET /api/files/getFiles [32m200[0m 127.074 ms - -[0m
2024-06-25 14:34:40 info: [0mPOST /api/files/updateFileById [0m-[0m - ms - -[0m
2024-06-25 14:34:40 info: [0mPOST /api/files/updateFileById [0m-[0m - ms - -[0m
2024-06-25 14:34:40 info: [0mPOST /api/files/updateFileById [0m-[0m - ms - -[0m
2024-06-25 14:34:45 info: [0mOPTIONS /api/files/updateFileById [32m204[0m 0.188 ms - 0[0m
2024-06-25 14:34:45 info: [0mOPTIONS /api/ia/chat [32m204[0m 0.109 ms - 0[0m
2024-06-25 14:34:45 info: [0mGET /public/Chapter4.pdf [32m200[0m 2.373 ms - 8978319[0m
2024-06-25 14:34:49 info: [0mPOST /api/ia/chat [32m200[0m 4249.140 ms - -[0m
2024-06-25 14:34:49 info: [0mPOST /api/files/updateFileById [32m200[0m 4345.261 ms - -[0m
2024-06-25 14:34:49 info: [0mGET /api/files/getFiles [32m200[0m 123.598 ms - -[0m
2024-06-25 14:35:13 info: [0mOPTIONS /api/files/updateFileById [32m204[0m 0.138 ms - 0[0m
2024-06-25 14:35:13 info: [0mGET /public/Chapter4.pdf [32m200[0m 1.555 ms - 8978319[0m
2024-06-25 14:35:13 info: [0mPOST /api/files/updateFileById [32m200[0m 227.067 ms - 322[0m
2024-06-25 14:35:13 info: [0mGET /api/files/getFiles [32m200[0m 123.991 ms - -[0m
2024-06-25 14:35:49 info: [0mOPTIONS /api/files/updateFileById [32m204[0m 0.161 ms - 0[0m
2024-06-25 14:35:49 info: [0mGET /public/Chapter4.pdf [32m200[0m 1.440 ms - 8978319[0m
2024-06-25 14:35:50 info: [0mPOST /api/files/updateFileById [32m200[0m 221.326 ms - 322[0m
2024-06-25 14:35:50 info: [0mGET /api/files/getFiles [32m200[0m 122.310 ms - -[0m
2024-06-25 14:35:55 info: [0mOPTIONS /api/files/updateFileById [32m204[0m 0.280 ms - 0[0m
2024-06-25 14:35:55 info: [0mOPTIONS /api/ia/chat [32m204[0m 0.118 ms - 0[0m
2024-06-25 14:35:55 info: [0mGET /public/Chapter4.pdf [32m200[0m 1.516 ms - 8978319[0m
2024-06-25 14:35:57 info: [0mPOST /api/ia/chat [32m200[0m 1863.344 ms - -[0m
2024-06-25 14:35:57 info: [0mPOST /api/files/updateFileById [32m200[0m 1955.205 ms - 387[0m
2024-06-25 14:35:57 info: [0mGET /api/files/getFiles [32m200[0m 129.151 ms - -[0m
2024-06-25 14:37:00 info: [0mOPTIONS /api/files/updateFileById [32m204[0m 0.130 ms - 0[0m
2024-06-25 14:37:00 info: [0mGET /public/Chapter4.pdf [32m200[0m 2.109 ms - 8978319[0m
2024-06-25 14:37:01 info: [0mPOST /api/files/updateFileById [32m200[0m 229.968 ms - 322[0m
2024-06-25 14:37:01 info: [0mGET /api/files/getFiles [32m200[0m 128.404 ms - -[0m
2024-06-25 14:37:05 info: [0mOPTIONS /api/ia/chat [32m204[0m 0.122 ms - 0[0m
2024-06-25 14:37:05 info: [0mGET /public/Chapter4.pdf [32m200[0m 1.439 ms - 8978319[0m
2024-06-25 14:37:07 info: [0mPOST /api/ia/chat [32m200[0m 1977.090 ms - -[0m
2024-06-25 14:37:07 info: [0mOPTIONS /api/files/updateFileById [32m204[0m 0.287 ms - 0[0m
2024-06-25 14:37:07 info: [0mPOST /api/files/updateFileById [32m200[0m 2074.569 ms - 458[0m
2024-06-25 14:37:07 info: [0mGET /public/Chapter4.pdf [32m200[0m 2.034 ms - 8978319[0m
2024-06-25 14:37:07 info: [0mGET /api/files/getFiles [32m200[0m 123.716 ms - -[0m
2024-06-25 14:37:07 info: [0mPOST /api/files/updateFileById [32m200[0m 237.338 ms - -[0m
2024-06-25 14:37:07 info: [0mGET /api/files/getFiles [32m200[0m 123.918 ms - -[0m
2024-06-25 14:37:48 info: [0mOPTIONS /api/files/updateFileById [32m204[0m 0.204 ms - 0[0m
2024-06-25 14:37:48 info: [0mOPTIONS /api/ia/chat [32m204[0m 0.204 ms - 0[0m
2024-06-25 14:37:48 info: [0mGET /public/Chapter4.pdf [32m200[0m 12.706 ms - 8978319[0m
2024-06-25 14:37:55 info: [0mPOST /api/ia/chat [32m200[0m 6716.708 ms - -[0m
2024-06-25 14:37:55 info: [0mOPTIONS /api/files/updateFileById [32m204[0m 0.146 ms - 0[0m
2024-06-25 14:37:55 info: [0mPOST /api/files/updateFileById [32m200[0m 6817.463 ms - -[0m
2024-06-25 14:37:55 info: [0mGET /public/Chapter4.pdf [32m200[0m 2.146 ms - 8978319[0m
2024-06-25 14:37:55 info: [0mGET /api/files/getFiles [32m200[0m 203.834 ms - -[0m
2024-06-25 14:37:55 info: [0mPOST /api/files/updateFileById [32m200[0m 355.400 ms - -[0m
2024-06-25 14:37:55 info: [0mGET /api/files/getFiles [32m200[0m 187.462 ms - -[0m
2024-06-25 14:38:29 info: [0mOPTIONS /api/files/updateFileById [32m204[0m 0.107 ms - 0[0m
2024-06-25 14:38:29 info: [0mGET /public/Chapter4.pdf [32m200[0m 1.718 ms - 8978319[0m
2024-06-25 14:38:29 info: [0mPOST /api/files/updateFileById [32m200[0m 235.268 ms - 322[0m
2024-06-25 14:38:29 info: [0mGET /api/files/getFiles [32m200[0m 123.679 ms - -[0m
2024-06-25 14:38:43 info: [0mGET /public/Chapter4.pdf [32m200[0m 1.453 ms - 8978319[0m
2024-06-25 14:40:12 info: [0mGET /api/veify-token/ [36m304[0m 3.284 ms - -[0m
2024-06-25 14:40:12 info: [0mGET /api/veify-token/ [36m304[0m 1.436 ms - -[0m
2024-06-25 14:40:12 info: [0mGET /api/organization/getOrganizations [36m304[0m 61.669 ms - -[0m
2024-06-25 14:40:12 info: [0mGET /api/files/getFiles [36m304[0m 127.412 ms - -[0m
2024-06-25 14:40:12 info: [0mGET /api/roles/getRoles [36m304[0m 123.948 ms - -[0m
2024-06-25 14:40:14 info: [0mGET /api/users/getUsers [36m304[0m 2428.107 ms - -[0m
2024-06-25 14:40:21 info: [0mOPTIONS /api/files/updateFileById [32m204[0m 0.142 ms - 0[0m
2024-06-25 14:40:27 info: [0mOPTIONS /api/files/updateFileById [32m204[0m 0.120 ms - 0[0m
2024-06-25 14:42:30 info: [0mOPTIONS /api/files/updateFileById [32m204[0m 0.151 ms - 0[0m
2024-06-25 14:42:30 info: [0mOPTIONS /api/ia/chat [32m204[0m 0.087 ms - 0[0m
2024-06-25 14:42:31 info: [0mGET /public/Chapter4.pdf [32m200[0m 2.398 ms - 8978319[0m
2024-06-25 14:42:32 info: [0mPOST /api/ia/chat [32m200[0m 1641.551 ms - -[0m
2024-06-25 14:42:32 info: [0mPOST /api/files/updateFileById [32m200[0m 1744.351 ms - 387[0m
2024-06-25 14:42:32 info: [0mGET /public/Chapter4.pdf [32m200[0m 4.002 ms - 8978319[0m
2024-06-25 14:42:32 info: [0mGET /api/files/getFiles [32m200[0m 124.035 ms - -[0m
2024-06-25 14:42:32 info: [0mPOST /api/files/updateFileById [32m200[0m 240.312 ms - -[0m
2024-06-25 14:42:32 info: [0mGET /api/files/getFiles [32m200[0m 129.364 ms - -[0m
2024-06-25 14:42:39 info: [0mOPTIONS /api/files/updateFileById [32m204[0m 0.127 ms - 0[0m
2024-06-25 14:42:47 info: [0mOPTIONS /api/files/updateFileById [32m204[0m 0.109 ms - 0[0m
2024-06-25 14:53:21 info: [0mPOST /api/files/updateFileById [0m-[0m - ms - -[0m
2024-06-25 14:53:21 info: [0mOPTIONS /api/files/updateFileById [32m204[0m 0.197 ms - 0[0m
2024-06-25 14:53:21 info: [0mPOST /api/files/updateFileById [0m-[0m - ms - -[0m
2024-06-25 14:53:21 info: [0mOPTIONS /api/ia/chat [32m204[0m 0.299 ms - 0[0m
2024-06-25 14:53:21 info: [0mPOST /api/files/updateFileById [0m-[0m - ms - -[0m
2024-06-25 14:53:21 info: [0mPOST /api/files/updateFileById [0m-[0m - ms - -[0m
2024-06-25 14:53:21 info: [0mPOST /api/files/updateFileById [0m-[0m - ms - -[0m
2024-06-25 14:53:21 info: [0mPOST /api/files/updateFileById [0m-[0m - ms - -[0m
2024-06-25 14:53:22 info: [0mGET /api/veify-token/ [36m304[0m 3.581 ms - -[0m
2024-06-25 14:53:22 info: [0mGET /api/veify-token/ [36m304[0m 1.071 ms - -[0m
2024-06-25 14:53:22 info: [0mGET /api/organization/getOrganizations [36m304[0m 67.566 ms - -[0m
2024-06-25 14:53:22 info: [0mGET /api/files/getFiles [36m304[0m 123.392 ms - -[0m
2024-06-25 14:53:22 info: [0mGET /api/roles/getRoles [36m304[0m 119.663 ms - -[0m
2024-06-25 14:53:24 info: [0mGET /api/users/getUsers [36m304[0m 2374.923 ms - -[0m
2024-06-25 14:56:00 info: [0mOPTIONS /api/files/updateFileById [32m204[0m 0.253 ms - 0[0m
2024-06-25 14:59:02 info: [0mOPTIONS /api/files/updateFileById [32m204[0m 0.209 ms - 0[0m
2024-06-25 14:59:02 info: [0mGET /public/Chapter4.pdf [32m200[0m 9.651 ms - 8978319[0m
2024-06-25 14:59:02 info: [0mGET /public/Chapter4.pdf [32m200[0m 7.950 ms - 8978319[0m
2024-06-25 14:59:03 info: [0mPOST /api/files/updateFileById [32m200[0m 426.869 ms - 322[0m
2024-06-25 14:59:03 info: [0mPOST /api/files/updateFileById [32m200[0m 435.519 ms - 322[0m
2024-06-25 14:59:03 info: [0mGET /api/files/getFiles [32m200[0m 126.111 ms - -[0m
2024-06-25 14:59:03 info: [0mGET /api/files/getFiles [36m304[0m 127.723 ms - -[0m
2024-06-25 14:59:24 info: [0mOPTIONS /api/files/updateFileById [32m204[0m 0.134 ms - 0[0m
2024-06-25 14:59:24 info: [0mOPTIONS /api/ia/chat [32m204[0m 0.189 ms - 0[0m
2024-06-25 14:59:24 info: [0mGET /public/Chapter4.pdf [32m200[0m 2.558 ms - 8978319[0m
2024-06-25 14:59:26 info: [0mPOST /api/ia/chat [32m200[0m 1510.964 ms - -[0m
2024-06-25 14:59:26 info: [0mPOST /api/files/updateFileById [32m200[0m 1605.982 ms - 406[0m
2024-06-25 14:59:26 info: [0mGET /public/Chapter4.pdf [32m200[0m 3.091 ms - 8978319[0m
2024-06-25 14:59:26 info: [0mGET /api/files/getFiles [32m200[0m 123.425 ms - -[0m
2024-06-25 14:59:26 info: [0mPOST /api/files/updateFileById [32m200[0m 229.240 ms - -[0m
2024-06-25 14:59:26 info: [0mGET /api/files/getFiles [32m200[0m 123.016 ms - -[0m
2024-06-25 14:59:59 info: [0mOPTIONS /api/files/updateFileById [32m204[0m 0.117 ms - 0[0m
2024-06-25 14:59:59 info: [0mOPTIONS /api/ia/chat [32m204[0m 0.147 ms - 0[0m
2024-06-25 14:59:59 info: [0mGET /public/Chapter4.pdf [32m200[0m 2.897 ms - 8978319[0m
2024-06-25 15:00:05 info: [0mPOST /api/ia/chat [32m200[0m 5854.547 ms - -[0m
2024-06-25 15:00:05 info: [0mOPTIONS /api/files/updateFileById [32m204[0m 0.161 ms - 0[0m
2024-06-25 15:00:05 info: [0mPOST /api/files/updateFileById [32m200[0m 5944.664 ms - -[0m
2024-06-25 15:00:05 info: [0mGET /public/Chapter4.pdf [32m200[0m 6.013 ms - 8978319[0m
2024-06-25 15:00:05 info: [0mGET /api/files/getFiles [32m200[0m 192.139 ms - -[0m
2024-06-25 15:00:05 info: [0mPOST /api/files/updateFileById [32m200[0m 393.697 ms - -[0m
2024-06-25 15:00:05 info: [0mGET /api/files/getFiles [32m200[0m 189.424 ms - -[0m
2024-06-25 15:00:47 info: [0mPOST /api/files/updateFileById [0m-[0m - ms - -[0m
2024-06-25 15:00:48 info: [0mGET /api/veify-token/ [36m304[0m 3.413 ms - -[0m
2024-06-25 15:00:48 info: [0mGET /api/veify-token/ [36m304[0m 1.362 ms - -[0m
2024-06-25 15:00:48 info: [0mGET /api/organization/getOrganizations [36m304[0m 60.206 ms - -[0m
2024-06-25 15:00:48 info: [0mGET /api/roles/getRoles [36m304[0m 122.869 ms - -[0m
2024-06-25 15:00:48 info: [0mGET /api/files/getFiles [36m304[0m 191.178 ms - -[0m
2024-06-25 15:00:50 info: [0mGET /api/users/getUsers [36m304[0m 2377.593 ms - -[0m
2024-06-25 15:00:59 info: [0mGET /api/veify-token/ [36m304[0m 1.682 ms - -[0m
2024-06-25 15:00:59 info: [0mGET /api/veify-token/ [36m304[0m 1.156 ms - -[0m
2024-06-25 15:00:59 info: [0mGET /api/organization/getOrganizations [36m304[0m 61.604 ms - -[0m
2024-06-25 15:00:59 info: [0mGET /api/roles/getRoles [36m304[0m 124.490 ms - -[0m
2024-06-25 15:00:59 info: [0mGET /api/files/getFiles [36m304[0m 181.473 ms - -[0m
2024-06-25 15:01:01 info: [0mGET /api/users/getUsers [36m304[0m 2370.839 ms - -[0m
2024-06-25 15:12:08 info: [0mOPTIONS /api/files/updateFileById [32m204[0m 0.204 ms - 0[0m
2024-06-25 15:15:03 info: [0mOPTIONS /api/files/updateFileById [32m204[0m 0.169 ms - 0[0m
2024-06-25 15:15:03 info: [0mOPTIONS /api/ia/chat [32m204[0m 1.985 ms - 0[0m
2024-06-25 15:15:03 info: [0mGET /public/Chapter4.pdf [32m200[0m 7.413 ms - 8978319[0m
2024-06-25 15:15:09 info: [0mPOST /api/ia/chat [32m200[0m 6122.769 ms - -[0m
2024-06-25 15:15:09 info: [0mOPTIONS /api/files/updateFileById [32m204[0m 0.621 ms - 0[0m
2024-06-25 15:15:09 info: [0mPOST /api/files/updateFileById [32m200[0m 6304.753 ms - -[0m
2024-06-25 15:15:09 info: [0mGET /api/files/getFiles [32m200[0m 206.070 ms - -[0m
2024-06-25 15:15:09 info: [0mGET /public/Chapter4.pdf [32m200[0m 4.211 ms - 8978319[0m
2024-06-25 15:15:10 info: [0mPOST /api/files/updateFileById [32m200[0m 563.159 ms - -[0m
2024-06-25 15:15:10 info: [0mGET /api/files/getFiles [32m200[0m 187.698 ms - -[0m
2024-06-25 15:15:20 info: [0mPOST /api/files/updateFileById [0m-[0m - ms - -[0m
2024-06-25 15:39:33 info: [0mGET /api/veify-token/ [36m304[0m 3.699 ms - -[0m
2024-06-25 15:39:33 info: [0mGET /api/veify-token/ [36m304[0m 1.576 ms - -[0m
2024-06-25 15:39:33 info: [0mGET /api/organization/getOrganizations [36m304[0m 62.889 ms - -[0m
2024-06-25 15:39:33 info: [0mGET /api/roles/getRoles [36m304[0m 125.931 ms - -[0m
2024-06-25 15:39:33 info: [0mGET /api/files/getFiles [36m304[0m 189.012 ms - -[0m
2024-06-25 15:39:36 info: [0mGET /api/users/getUsers [36m304[0m 2527.503 ms - -[0m
2024-06-25 15:39:37 info: [0mGET /api/veify-token/ [36m304[0m 3.031 ms - -[0m
2024-06-25 15:39:37 info: [0mGET /api/veify-token/ [36m304[0m 1.448 ms - -[0m
2024-06-25 15:40:23 info: [0mOPTIONS /api/login [32m204[0m 0.269 ms - 0[0m
2024-06-25 15:40:23 info: [0mPOST /api/login [32m200[0m 206.732 ms - -[0m
2024-06-25 15:40:24 info: [0mGET /api/organization/getOrganizations [36m304[0m 76.429 ms - -[0m
2024-06-25 15:40:24 info: [0mGET /api/organization/getOrganizations [36m304[0m 60.231 ms - -[0m
2024-06-25 15:40:24 info: [0mGET /api/roles/getRoles [36m304[0m 142.352 ms - -[0m
2024-06-25 15:40:24 info: [0mGET /api/files/getFiles [36m304[0m 196.413 ms - -[0m
2024-06-25 15:40:24 info: [0mGET /api/roles/getRoles [36m304[0m 126.489 ms - -[0m
2024-06-25 15:40:26 info: [0mGET /api/users/getUsers [36m304[0m 2474.707 ms - -[0m
2024-06-25 15:40:28 info: [0mGET /api/users/getUsers [36m304[0m 2420.360 ms - -[0m
2024-06-25 16:25:35 info: [0mOPTIONS /api/files/updateFileById [32m204[0m 6.623 ms - 0[0m
2024-06-25 16:25:59 info: [0mOPTIONS /api/files/updateFileById [32m204[0m 0.290 ms - 0[0m
2024-06-25 16:25:59 info: [0mGET /public/Chapter4.pdf [32m200[0m 5.221 ms - 8978319[0m
2024-06-25 16:25:59 info: [0mPOST /api/files/updateFileById [32m200[0m 288.977 ms - 322[0m
2024-06-25 16:25:59 info: [0mGET /api/files/getFiles [32m200[0m 133.315 ms - -[0m
2024-06-25 16:30:26 info: [0mOPTIONS /api/files/updateFileById [32m204[0m 0.137 ms - 0[0m
2024-06-25 16:30:26 info: [0mOPTIONS /api/files/updateFileById [32m204[0m 0.228 ms - 0[0m
2024-06-25 16:30:26 info: [0mGET /public/Chapter4.pdf [32m200[0m 3.262 ms - 8978319[0m
2024-06-25 16:30:26 info: [0mGET /public/Chapter4.pdf [32m200[0m 5.924 ms - 8978319[0m
2024-06-25 16:30:26 info: [0mPOST /api/files/updateFileById [32m200[0m 395.001 ms - 322[0m
2024-06-25 16:30:26 info: [0mPOST /api/files/updateFileById [32m200[0m 407.917 ms - 322[0m
2024-06-25 16:30:26 info: [0mGET /api/files/getFiles [32m200[0m 131.675 ms - -[0m
2024-06-25 16:30:26 info: [0mGET /api/files/getFiles [36m304[0m 123.880 ms - -[0m
2024-06-25 16:30:47 info: [0mOPTIONS /api/files/updateFileById [32m204[0m 1.178 ms - 0[0m
2024-06-25 16:30:48 info: [0mOPTIONS /api/ia/chat [32m204[0m 0.369 ms - 0[0m
2024-06-25 16:30:48 info: [0mGET /public/Chapter4.pdf [32m200[0m 2.871 ms - 8978319[0m
2024-06-25 16:30:49 info: [0mPOST /api/ia/chat [32m200[0m 1571.733 ms - -[0m
2024-06-25 16:30:49 info: [0mPOST /api/files/updateFileById [32m200[0m 1662.740 ms - 389[0m
2024-06-25 16:30:49 info: [0mGET /public/Chapter4.pdf [32m200[0m 3.628 ms - 8978319[0m
2024-06-25 16:30:49 info: [0mGET /api/files/getFiles [32m200[0m 123.940 ms - -[0m
2024-06-25 16:30:49 info: [0mPOST /api/files/updateFileById [32m200[0m 230.159 ms - -[0m
2024-06-25 16:30:49 info: [0mGET /api/files/getFiles [32m200[0m 129.432 ms - -[0m
2024-06-25 16:31:47 info: [0mOPTIONS /api/files/updateFileById [32m204[0m 0.214 ms - 0[0m
2024-06-25 16:31:47 info: [0mGET /public/Chapter4.pdf [32m200[0m 3.720 ms - 8978319[0m
2024-06-25 16:31:47 info: [0mPOST /api/files/updateFileById [32m200[0m 251.115 ms - 322[0m
2024-06-25 16:31:48 info: [0mGET /api/files/getFiles [32m200[0m 123.911 ms - -[0m
2024-06-25 16:31:55 info: [0mOPTIONS /api/files/updateFileById [32m204[0m 0.145 ms - 0[0m
2024-06-25 16:31:55 info: [0mOPTIONS /api/ia/chat [32m204[0m 0.106 ms - 0[0m
2024-06-25 16:31:55 info: [0mGET /public/Chapter4.pdf [32m200[0m 1.501 ms - 8978319[0m
2024-06-25 16:31:56 info: [0mPOST /api/ia/chat [32m200[0m 1513.502 ms - -[0m
2024-06-25 16:31:56 info: [0mPOST /api/files/updateFileById [32m200[0m 1605.691 ms - -[0m
2024-06-25 16:31:56 info: [0mGET /public/Chapter4.pdf [32m200[0m 1.601 ms - 8978319[0m
2024-06-25 16:31:56 info: [0mGET /api/files/getFiles [32m200[0m 187.611 ms - -[0m
2024-06-25 16:31:57 info: [0mPOST /api/files/updateFileById [32m200[0m 356.122 ms - -[0m
2024-06-25 16:31:57 info: [0mGET /api/files/getFiles [32m200[0m 188.870 ms - -[0m
2024-06-25 16:33:14 info: [0mOPTIONS /api/files/updateFileById [32m204[0m 0.109 ms - 0[0m
2024-06-25 16:33:14 info: [0mGET /public/Chapter4.pdf [32m200[0m 1.836 ms - 8978319[0m
2024-06-25 16:33:14 info: [0mPOST /api/files/updateFileById [32m200[0m 229.250 ms - 322[0m
2024-06-25 16:33:14 info: [0mGET /api/files/getFiles [32m200[0m 130.966 ms - -[0m
2024-06-25 16:36:01 info: [0mOPTIONS /api/files/updateFileById [32m204[0m 0.201 ms - 0[0m
2024-06-25 16:36:01 info: [0mOPTIONS /api/files/updateFileById [32m204[0m 0.089 ms - 0[0m
2024-06-25 16:36:01 info: [0mGET /public/Chapter4.pdf [32m200[0m 2.746 ms - 8978319[0m
2024-06-25 16:36:01 info: [0mGET /public/Chapter4.pdf [32m200[0m 9.877 ms - 8978319[0m
2024-06-25 16:36:01 info: [0mPOST /api/files/updateFileById [32m200[0m 258.303 ms - 322[0m
2024-06-25 16:36:01 info: [0mPOST /api/files/updateFileById [32m200[0m 304.058 ms - 322[0m
2024-06-25 16:36:01 info: [0mGET /api/files/getFiles [32m200[0m 122.400 ms - -[0m
2024-06-25 16:36:01 info: [0mGET /api/files/getFiles [36m304[0m 126.627 ms - -[0m
2024-06-25 16:36:21 info: [0mOPTIONS /api/files/updateFileById [32m204[0m 0.112 ms - 0[0m
2024-06-25 16:36:21 info: [0mOPTIONS /api/ia/chat [32m204[0m 0.087 ms - 0[0m
2024-06-25 16:36:21 info: [0mGET /public/Chapter4.pdf [32m200[0m 2.010 ms - 8978319[0m
2024-06-25 16:36:23 info: [0mPOST /api/ia/chat [32m200[0m 1766.914 ms - -[0m
2024-06-25 16:36:23 info: [0mPOST /api/files/updateFileById [32m200[0m 1848.978 ms - 411[0m
2024-06-25 16:36:23 info: [0mGET /public/Chapter4.pdf [32m200[0m 1.954 ms - 8978319[0m
2024-06-25 16:36:23 info: [0mGET /api/files/getFiles [32m200[0m 131.317 ms - -[0m
2024-06-25 16:36:23 info: [0mPOST /api/files/updateFileById [32m200[0m 224.523 ms - -[0m
2024-06-25 16:36:23 info: [0mGET /api/files/getFiles [32m200[0m 122.635 ms - -[0m
2024-06-25 16:36:39 info: [0mOPTIONS /api/files/updateFileById [32m204[0m 1.097 ms - 0[0m
2024-06-25 16:36:39 info: [0mOPTIONS /api/ia/chat [32m204[0m 0.223 ms - 0[0m
2024-06-25 16:36:39 info: [0mGET /public/Chapter4.pdf [32m200[0m 1.717 ms - 8978319[0m
2024-06-25 16:36:45 info: [0mPOST /api/ia/chat [32m200[0m 5929.635 ms - -[0m
2024-06-25 16:36:45 info: [0mOPTIONS /api/files/updateFileById [32m204[0m 0.118 ms - 0[0m
2024-06-25 16:36:45 info: [0mPOST /api/files/updateFileById [32m200[0m 6020.090 ms - -[0m
2024-06-25 16:36:45 info: [0mGET /public/Chapter4.pdf [32m200[0m 3.657 ms - 8978319[0m
2024-06-25 16:36:45 info: [0mGET /api/files/getFiles [32m200[0m 194.585 ms - -[0m
2024-06-25 16:36:45 info: [0mPOST /api/files/updateFileById [32m200[0m 325.356 ms - -[0m
2024-06-25 16:36:45 info: [0mGET /api/files/getFiles [32m200[0m 181.066 ms - -[0m
2024-06-25 16:39:02 info: [0mPOST /api/files/updateFileById [0m-[0m - ms - -[0m
2024-06-25 16:39:02 info: [0mPOST /api/files/updateFileById [0m-[0m - ms - -[0m
2024-06-25 16:39:03 info: [0mGET /api/veify-token/ [36m304[0m 5.250 ms - -[0m
2024-06-25 16:39:03 info: [0mGET /api/veify-token/ [36m304[0m 1.530 ms - -[0m
2024-06-25 16:39:03 info: [0mGET /api/organization/getOrganizations [36m304[0m 67.189 ms - -[0m
2024-06-25 16:39:03 info: [0mGET /api/roles/getRoles [36m304[0m 143.478 ms - -[0m
2024-06-25 16:39:03 info: [0mGET /api/files/getFiles [36m304[0m 180.233 ms - -[0m
2024-06-25 16:39:05 info: [0mGET /api/users/getUsers [36m304[0m 2388.950 ms - -[0m
2024-06-25 16:39:06 info: [0mOPTIONS /api/files/updateFileById [32m204[0m 0.263 ms - 0[0m
2024-06-25 16:42:18 info: [0mPOST /api/files/updateFileById [0m-[0m - ms - -[0m
2024-06-25 16:42:18 info: [0mGET /api/veify-token/ [36m304[0m 2.537 ms - -[0m
2024-06-25 16:42:18 info: [0mGET /api/veify-token/ [36m304[0m 1.347 ms - -[0m
2024-06-25 16:42:18 info: [0mGET /api/organization/getOrganizations [36m304[0m 61.970 ms - -[0m
2024-06-25 16:42:19 info: [0mGET /api/roles/getRoles [36m304[0m 133.062 ms - -[0m
2024-06-25 16:42:19 info: [0mGET /api/files/getFiles [36m304[0m 181.630 ms - -[0m
2024-06-25 16:42:21 info: [0mGET /api/users/getUsers [36m304[0m 2599.376 ms - -[0m
2024-06-25 16:42:58 info: [0mGET /api/veify-token/ [36m304[0m 3.022 ms - -[0m
2024-06-25 16:42:58 info: [0mGET /api/veify-token/ [36m304[0m 1.101 ms - -[0m
2024-06-25 16:42:58 info: [0mGET /api/organization/getOrganizations [36m304[0m 67.264 ms - -[0m
2024-06-25 16:42:58 info: [0mGET /api/roles/getRoles [36m304[0m 121.689 ms - -[0m
2024-06-25 16:42:59 info: [0mGET /api/files/getFiles [36m304[0m 181.590 ms - -[0m
2024-06-25 16:43:01 info: [0mGET /api/users/getUsers [36m304[0m 2426.136 ms - -[0m
2024-06-25 16:43:42 info: [0mGET /api/veify-token/ [36m304[0m 2.850 ms - -[0m
2024-06-25 16:43:42 info: [0mGET /api/veify-token/ [36m304[0m 1.379 ms - -[0m
2024-06-25 16:43:43 info: [0mGET /api/organization/getOrganizations [36m304[0m 61.337 ms - -[0m
2024-06-25 16:43:43 info: [0mGET /api/roles/getRoles [36m304[0m 123.671 ms - -[0m
2024-06-25 16:43:43 info: [0mGET /api/files/getFiles [36m304[0m 187.196 ms - -[0m
2024-06-25 16:43:45 info: [0mGET /api/users/getUsers [36m304[0m 2810.642 ms - -[0m
2024-06-25 16:45:08 info: [0mGET /api/veify-token/ [36m304[0m 3.079 ms - -[0m
2024-06-25 16:45:08 info: [0mGET /api/veify-token/ [36m304[0m 2.904 ms - -[0m
2024-06-25 16:45:09 info: [0mGET /api/organization/getOrganizations [36m304[0m 63.054 ms - -[0m
2024-06-25 16:45:09 info: [0mGET /api/roles/getRoles [36m304[0m 134.139 ms - -[0m
2024-06-25 16:45:09 info: [0mGET /api/files/getFiles [36m304[0m 180.011 ms - -[0m
2024-06-25 16:45:11 info: [0mGET /api/users/getUsers [36m304[0m 2474.332 ms - -[0m
2024-06-25 16:45:41 info: [0mGET /api/veify-token/ [36m304[0m 3.359 ms - -[0m
2024-06-25 16:45:41 info: [0mGET /api/veify-token/ [36m304[0m 1.326 ms - -[0m
2024-06-25 16:45:41 info: [0mGET /api/organization/getOrganizations [36m304[0m 61.201 ms - -[0m
2024-06-25 16:45:41 info: [0mGET /api/roles/getRoles [36m304[0m 125.470 ms - -[0m
2024-06-25 16:45:41 info: [0mGET /api/files/getFiles [36m304[0m 192.090 ms - -[0m
2024-06-25 16:45:44 info: [0mGET /api/users/getUsers [36m304[0m 2456.821 ms - -[0m
2024-06-25 16:45:57 info: [0mGET /api/veify-token/ [36m304[0m 1.543 ms - -[0m
2024-06-25 16:45:57 info: [0mGET /api/veify-token/ [36m304[0m 1.138 ms - -[0m
2024-06-25 16:45:57 info: [0mGET /api/organization/getOrganizations [36m304[0m 60.778 ms - -[0m
2024-06-25 16:45:57 info: [0mGET /api/roles/getRoles [36m304[0m 121.751 ms - -[0m
2024-06-25 16:45:57 info: [0mGET /api/files/getFiles [36m304[0m 179.925 ms - -[0m
2024-06-25 16:45:59 info: [0mGET /api/users/getUsers [36m304[0m 2312.257 ms - -[0m
2024-06-25 16:46:54 info: [0mGET /api/veify-token/ [36m304[0m 7.937 ms - -[0m
2024-06-25 16:46:54 info: [0mGET /api/veify-token/ [36m304[0m 8.953 ms - -[0m
2024-06-25 16:46:54 info: [0mGET /api/organization/getOrganizations [36m304[0m 62.494 ms - -[0m
2024-06-25 16:46:55 info: [0mGET /api/files/getFiles [36m304[0m 189.332 ms - -[0m
2024-06-25 16:46:55 info: [0mGET /api/roles/getRoles [36m304[0m 132.102 ms - -[0m
2024-06-25 16:46:57 info: [0mGET /api/users/getUsers [36m304[0m 2707.022 ms - -[0m
2024-06-25 16:52:58 info: [0mGET /api/veify-token/ [36m304[0m 4.075 ms - -[0m
2024-06-25 16:52:58 info: [0mGET /api/veify-token/ [36m304[0m 2.143 ms - -[0m
2024-06-25 16:52:59 info: [0mGET /api/organization/getOrganizations [36m304[0m 78.070 ms - -[0m
2024-06-25 16:52:59 info: [0mGET /api/files/getFiles [36m304[0m 214.500 ms - -[0m
2024-06-25 16:52:59 info: [0mGET /api/roles/getRoles [36m304[0m 163.324 ms - -[0m
2024-06-25 16:53:01 info: [0mGET /api/users/getUsers [36m304[0m 2477.455 ms - -[0m
2024-06-25 16:55:28 info: [0mGET /api/veify-token/ [36m304[0m 3.230 ms - -[0m
2024-06-25 16:55:28 info: [0mGET /api/veify-token/ [36m304[0m 1.205 ms - -[0m
2024-06-25 16:55:29 info: [0mGET /api/organization/getOrganizations [36m304[0m 62.248 ms - -[0m
2024-06-25 16:55:29 info: [0mGET /api/roles/getRoles [36m304[0m 131.634 ms - -[0m
2024-06-25 16:55:29 info: [0mGET /api/files/getFiles [36m304[0m 183.366 ms - -[0m
2024-06-25 16:55:31 info: [0mGET /api/users/getUsers [36m304[0m 2658.976 ms - -[0m
2024-06-25 16:56:35 info: [0mGET /api/veify-token/ [36m304[0m 3.241 ms - -[0m
2024-06-25 16:56:35 info: [0mGET /api/veify-token/ [36m304[0m 1.208 ms - -[0m
2024-06-25 16:56:35 info: [0mGET /api/organization/getOrganizations [36m304[0m 60.423 ms - -[0m
2024-06-25 16:56:35 info: [0mGET /api/roles/getRoles [36m304[0m 124.646 ms - -[0m
2024-06-25 16:56:35 info: [0mGET /api/files/getFiles [36m304[0m 181.438 ms - -[0m
2024-06-25 16:56:38 info: [0mGET /api/users/getUsers [36m304[0m 2744.201 ms - -[0m
2024-06-25 16:57:39 info: [0mGET /api/veify-token/ [36m304[0m 3.608 ms - -[0m
2024-06-25 16:57:39 info: [0mGET /api/veify-token/ [36m304[0m 1.693 ms - -[0m
2024-06-25 16:57:39 info: [0mGET /api/organization/getOrganizations [36m304[0m 70.936 ms - -[0m
2024-06-25 16:57:39 info: [0mGET /api/roles/getRoles [36m304[0m 155.550 ms - -[0m
2024-06-25 16:57:39 info: [0mGET /api/files/getFiles [36m304[0m 217.690 ms - -[0m
2024-06-25 16:57:42 info: [0mGET /api/users/getUsers [36m304[0m 2648.263 ms - -[0m
2024-06-25 16:58:26 info: [0mGET /api/veify-token/ [36m304[0m 4.143 ms - -[0m
2024-06-25 16:58:26 info: [0mGET /api/veify-token/ [36m304[0m 1.435 ms - -[0m
2024-06-25 16:58:27 info: [0mGET /api/organization/getOrganizations [36m304[0m 72.210 ms - -[0m
2024-06-25 16:58:27 info: [0mGET /api/roles/getRoles [36m304[0m 143.785 ms - -[0m
2024-06-25 16:58:27 info: [0mGET /api/files/getFiles [36m304[0m 181.996 ms - -[0m
2024-06-25 16:58:29 info: [0mGET /api/users/getUsers [36m304[0m 2688.250 ms - -[0m
2024-06-25 16:58:39 info: [0mGET /api/veify-token/ [36m304[0m 3.110 ms - -[0m
2024-06-25 16:58:39 info: [0mGET /api/veify-token/ [36m304[0m 1.293 ms - -[0m
2024-06-25 16:58:39 info: [0mGET /api/organization/getOrganizations [36m304[0m 61.345 ms - -[0m
2024-06-25 16:58:39 info: [0mGET /api/roles/getRoles [36m304[0m 123.063 ms - -[0m
2024-06-25 16:58:39 info: [0mGET /api/files/getFiles [36m304[0m 189.425 ms - -[0m
2024-06-25 16:58:41 info: [0mGET /api/users/getUsers [36m304[0m 2303.634 ms - -[0m
2024-06-25 16:59:19 info: [0mGET /api/veify-token/ [36m304[0m 4.020 ms - -[0m
2024-06-25 16:59:19 info: [0mGET /api/veify-token/ [36m304[0m 1.171 ms - -[0m
2024-06-25 16:59:19 info: [0mGET /api/organization/getOrganizations [36m304[0m 61.163 ms - -[0m
2024-06-25 16:59:19 info: [0mGET /api/roles/getRoles [36m304[0m 134.292 ms - -[0m
2024-06-25 16:59:19 info: [0mGET /api/files/getFiles [36m304[0m 179.370 ms - -[0m
2024-06-25 16:59:21 info: [0mGET /api/users/getUsers [36m304[0m 2521.555 ms - -[0m
2024-06-25 16:59:36 info: [0mGET /api/veify-token/ [36m304[0m 1.833 ms - -[0m
2024-06-25 16:59:36 info: [0mGET /api/veify-token/ [36m304[0m 1.474 ms - -[0m
2024-06-25 16:59:37 info: [0mGET /api/organization/getOrganizations [36m304[0m 65.470 ms - -[0m
2024-06-25 16:59:37 info: [0mGET /api/roles/getRoles [36m304[0m 119.818 ms - -[0m
2024-06-25 16:59:37 info: [0mGET /api/files/getFiles [36m304[0m 182.896 ms - -[0m
2024-06-25 16:59:39 info: [0mGET /api/users/getUsers [36m304[0m 2509.401 ms - -[0m
2024-06-25 17:00:34 info: [0mGET /api/veify-token/ [36m304[0m 14.222 ms - -[0m
2024-06-25 17:00:34 info: [0mGET /api/veify-token/ [36m304[0m 5.206 ms - -[0m
2024-06-25 17:00:34 info: [0mGET /api/organization/getOrganizations [36m304[0m 70.686 ms - -[0m
2024-06-25 17:00:34 info: [0mGET /api/roles/getRoles [36m304[0m 134.815 ms - -[0m
2024-06-25 17:00:34 info: [0mGET /api/files/getFiles [36m304[0m 188.522 ms - -[0m
2024-06-25 17:00:37 info: [0mGET /api/users/getUsers [36m304[0m 2617.218 ms - -[0m
2024-06-25 17:02:07 info: [0mGET /api/veify-token/ [36m304[0m 11.784 ms - -[0m
2024-06-25 17:02:07 info: [0mGET /api/veify-token/ [36m304[0m 2.020 ms - -[0m
2024-06-25 17:02:07 info: [0mGET /api/organization/getOrganizations [36m304[0m 61.246 ms - -[0m
2024-06-25 17:02:07 info: [0mGET /api/roles/getRoles [36m304[0m 142.065 ms - -[0m
2024-06-25 17:02:07 info: [0mGET /api/files/getFiles [36m304[0m 208.153 ms - -[0m
2024-06-25 17:02:10 info: [0mGET /api/users/getUsers [36m304[0m 2856.827 ms - -[0m
2024-06-25 17:02:34 info: [0mGET /api/veify-token/ [36m304[0m 1.781 ms - -[0m
2024-06-25 17:02:34 info: [0mGET /api/veify-token/ [36m304[0m 1.997 ms - -[0m
2024-06-25 17:02:35 info: [0mGET /api/organization/getOrganizations [36m304[0m 60.760 ms - -[0m
2024-06-25 17:02:35 info: [0mGET /api/roles/getRoles [36m304[0m 122.426 ms - -[0m
2024-06-25 17:02:35 info: [0mGET /api/files/getFiles [36m304[0m 190.854 ms - -[0m
2024-06-25 17:02:37 info: [0mGET /api/users/getUsers [36m304[0m 2397.416 ms - -[0m
2024-06-25 17:04:10 info: [0mOPTIONS /api/files/updateFileById [32m204[0m 0.204 ms - 0[0m
2024-06-25 17:04:17 info: [0mOPTIONS /api/files/updateFileById [32m204[0m 0.444 ms - 0[0m
2024-06-25 17:04:17 info: [0mOPTIONS /api/ia/chat [32m204[0m 0.114 ms - 0[0m
2024-06-25 17:04:17 info: [0mGET /public/Texto_pruebas.pdf [32m200[0m 2.604 ms - 14613[0m
2024-06-25 17:04:19 info: [0mPOST /api/ia/chat [32m200[0m 2010.349 ms - 510[0m
2024-06-25 17:04:19 info: [0mGET /public/Texto_pruebas.pdf [32m200[0m 1.974 ms - 14613[0m
2024-06-25 17:04:19 info: [0mPOST /api/files/updateFileById [32m200[0m 2101.290 ms - 427[0m
2024-06-25 17:04:19 info: [0mPOST /api/files/updateFileById [32m200[0m 175.091 ms - 919[0m
2024-06-25 17:04:19 info: [0mGET /api/files/getFiles [32m200[0m 181.888 ms - -[0m
2024-06-25 17:04:20 info: [0mGET /api/files/getFiles [32m200[0m 184.716 ms - -[0m
2024-06-25 17:04:38 info: [0mOPTIONS /api/files/updateFileById [32m204[0m 0.108 ms - 0[0m
2024-06-25 17:04:44 info: [0mOPTIONS /api/files/updateFileById [32m204[0m 0.117 ms - 0[0m
2024-06-25 17:04:44 info: [0mOPTIONS /api/ia/chat [32m204[0m 0.103 ms - 0[0m
2024-06-25 17:04:44 info: [0mGET /public/test_largo.pdf [32m200[0m 22.354 ms - 25381301[0m
2024-06-25 17:04:49 info: [0mPOST /api/ia/chat [32m200[0m 4746.077 ms - -[0m
2024-06-25 17:04:49 info: [0mPOST /api/files/updateFileById [32m200[0m 4826.094 ms - 423[0m
2024-06-25 17:04:49 info: [0mGET /api/files/getFiles [32m200[0m 192.944 ms - -[0m
2024-06-25 17:04:49 info: [0mGET /public/test_largo.pdf [32m200[0m 2.262 ms - 25381301[0m
2024-06-25 17:04:49 info: [0mPOST /api/files/updateFileById [32m200[0m 537.285 ms - -[0m
2024-06-25 17:04:50 info: [0mGET /api/files/getFiles [32m200[0m 189.352 ms - -[0m
2024-06-25 17:05:43 info: [0mGET /public/test_largo.pdf [32m200[0m 3.314 ms - 25381301[0m
2024-06-25 17:05:54 info: [0mOPTIONS /api/files/updateFileById [32m204[0m 0.148 ms - 0[0m
2024-06-25 17:05:54 info: [0mOPTIONS /api/ia/chat [32m204[0m 0.203 ms - 0[0m
2024-06-25 17:05:54 info: [0mGET /public/test_largo.pdf [32m200[0m 2.151 ms - 25381301[0m
2024-06-25 17:05:56 info: [0mPOST /api/ia/chat [32m200[0m 1807.164 ms - -[0m
2024-06-25 17:05:56 info: [0mPOST /api/files/updateFileById [32m200[0m 1936.319 ms - -[0m
2024-06-25 17:05:56 info: [0mGET /public/test_largo.pdf [32m200[0m 3.478 ms - 25381301[0m
2024-06-25 17:05:56 info: [0mGET /api/files/getFiles [32m200[0m 256.063 ms - -[0m
2024-06-25 17:05:56 info: [0mPOST /api/files/updateFileById [32m200[0m 437.729 ms - -[0m
2024-06-25 17:05:57 info: [0mGET /api/files/getFiles [32m200[0m 240.975 ms - -[0m
2024-06-25 17:06:15 info: [0mOPTIONS /api/files/updateFileById [32m204[0m 0.238 ms - 0[0m
2024-06-25 17:06:15 info: [0mOPTIONS /api/ia/chat [32m204[0m 0.149 ms - 0[0m
2024-06-25 17:06:15 info: [0mGET /public/test_largo.pdf [32m200[0m 2.150 ms - 25381301[0m
2024-06-25 17:06:17 info: [0mPOST /api/ia/chat [32m200[0m 2005.747 ms - -[0m
2024-06-25 17:06:17 info: [0mPOST /api/files/updateFileById [32m200[0m 2155.144 ms - -[0m
2024-06-25 17:06:17 info: [0mGET /public/test_largo.pdf [32m200[0m 5.325 ms - 25381301[0m
2024-06-25 17:06:17 info: [0mGET /api/files/getFiles [32m200[0m 265.395 ms - -[0m
2024-06-25 17:06:18 info: [0mPOST /api/files/updateFileById [32m200[0m 566.459 ms - -[0m
2024-06-25 17:06:18 info: [0mGET /api/files/getFiles [32m200[0m 268.913 ms - -[0m
2024-06-25 17:06:38 info: [0mPOST /api/files/updateFileById [0m-[0m - ms - -[0m
2024-06-25 17:06:38 info: [0mPOST /api/files/updateFileById [0m-[0m - ms - -[0m
2024-06-25 17:06:38 info: [0mGET /api/veify-token/ [36m304[0m 2.998 ms - -[0m
2024-06-25 17:06:38 info: [0mGET /api/veify-token/ [36m304[0m 1.234 ms - -[0m
2024-06-25 17:06:38 info: [0mGET /api/organization/getOrganizations [36m304[0m 66.881 ms - -[0m
2024-06-25 17:06:38 info: [0mGET /api/roles/getRoles [36m304[0m 124.931 ms - -[0m
2024-06-25 17:06:39 info: [0mGET /api/files/getFiles [36m304[0m 236.909 ms - -[0m
2024-06-25 17:06:41 info: [0mGET /api/users/getUsers [36m304[0m 2445.524 ms - -[0m
2024-06-25 17:06:52 info: [0mOPTIONS /api/files/updateFileById [32m204[0m 0.175 ms - 0[0m
2024-06-25 17:07:28 info: [0mOPTIONS /api/files/updateFileById [32m204[0m 0.125 ms - 0[0m
2024-06-25 17:07:28 info: [0mOPTIONS /api/ia/chat [32m204[0m 0.091 ms - 0[0m
2024-06-25 17:07:29 info: [0mGET /public/An_End-to-End_Platform_for_Managing_Third-party_Risks_in_Oil_Pipelines.pdf [32m200[0m 33.486 ms - 1521772[0m
2024-06-25 17:07:32 info: [0mPOST /api/ia/chat [32m200[0m 3978.073 ms - -[0m
2024-06-25 17:07:33 info: [0mPOST /api/files/updateFileById [32m200[0m 4074.479 ms - 551[0m
2024-06-25 17:07:33 info: [0mGET /public/An_End-to-End_Platform_for_Managing_Third-party_Risks_in_Oil_Pipelines.pdf [32m200[0m 1.548 ms - 1521772[0m
2024-06-25 17:07:33 info: [0mPOST /api/files/updateFileById [32m200[0m 188.220 ms - -[0m
2024-06-25 17:07:33 info: [0mGET /api/files/getFiles [32m200[0m 244.032 ms - -[0m
2024-06-25 17:07:33 info: [0mGET /api/files/getFiles [32m200[0m 249.550 ms - -[0m
2024-06-25 17:08:30 info: [0mGET /public/An_End-to-End_Platform_for_Managing_Third-party_Risks_in_Oil_Pipelines.pdf [32m200[0m 1.189 ms - 1521772[0m
2024-06-25 17:08:48 info: [0mOPTIONS /api/files/updateFileById [32m204[0m 0.144 ms - 0[0m
2024-06-25 17:08:48 info: [0mOPTIONS /api/ia/chat [32m204[0m 0.248 ms - 0[0m
2024-06-25 17:08:48 info: [0mGET /public/An_End-to-End_Platform_for_Managing_Third-party_Risks_in_Oil_Pipelines.pdf [32m200[0m 2.991 ms - 1521772[0m
2024-06-25 17:08:52 info: [0mPOST /api/ia/chat [32m200[0m 3807.948 ms - -[0m
2024-06-25 17:08:52 info: [0mPOST /api/files/updateFileById [32m200[0m 3888.286 ms - -[0m
2024-06-25 17:08:52 info: [0mGET /public/An_End-to-End_Platform_for_Managing_Third-party_Risks_in_Oil_Pipelines.pdf [32m200[0m 3.898 ms - 1521772[0m
2024-06-25 17:08:52 info: [0mPOST /api/files/updateFileById [32m200[0m 315.667 ms - -[0m
2024-06-25 17:08:52 info: [0mGET /api/files/getFiles [32m200[0m 296.079 ms - -[0m
2024-06-25 17:08:53 info: [0mGET /api/files/getFiles [32m200[0m 316.596 ms - -[0m
2024-06-25 17:09:46 info: [0mOPTIONS /api/files/updateFileById [32m204[0m 0.308 ms - 0[0m
2024-06-25 17:14:02 info: [0mPOST /api/files/updateFileById [0m-[0m - ms - -[0m
2024-06-25 17:14:02 info: [0mPOST /api/files/updateFileById [0m-[0m - ms - -[0m
2024-06-25 17:14:02 info: [0mPOST /api/files/updateFileById [0m-[0m - ms - -[0m
2024-06-25 17:19:19 info: [0mGET /api/veify-token/ [36m304[0m 4.058 ms - -[0m
2024-06-25 17:19:19 info: [0mGET /api/veify-token/ [36m304[0m 1.354 ms - -[0m
2024-06-25 17:19:33 info: [0mOPTIONS /api/login [32m204[0m 0.173 ms - 0[0m
2024-06-25 17:19:33 info: [0mPOST /api/login [32m200[0m 187.416 ms - -[0m
2024-06-25 17:19:33 info: [0mGET /api/organization/getOrganizations [36m304[0m 60.736 ms - -[0m
2024-06-25 17:19:33 info: [0mGET /api/organization/getOrganizations [36m304[0m 61.368 ms - -[0m
2024-06-25 17:19:33 info: [0mGET /api/roles/getRoles [36m304[0m 130.313 ms - -[0m
2024-06-25 17:19:34 info: [0mGET /api/roles/getRoles [36m304[0m 122.642 ms - -[0m
2024-06-25 17:19:34 info: [0mGET /api/files/getFiles [36m304[0m 313.380 ms - -[0m
2024-06-25 17:19:36 info: [0mGET /api/users/getUsers [36m304[0m 2368.595 ms - -[0m
2024-06-25 17:19:38 info: [0mGET /api/users/getUsers [36m304[0m 2270.981 ms - -[0m
2024-06-25 17:21:33 info: [0mGET /api/veify-token/ [36m304[0m 3.180 ms - -[0m
2024-06-25 17:21:33 info: [0mGET /api/veify-token/ [36m304[0m 1.157 ms - -[0m
2024-06-25 17:21:33 info: [0mGET /api/organization/getOrganizations [36m304[0m 61.067 ms - -[0m
2024-06-25 17:21:34 info: [0mGET /api/roles/getRoles [36m304[0m 132.219 ms - -[0m
2024-06-25 17:21:34 info: [0mGET /api/files/getFiles [36m304[0m 297.762 ms - -[0m
2024-06-25 17:21:36 info: [0mGET /api/users/getUsers [36m304[0m 2491.970 ms - -[0m
2024-06-25 17:24:50 info: [0mOPTIONS /api/files/updateFileById [32m204[0m 0.239 ms - 0[0m
2024-06-25 17:24:56 info: [0mOPTIONS /api/files/updateFileById [32m204[0m 0.115 ms - 0[0m
2024-06-25 17:25:02 info: [0mOPTIONS /api/files/updateFileById [32m204[0m 0.169 ms - 0[0m
2024-06-25 17:25:14 info: [0mOPTIONS /api/files/updateFileById [32m204[0m 0.124 ms - 0[0m
2024-06-25 17:25:14 info: [0mOPTIONS /api/ia/chat [32m204[0m 0.223 ms - 0[0m
2024-06-25 17:25:14 info: [0mGET /public/Manual%20Harriet%20Lane%20de%20Pediatr%C3%ADa%20-%2022%20Edicion.pdf [32m200[0m 25.845 ms - 85319880[0m
2024-06-25 17:25:17 info: [0mPOST /api/ia/chat [32m200[0m 2917.178 ms - -[0m
2024-06-25 17:25:17 info: [0mPOST /api/files/updateFileById [32m200[0m 3013.824 ms - 519[0m
2024-06-25 17:25:17 info: [0mGET /api/files/getFiles [32m200[0m 345.628 ms - -[0m
2024-06-25 17:25:17 info: [0mGET /public/Manual%20Harriet%20Lane%20de%20Pediatr%C3%ADa%20-%2022%20Edicion.pdf [32m200[0m 3.925 ms - 85319880[0m
2024-06-25 17:25:17 info: [0mPOST /api/files/updateFileById [32m200[0m 634.122 ms - -[0m
2024-06-25 17:25:18 info: [0mGET /api/files/getFiles [32m200[0m 299.057 ms - -[0m
2024-06-25 17:27:31 info: [0mOPTIONS /api/files/updateFileById [32m204[0m 0.256 ms - 0[0m
2024-06-25 17:27:31 info: [0mOPTIONS /api/ia/chat [32m204[0m 0.141 ms - 0[0m
2024-06-25 17:27:31 info: [0mGET /public/Manual%20Harriet%20Lane%20de%20Pediatr%C3%ADa%20-%2022%20Edicion.pdf [32m200[0m 9.973 ms - 85319880[0m
2024-06-25 17:27:34 info: [0mPOST /api/ia/chat [32m200[0m 3020.322 ms - -[0m
2024-06-25 17:27:34 info: [0mPOST /api/files/updateFileById [32m200[0m 3112.396 ms - -[0m
2024-06-25 17:27:34 info: [0mGET /api/files/getFiles [32m200[0m 318.150 ms - -[0m
2024-06-25 17:27:34 info: [0mGET /public/Manual%20Harriet%20Lane%20de%20Pediatr%C3%ADa%20-%2022%20Edicion.pdf [32m200[0m 1.914 ms - 85319880[0m
2024-06-25 17:27:34 info: [0mPOST /api/files/updateFileById [32m200[0m 816.377 ms - -[0m
2024-06-25 17:27:35 info: [0mGET /api/files/getFiles [32m200[0m 304.614 ms - -[0m
2024-06-25 17:33:41 info: [0mPOST /api/files/updateFileById [0m-[0m - ms - -[0m
2024-06-25 17:33:41 info: [0mPOST /api/files/updateFileById [0m-[0m - ms - -[0m
2024-06-25 17:33:41 info: [0mPOST /api/files/updateFileById [0m-[0m - ms - -[0m
2024-06-25 23:14:13 info: =================================
2024-06-25 23:14:13 info: ======= ENV: development =======
2024-06-25 23:14:13 info: 🚀 App listening on the port 5210
2024-06-25 23:14:13 info: =================================
2024-06-25 23:15:21 info: [0mGET /api/veify-token/ [32m200[0m 52.505 ms - 967[0m
2024-06-25 23:15:21 info: [0mGET /api/veify-token/ [36m304[0m 4.905 ms - -[0m
2024-06-25 23:15:21 info: [0mGET /api/organization/getOrganizations [36m304[0m 91.976 ms - -[0m
2024-06-25 23:15:21 info: [0mGET /api/roles/getRoles [36m304[0m 201.983 ms - -[0m
2024-06-25 23:15:21 info: [0mGET /api/files/getFiles [36m304[0m 385.660 ms - -[0m
2024-06-25 23:15:26 info: [0mGET /api/users/getUsers [36m304[0m 4904.279 ms - -[0m
2024-06-25 23:15:39 info: [0mGET /api/veify-token/ [36m304[0m 4.535 ms - -[0m
2024-06-25 23:15:39 info: [0mGET /api/veify-token/ [36m304[0m 2.751 ms - -[0m
2024-06-25 23:16:01 info: [0mOPTIONS /api/login [32m204[0m 1.346 ms - 0[0m
2024-06-25 23:16:02 info: [0mPOST /api/login [32m200[0m 724.725 ms - -[0m
2024-06-25 23:16:02 info: [0mGET /api/organization/getOrganizations [36m304[0m 96.191 ms - -[0m
2024-06-25 23:16:02 info: [0mGET /api/roles/getRoles [36m304[0m 166.898 ms - -[0m
2024-06-25 23:16:02 info: [0mGET /api/organization/getOrganizations [36m304[0m 83.095 ms - -[0m
2024-06-25 23:16:02 info: [0mGET /api/roles/getRoles [36m304[0m 169.353 ms - -[0m
2024-06-25 23:16:02 info: [0mGET /api/files/getFiles [36m304[0m 389.116 ms - -[0m
2024-06-25 23:16:08 info: [0mGET /api/users/getUsers [36m304[0m 6188.960 ms - -[0m
2024-06-25 23:16:12 info: [0mGET /api/users/getUsers [36m304[0m 4511.881 ms - -[0m
2024-06-25 23:19:12 info: [0mGET /api/veify-token/ [32m200[0m 15.641 ms - 967[0m
2024-06-25 23:19:12 info: [0mGET /api/veify-token/ [36m304[0m 4.319 ms - -[0m
2024-06-25 23:19:12 info: [0mGET /api/organization/getOrganizations [36m304[0m 98.290 ms - -[0m
2024-06-25 23:19:12 info: [0mGET /api/roles/getRoles [36m304[0m 178.961 ms - -[0m
2024-06-25 23:19:13 info: [0mGET /api/files/getFiles [36m304[0m 452.394 ms - -[0m
2024-06-25 23:19:18 info: [0mGET /api/users/getUsers [36m304[0m 5570.789 ms - -[0m
2024-06-25 23:19:39 info: [0mOPTIONS /api/files/updateFileById [32m204[0m 0.757 ms - 0[0m
2024-06-25 23:19:45 info: [0mOPTIONS /api/files/updateFileById [32m204[0m 0.408 ms - 0[0m
2024-06-25 23:19:45 info: [0mOPTIONS /api/ia/chat [32m204[0m 0.308 ms - 0[0m
2024-06-25 23:19:46 info: [0mGET /public/Chapter4.pdf [32m200[0m 45.990 ms - 8978319[0m
2024-06-25 23:19:47 info: [0mPOST /api/ia/chat [32m200[0m 1388.992 ms - -[0m
2024-06-25 23:19:47 info: [0mPOST /api/files/updateFileById [32m200[0m 1694.025 ms - -[0m
2024-06-25 23:19:47 info: [0mGET /public/Chapter4.pdf [32m200[0m 9.575 ms - 8978319[0m
2024-06-25 23:19:48 info: [0mGET /api/files/getFiles [32m200[0m 430.869 ms - -[0m
2024-06-25 23:19:48 info: [0mPOST /api/files/updateFileById [32m200[0m 788.441 ms - -[0m
2024-06-25 23:19:48 info: [0mGET /api/files/getFiles [32m200[0m 391.544 ms - -[0m
2024-06-25 23:33:39 info: [0mPOST /api/files/updateFileById [0m-[0m - ms - -[0m
