2024-04-18 09:40:11 info: =================================
2024-04-18 09:40:11 info: ======= ENV: development =======
2024-04-18 09:40:11 info: 🚀 App listening on the port 5210
2024-04-18 09:40:11 info: =================================
2024-04-18 09:40:20 info: [0mPOST /api/files/getFilesByUserId [32m200[0m 341.422 ms - -[0m
2024-04-18 09:48:30 info: [0mPOST /api/login [32m200[0m 2496.782 ms - -[0m
2024-04-18 09:54:18 info: [0mPOST /api/files/updateFileById [32m200[0m 322.382 ms - -[0m
2024-04-18 09:55:00 info: [0mPOST /api/files/getFilesByUserId [32m200[0m 94.586 ms - -[0m
2024-04-18 12:14:15 info: [0mPOST /api/files/getFilesByUserId [32m200[0m 424.729 ms - -[0m
2024-04-18 12:14:15 info: [0mPOST /api/files/getFilesByUserId [32m200[0m 393.496 ms - -[0m
2024-04-18 12:17:22 info: [0mPOST /api/files/getFilesByUserId [32m200[0m 98.971 ms - -[0m
2024-04-18 12:17:49 info: [0mPOST /api/login [32m200[0m 392.199 ms - -[0m
2024-04-18 12:25:56 info: [0mPOST /api/files/getFilesByUserId [32m200[0m 282.534 ms - -[0m
2024-04-18 12:25:56 info: [0mPOST /api/files/getFilesByUserId [32m200[0m 101.685 ms - -[0m
2024-04-18 12:25:56 info: [0mGET /api/users/getUsers [32m200[0m 223.447 ms - -[0m
2024-04-18 12:25:57 info: [0mGET /api/users/getUsers [36m304[0m 204.431 ms - -[0m
2024-04-18 12:48:20 info: [0mPOST /api/files/getFilesByUserId [32m200[0m 101.466 ms - -[0m
2024-04-18 12:48:20 info: [0mPOST /api/files/getFilesByUserId [32m200[0m 99.369 ms - -[0m
2024-04-18 12:48:20 info: [0mGET /api/users/getUsers [36m304[0m 280.153 ms - -[0m
2024-04-18 13:13:54 info: [0mPOST /api/login [32m200[0m 365.988 ms - -[0m
2024-04-18 13:13:54 info: [0mPOST /api/files/getFilesByUserId [32m200[0m 108.954 ms - -[0m
2024-04-18 13:13:59 info: [0mPOST /api/files/getFilesByUserId [32m200[0m 98.047 ms - -[0m
2024-04-18 13:19:16 info: [0mPOST /api/files/getFilesByUserId [32m200[0m 207.917 ms - -[0m
2024-04-18 13:19:16 info: [0mPOST /api/files/getFilesByUserId [32m200[0m 318.428 ms - -[0m
2024-04-18 13:19:16 info: [0mGET /api/users/getUsers [36m304[0m 478.665 ms - -[0m
2024-04-18 13:19:34 info: [0mPOST /api/files/getFilesByUserId [32m200[0m 114.229 ms - -[0m
2024-04-18 13:21:21 info: [0mPOST /api/files/getFilesByUserId [32m200[0m 97.098 ms - -[0m
2024-04-18 13:21:21 info: [0mPOST /api/files/getFilesByUserId [32m200[0m 107.401 ms - -[0m
2024-04-18 13:21:21 info: [0mGET /api/users/getUsers [36m304[0m 184.192 ms - -[0m
2024-04-18 13:21:21 info: [0mGET /api/users/getUsers [36m304[0m 189.604 ms - -[0m
2024-04-18 13:22:00 info: [0mPOST /api/files/getFilesByUserId [32m200[0m 103.390 ms - -[0m
2024-04-18 13:22:00 info: [0mPOST /api/files/getFilesByUserId [32m200[0m 103.655 ms - -[0m
2024-04-18 13:22:00 info: [0mGET /api/users/getUsers [36m304[0m 225.312 ms - -[0m
2024-04-18 13:22:08 info: [0mPOST /api/files/getFilesByUserId [32m200[0m 368.656 ms - -[0m
2024-04-18 13:22:21 info: [0mPOST /api/files/getFilesByUserId [32m200[0m 112.521 ms - -[0m
2024-04-18 13:23:41 info: [0mPOST /api/files/getFilesByUserId [32m200[0m 96.416 ms - -[0m
2024-04-18 13:23:41 info: [0mPOST /api/files/getFilesByUserId [32m200[0m 95.589 ms - -[0m
2024-04-18 13:23:41 info: [0mGET /api/users/getUsers [36m304[0m 197.885 ms - -[0m
2024-04-18 13:23:42 info: [0mPOST /api/files/getFilesByUserId [32m200[0m 81.795 ms - -[0m
2024-04-18 13:23:43 info: [0mPOST /api/files/getFilesByUserId [32m200[0m 88.470 ms - -[0m
2024-04-18 13:23:43 info: [0mGET /api/users/getUsers [36m304[0m 173.528 ms - -[0m
2024-04-18 13:23:43 info: [0mGET /api/users/getUsers [36m304[0m 177.481 ms - -[0m
2024-04-18 13:23:44 info: [0mGET /api/users/getUsers [36m304[0m 177.588 ms - -[0m
2024-04-18 13:25:06 info: [0mPOST /api/files/getFilesByUserId [32m200[0m 340.120 ms - -[0m
2024-04-18 13:25:06 info: [0mPOST /api/files/getFilesByUserId [32m200[0m 266.697 ms - -[0m
2024-04-18 13:25:06 info: [0mGET /api/users/getUsers [36m304[0m 601.779 ms - -[0m
2024-04-18 13:27:14 info: [0mPOST /api/files/getFilesByUserId [32m200[0m 95.567 ms - -[0m
2024-04-18 13:27:14 info: [0mPOST /api/files/getFilesByUserId [32m200[0m 94.081 ms - -[0m
2024-04-18 13:27:14 info: [0mGET /api/users/getUsers [36m304[0m 195.136 ms - -[0m
2024-04-18 13:27:35 info: [0mPOST /api/files/getFilesByUserId [32m200[0m 106.180 ms - -[0m
2024-04-18 13:27:35 info: [0mPOST /api/files/getFilesByUserId [32m200[0m 95.792 ms - -[0m
2024-04-18 13:27:35 info: [0mGET /api/users/getUsers [36m304[0m 196.885 ms - -[0m
2024-04-18 13:39:35 info: [0mPOST /api/files/getFilesByUserId [32m200[0m 107.470 ms - -[0m
2024-04-18 13:39:35 info: [0mGET /api/users/getUsers [36m304[0m 192.075 ms - -[0m
2024-04-18 13:50:33 info: [0mPOST /api/files/getFilesByUserId [32m200[0m 97.177 ms - -[0m
2024-04-18 13:50:33 info: [0mGET /api/users/getUsers [36m304[0m 198.771 ms - -[0m
2024-04-18 14:13:03 info: =================================
2024-04-18 14:13:03 info: ======= ENV: development =======
2024-04-18 14:13:03 info: 🚀 App listening on the port 5210
2024-04-18 14:13:03 info: =================================
2024-04-18 14:13:54 info: =================================
2024-04-18 14:13:54 info: ======= ENV: development =======
2024-04-18 14:13:54 info: 🚀 App listening on the port 5210
2024-04-18 14:13:54 info: =================================
2024-04-18 14:16:44 info: =================================
2024-04-18 14:16:44 info: ======= ENV: development =======
2024-04-18 14:16:44 info: 🚀 App listening on the port 5210
2024-04-18 14:16:44 info: =================================
2024-04-18 14:18:32 info: =================================
2024-04-18 14:18:32 info: ======= ENV: development =======
2024-04-18 14:18:32 info: 🚀 App listening on the port 5210
2024-04-18 14:18:32 info: =================================
2024-04-18 14:19:10 info: [0mPOST /api/files/getFilesByUserId [32m200[0m 658.629 ms - -[0m
2024-04-18 14:19:10 info: [0mGET /api/users/getUsers [32m200[0m 611.711 ms - -[0m
2024-04-18 14:20:18 info: =================================
2024-04-18 14:20:18 info: ======= ENV: development =======
2024-04-18 14:20:18 info: 🚀 App listening on the port 5210
2024-04-18 14:20:18 info: =================================
2024-04-18 14:22:02 info: [0mPOST /api/login [32m200[0m 425.488 ms - -[0m
2024-04-18 14:22:02 info: [0mPOST /api/files/getFilesByUserId [32m200[0m 108.646 ms - -[0m
2024-04-18 14:22:03 info: [0mGET /api/users/getUsers [32m200[0m 197.495 ms - -[0m
2024-04-18 14:22:03 info: [0mGET /api/users/getUsers [36m304[0m 176.956 ms - -[0m
2024-04-18 14:22:09 info: [0mPOST /api/files/getFilesByUserId [32m200[0m 120.836 ms - -[0m
2024-04-18 14:22:10 info: [0mGET /api/users/getUsers [36m304[0m 341.298 ms - -[0m
2024-04-18 14:26:09 info: [0mPOST /api/files/getFilesByUserId [32m200[0m 320.619 ms - -[0m
2024-04-18 14:26:09 info: [0mGET /api/users/getUsers [36m304[0m 561.579 ms - -[0m
2024-04-18 14:26:21 info: [0mPOST /api/files/getFilesByUserId [32m200[0m 417.593 ms - -[0m
2024-04-18 14:26:21 info: [0mGET /api/users/getUsers [36m304[0m 673.353 ms - -[0m
2024-04-18 14:27:09 info: [0mPOST /api/files/getFilesByUserId [32m200[0m 202.520 ms - -[0m
2024-04-18 14:27:09 info: [0mGET /api/users/getUsers [36m304[0m 645.594 ms - -[0m
2024-04-18 15:03:57 info: [0mPOST /api/login [32m200[0m 340.605 ms - -[0m
2024-04-18 15:03:58 info: [0mGET /api/users/getUsers [36m304[0m 880.683 ms - -[0m
2024-04-18 15:04:02 info: [0mGET /api/users/getUsers [36m304[0m 3463.956 ms - -[0m
2024-04-18 15:06:54 info: [0mPOST /api/files/updateFileById [32m200[0m 947.904 ms - -[0m
2024-04-18 15:46:47 info: =================================
2024-04-18 15:46:47 info: ======= ENV: development =======
2024-04-18 15:46:47 info: 🚀 App listening on the port 5210
2024-04-18 15:46:47 info: =================================
2024-04-18 15:48:44 info: [0mPOST /api/files/getFilesByUserId [32m200[0m 408.515 ms - -[0m
2024-04-18 15:48:44 info: [0mGET /api/users/getUsers [32m200[0m 436.272 ms - -[0m
2024-04-18 15:48:44 info: [0mPOST /api/files/getFilesByUserId [32m200[0m 100.633 ms - -[0m
2024-04-18 15:49:28 info: [0mPOST /api/files/getFilesByUserId [32m200[0m 106.229 ms - -[0m
2024-04-18 15:49:28 info: [0mPOST /api/files/getFilesByUserId [32m200[0m 94.080 ms - -[0m
2024-04-18 15:49:47 info: [0mGET /api/files/getFiles [32m200[0m 1204.634 ms - -[0m
2024-04-18 15:49:48 info: [0mGET /api/files/getFiles [36m304[0m 712.655 ms - -[0m
2024-04-18 15:58:47 info: [0mGET /api/users/getUsers [36m304[0m 212.915 ms - -[0m
2024-04-18 15:58:48 info: [0mGET /api/files/getFiles [36m304[0m 953.992 ms - -[0m
2024-04-18 16:01:29 info: [0mGET /api/users/getUsers [36m304[0m 218.847 ms - -[0m
2024-04-18 16:01:29 info: [0mGET /api/files/getFiles [36m304[0m 717.428 ms - -[0m
2024-04-18 17:05:33 info: [0mGET /api/users/getUsers [36m304[0m 213.771 ms - -[0m
2024-04-18 17:05:34 info: [0mGET /api/files/getFiles [36m304[0m 872.113 ms - -[0m
2024-04-18 17:07:27 info: =================================
2024-04-18 17:07:27 info: ======= ENV: development =======
2024-04-18 17:07:27 info: 🚀 App listening on the port 5210
2024-04-18 17:07:27 info: =================================
2024-04-18 17:07:42 info: [0mGET /api/users/getUsers [32m200[0m 285.529 ms - -[0m
2024-04-18 17:07:42 info: [0mGET /api/files/getFiles [32m200[0m 1002.154 ms - -[0m
2024-04-18 17:12:14 info: [0mGET /api/users/getUsers [36m304[0m 186.565 ms - -[0m
2024-04-18 17:12:14 info: [0mGET /api/files/getFiles [36m304[0m 836.432 ms - -[0m
2024-04-18 17:24:22 info: =================================
2024-04-18 17:24:22 info: ======= ENV: development =======
2024-04-18 17:24:22 info: 🚀 App listening on the port 5210
2024-04-18 17:24:22 info: =================================
2024-04-18 17:24:30 info: [0mGET /api/users/getUsers [32m200[0m 715.501 ms - -[0m
2024-04-18 17:24:31 info: [0mGET /api/files/getFiles [32m200[0m 2375.522 ms - -[0m
