2024-06-12 06:18:59 info: =================================
2024-06-12 06:18:59 info: ======= ENV: development =======
2024-06-12 06:18:59 info: 🚀 App listening on the port 5210
2024-06-12 06:18:59 info: =================================
2024-06-12 06:19:46 info: [0mGET /api/veify-token/ [32m200[0m 30.098 ms - 967[0m
2024-06-12 06:19:46 info: [0mGET /api/veify-token/ [36m304[0m 5.906 ms - -[0m
2024-06-12 06:29:51 info: [0mOPTIONS /api/login [32m204[0m 1.043 ms - 0[0m
2024-06-12 06:29:52 info: [0mPOST /api/login [32m200[0m 781.956 ms - -[0m
2024-06-12 06:29:52 info: [0mGET /api/organization/getOrganizations [32m200[0m 92.177 ms - 979[0m
2024-06-12 06:29:52 info: [0mGET /api/organization/getOrganizations [36m304[0m 75.366 ms - -[0m
2024-06-12 06:29:52 info: [0mGET /api/roles/getRoles [32m200[0m 162.257 ms - -[0m
2024-06-12 06:29:52 info: [0mGET /api/files/getFiles [32m200[0m 195.106 ms - -[0m
2024-06-12 06:29:53 info: [0mGET /api/roles/getRoles [36m304[0m 156.645 ms - -[0m
2024-06-12 06:29:56 info: [0mGET /api/users/getUsers [32m200[0m 3787.659 ms - -[0m
2024-06-12 06:30:01 info: [0mGET /api/users/getUsers [36m304[0m 5171.484 ms - -[0m
2024-06-12 06:30:02 info: [0mOPTIONS /api/files/updateFileById [32m204[0m 0.981 ms - 0[0m
2024-06-12 06:30:02 info: [0mGET /public/Chapter4.pdf [32m200[0m 40.743 ms - 8978319[0m
2024-06-12 06:30:02 info: [0mGET /public/Chapter4.pdf [32m200[0m 39.354 ms - 8978319[0m
2024-06-12 06:30:02 info: [0mPOST /api/files/updateFileById [32m200[0m 480.820 ms - 322[0m
2024-06-12 06:30:02 info: [0mPOST /api/files/updateFileById [32m200[0m 516.977 ms - 322[0m
2024-06-12 06:30:02 info: [0mGET /api/files/getFiles [32m200[0m 151.882 ms - -[0m
2024-06-12 06:30:02 info: [0mGET /api/files/getFiles [36m304[0m 139.344 ms - -[0m
2024-06-12 06:30:36 info: [0mOPTIONS /api/files/updateFileById [32m204[0m 0.561 ms - 0[0m
2024-06-12 06:30:36 info: [0mOPTIONS /api/files/updateFileById [32m204[0m 0.805 ms - 0[0m
2024-06-12 06:30:36 info: [0mOPTIONS /api/files/updateFileById [32m204[0m 0.237 ms - 0[0m
2024-06-12 06:30:36 info: [0mGET /public/Chapter4.pdf [32m200[0m 25.052 ms - 8978319[0m
2024-06-12 06:30:36 info: [0mGET /public/Chapter4.pdf [32m200[0m 21.766 ms - 8978319[0m
2024-06-12 06:30:36 info: [0mGET /public/Chapter4.pdf [32m200[0m 16.463 ms - 8978319[0m
2024-06-12 06:30:36 info: [0mGET /public/Chapter4.pdf [32m200[0m 12.888 ms - 8978319[0m
2024-06-12 06:30:36 info: [0mGET /public/Chapter4.pdf [32m200[0m 13.313 ms - 8978319[0m
2024-06-12 06:30:36 info: [0mPOST /api/files/updateFileById [32m200[0m 675.391 ms - 322[0m
2024-06-12 06:30:36 info: [0mPOST /api/files/updateFileById [32m200[0m 674.602 ms - 322[0m
2024-06-12 06:30:36 info: [0mPOST /api/files/updateFileById [32m200[0m 693.923 ms - 322[0m
2024-06-12 06:30:36 info: [0mPOST /api/files/updateFileById [32m200[0m 680.309 ms - 322[0m
2024-06-12 06:30:37 info: [0mPOST /api/files/updateFileById [32m200[0m 701.645 ms - 322[0m
2024-06-12 06:30:37 info: [0mGET /api/files/getFiles [32m200[0m 147.902 ms - -[0m
2024-06-12 06:30:37 info: [0mGET /api/files/getFiles [36m304[0m 138.935 ms - -[0m
2024-06-12 06:30:37 info: [0mGET /api/files/getFiles [36m304[0m 135.730 ms - -[0m
2024-06-12 06:30:37 info: [0mGET /api/files/getFiles [36m304[0m 136.427 ms - -[0m
2024-06-12 06:30:37 info: [0mGET /api/files/getFiles [36m304[0m 135.922 ms - -[0m
2024-06-12 06:30:59 info: [0mOPTIONS /api/files/updateFileById [32m204[0m 0.989 ms - 0[0m
2024-06-12 06:30:59 info: [0mGET /public/Texto_pruebas.pdf [32m200[0m 29.664 ms - 14613[0m
2024-06-12 06:30:59 info: [0mGET /public/Texto_pruebas.pdf [32m200[0m 33.502 ms - 14613[0m
2024-06-12 06:30:59 info: [0mPOST /api/files/updateFileById [32m200[0m 332.531 ms - 333[0m
2024-06-12 06:30:59 info: [0mPOST /api/files/updateFileById [32m200[0m 365.522 ms - 333[0m
2024-06-12 06:30:59 info: [0mGET /api/files/getFiles [32m200[0m 154.195 ms - -[0m
2024-06-12 06:30:59 info: [0mGET /api/files/getFiles [36m304[0m 141.089 ms - -[0m
2024-06-12 06:31:58 info: [0mGET /api/veify-token/ [36m304[0m 5.925 ms - -[0m
2024-06-12 06:31:58 info: [0mGET /api/veify-token/ [36m304[0m 2.930 ms - -[0m
2024-06-12 06:31:58 info: [0mGET /api/organization/getOrganizations [36m304[0m 71.257 ms - -[0m
2024-06-12 06:31:58 info: [0mGET /api/files/getFiles [32m200[0m 159.953 ms - -[0m
2024-06-12 06:31:58 info: [0mGET /api/roles/getRoles [36m304[0m 151.838 ms - -[0m
2024-06-12 06:32:02 info: [0mGET /api/users/getUsers [36m304[0m 4408.440 ms - -[0m
2024-06-12 06:32:03 info: [0mOPTIONS /api/ia/upload_pdf [32m204[0m 0.245 ms - 0[0m
2024-06-12 06:32:04 info: [0mGET /public/test_largo.pdf [32m200[0m 8.663 ms - 25381301[0m
2024-06-12 06:32:10 info: [0mPOST /api/ia/upload_pdf [32m200[0m 6975.074 ms - 337[0m
2024-06-12 06:32:12 info: [0mGET /api/files/getFiles [32m200[0m 181.978 ms - -[0m
2024-06-12 06:32:14 info: [0mOPTIONS /api/files/updateFileById [32m204[0m 0.709 ms - 0[0m
2024-06-12 06:32:48 info: [0mOPTIONS /api/files/updateFileById [32m204[0m 1.056 ms - 0[0m
2024-06-12 06:32:48 info: [0mGET /public/Texto_pruebas.pdf [32m200[0m 17.015 ms - 14613[0m
2024-06-12 06:32:48 info: [0mGET /public/Texto_pruebas.pdf [32m200[0m 15.979 ms - 14613[0m
2024-06-12 06:32:49 info: [0mPOST /api/files/updateFileById [32m200[0m 333.976 ms - 333[0m
2024-06-12 06:32:49 info: [0mPOST /api/files/updateFileById [32m200[0m 316.641 ms - 333[0m
2024-06-12 06:32:49 info: [0mGET /api/files/getFiles [32m200[0m 160.296 ms - -[0m
2024-06-12 06:32:49 info: [0mGET /api/files/getFiles [36m304[0m 141.952 ms - -[0m
2024-06-12 06:33:00 info: [0mGET /public/test_largo.pdf [32m200[0m 3.160 ms - 25381301[0m
2024-06-12 06:36:40 info: [0mGET /api/files/getFiles [32m200[0m 168.642 ms - -[0m
2024-06-12 06:36:47 info: [0mOPTIONS /api/files/updateFileById [32m204[0m 1.171 ms - 0[0m
2024-06-12 06:36:48 info: [0mGET /public/test_largo.pdf [32m200[0m 5.345 ms - 25381301[0m
2024-06-12 06:36:48 info: [0mGET /public/test_largo.pdf [32m200[0m 5.177 ms - 25381301[0m
2024-06-12 06:36:48 info: [0mPOST /api/files/updateFileById [32m200[0m 892.656 ms - 327[0m
2024-06-12 06:36:48 info: [0mPOST /api/files/updateFileById [32m200[0m 876.467 ms - 327[0m
2024-06-12 06:36:48 info: [0mGET /api/files/getFiles [32m200[0m 154.159 ms - -[0m
2024-06-12 06:36:49 info: [0mGET /api/files/getFiles [36m304[0m 142.277 ms - -[0m
2024-06-12 06:39:21 info: [0mOPTIONS /api/files/deleteFile [32m204[0m 0.931 ms - 0[0m
2024-06-12 06:39:21 info: [0mPOST /api/files/deleteFile [32m200[0m 174.200 ms - 30[0m
2024-06-12 06:39:21 info: [0mGET /api/files/getFiles [32m200[0m 153.490 ms - -[0m
2024-06-12 06:40:07 info: [0mOPTIONS /api/files/updateFileById [32m204[0m 0.381 ms - 0[0m
2024-06-12 06:40:07 info: [0mGET /public/Texto_pruebas.pdf [32m200[0m 10.664 ms - 14613[0m
2024-06-12 06:40:07 info: [0mGET /public/Texto_pruebas.pdf [32m200[0m 12.416 ms - 14613[0m
2024-06-12 06:40:07 info: [0mPOST /api/files/updateFileById [32m200[0m 307.413 ms - 333[0m
2024-06-12 06:40:07 info: [0mPOST /api/files/updateFileById [32m200[0m 336.054 ms - 333[0m
2024-06-12 06:40:07 info: [0mGET /api/files/getFiles [32m200[0m 144.117 ms - -[0m
2024-06-12 06:40:07 info: [0mGET /api/files/getFiles [36m304[0m 137.390 ms - -[0m
2024-06-12 06:40:11 info: [0mOPTIONS /api/ia/upload_pdf [32m204[0m 0.275 ms - 0[0m
2024-06-12 06:40:12 info: [0mGET /public/test_largo.pdf [32m200[0m 16.632 ms - 25381301[0m
2024-06-12 06:40:17 info: [0mPOST /api/ia/upload_pdf [33m400[0m 5187.697 ms - 119[0m
2024-06-12 06:40:28 info: [0mPOST /api/files/updateFileById [0m-[0m - ms - -[0m
2024-06-12 06:40:28 info: [0mPOST /api/files/updateFileById [0m-[0m - ms - -[0m
2024-06-12 06:40:29 info: [0mGET /api/veify-token/ [36m304[0m 8.161 ms - -[0m
2024-06-12 06:40:29 info: [0mGET /api/veify-token/ [36m304[0m 3.308 ms - -[0m
2024-06-12 06:40:29 info: [0mGET /api/organization/getOrganizations [36m304[0m 77.635 ms - -[0m
2024-06-12 06:40:29 info: [0mGET /api/files/getFiles [36m304[0m 183.739 ms - -[0m
2024-06-12 06:40:29 info: [0mGET /api/roles/getRoles [36m304[0m 154.525 ms - -[0m
2024-06-12 06:40:34 info: [0mGET /api/users/getUsers [36m304[0m 4542.845 ms - -[0m
2024-06-12 06:41:04 info: [0mOPTIONS /api/ia/upload_pdf [32m204[0m 0.661 ms - 0[0m
2024-06-12 06:41:05 info: [0mGET /public/test_largo.pdf [32m200[0m 8.480 ms - 25381301[0m
2024-06-12 06:41:10 info: [0mPOST /api/ia/upload_pdf [32m200[0m 5344.476 ms - 337[0m
2024-06-12 06:41:10 info: [0mOPTIONS /api/files/updateFileById [32m204[0m 0.508 ms - 0[0m
2024-06-12 06:41:10 info: [0mGET /public/test_largo.pdf [32m200[0m 7.474 ms - 25381301[0m
2024-06-12 06:41:10 info: [0mGET /public/test_largo.pdf [32m200[0m 9.300 ms - 25381301[0m
2024-06-12 06:41:10 info: [0mPOST /api/files/updateFileById [32m200[0m 589.641 ms - 327[0m
2024-06-12 06:41:10 info: [0mPOST /api/files/updateFileById [32m200[0m 616.852 ms - 327[0m
2024-06-12 06:41:11 info: [0mGET /api/files/getFiles [32m200[0m 151.321 ms - -[0m
2024-06-12 06:41:11 info: [0mGET /api/files/getFiles [36m304[0m 138.972 ms - -[0m
2024-06-12 06:41:11 info: [0mGET /public/test_largo.pdf [32m200[0m 7.811 ms - 25381301[0m
2024-06-12 06:41:11 info: [0mGET /api/files/getFiles [32m200[0m 151.132 ms - -[0m
2024-06-12 06:41:11 info: [0mPOST /api/files/updateFileById [32m200[0m 453.636 ms - 455[0m
2024-06-12 06:41:12 info: [0mGET /api/files/getFiles [36m304[0m 331.405 ms - -[0m
2024-06-12 06:42:00 info: [0mGET /public/test_largo.pdf [32m200[0m 6.671 ms - 25381301[0m
2024-06-12 06:42:33 info: [0mGET /api/files/getFiles [32m200[0m 155.993 ms - -[0m
2024-06-12 06:44:02 info: [0mPOST /api/files/updateFileById [0m-[0m - ms - -[0m
2024-06-12 06:44:02 info: [0mPOST /api/files/updateFileById [0m-[0m - ms - -[0m
2024-06-12 06:44:03 info: [0mGET /api/veify-token/ [36m304[0m 8.438 ms - -[0m
2024-06-12 06:44:03 info: [0mGET /api/veify-token/ [36m304[0m 3.630 ms - -[0m
2024-06-12 06:44:03 info: [0mGET /api/files/getFiles [32m200[0m 96.229 ms - 25[0m
2024-06-12 06:44:03 info: [0mGET /api/organization/getOrganizations [36m304[0m 81.631 ms - -[0m
2024-06-12 06:44:03 info: [0mGET /api/roles/getRoles [36m304[0m 152.205 ms - -[0m
2024-06-12 06:44:08 info: [0mGET /api/users/getUsers [36m304[0m 5428.690 ms - -[0m
2024-06-12 06:45:22 info: [0mOPTIONS /api/ia/upload_pdf [32m204[0m 1.320 ms - 0[0m
2024-06-12 06:45:23 info: [0mGET /public/test_largo.pdf [32m200[0m 17.198 ms - 25381301[0m
2024-06-12 06:45:28 info: [0mPOST /api/ia/upload_pdf [32m200[0m 5543.418 ms - 337[0m
2024-06-12 06:45:29 info: [0mGET /api/files/getFiles [32m200[0m 230.602 ms - 794[0m
2024-06-12 06:45:30 info: [0mOPTIONS /api/files/updateFileById [32m204[0m 0.501 ms - 0[0m
2024-06-12 06:46:00 info: [0mGET /public/test_largo.pdf [32m200[0m 9.607 ms - 25381301[0m
2024-06-12 06:46:54 info: [0mGET /api/files/getFiles [32m200[0m 149.852 ms - 795[0m
2024-06-12 06:46:59 info: [0mPOST /api/files/updateFileById [0m-[0m - ms - -[0m
2024-06-12 06:46:59 info: [0mPOST /api/files/updateFileById [0m-[0m - ms - -[0m
2024-06-12 06:47:00 info: [0mGET /api/veify-token/ [36m304[0m 6.282 ms - -[0m
2024-06-12 06:47:00 info: [0mGET /api/veify-token/ [36m304[0m 2.565 ms - -[0m
2024-06-12 06:47:00 info: [0mGET /api/organization/getOrganizations [36m304[0m 73.506 ms - -[0m
2024-06-12 06:47:00 info: [0mGET /api/files/getFiles [36m304[0m 148.378 ms - -[0m
2024-06-12 06:47:00 info: [0mGET /api/roles/getRoles [36m304[0m 153.641 ms - -[0m
2024-06-12 06:47:05 info: [0mGET /api/users/getUsers [36m304[0m 5113.326 ms - -[0m
2024-06-12 07:22:52 info: [0mOPTIONS /api/files/deleteFile [32m204[0m 0.965 ms - 0[0m
2024-06-12 07:22:52 info: [0mPOST /api/files/deleteFile [32m200[0m 179.299 ms - 30[0m
2024-06-12 07:22:52 info: [0mGET /api/files/getFiles [32m200[0m 87.725 ms - 25[0m
2024-06-12 07:24:45 info: [0mGET /api/veify-token/ [36m304[0m 4.576 ms - -[0m
2024-06-12 07:24:45 info: [0mGET /api/veify-token/ [36m304[0m 3.075 ms - -[0m
2024-06-12 07:24:45 info: [0mGET /api/files/getFiles [36m304[0m 68.110 ms - -[0m
2024-06-12 07:24:45 info: [0mGET /api/organization/getOrganizations [36m304[0m 73.710 ms - -[0m
2024-06-12 07:24:46 info: [0mGET /api/roles/getRoles [36m304[0m 151.368 ms - -[0m
2024-06-12 07:24:50 info: [0mGET /api/users/getUsers [36m304[0m 4832.200 ms - -[0m
2024-06-12 07:25:58 info: =================================
2024-06-12 07:25:58 info: ======= ENV: development =======
2024-06-12 07:25:58 info: 🚀 App listening on the port 5210
2024-06-12 07:25:58 info: =================================
2024-06-12 07:45:18 info: [0mGET /api/files/getFiles [36m304[0m 90.955 ms - -[0m
2024-06-12 07:45:18 info: [0mGET /api/files/getFiles [36m304[0m 75.893 ms - -[0m
2024-06-12 07:45:30 info: [0mOPTIONS /api/ia/upload_pdf [32m204[0m 1.227 ms - 0[0m
2024-06-12 07:45:31 info: [0mGET /public/Chapter4.pdf [32m200[0m 16.268 ms - 8978319[0m
2024-06-12 07:45:31 info: [0mPOST /api/ia/upload_pdf [32m200[0m 1061.694 ms - 332[0m
2024-06-12 07:45:32 info: [0mGET /api/files/getFiles [32m200[0m 176.475 ms - 789[0m
2024-06-12 07:45:33 info: [0mOPTIONS /api/files/updateFileById [32m204[0m 1.137 ms - 0[0m
2024-06-12 07:46:00 info: [0mGET /public/Chapter4.pdf [32m200[0m 10.898 ms - 8978319[0m
2024-06-12 07:46:25 info: [0mGET /api/files/getFiles [32m200[0m 171.845 ms - 790[0m
2024-06-12 07:46:27 info: [0mGET /api/files/getFiles [36m304[0m 150.305 ms - -[0m
2024-06-12 07:48:39 info: [0mOPTIONS /api/ia/upload_pdf [32m204[0m 0.979 ms - 0[0m
2024-06-12 07:48:40 info: [0mGET /public/test_largo.pdf [32m200[0m 10.702 ms - 25381301[0m
2024-06-12 07:48:45 info: [0mPOST /api/ia/upload_pdf [33m400[0m 5599.167 ms - 119[0m
2024-06-12 07:48:51 info: [0mPOST /api/files/updateFileById [0m-[0m - ms - -[0m
2024-06-12 07:48:51 info: [0mPOST /api/files/updateFileById [0m-[0m - ms - -[0m
2024-06-12 07:48:52 info: [0mGET /api/veify-token/ [36m304[0m 11.860 ms - -[0m
2024-06-12 07:48:52 info: [0mGET /api/veify-token/ [36m304[0m 3.416 ms - -[0m
2024-06-12 07:48:53 info: [0mGET /api/organization/getOrganizations [36m304[0m 72.197 ms - -[0m
2024-06-12 07:48:53 info: [0mGET /api/files/getFiles [36m304[0m 162.054 ms - -[0m
2024-06-12 07:48:53 info: [0mGET /api/roles/getRoles [36m304[0m 159.001 ms - -[0m
2024-06-12 07:48:57 info: [0mGET /api/users/getUsers [36m304[0m 4249.384 ms - -[0m
2024-06-12 07:49:32 info: [0mOPTIONS /api/ia/upload_pdf [32m204[0m 1.362 ms - 0[0m
2024-06-12 07:49:32 info: [0mGET /public/test_largo.pdf [32m200[0m 16.917 ms - 25381301[0m
2024-06-12 07:49:38 info: [0mPOST /api/ia/upload_pdf [32m200[0m 6093.084 ms - 337[0m
2024-06-12 07:49:40 info: [0mGET /api/files/getFiles [32m200[0m 209.470 ms - -[0m
2024-06-12 07:49:41 info: [0mOPTIONS /api/files/updateFileById [32m204[0m 0.594 ms - 0[0m
2024-06-12 07:49:48 info: [0mOPTIONS /api/files/updateFileById [32m204[0m 0.513 ms - 0[0m
2024-06-12 07:49:48 info: [0mGET /public/Chapter4.pdf [32m200[0m 14.177 ms - 8978319[0m
2024-06-12 07:49:48 info: [0mGET /public/Chapter4.pdf [32m200[0m 4.894 ms - 8978319[0m
2024-06-12 07:49:48 info: [0mPOST /api/files/updateFileById [32m200[0m 403.778 ms - 322[0m
2024-06-12 07:49:48 info: [0mPOST /api/files/updateFileById [32m200[0m 443.846 ms - 322[0m
2024-06-12 07:49:48 info: [0mGET /api/files/getFiles [32m200[0m 149.218 ms - -[0m
2024-06-12 07:49:48 info: [0mGET /api/files/getFiles [36m304[0m 137.974 ms - -[0m
2024-06-12 07:50:00 info: [0mGET /public/test_largo.pdf [32m200[0m 4.566 ms - 25381301[0m
2024-06-12 07:50:44 info: [0mGET /api/files/getFiles [32m200[0m 193.217 ms - -[0m
2024-06-12 07:50:48 info: [0mOPTIONS /api/files/updateFileById [32m204[0m 3.379 ms - 0[0m
2024-06-12 07:50:49 info: [0mGET /public/test_largo.pdf [32m200[0m 5.139 ms - 25381301[0m
2024-06-12 07:50:49 info: [0mGET /public/test_largo.pdf [32m200[0m 6.794 ms - 25381301[0m
2024-06-12 07:50:49 info: [0mPOST /api/files/updateFileById [32m200[0m 739.845 ms - 327[0m
2024-06-12 07:50:49 info: [0mPOST /api/files/updateFileById [32m200[0m 720.512 ms - 327[0m
2024-06-12 07:50:49 info: [0mGET /api/files/getFiles [32m200[0m 156.928 ms - -[0m
2024-06-12 07:50:50 info: [0mGET /api/files/getFiles [36m304[0m 141.945 ms - -[0m
2024-06-12 07:51:31 info: [0mOPTIONS /api/files/deleteFile [32m204[0m 1.119 ms - 0[0m
2024-06-12 07:51:32 info: [0mPOST /api/files/deleteFile [32m200[0m 172.572 ms - 30[0m
2024-06-12 07:51:32 info: [0mGET /api/files/getFiles [32m200[0m 145.379 ms - 790[0m
2024-06-12 07:57:43 info: =================================
2024-06-12 07:57:43 info: ======= ENV: development =======
2024-06-12 07:57:43 info: 🚀 App listening on the port 5210
2024-06-12 07:57:43 info: =================================
2024-06-12 07:58:27 info: [0mOPTIONS /api/files/deleteFile [32m204[0m 3.805 ms - 0[0m
2024-06-12 07:58:27 info: [0mPOST /api/files/deleteFile [32m200[0m 287.458 ms - 30[0m
2024-06-12 07:58:27 info: [0mGET /api/files/getFiles [32m200[0m 80.029 ms - 25[0m
2024-06-12 08:05:15 info: =================================
2024-06-12 08:05:15 info: ======= ENV: development =======
2024-06-12 08:05:15 info: 🚀 App listening on the port 5210
2024-06-12 08:05:15 info: =================================
2024-06-12 08:05:56 info: [0mGET /api/veify-token/ [36m304[0m 16.971 ms - -[0m
2024-06-12 08:05:56 info: [0mGET /api/veify-token/ [36m304[0m 5.032 ms - -[0m
2024-06-12 08:05:57 info: [0mGET /api/files/getFiles [36m304[0m 86.873 ms - -[0m
2024-06-12 08:05:57 info: [0mGET /api/organization/getOrganizations [36m304[0m 85.471 ms - -[0m
2024-06-12 08:05:57 info: [0mGET /api/roles/getRoles [36m304[0m 180.573 ms - -[0m
2024-06-12 08:06:02 info: [0mGET /api/users/getUsers [36m304[0m 5548.525 ms - -[0m
2024-06-12 08:06:39 info: =================================
2024-06-12 08:06:39 info: ======= ENV: development =======
2024-06-12 08:06:39 info: 🚀 App listening on the port 5210
2024-06-12 08:06:39 info: =================================
2024-06-12 08:06:41 info: [0mOPTIONS /api/ia/upload_pdf [32m204[0m 2.479 ms - 0[0m
2024-06-12 08:06:42 info: [0mGET /public/test_largo.pdf [32m200[0m 12.451 ms - 25381301[0m
2024-06-12 08:06:47 info: [0mPOST /api/ia/upload_pdf [32m200[0m 6010.880 ms - 337[0m
2024-06-12 08:06:49 info: [0mGET /api/files/getFiles [32m200[0m 199.526 ms - 794[0m
2024-06-12 08:06:50 info: [0mOPTIONS /api/files/updateFileById [32m204[0m 0.475 ms - 0[0m
2024-06-12 08:07:00 info: [0mGET /public/test_largo.pdf [32m200[0m 11.954 ms - 25381301[0m
2024-06-12 08:07:38 info: [0mGET /api/files/getFiles [32m200[0m 184.225 ms - 795[0m
2024-06-12 08:07:43 info: [0mOPTIONS /api/files/updateFileById [32m204[0m 0.854 ms - 0[0m
2024-06-12 08:07:43 info: [0mGET /public/test_largo.pdf [32m200[0m 13.040 ms - 25381301[0m
2024-06-12 08:07:43 info: [0mGET /public/test_largo.pdf [32m200[0m 5.885 ms - 25381301[0m
2024-06-12 08:07:44 info: [0mPOST /api/files/updateFileById [32m200[0m 841.610 ms - 327[0m
2024-06-12 08:07:44 info: [0mPOST /api/files/updateFileById [32m200[0m 828.359 ms - 327[0m
2024-06-12 08:07:44 info: [0mGET /api/files/getFiles [32m200[0m 170.046 ms - 795[0m
2024-06-12 08:07:44 info: [0mGET /api/files/getFiles [36m304[0m 141.861 ms - -[0m
2024-06-12 08:08:15 info: [0mOPTIONS /api/files/deleteFile [32m204[0m 3.609 ms - 0[0m
2024-06-12 08:08:16 info: [0mPOST /api/files/deleteFile [32m200[0m 1062.335 ms - 30[0m
2024-06-12 08:08:17 info: [0mGET /api/files/getFiles [32m200[0m 327.839 ms - 25[0m
2024-06-12 08:09:36 info: [0mPOST /api/files/updateFileById [0m-[0m - ms - -[0m
2024-06-12 08:09:36 info: [0mPOST /api/files/updateFileById [0m-[0m - ms - -[0m
2024-06-12 08:09:37 info: [0mGET /api/veify-token/ [36m304[0m 6.420 ms - -[0m
2024-06-12 08:09:37 info: [0mGET /api/veify-token/ [36m304[0m 3.420 ms - -[0m
2024-06-12 08:09:38 info: [0mGET /api/files/getFiles [36m304[0m 72.945 ms - -[0m
2024-06-12 08:09:38 info: [0mGET /api/organization/getOrganizations [36m304[0m 79.375 ms - -[0m
2024-06-12 08:09:38 info: [0mGET /api/roles/getRoles [36m304[0m 157.338 ms - -[0m
2024-06-12 08:09:44 info: [0mGET /api/users/getUsers [36m304[0m 6662.659 ms - -[0m
2024-06-12 08:10:42 info: [0mGET /api/files/getFiles [36m304[0m 111.308 ms - -[0m
2024-06-12 08:10:42 info: [0mGET /api/files/getFiles [36m304[0m 102.949 ms - -[0m
2024-06-12 08:10:44 info: [0mGET /api/users/getUsers [0m-[0m - ms - -[0m
2024-06-12 08:10:45 info: [0mGET /api/veify-token/ [36m304[0m 14.044 ms - -[0m
2024-06-12 08:10:45 info: [0mGET /api/veify-token/ [36m304[0m 4.294 ms - -[0m
2024-06-12 08:10:46 info: [0mGET /api/files/getFiles [36m304[0m 72.647 ms - -[0m
2024-06-12 08:10:46 info: [0mGET /api/organization/getOrganizations [36m304[0m 78.907 ms - -[0m
2024-06-12 08:10:46 info: [0mGET /api/roles/getRoles [36m304[0m 166.021 ms - -[0m
2024-06-12 08:10:52 info: [0mGET /api/users/getUsers [32m200[0m 5962.278 ms - -[0m
2024-06-12 08:13:33 info: [0mOPTIONS /api/ia/upload_pdf [32m204[0m 0.638 ms - 0[0m
2024-06-12 08:13:34 info: [0mGET /public/test_largo.pdf [32m200[0m 10.150 ms - 25381301[0m
2024-06-12 08:13:39 info: [0mPOST /api/ia/upload_pdf [32m200[0m 5609.146 ms - 337[0m
2024-06-12 08:13:40 info: [0mGET /api/files/getFiles [32m200[0m 190.613 ms - 794[0m
2024-06-12 08:13:42 info: [0mOPTIONS /api/files/updateFileById [32m204[0m 0.411 ms - 0[0m
2024-06-12 08:14:00 info: [0mGET /public/test_largo.pdf [32m200[0m 7.918 ms - 25381301[0m
2024-06-12 08:14:36 info: [0mGET /api/files/getFiles [32m200[0m 154.755 ms - 795[0m
2024-06-12 08:14:37 info: [0mGET /api/files/getFiles [36m304[0m 146.229 ms - -[0m
2024-06-12 08:15:35 info: [0mOPTIONS /api/files/updateFileById [32m204[0m 0.588 ms - 0[0m
2024-06-12 08:16:20 info: [0mPOST /api/files/updateFileById [0m-[0m - ms - -[0m
2024-06-12 08:16:20 info: [0mPOST /api/files/updateFileById [0m-[0m - ms - -[0m
2024-06-12 08:16:20 info: [0mPOST /api/files/updateFileById [0m-[0m - ms - -[0m
2024-06-12 08:16:20 info: [0mOPTIONS /api/files/deleteFile [32m204[0m 0.716 ms - 0[0m
2024-06-12 08:16:20 info: [0mOPTIONS /api/files/deleteFile [32m204[0m 0.325 ms - 0[0m
2024-06-12 08:16:20 error: [POST] /api/files/updateFileById >> StatusCode:: 400, Message:: request aborted
2024-06-12 08:16:20 info: [0mPOST /api/files/updateFileById [0m-[0m - ms - -[0m
2024-06-12 08:16:20 info: [0mPOST /api/files/updateFileById [0m-[0m - ms - -[0m
2024-06-12 08:16:20 info: [0mPOST /api/files/updateFileById [0m-[0m - ms - -[0m
2024-06-12 08:16:20 info: [0mPOST /api/files/deleteFile [0m-[0m - ms - -[0m
2024-06-12 08:16:20 info: [0mPOST /api/files/updateFileById [0m-[0m - ms - -[0m
2024-06-12 08:16:22 info: [0mGET /api/veify-token/ [36m304[0m 12.998 ms - -[0m
2024-06-12 08:16:22 info: [0mGET /api/veify-token/ [36m304[0m 2.923 ms - -[0m
2024-06-12 08:16:22 info: [0mGET /api/files/getFiles [32m200[0m 108.909 ms - 25[0m
2024-06-12 08:16:22 info: [0mGET /api/organization/getOrganizations [36m304[0m 81.506 ms - -[0m
2024-06-12 08:16:22 info: [0mGET /api/roles/getRoles [36m304[0m 156.038 ms - -[0m
2024-06-12 08:16:28 info: [0mGET /api/users/getUsers [36m304[0m 6118.865 ms - -[0m
2024-06-12 08:18:55 info: =================================
2024-06-12 08:18:55 info: ======= ENV: development =======
2024-06-12 08:18:55 info: 🚀 App listening on the port 5210
2024-06-12 08:18:55 info: =================================
2024-06-12 08:19:17 info: [0mOPTIONS /api/ia/upload_pdf [32m204[0m 2.123 ms - 0[0m
2024-06-12 08:19:17 info: [0mGET /public/Texto_pruebas.pdf [32m200[0m 9.087 ms - 14613[0m
2024-06-12 08:19:18 info: [0mPOST /api/ia/upload_pdf [32m200[0m 585.256 ms - 343[0m
2024-06-12 08:19:19 info: [0mOPTIONS /api/files/updateFileById [32m204[0m 0.357 ms - 0[0m
2024-06-12 08:19:19 info: [0mGET /api/files/getFiles [32m200[0m 307.596 ms - 800[0m
2024-06-12 08:20:00 info: [0mGET /public/Texto_pruebas.pdf [32m200[0m 4.538 ms - 14613[0m
2024-06-12 08:20:06 info: [0mGET /api/files/getFiles [32m200[0m 163.611 ms - 801[0m
2024-06-12 08:24:23 info: [0mOPTIONS /api/files/updateFileById [32m204[0m 0.836 ms - 0[0m
2024-06-12 08:24:23 info: [0mOPTIONS /api/files/updateFileById [32m204[0m 0.432 ms - 0[0m
2024-06-12 08:25:15 info: [0mPOST /api/files/updateFileById [0m-[0m - ms - -[0m
2024-06-12 08:25:15 info: [0mPOST /api/files/updateFileById [0m-[0m - ms - -[0m
2024-06-12 08:25:15 info: [0mPOST /api/files/updateFileById [0m-[0m - ms - -[0m
2024-06-12 08:25:15 info: [0mOPTIONS /api/files/updateFileById [32m204[0m 0.345 ms - 0[0m
2024-06-12 08:25:15 info: [0mOPTIONS /api/files/updateFileById [32m204[0m 0.441 ms - 0[0m
2024-06-12 08:25:15 info: [0mOPTIONS /api/files/updateFileById [32m204[0m 0.502 ms - 0[0m
2024-06-12 08:25:15 info: [0mOPTIONS /api/files/updateFileById [32m204[0m 0.426 ms - 0[0m
2024-06-12 08:25:15 info: [0mOPTIONS /api/files/updateFileById [32m204[0m 0.907 ms - 0[0m
2024-06-12 08:25:15 info: [0mOPTIONS /api/files/deleteFile [32m204[0m 0.319 ms - 0[0m
2024-06-12 08:25:15 info: [0mPOST /api/files/updateFileById [0m-[0m - ms - -[0m
2024-06-12 08:25:15 info: [0mPOST /api/files/updateFileById [0m-[0m - ms - -[0m
2024-06-12 08:25:15 info: [0mPOST /api/files/updateFileById [0m-[0m - ms - -[0m
2024-06-12 08:25:16 info: [0mGET /api/veify-token/ [36m304[0m 10.580 ms - -[0m
2024-06-12 08:25:16 info: [0mGET /api/veify-token/ [36m304[0m 4.516 ms - -[0m
2024-06-12 08:25:17 info: [0mGET /api/organization/getOrganizations [36m304[0m 84.245 ms - -[0m
2024-06-12 08:25:17 info: [0mGET /api/files/getFiles [36m304[0m 155.558 ms - -[0m
2024-06-12 08:25:17 info: [0mGET /api/roles/getRoles [36m304[0m 169.360 ms - -[0m
2024-06-12 08:25:22 info: [0mGET /api/users/getUsers [36m304[0m 5322.924 ms - -[0m
2024-06-12 08:25:28 info: [0mOPTIONS /api/files/deleteFile [32m204[0m 0.702 ms - 0[0m
2024-06-12 08:25:29 info: [0mPOST /api/files/deleteFile [32m200[0m 391.556 ms - 30[0m
2024-06-12 08:25:29 info: [0mGET /api/files/getFiles [32m200[0m 84.927 ms - 25[0m
2024-06-12 08:25:59 info: [0mOPTIONS /api/ia/upload_pdf [32m204[0m 0.394 ms - 0[0m
2024-06-12 08:26:00 info: [0mGET /public/test_largo.pdf [32m200[0m 29.611 ms - 25381301[0m
2024-06-12 08:26:05 info: [0mPOST /api/ia/upload_pdf [32m200[0m 6279.259 ms - 337[0m
2024-06-12 08:26:07 info: [0mGET /api/files/getFiles [32m200[0m 208.618 ms - 794[0m
2024-06-12 08:26:08 info: [0mOPTIONS /api/files/updateFileById [32m204[0m 0.526 ms - 0[0m
2024-06-12 08:27:00 info: [0mGET /public/test_largo.pdf [32m200[0m 9.794 ms - 25381301[0m
2024-06-12 08:27:35 info: [0mGET /api/files/getFiles [32m200[0m 168.480 ms - 795[0m
2024-06-12 08:27:59 info: [0mOPTIONS /api/files/updateFileById [32m204[0m 0.504 ms - 0[0m
2024-06-12 08:27:59 info: [0mOPTIONS /api/ia/chat [32m204[0m 0.286 ms - 0[0m
2024-06-12 08:28:00 info: [0mPOST /api/ia/chat [33m400[0m 371.209 ms - -[0m
2024-06-12 08:29:04 info: [0mPOST /api/files/updateFileById [0m-[0m - ms - -[0m
2024-06-12 08:29:04 info: [0mOPTIONS /api/files/updateFileById [32m204[0m 0.521 ms - 0[0m
2024-06-12 08:29:04 info: [0mOPTIONS /api/files/updateFileById [32m204[0m 0.349 ms - 0[0m
2024-06-12 08:29:04 info: [0mPOST /api/files/updateFileById [0m-[0m - ms - -[0m
2024-06-12 08:29:04 info: [0mOPTIONS /api/files/updateFileById [32m204[0m 0.349 ms - 0[0m
2024-06-12 08:29:04 info: [0mOPTIONS /api/ia/chat [32m204[0m 0.397 ms - 0[0m
2024-06-12 08:29:04 info: [0mOPTIONS /api/files/updateFileById [32m204[0m 0.283 ms - 0[0m
2024-06-12 08:29:04 info: [0mPOST /api/files/updateFileById [0m-[0m - ms - -[0m
2024-06-12 08:29:04 info: [0mPOST /api/files/updateFileById [0m-[0m - ms - -[0m
2024-06-12 08:29:04 info: [0mPOST /api/files/updateFileById [0m-[0m - ms - -[0m
2024-06-12 08:29:04 info: [0mPOST /api/files/updateFileById [0m-[0m - ms - -[0m
2024-06-12 08:29:05 info: [0mGET /api/veify-token/ [36m304[0m 10.400 ms - -[0m
2024-06-12 08:29:05 info: [0mGET /api/veify-token/ [36m304[0m 3.250 ms - -[0m
2024-06-12 08:29:05 info: [0mGET /api/organization/getOrganizations [36m304[0m 93.354 ms - -[0m
2024-06-12 08:29:05 info: [0mGET /api/files/getFiles [36m304[0m 184.933 ms - -[0m
2024-06-12 08:29:05 info: [0mGET /api/roles/getRoles [36m304[0m 159.349 ms - -[0m
2024-06-12 08:29:10 info: [0mGET /api/users/getUsers [36m304[0m 4877.426 ms - -[0m
2024-06-12 08:29:11 info: [0mGET /public/test_largo.pdf [32m200[0m 5.928 ms - 25381301[0m
2024-06-12 08:29:11 info: [0mGET /public/test_largo.pdf [32m200[0m 6.463 ms - 25381301[0m
2024-06-12 08:29:11 info: [0mPOST /api/files/updateFileById [32m200[0m 2771.430 ms - 327[0m
2024-06-12 08:29:11 info: [0mPOST /api/files/updateFileById [32m200[0m 2799.147 ms - 327[0m
2024-06-12 08:29:11 info: [0mGET /api/files/getFiles [32m200[0m 150.285 ms - 795[0m
2024-06-12 08:29:11 info: [0mGET /api/files/getFiles [36m304[0m 138.010 ms - -[0m
2024-06-12 08:29:24 info: [0mOPTIONS /api/files/updateFileById [32m204[0m 0.428 ms - 0[0m
2024-06-12 08:29:24 info: [0mOPTIONS /api/ia/chat [32m204[0m 0.235 ms - 0[0m
2024-06-12 08:29:24 info: [0mGET /public/test_largo.pdf [32m200[0m 8.304 ms - 25381301[0m
2024-06-12 08:29:24 info: [0mGET /public/test_largo.pdf [32m200[0m 8.002 ms - 25381301[0m
2024-06-12 08:29:29 info: [0mPOST /api/ia/chat [32m200[0m 4613.816 ms - -[0m
2024-06-12 08:29:29 info: [0mPOST /api/files/updateFileById [32m200[0m 4745.708 ms - 395[0m
2024-06-12 08:29:29 info: [0mPOST /api/files/updateFileById [32m200[0m 4732.617 ms - 395[0m
2024-06-12 08:29:29 info: [0mGET /api/files/getFiles [32m200[0m 229.381 ms - -[0m
2024-06-12 08:29:29 info: [0mGET /api/files/getFiles [36m304[0m 214.061 ms - -[0m
2024-06-12 08:29:29 info: [0mGET /public/test_largo.pdf [32m200[0m 7.145 ms - 25381301[0m
2024-06-12 08:29:29 info: [0mGET /public/test_largo.pdf [32m200[0m 7.025 ms - 25381301[0m
2024-06-12 08:29:30 info: [0mPOST /api/files/updateFileById [32m200[0m 899.399 ms - -[0m
2024-06-12 08:29:30 info: [0mPOST /api/files/updateFileById [32m200[0m 862.393 ms - -[0m
2024-06-12 08:29:30 info: [0mGET /api/files/getFiles [32m200[0m 236.741 ms - -[0m
2024-06-12 08:29:30 info: [0mGET /api/files/getFiles [36m304[0m 256.314 ms - -[0m
2024-06-12 08:30:19 info: [0mGET /api/veify-token/ [36m304[0m 9.079 ms - -[0m
2024-06-12 08:30:19 info: [0mGET /api/veify-token/ [36m304[0m 2.988 ms - -[0m
2024-06-12 08:30:20 info: [0mGET /api/organization/getOrganizations [36m304[0m 94.098 ms - -[0m
2024-06-12 08:30:20 info: [0mGET /api/roles/getRoles [36m304[0m 172.447 ms - -[0m
2024-06-12 08:30:20 info: [0mGET /api/files/getFiles [36m304[0m 235.272 ms - -[0m
2024-06-12 08:30:23 info: [0mOPTIONS /api/files/updateFileById [32m204[0m 0.459 ms - 0[0m
2024-06-12 08:30:23 info: [0mGET /public/test_largo.pdf [32m200[0m 4.267 ms - 25381301[0m
2024-06-12 08:30:23 info: [0mGET /public/test_largo.pdf [32m200[0m 3.444 ms - 25381301[0m
2024-06-12 08:30:24 info: [0mPOST /api/files/updateFileById [32m200[0m 974.727 ms - -[0m
2024-06-12 08:30:24 info: [0mPOST /api/files/updateFileById [32m200[0m 1019.265 ms - -[0m
2024-06-12 08:30:25 info: [0mGET /api/users/getUsers [36m304[0m 5445.362 ms - -[0m
2024-06-12 08:30:25 info: [0mGET /api/files/getFiles [32m200[0m 1607.155 ms - -[0m
2024-06-12 08:30:25 info: [0mGET /api/files/getFiles [36m304[0m 219.334 ms - -[0m
2024-06-12 08:30:33 info: [0mGET /public/test_largo.pdf [32m200[0m 6.261 ms - 25381301[0m
2024-06-12 08:30:39 info: [0mGET /public/test_largo.pdf [36m304[0m 2.528 ms - -[0m
2024-06-12 08:38:41 info: [0mOPTIONS /api/files/updateFileById [32m204[0m 0.484 ms - 0[0m
2024-06-12 08:38:41 info: [0mOPTIONS /api/files/updateFileById [32m204[0m 0.269 ms - 0[0m
2024-06-12 08:38:42 info: [0mGET /public/test_largo.pdf [32m200[0m 7.844 ms - 25381301[0m
2024-06-12 08:38:42 info: [0mGET /public/test_largo.pdf [32m200[0m 11.027 ms - 25381301[0m
2024-06-12 08:38:42 info: [0mGET /public/test_largo.pdf [32m200[0m 9.881 ms - 25381301[0m
2024-06-12 08:38:42 info: [0mGET /public/test_largo.pdf [32m200[0m 6.979 ms - 25381301[0m
2024-06-12 08:38:42 info: [0mGET /public/test_largo.pdf [32m200[0m 18.139 ms - 25381301[0m
2024-06-12 08:38:42 info: [0mPOST /api/files/updateFileById [32m200[0m 1309.853 ms - 327[0m
2024-06-12 08:38:42 info: [0mPOST /api/files/updateFileById [32m200[0m 1319.647 ms - 327[0m
2024-06-12 08:38:42 info: [0mPOST /api/files/updateFileById [32m200[0m 1316.624 ms - 327[0m
2024-06-12 08:38:42 info: [0mPOST /api/files/updateFileById [32m200[0m 1343.651 ms - 327[0m
2024-06-12 08:38:42 info: [0mPOST /api/files/updateFileById [32m200[0m 1321.144 ms - 327[0m
2024-06-12 08:38:42 info: [0mGET /api/files/getFiles [32m200[0m 160.283 ms - 795[0m
2024-06-12 08:38:43 info: [0mGET /api/files/getFiles [32m200[0m 152.966 ms - 795[0m
2024-06-12 08:38:43 info: [0mGET /api/files/getFiles [36m304[0m 174.865 ms - -[0m
2024-06-12 08:38:43 info: [0mGET /api/files/getFiles [36m304[0m 134.064 ms - -[0m
2024-06-12 08:38:43 info: [0mGET /api/files/getFiles [36m304[0m 138.718 ms - -[0m
2024-06-12 08:38:46 info: [0mOPTIONS /api/files/updateFileById [32m204[0m 1.021 ms - 0[0m
2024-06-12 08:38:47 info: [0mGET /public/test_largo.pdf [32m200[0m 11.473 ms - 25381301[0m
2024-06-12 08:38:47 info: [0mGET /public/test_largo.pdf [32m200[0m 4.370 ms - 25381301[0m
2024-06-12 08:38:47 info: [0mPOST /api/files/updateFileById [32m200[0m 688.729 ms - 327[0m
2024-06-12 08:38:47 info: [0mPOST /api/files/updateFileById [32m200[0m 680.406 ms - 327[0m
2024-06-12 08:38:47 info: [0mGET /api/files/getFiles [32m200[0m 157.973 ms - 795[0m
2024-06-12 08:38:47 info: [0mGET /api/files/getFiles [36m304[0m 134.964 ms - -[0m
2024-06-12 08:38:51 info: [0mGET /public/test_largo.pdf [32m200[0m 5.361 ms - 25381301[0m
2024-06-12 08:38:51 info: [0mGET /public/test_largo.pdf [32m200[0m 3.860 ms - 25381301[0m
2024-06-12 08:38:51 info: [0mPOST /api/files/updateFileById [32m200[0m 637.879 ms - 327[0m
2024-06-12 08:38:51 info: [0mPOST /api/files/updateFileById [32m200[0m 623.846 ms - 327[0m
2024-06-12 08:38:51 info: [0mGET /api/files/getFiles [32m200[0m 148.991 ms - 795[0m
2024-06-12 08:38:52 info: [0mGET /api/files/getFiles [36m304[0m 144.428 ms - -[0m
2024-06-12 08:38:54 info: [0mGET /api/veify-token/ [36m304[0m 4.967 ms - -[0m
2024-06-12 08:38:54 info: [0mGET /api/veify-token/ [36m304[0m 2.591 ms - -[0m
2024-06-12 08:38:55 info: [0mGET /api/organization/getOrganizations [36m304[0m 74.365 ms - -[0m
2024-06-12 08:38:55 info: [0mGET /api/files/getFiles [36m304[0m 143.370 ms - -[0m
2024-06-12 08:38:55 info: [0mGET /api/roles/getRoles [36m304[0m 151.783 ms - -[0m
2024-06-12 08:38:58 info: [0mOPTIONS /api/files/updateFileById [32m204[0m 0.422 ms - 0[0m
2024-06-12 08:39:00 info: [0mGET /api/users/getUsers [36m304[0m 5272.932 ms - -[0m
2024-06-12 08:39:00 info: [0mGET /public/test_largo.pdf [32m200[0m 4.735 ms - 25381301[0m
2024-06-12 08:39:00 info: [0mGET /public/test_largo.pdf [32m200[0m 4.314 ms - 25381301[0m
2024-06-12 08:39:01 info: [0mPOST /api/files/updateFileById [32m200[0m 2432.264 ms - 327[0m
2024-06-12 08:39:01 info: [0mPOST /api/files/updateFileById [32m200[0m 2410.146 ms - 327[0m
2024-06-12 08:39:01 info: [0mGET /api/files/getFiles [32m200[0m 155.629 ms - 795[0m
2024-06-12 08:39:01 info: [0mGET /api/files/getFiles [36m304[0m 144.358 ms - -[0m
2024-06-12 08:39:10 info: [0mOPTIONS /api/files/updateFileById [32m204[0m 0.685 ms - 0[0m
2024-06-12 08:39:10 info: [0mOPTIONS /api/ia/chat [32m204[0m 0.286 ms - 0[0m
2024-06-12 08:39:10 info: [0mGET /public/test_largo.pdf [32m200[0m 7.742 ms - 25381301[0m
2024-06-12 08:39:10 info: [0mGET /public/test_largo.pdf [32m200[0m 3.509 ms - 25381301[0m
2024-06-12 08:39:16 info: [0mPOST /api/ia/chat [32m200[0m 5847.324 ms - -[0m
2024-06-12 08:39:16 info: [0mOPTIONS /api/files/updateFileById [32m204[0m 0.654 ms - 0[0m
2024-06-12 08:39:16 info: [0mPOST /api/files/updateFileById [32m200[0m 6016.644 ms - 403[0m
2024-06-12 08:39:16 info: [0mPOST /api/files/updateFileById [32m200[0m 6036.599 ms - 403[0m
2024-06-12 08:39:16 info: [0mGET /api/files/getFiles [32m200[0m 236.529 ms - -[0m
2024-06-12 08:39:16 info: [0mGET /public/test_largo.pdf [32m200[0m 7.256 ms - 25381301[0m
2024-06-12 08:39:16 info: [0mGET /public/test_largo.pdf [32m200[0m 3.649 ms - 25381301[0m
2024-06-12 08:39:16 info: [0mGET /api/files/getFiles [36m304[0m 250.301 ms - -[0m
2024-06-12 08:39:17 info: [0mPOST /api/files/updateFileById [32m200[0m 847.530 ms - -[0m
2024-06-12 08:39:17 info: [0mPOST /api/files/updateFileById [32m200[0m 824.941 ms - -[0m
2024-06-12 08:39:17 info: [0mGET /api/files/getFiles [32m200[0m 203.273 ms - -[0m
2024-06-12 08:39:17 info: [0mGET /api/files/getFiles [36m304[0m 205.146 ms - -[0m
2024-06-12 08:39:28 info: [0mOPTIONS /api/ia/upload_pdf [32m204[0m 0.536 ms - 0[0m
2024-06-12 08:39:28 info: [0mGET /public/Chapter4.pdf [32m200[0m 39.392 ms - 8978319[0m
2024-06-12 08:39:29 info: [0mPOST /api/ia/upload_pdf [32m200[0m 557.911 ms - 332[0m
2024-06-12 08:39:30 info: [0mGET /api/files/getFiles [32m200[0m 243.356 ms - -[0m
2024-06-12 08:39:30 info: [0mOPTIONS /api/files/updateFileById [32m204[0m 0.231 ms - 0[0m
2024-06-12 08:40:00 info: [0mGET /public/Chapter4.pdf [32m200[0m 3.560 ms - 8978319[0m
2024-06-12 08:40:28 info: [0mOPTIONS /api/files/updateFileById [32m204[0m 0.339 ms - 0[0m
2024-06-12 08:40:28 info: [0mGET /api/files/getFiles [32m200[0m 231.710 ms - -[0m
2024-06-12 08:40:28 info: [0mGET /public/Chapter4.pdf [32m200[0m 6.084 ms - 8978319[0m
2024-06-12 08:40:28 info: [0mGET /public/Chapter4.pdf [32m200[0m 5.321 ms - 8978319[0m
2024-06-12 08:40:28 info: [0mPOST /api/files/updateFileById [32m200[0m 358.943 ms - 322[0m
2024-06-12 08:40:28 info: [0mPOST /api/files/updateFileById [32m200[0m 371.465 ms - 322[0m
2024-06-12 08:40:29 info: [0mGET /api/files/getFiles [32m200[0m 214.443 ms - -[0m
2024-06-12 08:40:29 info: [0mGET /api/files/getFiles [36m304[0m 280.467 ms - -[0m
2024-06-12 08:40:39 info: [0mOPTIONS /api/files/updateFileById [32m204[0m 0.438 ms - 0[0m
2024-06-12 08:40:39 info: [0mOPTIONS /api/ia/chat [32m204[0m 0.612 ms - 0[0m
2024-06-12 08:40:39 info: [0mPOST /api/ia/chat [33m400[0m 94.812 ms - -[0m
2024-06-12 08:40:40 info: [0mGET /public/Chapter4.pdf [32m200[0m 7.785 ms - 8978319[0m
2024-06-12 08:40:40 info: [0mGET /public/Chapter4.pdf [32m200[0m 15.174 ms - 8978319[0m
2024-06-12 08:40:40 info: [0mGET /public/Chapter4.pdf [32m200[0m 6.644 ms - 8978319[0m
2024-06-12 08:40:40 info: [0mGET /public/Chapter4.pdf [32m200[0m 19.884 ms - 8978319[0m
2024-06-12 08:40:40 info: [0mPOST /api/files/updateFileById [32m200[0m 426.945 ms - 398[0m
2024-06-12 08:40:40 info: [0mPOST /api/files/updateFileById [32m200[0m 417.231 ms - 398[0m
2024-06-12 08:40:40 info: [0mPOST /api/files/updateFileById [32m200[0m 417.496 ms - 556[0m
2024-06-12 08:40:40 info: [0mPOST /api/files/updateFileById [32m200[0m 410.820 ms - 556[0m
2024-06-12 08:40:40 info: [0mGET /api/files/getFiles [32m200[0m 223.776 ms - -[0m
2024-06-12 08:40:40 info: [0mGET /api/files/getFiles [36m304[0m 255.789 ms - -[0m
2024-06-12 08:40:40 info: [0mGET /api/files/getFiles [36m304[0m 238.725 ms - -[0m
2024-06-12 08:40:41 info: [0mGET /api/files/getFiles [36m304[0m 223.530 ms - -[0m
2024-06-12 08:41:05 info: [0mOPTIONS /api/files/updateFileById [32m204[0m 0.193 ms - 0[0m
2024-06-12 08:41:05 info: [0mGET /public/test_largo.pdf [32m200[0m 3.140 ms - 25381301[0m
2024-06-12 08:41:05 info: [0mGET /public/test_largo.pdf [32m200[0m 5.401 ms - 25381301[0m
2024-06-12 08:41:06 info: [0mPOST /api/files/updateFileById [32m200[0m 873.531 ms - -[0m
2024-06-12 08:41:06 info: [0mPOST /api/files/updateFileById [32m200[0m 923.439 ms - -[0m
2024-06-12 08:41:06 info: [0mGET /api/files/getFiles [32m200[0m 254.480 ms - -[0m
2024-06-12 08:41:06 info: [0mGET /api/files/getFiles [36m304[0m 246.547 ms - -[0m
2024-06-12 08:41:09 info: [0mGET /public/Chapter4.pdf [32m200[0m 4.536 ms - 8978319[0m
2024-06-12 08:41:09 info: [0mGET /public/Chapter4.pdf [32m200[0m 8.289 ms - 8978319[0m
2024-06-12 08:41:09 info: [0mGET /public/Chapter4.pdf [32m200[0m 7.924 ms - 8978319[0m
2024-06-12 08:41:09 info: [0mGET /public/Chapter4.pdf [32m200[0m 7.017 ms - 8978319[0m
2024-06-12 08:41:09 info: [0mPOST /api/files/updateFileById [32m200[0m 470.551 ms - 556[0m
2024-06-12 08:41:09 info: [0mPOST /api/files/updateFileById [32m200[0m 462.461 ms - 556[0m
2024-06-12 08:41:09 info: [0mPOST /api/files/updateFileById [32m200[0m 472.340 ms - 556[0m
2024-06-12 08:41:09 info: [0mPOST /api/files/updateFileById [32m200[0m 505.394 ms - 556[0m
2024-06-12 08:41:10 info: [0mGET /api/files/getFiles [32m200[0m 220.947 ms - -[0m
2024-06-12 08:41:10 info: [0mGET /api/files/getFiles [36m304[0m 211.639 ms - -[0m
2024-06-12 08:41:10 info: [0mGET /api/files/getFiles [36m304[0m 213.590 ms - -[0m
2024-06-12 08:41:10 info: [0mGET /api/files/getFiles [36m304[0m 211.094 ms - -[0m
2024-06-12 08:41:15 info: [0mOPTIONS /api/files/updateFileById [32m204[0m 0.791 ms - 0[0m
2024-06-12 08:41:15 info: [0mOPTIONS /api/ia/chat [32m204[0m 0.337 ms - 0[0m
2024-06-12 08:41:15 info: [0mPOST /api/ia/chat [33m400[0m 88.080 ms - -[0m
2024-06-12 08:41:15 info: [0mGET /public/Chapter4.pdf [32m200[0m 15.559 ms - 8978319[0m
2024-06-12 08:41:15 info: [0mGET /public/Chapter4.pdf [32m200[0m 4.904 ms - 8978319[0m
2024-06-12 08:41:15 info: [0mGET /public/Chapter4.pdf [32m200[0m 7.631 ms - 8978319[0m
2024-06-12 08:41:15 info: [0mGET /public/Chapter4.pdf [32m200[0m 7.932 ms - 8978319[0m
2024-06-12 08:41:15 info: [0mPOST /api/files/updateFileById [32m200[0m 430.665 ms - 633[0m
2024-06-12 08:41:15 info: [0mPOST /api/files/updateFileById [32m200[0m 434.961 ms - 633[0m
2024-06-12 08:41:15 info: [0mPOST /api/files/updateFileById [32m200[0m 408.350 ms - 791[0m
2024-06-12 08:41:15 info: [0mPOST /api/files/updateFileById [32m200[0m 439.186 ms - 791[0m
2024-06-12 08:41:15 info: [0mGET /api/files/getFiles [32m200[0m 221.572 ms - -[0m
2024-06-12 08:41:16 info: [0mGET /api/files/getFiles [36m304[0m 204.609 ms - -[0m
2024-06-12 08:41:16 info: [0mGET /api/files/getFiles [36m304[0m 227.146 ms - -[0m
2024-06-12 08:41:16 info: [0mGET /api/files/getFiles [36m304[0m 264.838 ms - -[0m
2024-06-12 08:41:20 info: [0mPOST /api/files/updateFileById [0m-[0m - ms - -[0m
2024-06-12 08:41:20 info: [0mPOST /api/files/updateFileById [0m-[0m - ms - -[0m
2024-06-12 08:41:21 info: [0mGET /api/veify-token/ [36m304[0m 3.572 ms - -[0m
2024-06-12 08:41:21 info: [0mGET /api/veify-token/ [36m304[0m 1.817 ms - -[0m
2024-06-12 08:41:22 info: [0mGET /api/organization/getOrganizations [36m304[0m 75.401 ms - -[0m
2024-06-12 08:41:22 info: [0mGET /api/roles/getRoles [36m304[0m 153.553 ms - -[0m
2024-06-12 08:41:22 info: [0mGET /api/files/getFiles [36m304[0m 225.967 ms - -[0m
2024-06-12 08:41:25 info: [0mOPTIONS /api/files/updateFileById [32m204[0m 0.830 ms - 0[0m
2024-06-12 08:41:27 info: [0mGET /api/users/getUsers [36m304[0m 5639.465 ms - -[0m
2024-06-12 08:41:28 info: [0mGET /public/test_largo.pdf [32m200[0m 3.492 ms - 25381301[0m
2024-06-12 08:41:28 info: [0mGET /public/test_largo.pdf [32m200[0m 7.307 ms - 25381301[0m
2024-06-12 08:41:28 info: [0mPOST /api/files/updateFileById [32m200[0m 2505.898 ms - -[0m
2024-06-12 08:41:28 info: [0mPOST /api/files/updateFileById [32m200[0m 2476.325 ms - -[0m
2024-06-12 08:41:29 info: [0mGET /public/Chapter4.pdf [32m200[0m 4.581 ms - 8978319[0m
2024-06-12 08:41:29 info: [0mGET /api/files/getFiles [32m200[0m 218.573 ms - -[0m
2024-06-12 08:41:29 info: [0mGET /public/Chapter4.pdf [32m200[0m 3.322 ms - 8978319[0m
2024-06-12 08:41:30 info: [0mPOST /api/files/updateFileById [32m200[0m 421.828 ms - 791[0m
2024-06-12 08:41:30 info: [0mGET /api/files/getFiles [32m200[0m 220.649 ms - -[0m
2024-06-12 08:41:30 info: [0mPOST /api/files/updateFileById [32m200[0m 429.976 ms - 791[0m
2024-06-12 08:41:30 info: [0mGET /api/files/getFiles [32m200[0m 227.560 ms - -[0m
2024-06-12 08:41:30 info: [0mGET /api/files/getFiles [36m304[0m 267.287 ms - -[0m
2024-06-12 08:41:35 info: [0mOPTIONS /api/files/updateFileById [32m204[0m 0.698 ms - 0[0m
2024-06-12 08:41:35 info: [0mOPTIONS /api/ia/chat [32m204[0m 0.282 ms - 0[0m
2024-06-12 08:41:35 info: [0mGET /public/Chapter4.pdf [32m200[0m 4.055 ms - 8978319[0m
2024-06-12 08:41:35 info: [0mGET /public/Chapter4.pdf [32m200[0m 5.315 ms - 8978319[0m
2024-06-12 08:41:42 info: [0mPOST /api/ia/chat [32m200[0m 6678.281 ms - -[0m
2024-06-12 08:41:42 info: [0mOPTIONS /api/files/updateFileById [32m204[0m 0.323 ms - 0[0m
2024-06-12 08:41:42 info: [0mPOST /api/files/updateFileById [32m200[0m 6872.873 ms - 868[0m
2024-06-12 08:41:42 info: [0mPOST /api/files/updateFileById [32m200[0m 6853.365 ms - 868[0m
2024-06-12 08:41:42 info: [0mGET /public/Chapter4.pdf [32m200[0m 4.494 ms - 8978319[0m
2024-06-12 08:41:42 info: [0mGET /public/Chapter4.pdf [32m200[0m 11.431 ms - 8978319[0m
2024-06-12 08:41:42 info: [0mGET /api/files/getFiles [32m200[0m 227.355 ms - -[0m
2024-06-12 08:41:42 info: [0mPOST /api/files/updateFileById [32m200[0m 451.247 ms - -[0m
2024-06-12 08:41:42 info: [0mPOST /api/files/updateFileById [32m200[0m 497.251 ms - -[0m
2024-06-12 08:41:43 info: [0mGET /api/files/getFiles [32m200[0m 212.141 ms - -[0m
2024-06-12 08:41:43 info: [0mGET /api/files/getFiles [32m200[0m 238.365 ms - -[0m
2024-06-12 08:41:43 info: [0mGET /api/files/getFiles [36m304[0m 199.928 ms - -[0m
2024-06-12 09:20:30 info: =================================
2024-06-12 09:20:30 info: ======= ENV: development =======
2024-06-12 09:20:30 info: 🚀 App listening on the port 5210
2024-06-12 09:20:30 info: =================================
2024-06-12 09:21:03 info: [0mOPTIONS /api/files/deleteFile [32m204[0m 1.524 ms - 0[0m
2024-06-12 09:21:04 info: [0mPOST /api/files/deleteFile [32m200[0m 592.087 ms - 30[0m
2024-06-12 09:21:04 info: [0mGET /api/files/getFiles [32m200[0m 236.037 ms - -[0m
2024-06-12 09:21:06 info: [0mPOST /api/files/deleteFile [32m200[0m 244.068 ms - 30[0m
2024-06-12 09:21:06 info: [0mGET /api/files/getFiles [32m200[0m 70.976 ms - 25[0m
2024-06-12 09:21:19 info: [0mGET /api/veify-token/ [36m304[0m 4.681 ms - -[0m
2024-06-12 09:21:19 info: [0mGET /api/veify-token/ [36m304[0m 4.541 ms - -[0m
2024-06-12 09:21:19 info: [0mGET /api/files/getFiles [36m304[0m 73.564 ms - -[0m
2024-06-12 09:21:19 info: [0mGET /api/organization/getOrganizations [36m304[0m 75.415 ms - -[0m
2024-06-12 09:21:20 info: [0mGET /api/roles/getRoles [36m304[0m 159.084 ms - -[0m
2024-06-12 09:21:24 info: [0mGET /api/users/getUsers [36m304[0m 4380.557 ms - -[0m
2024-06-12 09:21:24 info: [0mOPTIONS /api/ia/upload_pdf [32m204[0m 0.314 ms - 0[0m
2024-06-12 09:21:25 info: [0mGET /public/Chapter4.pdf [32m200[0m 29.682 ms - 8978319[0m
2024-06-12 09:21:25 info: [0mPOST /api/ia/upload_pdf [32m200[0m 831.738 ms - 332[0m
2024-06-12 09:21:26 info: [0mGET /api/files/getFiles [32m200[0m 156.328 ms - 789[0m
2024-06-12 09:21:27 info: [0mOPTIONS /api/files/updateFileById [32m204[0m 0.198 ms - 0[0m
2024-06-12 09:22:00 info: [0mGET /public/Chapter4.pdf [32m200[0m 3.587 ms - 8978319[0m
2024-06-12 09:22:24 info: [0mOPTIONS /api/files/updateFileById [32m204[0m 0.387 ms - 0[0m
2024-06-12 09:22:25 info: [0mGET /api/files/getFiles [32m200[0m 146.487 ms - 790[0m
2024-06-12 09:22:25 info: [0mGET /public/Chapter4.pdf [32m200[0m 2.477 ms - 8978319[0m
2024-06-12 09:22:25 info: [0mGET /public/Chapter4.pdf [32m200[0m 3.942 ms - 8978319[0m
2024-06-12 09:22:25 info: [0mPOST /api/files/updateFileById [32m200[0m 424.019 ms - 322[0m
2024-06-12 09:22:25 info: [0mPOST /api/files/updateFileById [32m200[0m 436.298 ms - 322[0m
2024-06-12 09:22:25 info: [0mGET /api/files/getFiles [32m200[0m 149.945 ms - 790[0m
2024-06-12 09:22:25 info: [0mGET /api/files/getFiles [36m304[0m 133.976 ms - -[0m
2024-06-12 09:22:33 info: [0mOPTIONS /api/files/updateFileById [32m204[0m 0.156 ms - 0[0m
2024-06-12 09:22:33 info: [0mOPTIONS /api/ia/chat [32m204[0m 0.215 ms - 0[0m
2024-06-12 09:22:34 info: [0mGET /public/Chapter4.pdf [32m200[0m 2.586 ms - 8978319[0m
2024-06-12 09:22:34 info: [0mGET /public/Chapter4.pdf [32m200[0m 2.037 ms - 8978319[0m
2024-06-12 09:22:34 info: [0mPOST /api/files/updateFileById [32m200[0m 307.587 ms - 390[0m
2024-06-12 09:22:34 info: [0mPOST /api/files/updateFileById [32m200[0m 318.218 ms - 390[0m
2024-06-12 09:22:34 info: [0mGET /api/files/getFiles [32m200[0m 200.239 ms - 858[0m
2024-06-12 09:22:34 info: [0mGET /api/files/getFiles [36m304[0m 144.838 ms - -[0m
2024-06-12 09:24:47 info: [0mPOST /api/ia/chat [0m-[0m - ms - -[0m
2024-06-12 09:24:47 info: [0mPOST /api/files/updateFileById [0m-[0m - ms - -[0m
2024-06-12 09:24:47 info: [0mPOST /api/files/updateFileById [0m-[0m - ms - -[0m
2024-06-12 09:24:48 info: [0mGET /api/veify-token/ [36m304[0m 2.410 ms - -[0m
2024-06-12 09:24:48 info: [0mGET /api/veify-token/ [36m304[0m 1.837 ms - -[0m
2024-06-12 09:24:48 info: [0mGET /api/organization/getOrganizations [36m304[0m 96.504 ms - -[0m
2024-06-12 09:24:48 info: [0mGET /api/files/getFiles [36m304[0m 205.800 ms - -[0m
2024-06-12 09:24:48 info: [0mGET /api/roles/getRoles [36m304[0m 181.190 ms - -[0m
2024-06-12 09:24:51 info: [0mOPTIONS /api/files/updateFileById [32m204[0m 0.151 ms - 0[0m
2024-06-12 09:24:51 info: [0mGET /public/Chapter4.pdf [32m200[0m 2.293 ms - 8978319[0m
2024-06-12 09:24:51 info: [0mGET /public/Chapter4.pdf [32m200[0m 3.248 ms - 8978319[0m
2024-06-12 09:24:52 info: [0mGET /api/users/getUsers [36m304[0m 3820.713 ms - -[0m
2024-06-12 09:24:52 info: [0mPOST /api/files/updateFileById [32m200[0m 1178.604 ms - 390[0m
2024-06-12 09:24:52 info: [0mPOST /api/files/updateFileById [32m200[0m 1160.935 ms - 390[0m
2024-06-12 09:24:52 info: [0mGET /api/files/getFiles [32m200[0m 144.478 ms - 858[0m
2024-06-12 09:24:52 info: [0mGET /api/files/getFiles [36m304[0m 135.582 ms - -[0m
2024-06-12 09:27:59 info: [0mOPTIONS /api/files/updateFileById [32m204[0m 0.188 ms - 0[0m
2024-06-12 09:27:59 info: [0mOPTIONS /api/files/updateFileById [32m204[0m 0.307 ms - 0[0m
2024-06-12 09:27:59 info: [0mOPTIONS /api/files/updateFileById [32m204[0m 0.276 ms - 0[0m
2024-06-12 09:27:59 info: [0mGET /public/Chapter4.pdf [32m200[0m 5.122 ms - 8978319[0m
2024-06-12 09:27:59 info: [0mGET /public/Chapter4.pdf [32m200[0m 4.866 ms - 8978319[0m
2024-06-12 09:27:59 info: [0mGET /public/Chapter4.pdf [32m200[0m 4.166 ms - 8978319[0m
2024-06-12 09:28:00 info: [0mPOST /api/files/updateFileById [32m200[0m 533.280 ms - 390[0m
2024-06-12 09:28:00 info: [0mPOST /api/files/updateFileById [32m200[0m 540.202 ms - 322[0m
2024-06-12 09:28:00 info: [0mPOST /api/files/updateFileById [32m200[0m 549.559 ms - 390[0m
2024-06-12 09:28:00 info: [0mGET /api/files/getFiles [32m200[0m 155.976 ms - 858[0m
2024-06-12 09:28:00 info: [0mGET /api/files/getFiles [36m304[0m 141.658 ms - -[0m
2024-06-12 09:28:00 info: [0mGET /api/files/getFiles [36m304[0m 133.704 ms - -[0m
2024-06-12 09:28:12 info: [0mOPTIONS /api/files/deleteFile [32m204[0m 0.218 ms - 0[0m
2024-06-12 09:28:12 info: [0mPOST /api/files/deleteFile [32m200[0m 237.844 ms - 30[0m
2024-06-12 09:28:12 info: [0mGET /api/files/getFiles [32m200[0m 70.353 ms - 25[0m
2024-06-12 09:28:18 info: [0mGET /api/veify-token/ [36m304[0m 3.248 ms - -[0m
2024-06-12 09:28:18 info: [0mGET /api/veify-token/ [36m304[0m 2.067 ms - -[0m
2024-06-12 09:28:18 info: [0mGET /api/files/getFiles [36m304[0m 71.981 ms - -[0m
2024-06-12 09:28:19 info: [0mGET /api/organization/getOrganizations [36m304[0m 111.800 ms - -[0m
2024-06-12 09:28:19 info: [0mGET /api/roles/getRoles [36m304[0m 177.537 ms - -[0m
2024-06-12 09:28:22 info: [0mGET /api/users/getUsers [36m304[0m 3088.610 ms - -[0m
2024-06-12 09:28:27 info: [0mOPTIONS /api/ia/upload_pdf [32m204[0m 0.221 ms - 0[0m
2024-06-12 09:28:27 info: [0mGET /public/Chapter4.pdf [32m200[0m 42.018 ms - 8978319[0m
2024-06-12 09:28:27 info: [0mPOST /api/ia/upload_pdf [32m200[0m 489.119 ms - 332[0m
2024-06-12 09:28:28 info: [0mGET /api/files/getFiles [32m200[0m 152.949 ms - 789[0m
2024-06-12 09:28:29 info: [0mOPTIONS /api/files/updateFileById [32m204[0m 0.201 ms - 0[0m
2024-06-12 09:29:00 info: [0mGET /public/Chapter4.pdf [32m200[0m 4.693 ms - 8978319[0m
2024-06-12 09:29:24 info: [0mOPTIONS /api/files/updateFileById [32m204[0m 0.298 ms - 0[0m
2024-06-12 09:29:24 info: [0mGET /api/files/getFiles [32m200[0m 157.951 ms - 790[0m
2024-06-12 09:29:24 info: [0mGET /public/Chapter4.pdf [32m200[0m 3.720 ms - 8978319[0m
2024-06-12 09:29:24 info: [0mGET /public/Chapter4.pdf [32m200[0m 4.760 ms - 8978319[0m
2024-06-12 09:29:24 info: [0mPOST /api/files/updateFileById [32m200[0m 318.944 ms - 322[0m
2024-06-12 09:29:24 info: [0mPOST /api/files/updateFileById [32m200[0m 328.571 ms - 322[0m
2024-06-12 09:29:24 info: [0mGET /api/files/getFiles [32m200[0m 147.616 ms - 790[0m
2024-06-12 09:29:25 info: [0mGET /api/files/getFiles [36m304[0m 148.095 ms - -[0m
2024-06-12 09:29:32 info: [0mOPTIONS /api/files/updateFileById [32m204[0m 0.164 ms - 0[0m
2024-06-12 09:29:32 info: [0mGET /public/Chapter4.pdf [32m200[0m 2.781 ms - 8978319[0m
2024-06-12 09:29:32 info: [0mGET /public/Chapter4.pdf [32m200[0m 2.308 ms - 8978319[0m
2024-06-12 09:29:32 info: [0mPOST /api/files/updateFileById [32m200[0m 314.029 ms - 387[0m
2024-06-12 09:29:32 info: [0mPOST /api/files/updateFileById [32m200[0m 323.232 ms - 387[0m
2024-06-12 09:29:32 info: [0mGET /api/files/getFiles [32m200[0m 143.169 ms - 855[0m
2024-06-12 09:29:32 info: [0mGET /api/files/getFiles [36m304[0m 139.297 ms - -[0m
2024-06-12 09:32:18 info: =================================
2024-06-12 09:32:18 info: ======= ENV: development =======
2024-06-12 09:32:18 info: 🚀 App listening on the port 5210
2024-06-12 09:32:18 info: =================================
2024-06-12 09:32:55 info: [0mGET /api/veify-token/ [36m304[0m 8.420 ms - -[0m
2024-06-12 09:32:55 info: [0mGET /api/veify-token/ [36m304[0m 3.325 ms - -[0m
2024-06-12 09:32:56 info: [0mGET /api/organization/getOrganizations [36m304[0m 76.420 ms - -[0m
2024-06-12 09:32:56 info: [0mGET /api/files/getFiles [36m304[0m 158.822 ms - -[0m
2024-06-12 09:32:56 info: [0mGET /api/roles/getRoles [36m304[0m 152.992 ms - -[0m
2024-06-12 09:32:59 info: [0mGET /api/users/getUsers [36m304[0m 3696.135 ms - -[0m
2024-06-12 09:33:02 info: [0mOPTIONS /api/files/deleteFile [32m204[0m 0.305 ms - 0[0m
2024-06-12 09:33:02 info: [0mPOST /api/files/deleteFile [32m200[0m 278.547 ms - 30[0m
2024-06-12 09:33:02 info: [0mGET /api/files/getFiles [32m200[0m 71.909 ms - 25[0m
2024-06-12 09:33:12 info: [0mOPTIONS /api/ia/upload_pdf [32m204[0m 0.127 ms - 0[0m
2024-06-12 09:33:13 info: [0mGET /public/Chapter4.pdf [32m200[0m 41.036 ms - 8978319[0m
2024-06-12 09:33:13 info: [0mPOST /api/ia/upload_pdf [32m200[0m 490.031 ms - 332[0m
2024-06-12 09:33:14 info: [0mGET /api/files/getFiles [32m200[0m 163.975 ms - 789[0m
2024-06-12 09:33:14 info: [0mOPTIONS /api/files/updateFileById [32m204[0m 0.363 ms - 0[0m
2024-06-12 09:34:00 info: [0mGET /public/Chapter4.pdf [32m200[0m 4.430 ms - 8978319[0m
2024-06-12 09:34:25 info: [0mOPTIONS /api/files/updateFileById [32m204[0m 0.639 ms - 0[0m
2024-06-12 09:34:25 info: [0mGET /api/files/getFiles [32m200[0m 169.957 ms - 790[0m
2024-06-12 09:34:25 info: [0mGET /public/Chapter4.pdf [32m200[0m 1.503 ms - 8978319[0m
2024-06-12 09:34:25 info: [0mGET /public/Chapter4.pdf [32m200[0m 2.228 ms - 8978319[0m
2024-06-12 09:34:25 info: [0mPOST /api/files/updateFileById [32m200[0m 320.893 ms - 322[0m
2024-06-12 09:34:25 info: [0mPOST /api/files/updateFileById [32m200[0m 309.702 ms - 322[0m
2024-06-12 09:34:25 info: [0mGET /api/files/getFiles [32m200[0m 228.260 ms - 790[0m
2024-06-12 09:34:26 info: [0mGET /api/files/getFiles [36m304[0m 152.454 ms - -[0m
2024-06-12 09:34:30 info: [0mOPTIONS /api/files/updateFileById [32m204[0m 0.216 ms - 0[0m
2024-06-12 09:34:30 info: [0mOPTIONS /api/ia/chat [32m204[0m 0.366 ms - 0[0m
2024-06-12 09:34:30 info: [0mGET /public/Chapter4.pdf [32m200[0m 1.801 ms - 8978319[0m
2024-06-12 09:34:30 info: [0mGET /public/Chapter4.pdf [32m200[0m 4.219 ms - 8978319[0m
2024-06-12 09:34:37 info: [0mPOST /api/ia/chat [32m200[0m 7058.523 ms - -[0m
2024-06-12 09:34:37 info: [0mOPTIONS /api/files/updateFileById [32m204[0m 0.193 ms - 0[0m
2024-06-12 09:34:37 info: [0mPOST /api/files/updateFileById [32m200[0m 7150.949 ms - 390[0m
2024-06-12 09:34:37 info: [0mPOST /api/files/updateFileById [32m200[0m 7167.722 ms - 390[0m
2024-06-12 09:34:37 info: [0mGET /public/Chapter4.pdf [32m200[0m 2.335 ms - 8978319[0m
2024-06-12 09:34:38 info: [0mGET /public/Chapter4.pdf [32m200[0m 6.306 ms - 8978319[0m
2024-06-12 09:34:38 info: [0mGET /api/files/getFiles [32m200[0m 159.811 ms - -[0m
2024-06-12 09:34:38 info: [0mPOST /api/files/updateFileById [32m200[0m 314.564 ms - -[0m
2024-06-12 09:34:38 info: [0mPOST /api/files/updateFileById [32m200[0m 301.882 ms - -[0m
2024-06-12 09:34:38 info: [0mGET /api/files/getFiles [36m304[0m 148.703 ms - -[0m
2024-06-12 09:34:38 info: [0mGET /api/files/getFiles [36m304[0m 140.912 ms - -[0m
2024-06-12 09:34:38 info: [0mGET /api/files/getFiles [36m304[0m 144.483 ms - -[0m
2024-06-12 09:35:07 info: [0mOPTIONS /api/ia/upload_pdf [32m204[0m 0.138 ms - 0[0m
2024-06-12 09:35:08 info: [0mGET /public/Manual%20Harriet%20Lane%20de%20Pediatr%C3%ADa%20-%2022%20Edicion.pdf [32m200[0m 11.453 ms - 85319880[0m
2024-06-12 09:35:21 info: [0mPOST /api/ia/upload_pdf [32m200[0m 14224.560 ms - 409[0m
2024-06-12 09:35:24 info: [0mGET /api/files/getFiles [32m200[0m 695.349 ms - -[0m
2024-06-12 09:35:25 info: [0mOPTIONS /api/files/updateFileById [32m204[0m 0.269 ms - 0[0m
2024-06-12 09:35:25 error: [POST] /api/files/updateFileById >> StatusCode:: 413, Message:: request entity too large
2024-06-12 09:35:25 info: [0mPOST /api/files/updateFileById [33m413[0m 112.866 ms - 38[0m
2024-06-12 09:35:26 error: [POST] /api/files/updateFileById >> StatusCode:: 413, Message:: request entity too large
2024-06-12 09:35:26 info: [0mPOST /api/files/updateFileById [33m413[0m 108.742 ms - 38[0m
2024-06-12 09:36:00 info: [0mGET /public/Manual%20Harriet%20Lane%20de%20Pediatr%C3%ADa%20-%2022%20Edicion.pdf [32m200[0m 4.332 ms - 85319880[0m
2024-06-12 09:38:00 info: [0mGET /public/Manual%20Harriet%20Lane%20de%20Pediatr%C3%ADa%20-%2022%20Edicion.pdf [32m200[0m 4.554 ms - 85319880[0m
2024-06-12 09:40:00 info: [0mGET /public/Manual%20Harriet%20Lane%20de%20Pediatr%C3%ADa%20-%2022%20Edicion.pdf [32m200[0m 3.970 ms - 85319880[0m
2024-06-12 09:41:01 info: [0mGET /api/files/getFiles [36m304[0m 207.204 ms - -[0m
2024-06-12 09:41:02 info: [0mGET /api/files/getFiles [36m304[0m 170.672 ms - -[0m
2024-06-12 09:41:16 info: [0mOPTIONS /api/files/deleteFile [32m204[0m 0.255 ms - 0[0m
2024-06-12 09:41:17 info: [0mPOST /api/files/deleteFile [32m200[0m 258.643 ms - 30[0m
2024-06-12 09:41:17 info: [0mGET /api/files/getFiles [32m200[0m 180.432 ms - -[0m
2024-06-12 09:41:29 info: [0mOPTIONS /api/ia/upload_pdf [32m204[0m 0.170 ms - 0[0m
2024-06-12 09:41:29 info: [0mGET /public/Texto_pruebas.pdf [32m200[0m 16.451 ms - 14613[0m
2024-06-12 09:41:29 info: [0mPOST /api/ia/upload_pdf [32m200[0m 224.863 ms - 343[0m
2024-06-12 09:41:30 info: [0mOPTIONS /api/files/updateFileById [32m204[0m 0.182 ms - 0[0m
2024-06-12 09:41:30 info: [0mGET /api/files/getFiles [32m200[0m 287.911 ms - -[0m
2024-06-12 09:42:00 info: [0mGET /public/Texto_pruebas.pdf [32m200[0m 1.632 ms - 14613[0m
2024-06-12 09:42:08 info: [0mGET /api/files/getFiles [32m200[0m 145.243 ms - -[0m
2024-06-12 09:42:10 info: [0mOPTIONS /api/files/updateFileById [32m204[0m 0.119 ms - 0[0m
2024-06-12 09:42:10 info: [0mGET /public/Texto_pruebas.pdf [32m200[0m 1.152 ms - 14613[0m
2024-06-12 09:42:10 info: [0mGET /api/files/getFiles [36m304[0m 142.788 ms - -[0m
2024-06-12 09:42:10 info: [0mPOST /api/files/updateFileById [32m200[0m 204.733 ms - 333[0m
2024-06-12 09:42:10 info: [0mGET /public/Texto_pruebas.pdf [32m200[0m 3.172 ms - 14613[0m
2024-06-12 09:42:10 info: [0mPOST /api/files/updateFileById [32m200[0m 197.788 ms - 333[0m
2024-06-12 09:42:10 info: [0mGET /api/files/getFiles [32m200[0m 148.036 ms - -[0m
2024-06-12 09:42:10 info: [0mGET /api/files/getFiles [36m304[0m 179.277 ms - -[0m
2024-06-12 09:44:59 info: [0mGET /api/files/getFiles [36m304[0m 162.419 ms - -[0m
2024-06-12 09:44:59 info: [0mGET /api/files/getFiles [36m304[0m 151.119 ms - -[0m
2024-06-12 09:45:08 info: [0mOPTIONS /api/files/updateFileById [32m204[0m 0.331 ms - 0[0m
2024-06-12 09:45:08 info: [0mGET /public/Texto_pruebas.pdf [32m200[0m 6.001 ms - 14613[0m
2024-06-12 09:45:08 info: [0mPOST /api/files/updateFileById [32m200[0m 312.137 ms - 333[0m
2024-06-12 09:45:09 info: [0mGET /api/files/getFiles [32m200[0m 162.157 ms - -[0m
2024-06-12 09:45:14 info: [0mOPTIONS /api/files/updateFileById [32m204[0m 0.253 ms - 0[0m
2024-06-12 09:45:14 info: [0mOPTIONS /api/ia/chat [32m204[0m 0.158 ms - 0[0m
2024-06-12 09:45:14 info: [0mGET /public/Texto_pruebas.pdf [32m200[0m 2.116 ms - 14613[0m
2024-06-12 09:45:14 info: [0mPOST /api/files/updateFileById [32m200[0m 326.411 ms - 412[0m
2024-06-12 09:45:17 info: [0mPOST /api/ia/chat [32m200[0m 2671.244 ms - 556[0m
2024-06-12 09:45:17 info: [0mGET /public/Texto_pruebas.pdf [32m200[0m 1.537 ms - 14613[0m
2024-06-12 09:45:17 info: [0mPOST /api/files/updateFileById [32m200[0m 270.219 ms - 412[0m
2024-06-12 09:45:17 info: [0mGET /api/files/getFiles [32m200[0m 223.727 ms - -[0m
2024-06-12 09:45:17 info: [0mGET /public/Texto_pruebas.pdf [32m200[0m 1.173 ms - 14613[0m
2024-06-12 09:45:17 info: [0mPOST /api/files/updateFileById [32m200[0m 326.851 ms - 965[0m
2024-06-12 09:45:17 info: [0mGET /public/Texto_pruebas.pdf [32m200[0m 2.698 ms - 14613[0m
2024-06-12 09:45:18 info: [0mPOST /api/files/updateFileById [32m200[0m 254.163 ms - 965[0m
2024-06-12 09:45:18 info: [0mGET /api/files/getFiles [32m200[0m 141.453 ms - -[0m
2024-06-12 09:45:18 info: [0mGET /api/files/getFiles [36m304[0m 190.789 ms - -[0m
2024-06-12 09:45:18 info: [0mGET /api/files/getFiles [36m304[0m 139.281 ms - -[0m
2024-06-12 09:45:27 info: [0mOPTIONS /api/files/updateFileById [32m204[0m 0.161 ms - 0[0m
2024-06-12 09:46:08 info: [0mPOST /api/files/updateFileById [0m-[0m - ms - -[0m
2024-06-12 09:46:08 info: [0mPOST /api/files/updateFileById [0m-[0m - ms - -[0m
2024-06-12 09:46:08 info: [0mOPTIONS /api/ia/upload_pdf [32m204[0m 0.135 ms - 0[0m
2024-06-12 09:46:08 info: [0mPOST /api/files/updateFileById [0m-[0m - ms - -[0m
2024-06-12 09:46:08 info: [0mPOST /api/files/updateFileById [0m-[0m - ms - -[0m
2024-06-12 09:46:08 info: [0mPOST /api/files/updateFileById [0m-[0m - ms - -[0m
2024-06-12 09:46:08 info: [0mPOST /api/files/updateFileById [0m-[0m - ms - -[0m
2024-06-12 09:46:08 info: [0mPOST /api/files/updateFileById [0m-[0m - ms - -[0m
2024-06-12 09:46:08 info: [0mPOST /api/files/updateFileById [0m-[0m - ms - -[0m
2024-06-12 09:46:08 info: [0mGET /public/Texto_pruebas.pdf [32m200[0m 10.547 ms - 14613[0m
2024-06-12 09:46:08 info: [0mGET /public/Chapter4.pdf [32m200[0m 16.903 ms - 8978319[0m
2024-06-12 09:46:08 info: [0mGET /api/veify-token/ [36m304[0m 3.364 ms - -[0m
2024-06-12 09:46:08 info: [0mGET /api/veify-token/ [36m304[0m 1.429 ms - -[0m
2024-06-12 09:46:09 info: [0mGET /api/organization/getOrganizations [36m304[0m 137.562 ms - -[0m
2024-06-12 09:46:09 info: [0mGET /api/files/getFiles [32m200[0m 232.691 ms - -[0m
2024-06-12 09:46:09 info: [0mGET /api/roles/getRoles [36m304[0m 210.707 ms - -[0m
2024-06-12 09:46:11 info: [0mGET /api/users/getUsers [36m304[0m 2688.032 ms - -[0m
2024-06-12 09:46:43 info: [0mOPTIONS /api/ia/upload_pdf [32m204[0m 0.259 ms - 0[0m
2024-06-12 09:46:44 info: [0mGET /public/Manual%20Harriet%20Lane%20de%20Pediatr%C3%ADa%20-%2022%20Edicion.pdf [32m200[0m 4.709 ms - 85319880[0m
2024-06-12 09:46:55 info: [0mPOST /api/ia/upload_pdf [32m200[0m 11129.737 ms - 409[0m
2024-06-12 09:46:56 info: [0mGET /api/files/getFiles [32m200[0m 229.826 ms - -[0m
2024-06-12 09:46:56 info: [0mOPTIONS /api/files/updateFileById [32m204[0m 0.297 ms - 0[0m
2024-06-12 09:46:58 error: [POST] /api/files/updateFileById >> StatusCode:: 413, Message:: request entity too large
2024-06-12 09:46:58 info: [0mPOST /api/files/updateFileById [33m413[0m 102.893 ms - 38[0m
2024-06-12 09:47:00 info: [0mGET /public/Manual%20Harriet%20Lane%20de%20Pediatr%C3%ADa%20-%2022%20Edicion.pdf [32m200[0m 2.363 ms - 85319880[0m
2024-06-12 09:47:26 info: [0mOPTIONS /api/files/updateFileById [32m204[0m 0.363 ms - 0[0m
2024-06-12 09:47:26 info: [0mGET /public/Texto_pruebas.pdf [32m200[0m 3.422 ms - 14613[0m
2024-06-12 09:47:26 info: [0mPOST /api/files/updateFileById [32m200[0m 604.293 ms - 965[0m
2024-06-12 09:47:27 info: [0mGET /api/files/getFiles [32m200[0m 191.082 ms - -[0m
2024-06-12 09:47:30 info: [0mGET /public/Chapter4.pdf [32m200[0m 1.619 ms - 8978319[0m
2024-06-12 09:47:31 info: [0mPOST /api/files/updateFileById [32m200[0m 621.348 ms - -[0m
2024-06-12 09:47:31 info: [0mGET /api/files/getFiles [32m200[0m 174.966 ms - -[0m
2024-06-12 09:47:44 info: [0mOPTIONS /api/files/updateFileById [32m204[0m 0.178 ms - 0[0m
2024-06-12 09:47:44 info: [0mOPTIONS /api/ia/chat [32m204[0m 0.149 ms - 0[0m
2024-06-12 09:47:44 info: [0mGET /public/Chapter4.pdf [32m200[0m 3.169 ms - 8978319[0m
2024-06-12 09:47:44 info: [0mGET /public/Chapter4.pdf [32m200[0m 2.831 ms - 8978319[0m
2024-06-12 09:47:52 info: [0mPOST /api/ia/chat [32m200[0m 7567.205 ms - -[0m
2024-06-12 09:47:52 info: [0mOPTIONS /api/files/updateFileById [32m204[0m 0.125 ms - 0[0m
2024-06-12 09:47:52 info: [0mGET /public/Chapter4.pdf [32m200[0m 1.323 ms - 8978319[0m
2024-06-12 09:47:52 info: [0mPOST /api/files/updateFileById [32m200[0m 7840.389 ms - -[0m
2024-06-12 09:47:52 info: [0mPOST /api/files/updateFileById [32m200[0m 7886.700 ms - -[0m
2024-06-12 09:47:52 info: [0mGET /api/files/getFiles [32m200[0m 152.377 ms - -[0m
2024-06-12 09:47:52 info: [0mGET /public/Chapter4.pdf [32m200[0m 1.605 ms - 8978319[0m
2024-06-12 09:47:52 info: [0mPOST /api/files/updateFileById [32m200[0m 610.069 ms - -[0m
2024-06-12 09:47:53 info: [0mGET /api/files/getFiles [32m200[0m 209.057 ms - -[0m
2024-06-12 09:47:53 info: [0mGET /api/files/getFiles [32m200[0m 170.603 ms - -[0m
2024-06-12 09:47:53 info: [0mPOST /api/files/updateFileById [32m200[0m 609.631 ms - -[0m
2024-06-12 09:47:53 info: [0mGET /api/files/getFiles [32m200[0m 161.133 ms - -[0m
2024-06-12 09:49:00 info: [0mGET /public/Manual%20Harriet%20Lane%20de%20Pediatr%C3%ADa%20-%2022%20Edicion.pdf [32m200[0m 1.559 ms - 85319880[0m
2024-06-12 09:51:00 info: [0mGET /public/Manual%20Harriet%20Lane%20de%20Pediatr%C3%ADa%20-%2022%20Edicion.pdf [32m200[0m 2.909 ms - 85319880[0m
2024-06-12 09:52:04 info: [0mOPTIONS /api/files/deleteFile [32m204[0m 0.368 ms - 0[0m
2024-06-12 09:52:05 info: [0mPOST /api/files/deleteFile [32m200[0m 540.521 ms - 30[0m
2024-06-12 09:52:05 info: [0mGET /api/files/getFiles [32m200[0m 361.081 ms - -[0m
2024-06-12 09:54:49 info: [0mGET /api/files/getFiles [36m304[0m 282.545 ms - -[0m
2024-06-12 09:54:49 info: [0mGET /api/files/getFiles [36m304[0m 318.437 ms - -[0m
2024-06-12 10:32:17 info: [0mOPTIONS /api/ia/upload_pdf [32m204[0m 0.671 ms - 0[0m
2024-06-12 10:32:18 info: [0mGET /public/Manual%20Harriet%20Lane%20de%20Pediatr%C3%ADa%20-%2022%20Edicion.pdf [32m200[0m 15.545 ms - 85319880[0m
2024-06-12 10:32:32 info: [0mPOST /api/ia/upload_pdf [32m200[0m 14975.697 ms - 409[0m
2024-06-12 10:32:34 info: [0mOPTIONS /api/files/updateFileById [32m204[0m 0.582 ms - 0[0m
2024-06-12 10:32:34 info: [0mGET /api/files/getFiles [32m200[0m 225.150 ms - -[0m
2024-06-12 10:32:36 error: [POST] /api/files/updateFileById >> StatusCode:: 413, Message:: request entity too large
2024-06-12 10:32:36 info: [0mPOST /api/files/updateFileById [33m413[0m 267.207 ms - 38[0m
2024-06-12 10:33:00 info: [0mGET /public/Manual%20Harriet%20Lane%20de%20Pediatr%C3%ADa%20-%2022%20Edicion.pdf [32m200[0m 3.133 ms - 85319880[0m
2024-06-12 10:48:07 info: =================================
2024-06-12 10:48:07 info: ======= ENV: development =======
2024-06-12 10:48:07 info: 🚀 App listening on the port 5210
2024-06-12 10:48:07 info: =================================
2024-06-12 10:48:21 info: [0mGET /api/veify-token/ [36m304[0m 15.225 ms - -[0m
2024-06-12 10:48:21 info: [0mGET /api/veify-token/ [36m304[0m 4.629 ms - -[0m
2024-06-12 10:48:22 info: [0mGET /api/organization/getOrganizations [36m304[0m 91.198 ms - -[0m
2024-06-12 10:48:22 info: [0mGET /api/roles/getRoles [36m304[0m 206.340 ms - -[0m
2024-06-12 10:48:22 info: [0mGET /api/files/getFiles [36m304[0m 248.157 ms - -[0m
2024-06-12 10:48:22 info: [0mGET /api/users/getUsers [0m-[0m - ms - -[0m
2024-06-12 11:15:57 info: [0mOPTIONS /api/files/deleteFile [32m204[0m 1.000 ms - 0[0m
2024-06-12 11:15:57 info: [0mPOST /api/files/deleteFile [32m200[0m 423.714 ms - 30[0m
2024-06-12 11:15:58 info: [0mGET /api/files/getFiles [32m200[0m 264.303 ms - -[0m
2024-06-12 11:37:13 info: =================================
2024-06-12 11:37:13 info: ======= ENV: development =======
2024-06-12 11:37:13 info: 🚀 App listening on the port 5210
2024-06-12 11:37:13 info: =================================
2024-06-12 11:37:51 info: [0mGET /api/veify-token/ [36m304[0m 6.688 ms - -[0m
2024-06-12 11:37:51 info: [0mGET /api/veify-token/ [36m304[0m 3.722 ms - -[0m
2024-06-12 11:37:51 info: [0mGET /api/organization/getOrganizations [36m304[0m 78.032 ms - -[0m
2024-06-12 11:37:52 info: [0mGET /api/roles/getRoles [36m304[0m 155.286 ms - -[0m
2024-06-12 11:37:52 info: [0mGET /api/files/getFiles [36m304[0m 212.395 ms - -[0m
2024-06-12 11:37:54 info: [0mGET /api/users/getUsers [32m200[0m 2613.397 ms - -[0m
2024-06-12 11:38:02 info: [0mOPTIONS /api/ia/upload_pdf [32m204[0m 0.259 ms - 0[0m
2024-06-12 11:38:03 info: [0mGET /public/Manual%20Harriet%20Lane%20de%20Pediatr%C3%ADa%20-%2022%20Edicion.pdf [32m200[0m 5.799 ms - 85319880[0m
2024-06-12 11:38:15 info: [0mPOST /api/ia/upload_pdf [32m200[0m 13234.862 ms - 409[0m
2024-06-12 11:38:17 info: [0mOPTIONS /api/files/updateFileById [32m204[0m 0.401 ms - 0[0m
2024-06-12 11:38:17 info: [0mGET /api/files/getFiles [32m200[0m 289.896 ms - -[0m
2024-06-12 11:38:18 error: [POST] /api/files/updateFileById >> StatusCode:: 413, Message:: request entity too large
2024-06-12 11:38:18 info: [0mPOST /api/files/updateFileById [33m413[0m 235.651 ms - 38[0m
2024-06-12 11:39:00 info: [0mGET /public/Manual%20Harriet%20Lane%20de%20Pediatr%C3%ADa%20-%2022%20Edicion.pdf [32m200[0m 7.880 ms - 85319880[0m
2024-06-12 11:39:16 info: [0mOPTIONS /api/ia/upload_pdf [32m204[0m 0.625 ms - 0[0m
2024-06-12 11:39:17 info: [0mGET /public/test_largo.pdf [32m200[0m 20.705 ms - 25381301[0m
2024-06-12 11:39:19 info: [0mPOST /api/ia/upload_pdf [32m200[0m 2729.016 ms - 337[0m
2024-06-12 11:39:20 info: [0mOPTIONS /api/files/updateFileById [32m204[0m 0.232 ms - 0[0m
2024-06-12 11:39:20 info: [0mGET /api/files/getFiles [32m200[0m 314.223 ms - -[0m
2024-06-12 11:40:00 info: [0mGET /public/test_largo.pdf [32m200[0m 5.215 ms - 25381301[0m
2024-06-12 11:41:11 info: [0mGET /api/files/getFiles [32m200[0m 311.890 ms - -[0m
2024-06-12 11:41:29 info: [0mOPTIONS /api/files/updateFileById [32m204[0m 0.328 ms - 0[0m
2024-06-12 11:41:30 info: [0mGET /public/Manual%20Harriet%20Lane%20de%20Pediatr%C3%ADa%20-%2022%20Edicion.pdf [32m200[0m 2.157 ms - 85319880[0m
2024-06-12 11:41:34 info: [0mPOST /api/files/updateFileById [32m200[0m 4855.776 ms - 399[0m
2024-06-12 11:41:35 info: [0mGET /public/Manual%20Harriet%20Lane%20de%20Pediatr%C3%ADa%20-%2022%20Edicion.pdf [32m200[0m 3.842 ms - 85319880[0m
2024-06-12 11:41:35 info: [0mPOST /api/files/updateFileById [32m200[0m 590.997 ms - 399[0m
2024-06-12 11:41:35 info: [0mGET /api/files/getFiles [32m200[0m 214.039 ms - -[0m
2024-06-12 11:41:40 info: [0mGET /api/files/getFiles [36m304[0m 208.768 ms - -[0m
2024-06-12 11:41:40 info: [0mGET /api/files/getFiles [36m304[0m 203.719 ms - -[0m
2024-06-12 11:45:16 info: [0mOPTIONS /api/files/updateFileById [32m204[0m 0.305 ms - 0[0m
2024-06-12 11:45:16 info: [0mOPTIONS /api/ia/chat [32m204[0m 0.211 ms - 0[0m
2024-06-12 11:45:17 info: [0mGET /public/Manual%20Harriet%20Lane%20de%20Pediatr%C3%ADa%20-%2022%20Edicion.pdf [32m200[0m 3.235 ms - 85319880[0m
2024-06-12 11:45:17 info: [0mPOST /api/files/updateFileById [32m200[0m 590.405 ms - 539[0m
2024-06-12 11:45:30 info: [0mPOST /api/ia/chat [32m200[0m 12890.654 ms - -[0m
2024-06-12 11:45:30 info: [0mGET /public/Manual%20Harriet%20Lane%20de%20Pediatr%C3%ADa%20-%2022%20Edicion.pdf [32m200[0m 3.446 ms - 85319880[0m
2024-06-12 11:45:30 info: [0mPOST /api/files/updateFileById [32m200[0m 557.672 ms - 539[0m
2024-06-12 11:45:31 info: [0mGET /api/files/getFiles [32m200[0m 212.177 ms - -[0m
2024-06-12 11:45:31 info: [0mOPTIONS /api/files/updateFileById [32m204[0m 0.277 ms - 0[0m
2024-06-12 11:45:31 info: [0mOPTIONS /api/files/updateFileById [32m204[0m 0.132 ms - 0[0m
2024-06-12 11:45:31 info: [0mGET /api/files/getFiles [36m304[0m 201.612 ms - -[0m
2024-06-12 11:45:31 info: [0mGET /public/Manual%20Harriet%20Lane%20de%20Pediatr%C3%ADa%20-%2022%20Edicion.pdf [32m200[0m 3.572 ms - 85319880[0m
2024-06-12 11:45:31 info: [0mPOST /api/files/updateFileById [32m200[0m 578.231 ms - -[0m
2024-06-12 11:45:32 info: [0mGET /public/Manual%20Harriet%20Lane%20de%20Pediatr%C3%ADa%20-%2022%20Edicion.pdf [32m200[0m 4.007 ms - 85319880[0m
2024-06-12 11:45:32 info: [0mPOST /api/files/updateFileById [32m200[0m 593.737 ms - -[0m
2024-06-12 11:45:32 info: [0mGET /api/files/getFiles [32m200[0m 217.330 ms - -[0m
2024-06-12 11:45:32 info: [0mGET /api/files/getFiles [36m304[0m 199.610 ms - -[0m
2024-06-12 11:59:38 info: [0mOPTIONS /api/files/updateFileById [32m204[0m 0.318 ms - 0[0m
2024-06-12 11:59:38 info: [0mOPTIONS /api/ia/chat [32m204[0m 0.183 ms - 0[0m
2024-06-12 11:59:39 info: [0mGET /public/Manual%20Harriet%20Lane%20de%20Pediatr%C3%ADa%20-%2022%20Edicion.pdf [32m200[0m 4.100 ms - 85319880[0m
2024-06-12 11:59:39 info: [0mPOST /api/files/updateFileById [32m200[0m 692.187 ms - -[0m
2024-06-12 11:59:44 info: [0mPOST /api/ia/chat [32m200[0m 4827.788 ms - -[0m
2024-06-12 11:59:44 info: [0mGET /public/Manual%20Harriet%20Lane%20de%20Pediatr%C3%ADa%20-%2022%20Edicion.pdf [32m200[0m 3.532 ms - 85319880[0m
2024-06-12 11:59:44 info: [0mPOST /api/files/updateFileById [32m200[0m 598.539 ms - -[0m
2024-06-12 11:59:44 info: [0mGET /api/files/getFiles [32m200[0m 224.136 ms - -[0m
2024-06-12 11:59:44 info: [0mOPTIONS /api/files/updateFileById [32m204[0m 0.274 ms - 0[0m
2024-06-12 11:59:44 info: [0mOPTIONS /api/files/updateFileById [32m204[0m 0.149 ms - 0[0m
2024-06-12 11:59:45 info: [0mGET /api/files/getFiles [36m304[0m 199.976 ms - -[0m
2024-06-12 11:59:45 info: [0mGET /public/Manual%20Harriet%20Lane%20de%20Pediatr%C3%ADa%20-%2022%20Edicion.pdf [32m200[0m 4.313 ms - 85319880[0m
2024-06-12 11:59:45 info: [0mPOST /api/files/updateFileById [32m200[0m 628.786 ms - -[0m
2024-06-12 11:59:46 info: [0mGET /public/Manual%20Harriet%20Lane%20de%20Pediatr%C3%ADa%20-%2022%20Edicion.pdf [32m200[0m 4.271 ms - 85319880[0m
2024-06-12 11:59:46 info: [0mPOST /api/files/updateFileById [32m200[0m 647.378 ms - -[0m
2024-06-12 11:59:46 info: [0mGET /api/files/getFiles [32m200[0m 276.853 ms - -[0m
2024-06-12 11:59:46 info: [0mGET /api/files/getFiles [36m304[0m 204.161 ms - -[0m
2024-06-12 12:00:43 info: [0mOPTIONS /api/files/updateFileById [32m204[0m 0.293 ms - 0[0m
2024-06-12 12:04:49 info: [0mPOST /api/files/updateFileById [0m-[0m - ms - -[0m
2024-06-12 12:04:49 info: [0mOPTIONS /api/files/updateFileById [32m204[0m 0.146 ms - 0[0m
2024-06-12 12:04:49 info: [0mOPTIONS /api/ia/chat [32m204[0m 0.216 ms - 0[0m
2024-06-12 12:04:49 info: [0mPOST /api/files/updateFileById [0m-[0m - ms - -[0m
2024-06-12 12:04:49 info: [0mPOST /api/files/updateFileById [0m-[0m - ms - -[0m
2024-06-12 12:04:49 info: [0mOPTIONS /api/files/updateFileById [32m204[0m 0.236 ms - 0[0m
2024-06-12 12:04:49 info: [0mPOST /api/ia/chat [0m-[0m - ms - -[0m
2024-06-12 12:04:49 info: [0mPOST /api/files/updateFileById [0m-[0m - ms - -[0m
2024-06-12 12:04:49 info: [0mPOST /api/files/updateFileById [0m-[0m - ms - -[0m
2024-06-12 12:04:49 info: [0mPOST /api/files/updateFileById [0m-[0m - ms - -[0m
2024-06-12 12:04:50 info: [0mGET /api/veify-token/ [36m304[0m 5.622 ms - -[0m
2024-06-12 12:04:50 info: [0mGET /api/veify-token/ [36m304[0m 1.509 ms - -[0m
2024-06-12 12:04:50 info: [0mGET /api/organization/getOrganizations [36m304[0m 84.124 ms - -[0m
2024-06-12 12:04:50 info: [0mGET /api/files/getFiles [36m304[0m 219.172 ms - -[0m
2024-06-12 12:04:50 info: [0mGET /api/roles/getRoles [36m304[0m 226.899 ms - -[0m
2024-06-12 12:04:53 info: [0mGET /public/test_largo.pdf [32m200[0m 3.847 ms - 25381301[0m
2024-06-12 12:04:55 info: [0mGET /api/users/getUsers [36m304[0m 4556.445 ms - -[0m
2024-06-12 12:04:55 info: [0mPOST /api/files/updateFileById [32m200[0m 1720.393 ms - 327[0m
2024-06-12 12:04:55 info: [0mGET /api/files/getFiles [32m200[0m 207.459 ms - -[0m
2024-06-12 12:05:08 info: [0mOPTIONS /api/files/updateFileById [32m204[0m 0.378 ms - 0[0m
2024-06-12 12:05:08 info: [0mOPTIONS /api/ia/chat [32m204[0m 0.140 ms - 0[0m
2024-06-12 12:05:09 info: [0mGET /public/test_largo.pdf [32m200[0m 6.318 ms - 25381301[0m
2024-06-12 12:05:09 info: [0mGET /public/test_largo.pdf [32m200[0m 3.589 ms - 25381301[0m
2024-06-12 12:05:13 info: [0mPOST /api/ia/chat [32m200[0m 5041.891 ms - -[0m
2024-06-12 12:05:13 info: [0mOPTIONS /api/files/updateFileById [32m204[0m 0.501 ms - 0[0m
2024-06-12 12:05:13 info: [0mPOST /api/files/updateFileById [32m200[0m 5184.279 ms - 413[0m
2024-06-12 12:05:13 info: [0mPOST /api/files/updateFileById [32m200[0m 5196.039 ms - 413[0m
2024-06-12 12:05:14 info: [0mGET /public/test_largo.pdf [32m200[0m 3.842 ms - 25381301[0m
2024-06-12 12:05:14 info: [0mGET /api/files/getFiles [32m200[0m 296.653 ms - -[0m
2024-06-12 12:05:14 info: [0mGET /public/test_largo.pdf [32m200[0m 2.143 ms - 25381301[0m
2024-06-12 12:05:14 info: [0mGET /api/files/getFiles [36m304[0m 206.190 ms - -[0m
2024-06-12 12:05:14 info: [0mPOST /api/files/updateFileById [32m200[0m 657.524 ms - -[0m
2024-06-12 12:05:14 info: [0mPOST /api/files/updateFileById [32m200[0m 738.256 ms - -[0m
2024-06-12 12:05:14 info: [0mGET /api/files/getFiles [32m200[0m 205.897 ms - -[0m
2024-06-12 12:05:15 info: [0mGET /api/files/getFiles [36m304[0m 284.661 ms - -[0m
2024-06-12 12:08:46 info: [0mOPTIONS /api/files/updateFileById [32m204[0m 0.512 ms - 0[0m
2024-06-12 12:08:46 info: [0mOPTIONS /api/files/updateFileById [32m204[0m 0.254 ms - 0[0m
2024-06-12 12:08:47 info: [0mGET /public/test_largo.pdf [32m200[0m 11.199 ms - 25381301[0m
2024-06-12 12:08:47 info: [0mGET /public/test_largo.pdf [32m200[0m 8.543 ms - 25381301[0m
2024-06-12 12:08:47 info: [0mGET /public/test_largo.pdf [32m200[0m 6.969 ms - 25381301[0m
2024-06-12 12:08:47 info: [0mGET /public/test_largo.pdf [32m200[0m 4.207 ms - 25381301[0m
2024-06-12 12:08:47 info: [0mGET /public/test_largo.pdf [32m200[0m 4.393 ms - 25381301[0m
2024-06-12 12:08:47 info: [0mPOST /api/files/updateFileById [32m200[0m 838.432 ms - 327[0m
2024-06-12 12:08:47 info: [0mPOST /api/files/updateFileById [32m200[0m 827.691 ms - 327[0m
2024-06-12 12:08:47 info: [0mPOST /api/files/updateFileById [32m200[0m 838.546 ms - 327[0m
2024-06-12 12:08:47 info: [0mPOST /api/files/updateFileById [32m200[0m 835.448 ms - 327[0m
2024-06-12 12:08:47 info: [0mPOST /api/files/updateFileById [32m200[0m 807.796 ms - 327[0m
2024-06-12 12:08:47 info: [0mGET /api/files/getFiles [32m200[0m 208.475 ms - -[0m
2024-06-12 12:08:48 info: [0mGET /api/files/getFiles [36m304[0m 264.235 ms - -[0m
2024-06-12 12:08:48 info: [0mGET /api/files/getFiles [36m304[0m 200.796 ms - -[0m
2024-06-12 12:08:48 info: [0mGET /api/files/getFiles [36m304[0m 202.145 ms - -[0m
2024-06-12 12:08:48 info: [0mGET /api/files/getFiles [36m304[0m 258.847 ms - -[0m
2024-06-12 12:08:50 info: [0mPOST /api/files/updateFileById [0m-[0m - ms - -[0m
2024-06-12 12:08:51 info: [0mGET /api/veify-token/ [36m304[0m 4.793 ms - -[0m
2024-06-12 12:08:51 info: [0mGET /api/veify-token/ [36m304[0m 1.468 ms - -[0m
2024-06-12 12:08:51 info: [0mGET /api/organization/getOrganizations [36m304[0m 73.998 ms - -[0m
2024-06-12 12:08:51 info: [0mGET /api/roles/getRoles [36m304[0m 144.831 ms - -[0m
2024-06-12 12:08:51 info: [0mGET /api/files/getFiles [36m304[0m 214.487 ms - -[0m
2024-06-12 12:08:56 info: [0mGET /api/users/getUsers [36m304[0m 4521.601 ms - -[0m
2024-06-12 12:09:22 info: [0mOPTIONS /api/ia/upload_pdf [32m204[0m 0.479 ms - 0[0m
2024-06-12 12:09:22 info: [0mGET /public/An_End-to-End_Platform_for_Managing_Third-party_Risks_in_Oil_Pipelines.pdf [32m200[0m 22.628 ms - 1521772[0m
2024-06-12 12:09:22 info: [0mPOST /api/ia/upload_pdf [32m200[0m 518.120 ms - 457[0m
2024-06-12 12:09:23 info: [0mOPTIONS /api/files/updateFileById [32m204[0m 0.100 ms - 0[0m
2024-06-12 12:09:24 info: [0mGET /api/files/getFiles [32m200[0m 273.896 ms - -[0m
2024-06-12 12:10:00 info: [0mGET /public/An_End-to-End_Platform_for_Managing_Third-party_Risks_in_Oil_Pipelines.pdf [32m200[0m 1.450 ms - 1521772[0m
2024-06-12 12:10:03 info: [0mOPTIONS /api/files/updateFileById [32m204[0m 0.279 ms - 0[0m
2024-06-12 12:10:03 info: [0mGET /public/An_End-to-End_Platform_for_Managing_Third-party_Risks_in_Oil_Pipelines.pdf [32m200[0m 1.346 ms - 1521772[0m
2024-06-12 12:10:03 info: [0mPOST /api/files/updateFileById [32m200[0m 191.208 ms - 447[0m
2024-06-12 12:10:03 info: [0mGET /api/files/getFiles [32m200[0m 272.153 ms - -[0m
2024-06-12 12:10:04 info: [0mGET /api/files/getFiles [32m200[0m 269.275 ms - -[0m
2024-06-12 12:10:33 info: [0mOPTIONS /api/files/deleteFile [32m204[0m 0.203 ms - 0[0m
2024-06-12 12:10:34 info: [0mPOST /api/files/deleteFile [32m200[0m 820.622 ms - 30[0m
2024-06-12 12:10:34 info: [0mGET /api/files/getFiles [32m200[0m 202.472 ms - -[0m
2024-06-12 12:10:42 info: [0mOPTIONS /api/files/updateFileById [32m204[0m 0.206 ms - 0[0m
2024-06-12 12:10:42 info: [0mGET /public/Chapter4.pdf [32m200[0m 20.894 ms - 8978319[0m
2024-06-12 12:10:42 info: [0mPOST /api/files/updateFileById [32m200[0m 514.562 ms - -[0m
2024-06-12 12:10:43 info: [0mGET /api/files/getFiles [32m200[0m 212.184 ms - -[0m
2024-06-12 12:11:07 info: [0mPOST /api/files/updateFileById [0m-[0m - ms - -[0m
2024-06-12 12:11:07 info: [0mPOST /api/files/updateFileById [0m-[0m - ms - -[0m
2024-06-12 12:11:07 info: [0mPOST /api/files/updateFileById [0m-[0m - ms - -[0m
2024-06-12 12:11:07 info: [0mPOST /api/files/updateFileById [0m-[0m - ms - -[0m
2024-06-12 12:11:07 info: [0mGET /api/veify-token/ [36m304[0m 2.817 ms - -[0m
2024-06-12 12:11:07 info: [0mGET /api/veify-token/ [36m304[0m 1.753 ms - -[0m
2024-06-12 12:11:08 info: [0mGET /api/organization/getOrganizations [36m304[0m 72.456 ms - -[0m
2024-06-12 12:11:08 info: [0mGET /api/roles/getRoles [36m304[0m 146.065 ms - -[0m
2024-06-12 12:11:08 info: [0mGET /api/files/getFiles [36m304[0m 282.834 ms - -[0m
2024-06-12 12:11:12 info: [0mGET /api/users/getUsers [36m304[0m 4814.820 ms - -[0m
2024-06-12 12:11:17 info: [0mOPTIONS /api/ia/upload_pdf [32m204[0m 0.215 ms - 0[0m
2024-06-12 12:11:17 info: [0mGET /public/An_End-to-End_Platform_for_Managing_Third-party_Risks_in_Oil_Pipelines.pdf [32m200[0m 16.138 ms - 1521772[0m
2024-06-12 12:11:17 info: [0mPOST /api/ia/upload_pdf [32m200[0m 375.966 ms - 457[0m
2024-06-12 12:11:18 info: [0mOPTIONS /api/files/updateFileById [32m204[0m 0.135 ms - 0[0m
2024-06-12 12:11:18 info: [0mGET /api/files/getFiles [32m200[0m 277.454 ms - -[0m
2024-06-12 12:12:00 info: [0mGET /public/An_End-to-End_Platform_for_Managing_Third-party_Risks_in_Oil_Pipelines.pdf [32m200[0m 1.602 ms - 1521772[0m
2024-06-12 12:12:02 info: [0mOPTIONS /api/files/updateFileById [32m204[0m 0.289 ms - 0[0m
2024-06-12 12:12:03 info: [0mGET /public/An_End-to-End_Platform_for_Managing_Third-party_Risks_in_Oil_Pipelines.pdf [32m200[0m 2.501 ms - 1521772[0m
2024-06-12 12:12:03 info: [0mPOST /api/files/updateFileById [32m200[0m 180.658 ms - 447[0m
2024-06-12 12:12:03 info: [0mGET /api/files/getFiles [32m200[0m 275.212 ms - -[0m
2024-06-12 12:12:03 info: [0mGET /api/files/getFiles [32m200[0m 256.994 ms - -[0m
2024-06-12 12:12:30 info: [0mOPTIONS /api/files/updateFileById [32m204[0m 0.230 ms - 0[0m
2024-06-12 12:12:30 info: [0mOPTIONS /api/ia/chat [32m204[0m 0.196 ms - 0[0m
2024-06-12 12:12:30 info: [0mGET /public/An_End-to-End_Platform_for_Managing_Third-party_Risks_in_Oil_Pipelines.pdf [32m200[0m 4.750 ms - 1521772[0m
2024-06-12 12:12:30 info: [0mGET /public/An_End-to-End_Platform_for_Managing_Third-party_Risks_in_Oil_Pipelines.pdf [32m200[0m 2.962 ms - 1521772[0m
2024-06-12 12:12:39 info: [0mPOST /api/ia/chat [32m200[0m 8817.772 ms - -[0m
2024-06-12 12:12:39 info: [0mOPTIONS /api/files/updateFileById [32m204[0m 0.203 ms - 0[0m
2024-06-12 12:12:39 info: [0mPOST /api/files/updateFileById [32m200[0m 8882.631 ms - 523[0m
2024-06-12 12:12:39 info: [0mPOST /api/files/updateFileById [32m200[0m 8891.081 ms - 523[0m
2024-06-12 12:12:39 info: [0mGET /public/An_End-to-End_Platform_for_Managing_Third-party_Risks_in_Oil_Pipelines.pdf [32m200[0m 2.061 ms - 1521772[0m
2024-06-12 12:12:39 info: [0mGET /public/An_End-to-End_Platform_for_Managing_Third-party_Risks_in_Oil_Pipelines.pdf [32m200[0m 1.301 ms - 1521772[0m
2024-06-12 12:12:39 info: [0mPOST /api/files/updateFileById [32m200[0m 257.110 ms - -[0m
2024-06-12 12:12:39 info: [0mPOST /api/files/updateFileById [32m200[0m 257.700 ms - -[0m
2024-06-12 12:12:39 info: [0mGET /api/files/getFiles [32m200[0m 355.383 ms - -[0m
2024-06-12 12:12:40 info: [0mGET /api/files/getFiles [32m200[0m 338.108 ms - -[0m
2024-06-12 12:12:40 info: [0mGET /api/files/getFiles [36m304[0m 261.700 ms - -[0m
2024-06-12 12:12:40 info: [0mGET /api/files/getFiles [36m304[0m 264.470 ms - -[0m
2024-06-12 15:22:05 info: [0mPOST /api/files/updateFileById [0m-[0m - ms - -[0m
2024-06-12 15:22:05 info: [0mPOST /api/files/updateFileById [0m-[0m - ms - -[0m
2024-06-12 15:22:05 info: [0mPOST /api/files/updateFileById [0m-[0m - ms - -[0m
