2024-04-17 15:57:33 info: =================================
2024-04-17 15:57:33 info: ======= ENV: development =======
2024-04-17 15:57:33 info: 🚀 App listening on the port 5210
2024-04-17 15:57:33 info: =================================
2024-04-17 15:58:22 info: [0mPOST /api/login [32m200[0m 564.216 ms - -[0m
2024-04-17 15:58:22 info: [0mPOST /api/files/getFilesByUserId [32m200[0m 118.844 ms - -[0m
2024-04-17 16:05:49 info: =================================
2024-04-17 16:05:49 info: ======= ENV: development =======
2024-04-17 16:05:49 info: 🚀 App listening on the port 5210
2024-04-17 16:05:49 info: =================================
2024-04-17 16:06:01 info: [0mPOST /api/files/updateFileById [32m200[0m 172.028 ms - -[0m
2024-04-17 16:06:07 info: [0mPOST /api/files/updateFileById [32m200[0m 122.730 ms - -[0m
2024-04-17 16:06:28 info: [0mPOST /api/ia/chat [33m400[0m 21089.197 ms - -[0m
2024-04-17 16:06:28 info: [0mPOST /api/files/updateFileById [32m200[0m 111.215 ms - -[0m
2024-04-17 16:13:32 info: =================================
2024-04-17 16:13:32 info: ======= ENV: development =======
2024-04-17 16:13:32 info: 🚀 App listening on the port 5210
2024-04-17 16:13:32 info: =================================
2024-04-17 16:13:45 info: [0mPOST /api/files/updateFileById [32m200[0m 177.068 ms - -[0m
2024-04-17 16:14:06 info: [0mPOST /api/ia/chat [33m400[0m 21086.739 ms - -[0m
2024-04-17 16:14:07 info: [0mPOST /api/files/updateFileById [32m200[0m 127.267 ms - -[0m
2024-04-17 16:21:47 info: [0mPOST /api/files/updateFileById [32m200[0m 107.897 ms - -[0m
2024-04-17 16:22:08 info: [0mPOST /api/ia/chat [33m400[0m 21044.087 ms - -[0m
2024-04-17 16:22:08 info: [0mPOST /api/files/updateFileById [32m200[0m 118.453 ms - -[0m
2024-04-17 16:47:47 info: [0mPOST /api/files/getFilesByUserId [32m200[0m 105.261 ms - -[0m
2024-04-17 17:11:37 error: [POST] /api/login >> StatusCode:: 409, Message:: Wrong password
2024-04-17 17:11:37 info: [0mPOST /api/login [33m409[0m 387.184 ms - 28[0m
2024-04-17 17:11:43 info: [0mPOST /api/login [32m200[0m 340.049 ms - -[0m
2024-04-17 17:40:59 info: [0mPOST /api/files/getFilesByUserId [32m200[0m 112.165 ms - -[0m
2024-04-17 17:41:03 info: [0mPOST /api/files/getFilesByUserId [32m200[0m 102.541 ms - -[0m
