2024-09-06 15:56:01 info: =================================
2024-09-06 15:56:01 info: ======= ENV: development =======
2024-09-06 15:56:01 info: 🚀 App listening on the port 5210
2024-09-06 15:56:01 info: =================================
2024-09-06 15:56:06 info: [0mGET /api/files/getFiles [36m304[0m 169.869 ms - -[0m
2024-09-06 15:56:16 info: [0mGET /api/users/getUsers [36m304[0m 9792.044 ms - -[0m
2024-09-06 15:57:14 info: [0mGET /api/ia/fileToJson [32m200[0m 30.760 ms - 974[0m
2024-09-06 16:01:40 info: =================================
2024-09-06 16:01:40 info: ======= ENV: development =======
2024-09-06 16:01:40 info: 🚀 App listening on the port 5210
2024-09-06 16:01:40 info: =================================
2024-09-06 16:02:44 info: =================================
2024-09-06 16:02:44 info: ======= ENV: development =======
2024-09-06 16:02:44 info: 🚀 App listening on the port 5210
2024-09-06 16:02:44 info: =================================
2024-09-06 16:03:53 info: =================================
2024-09-06 16:03:53 info: ======= ENV: development =======
2024-09-06 16:03:53 info: 🚀 App listening on the port 5210
2024-09-06 16:03:53 info: =================================
2024-09-06 16:04:09 info: =================================
2024-09-06 16:04:09 info: ======= ENV: development =======
2024-09-06 16:04:09 info: 🚀 App listening on the port 5210
2024-09-06 16:04:09 info: =================================
2024-09-06 16:04:17 info: =================================
2024-09-06 16:04:17 info: ======= ENV: development =======
2024-09-06 16:04:17 info: 🚀 App listening on the port 5210
2024-09-06 16:04:17 info: =================================
2024-09-06 16:05:40 info: =================================
2024-09-06 16:05:40 info: ======= ENV: development =======
2024-09-06 16:05:40 info: 🚀 App listening on the port 5210
2024-09-06 16:05:40 info: =================================
2024-09-06 16:18:24 info: [0mGET /api/ia/fileToJson [32m200[0m 73.574 ms - 974[0m
2024-09-06 16:20:14 info: =================================
2024-09-06 16:20:14 info: ======= ENV: development =======
2024-09-06 16:20:14 info: 🚀 App listening on the port 5210
2024-09-06 16:20:14 info: =================================
2024-09-06 16:22:31 info: [0mPOST /api/ia/fileToJson [0m-[0m - ms - -[0m
2024-09-06 16:22:50 info: [0mPOST /api/ia/fileToJson [32m200[0m 1069.078 ms - 12[0m
2024-09-06 16:51:33 info: =================================
2024-09-06 16:51:33 info: ======= ENV: development =======
2024-09-06 16:51:33 info: 🚀 App listening on the port 5210
2024-09-06 16:51:33 info: =================================
2024-09-06 16:51:40 info: [0mPOST /api/ia/fileToJson [32m200[0m 762.033 ms - 12[0m
