2024-06-09 20:20:47 info: =================================
2024-06-09 20:20:47 info: ======= ENV: development =======
2024-06-09 20:20:47 info: 🚀 App listening on the port 5210
2024-06-09 20:20:47 info: =================================
2024-06-09 20:20:53 info: [0mGET /api/veify-token/ [36m304[0m 8.997 ms - -[0m
2024-06-09 20:20:53 info: [0mGET /api/veify-token/ [36m304[0m 3.100 ms - -[0m
2024-06-09 20:20:53 info: [0mGET /api/organization/getOrganizations [36m304[0m 81.178 ms - -[0m
2024-06-09 20:20:53 info: [0mGET /api/roles/getRoles [32m200[0m 204.435 ms - -[0m
2024-06-09 20:20:53 info: [0mGET /api/files/getFiles [32m200[0m 567.518 ms - -[0m
2024-06-09 20:20:54 info: [0mGET /api/files/getFiles [36m304[0m 527.392 ms - -[0m
2024-06-09 20:21:03 info: [0mGET /api/veify-token/ [36m304[0m 2.811 ms - -[0m
2024-06-09 20:21:03 info: [0mGET /api/veify-token/ [36m304[0m 1.757 ms - -[0m
2024-06-09 20:21:03 info: [0mGET /api/organization/getOrganizations [36m304[0m 107.523 ms - -[0m
2024-06-09 20:21:03 info: [0mGET /api/roles/getRoles [36m304[0m 185.475 ms - -[0m
2024-06-09 20:21:04 info: [0mGET /api/files/getFiles [36m304[0m 549.670 ms - -[0m
2024-06-09 20:21:04 info: [0mGET /api/files/getFiles [36m304[0m 533.242 ms - -[0m
2024-06-09 20:21:05 info: [0mGET /api/veify-token/ [36m304[0m 2.300 ms - -[0m
2024-06-09 20:21:05 info: [0mGET /api/veify-token/ [36m304[0m 3.305 ms - -[0m
2024-06-09 20:21:05 info: [0mGET /api/organization/getOrganizations [36m304[0m 70.666 ms - -[0m
2024-06-09 20:21:05 info: [0mGET /api/roles/getRoles [36m304[0m 151.272 ms - -[0m
2024-06-09 20:21:06 info: [0mGET /api/files/getFiles [36m304[0m 523.533 ms - -[0m
2024-06-09 20:21:07 info: [0mGET /api/files/getFiles [36m304[0m 1465.159 ms - -[0m
2024-06-09 20:21:31 info: [0mGET /api/veify-token/ [36m304[0m 2.549 ms - -[0m
2024-06-09 20:21:31 info: [0mGET /api/veify-token/ [36m304[0m 2.422 ms - -[0m
2024-06-09 20:22:55 info: =================================
2024-06-09 20:22:55 info: ======= ENV: development =======
2024-06-09 20:22:55 info: 🚀 App listening on the port 5210
2024-06-09 20:22:55 info: =================================
2024-06-09 20:25:18 info: =================================
2024-06-09 20:25:18 info: ======= ENV: development =======
2024-06-09 20:25:18 info: 🚀 App listening on the port 5210
2024-06-09 20:25:18 info: =================================
