2024-07-19 08:07:50 info: =================================
2024-07-19 08:07:50 info: ======= ENV: development =======
2024-07-19 08:07:50 info: 🚀 App listening on the port 5210
2024-07-19 08:07:50 info: =================================
2024-07-19 08:07:50 info: [0mOPTIONS /api/verify [32m204[0m 9.297 ms - 0[0m
2024-07-19 08:07:50 info: [0mOPTIONS /api/verify [32m204[0m 0.695 ms - 0[0m
2024-07-19 08:07:53 info: [0mPOST /api/verify [32m200[0m 3048.963 ms - 521[0m
2024-07-19 08:07:53 info: [0mPOST /api/verify [32m200[0m 3187.397 ms - 521[0m
2024-07-19 08:07:53 info: [0mOPTIONS /api/files/getFilesByUserId [32m204[0m 0.252 ms - 0[0m
2024-07-19 08:07:55 info: [0mPOST /api/files/getFilesByUserId [32m200[0m 1210.978 ms - -[0m
2024-07-19 08:07:55 info: [0mPOST /api/files/getFilesByUserId [32m200[0m 1178.525 ms - -[0m
2024-07-19 08:09:43 info: [0mOPTIONS /api/login [32m204[0m 0.136 ms - 0[0m
2024-07-19 08:09:43 info: [0mPOST /api/login [32m200[0m 340.133 ms - -[0m
2024-07-19 08:09:44 info: [0mGET /api/files/getFiles [32m200[0m 407.389 ms - -[0m
2024-07-19 08:09:44 info: [0mGET /api/files/getFiles [36m304[0m 409.666 ms - -[0m
2024-07-19 08:09:46 info: [0mGET /api/users/getUsers [32m200[0m 2627.280 ms - -[0m
2024-07-19 08:09:50 info: [0mGET /api/users/getUsers [36m304[0m 4652.328 ms - -[0m
2024-07-19 08:26:08 info: [0mGET /api/files/getFiles [36m304[0m 431.269 ms - -[0m
2024-07-19 08:26:12 info: [0mGET /api/users/getUsers [36m304[0m 4361.992 ms - -[0m
2024-07-19 08:26:15 info: [0mGET /api/files/getFiles [36m304[0m 860.486 ms - -[0m
2024-07-19 08:26:18 info: [0mGET /api/users/getUsers [36m304[0m 3107.793 ms - -[0m
2024-07-19 08:29:13 info: [0mGET /api/files/getFiles [36m304[0m 423.811 ms - -[0m
2024-07-19 08:29:17 info: [0mGET /api/users/getUsers [36m304[0m 3783.650 ms - -[0m
2024-07-19 08:29:29 info: [0mGET /api/files/getFiles [36m304[0m 853.064 ms - -[0m
2024-07-19 08:29:32 info: [0mGET /api/users/getUsers [36m304[0m 3879.451 ms - -[0m
2024-07-19 08:30:17 info: [0mGET /api/files/getFiles [36m304[0m 733.476 ms - -[0m
2024-07-19 08:30:18 info: [0mGET /api/files/getFiles [36m304[0m 663.593 ms - -[0m
2024-07-19 08:30:19 info: [0mGET /api/files/getFiles [36m304[0m 401.888 ms - -[0m
2024-07-19 08:30:21 info: [0mGET /api/users/getUsers [36m304[0m 3871.518 ms - -[0m
2024-07-19 08:30:24 info: [0mGET /api/users/getUsers [36m304[0m 3608.519 ms - -[0m
2024-07-19 08:30:28 info: [0mGET /api/users/getUsers [36m304[0m 4235.583 ms - -[0m
2024-07-19 08:32:31 info: [0mGET /api/files/getFiles [36m304[0m 490.311 ms - -[0m
2024-07-19 08:32:33 info: [0mGET /api/users/getUsers [36m304[0m 3038.041 ms - -[0m
2024-07-19 08:33:16 info: [0mGET /api/files/getFiles [36m304[0m 494.897 ms - -[0m
2024-07-19 08:33:20 info: [0mGET /api/users/getUsers [36m304[0m 4599.721 ms - -[0m
2024-07-19 08:34:14 info: [0mGET /api/files/getFiles [36m304[0m 481.114 ms - -[0m
2024-07-19 08:34:18 info: [0mGET /api/users/getUsers [36m304[0m 4661.174 ms - -[0m
2024-07-19 08:36:15 info: [0mGET /api/files/getFiles [36m304[0m 668.790 ms - -[0m
2024-07-19 08:36:19 info: [0mGET /api/users/getUsers [36m304[0m 4259.692 ms - -[0m
2024-07-19 08:38:06 info: [0mGET /api/files/getFiles [36m304[0m 622.162 ms - -[0m
2024-07-19 08:38:09 info: [0mGET /api/users/getUsers [36m304[0m 3981.708 ms - -[0m
2024-07-19 08:39:51 info: [0mGET /api/files/getFiles [36m304[0m 540.765 ms - -[0m
2024-07-19 08:39:54 info: [0mGET /api/users/getUsers [36m304[0m 3362.104 ms - -[0m
2024-07-19 08:41:10 info: [0mGET /api/files/getFiles [36m304[0m 605.202 ms - -[0m
2024-07-19 08:41:13 info: [0mGET /api/users/getUsers [36m304[0m 3506.292 ms - -[0m
2024-07-19 08:44:37 info: [0mGET /api/files/getFiles [36m304[0m 494.453 ms - -[0m
2024-07-19 08:44:39 info: [0mGET /api/users/getUsers [0m-[0m - ms - -[0m
2024-07-19 08:44:41 info: [0mGET /api/files/getFiles [36m304[0m 856.203 ms - -[0m
2024-07-19 08:44:44 info: [0mGET /api/users/getUsers [32m200[0m 3456.563 ms - -[0m
2024-07-19 08:45:48 info: [0mGET /api/files/getFiles [36m304[0m 743.292 ms - -[0m
2024-07-19 08:45:50 info: [0mGET /api/users/getUsers [36m304[0m 3334.365 ms - -[0m
2024-07-19 08:46:29 info: [0mGET /api/files/getFiles [36m304[0m 684.348 ms - -[0m
2024-07-19 08:46:32 info: [0mGET /api/users/getUsers [36m304[0m 3232.910 ms - -[0m
2024-07-19 08:49:32 info: [0mGET /api/files/getFiles [36m304[0m 510.551 ms - -[0m
2024-07-19 08:49:35 info: [0mGET /api/users/getUsers [36m304[0m 3194.591 ms - -[0m
2024-07-19 08:52:38 info: [0mGET /api/files/getFiles [36m304[0m 421.859 ms - -[0m
2024-07-19 08:52:41 info: [0mGET /api/users/getUsers [36m304[0m 3422.554 ms - -[0m
2024-07-19 08:52:54 info: [0mGET /api/files/getFiles [36m304[0m 490.307 ms - -[0m
2024-07-19 08:52:57 info: [0mGET /api/users/getUsers [36m304[0m 3397.646 ms - -[0m
2024-07-19 08:54:40 info: [0mGET /api/files/getFiles [36m304[0m 474.251 ms - -[0m
2024-07-19 08:54:41 info: [0mGET /api/files/getFiles [36m304[0m 727.747 ms - -[0m
2024-07-19 08:54:42 info: [0mGET /api/files/getFiles [36m304[0m 476.215 ms - -[0m
2024-07-19 08:54:44 info: [0mGET /api/users/getUsers [36m304[0m 4020.848 ms - -[0m
2024-07-19 08:54:47 info: [0mGET /api/users/getUsers [36m304[0m 3097.443 ms - -[0m
2024-07-19 08:54:51 info: [0mGET /api/users/getUsers [36m304[0m 3908.471 ms - -[0m
2024-07-19 08:55:12 info: [0mGET /api/files/getFiles [36m304[0m 871.374 ms - -[0m
2024-07-19 08:55:12 info: [0mGET /api/files/getFiles [36m304[0m 488.714 ms - -[0m
2024-07-19 08:55:13 info: [0mGET /api/files/getFiles [36m304[0m 593.052 ms - -[0m
2024-07-19 08:55:15 info: [0mGET /api/users/getUsers [36m304[0m 4297.444 ms - -[0m
2024-07-19 08:55:19 info: [0mGET /api/users/getUsers [36m304[0m 4072.793 ms - -[0m
2024-07-19 08:55:23 info: [0mGET /api/users/getUsers [36m304[0m 3403.548 ms - -[0m
2024-07-19 08:57:05 info: [0mGET /api/files/getFiles [36m304[0m 467.460 ms - -[0m
2024-07-19 08:57:08 info: [0mGET /api/users/getUsers [36m304[0m 3619.158 ms - -[0m
2024-07-19 08:59:28 info: [0mGET /api/files/getFiles [36m304[0m 414.689 ms - -[0m
2024-07-19 08:59:31 info: [0mGET /api/users/getUsers [36m304[0m 3947.878 ms - -[0m
2024-07-19 09:00:29 info: [0mGET /api/files/getFiles [36m304[0m 417.257 ms - -[0m
2024-07-19 09:00:33 info: [0mGET /api/users/getUsers [36m304[0m 4527.711 ms - -[0m
2024-07-19 09:02:07 info: [0mGET /api/files/getFiles [36m304[0m 532.427 ms - -[0m
2024-07-19 09:02:09 info: [0mGET /api/users/getUsers [36m304[0m 3304.265 ms - -[0m
2024-07-19 09:21:15 info: [0mGET /api/files/getFiles [36m304[0m 419.312 ms - -[0m
2024-07-19 09:21:15 info: [0mGET /api/files/getFiles [36m304[0m 482.819 ms - -[0m
2024-07-19 09:21:16 info: [0mGET /api/files/getFiles [36m304[0m 572.055 ms - -[0m
2024-07-19 09:21:18 info: [0mGET /api/users/getUsers [36m304[0m 3176.195 ms - -[0m
2024-07-19 09:21:22 info: [0mGET /api/users/getUsers [36m304[0m 3920.703 ms - -[0m
2024-07-19 09:21:25 info: [0mGET /api/users/getUsers [36m304[0m 3877.782 ms - -[0m
2024-07-19 09:23:53 info: [0mOPTIONS /api/login [32m204[0m 0.524 ms - 0[0m
2024-07-19 09:23:54 info: [0mPOST /api/login [32m200[0m 346.440 ms - -[0m
2024-07-19 09:23:54 info: [0mGET /api/files/getFiles [32m200[0m 423.239 ms - -[0m
2024-07-19 09:23:55 info: [0mGET /api/files/getFiles [36m304[0m 484.730 ms - -[0m
2024-07-19 09:23:57 info: [0mGET /api/users/getUsers [32m200[0m 3312.305 ms - -[0m
2024-07-19 09:24:00 info: [0mGET /api/users/getUsers [36m304[0m 3050.667 ms - -[0m
2024-07-19 09:24:07 info: [0mOPTIONS /api/ia/chat [32m204[0m 0.250 ms - 0[0m
2024-07-19 09:24:10 info: [0mPOST /api/ia/chat [32m200[0m 2258.107 ms - -[0m
2024-07-19 09:24:10 info: [0mOPTIONS /api/files/updateFileById [32m204[0m 0.611 ms - 0[0m
2024-07-19 09:24:10 info: [0mGET /public/An_End-to-End_Platform_for_Managing_Third-party_Risks_in_Oil_Pipelines.pdf [32m200[0m 27.285 ms - 1521772[0m
2024-07-19 09:24:11 info: [0mPOST /api/files/updateFileById [32m200[0m 1605.317 ms - -[0m
2024-07-19 09:24:12 info: [0mGET /api/files/getFiles [32m200[0m 479.716 ms - -[0m
2024-07-19 09:24:54 info: [0mOPTIONS /api/ia/chat [32m204[0m 0.246 ms - 0[0m
2024-07-19 09:25:00 info: [0mPOST /api/ia/chat [32m200[0m 6046.931 ms - -[0m
2024-07-19 09:25:00 info: [0mOPTIONS /api/files/updateFileById [32m204[0m 0.234 ms - 0[0m
2024-07-19 09:25:01 info: [0mGET /public/An_End-to-End_Platform_for_Managing_Third-party_Risks_in_Oil_Pipelines.pdf [32m200[0m 2.713 ms - 1521772[0m
2024-07-19 09:25:02 info: [0mPOST /api/files/updateFileById [32m200[0m 1654.876 ms - -[0m
2024-07-19 09:25:02 info: [0mGET /api/files/getFiles [32m200[0m 481.318 ms - -[0m
2024-07-19 10:02:29 info: [0mOPTIONS /api/login [32m204[0m 0.241 ms - 0[0m
2024-07-19 10:02:30 info: [0mPOST /api/login [32m200[0m 339.137 ms - -[0m
2024-07-19 10:02:30 info: [0mGET /api/files/getFiles [36m304[0m 406.842 ms - -[0m
2024-07-19 10:02:31 info: [0mGET /api/files/getFiles [36m304[0m 472.368 ms - -[0m
2024-07-19 10:02:33 info: [0mGET /api/users/getUsers [36m304[0m 3693.724 ms - -[0m
2024-07-19 10:02:37 info: [0mGET /api/users/getUsers [36m304[0m 3666.471 ms - -[0m
2024-07-19 10:03:03 info: [0mOPTIONS /api/ia/chat [32m204[0m 0.667 ms - 0[0m
2024-07-19 10:03:06 info: [0mPOST /api/ia/chat [32m200[0m 3294.766 ms - -[0m
2024-07-19 10:03:06 info: [0mOPTIONS /api/files/updateFileById [32m204[0m 0.208 ms - 0[0m
2024-07-19 10:03:07 info: [0mGET /public/Manual%20Harriet%20Lane%20de%20Pediatr%C3%ADa%20-%2022%20Edicion.pdf [32m200[0m 28.142 ms - 85319880[0m
2024-07-19 10:03:07 info: [0mPOST /api/files/updateFileById [32m200[0m 1242.357 ms - -[0m
2024-07-19 10:03:08 info: [0mGET /api/files/getFiles [32m200[0m 466.394 ms - -[0m
2024-07-19 10:03:24 info: [0mGET /api/files/getFiles [36m304[0m 530.541 ms - -[0m
2024-07-19 10:03:27 info: [0mGET /api/users/getUsers [36m304[0m 3413.878 ms - -[0m
2024-07-19 10:04:56 info: [0mGET /api/files/getFiles [36m304[0m 473.829 ms - -[0m
2024-07-19 10:04:58 info: [0mOPTIONS /api/verify [32m204[0m 0.223 ms - 0[0m
2024-07-19 10:04:58 info: [0mOPTIONS /api/verify [32m204[0m 0.157 ms - 0[0m
2024-07-19 10:04:59 info: [0mPOST /api/verify [32m200[0m 890.159 ms - 521[0m
2024-07-19 10:04:59 info: [0mPOST /api/verify [32m200[0m 885.176 ms - 521[0m
2024-07-19 10:04:59 info: [0mOPTIONS /api/files/getFilesByUserId [32m204[0m 0.131 ms - 0[0m
2024-07-19 10:04:59 info: [0mGET /api/users/getUsers [32m200[0m 3367.851 ms - -[0m
2024-07-19 10:05:00 info: [0mPOST /api/files/getFilesByUserId [32m200[0m 598.684 ms - -[0m
2024-07-19 10:05:00 info: [0mPOST /api/files/getFilesByUserId [32m200[0m 918.734 ms - -[0m
2024-07-19 10:05:06 info: [0mOPTIONS /api/files/getFilesByUserId [32m204[0m 0.119 ms - 0[0m
2024-07-19 10:05:06 info: [0mPOST /api/files/getFilesByUserId [32m200[0m 402.582 ms - -[0m
2024-07-19 11:32:35 info: [0mOPTIONS /api/login [32m204[0m 0.554 ms - 0[0m
2024-07-19 11:32:35 info: [0mPOST /api/login [32m200[0m 348.941 ms - -[0m
2024-07-19 11:32:36 info: [0mGET /api/files/getFiles [32m200[0m 538.465 ms - -[0m
2024-07-19 11:32:36 info: [0mGET /api/files/getFiles [36m304[0m 407.055 ms - -[0m
2024-07-19 11:32:39 info: [0mGET /api/users/getUsers [32m200[0m 3293.768 ms - -[0m
2024-07-19 11:32:42 info: [0mGET /api/users/getUsers [36m304[0m 3496.063 ms - -[0m
2024-07-19 11:41:27 info: [0mGET /api/files/getFiles [36m304[0m 723.734 ms - -[0m
2024-07-19 11:41:29 info: [0mGET /api/users/getUsers [36m304[0m 2961.052 ms - -[0m
2024-07-19 11:53:53 info: [0mGET /api/files/getFiles [36m304[0m 626.362 ms - -[0m
2024-07-19 11:53:56 info: [0mGET /api/users/getUsers [36m304[0m 3668.070 ms - -[0m
2024-07-19 12:08:14 info: [0mGET /api/files/getFiles [36m304[0m 676.522 ms - -[0m
2024-07-19 12:08:16 info: [0mGET /api/users/getUsers [36m304[0m 3200.080 ms - -[0m
2024-07-19 12:10:44 info: [0mGET /api/files/getFiles [36m304[0m 538.025 ms - -[0m
2024-07-19 12:10:47 info: [0mGET /api/users/getUsers [36m304[0m 3247.554 ms - -[0m
2024-07-19 12:17:47 info: [0mGET /api/files/getFiles [36m304[0m 546.634 ms - -[0m
2024-07-19 12:17:50 info: [0mGET /api/users/getUsers [36m304[0m 3215.101 ms - -[0m
2024-07-19 12:21:19 info: [0mGET /api/files/getFiles [36m304[0m 478.074 ms - -[0m
2024-07-19 12:21:22 info: [0mGET /api/users/getUsers [36m304[0m 2879.974 ms - -[0m
2024-07-19 13:08:14 info: [0mGET /api/files/getFiles [36m304[0m 419.861 ms - -[0m
2024-07-19 13:08:16 info: [0mGET /api/users/getUsers [36m304[0m 3048.139 ms - -[0m
2024-07-19 13:09:45 info: [0mOPTIONS /api/ia/chat [32m204[0m 0.326 ms - 0[0m
2024-07-19 13:09:47 info: [0mPOST /api/ia/chat [32m200[0m 1826.585 ms - -[0m
2024-07-19 13:09:47 info: [0mOPTIONS /api/files/updateFileById [32m204[0m 0.306 ms - 0[0m
2024-07-19 13:09:47 info: [0mGET /public/An_End-to-End_Platform_for_Managing_Third-party_Risks_in_Oil_Pipelines.pdf [32m200[0m 15.957 ms - 1521772[0m
2024-07-19 13:09:48 info: [0mPOST /api/files/updateFileById [32m200[0m 1139.293 ms - -[0m
2024-07-19 13:09:48 info: [0mGET /api/files/getFiles [32m200[0m 466.431 ms - -[0m
2024-07-19 13:10:43 info: [0mOPTIONS /api/ia/chat [32m204[0m 0.262 ms - 0[0m
2024-07-19 13:10:45 info: [0mPOST /api/ia/chat [32m200[0m 2105.018 ms - -[0m
2024-07-19 13:10:45 info: [0mOPTIONS /api/files/updateFileById [32m204[0m 0.215 ms - 0[0m
2024-07-19 13:10:46 info: [0mGET /public/An_End-to-End_Platform_for_Managing_Third-party_Risks_in_Oil_Pipelines.pdf [32m200[0m 2.873 ms - 1521772[0m
2024-07-19 13:10:47 info: [0mPOST /api/files/updateFileById [32m200[0m 1503.431 ms - -[0m
2024-07-19 13:10:48 info: [0mGET /api/files/getFiles [32m200[0m 609.771 ms - -[0m
2024-07-19 13:11:21 info: [0mOPTIONS /api/ia/chat [32m204[0m 0.132 ms - 0[0m
2024-07-19 13:11:24 info: [0mPOST /api/ia/chat [32m200[0m 2431.131 ms - -[0m
2024-07-19 13:11:24 info: [0mOPTIONS /api/files/updateFileById [32m204[0m 0.199 ms - 0[0m
2024-07-19 13:11:24 info: [0mGET /public/An_End-to-End_Platform_for_Managing_Third-party_Risks_in_Oil_Pipelines.pdf [32m200[0m 2.064 ms - 1521772[0m
2024-07-19 13:11:25 info: [0mPOST /api/files/updateFileById [32m200[0m 1281.871 ms - -[0m
2024-07-19 13:11:25 info: [0mGET /api/files/getFiles [32m200[0m 466.789 ms - -[0m
2024-07-19 13:11:31 info: [0mGET /api/files/getFiles [36m304[0m 539.185 ms - -[0m
2024-07-19 13:11:35 info: [0mGET /api/users/getUsers [36m304[0m 3604.556 ms - -[0m
2024-07-19 13:12:20 info: [0mOPTIONS /api/login [32m204[0m 0.272 ms - 0[0m
2024-07-19 13:12:21 info: [0mPOST /api/login [32m200[0m 345.682 ms - -[0m
2024-07-19 13:12:22 info: [0mGET /api/files/getFiles [32m200[0m 792.568 ms - -[0m
2024-07-19 13:12:23 info: [0mGET /api/files/getFiles [36m304[0m 981.191 ms - -[0m
2024-07-19 13:12:24 info: [0mGET /api/users/getUsers [32m200[0m 2950.053 ms - -[0m
2024-07-19 13:12:27 info: [0mGET /api/users/getUsers [36m304[0m 3178.726 ms - -[0m
2024-07-19 13:13:06 info: [0mOPTIONS /api/ia/chat [32m204[0m 0.408 ms - 0[0m
2024-07-19 13:13:07 info: [0mPOST /api/ia/chat [32m200[0m 1231.010 ms - -[0m
2024-07-19 13:13:07 info: [0mOPTIONS /api/files/updateFileById [32m204[0m 0.209 ms - 0[0m
2024-07-19 13:13:07 info: [0mGET /public/An_End-to-End_Platform_for_Managing_Third-party_Risks_in_Oil_Pipelines.pdf [32m200[0m 5.040 ms - 1521772[0m
2024-07-19 13:13:08 info: [0mPOST /api/files/updateFileById [32m200[0m 1564.002 ms - -[0m
2024-07-19 13:13:09 info: [0mGET /api/files/getFiles [32m200[0m 476.153 ms - -[0m
2024-07-19 13:13:22 info: [0mOPTIONS /api/ia/chat [32m204[0m 0.294 ms - 0[0m
2024-07-19 13:13:25 info: [0mPOST /api/ia/chat [32m200[0m 2707.345 ms - -[0m
2024-07-19 13:13:25 info: [0mOPTIONS /api/files/updateFileById [32m204[0m 0.196 ms - 0[0m
2024-07-19 13:13:26 info: [0mGET /public/An_End-to-End_Platform_for_Managing_Third-party_Risks_in_Oil_Pipelines.pdf [32m200[0m 2.491 ms - 1521772[0m
2024-07-19 13:13:26 info: [0mPOST /api/files/updateFileById [32m200[0m 1637.459 ms - -[0m
2024-07-19 13:13:27 info: [0mGET /api/files/getFiles [32m200[0m 533.548 ms - -[0m
2024-07-19 13:14:12 info: [0mOPTIONS /api/ia/chat [32m204[0m 0.227 ms - 0[0m
2024-07-19 13:14:14 info: [0mPOST /api/ia/chat [32m200[0m 1586.764 ms - -[0m
2024-07-19 13:14:14 info: [0mOPTIONS /api/files/updateFileById [32m204[0m 0.134 ms - 0[0m
2024-07-19 13:14:15 info: [0mGET /public/An_End-to-End_Platform_for_Managing_Third-party_Risks_in_Oil_Pipelines.pdf [32m200[0m 3.455 ms - 1521772[0m
2024-07-19 13:14:16 info: [0mPOST /api/files/updateFileById [32m200[0m 1670.200 ms - -[0m
2024-07-19 13:14:16 info: [0mGET /api/files/getFiles [32m200[0m 524.340 ms - -[0m
2024-07-19 13:16:21 info: [0mGET /api/files/getFiles [36m304[0m 599.916 ms - -[0m
2024-07-19 13:16:23 info: [0mGET /api/users/getUsers [36m304[0m 2990.710 ms - -[0m
2024-07-19 13:22:28 info: [0mOPTIONS /api/ia/chat [32m204[0m 0.267 ms - 0[0m
2024-07-19 13:22:31 info: [0mPOST /api/ia/chat [32m200[0m 3807.549 ms - -[0m
2024-07-19 13:22:31 info: [0mOPTIONS /api/files/updateFileById [32m204[0m 0.197 ms - 0[0m
2024-07-19 13:22:32 info: [0mGET /public/Manual%20Harriet%20Lane%20de%20Pediatr%C3%ADa%20-%2022%20Edicion.pdf [32m200[0m 3.707 ms - 85319880[0m
2024-07-19 13:22:32 info: [0mPOST /api/files/updateFileById [32m200[0m 1101.739 ms - -[0m
2024-07-19 13:22:33 info: [0mGET /api/files/getFiles [32m200[0m 535.725 ms - -[0m
2024-07-19 13:26:54 error: [GET] / >> StatusCode:: 404, Message:: ENOENT: no such file or directory, stat 'C:\Users\gorel\Documents\Projects\k-eternal\client\build\index.html'
2024-07-19 13:26:54 info: [0mGET / [33m404[0m 4.711 ms - 131[0m
2024-07-19 13:26:54 error: [GET] /favicon.ico >> StatusCode:: 404, Message:: ENOENT: no such file or directory, stat 'C:\Users\gorel\Documents\Projects\k-eternal\client\build\index.html'
2024-07-19 13:26:54 info: [0mGET /favicon.ico [33m404[0m 2.165 ms - 131[0m
2024-07-19 13:29:46 info: [0mGET / [32m200[0m 2.604 ms - 969[0m
2024-07-19 13:29:46 info: [0mGET /static/css/main.b39cde0b.css [32m200[0m 1.552 ms - -[0m
2024-07-19 13:29:46 info: [0mGET /static/js/main.99b21a9d.js [32m200[0m 2.077 ms - -[0m
2024-07-19 13:29:46 info: [0mGET /assets/botlibre/sdk.js [32m200[0m 59.352 ms - -[0m
2024-07-19 13:29:46 info: [0mGET /static/js/22.75550aa0.chunk.js [32m200[0m 1.265 ms - 869[0m
2024-07-19 13:29:46 info: [0mGET /k-eternal/images/isotipo.png [32m200[0m 17.525 ms - 44293[0m
2024-07-19 13:29:46 info: [0mGET /k-eternal/images/isotipo.png [36m304[0m 3.141 ms - -[0m
2024-07-19 13:29:46 info: [0mGET /static/js/344.1a498bff.chunk.js [32m200[0m 2.435 ms - -[0m
2024-07-19 13:29:46 info: [0mGET /static/js/186.a7e9cafd.chunk.js [32m200[0m 1.531 ms - -[0m
2024-07-19 13:29:48 info: [0mGET /static/media/Poppins-Regular.35d26b781dc5fda684cc.ttf [32m200[0m 4.925 ms - -[0m
2024-07-19 13:29:48 info: [0mGET /static/media/OpenSans-Regular.9a6cfa5890d7f3eef585.ttf [32m200[0m 2.264 ms - -[0m
2024-07-19 13:29:48 info: [0mGET /static/media/Inter-Regular.9ca9ba81e9dcaa12b3a1.ttf [32m200[0m 4.223 ms - -[0m
2024-07-19 13:32:05 info: [0mOPTIONS /api/login [32m204[0m 0.541 ms - 0[0m
2024-07-19 13:32:05 info: [0mPOST /api/login [32m200[0m 392.773 ms - -[0m
2024-07-19 13:32:06 info: [0mGET /api/files/getFiles [36m304[0m 428.671 ms - -[0m
2024-07-19 13:32:06 info: [0mGET /api/files/getFiles [36m304[0m 517.850 ms - -[0m
2024-07-19 13:32:11 info: [0mGET /api/users/getUsers [36m304[0m 5020.276 ms - -[0m
2024-07-19 13:32:14 info: [0mGET /api/users/getUsers [36m304[0m 3219.960 ms - -[0m
2024-07-19 13:32:41 info: [0mOPTIONS /api/ia/chat [32m204[0m 0.286 ms - 0[0m
2024-07-19 13:32:43 info: [0mPOST /api/ia/chat [32m200[0m 2514.510 ms - -[0m
2024-07-19 13:32:43 info: [0mOPTIONS /api/files/updateFileById [32m204[0m 0.244 ms - 0[0m
2024-07-19 13:32:45 info: [0mGET /public/An_End-to-End_Platform_for_Managing_Third-party_Risks_in_Oil_Pipelines.pdf [32m200[0m 3.088 ms - 1521772[0m
2024-07-19 13:32:46 info: [0mPOST /api/files/updateFileById [32m200[0m 2184.647 ms - -[0m
2024-07-19 13:32:47 info: [0mGET /api/files/getFiles [32m200[0m 1261.996 ms - -[0m
2024-07-19 14:29:12 info: [0mGET /api/files/getFiles [36m304[0m 415.258 ms - -[0m
2024-07-19 14:29:15 info: [0mGET /api/users/getUsers [36m304[0m 3406.085 ms - -[0m
2024-07-19 14:29:16 info: [0mOPTIONS /api/verify [32m204[0m 0.280 ms - 0[0m
2024-07-19 14:29:16 info: [0mOPTIONS /api/verify [32m204[0m 0.164 ms - 0[0m
2024-07-19 14:29:16 info: [0mPOST /api/verify [32m200[0m 167.667 ms - 521[0m
2024-07-19 14:29:16 info: [0mPOST /api/verify [32m200[0m 161.488 ms - 521[0m
2024-07-19 14:29:16 info: [0mOPTIONS /api/files/getFilesByUserId [32m204[0m 0.120 ms - 0[0m
2024-07-19 14:29:17 info: [0mPOST /api/files/getFilesByUserId [32m200[0m 538.338 ms - -[0m
2024-07-19 14:29:37 info: [0mOPTIONS /api/files/getFilesByUserId [32m204[0m 0.232 ms - 0[0m
2024-07-19 14:29:38 info: [0mPOST /api/files/getFilesByUserId [32m200[0m 856.261 ms - -[0m
2024-07-19 14:29:40 info: [0mOPTIONS /api/verify [32m204[0m 0.244 ms - 0[0m
2024-07-19 14:29:40 info: [0mOPTIONS /api/verify [32m204[0m 0.135 ms - 0[0m
2024-07-19 14:29:40 info: [0mPOST /api/verify [32m200[0m 147.768 ms - 521[0m
2024-07-19 14:29:40 info: [0mPOST /api/verify [32m200[0m 154.294 ms - 521[0m
2024-07-19 14:29:40 info: [0mPOST /api/files/getFilesByUserId [32m200[0m 484.612 ms - -[0m
2024-07-19 14:29:40 info: [0mPOST /api/files/getFilesByUserId [32m200[0m 495.318 ms - -[0m
2024-07-19 14:30:34 info: [0mOPTIONS /api/login [32m204[0m 0.346 ms - 0[0m
2024-07-19 14:30:34 info: [0mPOST /api/login [32m200[0m 350.173 ms - -[0m
2024-07-19 14:30:34 info: [0mGET /api/files/getFiles [32m200[0m 442.649 ms - -[0m
2024-07-19 14:30:35 info: [0mGET /api/files/getFiles [36m304[0m 753.573 ms - -[0m
2024-07-19 14:30:39 info: [0mGET /api/users/getUsers [32m200[0m 4583.770 ms - -[0m
2024-07-19 14:30:43 info: [0mGET /api/users/getUsers [36m304[0m 4051.947 ms - -[0m
2024-07-19 14:30:53 info: [0mOPTIONS /api/ia/chat [32m204[0m 0.307 ms - 0[0m
2024-07-19 14:30:56 info: [0mPOST /api/ia/chat [32m200[0m 2646.839 ms - -[0m
2024-07-19 14:30:56 info: [0mOPTIONS /api/files/updateFileById [32m204[0m 0.259 ms - 0[0m
2024-07-19 14:30:57 info: [0mGET /public/An_End-to-End_Platform_for_Managing_Third-party_Risks_in_Oil_Pipelines.pdf [32m200[0m 4.287 ms - 1521772[0m
2024-07-19 14:30:57 info: [0mPOST /api/files/updateFileById [32m200[0m 1347.611 ms - -[0m
2024-07-19 14:30:59 info: [0mGET /api/files/getFiles [32m200[0m 1211.551 ms - -[0m
2024-07-19 14:50:55 info: =================================
2024-07-19 14:50:55 info: ======= ENV: development =======
2024-07-19 14:50:55 info: 🚀 App listening on the port 5210
2024-07-19 14:50:55 info: =================================
2024-07-19 14:52:51 info: =================================
2024-07-19 14:52:51 info: ======= ENV: development =======
2024-07-19 14:52:51 info: 🚀 App listening on the port 5210
2024-07-19 14:52:51 info: =================================
2024-07-19 15:24:56 info: =================================
2024-07-19 15:24:56 info: ======= ENV: development =======
2024-07-19 15:24:56 info: 🚀 App listening on the port 5210
2024-07-19 15:24:56 info: =================================
2024-07-19 15:26:24 info: =================================
2024-07-19 15:26:24 info: ======= ENV: development =======
2024-07-19 15:26:24 info: 🚀 App listening on the port 5210
2024-07-19 15:26:24 info: =================================
2024-07-19 15:28:12 info: =================================
2024-07-19 15:28:12 info: ======= ENV: development =======
2024-07-19 15:28:12 info: 🚀 App listening on the port 5210
2024-07-19 15:28:12 info: =================================
2024-07-19 16:13:36 info: [0mGET /api/files/getFiles [32m200[0m 493.473 ms - -[0m
2024-07-19 16:13:38 info: [0mGET /api/users/getUsers [36m304[0m 2779.942 ms - -[0m
