2022-07-10 20:27:13 error: uncaughtException: Cannot overwrite `ServicioTipo` model once compiled.
OverwriteModelError: Cannot overwrite `ServicioTipo` model once compiled.
    at Mongoose.model (C:\Users\gorel\Documents\Tesso\Sigma\Sigma-App\server\node_modules\mongoose\lib\index.js:549:13)
    at Object.<anonymous> (C:\Users\gorel\Documents\Tesso\Sigma\Sigma-App\server\src\models\gestiones.model.ts:23:29)
    at Module._compile (internal/modules/cjs/loader.js:1085:14)
    at Module.m._compile (C:\Users\gorel\Documents\Tesso\Sigma\Sigma-App\server\node_modules\ts-node\src\index.ts:1371:23)
    at Module._extensions..js (internal/modules/cjs/loader.js:1114:10)
    at Object.require.extensions.<computed> [as .ts] (C:\Users\gorel\Documents\Tesso\Sigma\Sigma-App\server\node_modules\ts-node\src\index.ts:1374:12)
    at Module.load (internal/modules/cjs/loader.js:950:32)
    at Function.Module._load (internal/modules/cjs/loader.js:790:12)
    at Module.require (internal/modules/cjs/loader.js:974:19)
    at require (internal/modules/cjs/helpers.js:93:18)
    at Object.<anonymous> (C:\Users\gorel\Documents\Tesso\Sigma\Sigma-App\server\src\services\servicio.service.ts:7:1)
    at Module._compile (internal/modules/cjs/loader.js:1085:14)
    at Module.m._compile (C:\Users\gorel\Documents\Tesso\Sigma\Sigma-App\server\node_modules\ts-node\src\index.ts:1371:23)
    at Module._extensions..js (internal/modules/cjs/loader.js:1114:10)
    at Object.require.extensions.<computed> [as .ts] (C:\Users\gorel\Documents\Tesso\Sigma\Sigma-App\server\node_modules\ts-node\src\index.ts:1374:12)
    at Module.load (internal/modules/cjs/loader.js:950:32)
2022-07-10 20:28:26 error: uncaughtException: Cannot overwrite `ServicioTipo` model once compiled.
OverwriteModelError: Cannot overwrite `ServicioTipo` model once compiled.
    at Mongoose.model (C:\Users\gorel\Documents\Tesso\Sigma\Sigma-App\server\node_modules\mongoose\lib\index.js:549:13)
    at Object.<anonymous> (C:\Users\gorel\Documents\Tesso\Sigma\Sigma-App\server\src\models\gestiones.model.ts:23:29)
    at Module._compile (internal/modules/cjs/loader.js:1085:14)
    at Module.m._compile (C:\Users\gorel\Documents\Tesso\Sigma\Sigma-App\server\node_modules\ts-node\src\index.ts:1371:23)
    at Module._extensions..js (internal/modules/cjs/loader.js:1114:10)
    at Object.require.extensions.<computed> [as .ts] (C:\Users\gorel\Documents\Tesso\Sigma\Sigma-App\server\node_modules\ts-node\src\index.ts:1374:12)
    at Module.load (internal/modules/cjs/loader.js:950:32)
    at Function.Module._load (internal/modules/cjs/loader.js:790:12)
    at Module.require (internal/modules/cjs/loader.js:974:19)
    at require (internal/modules/cjs/helpers.js:93:18)
    at Object.<anonymous> (C:\Users\gorel\Documents\Tesso\Sigma\Sigma-App\server\src\services\servicio.service.ts:7:1)
    at Module._compile (internal/modules/cjs/loader.js:1085:14)
    at Module.m._compile (C:\Users\gorel\Documents\Tesso\Sigma\Sigma-App\server\node_modules\ts-node\src\index.ts:1371:23)
    at Module._extensions..js (internal/modules/cjs/loader.js:1114:10)
    at Object.require.extensions.<computed> [as .ts] (C:\Users\gorel\Documents\Tesso\Sigma\Sigma-App\server\node_modules\ts-node\src\index.ts:1374:12)
    at Module.load (internal/modules/cjs/loader.js:950:32)
2022-07-10 20:36:56 error: uncaughtException: Cannot overwrite `ServicioTipo` model once compiled.
OverwriteModelError: Cannot overwrite `ServicioTipo` model once compiled.
    at Mongoose.model (C:\Users\gorel\Documents\Tesso\Sigma\Sigma-App\server\node_modules\mongoose\lib\index.js:549:13)
    at Object.<anonymous> (C:\Users\gorel\Documents\Tesso\Sigma\Sigma-App\server\src\models\gestiones.model.ts:23:29)
    at Module._compile (internal/modules/cjs/loader.js:1085:14)
    at Module.m._compile (C:\Users\gorel\Documents\Tesso\Sigma\Sigma-App\server\node_modules\ts-node\src\index.ts:1371:23)
    at Module._extensions..js (internal/modules/cjs/loader.js:1114:10)
    at Object.require.extensions.<computed> [as .ts] (C:\Users\gorel\Documents\Tesso\Sigma\Sigma-App\server\node_modules\ts-node\src\index.ts:1374:12)
    at Module.load (internal/modules/cjs/loader.js:950:32)
    at Function.Module._load (internal/modules/cjs/loader.js:790:12)
    at Module.require (internal/modules/cjs/loader.js:974:19)
    at require (internal/modules/cjs/helpers.js:93:18)
    at Object.<anonymous> (C:\Users\gorel\Documents\Tesso\Sigma\Sigma-App\server\src\services\servicio.service.ts:7:1)
    at Module._compile (internal/modules/cjs/loader.js:1085:14)
    at Module.m._compile (C:\Users\gorel\Documents\Tesso\Sigma\Sigma-App\server\node_modules\ts-node\src\index.ts:1371:23)
    at Module._extensions..js (internal/modules/cjs/loader.js:1114:10)
    at Object.require.extensions.<computed> [as .ts] (C:\Users\gorel\Documents\Tesso\Sigma\Sigma-App\server\node_modules\ts-node\src\index.ts:1374:12)
    at Module.load (internal/modules/cjs/loader.js:950:32)
