2022-07-03 19:25:42 error: uncaughtException: listen EADDRINUSE: address already in use :::5100
Error: listen EADDRINUSE: address already in use :::5100
    at Server.setupListenHandle [as _listen2] (net.js:1331:16)
    at listenInCluster (net.js:1379:12)
    at Server.listen (net.js:1465:7)
    at Function.listen (C:\Users\gorel\Documents\Tesso\Sigma\Sigma-App\server\node_modules\express\lib\application.js:618:24)
    at listen (C:\Users\gorel\Documents\Tesso\Sigma\Sigma-App\server\src\app.ts:28:9)
    at App (C:\Users\gorel\Documents\Tesso\Sigma\Sigma-App\server\src\app.ts:109:5)
    at startServer (C:\Users\gorel\Documents\Tesso\Sigma\Sigma-App\server\src\server.ts:20:8)
    at Object.<anonymous> (C:\Users\gorel\Documents\Tesso\Sigma\Sigma-App\server\src\server.ts:26:1)
    at Module._compile (internal/modules/cjs/loader.js:1085:14)
    at Module.m._compile (C:\Users\gorel\Documents\Tesso\Sigma\Sigma-App\server\node_modules\ts-node\src\index.ts:1371:23)
    at Module._extensions..js (internal/modules/cjs/loader.js:1114:10)
    at Object.require.extensions.<computed> [as .ts] (C:\Users\gorel\Documents\Tesso\Sigma\Sigma-App\server\node_modules\ts-node\src\index.ts:1374:12)
    at Module.load (internal/modules/cjs/loader.js:950:32)
    at Function.Module._load (internal/modules/cjs/loader.js:790:12)
    at Function.executeUserEntryPoint [as runMain] (internal/modules/run_main.js:76:12)
    at main (C:\Users\gorel\Documents\Tesso\Sigma\Sigma-App\server\node_modules\ts-node\src\bin.ts:331:12)
2022-07-03 19:26:23 error: uncaughtException: listen EADDRINUSE: address already in use :::5100
Error: listen EADDRINUSE: address already in use :::5100
    at Server.setupListenHandle [as _listen2] (net.js:1331:16)
    at listenInCluster (net.js:1379:12)
    at Server.listen (net.js:1465:7)
    at Function.listen (C:\Users\gorel\Documents\Tesso\Sigma\Sigma-App\server\node_modules\express\lib\application.js:618:24)
    at listen (C:\Users\gorel\Documents\Tesso\Sigma\Sigma-App\server\src\app.ts:28:9)
    at App (C:\Users\gorel\Documents\Tesso\Sigma\Sigma-App\server\src\app.ts:109:5)
    at startServer (C:\Users\gorel\Documents\Tesso\Sigma\Sigma-App\server\src\server.ts:20:8)
    at Object.<anonymous> (C:\Users\gorel\Documents\Tesso\Sigma\Sigma-App\server\src\server.ts:26:1)
    at Module._compile (internal/modules/cjs/loader.js:1085:14)
    at Module.m._compile (C:\Users\gorel\Documents\Tesso\Sigma\Sigma-App\server\node_modules\ts-node\src\index.ts:1371:23)
    at Module._extensions..js (internal/modules/cjs/loader.js:1114:10)
    at Object.require.extensions.<computed> [as .ts] (C:\Users\gorel\Documents\Tesso\Sigma\Sigma-App\server\node_modules\ts-node\src\index.ts:1374:12)
    at Module.load (internal/modules/cjs/loader.js:950:32)
    at Function.Module._load (internal/modules/cjs/loader.js:790:12)
    at Function.executeUserEntryPoint [as runMain] (internal/modules/run_main.js:76:12)
    at main (C:\Users\gorel\Documents\Tesso\Sigma\Sigma-App\server\node_modules\ts-node\src\bin.ts:331:12)
2022-07-03 19:29:02 error: uncaughtException: listen EADDRINUSE: address already in use :::5100
Error: listen EADDRINUSE: address already in use :::5100
    at Server.setupListenHandle [as _listen2] (net.js:1331:16)
    at listenInCluster (net.js:1379:12)
    at Server.listen (net.js:1465:7)
    at Function.listen (C:\Users\gorel\Documents\Tesso\Sigma\Sigma-App\server\node_modules\express\lib\application.js:618:24)
    at listen (C:\Users\gorel\Documents\Tesso\Sigma\Sigma-App\server\src\app.ts:28:9)
    at App (C:\Users\gorel\Documents\Tesso\Sigma\Sigma-App\server\src\app.ts:109:5)
    at startServer (C:\Users\gorel\Documents\Tesso\Sigma\Sigma-App\server\src\server.ts:20:8)
    at Object.<anonymous> (C:\Users\gorel\Documents\Tesso\Sigma\Sigma-App\server\src\server.ts:26:1)
    at Module._compile (internal/modules/cjs/loader.js:1085:14)
    at Module.m._compile (C:\Users\gorel\Documents\Tesso\Sigma\Sigma-App\server\node_modules\ts-node\src\index.ts:1371:23)
    at Module._extensions..js (internal/modules/cjs/loader.js:1114:10)
    at Object.require.extensions.<computed> [as .ts] (C:\Users\gorel\Documents\Tesso\Sigma\Sigma-App\server\node_modules\ts-node\src\index.ts:1374:12)
    at Module.load (internal/modules/cjs/loader.js:950:32)
    at Function.Module._load (internal/modules/cjs/loader.js:790:12)
    at Function.executeUserEntryPoint [as runMain] (internal/modules/run_main.js:76:12)
    at main (C:\Users\gorel\Documents\Tesso\Sigma\Sigma-App\server\node_modules\ts-node\src\bin.ts:331:12)
2022-07-03 19:31:02 error: uncaughtException: listen EADDRINUSE: address already in use :::5100
Error: listen EADDRINUSE: address already in use :::5100
    at Server.setupListenHandle [as _listen2] (net.js:1331:16)
    at listenInCluster (net.js:1379:12)
    at Server.listen (net.js:1465:7)
    at Function.listen (C:\Users\gorel\Documents\Tesso\Sigma\Sigma-App\server\node_modules\express\lib\application.js:618:24)
    at listen (C:\Users\gorel\Documents\Tesso\Sigma\Sigma-App\server\src\app.ts:28:9)
    at App (C:\Users\gorel\Documents\Tesso\Sigma\Sigma-App\server\src\app.ts:109:5)
    at startServer (C:\Users\gorel\Documents\Tesso\Sigma\Sigma-App\server\src\server.ts:20:8)
    at Object.<anonymous> (C:\Users\gorel\Documents\Tesso\Sigma\Sigma-App\server\src\server.ts:26:1)
    at Module._compile (internal/modules/cjs/loader.js:1085:14)
    at Module.m._compile (C:\Users\gorel\Documents\Tesso\Sigma\Sigma-App\server\node_modules\ts-node\src\index.ts:1371:23)
    at Module._extensions..js (internal/modules/cjs/loader.js:1114:10)
    at Object.require.extensions.<computed> [as .ts] (C:\Users\gorel\Documents\Tesso\Sigma\Sigma-App\server\node_modules\ts-node\src\index.ts:1374:12)
    at Module.load (internal/modules/cjs/loader.js:950:32)
    at Function.Module._load (internal/modules/cjs/loader.js:790:12)
    at Function.executeUserEntryPoint [as runMain] (internal/modules/run_main.js:76:12)
    at main (C:\Users\gorel\Documents\Tesso\Sigma\Sigma-App\server\node_modules\ts-node\src\bin.ts:331:12)
2022-07-03 19:32:38 error: uncaughtException: listen EADDRINUSE: address already in use :::5100
Error: listen EADDRINUSE: address already in use :::5100
    at Server.setupListenHandle [as _listen2] (net.js:1331:16)
    at listenInCluster (net.js:1379:12)
    at Server.listen (net.js:1465:7)
    at Function.listen (C:\Users\gorel\Documents\Tesso\Sigma\Sigma-App\server\node_modules\express\lib\application.js:618:24)
    at listen (C:\Users\gorel\Documents\Tesso\Sigma\Sigma-App\server\src\app.ts:28:9)
    at App (C:\Users\gorel\Documents\Tesso\Sigma\Sigma-App\server\src\app.ts:109:5)
    at startServer (C:\Users\gorel\Documents\Tesso\Sigma\Sigma-App\server\src\server.ts:20:8)
    at Object.<anonymous> (C:\Users\gorel\Documents\Tesso\Sigma\Sigma-App\server\src\server.ts:26:1)
    at Module._compile (internal/modules/cjs/loader.js:1085:14)
    at Module.m._compile (C:\Users\gorel\Documents\Tesso\Sigma\Sigma-App\server\node_modules\ts-node\src\index.ts:1371:23)
    at Module._extensions..js (internal/modules/cjs/loader.js:1114:10)
    at Object.require.extensions.<computed> [as .ts] (C:\Users\gorel\Documents\Tesso\Sigma\Sigma-App\server\node_modules\ts-node\src\index.ts:1374:12)
    at Module.load (internal/modules/cjs/loader.js:950:32)
    at Function.Module._load (internal/modules/cjs/loader.js:790:12)
    at Function.executeUserEntryPoint [as runMain] (internal/modules/run_main.js:76:12)
    at main (C:\Users\gorel\Documents\Tesso\Sigma\Sigma-App\server\node_modules\ts-node\src\bin.ts:331:12)
2022-07-03 19:33:31 error: uncaughtException: listen EADDRINUSE: address already in use :::5100
Error: listen EADDRINUSE: address already in use :::5100
    at Server.setupListenHandle [as _listen2] (net.js:1331:16)
    at listenInCluster (net.js:1379:12)
    at Server.listen (net.js:1465:7)
    at Function.listen (C:\Users\gorel\Documents\Tesso\Sigma\Sigma-App\server\node_modules\express\lib\application.js:618:24)
    at listen (C:\Users\gorel\Documents\Tesso\Sigma\Sigma-App\server\src\app.ts:28:9)
    at App (C:\Users\gorel\Documents\Tesso\Sigma\Sigma-App\server\src\app.ts:109:5)
    at startServer (C:\Users\gorel\Documents\Tesso\Sigma\Sigma-App\server\src\server.ts:20:8)
    at Object.<anonymous> (C:\Users\gorel\Documents\Tesso\Sigma\Sigma-App\server\src\server.ts:26:1)
    at Module._compile (internal/modules/cjs/loader.js:1085:14)
    at Module.m._compile (C:\Users\gorel\Documents\Tesso\Sigma\Sigma-App\server\node_modules\ts-node\src\index.ts:1371:23)
    at Module._extensions..js (internal/modules/cjs/loader.js:1114:10)
    at Object.require.extensions.<computed> [as .ts] (C:\Users\gorel\Documents\Tesso\Sigma\Sigma-App\server\node_modules\ts-node\src\index.ts:1374:12)
    at Module.load (internal/modules/cjs/loader.js:950:32)
    at Function.Module._load (internal/modules/cjs/loader.js:790:12)
    at Function.executeUserEntryPoint [as runMain] (internal/modules/run_main.js:76:12)
    at main (C:\Users\gorel\Documents\Tesso\Sigma\Sigma-App\server\node_modules\ts-node\src\bin.ts:331:12)
2022-07-03 19:34:10 error: uncaughtException: listen EADDRINUSE: address already in use :::5100
Error: listen EADDRINUSE: address already in use :::5100
    at Server.setupListenHandle [as _listen2] (net.js:1331:16)
    at listenInCluster (net.js:1379:12)
    at Server.listen (net.js:1465:7)
    at Function.listen (C:\Users\gorel\Documents\Tesso\Sigma\Sigma-App\server\node_modules\express\lib\application.js:618:24)
    at listen (C:\Users\gorel\Documents\Tesso\Sigma\Sigma-App\server\src\app.ts:28:9)
    at App (C:\Users\gorel\Documents\Tesso\Sigma\Sigma-App\server\src\app.ts:109:5)
    at startServer (C:\Users\gorel\Documents\Tesso\Sigma\Sigma-App\server\src\server.ts:20:8)
    at Object.<anonymous> (C:\Users\gorel\Documents\Tesso\Sigma\Sigma-App\server\src\server.ts:26:1)
    at Module._compile (internal/modules/cjs/loader.js:1085:14)
    at Module.m._compile (C:\Users\gorel\Documents\Tesso\Sigma\Sigma-App\server\node_modules\ts-node\src\index.ts:1371:23)
    at Module._extensions..js (internal/modules/cjs/loader.js:1114:10)
    at Object.require.extensions.<computed> [as .ts] (C:\Users\gorel\Documents\Tesso\Sigma\Sigma-App\server\node_modules\ts-node\src\index.ts:1374:12)
    at Module.load (internal/modules/cjs/loader.js:950:32)
    at Function.Module._load (internal/modules/cjs/loader.js:790:12)
    at Function.executeUserEntryPoint [as runMain] (internal/modules/run_main.js:76:12)
    at main (C:\Users\gorel\Documents\Tesso\Sigma\Sigma-App\server\node_modules\ts-node\src\bin.ts:331:12)
2022-07-03 19:34:26 error: uncaughtException: listen EADDRINUSE: address already in use :::5100
Error: listen EADDRINUSE: address already in use :::5100
    at Server.setupListenHandle [as _listen2] (net.js:1331:16)
    at listenInCluster (net.js:1379:12)
    at Server.listen (net.js:1465:7)
    at Function.listen (C:\Users\gorel\Documents\Tesso\Sigma\Sigma-App\server\node_modules\express\lib\application.js:618:24)
    at listen (C:\Users\gorel\Documents\Tesso\Sigma\Sigma-App\server\src\app.ts:28:9)
    at App (C:\Users\gorel\Documents\Tesso\Sigma\Sigma-App\server\src\app.ts:109:5)
    at startServer (C:\Users\gorel\Documents\Tesso\Sigma\Sigma-App\server\src\server.ts:20:8)
    at Object.<anonymous> (C:\Users\gorel\Documents\Tesso\Sigma\Sigma-App\server\src\server.ts:26:1)
    at Module._compile (internal/modules/cjs/loader.js:1085:14)
    at Module.m._compile (C:\Users\gorel\Documents\Tesso\Sigma\Sigma-App\server\node_modules\ts-node\src\index.ts:1371:23)
    at Module._extensions..js (internal/modules/cjs/loader.js:1114:10)
    at Object.require.extensions.<computed> [as .ts] (C:\Users\gorel\Documents\Tesso\Sigma\Sigma-App\server\node_modules\ts-node\src\index.ts:1374:12)
    at Module.load (internal/modules/cjs/loader.js:950:32)
    at Function.Module._load (internal/modules/cjs/loader.js:790:12)
    at Function.executeUserEntryPoint [as runMain] (internal/modules/run_main.js:76:12)
    at main (C:\Users\gorel\Documents\Tesso\Sigma\Sigma-App\server\node_modules\ts-node\src\bin.ts:331:12)
2022-07-03 19:36:27 error: uncaughtException: listen EADDRINUSE: address already in use :::5100
Error: listen EADDRINUSE: address already in use :::5100
    at Server.setupListenHandle [as _listen2] (net.js:1331:16)
    at listenInCluster (net.js:1379:12)
    at Server.listen (net.js:1465:7)
    at Function.listen (C:\Users\gorel\Documents\Tesso\Sigma\Sigma-App\server\node_modules\express\lib\application.js:618:24)
    at App (C:\Users\gorel\Documents\Tesso\Sigma\Sigma-App\server\src\app.ts:96:9)
    at startServer (C:\Users\gorel\Documents\Tesso\Sigma\Sigma-App\server\src\server.ts:20:8)
    at Object.<anonymous> (C:\Users\gorel\Documents\Tesso\Sigma\Sigma-App\server\src\server.ts:26:1)
    at Module._compile (internal/modules/cjs/loader.js:1085:14)
    at Module.m._compile (C:\Users\gorel\Documents\Tesso\Sigma\Sigma-App\server\node_modules\ts-node\src\index.ts:1371:23)
    at Module._extensions..js (internal/modules/cjs/loader.js:1114:10)
    at Object.require.extensions.<computed> [as .ts] (C:\Users\gorel\Documents\Tesso\Sigma\Sigma-App\server\node_modules\ts-node\src\index.ts:1374:12)
    at Module.load (internal/modules/cjs/loader.js:950:32)
    at Function.Module._load (internal/modules/cjs/loader.js:790:12)
    at Function.executeUserEntryPoint [as runMain] (internal/modules/run_main.js:76:12)
    at main (C:\Users\gorel\Documents\Tesso\Sigma\Sigma-App\server\node_modules\ts-node\src\bin.ts:331:12)
    at Object.<anonymous> (C:\Users\gorel\Documents\Tesso\Sigma\Sigma-App\server\node_modules\ts-node\src\bin.ts:482:3)
2022-07-03 19:38:40 error: uncaughtException: listen EADDRINUSE: address already in use :::5100
Error: listen EADDRINUSE: address already in use :::5100
    at Server.setupListenHandle [as _listen2] (net.js:1331:16)
    at listenInCluster (net.js:1379:12)
    at Server.listen (net.js:1465:7)
    at Function.listen (C:\Users\gorel\Documents\Tesso\Sigma\Sigma-App\server\node_modules\express\lib\application.js:618:24)
    at App (C:\Users\gorel\Documents\Tesso\Sigma\Sigma-App\server\src\app.ts:96:9)
    at startServer (C:\Users\gorel\Documents\Tesso\Sigma\Sigma-App\server\src\server.ts:20:8)
    at Object.<anonymous> (C:\Users\gorel\Documents\Tesso\Sigma\Sigma-App\server\src\server.ts:23:1)
    at Module._compile (internal/modules/cjs/loader.js:1085:14)
    at Module.m._compile (C:\Users\gorel\Documents\Tesso\Sigma\Sigma-App\server\node_modules\ts-node\src\index.ts:1371:23)
    at Module._extensions..js (internal/modules/cjs/loader.js:1114:10)
    at Object.require.extensions.<computed> [as .ts] (C:\Users\gorel\Documents\Tesso\Sigma\Sigma-App\server\node_modules\ts-node\src\index.ts:1374:12)
    at Module.load (internal/modules/cjs/loader.js:950:32)
    at Function.Module._load (internal/modules/cjs/loader.js:790:12)
    at Function.executeUserEntryPoint [as runMain] (internal/modules/run_main.js:76:12)
    at main (C:\Users\gorel\Documents\Tesso\Sigma\Sigma-App\server\node_modules\ts-node\src\bin.ts:331:12)
    at Object.<anonymous> (C:\Users\gorel\Documents\Tesso\Sigma\Sigma-App\server\node_modules\ts-node\src\bin.ts:482:3)
2022-07-03 19:40:02 error: uncaughtException: listen EADDRINUSE: address already in use :::5100
Error: listen EADDRINUSE: address already in use :::5100
    at Server.setupListenHandle [as _listen2] (net.js:1331:16)
    at listenInCluster (net.js:1379:12)
    at Server.listen (net.js:1465:7)
    at Function.listen (C:\Users\gorel\Documents\Tesso\Sigma\Sigma-App\server\node_modules\express\lib\application.js:618:24)
    at App (C:\Users\gorel\Documents\Tesso\Sigma\Sigma-App\server\src\app.ts:96:9)
    at startServer (C:\Users\gorel\Documents\Tesso\Sigma\Sigma-App\server\src\server.ts:20:8)
    at Object.<anonymous> (C:\Users\gorel\Documents\Tesso\Sigma\Sigma-App\server\src\server.ts:23:1)
    at Module._compile (internal/modules/cjs/loader.js:1085:14)
    at Module.m._compile (C:\Users\gorel\Documents\Tesso\Sigma\Sigma-App\server\node_modules\ts-node\src\index.ts:1371:23)
    at Module._extensions..js (internal/modules/cjs/loader.js:1114:10)
    at Object.require.extensions.<computed> [as .ts] (C:\Users\gorel\Documents\Tesso\Sigma\Sigma-App\server\node_modules\ts-node\src\index.ts:1374:12)
    at Module.load (internal/modules/cjs/loader.js:950:32)
    at Function.Module._load (internal/modules/cjs/loader.js:790:12)
    at Function.executeUserEntryPoint [as runMain] (internal/modules/run_main.js:76:12)
    at main (C:\Users\gorel\Documents\Tesso\Sigma\Sigma-App\server\node_modules\ts-node\src\bin.ts:331:12)
    at Object.<anonymous> (C:\Users\gorel\Documents\Tesso\Sigma\Sigma-App\server\node_modules\ts-node\src\bin.ts:482:3)
2022-07-03 19:40:58 error: uncaughtException: listen EADDRINUSE: address already in use :::5100
Error: listen EADDRINUSE: address already in use :::5100
    at Server.setupListenHandle [as _listen2] (net.js:1331:16)
    at listenInCluster (net.js:1379:12)
    at Server.listen (net.js:1465:7)
    at Function.listen (C:\Users\gorel\Documents\Tesso\Sigma\Sigma-App\server\node_modules\express\lib\application.js:618:24)
    at App (C:\Users\gorel\Documents\Tesso\Sigma\Sigma-App\server\src\app.ts:96:9)
    at startServer (C:\Users\gorel\Documents\Tesso\Sigma\Sigma-App\server\src\server.ts:20:8)
    at Object.<anonymous> (C:\Users\gorel\Documents\Tesso\Sigma\Sigma-App\server\src\server.ts:23:1)
    at Module._compile (internal/modules/cjs/loader.js:1085:14)
    at Module.m._compile (C:\Users\gorel\Documents\Tesso\Sigma\Sigma-App\server\node_modules\ts-node\src\index.ts:1371:23)
    at Module._extensions..js (internal/modules/cjs/loader.js:1114:10)
    at Object.require.extensions.<computed> [as .ts] (C:\Users\gorel\Documents\Tesso\Sigma\Sigma-App\server\node_modules\ts-node\src\index.ts:1374:12)
    at Module.load (internal/modules/cjs/loader.js:950:32)
    at Function.Module._load (internal/modules/cjs/loader.js:790:12)
    at Function.executeUserEntryPoint [as runMain] (internal/modules/run_main.js:76:12)
    at main (C:\Users\gorel\Documents\Tesso\Sigma\Sigma-App\server\node_modules\ts-node\src\bin.ts:331:12)
    at Object.<anonymous> (C:\Users\gorel\Documents\Tesso\Sigma\Sigma-App\server\node_modules\ts-node\src\bin.ts:482:3)
2022-07-03 19:41:40 error: uncaughtException: listen EADDRINUSE: address already in use :::5100
Error: listen EADDRINUSE: address already in use :::5100
    at Server.setupListenHandle [as _listen2] (net.js:1331:16)
    at listenInCluster (net.js:1379:12)
    at Server.listen (net.js:1465:7)
    at Function.listen (C:\Users\gorel\Documents\Tesso\Sigma\Sigma-App\server\node_modules\express\lib\application.js:618:24)
    at App (C:\Users\gorel\Documents\Tesso\Sigma\Sigma-App\server\src\app.ts:96:9)
    at startServer (C:\Users\gorel\Documents\Tesso\Sigma\Sigma-App\server\src\server.ts:20:8)
    at Object.<anonymous> (C:\Users\gorel\Documents\Tesso\Sigma\Sigma-App\server\src\server.ts:23:1)
    at Module._compile (internal/modules/cjs/loader.js:1085:14)
    at Module.m._compile (C:\Users\gorel\Documents\Tesso\Sigma\Sigma-App\server\node_modules\ts-node\src\index.ts:1371:23)
    at Module._extensions..js (internal/modules/cjs/loader.js:1114:10)
    at Object.require.extensions.<computed> [as .ts] (C:\Users\gorel\Documents\Tesso\Sigma\Sigma-App\server\node_modules\ts-node\src\index.ts:1374:12)
    at Module.load (internal/modules/cjs/loader.js:950:32)
    at Function.Module._load (internal/modules/cjs/loader.js:790:12)
    at Function.executeUserEntryPoint [as runMain] (internal/modules/run_main.js:76:12)
    at main (C:\Users\gorel\Documents\Tesso\Sigma\Sigma-App\server\node_modules\ts-node\src\bin.ts:331:12)
    at Object.<anonymous> (C:\Users\gorel\Documents\Tesso\Sigma\Sigma-App\server\node_modules\ts-node\src\bin.ts:482:3)
2022-07-03 19:42:49 error: uncaughtException: listen EADDRINUSE: address already in use :::5100
Error: listen EADDRINUSE: address already in use :::5100
    at Server.setupListenHandle [as _listen2] (net.js:1331:16)
    at listenInCluster (net.js:1379:12)
    at Server.listen (net.js:1465:7)
    at Function.listen (C:\Users\gorel\Documents\Tesso\Sigma\Sigma-App\server\node_modules\express\lib\application.js:618:24)
    at App (C:\Users\gorel\Documents\Tesso\Sigma\Sigma-App\server\src\app.ts:96:9)
    at startServer (C:\Users\gorel\Documents\Tesso\Sigma\Sigma-App\server\src\server.ts:20:8)
    at Object.<anonymous> (C:\Users\gorel\Documents\Tesso\Sigma\Sigma-App\server\src\server.ts:23:1)
    at Module._compile (internal/modules/cjs/loader.js:1085:14)
    at Module.m._compile (C:\Users\gorel\Documents\Tesso\Sigma\Sigma-App\server\node_modules\ts-node\src\index.ts:1371:23)
    at Module._extensions..js (internal/modules/cjs/loader.js:1114:10)
    at Object.require.extensions.<computed> [as .ts] (C:\Users\gorel\Documents\Tesso\Sigma\Sigma-App\server\node_modules\ts-node\src\index.ts:1374:12)
    at Module.load (internal/modules/cjs/loader.js:950:32)
    at Function.Module._load (internal/modules/cjs/loader.js:790:12)
    at Function.executeUserEntryPoint [as runMain] (internal/modules/run_main.js:76:12)
    at main (C:\Users\gorel\Documents\Tesso\Sigma\Sigma-App\server\node_modules\ts-node\src\bin.ts:331:12)
    at Object.<anonymous> (C:\Users\gorel\Documents\Tesso\Sigma\Sigma-App\server\node_modules\ts-node\src\bin.ts:482:3)
2022-07-03 19:43:31 error: uncaughtException: listen EADDRINUSE: address already in use :::5100
Error: listen EADDRINUSE: address already in use :::5100
    at Server.setupListenHandle [as _listen2] (net.js:1331:16)
    at listenInCluster (net.js:1379:12)
    at Server.listen (net.js:1465:7)
    at Function.listen (C:\Users\gorel\Documents\Tesso\Sigma\Sigma-App\server\node_modules\express\lib\application.js:618:24)
    at App (C:\Users\gorel\Documents\Tesso\Sigma\Sigma-App\server\src\app.ts:96:9)
    at startServer (C:\Users\gorel\Documents\Tesso\Sigma\Sigma-App\server\src\server.ts:20:8)
    at Object.<anonymous> (C:\Users\gorel\Documents\Tesso\Sigma\Sigma-App\server\src\server.ts:23:1)
    at Module._compile (internal/modules/cjs/loader.js:1085:14)
    at Module.m._compile (C:\Users\gorel\Documents\Tesso\Sigma\Sigma-App\server\node_modules\ts-node\src\index.ts:1371:23)
    at Module._extensions..js (internal/modules/cjs/loader.js:1114:10)
    at Object.require.extensions.<computed> [as .ts] (C:\Users\gorel\Documents\Tesso\Sigma\Sigma-App\server\node_modules\ts-node\src\index.ts:1374:12)
    at Module.load (internal/modules/cjs/loader.js:950:32)
    at Function.Module._load (internal/modules/cjs/loader.js:790:12)
    at Function.executeUserEntryPoint [as runMain] (internal/modules/run_main.js:76:12)
    at main (C:\Users\gorel\Documents\Tesso\Sigma\Sigma-App\server\node_modules\ts-node\src\bin.ts:331:12)
    at Object.<anonymous> (C:\Users\gorel\Documents\Tesso\Sigma\Sigma-App\server\node_modules\ts-node\src\bin.ts:482:3)
2022-07-03 19:43:53 error: uncaughtException: listen EADDRINUSE: address already in use :::5100
Error: listen EADDRINUSE: address already in use :::5100
    at Server.setupListenHandle [as _listen2] (net.js:1331:16)
    at listenInCluster (net.js:1379:12)
    at Server.listen (net.js:1465:7)
    at Function.listen (C:\Users\gorel\Documents\Tesso\Sigma\Sigma-App\server\node_modules\express\lib\application.js:618:24)
    at App (C:\Users\gorel\Documents\Tesso\Sigma\Sigma-App\server\src\app.ts:96:9)
    at startServer (C:\Users\gorel\Documents\Tesso\Sigma\Sigma-App\server\src\server.ts:20:8)
    at Object.<anonymous> (C:\Users\gorel\Documents\Tesso\Sigma\Sigma-App\server\src\server.ts:23:1)
    at Module._compile (internal/modules/cjs/loader.js:1085:14)
    at Module.m._compile (C:\Users\gorel\Documents\Tesso\Sigma\Sigma-App\server\node_modules\ts-node\src\index.ts:1371:23)
    at Module._extensions..js (internal/modules/cjs/loader.js:1114:10)
    at Object.require.extensions.<computed> [as .ts] (C:\Users\gorel\Documents\Tesso\Sigma\Sigma-App\server\node_modules\ts-node\src\index.ts:1374:12)
    at Module.load (internal/modules/cjs/loader.js:950:32)
    at Function.Module._load (internal/modules/cjs/loader.js:790:12)
    at Function.executeUserEntryPoint [as runMain] (internal/modules/run_main.js:76:12)
    at main (C:\Users\gorel\Documents\Tesso\Sigma\Sigma-App\server\node_modules\ts-node\src\bin.ts:331:12)
    at Object.<anonymous> (C:\Users\gorel\Documents\Tesso\Sigma\Sigma-App\server\node_modules\ts-node\src\bin.ts:482:3)
2022-07-03 19:44:09 error: uncaughtException: listen EADDRINUSE: address already in use :::5100
Error: listen EADDRINUSE: address already in use :::5100
    at Server.setupListenHandle [as _listen2] (net.js:1331:16)
    at listenInCluster (net.js:1379:12)
    at Server.listen (net.js:1465:7)
    at Function.listen (C:\Users\gorel\Documents\Tesso\Sigma\Sigma-App\server\node_modules\express\lib\application.js:618:24)
    at App (C:\Users\gorel\Documents\Tesso\Sigma\Sigma-App\server\src\app.ts:96:9)
    at startServer (C:\Users\gorel\Documents\Tesso\Sigma\Sigma-App\server\src\server.ts:20:8)
    at Object.<anonymous> (C:\Users\gorel\Documents\Tesso\Sigma\Sigma-App\server\src\server.ts:23:1)
    at Module._compile (internal/modules/cjs/loader.js:1085:14)
    at Module.m._compile (C:\Users\gorel\Documents\Tesso\Sigma\Sigma-App\server\node_modules\ts-node\src\index.ts:1371:23)
    at Module._extensions..js (internal/modules/cjs/loader.js:1114:10)
    at Object.require.extensions.<computed> [as .ts] (C:\Users\gorel\Documents\Tesso\Sigma\Sigma-App\server\node_modules\ts-node\src\index.ts:1374:12)
    at Module.load (internal/modules/cjs/loader.js:950:32)
    at Function.Module._load (internal/modules/cjs/loader.js:790:12)
    at Function.executeUserEntryPoint [as runMain] (internal/modules/run_main.js:76:12)
    at main (C:\Users\gorel\Documents\Tesso\Sigma\Sigma-App\server\node_modules\ts-node\src\bin.ts:331:12)
    at Object.<anonymous> (C:\Users\gorel\Documents\Tesso\Sigma\Sigma-App\server\node_modules\ts-node\src\bin.ts:482:3)
2022-07-03 19:44:26 error: uncaughtException: listen EADDRINUSE: address already in use :::5100
Error: listen EADDRINUSE: address already in use :::5100
    at Server.setupListenHandle [as _listen2] (net.js:1331:16)
    at listenInCluster (net.js:1379:12)
    at Server.listen (net.js:1465:7)
    at Function.listen (C:\Users\gorel\Documents\Tesso\Sigma\Sigma-App\server\node_modules\express\lib\application.js:618:24)
    at App (C:\Users\gorel\Documents\Tesso\Sigma\Sigma-App\server\src\app.ts:96:9)
    at startServer (C:\Users\gorel\Documents\Tesso\Sigma\Sigma-App\server\src\server.ts:20:8)
    at Object.<anonymous> (C:\Users\gorel\Documents\Tesso\Sigma\Sigma-App\server\src\server.ts:23:1)
    at Module._compile (internal/modules/cjs/loader.js:1085:14)
    at Module.m._compile (C:\Users\gorel\Documents\Tesso\Sigma\Sigma-App\server\node_modules\ts-node\src\index.ts:1371:23)
    at Module._extensions..js (internal/modules/cjs/loader.js:1114:10)
    at Object.require.extensions.<computed> [as .ts] (C:\Users\gorel\Documents\Tesso\Sigma\Sigma-App\server\node_modules\ts-node\src\index.ts:1374:12)
    at Module.load (internal/modules/cjs/loader.js:950:32)
    at Function.Module._load (internal/modules/cjs/loader.js:790:12)
    at Function.executeUserEntryPoint [as runMain] (internal/modules/run_main.js:76:12)
    at main (C:\Users\gorel\Documents\Tesso\Sigma\Sigma-App\server\node_modules\ts-node\src\bin.ts:331:12)
    at Object.<anonymous> (C:\Users\gorel\Documents\Tesso\Sigma\Sigma-App\server\node_modules\ts-node\src\bin.ts:482:3)
2022-07-03 19:45:20 error: uncaughtException: listen EADDRINUSE: address already in use :::5100
Error: listen EADDRINUSE: address already in use :::5100
    at Server.setupListenHandle [as _listen2] (net.js:1331:16)
    at listenInCluster (net.js:1379:12)
    at Server.listen (net.js:1465:7)
    at Function.listen (C:\Users\gorel\Documents\Tesso\Sigma\Sigma-App\server\node_modules\express\lib\application.js:618:24)
    at App (C:\Users\gorel\Documents\Tesso\Sigma\Sigma-App\server\src\app.ts:96:9)
    at startServer (C:\Users\gorel\Documents\Tesso\Sigma\Sigma-App\server\src\server.ts:20:8)
    at Object.<anonymous> (C:\Users\gorel\Documents\Tesso\Sigma\Sigma-App\server\src\server.ts:23:1)
    at Module._compile (internal/modules/cjs/loader.js:1085:14)
    at Module.m._compile (C:\Users\gorel\Documents\Tesso\Sigma\Sigma-App\server\node_modules\ts-node\src\index.ts:1371:23)
    at Module._extensions..js (internal/modules/cjs/loader.js:1114:10)
    at Object.require.extensions.<computed> [as .ts] (C:\Users\gorel\Documents\Tesso\Sigma\Sigma-App\server\node_modules\ts-node\src\index.ts:1374:12)
    at Module.load (internal/modules/cjs/loader.js:950:32)
    at Function.Module._load (internal/modules/cjs/loader.js:790:12)
    at Function.executeUserEntryPoint [as runMain] (internal/modules/run_main.js:76:12)
    at main (C:\Users\gorel\Documents\Tesso\Sigma\Sigma-App\server\node_modules\ts-node\src\bin.ts:331:12)
    at Object.<anonymous> (C:\Users\gorel\Documents\Tesso\Sigma\Sigma-App\server\node_modules\ts-node\src\bin.ts:482:3)
2022-07-03 19:45:47 error: uncaughtException: listen EADDRINUSE: address already in use :::5100
Error: listen EADDRINUSE: address already in use :::5100
    at Server.setupListenHandle [as _listen2] (net.js:1331:16)
    at listenInCluster (net.js:1379:12)
    at Server.listen (net.js:1465:7)
    at Function.listen (C:\Users\gorel\Documents\Tesso\Sigma\Sigma-App\server\node_modules\express\lib\application.js:618:24)
    at App (C:\Users\gorel\Documents\Tesso\Sigma\Sigma-App\server\src\app.ts:96:9)
    at startServer (C:\Users\gorel\Documents\Tesso\Sigma\Sigma-App\server\src\server.ts:20:8)
    at Object.<anonymous> (C:\Users\gorel\Documents\Tesso\Sigma\Sigma-App\server\src\server.ts:23:1)
    at Module._compile (internal/modules/cjs/loader.js:1085:14)
    at Module.m._compile (C:\Users\gorel\Documents\Tesso\Sigma\Sigma-App\server\node_modules\ts-node\src\index.ts:1371:23)
    at Module._extensions..js (internal/modules/cjs/loader.js:1114:10)
    at Object.require.extensions.<computed> [as .ts] (C:\Users\gorel\Documents\Tesso\Sigma\Sigma-App\server\node_modules\ts-node\src\index.ts:1374:12)
    at Module.load (internal/modules/cjs/loader.js:950:32)
    at Function.Module._load (internal/modules/cjs/loader.js:790:12)
    at Function.executeUserEntryPoint [as runMain] (internal/modules/run_main.js:76:12)
    at main (C:\Users\gorel\Documents\Tesso\Sigma\Sigma-App\server\node_modules\ts-node\src\bin.ts:331:12)
    at Object.<anonymous> (C:\Users\gorel\Documents\Tesso\Sigma\Sigma-App\server\node_modules\ts-node\src\bin.ts:482:3)
2022-07-03 19:45:59 error: uncaughtException: listen EADDRINUSE: address already in use :::5100
Error: listen EADDRINUSE: address already in use :::5100
    at Server.setupListenHandle [as _listen2] (net.js:1331:16)
    at listenInCluster (net.js:1379:12)
    at Server.listen (net.js:1465:7)
    at Function.listen (C:\Users\gorel\Documents\Tesso\Sigma\Sigma-App\server\node_modules\express\lib\application.js:618:24)
    at App (C:\Users\gorel\Documents\Tesso\Sigma\Sigma-App\server\src\app.ts:96:9)
    at startServer (C:\Users\gorel\Documents\Tesso\Sigma\Sigma-App\server\src\server.ts:20:8)
    at Object.<anonymous> (C:\Users\gorel\Documents\Tesso\Sigma\Sigma-App\server\src\server.ts:23:1)
    at Module._compile (internal/modules/cjs/loader.js:1085:14)
    at Module.m._compile (C:\Users\gorel\Documents\Tesso\Sigma\Sigma-App\server\node_modules\ts-node\src\index.ts:1371:23)
    at Module._extensions..js (internal/modules/cjs/loader.js:1114:10)
    at Object.require.extensions.<computed> [as .ts] (C:\Users\gorel\Documents\Tesso\Sigma\Sigma-App\server\node_modules\ts-node\src\index.ts:1374:12)
    at Module.load (internal/modules/cjs/loader.js:950:32)
    at Function.Module._load (internal/modules/cjs/loader.js:790:12)
    at Function.executeUserEntryPoint [as runMain] (internal/modules/run_main.js:76:12)
    at main (C:\Users\gorel\Documents\Tesso\Sigma\Sigma-App\server\node_modules\ts-node\src\bin.ts:331:12)
    at Object.<anonymous> (C:\Users\gorel\Documents\Tesso\Sigma\Sigma-App\server\node_modules\ts-node\src\bin.ts:482:3)
2022-07-03 19:46:50 error: uncaughtException: listen EADDRINUSE: address already in use :::5100
Error: listen EADDRINUSE: address already in use :::5100
    at Server.setupListenHandle [as _listen2] (net.js:1331:16)
    at listenInCluster (net.js:1379:12)
    at Server.listen (net.js:1465:7)
    at Function.listen (C:\Users\gorel\Documents\Tesso\Sigma\Sigma-App\server\node_modules\express\lib\application.js:618:24)
    at App (C:\Users\gorel\Documents\Tesso\Sigma\Sigma-App\server\src\app.ts:96:9)
    at startServer (C:\Users\gorel\Documents\Tesso\Sigma\Sigma-App\server\src\server.ts:20:8)
    at Object.<anonymous> (C:\Users\gorel\Documents\Tesso\Sigma\Sigma-App\server\src\server.ts:23:1)
    at Module._compile (internal/modules/cjs/loader.js:1085:14)
    at Module.m._compile (C:\Users\gorel\Documents\Tesso\Sigma\Sigma-App\server\node_modules\ts-node\src\index.ts:1371:23)
    at Module._extensions..js (internal/modules/cjs/loader.js:1114:10)
    at Object.require.extensions.<computed> [as .ts] (C:\Users\gorel\Documents\Tesso\Sigma\Sigma-App\server\node_modules\ts-node\src\index.ts:1374:12)
    at Module.load (internal/modules/cjs/loader.js:950:32)
    at Function.Module._load (internal/modules/cjs/loader.js:790:12)
    at Function.executeUserEntryPoint [as runMain] (internal/modules/run_main.js:76:12)
    at main (C:\Users\gorel\Documents\Tesso\Sigma\Sigma-App\server\node_modules\ts-node\src\bin.ts:331:12)
    at Object.<anonymous> (C:\Users\gorel\Documents\Tesso\Sigma\Sigma-App\server\node_modules\ts-node\src\bin.ts:482:3)
2022-07-03 19:47:07 error: uncaughtException: listen EADDRINUSE: address already in use :::5100
Error: listen EADDRINUSE: address already in use :::5100
    at Server.setupListenHandle [as _listen2] (net.js:1331:16)
    at listenInCluster (net.js:1379:12)
    at Server.listen (net.js:1465:7)
    at Function.listen (C:\Users\gorel\Documents\Tesso\Sigma\Sigma-App\server\node_modules\express\lib\application.js:618:24)
    at App (C:\Users\gorel\Documents\Tesso\Sigma\Sigma-App\server\src\app.ts:96:9)
    at startServer (C:\Users\gorel\Documents\Tesso\Sigma\Sigma-App\server\src\server.ts:20:8)
    at Object.<anonymous> (C:\Users\gorel\Documents\Tesso\Sigma\Sigma-App\server\src\server.ts:23:1)
    at Module._compile (internal/modules/cjs/loader.js:1085:14)
    at Module.m._compile (C:\Users\gorel\Documents\Tesso\Sigma\Sigma-App\server\node_modules\ts-node\src\index.ts:1371:23)
    at Module._extensions..js (internal/modules/cjs/loader.js:1114:10)
    at Object.require.extensions.<computed> [as .ts] (C:\Users\gorel\Documents\Tesso\Sigma\Sigma-App\server\node_modules\ts-node\src\index.ts:1374:12)
    at Module.load (internal/modules/cjs/loader.js:950:32)
    at Function.Module._load (internal/modules/cjs/loader.js:790:12)
    at Function.executeUserEntryPoint [as runMain] (internal/modules/run_main.js:76:12)
    at main (C:\Users\gorel\Documents\Tesso\Sigma\Sigma-App\server\node_modules\ts-node\src\bin.ts:331:12)
    at Object.<anonymous> (C:\Users\gorel\Documents\Tesso\Sigma\Sigma-App\server\node_modules\ts-node\src\bin.ts:482:3)
2022-07-03 19:51:31 error: uncaughtException: listen EADDRINUSE: address already in use :::5100
Error: listen EADDRINUSE: address already in use :::5100
    at Server.setupListenHandle [as _listen2] (net.js:1331:16)
    at listenInCluster (net.js:1379:12)
    at Server.listen (net.js:1465:7)
    at Function.listen (C:\Users\gorel\Documents\Tesso\Sigma\Sigma-App\server\node_modules\express\lib\application.js:618:24)
    at App (C:\Users\gorel\Documents\Tesso\Sigma\Sigma-App\server\src\app.ts:96:9)
    at startServer (C:\Users\gorel\Documents\Tesso\Sigma\Sigma-App\server\src\server.ts:20:8)
    at Object.<anonymous> (C:\Users\gorel\Documents\Tesso\Sigma\Sigma-App\server\src\server.ts:23:1)
    at Module._compile (internal/modules/cjs/loader.js:1085:14)
    at Module.m._compile (C:\Users\gorel\Documents\Tesso\Sigma\Sigma-App\server\node_modules\ts-node\src\index.ts:1371:23)
    at Module._extensions..js (internal/modules/cjs/loader.js:1114:10)
    at Object.require.extensions.<computed> [as .ts] (C:\Users\gorel\Documents\Tesso\Sigma\Sigma-App\server\node_modules\ts-node\src\index.ts:1374:12)
    at Module.load (internal/modules/cjs/loader.js:950:32)
    at Function.Module._load (internal/modules/cjs/loader.js:790:12)
    at Function.executeUserEntryPoint [as runMain] (internal/modules/run_main.js:76:12)
    at main (C:\Users\gorel\Documents\Tesso\Sigma\Sigma-App\server\node_modules\ts-node\src\bin.ts:331:12)
    at Object.<anonymous> (C:\Users\gorel\Documents\Tesso\Sigma\Sigma-App\server\node_modules\ts-node\src\bin.ts:482:3)
2022-07-03 19:52:24 error: uncaughtException: listen EADDRINUSE: address already in use :::5100
Error: listen EADDRINUSE: address already in use :::5100
    at Server.setupListenHandle [as _listen2] (net.js:1331:16)
    at listenInCluster (net.js:1379:12)
    at Server.listen (net.js:1465:7)
    at Function.listen (C:\Users\gorel\Documents\Tesso\Sigma\Sigma-App\server\node_modules\express\lib\application.js:618:24)
    at App (C:\Users\gorel\Documents\Tesso\Sigma\Sigma-App\server\src\app.ts:96:9)
    at startServer (C:\Users\gorel\Documents\Tesso\Sigma\Sigma-App\server\src\server.ts:20:8)
    at Object.<anonymous> (C:\Users\gorel\Documents\Tesso\Sigma\Sigma-App\server\src\server.ts:23:1)
    at Module._compile (internal/modules/cjs/loader.js:1085:14)
    at Module.m._compile (C:\Users\gorel\Documents\Tesso\Sigma\Sigma-App\server\node_modules\ts-node\src\index.ts:1371:23)
    at Module._extensions..js (internal/modules/cjs/loader.js:1114:10)
    at Object.require.extensions.<computed> [as .ts] (C:\Users\gorel\Documents\Tesso\Sigma\Sigma-App\server\node_modules\ts-node\src\index.ts:1374:12)
    at Module.load (internal/modules/cjs/loader.js:950:32)
    at Function.Module._load (internal/modules/cjs/loader.js:790:12)
    at Function.executeUserEntryPoint [as runMain] (internal/modules/run_main.js:76:12)
    at main (C:\Users\gorel\Documents\Tesso\Sigma\Sigma-App\server\node_modules\ts-node\src\bin.ts:331:12)
    at Object.<anonymous> (C:\Users\gorel\Documents\Tesso\Sigma\Sigma-App\server\node_modules\ts-node\src\bin.ts:482:3)
2022-07-03 19:52:41 error: uncaughtException: listen EADDRINUSE: address already in use :::5100
Error: listen EADDRINUSE: address already in use :::5100
    at Server.setupListenHandle [as _listen2] (net.js:1331:16)
    at listenInCluster (net.js:1379:12)
    at Server.listen (net.js:1465:7)
    at Function.listen (C:\Users\gorel\Documents\Tesso\Sigma\Sigma-App\server\node_modules\express\lib\application.js:618:24)
    at App (C:\Users\gorel\Documents\Tesso\Sigma\Sigma-App\server\src\app.ts:96:9)
    at startServer (C:\Users\gorel\Documents\Tesso\Sigma\Sigma-App\server\src\server.ts:20:8)
    at Object.<anonymous> (C:\Users\gorel\Documents\Tesso\Sigma\Sigma-App\server\src\server.ts:23:1)
    at Module._compile (internal/modules/cjs/loader.js:1085:14)
    at Module.m._compile (C:\Users\gorel\Documents\Tesso\Sigma\Sigma-App\server\node_modules\ts-node\src\index.ts:1371:23)
    at Module._extensions..js (internal/modules/cjs/loader.js:1114:10)
    at Object.require.extensions.<computed> [as .ts] (C:\Users\gorel\Documents\Tesso\Sigma\Sigma-App\server\node_modules\ts-node\src\index.ts:1374:12)
    at Module.load (internal/modules/cjs/loader.js:950:32)
    at Function.Module._load (internal/modules/cjs/loader.js:790:12)
    at Function.executeUserEntryPoint [as runMain] (internal/modules/run_main.js:76:12)
    at main (C:\Users\gorel\Documents\Tesso\Sigma\Sigma-App\server\node_modules\ts-node\src\bin.ts:331:12)
    at Object.<anonymous> (C:\Users\gorel\Documents\Tesso\Sigma\Sigma-App\server\node_modules\ts-node\src\bin.ts:482:3)
2022-07-03 19:55:28 error: uncaughtException: listen EADDRINUSE: address already in use :::5100
Error: listen EADDRINUSE: address already in use :::5100
    at Server.setupListenHandle [as _listen2] (net.js:1331:16)
    at listenInCluster (net.js:1379:12)
    at Server.listen (net.js:1465:7)
    at Function.listen (C:\Users\gorel\Documents\Tesso\Sigma\Sigma-App\server\node_modules\express\lib\application.js:618:24)
    at App (C:\Users\gorel\Documents\Tesso\Sigma\Sigma-App\server\src\app.ts:96:9)
    at startServer (C:\Users\gorel\Documents\Tesso\Sigma\Sigma-App\server\src\server.ts:20:8)
    at Object.<anonymous> (C:\Users\gorel\Documents\Tesso\Sigma\Sigma-App\server\src\server.ts:23:1)
    at Module._compile (internal/modules/cjs/loader.js:1085:14)
    at Module.m._compile (C:\Users\gorel\Documents\Tesso\Sigma\Sigma-App\server\node_modules\ts-node\src\index.ts:1371:23)
    at Module._extensions..js (internal/modules/cjs/loader.js:1114:10)
    at Object.require.extensions.<computed> [as .ts] (C:\Users\gorel\Documents\Tesso\Sigma\Sigma-App\server\node_modules\ts-node\src\index.ts:1374:12)
    at Module.load (internal/modules/cjs/loader.js:950:32)
    at Function.Module._load (internal/modules/cjs/loader.js:790:12)
    at Function.executeUserEntryPoint [as runMain] (internal/modules/run_main.js:76:12)
    at main (C:\Users\gorel\Documents\Tesso\Sigma\Sigma-App\server\node_modules\ts-node\src\bin.ts:331:12)
    at Object.<anonymous> (C:\Users\gorel\Documents\Tesso\Sigma\Sigma-App\server\node_modules\ts-node\src\bin.ts:482:3)
2022-07-03 19:56:16 error: uncaughtException: listen EADDRINUSE: address already in use :::5100
Error: listen EADDRINUSE: address already in use :::5100
    at Server.setupListenHandle [as _listen2] (net.js:1331:16)
    at listenInCluster (net.js:1379:12)
    at Server.listen (net.js:1465:7)
    at Function.listen (C:\Users\gorel\Documents\Tesso\Sigma\Sigma-App\server\node_modules\express\lib\application.js:618:24)
    at App (C:\Users\gorel\Documents\Tesso\Sigma\Sigma-App\server\src\app.ts:96:9)
    at startServer (C:\Users\gorel\Documents\Tesso\Sigma\Sigma-App\server\src\server.ts:20:8)
    at Object.<anonymous> (C:\Users\gorel\Documents\Tesso\Sigma\Sigma-App\server\src\server.ts:23:1)
    at Module._compile (internal/modules/cjs/loader.js:1085:14)
    at Module.m._compile (C:\Users\gorel\Documents\Tesso\Sigma\Sigma-App\server\node_modules\ts-node\src\index.ts:1371:23)
    at Module._extensions..js (internal/modules/cjs/loader.js:1114:10)
    at Object.require.extensions.<computed> [as .ts] (C:\Users\gorel\Documents\Tesso\Sigma\Sigma-App\server\node_modules\ts-node\src\index.ts:1374:12)
    at Module.load (internal/modules/cjs/loader.js:950:32)
    at Function.Module._load (internal/modules/cjs/loader.js:790:12)
    at Function.executeUserEntryPoint [as runMain] (internal/modules/run_main.js:76:12)
    at main (C:\Users\gorel\Documents\Tesso\Sigma\Sigma-App\server\node_modules\ts-node\src\bin.ts:331:12)
    at Object.<anonymous> (C:\Users\gorel\Documents\Tesso\Sigma\Sigma-App\server\node_modules\ts-node\src\bin.ts:482:3)
2022-07-03 19:59:42 error: uncaughtException: listen EADDRINUSE: address already in use :::5100
Error: listen EADDRINUSE: address already in use :::5100
    at Server.setupListenHandle [as _listen2] (net.js:1331:16)
    at listenInCluster (net.js:1379:12)
    at Server.listen (net.js:1465:7)
    at Function.listen (C:\Users\gorel\Documents\Tesso\Sigma\Sigma-App\server\node_modules\express\lib\application.js:618:24)
    at App (C:\Users\gorel\Documents\Tesso\Sigma\Sigma-App\server\src\app.ts:102:9)
    at startServer (C:\Users\gorel\Documents\Tesso\Sigma\Sigma-App\server\src\server.ts:20:8)
    at Object.<anonymous> (C:\Users\gorel\Documents\Tesso\Sigma\Sigma-App\server\src\server.ts:25:1)
    at Module._compile (internal/modules/cjs/loader.js:1085:14)
    at Module.m._compile (C:\Users\gorel\Documents\Tesso\Sigma\Sigma-App\server\node_modules\ts-node\src\index.ts:1371:23)
    at Module._extensions..js (internal/modules/cjs/loader.js:1114:10)
    at Object.require.extensions.<computed> [as .ts] (C:\Users\gorel\Documents\Tesso\Sigma\Sigma-App\server\node_modules\ts-node\src\index.ts:1374:12)
    at Module.load (internal/modules/cjs/loader.js:950:32)
    at Function.Module._load (internal/modules/cjs/loader.js:790:12)
    at Function.executeUserEntryPoint [as runMain] (internal/modules/run_main.js:76:12)
    at main (C:\Users\gorel\Documents\Tesso\Sigma\Sigma-App\server\node_modules\ts-node\src\bin.ts:331:12)
    at Object.<anonymous> (C:\Users\gorel\Documents\Tesso\Sigma\Sigma-App\server\node_modules\ts-node\src\bin.ts:482:3)
2022-07-03 21:13:03 error: [POST] /api/users/createUser >> StatusCode:: 500, Message:: E11000 duplicate key error collection: sac.users index: name_1_organizationId_1 dup key: { name: null, organizationId: null }
2022-07-03 21:15:56 error: [POST] /api/users/createUser >> StatusCode:: 500, Message:: E11000 duplicate key error collection: sac.users index: name_1_organizationId_1 dup key: { name: null, organizationId: null }
