2022-11-02 11:19:22 error: [GET] /api/users/getUsers >> StatusCode:: 401, Message:: Wrong authentication token
2022-11-02 11:19:23 error: [GET] /api/users/getUsers >> StatusCode:: 401, Message:: Wrong authentication token
2022-11-02 11:19:28 error: [GET] /api/organizations/getOrganizations >> StatusCode:: 401, Message:: Wrong authentication token
2022-11-02 11:19:29 error: [GET] /api/organizations/getOrganizations >> StatusCode:: 401, Message:: Wrong authentication token
2022-11-02 15:01:57 error: uncaughtException: `init` may not be used as a schema pathname
Error: `init` may not be used as a schema pathname
    at Schema.path (C:\Users\gorel\Documents\KauelWorks\Ionic-Boilerplate\server\node_modules\mongoose\lib\schema.js:652:11)
    at Schema.add (C:\Users\gorel\Documents\KauelWorks\Ionic-Boilerplate\server\node_modules\mongoose\lib\schema.js:536:14)
    at new Schema (C:\Users\gorel\Documents\KauelWorks\Ionic-Boilerplate\server\node_modules\mongoose\lib\schema.js:132:10)
    at Schema.interpretAsType (C:\Users\gorel\Documents\KauelWorks\Ionic-Boilerplate\server\node_modules\mongoose\lib\schema.js:985:29)
    at Schema.path (C:\Users\gorel\Documents\KauelWorks\Ionic-Boilerplate\server\node_modules\mongoose\lib\schema.js:684:27)
    at Schema.add (C:\Users\gorel\Documents\KauelWorks\Ionic-Boilerplate\server\node_modules\mongoose\lib\schema.js:507:12)
    at new Schema (C:\Users\gorel\Documents\KauelWorks\Ionic-Boilerplate\server\node_modules\mongoose\lib\schema.js:132:10)
    at Object.<anonymous> (C:\Users\gorel\Documents\KauelWorks\Ionic-Boilerplate\server\src\models\organizations.model.ts:4:28)
    at Module._compile (internal/modules/cjs/loader.js:1085:14)
    at Module.m._compile (C:\Users\gorel\Documents\KauelWorks\Ionic-Boilerplate\server\node_modules\ts-node\src\index.ts:1371:23)
    at Module._extensions..js (internal/modules/cjs/loader.js:1114:10)
    at Object.require.extensions.<computed> [as .ts] (C:\Users\gorel\Documents\KauelWorks\Ionic-Boilerplate\server\node_modules\ts-node\src\index.ts:1374:12)
    at Module.load (internal/modules/cjs/loader.js:950:32)
    at Function.Module._load (internal/modules/cjs/loader.js:790:12)
    at Module.require (internal/modules/cjs/loader.js:974:19)
    at require (internal/modules/cjs/helpers.js:93:18)
2022-11-02 15:02:21 error: uncaughtException: `init` may not be used as a schema pathname
Error: `init` may not be used as a schema pathname
    at Schema.path (C:\Users\gorel\Documents\KauelWorks\Ionic-Boilerplate\server\node_modules\mongoose\lib\schema.js:652:11)
    at Schema.add (C:\Users\gorel\Documents\KauelWorks\Ionic-Boilerplate\server\node_modules\mongoose\lib\schema.js:536:14)
    at new Schema (C:\Users\gorel\Documents\KauelWorks\Ionic-Boilerplate\server\node_modules\mongoose\lib\schema.js:132:10)
    at Schema.interpretAsType (C:\Users\gorel\Documents\KauelWorks\Ionic-Boilerplate\server\node_modules\mongoose\lib\schema.js:985:29)
    at Schema.path (C:\Users\gorel\Documents\KauelWorks\Ionic-Boilerplate\server\node_modules\mongoose\lib\schema.js:684:27)
    at Schema.add (C:\Users\gorel\Documents\KauelWorks\Ionic-Boilerplate\server\node_modules\mongoose\lib\schema.js:507:12)
    at new Schema (C:\Users\gorel\Documents\KauelWorks\Ionic-Boilerplate\server\node_modules\mongoose\lib\schema.js:132:10)
    at Object.<anonymous> (C:\Users\gorel\Documents\KauelWorks\Ionic-Boilerplate\server\src\models\organizations.model.ts:4:28)
    at Module._compile (internal/modules/cjs/loader.js:1085:14)
    at Module.m._compile (C:\Users\gorel\Documents\KauelWorks\Ionic-Boilerplate\server\node_modules\ts-node\src\index.ts:1371:23)
    at Module._extensions..js (internal/modules/cjs/loader.js:1114:10)
    at Object.require.extensions.<computed> [as .ts] (C:\Users\gorel\Documents\KauelWorks\Ionic-Boilerplate\server\node_modules\ts-node\src\index.ts:1374:12)
    at Module.load (internal/modules/cjs/loader.js:950:32)
    at Function.Module._load (internal/modules/cjs/loader.js:790:12)
    at Module.require (internal/modules/cjs/loader.js:974:19)
    at require (internal/modules/cjs/helpers.js:93:18)
2022-11-02 15:02:47 error: uncaughtException: `init` may not be used as a schema pathname
Error: `init` may not be used as a schema pathname
    at Schema.path (C:\Users\gorel\Documents\KauelWorks\Ionic-Boilerplate\server\node_modules\mongoose\lib\schema.js:652:11)
    at Schema.add (C:\Users\gorel\Documents\KauelWorks\Ionic-Boilerplate\server\node_modules\mongoose\lib\schema.js:536:14)
    at new Schema (C:\Users\gorel\Documents\KauelWorks\Ionic-Boilerplate\server\node_modules\mongoose\lib\schema.js:132:10)
    at Schema.interpretAsType (C:\Users\gorel\Documents\KauelWorks\Ionic-Boilerplate\server\node_modules\mongoose\lib\schema.js:985:29)
    at Schema.path (C:\Users\gorel\Documents\KauelWorks\Ionic-Boilerplate\server\node_modules\mongoose\lib\schema.js:684:27)
    at Schema.add (C:\Users\gorel\Documents\KauelWorks\Ionic-Boilerplate\server\node_modules\mongoose\lib\schema.js:507:12)
    at new Schema (C:\Users\gorel\Documents\KauelWorks\Ionic-Boilerplate\server\node_modules\mongoose\lib\schema.js:132:10)
    at Object.<anonymous> (C:\Users\gorel\Documents\KauelWorks\Ionic-Boilerplate\server\src\models\organizations.model.ts:4:28)
    at Module._compile (internal/modules/cjs/loader.js:1085:14)
    at Module.m._compile (C:\Users\gorel\Documents\KauelWorks\Ionic-Boilerplate\server\node_modules\ts-node\src\index.ts:1371:23)
    at Module._extensions..js (internal/modules/cjs/loader.js:1114:10)
    at Object.require.extensions.<computed> [as .ts] (C:\Users\gorel\Documents\KauelWorks\Ionic-Boilerplate\server\node_modules\ts-node\src\index.ts:1374:12)
    at Module.load (internal/modules/cjs/loader.js:950:32)
    at Function.Module._load (internal/modules/cjs/loader.js:790:12)
    at Module.require (internal/modules/cjs/loader.js:974:19)
    at require (internal/modules/cjs/helpers.js:93:18)
2022-11-02 15:03:17 error: uncaughtException: `init` may not be used as a schema pathname
Error: `init` may not be used as a schema pathname
    at Schema.path (C:\Users\gorel\Documents\KauelWorks\Ionic-Boilerplate\server\node_modules\mongoose\lib\schema.js:652:11)
    at Schema.add (C:\Users\gorel\Documents\KauelWorks\Ionic-Boilerplate\server\node_modules\mongoose\lib\schema.js:536:14)
    at new Schema (C:\Users\gorel\Documents\KauelWorks\Ionic-Boilerplate\server\node_modules\mongoose\lib\schema.js:132:10)
    at Schema.interpretAsType (C:\Users\gorel\Documents\KauelWorks\Ionic-Boilerplate\server\node_modules\mongoose\lib\schema.js:985:29)
    at Schema.path (C:\Users\gorel\Documents\KauelWorks\Ionic-Boilerplate\server\node_modules\mongoose\lib\schema.js:684:27)
    at Schema.add (C:\Users\gorel\Documents\KauelWorks\Ionic-Boilerplate\server\node_modules\mongoose\lib\schema.js:507:12)
    at new Schema (C:\Users\gorel\Documents\KauelWorks\Ionic-Boilerplate\server\node_modules\mongoose\lib\schema.js:132:10)
    at Object.<anonymous> (C:\Users\gorel\Documents\KauelWorks\Ionic-Boilerplate\server\src\models\organizations.model.ts:4:28)
    at Module._compile (internal/modules/cjs/loader.js:1085:14)
    at Module.m._compile (C:\Users\gorel\Documents\KauelWorks\Ionic-Boilerplate\server\node_modules\ts-node\src\index.ts:1371:23)
    at Module._extensions..js (internal/modules/cjs/loader.js:1114:10)
    at Object.require.extensions.<computed> [as .ts] (C:\Users\gorel\Documents\KauelWorks\Ionic-Boilerplate\server\node_modules\ts-node\src\index.ts:1374:12)
    at Module.load (internal/modules/cjs/loader.js:950:32)
    at Function.Module._load (internal/modules/cjs/loader.js:790:12)
    at Module.require (internal/modules/cjs/loader.js:974:19)
    at require (internal/modules/cjs/helpers.js:93:18)
2022-11-02 15:03:22 error: uncaughtException: `init` may not be used as a schema pathname
Error: `init` may not be used as a schema pathname
    at Schema.path (C:\Users\gorel\Documents\KauelWorks\Ionic-Boilerplate\server\node_modules\mongoose\lib\schema.js:652:11)
    at Schema.add (C:\Users\gorel\Documents\KauelWorks\Ionic-Boilerplate\server\node_modules\mongoose\lib\schema.js:536:14)
    at new Schema (C:\Users\gorel\Documents\KauelWorks\Ionic-Boilerplate\server\node_modules\mongoose\lib\schema.js:132:10)
    at Schema.interpretAsType (C:\Users\gorel\Documents\KauelWorks\Ionic-Boilerplate\server\node_modules\mongoose\lib\schema.js:985:29)
    at Schema.path (C:\Users\gorel\Documents\KauelWorks\Ionic-Boilerplate\server\node_modules\mongoose\lib\schema.js:684:27)
    at Schema.add (C:\Users\gorel\Documents\KauelWorks\Ionic-Boilerplate\server\node_modules\mongoose\lib\schema.js:507:12)
    at new Schema (C:\Users\gorel\Documents\KauelWorks\Ionic-Boilerplate\server\node_modules\mongoose\lib\schema.js:132:10)
    at Object.<anonymous> (C:\Users\gorel\Documents\KauelWorks\Ionic-Boilerplate\server\src\models\organizations.model.ts:4:28)
    at Module._compile (internal/modules/cjs/loader.js:1085:14)
    at Module.m._compile (C:\Users\gorel\Documents\KauelWorks\Ionic-Boilerplate\server\node_modules\ts-node\src\index.ts:1371:23)
    at Module._extensions..js (internal/modules/cjs/loader.js:1114:10)
    at Object.require.extensions.<computed> [as .ts] (C:\Users\gorel\Documents\KauelWorks\Ionic-Boilerplate\server\node_modules\ts-node\src\index.ts:1374:12)
    at Module.load (internal/modules/cjs/loader.js:950:32)
    at Function.Module._load (internal/modules/cjs/loader.js:790:12)
    at Module.require (internal/modules/cjs/loader.js:974:19)
    at require (internal/modules/cjs/helpers.js:93:18)
2022-11-02 15:26:41 error: uncaughtException: `init` may not be used as a schema pathname
Error: `init` may not be used as a schema pathname
    at Schema.path (C:\Users\gorel\Documents\KauelWorks\Ionic-Boilerplate\server\node_modules\mongoose\lib\schema.js:652:11)
    at Schema.add (C:\Users\gorel\Documents\KauelWorks\Ionic-Boilerplate\server\node_modules\mongoose\lib\schema.js:536:14)
    at new Schema (C:\Users\gorel\Documents\KauelWorks\Ionic-Boilerplate\server\node_modules\mongoose\lib\schema.js:132:10)
    at Schema.interpretAsType (C:\Users\gorel\Documents\KauelWorks\Ionic-Boilerplate\server\node_modules\mongoose\lib\schema.js:985:29)
    at Schema.path (C:\Users\gorel\Documents\KauelWorks\Ionic-Boilerplate\server\node_modules\mongoose\lib\schema.js:684:27)
    at Schema.add (C:\Users\gorel\Documents\KauelWorks\Ionic-Boilerplate\server\node_modules\mongoose\lib\schema.js:507:12)
    at new Schema (C:\Users\gorel\Documents\KauelWorks\Ionic-Boilerplate\server\node_modules\mongoose\lib\schema.js:132:10)
    at Object.<anonymous> (C:\Users\gorel\Documents\KauelWorks\Ionic-Boilerplate\server\src\models\organizations.model.ts:4:28)
    at Module._compile (internal/modules/cjs/loader.js:1085:14)
    at Module.m._compile (C:\Users\gorel\Documents\KauelWorks\Ionic-Boilerplate\server\node_modules\ts-node\src\index.ts:1371:23)
    at Module._extensions..js (internal/modules/cjs/loader.js:1114:10)
    at Object.require.extensions.<computed> [as .ts] (C:\Users\gorel\Documents\KauelWorks\Ionic-Boilerplate\server\node_modules\ts-node\src\index.ts:1374:12)
    at Module.load (internal/modules/cjs/loader.js:950:32)
    at Function.Module._load (internal/modules/cjs/loader.js:790:12)
    at Module.require (internal/modules/cjs/loader.js:974:19)
    at require (internal/modules/cjs/helpers.js:93:18)
2022-11-02 15:31:27 error: uncaughtException: `init` may not be used as a schema pathname
Error: `init` may not be used as a schema pathname
    at Schema.path (C:\Users\gorel\Documents\KauelWorks\Ionic-Boilerplate\server\node_modules\mongoose\lib\schema.js:652:11)
    at Schema.add (C:\Users\gorel\Documents\KauelWorks\Ionic-Boilerplate\server\node_modules\mongoose\lib\schema.js:536:14)
    at new Schema (C:\Users\gorel\Documents\KauelWorks\Ionic-Boilerplate\server\node_modules\mongoose\lib\schema.js:132:10)
    at Schema.interpretAsType (C:\Users\gorel\Documents\KauelWorks\Ionic-Boilerplate\server\node_modules\mongoose\lib\schema.js:985:29)
    at Schema.path (C:\Users\gorel\Documents\KauelWorks\Ionic-Boilerplate\server\node_modules\mongoose\lib\schema.js:684:27)
    at Schema.add (C:\Users\gorel\Documents\KauelWorks\Ionic-Boilerplate\server\node_modules\mongoose\lib\schema.js:507:12)
    at new Schema (C:\Users\gorel\Documents\KauelWorks\Ionic-Boilerplate\server\node_modules\mongoose\lib\schema.js:132:10)
    at Object.<anonymous> (C:\Users\gorel\Documents\KauelWorks\Ionic-Boilerplate\server\src\models\organizations.model.ts:4:28)
    at Module._compile (internal/modules/cjs/loader.js:1085:14)
    at Module.m._compile (C:\Users\gorel\Documents\KauelWorks\Ionic-Boilerplate\server\node_modules\ts-node\src\index.ts:1371:23)
    at Module._extensions..js (internal/modules/cjs/loader.js:1114:10)
    at Object.require.extensions.<computed> [as .ts] (C:\Users\gorel\Documents\KauelWorks\Ionic-Boilerplate\server\node_modules\ts-node\src\index.ts:1374:12)
    at Module.load (internal/modules/cjs/loader.js:950:32)
    at Function.Module._load (internal/modules/cjs/loader.js:790:12)
    at Module.require (internal/modules/cjs/loader.js:974:19)
    at require (internal/modules/cjs/helpers.js:93:18)
2022-11-02 15:38:13 error: uncaughtException: `init` may not be used as a schema pathname
Error: `init` may not be used as a schema pathname
    at Schema.path (C:\Users\gorel\Documents\KauelWorks\Ionic-Boilerplate\server\node_modules\mongoose\lib\schema.js:652:11)
    at Schema.add (C:\Users\gorel\Documents\KauelWorks\Ionic-Boilerplate\server\node_modules\mongoose\lib\schema.js:536:14)
    at new Schema (C:\Users\gorel\Documents\KauelWorks\Ionic-Boilerplate\server\node_modules\mongoose\lib\schema.js:132:10)
    at Schema.interpretAsType (C:\Users\gorel\Documents\KauelWorks\Ionic-Boilerplate\server\node_modules\mongoose\lib\schema.js:985:29)
    at Schema.path (C:\Users\gorel\Documents\KauelWorks\Ionic-Boilerplate\server\node_modules\mongoose\lib\schema.js:684:27)
    at Schema.add (C:\Users\gorel\Documents\KauelWorks\Ionic-Boilerplate\server\node_modules\mongoose\lib\schema.js:507:12)
    at new Schema (C:\Users\gorel\Documents\KauelWorks\Ionic-Boilerplate\server\node_modules\mongoose\lib\schema.js:132:10)
    at Object.<anonymous> (C:\Users\gorel\Documents\KauelWorks\Ionic-Boilerplate\server\src\models\organizations.model.ts:4:28)
    at Module._compile (internal/modules/cjs/loader.js:1085:14)
    at Module.m._compile (C:\Users\gorel\Documents\KauelWorks\Ionic-Boilerplate\server\node_modules\ts-node\src\index.ts:1371:23)
    at Module._extensions..js (internal/modules/cjs/loader.js:1114:10)
    at Object.require.extensions.<computed> [as .ts] (C:\Users\gorel\Documents\KauelWorks\Ionic-Boilerplate\server\node_modules\ts-node\src\index.ts:1374:12)
    at Module.load (internal/modules/cjs/loader.js:950:32)
    at Function.Module._load (internal/modules/cjs/loader.js:790:12)
    at Module.require (internal/modules/cjs/loader.js:974:19)
    at require (internal/modules/cjs/helpers.js:93:18)
2022-11-02 15:40:04 error: uncaughtException: `init` may not be used as a schema pathname
Error: `init` may not be used as a schema pathname
    at Schema.path (C:\Users\gorel\Documents\KauelWorks\Ionic-Boilerplate\server\node_modules\mongoose\lib\schema.js:652:11)
    at Schema.add (C:\Users\gorel\Documents\KauelWorks\Ionic-Boilerplate\server\node_modules\mongoose\lib\schema.js:536:14)
    at new Schema (C:\Users\gorel\Documents\KauelWorks\Ionic-Boilerplate\server\node_modules\mongoose\lib\schema.js:132:10)
    at Schema.interpretAsType (C:\Users\gorel\Documents\KauelWorks\Ionic-Boilerplate\server\node_modules\mongoose\lib\schema.js:985:29)
    at Schema.path (C:\Users\gorel\Documents\KauelWorks\Ionic-Boilerplate\server\node_modules\mongoose\lib\schema.js:684:27)
    at Schema.add (C:\Users\gorel\Documents\KauelWorks\Ionic-Boilerplate\server\node_modules\mongoose\lib\schema.js:507:12)
    at new Schema (C:\Users\gorel\Documents\KauelWorks\Ionic-Boilerplate\server\node_modules\mongoose\lib\schema.js:132:10)
    at Object.<anonymous> (C:\Users\gorel\Documents\KauelWorks\Ionic-Boilerplate\server\src\models\organizations.model.ts:4:28)
    at Module._compile (internal/modules/cjs/loader.js:1085:14)
    at Module.m._compile (C:\Users\gorel\Documents\KauelWorks\Ionic-Boilerplate\server\node_modules\ts-node\src\index.ts:1371:23)
    at Module._extensions..js (internal/modules/cjs/loader.js:1114:10)
    at Object.require.extensions.<computed> [as .ts] (C:\Users\gorel\Documents\KauelWorks\Ionic-Boilerplate\server\node_modules\ts-node\src\index.ts:1374:12)
    at Module.load (internal/modules/cjs/loader.js:950:32)
    at Function.Module._load (internal/modules/cjs/loader.js:790:12)
    at Module.require (internal/modules/cjs/loader.js:974:19)
    at require (internal/modules/cjs/helpers.js:93:18)
2022-11-02 15:41:19 error: uncaughtException: `init` may not be used as a schema pathname
Error: `init` may not be used as a schema pathname
    at Schema.path (C:\Users\gorel\Documents\KauelWorks\Ionic-Boilerplate\server\node_modules\mongoose\lib\schema.js:652:11)
    at Schema.add (C:\Users\gorel\Documents\KauelWorks\Ionic-Boilerplate\server\node_modules\mongoose\lib\schema.js:536:14)
    at new Schema (C:\Users\gorel\Documents\KauelWorks\Ionic-Boilerplate\server\node_modules\mongoose\lib\schema.js:132:10)
    at Schema.interpretAsType (C:\Users\gorel\Documents\KauelWorks\Ionic-Boilerplate\server\node_modules\mongoose\lib\schema.js:985:29)
    at Schema.path (C:\Users\gorel\Documents\KauelWorks\Ionic-Boilerplate\server\node_modules\mongoose\lib\schema.js:684:27)
    at Schema.add (C:\Users\gorel\Documents\KauelWorks\Ionic-Boilerplate\server\node_modules\mongoose\lib\schema.js:507:12)
    at new Schema (C:\Users\gorel\Documents\KauelWorks\Ionic-Boilerplate\server\node_modules\mongoose\lib\schema.js:132:10)
    at Object.<anonymous> (C:\Users\gorel\Documents\KauelWorks\Ionic-Boilerplate\server\src\models\organizations.model.ts:4:28)
    at Module._compile (internal/modules/cjs/loader.js:1085:14)
    at Module.m._compile (C:\Users\gorel\Documents\KauelWorks\Ionic-Boilerplate\server\node_modules\ts-node\src\index.ts:1371:23)
    at Module._extensions..js (internal/modules/cjs/loader.js:1114:10)
    at Object.require.extensions.<computed> [as .ts] (C:\Users\gorel\Documents\KauelWorks\Ionic-Boilerplate\server\node_modules\ts-node\src\index.ts:1374:12)
    at Module.load (internal/modules/cjs/loader.js:950:32)
    at Function.Module._load (internal/modules/cjs/loader.js:790:12)
    at Module.require (internal/modules/cjs/loader.js:974:19)
    at require (internal/modules/cjs/helpers.js:93:18)
2022-11-02 15:42:27 error: uncaughtException: `init` may not be used as a schema pathname
Error: `init` may not be used as a schema pathname
    at Schema.path (C:\Users\gorel\Documents\KauelWorks\Ionic-Boilerplate\server\node_modules\mongoose\lib\schema.js:652:11)
    at Schema.add (C:\Users\gorel\Documents\KauelWorks\Ionic-Boilerplate\server\node_modules\mongoose\lib\schema.js:536:14)
    at new Schema (C:\Users\gorel\Documents\KauelWorks\Ionic-Boilerplate\server\node_modules\mongoose\lib\schema.js:132:10)
    at Schema.interpretAsType (C:\Users\gorel\Documents\KauelWorks\Ionic-Boilerplate\server\node_modules\mongoose\lib\schema.js:985:29)
    at Schema.path (C:\Users\gorel\Documents\KauelWorks\Ionic-Boilerplate\server\node_modules\mongoose\lib\schema.js:684:27)
    at Schema.add (C:\Users\gorel\Documents\KauelWorks\Ionic-Boilerplate\server\node_modules\mongoose\lib\schema.js:507:12)
    at new Schema (C:\Users\gorel\Documents\KauelWorks\Ionic-Boilerplate\server\node_modules\mongoose\lib\schema.js:132:10)
    at Object.<anonymous> (C:\Users\gorel\Documents\KauelWorks\Ionic-Boilerplate\server\src\models\organizations.model.ts:4:28)
    at Module._compile (internal/modules/cjs/loader.js:1085:14)
    at Module.m._compile (C:\Users\gorel\Documents\KauelWorks\Ionic-Boilerplate\server\node_modules\ts-node\src\index.ts:1371:23)
    at Module._extensions..js (internal/modules/cjs/loader.js:1114:10)
    at Object.require.extensions.<computed> [as .ts] (C:\Users\gorel\Documents\KauelWorks\Ionic-Boilerplate\server\node_modules\ts-node\src\index.ts:1374:12)
    at Module.load (internal/modules/cjs/loader.js:950:32)
    at Function.Module._load (internal/modules/cjs/loader.js:790:12)
    at Module.require (internal/modules/cjs/loader.js:974:19)
    at require (internal/modules/cjs/helpers.js:93:18)
2022-11-02 15:43:15 error: uncaughtException: `init` may not be used as a schema pathname
Error: `init` may not be used as a schema pathname
    at Schema.path (C:\Users\gorel\Documents\KauelWorks\Ionic-Boilerplate\server\node_modules\mongoose\lib\schema.js:652:11)
    at Schema.add (C:\Users\gorel\Documents\KauelWorks\Ionic-Boilerplate\server\node_modules\mongoose\lib\schema.js:536:14)
    at new Schema (C:\Users\gorel\Documents\KauelWorks\Ionic-Boilerplate\server\node_modules\mongoose\lib\schema.js:132:10)
    at Schema.interpretAsType (C:\Users\gorel\Documents\KauelWorks\Ionic-Boilerplate\server\node_modules\mongoose\lib\schema.js:985:29)
    at Schema.path (C:\Users\gorel\Documents\KauelWorks\Ionic-Boilerplate\server\node_modules\mongoose\lib\schema.js:684:27)
    at Schema.add (C:\Users\gorel\Documents\KauelWorks\Ionic-Boilerplate\server\node_modules\mongoose\lib\schema.js:507:12)
    at new Schema (C:\Users\gorel\Documents\KauelWorks\Ionic-Boilerplate\server\node_modules\mongoose\lib\schema.js:132:10)
    at Object.<anonymous> (C:\Users\gorel\Documents\KauelWorks\Ionic-Boilerplate\server\src\models\organizations.model.ts:4:28)
    at Module._compile (internal/modules/cjs/loader.js:1085:14)
    at Module.m._compile (C:\Users\gorel\Documents\KauelWorks\Ionic-Boilerplate\server\node_modules\ts-node\src\index.ts:1371:23)
    at Module._extensions..js (internal/modules/cjs/loader.js:1114:10)
    at Object.require.extensions.<computed> [as .ts] (C:\Users\gorel\Documents\KauelWorks\Ionic-Boilerplate\server\node_modules\ts-node\src\index.ts:1374:12)
    at Module.load (internal/modules/cjs/loader.js:950:32)
    at Function.Module._load (internal/modules/cjs/loader.js:790:12)
    at Module.require (internal/modules/cjs/loader.js:974:19)
    at require (internal/modules/cjs/helpers.js:93:18)
2022-11-02 15:48:55 error: uncaughtException: `init` may not be used as a schema pathname
Error: `init` may not be used as a schema pathname
    at Schema.path (C:\Users\gorel\Documents\KauelWorks\Ionic-Boilerplate\server\node_modules\mongoose\lib\schema.js:652:11)
    at Schema.add (C:\Users\gorel\Documents\KauelWorks\Ionic-Boilerplate\server\node_modules\mongoose\lib\schema.js:536:14)
    at new Schema (C:\Users\gorel\Documents\KauelWorks\Ionic-Boilerplate\server\node_modules\mongoose\lib\schema.js:132:10)
    at Schema.interpretAsType (C:\Users\gorel\Documents\KauelWorks\Ionic-Boilerplate\server\node_modules\mongoose\lib\schema.js:985:29)
    at Schema.path (C:\Users\gorel\Documents\KauelWorks\Ionic-Boilerplate\server\node_modules\mongoose\lib\schema.js:684:27)
    at Schema.add (C:\Users\gorel\Documents\KauelWorks\Ionic-Boilerplate\server\node_modules\mongoose\lib\schema.js:507:12)
    at new Schema (C:\Users\gorel\Documents\KauelWorks\Ionic-Boilerplate\server\node_modules\mongoose\lib\schema.js:132:10)
    at Object.<anonymous> (C:\Users\gorel\Documents\KauelWorks\Ionic-Boilerplate\server\src\models\organizations.model.ts:4:28)
    at Module._compile (internal/modules/cjs/loader.js:1085:14)
    at Module.m._compile (C:\Users\gorel\Documents\KauelWorks\Ionic-Boilerplate\server\node_modules\ts-node\src\index.ts:1371:23)
    at Module._extensions..js (internal/modules/cjs/loader.js:1114:10)
    at Object.require.extensions.<computed> [as .ts] (C:\Users\gorel\Documents\KauelWorks\Ionic-Boilerplate\server\node_modules\ts-node\src\index.ts:1374:12)
    at Module.load (internal/modules/cjs/loader.js:950:32)
    at Function.Module._load (internal/modules/cjs/loader.js:790:12)
    at Module.require (internal/modules/cjs/loader.js:974:19)
    at require (internal/modules/cjs/helpers.js:93:18)
2022-11-02 15:50:25 error: uncaughtException: `init` may not be used as a schema pathname
Error: `init` may not be used as a schema pathname
    at Schema.path (C:\Users\gorel\Documents\KauelWorks\Ionic-Boilerplate\server\node_modules\mongoose\lib\schema.js:652:11)
    at Schema.add (C:\Users\gorel\Documents\KauelWorks\Ionic-Boilerplate\server\node_modules\mongoose\lib\schema.js:536:14)
    at new Schema (C:\Users\gorel\Documents\KauelWorks\Ionic-Boilerplate\server\node_modules\mongoose\lib\schema.js:132:10)
    at Schema.interpretAsType (C:\Users\gorel\Documents\KauelWorks\Ionic-Boilerplate\server\node_modules\mongoose\lib\schema.js:985:29)
    at Schema.path (C:\Users\gorel\Documents\KauelWorks\Ionic-Boilerplate\server\node_modules\mongoose\lib\schema.js:684:27)
    at Schema.add (C:\Users\gorel\Documents\KauelWorks\Ionic-Boilerplate\server\node_modules\mongoose\lib\schema.js:507:12)
    at new Schema (C:\Users\gorel\Documents\KauelWorks\Ionic-Boilerplate\server\node_modules\mongoose\lib\schema.js:132:10)
    at Object.<anonymous> (C:\Users\gorel\Documents\KauelWorks\Ionic-Boilerplate\server\src\models\organizations.model.ts:4:28)
    at Module._compile (internal/modules/cjs/loader.js:1085:14)
    at Module.m._compile (C:\Users\gorel\Documents\KauelWorks\Ionic-Boilerplate\server\node_modules\ts-node\src\index.ts:1371:23)
    at Module._extensions..js (internal/modules/cjs/loader.js:1114:10)
    at Object.require.extensions.<computed> [as .ts] (C:\Users\gorel\Documents\KauelWorks\Ionic-Boilerplate\server\node_modules\ts-node\src\index.ts:1374:12)
    at Module.load (internal/modules/cjs/loader.js:950:32)
    at Function.Module._load (internal/modules/cjs/loader.js:790:12)
    at Module.require (internal/modules/cjs/loader.js:974:19)
    at require (internal/modules/cjs/helpers.js:93:18)
2022-11-02 15:51:36 error: uncaughtException: `init` may not be used as a schema pathname
Error: `init` may not be used as a schema pathname
    at Schema.path (C:\Users\gorel\Documents\KauelWorks\Ionic-Boilerplate\server\node_modules\mongoose\lib\schema.js:652:11)
    at Schema.add (C:\Users\gorel\Documents\KauelWorks\Ionic-Boilerplate\server\node_modules\mongoose\lib\schema.js:536:14)
    at new Schema (C:\Users\gorel\Documents\KauelWorks\Ionic-Boilerplate\server\node_modules\mongoose\lib\schema.js:132:10)
    at Schema.interpretAsType (C:\Users\gorel\Documents\KauelWorks\Ionic-Boilerplate\server\node_modules\mongoose\lib\schema.js:985:29)
    at Schema.path (C:\Users\gorel\Documents\KauelWorks\Ionic-Boilerplate\server\node_modules\mongoose\lib\schema.js:684:27)
    at Schema.add (C:\Users\gorel\Documents\KauelWorks\Ionic-Boilerplate\server\node_modules\mongoose\lib\schema.js:507:12)
    at new Schema (C:\Users\gorel\Documents\KauelWorks\Ionic-Boilerplate\server\node_modules\mongoose\lib\schema.js:132:10)
    at Object.<anonymous> (C:\Users\gorel\Documents\KauelWorks\Ionic-Boilerplate\server\src\models\organizations.model.ts:4:28)
    at Module._compile (internal/modules/cjs/loader.js:1085:14)
    at Module.m._compile (C:\Users\gorel\Documents\KauelWorks\Ionic-Boilerplate\server\node_modules\ts-node\src\index.ts:1371:23)
    at Module._extensions..js (internal/modules/cjs/loader.js:1114:10)
    at Object.require.extensions.<computed> [as .ts] (C:\Users\gorel\Documents\KauelWorks\Ionic-Boilerplate\server\node_modules\ts-node\src\index.ts:1374:12)
    at Module.load (internal/modules/cjs/loader.js:950:32)
    at Function.Module._load (internal/modules/cjs/loader.js:790:12)
    at Module.require (internal/modules/cjs/loader.js:974:19)
    at require (internal/modules/cjs/helpers.js:93:18)
2022-11-02 15:57:53 error: uncaughtException: `init` may not be used as a schema pathname
Error: `init` may not be used as a schema pathname
    at Schema.path (C:\Users\gorel\Documents\KauelWorks\Ionic-Boilerplate\server\node_modules\mongoose\lib\schema.js:652:11)
    at Schema.add (C:\Users\gorel\Documents\KauelWorks\Ionic-Boilerplate\server\node_modules\mongoose\lib\schema.js:536:14)
    at new Schema (C:\Users\gorel\Documents\KauelWorks\Ionic-Boilerplate\server\node_modules\mongoose\lib\schema.js:132:10)
    at Schema.interpretAsType (C:\Users\gorel\Documents\KauelWorks\Ionic-Boilerplate\server\node_modules\mongoose\lib\schema.js:985:29)
    at Schema.path (C:\Users\gorel\Documents\KauelWorks\Ionic-Boilerplate\server\node_modules\mongoose\lib\schema.js:684:27)
    at Schema.add (C:\Users\gorel\Documents\KauelWorks\Ionic-Boilerplate\server\node_modules\mongoose\lib\schema.js:507:12)
    at new Schema (C:\Users\gorel\Documents\KauelWorks\Ionic-Boilerplate\server\node_modules\mongoose\lib\schema.js:132:10)
    at Object.<anonymous> (C:\Users\gorel\Documents\KauelWorks\Ionic-Boilerplate\server\src\models\organizations.model.ts:4:28)
    at Module._compile (internal/modules/cjs/loader.js:1085:14)
    at Module.m._compile (C:\Users\gorel\Documents\KauelWorks\Ionic-Boilerplate\server\node_modules\ts-node\src\index.ts:1371:23)
    at Module._extensions..js (internal/modules/cjs/loader.js:1114:10)
    at Object.require.extensions.<computed> [as .ts] (C:\Users\gorel\Documents\KauelWorks\Ionic-Boilerplate\server\node_modules\ts-node\src\index.ts:1374:12)
    at Module.load (internal/modules/cjs/loader.js:950:32)
    at Function.Module._load (internal/modules/cjs/loader.js:790:12)
    at Module.require (internal/modules/cjs/loader.js:974:19)
    at require (internal/modules/cjs/helpers.js:93:18)
2022-11-02 16:03:11 error: uncaughtException: `init` may not be used as a schema pathname
Error: `init` may not be used as a schema pathname
    at Schema.path (C:\Users\gorel\Documents\KauelWorks\Ionic-Boilerplate\server\node_modules\mongoose\lib\schema.js:652:11)
    at Schema.add (C:\Users\gorel\Documents\KauelWorks\Ionic-Boilerplate\server\node_modules\mongoose\lib\schema.js:536:14)
    at new Schema (C:\Users\gorel\Documents\KauelWorks\Ionic-Boilerplate\server\node_modules\mongoose\lib\schema.js:132:10)
    at Schema.interpretAsType (C:\Users\gorel\Documents\KauelWorks\Ionic-Boilerplate\server\node_modules\mongoose\lib\schema.js:985:29)
    at Schema.path (C:\Users\gorel\Documents\KauelWorks\Ionic-Boilerplate\server\node_modules\mongoose\lib\schema.js:684:27)
    at Schema.add (C:\Users\gorel\Documents\KauelWorks\Ionic-Boilerplate\server\node_modules\mongoose\lib\schema.js:507:12)
    at new Schema (C:\Users\gorel\Documents\KauelWorks\Ionic-Boilerplate\server\node_modules\mongoose\lib\schema.js:132:10)
    at Object.<anonymous> (C:\Users\gorel\Documents\KauelWorks\Ionic-Boilerplate\server\src\models\organizations.model.ts:4:28)
    at Module._compile (internal/modules/cjs/loader.js:1085:14)
    at Module.m._compile (C:\Users\gorel\Documents\KauelWorks\Ionic-Boilerplate\server\node_modules\ts-node\src\index.ts:1371:23)
    at Module._extensions..js (internal/modules/cjs/loader.js:1114:10)
    at Object.require.extensions.<computed> [as .ts] (C:\Users\gorel\Documents\KauelWorks\Ionic-Boilerplate\server\node_modules\ts-node\src\index.ts:1374:12)
    at Module.load (internal/modules/cjs/loader.js:950:32)
    at Function.Module._load (internal/modules/cjs/loader.js:790:12)
    at Module.require (internal/modules/cjs/loader.js:974:19)
    at require (internal/modules/cjs/helpers.js:93:18)
2022-11-02 16:14:31 error: uncaughtException: `init` may not be used as a schema pathname
Error: `init` may not be used as a schema pathname
    at Schema.path (C:\Users\gorel\Documents\KauelWorks\Ionic-Boilerplate\server\node_modules\mongoose\lib\schema.js:652:11)
    at Schema.add (C:\Users\gorel\Documents\KauelWorks\Ionic-Boilerplate\server\node_modules\mongoose\lib\schema.js:536:14)
    at new Schema (C:\Users\gorel\Documents\KauelWorks\Ionic-Boilerplate\server\node_modules\mongoose\lib\schema.js:132:10)
    at Schema.interpretAsType (C:\Users\gorel\Documents\KauelWorks\Ionic-Boilerplate\server\node_modules\mongoose\lib\schema.js:985:29)
    at Schema.path (C:\Users\gorel\Documents\KauelWorks\Ionic-Boilerplate\server\node_modules\mongoose\lib\schema.js:684:27)
    at Schema.add (C:\Users\gorel\Documents\KauelWorks\Ionic-Boilerplate\server\node_modules\mongoose\lib\schema.js:507:12)
    at new Schema (C:\Users\gorel\Documents\KauelWorks\Ionic-Boilerplate\server\node_modules\mongoose\lib\schema.js:132:10)
    at Object.<anonymous> (C:\Users\gorel\Documents\KauelWorks\Ionic-Boilerplate\server\src\models\organizations.model.ts:4:28)
    at Module._compile (internal/modules/cjs/loader.js:1085:14)
    at Module.m._compile (C:\Users\gorel\Documents\KauelWorks\Ionic-Boilerplate\server\node_modules\ts-node\src\index.ts:1371:23)
    at Module._extensions..js (internal/modules/cjs/loader.js:1114:10)
    at Object.require.extensions.<computed> [as .ts] (C:\Users\gorel\Documents\KauelWorks\Ionic-Boilerplate\server\node_modules\ts-node\src\index.ts:1374:12)
    at Module.load (internal/modules/cjs/loader.js:950:32)
    at Function.Module._load (internal/modules/cjs/loader.js:790:12)
    at Module.require (internal/modules/cjs/loader.js:974:19)
    at require (internal/modules/cjs/helpers.js:93:18)
2022-11-02 16:17:43 error: uncaughtException: `init` may not be used as a schema pathname
Error: `init` may not be used as a schema pathname
    at Schema.path (C:\Users\gorel\Documents\KauelWorks\Ionic-Boilerplate\server\node_modules\mongoose\lib\schema.js:652:11)
    at Schema.add (C:\Users\gorel\Documents\KauelWorks\Ionic-Boilerplate\server\node_modules\mongoose\lib\schema.js:536:14)
    at new Schema (C:\Users\gorel\Documents\KauelWorks\Ionic-Boilerplate\server\node_modules\mongoose\lib\schema.js:132:10)
    at Schema.interpretAsType (C:\Users\gorel\Documents\KauelWorks\Ionic-Boilerplate\server\node_modules\mongoose\lib\schema.js:985:29)
    at Schema.path (C:\Users\gorel\Documents\KauelWorks\Ionic-Boilerplate\server\node_modules\mongoose\lib\schema.js:684:27)
    at Schema.add (C:\Users\gorel\Documents\KauelWorks\Ionic-Boilerplate\server\node_modules\mongoose\lib\schema.js:507:12)
    at new Schema (C:\Users\gorel\Documents\KauelWorks\Ionic-Boilerplate\server\node_modules\mongoose\lib\schema.js:132:10)
    at Object.<anonymous> (C:\Users\gorel\Documents\KauelWorks\Ionic-Boilerplate\server\src\models\organizations.model.ts:4:28)
    at Module._compile (internal/modules/cjs/loader.js:1085:14)
    at Module.m._compile (C:\Users\gorel\Documents\KauelWorks\Ionic-Boilerplate\server\node_modules\ts-node\src\index.ts:1371:23)
    at Module._extensions..js (internal/modules/cjs/loader.js:1114:10)
    at Object.require.extensions.<computed> [as .ts] (C:\Users\gorel\Documents\KauelWorks\Ionic-Boilerplate\server\node_modules\ts-node\src\index.ts:1374:12)
    at Module.load (internal/modules/cjs/loader.js:950:32)
    at Function.Module._load (internal/modules/cjs/loader.js:790:12)
    at Module.require (internal/modules/cjs/loader.js:974:19)
    at require (internal/modules/cjs/helpers.js:93:18)
2022-11-02 16:20:02 error: uncaughtException: `init` may not be used as a schema pathname
Error: `init` may not be used as a schema pathname
    at Schema.path (C:\Users\gorel\Documents\KauelWorks\Ionic-Boilerplate\server\node_modules\mongoose\lib\schema.js:652:11)
    at Schema.add (C:\Users\gorel\Documents\KauelWorks\Ionic-Boilerplate\server\node_modules\mongoose\lib\schema.js:536:14)
    at new Schema (C:\Users\gorel\Documents\KauelWorks\Ionic-Boilerplate\server\node_modules\mongoose\lib\schema.js:132:10)
    at Schema.interpretAsType (C:\Users\gorel\Documents\KauelWorks\Ionic-Boilerplate\server\node_modules\mongoose\lib\schema.js:985:29)
    at Schema.path (C:\Users\gorel\Documents\KauelWorks\Ionic-Boilerplate\server\node_modules\mongoose\lib\schema.js:684:27)
    at Schema.add (C:\Users\gorel\Documents\KauelWorks\Ionic-Boilerplate\server\node_modules\mongoose\lib\schema.js:507:12)
    at new Schema (C:\Users\gorel\Documents\KauelWorks\Ionic-Boilerplate\server\node_modules\mongoose\lib\schema.js:132:10)
    at Object.<anonymous> (C:\Users\gorel\Documents\KauelWorks\Ionic-Boilerplate\server\src\models\organizations.model.ts:4:28)
    at Module._compile (internal/modules/cjs/loader.js:1085:14)
    at Module.m._compile (C:\Users\gorel\Documents\KauelWorks\Ionic-Boilerplate\server\node_modules\ts-node\src\index.ts:1371:23)
    at Module._extensions..js (internal/modules/cjs/loader.js:1114:10)
    at Object.require.extensions.<computed> [as .ts] (C:\Users\gorel\Documents\KauelWorks\Ionic-Boilerplate\server\node_modules\ts-node\src\index.ts:1374:12)
    at Module.load (internal/modules/cjs/loader.js:950:32)
    at Function.Module._load (internal/modules/cjs/loader.js:790:12)
    at Module.require (internal/modules/cjs/loader.js:974:19)
    at require (internal/modules/cjs/helpers.js:93:18)
2022-11-02 16:23:31 error: uncaughtException: `init` may not be used as a schema pathname
Error: `init` may not be used as a schema pathname
    at Schema.path (C:\Users\gorel\Documents\KauelWorks\Ionic-Boilerplate\server\node_modules\mongoose\lib\schema.js:652:11)
    at Schema.add (C:\Users\gorel\Documents\KauelWorks\Ionic-Boilerplate\server\node_modules\mongoose\lib\schema.js:536:14)
    at new Schema (C:\Users\gorel\Documents\KauelWorks\Ionic-Boilerplate\server\node_modules\mongoose\lib\schema.js:132:10)
    at Schema.interpretAsType (C:\Users\gorel\Documents\KauelWorks\Ionic-Boilerplate\server\node_modules\mongoose\lib\schema.js:985:29)
    at Schema.path (C:\Users\gorel\Documents\KauelWorks\Ionic-Boilerplate\server\node_modules\mongoose\lib\schema.js:684:27)
    at Schema.add (C:\Users\gorel\Documents\KauelWorks\Ionic-Boilerplate\server\node_modules\mongoose\lib\schema.js:507:12)
    at new Schema (C:\Users\gorel\Documents\KauelWorks\Ionic-Boilerplate\server\node_modules\mongoose\lib\schema.js:132:10)
    at Object.<anonymous> (C:\Users\gorel\Documents\KauelWorks\Ionic-Boilerplate\server\src\models\organizations.model.ts:4:28)
    at Module._compile (internal/modules/cjs/loader.js:1085:14)
    at Module.m._compile (C:\Users\gorel\Documents\KauelWorks\Ionic-Boilerplate\server\node_modules\ts-node\src\index.ts:1371:23)
    at Module._extensions..js (internal/modules/cjs/loader.js:1114:10)
    at Object.require.extensions.<computed> [as .ts] (C:\Users\gorel\Documents\KauelWorks\Ionic-Boilerplate\server\node_modules\ts-node\src\index.ts:1374:12)
    at Module.load (internal/modules/cjs/loader.js:950:32)
    at Function.Module._load (internal/modules/cjs/loader.js:790:12)
    at Module.require (internal/modules/cjs/loader.js:974:19)
    at require (internal/modules/cjs/helpers.js:93:18)
2022-11-02 16:24:37 error: uncaughtException: `init` may not be used as a schema pathname
Error: `init` may not be used as a schema pathname
    at Schema.path (C:\Users\gorel\Documents\KauelWorks\Ionic-Boilerplate\server\node_modules\mongoose\lib\schema.js:652:11)
    at Schema.add (C:\Users\gorel\Documents\KauelWorks\Ionic-Boilerplate\server\node_modules\mongoose\lib\schema.js:536:14)
    at new Schema (C:\Users\gorel\Documents\KauelWorks\Ionic-Boilerplate\server\node_modules\mongoose\lib\schema.js:132:10)
    at Schema.interpretAsType (C:\Users\gorel\Documents\KauelWorks\Ionic-Boilerplate\server\node_modules\mongoose\lib\schema.js:985:29)
    at Schema.path (C:\Users\gorel\Documents\KauelWorks\Ionic-Boilerplate\server\node_modules\mongoose\lib\schema.js:684:27)
    at Schema.add (C:\Users\gorel\Documents\KauelWorks\Ionic-Boilerplate\server\node_modules\mongoose\lib\schema.js:507:12)
    at new Schema (C:\Users\gorel\Documents\KauelWorks\Ionic-Boilerplate\server\node_modules\mongoose\lib\schema.js:132:10)
    at Object.<anonymous> (C:\Users\gorel\Documents\KauelWorks\Ionic-Boilerplate\server\src\models\organizations.model.ts:4:28)
    at Module._compile (internal/modules/cjs/loader.js:1085:14)
    at Module.m._compile (C:\Users\gorel\Documents\KauelWorks\Ionic-Boilerplate\server\node_modules\ts-node\src\index.ts:1371:23)
    at Module._extensions..js (internal/modules/cjs/loader.js:1114:10)
    at Object.require.extensions.<computed> [as .ts] (C:\Users\gorel\Documents\KauelWorks\Ionic-Boilerplate\server\node_modules\ts-node\src\index.ts:1374:12)
    at Module.load (internal/modules/cjs/loader.js:950:32)
    at Function.Module._load (internal/modules/cjs/loader.js:790:12)
    at Module.require (internal/modules/cjs/loader.js:974:19)
    at require (internal/modules/cjs/helpers.js:93:18)
2022-11-02 16:26:14 error: uncaughtException: `init` may not be used as a schema pathname
Error: `init` may not be used as a schema pathname
    at Schema.path (C:\Users\gorel\Documents\KauelWorks\Ionic-Boilerplate\server\node_modules\mongoose\lib\schema.js:652:11)
    at Schema.add (C:\Users\gorel\Documents\KauelWorks\Ionic-Boilerplate\server\node_modules\mongoose\lib\schema.js:536:14)
    at new Schema (C:\Users\gorel\Documents\KauelWorks\Ionic-Boilerplate\server\node_modules\mongoose\lib\schema.js:132:10)
    at Schema.interpretAsType (C:\Users\gorel\Documents\KauelWorks\Ionic-Boilerplate\server\node_modules\mongoose\lib\schema.js:985:29)
    at Schema.path (C:\Users\gorel\Documents\KauelWorks\Ionic-Boilerplate\server\node_modules\mongoose\lib\schema.js:684:27)
    at Schema.add (C:\Users\gorel\Documents\KauelWorks\Ionic-Boilerplate\server\node_modules\mongoose\lib\schema.js:507:12)
    at new Schema (C:\Users\gorel\Documents\KauelWorks\Ionic-Boilerplate\server\node_modules\mongoose\lib\schema.js:132:10)
    at Object.<anonymous> (C:\Users\gorel\Documents\KauelWorks\Ionic-Boilerplate\server\src\models\organizations.model.ts:4:28)
    at Module._compile (internal/modules/cjs/loader.js:1085:14)
    at Module.m._compile (C:\Users\gorel\Documents\KauelWorks\Ionic-Boilerplate\server\node_modules\ts-node\src\index.ts:1371:23)
    at Module._extensions..js (internal/modules/cjs/loader.js:1114:10)
    at Object.require.extensions.<computed> [as .ts] (C:\Users\gorel\Documents\KauelWorks\Ionic-Boilerplate\server\node_modules\ts-node\src\index.ts:1374:12)
    at Module.load (internal/modules/cjs/loader.js:950:32)
    at Function.Module._load (internal/modules/cjs/loader.js:790:12)
    at Module.require (internal/modules/cjs/loader.js:974:19)
    at require (internal/modules/cjs/helpers.js:93:18)
2022-11-02 16:31:20 error: uncaughtException: `init` may not be used as a schema pathname
Error: `init` may not be used as a schema pathname
    at Schema.path (C:\Users\gorel\Documents\KauelWorks\Ionic-Boilerplate\server\node_modules\mongoose\lib\schema.js:652:11)
    at Schema.add (C:\Users\gorel\Documents\KauelWorks\Ionic-Boilerplate\server\node_modules\mongoose\lib\schema.js:536:14)
    at new Schema (C:\Users\gorel\Documents\KauelWorks\Ionic-Boilerplate\server\node_modules\mongoose\lib\schema.js:132:10)
    at Schema.interpretAsType (C:\Users\gorel\Documents\KauelWorks\Ionic-Boilerplate\server\node_modules\mongoose\lib\schema.js:985:29)
    at Schema.path (C:\Users\gorel\Documents\KauelWorks\Ionic-Boilerplate\server\node_modules\mongoose\lib\schema.js:684:27)
    at Schema.add (C:\Users\gorel\Documents\KauelWorks\Ionic-Boilerplate\server\node_modules\mongoose\lib\schema.js:507:12)
    at new Schema (C:\Users\gorel\Documents\KauelWorks\Ionic-Boilerplate\server\node_modules\mongoose\lib\schema.js:132:10)
    at Object.<anonymous> (C:\Users\gorel\Documents\KauelWorks\Ionic-Boilerplate\server\src\models\organizations.model.ts:4:28)
    at Module._compile (internal/modules/cjs/loader.js:1085:14)
    at Module.m._compile (C:\Users\gorel\Documents\KauelWorks\Ionic-Boilerplate\server\node_modules\ts-node\src\index.ts:1371:23)
    at Module._extensions..js (internal/modules/cjs/loader.js:1114:10)
    at Object.require.extensions.<computed> [as .ts] (C:\Users\gorel\Documents\KauelWorks\Ionic-Boilerplate\server\node_modules\ts-node\src\index.ts:1374:12)
    at Module.load (internal/modules/cjs/loader.js:950:32)
    at Function.Module._load (internal/modules/cjs/loader.js:790:12)
    at Module.require (internal/modules/cjs/loader.js:974:19)
    at require (internal/modules/cjs/helpers.js:93:18)
2022-11-02 16:32:02 error: uncaughtException: `init` may not be used as a schema pathname
Error: `init` may not be used as a schema pathname
    at Schema.path (C:\Users\gorel\Documents\KauelWorks\Ionic-Boilerplate\server\node_modules\mongoose\lib\schema.js:652:11)
    at Schema.add (C:\Users\gorel\Documents\KauelWorks\Ionic-Boilerplate\server\node_modules\mongoose\lib\schema.js:536:14)
    at new Schema (C:\Users\gorel\Documents\KauelWorks\Ionic-Boilerplate\server\node_modules\mongoose\lib\schema.js:132:10)
    at Schema.interpretAsType (C:\Users\gorel\Documents\KauelWorks\Ionic-Boilerplate\server\node_modules\mongoose\lib\schema.js:985:29)
    at Schema.path (C:\Users\gorel\Documents\KauelWorks\Ionic-Boilerplate\server\node_modules\mongoose\lib\schema.js:684:27)
    at Schema.add (C:\Users\gorel\Documents\KauelWorks\Ionic-Boilerplate\server\node_modules\mongoose\lib\schema.js:507:12)
    at new Schema (C:\Users\gorel\Documents\KauelWorks\Ionic-Boilerplate\server\node_modules\mongoose\lib\schema.js:132:10)
    at Object.<anonymous> (C:\Users\gorel\Documents\KauelWorks\Ionic-Boilerplate\server\src\models\organizations.model.ts:4:28)
    at Module._compile (internal/modules/cjs/loader.js:1085:14)
    at Module.m._compile (C:\Users\gorel\Documents\KauelWorks\Ionic-Boilerplate\server\node_modules\ts-node\src\index.ts:1371:23)
    at Module._extensions..js (internal/modules/cjs/loader.js:1114:10)
    at Object.require.extensions.<computed> [as .ts] (C:\Users\gorel\Documents\KauelWorks\Ionic-Boilerplate\server\node_modules\ts-node\src\index.ts:1374:12)
    at Module.load (internal/modules/cjs/loader.js:950:32)
    at Function.Module._load (internal/modules/cjs/loader.js:790:12)
    at Module.require (internal/modules/cjs/loader.js:974:19)
    at require (internal/modules/cjs/helpers.js:93:18)
2022-11-02 16:47:22 error: uncaughtException: `init` may not be used as a schema pathname
Error: `init` may not be used as a schema pathname
    at Schema.path (C:\Users\gorel\Documents\KauelWorks\Ionic-Boilerplate\server\node_modules\mongoose\lib\schema.js:652:11)
    at Schema.add (C:\Users\gorel\Documents\KauelWorks\Ionic-Boilerplate\server\node_modules\mongoose\lib\schema.js:536:14)
    at new Schema (C:\Users\gorel\Documents\KauelWorks\Ionic-Boilerplate\server\node_modules\mongoose\lib\schema.js:132:10)
    at Schema.interpretAsType (C:\Users\gorel\Documents\KauelWorks\Ionic-Boilerplate\server\node_modules\mongoose\lib\schema.js:985:29)
    at Schema.path (C:\Users\gorel\Documents\KauelWorks\Ionic-Boilerplate\server\node_modules\mongoose\lib\schema.js:684:27)
    at Schema.add (C:\Users\gorel\Documents\KauelWorks\Ionic-Boilerplate\server\node_modules\mongoose\lib\schema.js:507:12)
    at new Schema (C:\Users\gorel\Documents\KauelWorks\Ionic-Boilerplate\server\node_modules\mongoose\lib\schema.js:132:10)
    at Object.<anonymous> (C:\Users\gorel\Documents\KauelWorks\Ionic-Boilerplate\server\src\models\organizations.model.ts:4:28)
    at Module._compile (internal/modules/cjs/loader.js:1085:14)
    at Module.m._compile (C:\Users\gorel\Documents\KauelWorks\Ionic-Boilerplate\server\node_modules\ts-node\src\index.ts:1371:23)
    at Module._extensions..js (internal/modules/cjs/loader.js:1114:10)
    at Object.require.extensions.<computed> [as .ts] (C:\Users\gorel\Documents\KauelWorks\Ionic-Boilerplate\server\node_modules\ts-node\src\index.ts:1374:12)
    at Module.load (internal/modules/cjs/loader.js:950:32)
    at Function.Module._load (internal/modules/cjs/loader.js:790:12)
    at Module.require (internal/modules/cjs/loader.js:974:19)
    at require (internal/modules/cjs/helpers.js:93:18)
2022-11-02 16:51:00 error: uncaughtException: `init` may not be used as a schema pathname
Error: `init` may not be used as a schema pathname
    at Schema.path (C:\Users\gorel\Documents\KauelWorks\Ionic-Boilerplate\server\node_modules\mongoose\lib\schema.js:652:11)
    at Schema.add (C:\Users\gorel\Documents\KauelWorks\Ionic-Boilerplate\server\node_modules\mongoose\lib\schema.js:536:14)
    at new Schema (C:\Users\gorel\Documents\KauelWorks\Ionic-Boilerplate\server\node_modules\mongoose\lib\schema.js:132:10)
    at Schema.interpretAsType (C:\Users\gorel\Documents\KauelWorks\Ionic-Boilerplate\server\node_modules\mongoose\lib\schema.js:985:29)
    at Schema.path (C:\Users\gorel\Documents\KauelWorks\Ionic-Boilerplate\server\node_modules\mongoose\lib\schema.js:684:27)
    at Schema.add (C:\Users\gorel\Documents\KauelWorks\Ionic-Boilerplate\server\node_modules\mongoose\lib\schema.js:507:12)
    at new Schema (C:\Users\gorel\Documents\KauelWorks\Ionic-Boilerplate\server\node_modules\mongoose\lib\schema.js:132:10)
    at Object.<anonymous> (C:\Users\gorel\Documents\KauelWorks\Ionic-Boilerplate\server\src\models\organizations.model.ts:4:28)
    at Module._compile (internal/modules/cjs/loader.js:1085:14)
    at Module.m._compile (C:\Users\gorel\Documents\KauelWorks\Ionic-Boilerplate\server\node_modules\ts-node\src\index.ts:1371:23)
    at Module._extensions..js (internal/modules/cjs/loader.js:1114:10)
    at Object.require.extensions.<computed> [as .ts] (C:\Users\gorel\Documents\KauelWorks\Ionic-Boilerplate\server\node_modules\ts-node\src\index.ts:1374:12)
    at Module.load (internal/modules/cjs/loader.js:950:32)
    at Function.Module._load (internal/modules/cjs/loader.js:790:12)
    at Module.require (internal/modules/cjs/loader.js:974:19)
    at require (internal/modules/cjs/helpers.js:93:18)
2022-11-02 16:52:29 error: uncaughtException: `init` may not be used as a schema pathname
Error: `init` may not be used as a schema pathname
    at Schema.path (C:\Users\gorel\Documents\KauelWorks\Ionic-Boilerplate\server\node_modules\mongoose\lib\schema.js:652:11)
    at Schema.add (C:\Users\gorel\Documents\KauelWorks\Ionic-Boilerplate\server\node_modules\mongoose\lib\schema.js:536:14)
    at new Schema (C:\Users\gorel\Documents\KauelWorks\Ionic-Boilerplate\server\node_modules\mongoose\lib\schema.js:132:10)
    at Schema.interpretAsType (C:\Users\gorel\Documents\KauelWorks\Ionic-Boilerplate\server\node_modules\mongoose\lib\schema.js:985:29)
    at Schema.path (C:\Users\gorel\Documents\KauelWorks\Ionic-Boilerplate\server\node_modules\mongoose\lib\schema.js:684:27)
    at Schema.add (C:\Users\gorel\Documents\KauelWorks\Ionic-Boilerplate\server\node_modules\mongoose\lib\schema.js:507:12)
    at new Schema (C:\Users\gorel\Documents\KauelWorks\Ionic-Boilerplate\server\node_modules\mongoose\lib\schema.js:132:10)
    at Object.<anonymous> (C:\Users\gorel\Documents\KauelWorks\Ionic-Boilerplate\server\src\models\organizations.model.ts:4:28)
    at Module._compile (internal/modules/cjs/loader.js:1085:14)
    at Module.m._compile (C:\Users\gorel\Documents\KauelWorks\Ionic-Boilerplate\server\node_modules\ts-node\src\index.ts:1371:23)
    at Module._extensions..js (internal/modules/cjs/loader.js:1114:10)
    at Object.require.extensions.<computed> [as .ts] (C:\Users\gorel\Documents\KauelWorks\Ionic-Boilerplate\server\node_modules\ts-node\src\index.ts:1374:12)
    at Module.load (internal/modules/cjs/loader.js:950:32)
    at Function.Module._load (internal/modules/cjs/loader.js:790:12)
    at Module.require (internal/modules/cjs/loader.js:974:19)
    at require (internal/modules/cjs/helpers.js:93:18)
2022-11-02 16:53:45 error: uncaughtException: `init` may not be used as a schema pathname
Error: `init` may not be used as a schema pathname
    at Schema.path (C:\Users\gorel\Documents\KauelWorks\Ionic-Boilerplate\server\node_modules\mongoose\lib\schema.js:652:11)
    at Schema.add (C:\Users\gorel\Documents\KauelWorks\Ionic-Boilerplate\server\node_modules\mongoose\lib\schema.js:536:14)
    at new Schema (C:\Users\gorel\Documents\KauelWorks\Ionic-Boilerplate\server\node_modules\mongoose\lib\schema.js:132:10)
    at Schema.interpretAsType (C:\Users\gorel\Documents\KauelWorks\Ionic-Boilerplate\server\node_modules\mongoose\lib\schema.js:985:29)
    at Schema.path (C:\Users\gorel\Documents\KauelWorks\Ionic-Boilerplate\server\node_modules\mongoose\lib\schema.js:684:27)
    at Schema.add (C:\Users\gorel\Documents\KauelWorks\Ionic-Boilerplate\server\node_modules\mongoose\lib\schema.js:507:12)
    at new Schema (C:\Users\gorel\Documents\KauelWorks\Ionic-Boilerplate\server\node_modules\mongoose\lib\schema.js:132:10)
    at Object.<anonymous> (C:\Users\gorel\Documents\KauelWorks\Ionic-Boilerplate\server\src\models\organizations.model.ts:4:28)
    at Module._compile (internal/modules/cjs/loader.js:1085:14)
    at Module.m._compile (C:\Users\gorel\Documents\KauelWorks\Ionic-Boilerplate\server\node_modules\ts-node\src\index.ts:1371:23)
    at Module._extensions..js (internal/modules/cjs/loader.js:1114:10)
    at Object.require.extensions.<computed> [as .ts] (C:\Users\gorel\Documents\KauelWorks\Ionic-Boilerplate\server\node_modules\ts-node\src\index.ts:1374:12)
    at Module.load (internal/modules/cjs/loader.js:950:32)
    at Function.Module._load (internal/modules/cjs/loader.js:790:12)
    at Module.require (internal/modules/cjs/loader.js:974:19)
    at require (internal/modules/cjs/helpers.js:93:18)
2022-11-02 16:54:31 error: uncaughtException: `init` may not be used as a schema pathname
Error: `init` may not be used as a schema pathname
    at Schema.path (C:\Users\gorel\Documents\KauelWorks\Ionic-Boilerplate\server\node_modules\mongoose\lib\schema.js:652:11)
    at Schema.add (C:\Users\gorel\Documents\KauelWorks\Ionic-Boilerplate\server\node_modules\mongoose\lib\schema.js:536:14)
    at new Schema (C:\Users\gorel\Documents\KauelWorks\Ionic-Boilerplate\server\node_modules\mongoose\lib\schema.js:132:10)
    at Schema.interpretAsType (C:\Users\gorel\Documents\KauelWorks\Ionic-Boilerplate\server\node_modules\mongoose\lib\schema.js:985:29)
    at Schema.path (C:\Users\gorel\Documents\KauelWorks\Ionic-Boilerplate\server\node_modules\mongoose\lib\schema.js:684:27)
    at Schema.add (C:\Users\gorel\Documents\KauelWorks\Ionic-Boilerplate\server\node_modules\mongoose\lib\schema.js:507:12)
    at new Schema (C:\Users\gorel\Documents\KauelWorks\Ionic-Boilerplate\server\node_modules\mongoose\lib\schema.js:132:10)
    at Object.<anonymous> (C:\Users\gorel\Documents\KauelWorks\Ionic-Boilerplate\server\src\models\organizations.model.ts:4:28)
    at Module._compile (internal/modules/cjs/loader.js:1085:14)
    at Module.m._compile (C:\Users\gorel\Documents\KauelWorks\Ionic-Boilerplate\server\node_modules\ts-node\src\index.ts:1371:23)
    at Module._extensions..js (internal/modules/cjs/loader.js:1114:10)
    at Object.require.extensions.<computed> [as .ts] (C:\Users\gorel\Documents\KauelWorks\Ionic-Boilerplate\server\node_modules\ts-node\src\index.ts:1374:12)
    at Module.load (internal/modules/cjs/loader.js:950:32)
    at Function.Module._load (internal/modules/cjs/loader.js:790:12)
    at Module.require (internal/modules/cjs/loader.js:974:19)
    at require (internal/modules/cjs/helpers.js:93:18)
2022-11-02 16:54:54 error: uncaughtException: `init` may not be used as a schema pathname
Error: `init` may not be used as a schema pathname
    at Schema.path (C:\Users\gorel\Documents\KauelWorks\Ionic-Boilerplate\server\node_modules\mongoose\lib\schema.js:652:11)
    at Schema.add (C:\Users\gorel\Documents\KauelWorks\Ionic-Boilerplate\server\node_modules\mongoose\lib\schema.js:536:14)
    at new Schema (C:\Users\gorel\Documents\KauelWorks\Ionic-Boilerplate\server\node_modules\mongoose\lib\schema.js:132:10)
    at Schema.interpretAsType (C:\Users\gorel\Documents\KauelWorks\Ionic-Boilerplate\server\node_modules\mongoose\lib\schema.js:985:29)
    at Schema.path (C:\Users\gorel\Documents\KauelWorks\Ionic-Boilerplate\server\node_modules\mongoose\lib\schema.js:684:27)
    at Schema.add (C:\Users\gorel\Documents\KauelWorks\Ionic-Boilerplate\server\node_modules\mongoose\lib\schema.js:507:12)
    at new Schema (C:\Users\gorel\Documents\KauelWorks\Ionic-Boilerplate\server\node_modules\mongoose\lib\schema.js:132:10)
    at Object.<anonymous> (C:\Users\gorel\Documents\KauelWorks\Ionic-Boilerplate\server\src\models\organizations.model.ts:4:28)
    at Module._compile (internal/modules/cjs/loader.js:1085:14)
    at Module.m._compile (C:\Users\gorel\Documents\KauelWorks\Ionic-Boilerplate\server\node_modules\ts-node\src\index.ts:1371:23)
    at Module._extensions..js (internal/modules/cjs/loader.js:1114:10)
    at Object.require.extensions.<computed> [as .ts] (C:\Users\gorel\Documents\KauelWorks\Ionic-Boilerplate\server\node_modules\ts-node\src\index.ts:1374:12)
    at Module.load (internal/modules/cjs/loader.js:950:32)
    at Function.Module._load (internal/modules/cjs/loader.js:790:12)
    at Module.require (internal/modules/cjs/loader.js:974:19)
    at require (internal/modules/cjs/helpers.js:93:18)
2022-11-02 16:56:20 error: uncaughtException: `init` may not be used as a schema pathname
Error: `init` may not be used as a schema pathname
    at Schema.path (C:\Users\gorel\Documents\KauelWorks\Ionic-Boilerplate\server\node_modules\mongoose\lib\schema.js:652:11)
    at Schema.add (C:\Users\gorel\Documents\KauelWorks\Ionic-Boilerplate\server\node_modules\mongoose\lib\schema.js:536:14)
    at new Schema (C:\Users\gorel\Documents\KauelWorks\Ionic-Boilerplate\server\node_modules\mongoose\lib\schema.js:132:10)
    at Schema.interpretAsType (C:\Users\gorel\Documents\KauelWorks\Ionic-Boilerplate\server\node_modules\mongoose\lib\schema.js:985:29)
    at Schema.path (C:\Users\gorel\Documents\KauelWorks\Ionic-Boilerplate\server\node_modules\mongoose\lib\schema.js:684:27)
    at Schema.add (C:\Users\gorel\Documents\KauelWorks\Ionic-Boilerplate\server\node_modules\mongoose\lib\schema.js:507:12)
    at new Schema (C:\Users\gorel\Documents\KauelWorks\Ionic-Boilerplate\server\node_modules\mongoose\lib\schema.js:132:10)
    at Object.<anonymous> (C:\Users\gorel\Documents\KauelWorks\Ionic-Boilerplate\server\src\models\organizations.model.ts:4:28)
    at Module._compile (internal/modules/cjs/loader.js:1085:14)
    at Module.m._compile (C:\Users\gorel\Documents\KauelWorks\Ionic-Boilerplate\server\node_modules\ts-node\src\index.ts:1371:23)
    at Module._extensions..js (internal/modules/cjs/loader.js:1114:10)
    at Object.require.extensions.<computed> [as .ts] (C:\Users\gorel\Documents\KauelWorks\Ionic-Boilerplate\server\node_modules\ts-node\src\index.ts:1374:12)
    at Module.load (internal/modules/cjs/loader.js:950:32)
    at Function.Module._load (internal/modules/cjs/loader.js:790:12)
    at Module.require (internal/modules/cjs/loader.js:974:19)
    at require (internal/modules/cjs/helpers.js:93:18)
2022-11-02 17:00:33 error: uncaughtException: `init` may not be used as a schema pathname
Error: `init` may not be used as a schema pathname
    at Schema.path (C:\Users\gorel\Documents\KauelWorks\Ionic-Boilerplate\server\node_modules\mongoose\lib\schema.js:652:11)
    at Schema.add (C:\Users\gorel\Documents\KauelWorks\Ionic-Boilerplate\server\node_modules\mongoose\lib\schema.js:536:14)
    at new Schema (C:\Users\gorel\Documents\KauelWorks\Ionic-Boilerplate\server\node_modules\mongoose\lib\schema.js:132:10)
    at Schema.interpretAsType (C:\Users\gorel\Documents\KauelWorks\Ionic-Boilerplate\server\node_modules\mongoose\lib\schema.js:985:29)
    at Schema.path (C:\Users\gorel\Documents\KauelWorks\Ionic-Boilerplate\server\node_modules\mongoose\lib\schema.js:684:27)
    at Schema.add (C:\Users\gorel\Documents\KauelWorks\Ionic-Boilerplate\server\node_modules\mongoose\lib\schema.js:507:12)
    at new Schema (C:\Users\gorel\Documents\KauelWorks\Ionic-Boilerplate\server\node_modules\mongoose\lib\schema.js:132:10)
    at Object.<anonymous> (C:\Users\gorel\Documents\KauelWorks\Ionic-Boilerplate\server\src\models\organizations.model.ts:4:28)
    at Module._compile (internal/modules/cjs/loader.js:1085:14)
    at Module.m._compile (C:\Users\gorel\AppData\Roaming\npm\node_modules\ts-node\src\index.ts:1371:23)
    at Module._extensions..js (internal/modules/cjs/loader.js:1114:10)
    at Object.require.extensions.<computed> [as .ts] (C:\Users\gorel\AppData\Roaming\npm\node_modules\ts-node\src\index.ts:1374:12)
    at Module.load (internal/modules/cjs/loader.js:950:32)
    at Function.Module._load (internal/modules/cjs/loader.js:790:12)
    at Module.require (internal/modules/cjs/loader.js:974:19)
    at require (internal/modules/cjs/helpers.js:93:18)
2022-11-02 17:04:48 error: uncaughtException: `init` may not be used as a schema pathname
Error: `init` may not be used as a schema pathname
    at Schema.path (C:\Users\gorel\Documents\KauelWorks\Ionic-Boilerplate\server\node_modules\mongoose\lib\schema.js:652:11)
    at Schema.add (C:\Users\gorel\Documents\KauelWorks\Ionic-Boilerplate\server\node_modules\mongoose\lib\schema.js:536:14)
    at new Schema (C:\Users\gorel\Documents\KauelWorks\Ionic-Boilerplate\server\node_modules\mongoose\lib\schema.js:132:10)
    at Schema.interpretAsType (C:\Users\gorel\Documents\KauelWorks\Ionic-Boilerplate\server\node_modules\mongoose\lib\schema.js:985:29)
    at Schema.path (C:\Users\gorel\Documents\KauelWorks\Ionic-Boilerplate\server\node_modules\mongoose\lib\schema.js:684:27)
    at Schema.add (C:\Users\gorel\Documents\KauelWorks\Ionic-Boilerplate\server\node_modules\mongoose\lib\schema.js:507:12)
    at new Schema (C:\Users\gorel\Documents\KauelWorks\Ionic-Boilerplate\server\node_modules\mongoose\lib\schema.js:132:10)
    at Object.<anonymous> (C:\Users\gorel\Documents\KauelWorks\Ionic-Boilerplate\server\src\models\organizations.model.ts:4:28)
    at Module._compile (internal/modules/cjs/loader.js:1085:14)
    at Module.m._compile (C:\Users\gorel\Documents\KauelWorks\Ionic-Boilerplate\server\node_modules\ts-node\src\index.ts:1371:23)
    at Module._extensions..js (internal/modules/cjs/loader.js:1114:10)
    at Object.require.extensions.<computed> [as .ts] (C:\Users\gorel\Documents\KauelWorks\Ionic-Boilerplate\server\node_modules\ts-node\src\index.ts:1374:12)
    at Module.load (internal/modules/cjs/loader.js:950:32)
    at Function.Module._load (internal/modules/cjs/loader.js:790:12)
    at Module.require (internal/modules/cjs/loader.js:974:19)
    at require (internal/modules/cjs/helpers.js:93:18)
2022-11-02 17:09:19 error: uncaughtException: `init` may not be used as a schema pathname
Error: `init` may not be used as a schema pathname
    at Schema.path (C:\Users\gorel\Documents\KauelWorks\Ionic-Boilerplate\server\node_modules\mongoose\lib\schema.js:652:11)
    at Schema.add (C:\Users\gorel\Documents\KauelWorks\Ionic-Boilerplate\server\node_modules\mongoose\lib\schema.js:536:14)
    at new Schema (C:\Users\gorel\Documents\KauelWorks\Ionic-Boilerplate\server\node_modules\mongoose\lib\schema.js:132:10)
    at Schema.interpretAsType (C:\Users\gorel\Documents\KauelWorks\Ionic-Boilerplate\server\node_modules\mongoose\lib\schema.js:985:29)
    at Schema.path (C:\Users\gorel\Documents\KauelWorks\Ionic-Boilerplate\server\node_modules\mongoose\lib\schema.js:684:27)
    at Schema.add (C:\Users\gorel\Documents\KauelWorks\Ionic-Boilerplate\server\node_modules\mongoose\lib\schema.js:507:12)
    at new Schema (C:\Users\gorel\Documents\KauelWorks\Ionic-Boilerplate\server\node_modules\mongoose\lib\schema.js:132:10)
    at Object.<anonymous> (C:\Users\gorel\Documents\KauelWorks\Ionic-Boilerplate\server\src\models\organizations.model.ts:4:28)
    at Module._compile (internal/modules/cjs/loader.js:1085:14)
    at Module.m._compile (C:\Users\gorel\Documents\KauelWorks\Ionic-Boilerplate\server\node_modules\ts-node\src\index.ts:1371:23)
    at Module._extensions..js (internal/modules/cjs/loader.js:1114:10)
    at Object.require.extensions.<computed> [as .ts] (C:\Users\gorel\Documents\KauelWorks\Ionic-Boilerplate\server\node_modules\ts-node\src\index.ts:1374:12)
    at Module.load (internal/modules/cjs/loader.js:950:32)
    at Function.Module._load (internal/modules/cjs/loader.js:790:12)
    at Module.require (internal/modules/cjs/loader.js:974:19)
    at require (internal/modules/cjs/helpers.js:93:18)
2022-11-02 17:10:11 error: uncaughtException: `init` may not be used as a schema pathname
Error: `init` may not be used as a schema pathname
    at Schema.path (C:\Users\gorel\Documents\KauelWorks\Ionic-Boilerplate\server\node_modules\mongoose\lib\schema.js:652:11)
    at Schema.add (C:\Users\gorel\Documents\KauelWorks\Ionic-Boilerplate\server\node_modules\mongoose\lib\schema.js:536:14)
    at new Schema (C:\Users\gorel\Documents\KauelWorks\Ionic-Boilerplate\server\node_modules\mongoose\lib\schema.js:132:10)
    at Schema.interpretAsType (C:\Users\gorel\Documents\KauelWorks\Ionic-Boilerplate\server\node_modules\mongoose\lib\schema.js:985:29)
    at Schema.path (C:\Users\gorel\Documents\KauelWorks\Ionic-Boilerplate\server\node_modules\mongoose\lib\schema.js:684:27)
    at Schema.add (C:\Users\gorel\Documents\KauelWorks\Ionic-Boilerplate\server\node_modules\mongoose\lib\schema.js:507:12)
    at new Schema (C:\Users\gorel\Documents\KauelWorks\Ionic-Boilerplate\server\node_modules\mongoose\lib\schema.js:132:10)
    at Object.<anonymous> (C:\Users\gorel\Documents\KauelWorks\Ionic-Boilerplate\server\src\models\organizations.model.ts:4:28)
    at Module._compile (internal/modules/cjs/loader.js:1085:14)
    at Module.m._compile (C:\Users\gorel\Documents\KauelWorks\Ionic-Boilerplate\server\node_modules\ts-node\src\index.ts:1371:23)
    at Module._extensions..js (internal/modules/cjs/loader.js:1114:10)
    at Object.require.extensions.<computed> [as .ts] (C:\Users\gorel\Documents\KauelWorks\Ionic-Boilerplate\server\node_modules\ts-node\src\index.ts:1374:12)
    at Module.load (internal/modules/cjs/loader.js:950:32)
    at Function.Module._load (internal/modules/cjs/loader.js:790:12)
    at Module.require (internal/modules/cjs/loader.js:974:19)
    at require (internal/modules/cjs/helpers.js:93:18)
2022-11-02 17:47:45 error: [POST] /api/login >> StatusCode:: 409, Message:: Email  no encontrado
2022-11-02 18:50:34 error: [POST] /api/login >> StatusCode:: 409, Message:: Email  no encontrado
