2022-07-01 15:37:17 error: uncaughtException: listen EADDRINUSE: address already in use :::5100
Error: listen EADDRINUSE: address already in use :::5100
    at Server.setupListenHandle [as _listen2] (net.js:1331:16)
    at listenInCluster (net.js:1379:12)
    at Server.listen (net.js:1465:7)
    at Function.listen (C:\Users\gorel\Documents\Tesso\Sigma\Sigma-App\server\node_modules\express\lib\application.js:618:24)
    at App.listen (C:\Users\gorel\Documents\Tesso\Sigma\Sigma-App\server\src\app.ts:45:18)
    at startServer (C:\Users\gorel\Documents\Tesso\Sigma\Sigma-App\server\src\server.ts:22:9)
    at processTicksAndRejections (internal/process/task_queues.js:95:5)
2022-07-01 15:41:25 error: uncaughtException: listen EADDRINUSE: address already in use :::5100
Error: listen EADDRINUSE: address already in use :::5100
    at Server.setupListenHandle [as _listen2] (net.js:1331:16)
    at listenInCluster (net.js:1379:12)
    at Server.listen (net.js:1465:7)
    at Function.listen (C:\Users\gorel\Documents\Tesso\Sigma\Sigma-App\server\node_modules\express\lib\application.js:618:24)
    at App.listen (C:\Users\gorel\Documents\Tesso\Sigma\Sigma-App\server\src\app.ts:45:18)
    at startServer (C:\Users\gorel\Documents\Tesso\Sigma\Sigma-App\server\src\server.ts:22:9)
    at processTicksAndRejections (internal/process/task_queues.js:95:5)
2022-07-01 15:42:46 error: uncaughtException: listen EADDRINUSE: address already in use :::5100
Error: listen EADDRINUSE: address already in use :::5100
    at Server.setupListenHandle [as _listen2] (net.js:1331:16)
    at listenInCluster (net.js:1379:12)
    at Server.listen (net.js:1465:7)
    at Function.listen (C:\Users\gorel\Documents\Tesso\Sigma\Sigma-App\server\node_modules\express\lib\application.js:618:24)
    at App.listen (C:\Users\gorel\Documents\Tesso\Sigma\Sigma-App\server\src\app.ts:45:18)
    at startServer (C:\Users\gorel\Documents\Tesso\Sigma\Sigma-App\server\src\server.ts:22:9)
    at processTicksAndRejections (internal/process/task_queues.js:95:5)
2022-07-01 17:47:12 error: uncaughtException: listen EADDRINUSE: address already in use :::5100
Error: listen EADDRINUSE: address already in use :::5100
    at Server.setupListenHandle [as _listen2] (net.js:1331:16)
    at listenInCluster (net.js:1379:12)
    at Server.listen (net.js:1465:7)
    at Function.listen (C:\Users\gorel\Documents\Tesso\Sigma\Sigma-App\server\node_modules\express\lib\application.js:618:24)
    at App.listen (C:\Users\gorel\Documents\Tesso\Sigma\Sigma-App\server\src\app.ts:45:18)
    at startServer (C:\Users\gorel\Documents\Tesso\Sigma\Sigma-App\server\src\server.ts:22:9)
    at processTicksAndRejections (internal/process/task_queues.js:95:5)
2022-07-01 18:22:34 error: uncaughtException: listen EADDRINUSE: address already in use :::5100
Error: listen EADDRINUSE: address already in use :::5100
    at Server.setupListenHandle [as _listen2] (net.js:1331:16)
    at listenInCluster (net.js:1379:12)
    at Server.listen (net.js:1465:7)
    at Function.listen (C:\Users\gorel\Documents\Tesso\Sigma\Sigma-App\server\node_modules\express\lib\application.js:618:24)
    at App.listen (C:\Users\gorel\Documents\Tesso\Sigma\Sigma-App\server\src\app.ts:45:18)
    at startServer (C:\Users\gorel\Documents\Tesso\Sigma\Sigma-App\server\src\server.ts:22:9)
    at processTicksAndRejections (internal/process/task_queues.js:95:5)
