2022-05-31 06:46:03 error: uncaughtException: Cannot overwrite `Servicio` model once compiled.
OverwriteModelError: Cannot overwrite `Servicio` model once compiled.
    at Mongoose.model (C:\Users\gorel\Documents\Tesso\Sigma\APP\server\node_modules\mongoose\lib\index.js:549:13)
    at Object.<anonymous> (C:\Users\gorel\Documents\Tesso\Sigma\APP\server\src\models\servicioTipo.model.ts:26:32)
    at Module._compile (internal/modules/cjs/loader.js:1085:14)
    at Module.m._compile (C:\Users\gorel\Documents\Tesso\Sigma\APP\server\node_modules\ts-node\src\index.ts:1371:23)
    at Module._extensions..js (internal/modules/cjs/loader.js:1114:10)
    at Object.require.extensions.<computed> [as .ts] (C:\Users\gorel\Documents\Tesso\Sigma\APP\server\node_modules\ts-node\src\index.ts:1374:12)
    at Module.load (internal/modules/cjs/loader.js:950:32)
    at Function.Module._load (internal/modules/cjs/loader.js:790:12)
    at Module.require (internal/modules/cjs/loader.js:974:19)
    at require (internal/modules/cjs/helpers.js:93:18)
    at Object.<anonymous> (C:\Users\gorel\Documents\Tesso\Sigma\APP\server\src\services\servicio.service.ts:4:1)
    at Module._compile (internal/modules/cjs/loader.js:1085:14)
    at Module.m._compile (C:\Users\gorel\Documents\Tesso\Sigma\APP\server\node_modules\ts-node\src\index.ts:1371:23)
    at Module._extensions..js (internal/modules/cjs/loader.js:1114:10)
    at Object.require.extensions.<computed> [as .ts] (C:\Users\gorel\Documents\Tesso\Sigma\APP\server\node_modules\ts-node\src\index.ts:1374:12)
    at Module.load (internal/modules/cjs/loader.js:950:32)
2022-05-31 06:48:09 error: uncaughtException: Cannot overwrite `Servicio` model once compiled.
OverwriteModelError: Cannot overwrite `Servicio` model once compiled.
    at Mongoose.model (C:\Users\gorel\Documents\Tesso\Sigma\APP\server\node_modules\mongoose\lib\index.js:549:13)
    at Object.<anonymous> (C:\Users\gorel\Documents\Tesso\Sigma\APP\server\src\models\servicioTipo.model.ts:26:32)
    at Module._compile (internal/modules/cjs/loader.js:1085:14)
    at Module.m._compile (C:\Users\gorel\Documents\Tesso\Sigma\APP\server\node_modules\ts-node\src\index.ts:1371:23)
    at Module._extensions..js (internal/modules/cjs/loader.js:1114:10)
    at Object.require.extensions.<computed> [as .ts] (C:\Users\gorel\Documents\Tesso\Sigma\APP\server\node_modules\ts-node\src\index.ts:1374:12)
    at Module.load (internal/modules/cjs/loader.js:950:32)
    at Function.Module._load (internal/modules/cjs/loader.js:790:12)
    at Module.require (internal/modules/cjs/loader.js:974:19)
    at require (internal/modules/cjs/helpers.js:93:18)
    at Object.<anonymous> (C:\Users\gorel\Documents\Tesso\Sigma\APP\server\src\services\servicio.service.ts:4:1)
    at Module._compile (internal/modules/cjs/loader.js:1085:14)
    at Module.m._compile (C:\Users\gorel\Documents\Tesso\Sigma\APP\server\node_modules\ts-node\src\index.ts:1371:23)
    at Module._extensions..js (internal/modules/cjs/loader.js:1114:10)
    at Object.require.extensions.<computed> [as .ts] (C:\Users\gorel\Documents\Tesso\Sigma\APP\server\node_modules\ts-node\src\index.ts:1374:12)
    at Module.load (internal/modules/cjs/loader.js:950:32)
2022-05-31 06:52:44 error: uncaughtException: Cannot overwrite `Servicio` model once compiled.
OverwriteModelError: Cannot overwrite `Servicio` model once compiled.
    at Mongoose.model (C:\Users\gorel\Documents\Tesso\Sigma\APP\server\node_modules\mongoose\lib\index.js:549:13)
    at Object.<anonymous> (C:\Users\gorel\Documents\Tesso\Sigma\APP\server\src\models\servicioTipo.model.ts:26:32)
    at Module._compile (internal/modules/cjs/loader.js:1085:14)
    at Module.m._compile (C:\Users\gorel\Documents\Tesso\Sigma\APP\server\node_modules\ts-node\src\index.ts:1371:23)
    at Module._extensions..js (internal/modules/cjs/loader.js:1114:10)
    at Object.require.extensions.<computed> [as .ts] (C:\Users\gorel\Documents\Tesso\Sigma\APP\server\node_modules\ts-node\src\index.ts:1374:12)
    at Module.load (internal/modules/cjs/loader.js:950:32)
    at Function.Module._load (internal/modules/cjs/loader.js:790:12)
    at Module.require (internal/modules/cjs/loader.js:974:19)
    at require (internal/modules/cjs/helpers.js:93:18)
    at Object.<anonymous> (C:\Users\gorel\Documents\Tesso\Sigma\APP\server\src\services\servicio.service.ts:4:1)
    at Module._compile (internal/modules/cjs/loader.js:1085:14)
    at Module.m._compile (C:\Users\gorel\Documents\Tesso\Sigma\APP\server\node_modules\ts-node\src\index.ts:1371:23)
    at Module._extensions..js (internal/modules/cjs/loader.js:1114:10)
    at Object.require.extensions.<computed> [as .ts] (C:\Users\gorel\Documents\Tesso\Sigma\APP\server\node_modules\ts-node\src\index.ts:1374:12)
    at Module.load (internal/modules/cjs/loader.js:950:32)
2022-05-31 06:54:09 error: uncaughtException: Cannot overwrite `Servicio` model once compiled.
OverwriteModelError: Cannot overwrite `Servicio` model once compiled.
    at Mongoose.model (C:\Users\gorel\Documents\Tesso\Sigma\APP\server\node_modules\mongoose\lib\index.js:549:13)
    at Object.<anonymous> (C:\Users\gorel\Documents\Tesso\Sigma\APP\server\src\models\servicioTipo.model.ts:26:32)
    at Module._compile (internal/modules/cjs/loader.js:1085:14)
    at Module.m._compile (C:\Users\gorel\Documents\Tesso\Sigma\APP\server\node_modules\ts-node\src\index.ts:1371:23)
    at Module._extensions..js (internal/modules/cjs/loader.js:1114:10)
    at Object.require.extensions.<computed> [as .ts] (C:\Users\gorel\Documents\Tesso\Sigma\APP\server\node_modules\ts-node\src\index.ts:1374:12)
    at Module.load (internal/modules/cjs/loader.js:950:32)
    at Function.Module._load (internal/modules/cjs/loader.js:790:12)
    at Module.require (internal/modules/cjs/loader.js:974:19)
    at require (internal/modules/cjs/helpers.js:93:18)
    at Object.<anonymous> (C:\Users\gorel\Documents\Tesso\Sigma\APP\server\src\services\servicio.service.ts:4:1)
    at Module._compile (internal/modules/cjs/loader.js:1085:14)
    at Module.m._compile (C:\Users\gorel\Documents\Tesso\Sigma\APP\server\node_modules\ts-node\src\index.ts:1371:23)
    at Module._extensions..js (internal/modules/cjs/loader.js:1114:10)
    at Object.require.extensions.<computed> [as .ts] (C:\Users\gorel\Documents\Tesso\Sigma\APP\server\node_modules\ts-node\src\index.ts:1374:12)
    at Module.load (internal/modules/cjs/loader.js:950:32)
2022-05-31 06:55:53 error: uncaughtException: Cannot overwrite `Servicio` model once compiled.
OverwriteModelError: Cannot overwrite `Servicio` model once compiled.
    at Mongoose.model (C:\Users\gorel\Documents\Tesso\Sigma\APP\server\node_modules\mongoose\lib\index.js:549:13)
    at Object.<anonymous> (C:\Users\gorel\Documents\Tesso\Sigma\APP\server\src\models\servicioTipo.model.ts:26:32)
    at Module._compile (internal/modules/cjs/loader.js:1085:14)
    at Module.m._compile (C:\Users\gorel\Documents\Tesso\Sigma\APP\server\node_modules\ts-node\src\index.ts:1371:23)
    at Module._extensions..js (internal/modules/cjs/loader.js:1114:10)
    at Object.require.extensions.<computed> [as .ts] (C:\Users\gorel\Documents\Tesso\Sigma\APP\server\node_modules\ts-node\src\index.ts:1374:12)
    at Module.load (internal/modules/cjs/loader.js:950:32)
    at Function.Module._load (internal/modules/cjs/loader.js:790:12)
    at Module.require (internal/modules/cjs/loader.js:974:19)
    at require (internal/modules/cjs/helpers.js:93:18)
    at Object.<anonymous> (C:\Users\gorel\Documents\Tesso\Sigma\APP\server\src\services\servicio.service.ts:4:1)
    at Module._compile (internal/modules/cjs/loader.js:1085:14)
    at Module.m._compile (C:\Users\gorel\Documents\Tesso\Sigma\APP\server\node_modules\ts-node\src\index.ts:1371:23)
    at Module._extensions..js (internal/modules/cjs/loader.js:1114:10)
    at Object.require.extensions.<computed> [as .ts] (C:\Users\gorel\Documents\Tesso\Sigma\APP\server\node_modules\ts-node\src\index.ts:1374:12)
    at Module.load (internal/modules/cjs/loader.js:950:32)
2022-05-31 06:59:42 error: uncaughtException: Cannot overwrite `Servicio` model once compiled.
OverwriteModelError: Cannot overwrite `Servicio` model once compiled.
    at Mongoose.model (C:\Users\gorel\Documents\Tesso\Sigma\APP\server\node_modules\mongoose\lib\index.js:549:13)
    at Object.<anonymous> (C:\Users\gorel\Documents\Tesso\Sigma\APP\server\src\models\servicioTipo.model.ts:26:32)
    at Module._compile (internal/modules/cjs/loader.js:1085:14)
    at Module.m._compile (C:\Users\gorel\Documents\Tesso\Sigma\APP\server\node_modules\ts-node\src\index.ts:1371:23)
    at Module._extensions..js (internal/modules/cjs/loader.js:1114:10)
    at Object.require.extensions.<computed> [as .ts] (C:\Users\gorel\Documents\Tesso\Sigma\APP\server\node_modules\ts-node\src\index.ts:1374:12)
    at Module.load (internal/modules/cjs/loader.js:950:32)
    at Function.Module._load (internal/modules/cjs/loader.js:790:12)
    at Module.require (internal/modules/cjs/loader.js:974:19)
    at require (internal/modules/cjs/helpers.js:93:18)
    at Object.<anonymous> (C:\Users\gorel\Documents\Tesso\Sigma\APP\server\src\services\servicio.service.ts:4:1)
    at Module._compile (internal/modules/cjs/loader.js:1085:14)
    at Module.m._compile (C:\Users\gorel\Documents\Tesso\Sigma\APP\server\node_modules\ts-node\src\index.ts:1371:23)
    at Module._extensions..js (internal/modules/cjs/loader.js:1114:10)
    at Object.require.extensions.<computed> [as .ts] (C:\Users\gorel\Documents\Tesso\Sigma\APP\server\node_modules\ts-node\src\index.ts:1374:12)
    at Module.load (internal/modules/cjs/loader.js:950:32)
2022-05-31 07:00:22 error: uncaughtException: Cannot overwrite `Servicio` model once compiled.
OverwriteModelError: Cannot overwrite `Servicio` model once compiled.
    at Mongoose.model (C:\Users\gorel\Documents\Tesso\Sigma\APP\server\node_modules\mongoose\lib\index.js:549:13)
    at Object.<anonymous> (C:\Users\gorel\Documents\Tesso\Sigma\APP\server\src\models\servicioTipo.model.ts:26:32)
    at Module._compile (internal/modules/cjs/loader.js:1085:14)
    at Module.m._compile (C:\Users\gorel\Documents\Tesso\Sigma\APP\server\node_modules\ts-node\src\index.ts:1371:23)
    at Module._extensions..js (internal/modules/cjs/loader.js:1114:10)
    at Object.require.extensions.<computed> [as .ts] (C:\Users\gorel\Documents\Tesso\Sigma\APP\server\node_modules\ts-node\src\index.ts:1374:12)
    at Module.load (internal/modules/cjs/loader.js:950:32)
    at Function.Module._load (internal/modules/cjs/loader.js:790:12)
    at Module.require (internal/modules/cjs/loader.js:974:19)
    at require (internal/modules/cjs/helpers.js:93:18)
    at Object.<anonymous> (C:\Users\gorel\Documents\Tesso\Sigma\APP\server\src\services\servicio.service.ts:4:1)
    at Module._compile (internal/modules/cjs/loader.js:1085:14)
    at Module.m._compile (C:\Users\gorel\Documents\Tesso\Sigma\APP\server\node_modules\ts-node\src\index.ts:1371:23)
    at Module._extensions..js (internal/modules/cjs/loader.js:1114:10)
    at Object.require.extensions.<computed> [as .ts] (C:\Users\gorel\Documents\Tesso\Sigma\APP\server\node_modules\ts-node\src\index.ts:1374:12)
    at Module.load (internal/modules/cjs/loader.js:950:32)
2022-05-31 07:01:42 error: uncaughtException: Cannot overwrite `Servicio` model once compiled.
OverwriteModelError: Cannot overwrite `Servicio` model once compiled.
    at Mongoose.model (C:\Users\gorel\Documents\Tesso\Sigma\APP\server\node_modules\mongoose\lib\index.js:549:13)
    at Object.<anonymous> (C:\Users\gorel\Documents\Tesso\Sigma\APP\server\src\models\servicioTipo.model.ts:26:32)
    at Module._compile (internal/modules/cjs/loader.js:1085:14)
    at Module.m._compile (C:\Users\gorel\Documents\Tesso\Sigma\APP\server\node_modules\ts-node\src\index.ts:1371:23)
    at Module._extensions..js (internal/modules/cjs/loader.js:1114:10)
    at Object.require.extensions.<computed> [as .ts] (C:\Users\gorel\Documents\Tesso\Sigma\APP\server\node_modules\ts-node\src\index.ts:1374:12)
    at Module.load (internal/modules/cjs/loader.js:950:32)
    at Function.Module._load (internal/modules/cjs/loader.js:790:12)
    at Module.require (internal/modules/cjs/loader.js:974:19)
    at require (internal/modules/cjs/helpers.js:93:18)
    at Object.<anonymous> (C:\Users\gorel\Documents\Tesso\Sigma\APP\server\src\services\servicio.service.ts:4:1)
    at Module._compile (internal/modules/cjs/loader.js:1085:14)
    at Module.m._compile (C:\Users\gorel\Documents\Tesso\Sigma\APP\server\node_modules\ts-node\src\index.ts:1371:23)
    at Module._extensions..js (internal/modules/cjs/loader.js:1114:10)
    at Object.require.extensions.<computed> [as .ts] (C:\Users\gorel\Documents\Tesso\Sigma\APP\server\node_modules\ts-node\src\index.ts:1374:12)
    at Module.load (internal/modules/cjs/loader.js:950:32)
2022-05-31 07:03:20 error: uncaughtException: Cannot overwrite `Servicio` model once compiled.
OverwriteModelError: Cannot overwrite `Servicio` model once compiled.
    at Mongoose.model (C:\Users\gorel\Documents\Tesso\Sigma\APP\server\node_modules\mongoose\lib\index.js:549:13)
    at Object.<anonymous> (C:\Users\gorel\Documents\Tesso\Sigma\APP\server\src\models\servicioTipo.model.ts:26:32)
    at Module._compile (internal/modules/cjs/loader.js:1085:14)
    at Module.m._compile (C:\Users\gorel\Documents\Tesso\Sigma\APP\server\node_modules\ts-node\src\index.ts:1371:23)
    at Module._extensions..js (internal/modules/cjs/loader.js:1114:10)
    at Object.require.extensions.<computed> [as .ts] (C:\Users\gorel\Documents\Tesso\Sigma\APP\server\node_modules\ts-node\src\index.ts:1374:12)
    at Module.load (internal/modules/cjs/loader.js:950:32)
    at Function.Module._load (internal/modules/cjs/loader.js:790:12)
    at Module.require (internal/modules/cjs/loader.js:974:19)
    at require (internal/modules/cjs/helpers.js:93:18)
    at Object.<anonymous> (C:\Users\gorel\Documents\Tesso\Sigma\APP\server\src\services\servicio.service.ts:4:1)
    at Module._compile (internal/modules/cjs/loader.js:1085:14)
    at Module.m._compile (C:\Users\gorel\Documents\Tesso\Sigma\APP\server\node_modules\ts-node\src\index.ts:1371:23)
    at Module._extensions..js (internal/modules/cjs/loader.js:1114:10)
    at Object.require.extensions.<computed> [as .ts] (C:\Users\gorel\Documents\Tesso\Sigma\APP\server\node_modules\ts-node\src\index.ts:1374:12)
    at Module.load (internal/modules/cjs/loader.js:950:32)
2022-05-31 07:12:03 error: uncaughtException: Cannot overwrite `Servicio` model once compiled.
OverwriteModelError: Cannot overwrite `Servicio` model once compiled.
    at Mongoose.model (C:\Users\gorel\Documents\Tesso\Sigma\APP\server\node_modules\mongoose\lib\index.js:549:13)
    at Object.<anonymous> (C:\Users\gorel\Documents\Tesso\Sigma\APP\server\src\models\servicioTipo.model.ts:26:32)
    at Module._compile (internal/modules/cjs/loader.js:1085:14)
    at Module.m._compile (C:\Users\gorel\Documents\Tesso\Sigma\APP\server\node_modules\ts-node\src\index.ts:1371:23)
    at Module._extensions..js (internal/modules/cjs/loader.js:1114:10)
    at Object.require.extensions.<computed> [as .ts] (C:\Users\gorel\Documents\Tesso\Sigma\APP\server\node_modules\ts-node\src\index.ts:1374:12)
    at Module.load (internal/modules/cjs/loader.js:950:32)
    at Function.Module._load (internal/modules/cjs/loader.js:790:12)
    at Module.require (internal/modules/cjs/loader.js:974:19)
    at require (internal/modules/cjs/helpers.js:93:18)
    at Object.<anonymous> (C:\Users\gorel\Documents\Tesso\Sigma\APP\server\src\services\servicio.service.ts:4:1)
    at Module._compile (internal/modules/cjs/loader.js:1085:14)
    at Module.m._compile (C:\Users\gorel\Documents\Tesso\Sigma\APP\server\node_modules\ts-node\src\index.ts:1371:23)
    at Module._extensions..js (internal/modules/cjs/loader.js:1114:10)
    at Object.require.extensions.<computed> [as .ts] (C:\Users\gorel\Documents\Tesso\Sigma\APP\server\node_modules\ts-node\src\index.ts:1374:12)
    at Module.load (internal/modules/cjs/loader.js:950:32)
2022-05-31 07:12:21 error: uncaughtException: Cannot overwrite `Servicio` model once compiled.
OverwriteModelError: Cannot overwrite `Servicio` model once compiled.
    at Mongoose.model (C:\Users\gorel\Documents\Tesso\Sigma\APP\server\node_modules\mongoose\lib\index.js:549:13)
    at Object.<anonymous> (C:\Users\gorel\Documents\Tesso\Sigma\APP\server\src\models\servicioTipo.model.ts:26:32)
    at Module._compile (internal/modules/cjs/loader.js:1085:14)
    at Module.m._compile (C:\Users\gorel\Documents\Tesso\Sigma\APP\server\node_modules\ts-node\src\index.ts:1371:23)
    at Module._extensions..js (internal/modules/cjs/loader.js:1114:10)
    at Object.require.extensions.<computed> [as .ts] (C:\Users\gorel\Documents\Tesso\Sigma\APP\server\node_modules\ts-node\src\index.ts:1374:12)
    at Module.load (internal/modules/cjs/loader.js:950:32)
    at Function.Module._load (internal/modules/cjs/loader.js:790:12)
    at Module.require (internal/modules/cjs/loader.js:974:19)
    at require (internal/modules/cjs/helpers.js:93:18)
    at Object.<anonymous> (C:\Users\gorel\Documents\Tesso\Sigma\APP\server\src\services\servicio.service.ts:4:1)
    at Module._compile (internal/modules/cjs/loader.js:1085:14)
    at Module.m._compile (C:\Users\gorel\Documents\Tesso\Sigma\APP\server\node_modules\ts-node\src\index.ts:1371:23)
    at Module._extensions..js (internal/modules/cjs/loader.js:1114:10)
    at Object.require.extensions.<computed> [as .ts] (C:\Users\gorel\Documents\Tesso\Sigma\APP\server\node_modules\ts-node\src\index.ts:1374:12)
    at Module.load (internal/modules/cjs/loader.js:950:32)
2022-05-31 07:14:36 error: uncaughtException: Cannot overwrite `Servicio` model once compiled.
OverwriteModelError: Cannot overwrite `Servicio` model once compiled.
    at Mongoose.model (C:\Users\gorel\Documents\Tesso\Sigma\APP\server\node_modules\mongoose\lib\index.js:549:13)
    at Object.<anonymous> (C:\Users\gorel\Documents\Tesso\Sigma\APP\server\src\models\servicioTipo.model.ts:24:32)
    at Module._compile (internal/modules/cjs/loader.js:1085:14)
    at Module.m._compile (C:\Users\gorel\Documents\Tesso\Sigma\APP\server\node_modules\ts-node\src\index.ts:1371:23)
    at Module._extensions..js (internal/modules/cjs/loader.js:1114:10)
    at Object.require.extensions.<computed> [as .ts] (C:\Users\gorel\Documents\Tesso\Sigma\APP\server\node_modules\ts-node\src\index.ts:1374:12)
    at Module.load (internal/modules/cjs/loader.js:950:32)
    at Function.Module._load (internal/modules/cjs/loader.js:790:12)
    at Module.require (internal/modules/cjs/loader.js:974:19)
    at require (internal/modules/cjs/helpers.js:93:18)
    at Object.<anonymous> (C:\Users\gorel\Documents\Tesso\Sigma\APP\server\src\services\servicio.service.ts:4:1)
    at Module._compile (internal/modules/cjs/loader.js:1085:14)
    at Module.m._compile (C:\Users\gorel\Documents\Tesso\Sigma\APP\server\node_modules\ts-node\src\index.ts:1371:23)
    at Module._extensions..js (internal/modules/cjs/loader.js:1114:10)
    at Object.require.extensions.<computed> [as .ts] (C:\Users\gorel\Documents\Tesso\Sigma\APP\server\node_modules\ts-node\src\index.ts:1374:12)
    at Module.load (internal/modules/cjs/loader.js:950:32)
2022-05-31 07:16:00 error: uncaughtException: Cannot overwrite `Servicio` model once compiled.
OverwriteModelError: Cannot overwrite `Servicio` model once compiled.
    at Mongoose.model (C:\Users\gorel\Documents\Tesso\Sigma\APP\server\node_modules\mongoose\lib\index.js:549:13)
    at Object.<anonymous> (C:\Users\gorel\Documents\Tesso\Sigma\APP\server\src\models\servicioTipo.model.ts:24:32)
    at Module._compile (internal/modules/cjs/loader.js:1085:14)
    at Module.m._compile (C:\Users\gorel\Documents\Tesso\Sigma\APP\server\node_modules\ts-node\src\index.ts:1371:23)
    at Module._extensions..js (internal/modules/cjs/loader.js:1114:10)
    at Object.require.extensions.<computed> [as .ts] (C:\Users\gorel\Documents\Tesso\Sigma\APP\server\node_modules\ts-node\src\index.ts:1374:12)
    at Module.load (internal/modules/cjs/loader.js:950:32)
    at Function.Module._load (internal/modules/cjs/loader.js:790:12)
    at Module.require (internal/modules/cjs/loader.js:974:19)
    at require (internal/modules/cjs/helpers.js:93:18)
    at Object.<anonymous> (C:\Users\gorel\Documents\Tesso\Sigma\APP\server\src\services\servicio.service.ts:4:1)
    at Module._compile (internal/modules/cjs/loader.js:1085:14)
    at Module.m._compile (C:\Users\gorel\Documents\Tesso\Sigma\APP\server\node_modules\ts-node\src\index.ts:1371:23)
    at Module._extensions..js (internal/modules/cjs/loader.js:1114:10)
    at Object.require.extensions.<computed> [as .ts] (C:\Users\gorel\Documents\Tesso\Sigma\APP\server\node_modules\ts-node\src\index.ts:1374:12)
    at Module.load (internal/modules/cjs/loader.js:950:32)
2022-05-31 07:17:20 error: uncaughtException: Cannot overwrite `Servicio` model once compiled.
OverwriteModelError: Cannot overwrite `Servicio` model once compiled.
    at Mongoose.model (C:\Users\gorel\Documents\Tesso\Sigma\APP\server\node_modules\mongoose\lib\index.js:549:13)
    at Object.<anonymous> (C:\Users\gorel\Documents\Tesso\Sigma\APP\server\src\models\servicioTipo.model.ts:24:32)
    at Module._compile (internal/modules/cjs/loader.js:1085:14)
    at Module.m._compile (C:\Users\gorel\Documents\Tesso\Sigma\APP\server\node_modules\ts-node\src\index.ts:1371:23)
    at Module._extensions..js (internal/modules/cjs/loader.js:1114:10)
    at Object.require.extensions.<computed> [as .ts] (C:\Users\gorel\Documents\Tesso\Sigma\APP\server\node_modules\ts-node\src\index.ts:1374:12)
    at Module.load (internal/modules/cjs/loader.js:950:32)
    at Function.Module._load (internal/modules/cjs/loader.js:790:12)
    at Module.require (internal/modules/cjs/loader.js:974:19)
    at require (internal/modules/cjs/helpers.js:93:18)
    at Object.<anonymous> (C:\Users\gorel\Documents\Tesso\Sigma\APP\server\src\services\servicio.service.ts:4:1)
    at Module._compile (internal/modules/cjs/loader.js:1085:14)
    at Module.m._compile (C:\Users\gorel\Documents\Tesso\Sigma\APP\server\node_modules\ts-node\src\index.ts:1371:23)
    at Module._extensions..js (internal/modules/cjs/loader.js:1114:10)
    at Object.require.extensions.<computed> [as .ts] (C:\Users\gorel\Documents\Tesso\Sigma\APP\server\node_modules\ts-node\src\index.ts:1374:12)
    at Module.load (internal/modules/cjs/loader.js:950:32)
2022-05-31 07:17:54 error: uncaughtException: Cannot overwrite `Servicio` model once compiled.
OverwriteModelError: Cannot overwrite `Servicio` model once compiled.
    at Mongoose.model (C:\Users\gorel\Documents\Tesso\Sigma\APP\server\node_modules\mongoose\lib\index.js:549:13)
    at Object.<anonymous> (C:\Users\gorel\Documents\Tesso\Sigma\APP\server\src\models\servicioTipo.model.ts:23:32)
    at Module._compile (internal/modules/cjs/loader.js:1085:14)
    at Module.m._compile (C:\Users\gorel\Documents\Tesso\Sigma\APP\server\node_modules\ts-node\src\index.ts:1371:23)
    at Module._extensions..js (internal/modules/cjs/loader.js:1114:10)
    at Object.require.extensions.<computed> [as .ts] (C:\Users\gorel\Documents\Tesso\Sigma\APP\server\node_modules\ts-node\src\index.ts:1374:12)
    at Module.load (internal/modules/cjs/loader.js:950:32)
    at Function.Module._load (internal/modules/cjs/loader.js:790:12)
    at Module.require (internal/modules/cjs/loader.js:974:19)
    at require (internal/modules/cjs/helpers.js:93:18)
    at Object.<anonymous> (C:\Users\gorel\Documents\Tesso\Sigma\APP\server\src\services\servicio.service.ts:4:1)
    at Module._compile (internal/modules/cjs/loader.js:1085:14)
    at Module.m._compile (C:\Users\gorel\Documents\Tesso\Sigma\APP\server\node_modules\ts-node\src\index.ts:1371:23)
    at Module._extensions..js (internal/modules/cjs/loader.js:1114:10)
    at Object.require.extensions.<computed> [as .ts] (C:\Users\gorel\Documents\Tesso\Sigma\APP\server\node_modules\ts-node\src\index.ts:1374:12)
    at Module.load (internal/modules/cjs/loader.js:950:32)
2022-05-31 07:18:31 error: uncaughtException: Cannot overwrite `Servicio` model once compiled.
OverwriteModelError: Cannot overwrite `Servicio` model once compiled.
    at Mongoose.model (C:\Users\gorel\Documents\Tesso\Sigma\APP\server\node_modules\mongoose\lib\index.js:549:13)
    at Object.<anonymous> (C:\Users\gorel\Documents\Tesso\Sigma\APP\server\src\models\servicioTipo.model.ts:23:32)
    at Module._compile (internal/modules/cjs/loader.js:1085:14)
    at Module.m._compile (C:\Users\gorel\Documents\Tesso\Sigma\APP\server\node_modules\ts-node\src\index.ts:1371:23)
    at Module._extensions..js (internal/modules/cjs/loader.js:1114:10)
    at Object.require.extensions.<computed> [as .ts] (C:\Users\gorel\Documents\Tesso\Sigma\APP\server\node_modules\ts-node\src\index.ts:1374:12)
    at Module.load (internal/modules/cjs/loader.js:950:32)
    at Function.Module._load (internal/modules/cjs/loader.js:790:12)
    at Module.require (internal/modules/cjs/loader.js:974:19)
    at require (internal/modules/cjs/helpers.js:93:18)
    at Object.<anonymous> (C:\Users\gorel\Documents\Tesso\Sigma\APP\server\src\services\servicio.service.ts:4:1)
    at Module._compile (internal/modules/cjs/loader.js:1085:14)
    at Module.m._compile (C:\Users\gorel\Documents\Tesso\Sigma\APP\server\node_modules\ts-node\src\index.ts:1371:23)
    at Module._extensions..js (internal/modules/cjs/loader.js:1114:10)
    at Object.require.extensions.<computed> [as .ts] (C:\Users\gorel\Documents\Tesso\Sigma\APP\server\node_modules\ts-node\src\index.ts:1374:12)
    at Module.load (internal/modules/cjs/loader.js:950:32)
2022-05-31 07:21:17 error: uncaughtException: Cannot overwrite `Servicio` model once compiled.
OverwriteModelError: Cannot overwrite `Servicio` model once compiled.
    at Mongoose.model (C:\Users\gorel\Documents\Tesso\Sigma\APP\server\node_modules\mongoose\lib\index.js:549:13)
    at Object.<anonymous> (C:\Users\gorel\Documents\Tesso\Sigma\APP\server\src\models\servicioTipo.model.ts:23:32)
    at Module._compile (internal/modules/cjs/loader.js:1085:14)
    at Module.m._compile (C:\Users\gorel\Documents\Tesso\Sigma\APP\server\node_modules\ts-node\src\index.ts:1371:23)
    at Module._extensions..js (internal/modules/cjs/loader.js:1114:10)
    at Object.require.extensions.<computed> [as .ts] (C:\Users\gorel\Documents\Tesso\Sigma\APP\server\node_modules\ts-node\src\index.ts:1374:12)
    at Module.load (internal/modules/cjs/loader.js:950:32)
    at Function.Module._load (internal/modules/cjs/loader.js:790:12)
    at Module.require (internal/modules/cjs/loader.js:974:19)
    at require (internal/modules/cjs/helpers.js:93:18)
    at Object.<anonymous> (C:\Users\gorel\Documents\Tesso\Sigma\APP\server\src\services\servicio.service.ts:4:1)
    at Module._compile (internal/modules/cjs/loader.js:1085:14)
    at Module.m._compile (C:\Users\gorel\Documents\Tesso\Sigma\APP\server\node_modules\ts-node\src\index.ts:1371:23)
    at Module._extensions..js (internal/modules/cjs/loader.js:1114:10)
    at Object.require.extensions.<computed> [as .ts] (C:\Users\gorel\Documents\Tesso\Sigma\APP\server\node_modules\ts-node\src\index.ts:1374:12)
    at Module.load (internal/modules/cjs/loader.js:950:32)
2022-05-31 07:34:50 error: uncaughtException: Cannot overwrite `Servicio` model once compiled.
OverwriteModelError: Cannot overwrite `Servicio` model once compiled.
    at Mongoose.model (C:\Users\gorel\Documents\Tesso\Sigma\APP\server\node_modules\mongoose\lib\index.js:549:13)
    at Object.<anonymous> (C:\Users\gorel\Documents\Tesso\Sigma\APP\server\src\models\servicioTipo.model.ts:23:32)
    at Module._compile (internal/modules/cjs/loader.js:1085:14)
    at Module.m._compile (C:\Users\gorel\Documents\Tesso\Sigma\APP\server\node_modules\ts-node\src\index.ts:1371:23)
    at Module._extensions..js (internal/modules/cjs/loader.js:1114:10)
    at Object.require.extensions.<computed> [as .ts] (C:\Users\gorel\Documents\Tesso\Sigma\APP\server\node_modules\ts-node\src\index.ts:1374:12)
    at Module.load (internal/modules/cjs/loader.js:950:32)
    at Function.Module._load (internal/modules/cjs/loader.js:790:12)
    at Module.require (internal/modules/cjs/loader.js:974:19)
    at require (internal/modules/cjs/helpers.js:93:18)
    at Object.<anonymous> (C:\Users\gorel\Documents\Tesso\Sigma\APP\server\src\services\servicio.service.ts:4:1)
    at Module._compile (internal/modules/cjs/loader.js:1085:14)
    at Module.m._compile (C:\Users\gorel\Documents\Tesso\Sigma\APP\server\node_modules\ts-node\src\index.ts:1371:23)
    at Module._extensions..js (internal/modules/cjs/loader.js:1114:10)
    at Object.require.extensions.<computed> [as .ts] (C:\Users\gorel\Documents\Tesso\Sigma\APP\server\node_modules\ts-node\src\index.ts:1374:12)
    at Module.load (internal/modules/cjs/loader.js:950:32)
2022-05-31 07:35:11 error: uncaughtException: Cannot overwrite `Servicio` model once compiled.
OverwriteModelError: Cannot overwrite `Servicio` model once compiled.
    at Mongoose.model (C:\Users\gorel\Documents\Tesso\Sigma\APP\server\node_modules\mongoose\lib\index.js:549:13)
    at Object.<anonymous> (C:\Users\gorel\Documents\Tesso\Sigma\APP\server\src\models\servicioTipo.model.ts:23:32)
    at Module._compile (internal/modules/cjs/loader.js:1085:14)
    at Module.m._compile (C:\Users\gorel\Documents\Tesso\Sigma\APP\server\node_modules\ts-node\src\index.ts:1371:23)
    at Module._extensions..js (internal/modules/cjs/loader.js:1114:10)
    at Object.require.extensions.<computed> [as .ts] (C:\Users\gorel\Documents\Tesso\Sigma\APP\server\node_modules\ts-node\src\index.ts:1374:12)
    at Module.load (internal/modules/cjs/loader.js:950:32)
    at Function.Module._load (internal/modules/cjs/loader.js:790:12)
    at Module.require (internal/modules/cjs/loader.js:974:19)
    at require (internal/modules/cjs/helpers.js:93:18)
    at Object.<anonymous> (C:\Users\gorel\Documents\Tesso\Sigma\APP\server\src\services\servicio.service.ts:4:1)
    at Module._compile (internal/modules/cjs/loader.js:1085:14)
    at Module.m._compile (C:\Users\gorel\Documents\Tesso\Sigma\APP\server\node_modules\ts-node\src\index.ts:1371:23)
    at Module._extensions..js (internal/modules/cjs/loader.js:1114:10)
    at Object.require.extensions.<computed> [as .ts] (C:\Users\gorel\Documents\Tesso\Sigma\APP\server\node_modules\ts-node\src\index.ts:1374:12)
    at Module.load (internal/modules/cjs/loader.js:950:32)
2022-05-31 09:34:06 error: [POST] /api/servicios/crearTipoServicio >> StatusCode:: 500, Message:: ServicioTipo validation failed: nombre: Path `nombre` is required.
2022-05-31 09:37:45 error: [POST] /api/servicios/crearTipoServicio >> StatusCode:: 500, Message:: ServicioTipo validation failed: nombre: Path `nombre` is required.
