2023-07-11 02:58:43 error: uncaughtException: write EPIPE
Error: write EPIPE
    at afterWriteDispatched (node:internal/stream_base_commons:160:15)
    at writeGeneric (node:internal/stream_base_commons:151:3)
    at Socket._writeGeneric (node:net:930:11)
    at Socket._write (node:net:942:8)
    at writeOrBuffer (node:internal/streams/writable:392:12)
    at _write (node:internal/streams/writable:333:10)
    at Socket.Writable.write (node:internal/streams/writable:337:10)
    at Console.log (/home/kauel/imkchat-dev/server/node_modules/winston/lib/winston/transports/console.js:79:23)
    at Console._write (/home/kauel/imkchat-dev/server/node_modules/winston-transport/index.js:103:17)
    at doWrite (/home/kauel/imkchat-dev/server/node_modules/winston-transport/node_modules/readable-stream/lib/_stream_writable.js:428:64)
    at writeOrBuffer (/home/kauel/imkchat-dev/server/node_modules/winston-transport/node_modules/readable-stream/lib/_stream_writable.js:417:5)
    at Console.Writable.write (/home/kauel/imkchat-dev/server/node_modules/winston-transport/node_modules/readable-stream/lib/_stream_writable.js:334:11)
    at DerivedLogger.ondata (/home/kauel/imkchat-dev/server/node_modules/readable-stream/lib/_stream_readable.js:681:20)
    at DerivedLogger.emit (node:events:525:35)
    at DerivedLogger.emit (node:domain:489:12)
    at addChunk (/home/kauel/imkchat-dev/server/node_modules/readable-stream/lib/_stream_readable.js:298:12)
2023-07-11 02:58:44 error: uncaughtException: write EPIPE
Error: write EPIPE
    at afterWriteDispatched (node:internal/stream_base_commons:160:15)
    at writeGeneric (node:internal/stream_base_commons:151:3)
    at Socket._writeGeneric (node:net:930:11)
    at Socket._write (node:net:942:8)
    at writeOrBuffer (node:internal/streams/writable:392:12)
    at _write (node:internal/streams/writable:333:10)
    at Socket.Writable.write (node:internal/streams/writable:337:10)
    at console.value (node:internal/console/constructor:300:16)
    at console.log (node:internal/console/constructor:377:26)
    at NativeCollection.$print (/home/kauel/imkchat-dev/server/node_modules/mongoose/lib/drivers/node-mongodb-native/collection.js:308:11)
    at NativeCollection.<computed> [as createIndex] (/home/kauel/imkchat-dev/server/node_modules/mongoose/lib/drivers/node-mongodb-native/collection.js:231:14)
    at NativeCollection.create (/home/kauel/imkchat-dev/server/node_modules/mongoose/lib/model.js:1753:33)
    at NativeCollection.Collection.doQueue (/home/kauel/imkchat-dev/server/node_modules/mongoose/lib/collection.js:137:17)
    at /home/kauel/imkchat-dev/server/node_modules/mongoose/lib/collection.js:82:24
    at processTicksAndRejections (node:internal/process/task_queues:77:11)
2023-07-11 02:58:44 error: uncaughtException: write EPIPE
Error: write EPIPE
    at afterWriteDispatched (node:internal/stream_base_commons:160:15)
    at writeGeneric (node:internal/stream_base_commons:151:3)
    at Socket._writeGeneric (node:net:930:11)
    at Socket._write (node:net:942:8)
    at writeOrBuffer (node:internal/streams/writable:392:12)
    at _write (node:internal/streams/writable:333:10)
    at Socket.Writable.write (node:internal/streams/writable:337:10)
    at console.value (node:internal/console/constructor:300:16)
    at console.log (node:internal/console/constructor:377:26)
    at /home/kauel/imkchat-dev/server/src/app.ts:39:21
    at /home/kauel/imkchat-dev/server/node_modules/mongoose/lib/helpers/promiseOrCallback.js:25:16
    at /home/kauel/imkchat-dev/server/node_modules/mongoose/lib/index.js:355:14
    at /home/kauel/imkchat-dev/server/node_modules/mongoose/lib/connection.js:874:13
    at processTicksAndRejections (node:internal/process/task_queues:95:5)
2023-07-11 02:58:45 error: uncaughtException: write EPIPE
Error: write EPIPE
    at afterWriteDispatched (node:internal/stream_base_commons:160:15)
    at writeGeneric (node:internal/stream_base_commons:151:3)
    at Socket._writeGeneric (node:net:930:11)
    at Socket._write (node:net:942:8)
    at writeOrBuffer (node:internal/streams/writable:392:12)
    at _write (node:internal/streams/writable:333:10)
    at Socket.Writable.write (node:internal/streams/writable:337:10)
    at console.value (node:internal/console/constructor:300:16)
    at console.log (node:internal/console/constructor:377:26)
    at NativeCollection.$print (/home/kauel/imkchat-dev/server/node_modules/mongoose/lib/drivers/node-mongodb-native/collection.js:308:11)
    at NativeCollection.<computed> [as findOneAndUpdate] (/home/kauel/imkchat-dev/server/node_modules/mongoose/lib/drivers/node-mongodb-native/collection.js:231:14)
    at model.Query.Query._findAndModify (/home/kauel/imkchat-dev/server/node_modules/mongoose/lib/query.js:3730:31)
    at model.Query.<anonymous> (/home/kauel/imkchat-dev/server/node_modules/mongoose/lib/query.js:3164:8)
    at model.Query._wrappedThunk [as _findOneAndUpdate] (/home/kauel/imkchat-dev/server/node_modules/mongoose/lib/helpers/query/wrapThunk.js:16:8)
    at /home/kauel/imkchat-dev/server/node_modules/kareem/index.js:279:20
    at _next (/home/kauel/imkchat-dev/server/node_modules/kareem/index.js:103:16)
2023-07-11 02:58:45 error: uncaughtException: write EPIPE
Error: write EPIPE
    at afterWriteDispatched (node:internal/stream_base_commons:160:15)
    at writeGeneric (node:internal/stream_base_commons:151:3)
    at Socket._writeGeneric (node:net:930:11)
    at Socket._write (node:net:942:8)
    at writeOrBuffer (node:internal/streams/writable:392:12)
    at _write (node:internal/streams/writable:333:10)
    at Socket.Writable.write (node:internal/streams/writable:337:10)
    at console.value (node:internal/console/constructor:300:16)
    at console.log (node:internal/console/constructor:377:26)
    at NativeCollection.$print (/home/kauel/imkchat-dev/server/node_modules/mongoose/lib/drivers/node-mongodb-native/collection.js:308:11)
    at NativeCollection.<computed> [as createIndex] (/home/kauel/imkchat-dev/server/node_modules/mongoose/lib/drivers/node-mongodb-native/collection.js:231:14)
    at create (/home/kauel/imkchat-dev/server/node_modules/mongoose/lib/model.js:1753:33)
    at /home/kauel/imkchat-dev/server/node_modules/mongoose/lib/model.js:1763:7
    at /home/kauel/imkchat-dev/server/node_modules/mongoose/lib/utils.js:440:16
    at collectionOperationCallback (/home/kauel/imkchat-dev/server/node_modules/mongoose/lib/drivers/node-mongodb-native/collection.js:217:24)
    at /home/kauel/imkchat-dev/server/node_modules/mongodb/lib/utils.js:704:5
2023-07-11 02:58:45 error: uncaughtException: write EPIPE
Error: write EPIPE
    at afterWriteDispatched (node:internal/stream_base_commons:160:15)
    at writeGeneric (node:internal/stream_base_commons:151:3)
    at Socket._writeGeneric (node:net:930:11)
    at Socket._write (node:net:942:8)
    at writeOrBuffer (node:internal/streams/writable:392:12)
    at _write (node:internal/streams/writable:333:10)
    at Socket.Writable.write (node:internal/streams/writable:337:10)
    at console.value (node:internal/console/constructor:300:16)
    at console.log (node:internal/console/constructor:377:26)
    at NativeCollection.$print (/home/kauel/imkchat-dev/server/node_modules/mongoose/lib/drivers/node-mongodb-native/collection.js:308:11)
    at NativeCollection.<computed> [as findOne] (/home/kauel/imkchat-dev/server/node_modules/mongoose/lib/drivers/node-mongodb-native/collection.js:231:14)
    at NodeCollection.findOne (/home/kauel/imkchat-dev/server/node_modules/mquery/lib/collection/node.js:42:19)
    at model.Query.Query.findOne (/home/kauel/imkchat-dev/server/node_modules/mquery/lib/mquery.js:2024:20)
    at model.Query.<anonymous> (/home/kauel/imkchat-dev/server/node_modules/mongoose/lib/query.js:2245:22)
    at model.Query._wrappedThunk [as _findOne] (/home/kauel/imkchat-dev/server/node_modules/mongoose/lib/helpers/query/wrapThunk.js:16:8)
    at /home/kauel/imkchat-dev/server/node_modules/kareem/index.js:370:33
2023-07-11 02:58:45 error: uncaughtException: write EPIPE
Error: write EPIPE
    at afterWriteDispatched (node:internal/stream_base_commons:160:15)
    at writeGeneric (node:internal/stream_base_commons:151:3)
    at Socket._writeGeneric (node:net:930:11)
    at Socket._write (node:net:942:8)
    at writeOrBuffer (node:internal/streams/writable:392:12)
    at _write (node:internal/streams/writable:333:10)
    at Socket.Writable.write (node:internal/streams/writable:337:10)
    at console.value (node:internal/console/constructor:300:16)
    at console.log (node:internal/console/constructor:377:26)
    at NativeCollection.$print (/home/kauel/imkchat-dev/server/node_modules/mongoose/lib/drivers/node-mongodb-native/collection.js:308:11)
    at NativeCollection.<computed> [as findOneAndUpdate] (/home/kauel/imkchat-dev/server/node_modules/mongoose/lib/drivers/node-mongodb-native/collection.js:231:14)
    at model.Query.Query._findAndModify (/home/kauel/imkchat-dev/server/node_modules/mongoose/lib/query.js:3730:31)
    at model.Query.<anonymous> (/home/kauel/imkchat-dev/server/node_modules/mongoose/lib/query.js:3164:8)
    at model.Query._wrappedThunk [as _findOneAndUpdate] (/home/kauel/imkchat-dev/server/node_modules/mongoose/lib/helpers/query/wrapThunk.js:16:8)
    at /home/kauel/imkchat-dev/server/node_modules/kareem/index.js:279:20
    at _next (/home/kauel/imkchat-dev/server/node_modules/kareem/index.js:103:16)
2023-07-11 02:58:45 error: uncaughtException: write EPIPE
Error: write EPIPE
    at afterWriteDispatched (node:internal/stream_base_commons:160:15)
    at writeGeneric (node:internal/stream_base_commons:151:3)
    at Socket._writeGeneric (node:net:930:11)
    at Socket._write (node:net:942:8)
    at writeOrBuffer (node:internal/streams/writable:392:12)
    at _write (node:internal/streams/writable:333:10)
    at Socket.Writable.write (node:internal/streams/writable:337:10)
    at console.value (node:internal/console/constructor:300:16)
    at console.log (node:internal/console/constructor:377:26)
    at Object.initAccessControl (/home/kauel/imkchat-dev/server/src/services/accessControl.service.ts:29:17)
    at processTicksAndRejections (node:internal/process/task_queues:95:5)
    at async /home/kauel/imkchat-dev/server/src/app.ts:42:17
2023-07-11 11:54:47 error: uncaughtException: write EPIPE
Error: write EPIPE
    at afterWriteDispatched (node:internal/stream_base_commons:160:15)
    at writeGeneric (node:internal/stream_base_commons:151:3)
    at Socket._writeGeneric (node:net:930:11)
    at Socket._write (node:net:942:8)
    at writeOrBuffer (node:internal/streams/writable:392:12)
    at _write (node:internal/streams/writable:333:10)
    at Socket.Writable.write (node:internal/streams/writable:337:10)
    at Console.log (/home/kauel/imkchat-dev/server/node_modules/winston/lib/winston/transports/console.js:79:23)
    at Console._write (/home/kauel/imkchat-dev/server/node_modules/winston-transport/index.js:103:17)
    at doWrite (/home/kauel/imkchat-dev/server/node_modules/winston-transport/node_modules/readable-stream/lib/_stream_writable.js:428:64)
    at writeOrBuffer (/home/kauel/imkchat-dev/server/node_modules/winston-transport/node_modules/readable-stream/lib/_stream_writable.js:417:5)
    at Console.Writable.write (/home/kauel/imkchat-dev/server/node_modules/winston-transport/node_modules/readable-stream/lib/_stream_writable.js:334:11)
    at DerivedLogger.ondata (/home/kauel/imkchat-dev/server/node_modules/readable-stream/lib/_stream_readable.js:681:20)
    at DerivedLogger.emit (node:events:525:35)
    at DerivedLogger.emit (node:domain:489:12)
    at addChunk (/home/kauel/imkchat-dev/server/node_modules/readable-stream/lib/_stream_readable.js:298:12)
2023-07-11 11:54:48 error: uncaughtException: write EPIPE
Error: write EPIPE
    at afterWriteDispatched (node:internal/stream_base_commons:160:15)
    at writeGeneric (node:internal/stream_base_commons:151:3)
    at Socket._writeGeneric (node:net:930:11)
    at Socket._write (node:net:942:8)
    at writeOrBuffer (node:internal/streams/writable:392:12)
    at _write (node:internal/streams/writable:333:10)
    at Socket.Writable.write (node:internal/streams/writable:337:10)
    at console.value (node:internal/console/constructor:300:16)
    at console.log (node:internal/console/constructor:377:26)
    at NativeCollection.$print (/home/kauel/imkchat-dev/server/node_modules/mongoose/lib/drivers/node-mongodb-native/collection.js:308:11)
    at NativeCollection.<computed> [as createIndex] (/home/kauel/imkchat-dev/server/node_modules/mongoose/lib/drivers/node-mongodb-native/collection.js:231:14)
    at NativeCollection.create (/home/kauel/imkchat-dev/server/node_modules/mongoose/lib/model.js:1753:33)
    at NativeCollection.Collection.doQueue (/home/kauel/imkchat-dev/server/node_modules/mongoose/lib/collection.js:137:17)
    at /home/kauel/imkchat-dev/server/node_modules/mongoose/lib/collection.js:82:24
    at processTicksAndRejections (node:internal/process/task_queues:77:11)
2023-07-11 11:54:48 error: uncaughtException: write EPIPE
Error: write EPIPE
    at afterWriteDispatched (node:internal/stream_base_commons:160:15)
    at writeGeneric (node:internal/stream_base_commons:151:3)
    at Socket._writeGeneric (node:net:930:11)
    at Socket._write (node:net:942:8)
    at writeOrBuffer (node:internal/streams/writable:392:12)
    at _write (node:internal/streams/writable:333:10)
    at Socket.Writable.write (node:internal/streams/writable:337:10)
    at console.value (node:internal/console/constructor:300:16)
    at console.log (node:internal/console/constructor:377:26)
    at /home/kauel/imkchat-dev/server/src/app.ts:39:21
    at /home/kauel/imkchat-dev/server/node_modules/mongoose/lib/helpers/promiseOrCallback.js:25:16
    at /home/kauel/imkchat-dev/server/node_modules/mongoose/lib/index.js:355:14
    at /home/kauel/imkchat-dev/server/node_modules/mongoose/lib/connection.js:874:13
    at processTicksAndRejections (node:internal/process/task_queues:95:5)
2023-07-11 11:54:48 error: uncaughtException: write EPIPE
Error: write EPIPE
    at afterWriteDispatched (node:internal/stream_base_commons:160:15)
    at writeGeneric (node:internal/stream_base_commons:151:3)
    at Socket._writeGeneric (node:net:930:11)
    at Socket._write (node:net:942:8)
    at writeOrBuffer (node:internal/streams/writable:392:12)
    at _write (node:internal/streams/writable:333:10)
    at Socket.Writable.write (node:internal/streams/writable:337:10)
    at console.value (node:internal/console/constructor:300:16)
    at console.log (node:internal/console/constructor:377:26)
    at NativeCollection.$print (/home/kauel/imkchat-dev/server/node_modules/mongoose/lib/drivers/node-mongodb-native/collection.js:308:11)
    at NativeCollection.<computed> [as findOneAndUpdate] (/home/kauel/imkchat-dev/server/node_modules/mongoose/lib/drivers/node-mongodb-native/collection.js:231:14)
    at model.Query.Query._findAndModify (/home/kauel/imkchat-dev/server/node_modules/mongoose/lib/query.js:3730:31)
    at model.Query.<anonymous> (/home/kauel/imkchat-dev/server/node_modules/mongoose/lib/query.js:3164:8)
    at model.Query._wrappedThunk [as _findOneAndUpdate] (/home/kauel/imkchat-dev/server/node_modules/mongoose/lib/helpers/query/wrapThunk.js:16:8)
    at /home/kauel/imkchat-dev/server/node_modules/kareem/index.js:279:20
    at _next (/home/kauel/imkchat-dev/server/node_modules/kareem/index.js:103:16)
2023-07-11 11:54:48 error: uncaughtException: write EPIPE
Error: write EPIPE
    at afterWriteDispatched (node:internal/stream_base_commons:160:15)
    at writeGeneric (node:internal/stream_base_commons:151:3)
    at Socket._writeGeneric (node:net:930:11)
    at Socket._write (node:net:942:8)
    at writeOrBuffer (node:internal/streams/writable:392:12)
    at _write (node:internal/streams/writable:333:10)
    at Socket.Writable.write (node:internal/streams/writable:337:10)
    at console.value (node:internal/console/constructor:300:16)
    at console.log (node:internal/console/constructor:377:26)
    at NativeCollection.$print (/home/kauel/imkchat-dev/server/node_modules/mongoose/lib/drivers/node-mongodb-native/collection.js:308:11)
    at NativeCollection.<computed> [as createIndex] (/home/kauel/imkchat-dev/server/node_modules/mongoose/lib/drivers/node-mongodb-native/collection.js:231:14)
    at create (/home/kauel/imkchat-dev/server/node_modules/mongoose/lib/model.js:1753:33)
    at /home/kauel/imkchat-dev/server/node_modules/mongoose/lib/model.js:1763:7
    at /home/kauel/imkchat-dev/server/node_modules/mongoose/lib/utils.js:440:16
    at collectionOperationCallback (/home/kauel/imkchat-dev/server/node_modules/mongoose/lib/drivers/node-mongodb-native/collection.js:217:24)
    at /home/kauel/imkchat-dev/server/node_modules/mongodb/lib/utils.js:704:5
2023-07-11 11:54:49 error: uncaughtException: write EPIPE
Error: write EPIPE
    at afterWriteDispatched (node:internal/stream_base_commons:160:15)
    at writeGeneric (node:internal/stream_base_commons:151:3)
    at Socket._writeGeneric (node:net:930:11)
    at Socket._write (node:net:942:8)
    at writeOrBuffer (node:internal/streams/writable:392:12)
    at _write (node:internal/streams/writable:333:10)
    at Socket.Writable.write (node:internal/streams/writable:337:10)
    at console.value (node:internal/console/constructor:300:16)
    at console.log (node:internal/console/constructor:377:26)
    at NativeCollection.$print (/home/kauel/imkchat-dev/server/node_modules/mongoose/lib/drivers/node-mongodb-native/collection.js:308:11)
    at NativeCollection.<computed> [as findOne] (/home/kauel/imkchat-dev/server/node_modules/mongoose/lib/drivers/node-mongodb-native/collection.js:231:14)
    at NodeCollection.findOne (/home/kauel/imkchat-dev/server/node_modules/mquery/lib/collection/node.js:42:19)
    at model.Query.Query.findOne (/home/kauel/imkchat-dev/server/node_modules/mquery/lib/mquery.js:2024:20)
    at model.Query.<anonymous> (/home/kauel/imkchat-dev/server/node_modules/mongoose/lib/query.js:2245:22)
    at model.Query._wrappedThunk [as _findOne] (/home/kauel/imkchat-dev/server/node_modules/mongoose/lib/helpers/query/wrapThunk.js:16:8)
    at /home/kauel/imkchat-dev/server/node_modules/kareem/index.js:370:33
2023-07-11 11:54:49 error: uncaughtException: write EPIPE
Error: write EPIPE
    at afterWriteDispatched (node:internal/stream_base_commons:160:15)
    at writeGeneric (node:internal/stream_base_commons:151:3)
    at Socket._writeGeneric (node:net:930:11)
    at Socket._write (node:net:942:8)
    at writeOrBuffer (node:internal/streams/writable:392:12)
    at _write (node:internal/streams/writable:333:10)
    at Socket.Writable.write (node:internal/streams/writable:337:10)
    at console.value (node:internal/console/constructor:300:16)
    at console.log (node:internal/console/constructor:377:26)
    at NativeCollection.$print (/home/kauel/imkchat-dev/server/node_modules/mongoose/lib/drivers/node-mongodb-native/collection.js:308:11)
    at NativeCollection.<computed> [as findOneAndUpdate] (/home/kauel/imkchat-dev/server/node_modules/mongoose/lib/drivers/node-mongodb-native/collection.js:231:14)
    at model.Query.Query._findAndModify (/home/kauel/imkchat-dev/server/node_modules/mongoose/lib/query.js:3730:31)
    at model.Query.<anonymous> (/home/kauel/imkchat-dev/server/node_modules/mongoose/lib/query.js:3164:8)
    at model.Query._wrappedThunk [as _findOneAndUpdate] (/home/kauel/imkchat-dev/server/node_modules/mongoose/lib/helpers/query/wrapThunk.js:16:8)
    at /home/kauel/imkchat-dev/server/node_modules/kareem/index.js:279:20
    at _next (/home/kauel/imkchat-dev/server/node_modules/kareem/index.js:103:16)
2023-07-11 11:54:49 error: uncaughtException: write EPIPE
Error: write EPIPE
    at afterWriteDispatched (node:internal/stream_base_commons:160:15)
    at writeGeneric (node:internal/stream_base_commons:151:3)
    at Socket._writeGeneric (node:net:930:11)
    at Socket._write (node:net:942:8)
    at writeOrBuffer (node:internal/streams/writable:392:12)
    at _write (node:internal/streams/writable:333:10)
    at Socket.Writable.write (node:internal/streams/writable:337:10)
    at console.value (node:internal/console/constructor:300:16)
    at console.log (node:internal/console/constructor:377:26)
    at Object.initAccessControl (/home/kauel/imkchat-dev/server/src/services/accessControl.service.ts:29:17)
    at processTicksAndRejections (node:internal/process/task_queues:95:5)
    at async /home/kauel/imkchat-dev/server/src/app.ts:42:17
2023-07-11 15:14:14 error: uncaughtException: Cannot read properties of undefined (reading 'data')
TypeError: Cannot read properties of undefined (reading 'data')
    at /home/kauel/imkchat-dev/server/src/controllers/ia.controller.ts:41:61
2023-07-11 16:01:39 error: uncaughtException: Cannot read properties of undefined (reading 'data')
TypeError: Cannot read properties of undefined (reading 'data')
    at /home/kauel/imkchat/server/src/controllers/ia.controller.ts:41:61
2023-07-11 17:36:34 error: uncaughtException: Cannot read properties of undefined (reading 'data')
TypeError: Cannot read properties of undefined (reading 'data')
    at /home/kauel/imkchat/server/src/controllers/ia.controller.ts:41:61
