2023-06-27 13:43:11 error: uncaughtException: Unhandled error. ('Cannot connect')
Error [ERR_UNHANDLED_ERROR]: Unhandled error. ('Cannot connect')
    at new NodeError (node:internal/errors:399:5)
    at EventEmitter.emit (node:events:502:17)
    at EventEmitter.emit (node:domain:489:12)
    at Telnet.<anonymous> (C:\Users\gorel\Documents\Kauel_USA\imKchat\app\server\node_modules\node-openvpn\lib\openvpn.js:77:24)
    at Telnet.emit (node:events:513:28)
    at Telnet.emit (node:domain:489:12)
    at Socket.<anonymous> (C:\Users\gorel\Documents\Kauel_USA\imKchat\app\server\node_modules\telnet-client\lib\telnet-client.js:52:12)
    at Object.onceWrapper (node:events:627:28)
    at Socket.emit (node:events:513:28)
    at Socket.emit (node:domain:489:12)
    at Socket._onTimeout (node:net:570:8)
    at listOnTimeout (node:internal/timers:569:17)
    at processTimers (node:internal/timers:512:7)
2023-06-27 13:43:53 error: uncaughtException: Unhandled error. ('Cannot connect')
Error [ERR_UNHANDLED_ERROR]: Unhandled error. ('Cannot connect')
    at new NodeError (node:internal/errors:399:5)
    at EventEmitter.emit (node:events:502:17)
    at EventEmitter.emit (node:domain:489:12)
    at Telnet.<anonymous> (C:\Users\gorel\Documents\Kauel_USA\imKchat\app\server\node_modules\node-openvpn\lib\openvpn.js:77:24)
    at Telnet.emit (node:events:513:28)
    at Telnet.emit (node:domain:489:12)
    at Socket.<anonymous> (C:\Users\gorel\Documents\Kauel_USA\imKchat\app\server\node_modules\telnet-client\lib\telnet-client.js:52:12)
    at Object.onceWrapper (node:events:627:28)
    at Socket.emit (node:events:513:28)
    at Socket.emit (node:domain:489:12)
    at Socket._onTimeout (node:net:570:8)
    at listOnTimeout (node:internal/timers:569:17)
    at processTimers (node:internal/timers:512:7)
2023-06-27 13:44:16 error: uncaughtException: Unhandled error. ('Cannot connect')
Error [ERR_UNHANDLED_ERROR]: Unhandled error. ('Cannot connect')
    at new NodeError (node:internal/errors:399:5)
    at EventEmitter.emit (node:events:502:17)
    at EventEmitter.emit (node:domain:489:12)
    at Telnet.<anonymous> (C:\Users\gorel\Documents\Kauel_USA\imKchat\app\server\node_modules\node-openvpn\lib\openvpn.js:77:24)
    at Telnet.emit (node:events:513:28)
    at Telnet.emit (node:domain:489:12)
    at Socket.<anonymous> (C:\Users\gorel\Documents\Kauel_USA\imKchat\app\server\node_modules\telnet-client\lib\telnet-client.js:52:12)
    at Object.onceWrapper (node:events:627:28)
    at Socket.emit (node:events:513:28)
    at Socket.emit (node:domain:489:12)
    at Socket._onTimeout (node:net:570:8)
    at listOnTimeout (node:internal/timers:569:17)
    at processTimers (node:internal/timers:512:7)
2023-06-27 13:44:27 error: uncaughtException: Unhandled error. ('Cannot connect')
Error [ERR_UNHANDLED_ERROR]: Unhandled error. ('Cannot connect')
    at new NodeError (node:internal/errors:399:5)
    at EventEmitter.emit (node:events:502:17)
    at EventEmitter.emit (node:domain:489:12)
    at Telnet.<anonymous> (C:\Users\gorel\Documents\Kauel_USA\imKchat\app\server\node_modules\node-openvpn\lib\openvpn.js:77:24)
    at Telnet.emit (node:events:513:28)
    at Telnet.emit (node:domain:489:12)
    at Socket.<anonymous> (C:\Users\gorel\Documents\Kauel_USA\imKchat\app\server\node_modules\telnet-client\lib\telnet-client.js:52:12)
    at Object.onceWrapper (node:events:627:28)
    at Socket.emit (node:events:513:28)
    at Socket.emit (node:domain:489:12)
    at Socket._onTimeout (node:net:570:8)
    at listOnTimeout (node:internal/timers:569:17)
    at processTimers (node:internal/timers:512:7)
2023-06-27 13:44:46 error: uncaughtException: Unhandled error. ('Cannot connect')
Error [ERR_UNHANDLED_ERROR]: Unhandled error. ('Cannot connect')
    at new NodeError (node:internal/errors:399:5)
    at EventEmitter.emit (node:events:502:17)
    at EventEmitter.emit (node:domain:489:12)
    at Telnet.<anonymous> (C:\Users\gorel\Documents\Kauel_USA\imKchat\app\server\node_modules\node-openvpn\lib\openvpn.js:77:24)
    at Telnet.emit (node:events:513:28)
    at Telnet.emit (node:domain:489:12)
    at Socket.<anonymous> (C:\Users\gorel\Documents\Kauel_USA\imKchat\app\server\node_modules\telnet-client\lib\telnet-client.js:52:12)
    at Object.onceWrapper (node:events:627:28)
    at Socket.emit (node:events:513:28)
    at Socket.emit (node:domain:489:12)
    at Socket._onTimeout (node:net:570:8)
    at listOnTimeout (node:internal/timers:569:17)
    at processTimers (node:internal/timers:512:7)
2023-06-27 16:36:22 error: [POST] /api/login >> StatusCode:: 409, Message:: Contraseña incorrecta
