2023-06-28 08:11:36 error: [POST] /api/forgot-password >> StatusCode:: 500, Message:: Operation `users.findOneAndUpdate()` buffering timed out after 10000ms
2023-06-28 08:13:28 error: [POST] /api/forgot-password >> StatusCode:: 500, Message:: Operation `users.findOneAndUpdate()` buffering timed out after 10000ms
2023-06-28 08:16:05 error: [POST] /api/forgot-password >> StatusCode:: 500, Message:: Operation `users.findOneAndUpdate()` buffering timed out after 10000ms
2023-06-28 08:19:35 error: [POST] /api/forgot-password >> StatusCode:: 500, Message:: Operation `users.findOneAndUpdate()` buffering timed out after 10000ms
2023-06-28 08:26:50 error: [POST] /api/forgot-password >> StatusCode:: 500, Message:: Operation `users.findOneAndUpdate()` buffering timed out after 10000ms
2023-06-28 08:46:01 error: Se requieren credenciales SMTP
2023-06-28 08:58:59 error: Invalid login: 535-5.7.8 Username and Password not accepted. Learn more at
535 5.7.8  https://support.google.com/mail/?p=BadCredentials u42-20020a056808152a00b003a1ed49074fsm2351652oiw.8 - gsmtp
2023-06-28 08:59:10 error: Invalid login: 535-5.7.8 Username and Password not accepted. Learn more at
535 5.7.8  https://support.google.com/mail/?p=BadCredentials q17-20020a05687101d100b001a6ad211bf3sm6486023oad.1 - gsmtp
2023-06-28 09:07:23 error: Invalid login: 535-5.7.8 Username and Password not accepted. Learn more at
535 5.7.8  https://support.google.com/mail/?p=BadCredentials e8-20020a92de48000000b00345c9490997sm85807ilr.11 - gsmtp
2023-06-28 09:07:56 error: Invalid login: 535-5.7.8 Username and Password not accepted. Learn more at
535 5.7.8  https://support.google.com/mail/?p=BadCredentials i3-20020a819103000000b005732aab4a19sm808041ywg.1 - gsmtp
2023-06-28 09:17:17 error: Invalid login: 535-5.7.8 Username and Password not accepted. Learn more at
535 5.7.8  https://support.google.com/mail/?p=BadCredentials cg4-20020a0566381bc400b0042ad1c2f3fasm270538jab.24 - gsmtp
2023-06-28 09:20:17 error: Invalid login: 535 Incorrect authentication data
2023-06-28 09:23:28 error: Invalid login: 535 Incorrect authentication data
2023-06-28 09:25:59 error: Invalid login: 535 Incorrect authentication data
2023-06-28 09:28:15 error: Hostname/IP does not match certificate's altnames: Host: mail.tesso.cl. is not in the cert's altnames: DNS:*.sitiodns.net, DNS:sitiodns.net
2023-06-28 09:29:02 error: Invalid login: 535 Incorrect authentication data
2023-06-28 09:30:33 error: ENOENT: no such file or directory, open 'C:\Users\gorel\Documents\Kauel_USA\imKchat\app\client\public\images\logo.png'
2023-06-28 10:10:10 error: [POST] /api/forgot-password >> StatusCode:: 409, Message:: Email a@a.cl not found
2023-06-28 10:11:42 error: [POST] /api/forgot-password >> StatusCode:: 409, Message:: Email a@a.cl not found
2023-06-28 10:12:23 error: [POST] /api/forgot-password >> StatusCode:: 409, Message:: Email a@a.cl not found
2023-06-28 10:13:11 error: [POST] /api/forgot-password >> StatusCode:: 409, Message:: Email a@a.cl not found
2023-06-28 10:13:58 error: [POST] /api/forgot-password >> StatusCode:: 409, Message:: Email a@a.cl not found
2023-06-28 12:28:26 error: [POST] /api/login >> StatusCode:: 409, Message:: Wrong password
2023-06-28 12:30:44 error: [POST] /api/login >> StatusCode:: 409, Message:: Wrong password
2023-06-28 12:31:14 error: [POST] /api/login >> StatusCode:: 409, Message:: Wrong password
2023-06-28 12:32:08 error: [POST] /api/login >> StatusCode:: 409, Message:: Wrong password
2023-06-28 12:39:00 error: [POST] /api/login >> StatusCode:: 409, Message:: Wrong password
2023-06-28 12:41:10 error: [POST] /api/login >> StatusCode:: 409, Message:: Wrong password
2023-06-28 12:41:38 error: [POST] /api/login >> StatusCode:: 409, Message:: Wrong password
2023-06-28 12:43:13 error: [POST] /api/login >> StatusCode:: 409, Message:: Email a@a.cl not found
2023-06-28 12:47:40 error: [POST] /api/login >> StatusCode:: 409, Message:: Email a@a.cl not found
2023-06-28 12:48:01 error: [POST] /api/login >> StatusCode:: 410, Message:: Email a@a.cl not found
2023-06-28 12:49:34 error: [POST] /api/login >> StatusCode:: 410, Message:: Email a@a.cl not found
2023-06-28 12:50:09 error: [POST] /api/login >> StatusCode:: 409, Message:: Wrong password
2023-06-28 12:53:19 error: [POST] /api/login >> StatusCode:: 410, Message:: Email a@a.cl not found
2023-06-28 12:56:25 error: [POST] /api/login >> StatusCode:: 410, Message:: Email sadcascsdccdsdcs not found
2023-06-28 12:57:25 error: [POST] /api/login >> StatusCode:: 410, Message:: Email adssdcsdcsdc not found
2023-06-28 12:58:20 error: [POST] /api/login >> StatusCode:: 410, Message:: Email vc cvc vdfvbdf not found
2023-06-28 12:59:05 error: [POST] /api/login >> StatusCode:: 410, Message:: Email sdsdcscsdcs not found
2023-06-28 12:59:49 error: [POST] /api/login >> StatusCode:: 410, Message:: Email sdcsdcsdcsdcds not found
2023-06-28 13:00:17 error: [POST] /api/login >> StatusCode:: 410, Message:: Email sdcsdcsdcsdc not found
2023-06-28 13:00:56 error: [POST] /api/login >> StatusCode:: 410, Message:: Email szdcsdcsdcscsd not found
2023-06-28 13:01:52 error: [POST] /api/login >> StatusCode:: 410, Message:: Email sdfsfwsdse not found
2023-06-28 13:03:34 error: [POST] /api/login >> StatusCode:: 410, Message:: Email sdcsdcsdcds not found
2023-06-28 13:03:38 error: [POST] /api/login >> StatusCode:: 410, Message:: Email sdcsdcsdcsd not found
2023-06-28 13:05:13 error: [POST] /api/login >> StatusCode:: 410, Message:: Email a@a.cl not found
2023-06-28 13:05:29 error: [POST] /api/login >> StatusCode:: 409, Message:: Wrong password
2023-06-28 14:31:26 error: [POST] /api/reset-password >> StatusCode:: 500, Message:: jwt expired
2023-06-28 14:35:23 error: [POST] /api/login >> StatusCode:: 409, Message:: Wrong password
2023-06-28 16:30:13 error: [POST] /api/login >> StatusCode:: 409, Message:: Wrong password
2023-06-28 17:28:43 error: [POST] /api/login >> StatusCode:: 409, Message:: Wrong password
2023-06-28 17:35:17 error: [POST] /api/login >> StatusCode:: 409, Message:: Wrong password
