2023-10-19 12:00:30 error: uncaughtException: write EPIPE
Error: write EPIPE
    at afterWriteDispatched (node:internal/stream_base_commons:160:15)
    at writeGeneric (node:internal/stream_base_commons:151:3)
    at Socket._writeGeneric (node:net:930:11)
    at Socket._write (node:net:942:8)
    at writeOrBuffer (node:internal/streams/writable:392:12)
    at _write (node:internal/streams/writable:333:10)
    at Socket.Writable.write (node:internal/streams/writable:337:10)
    at Function.log (/home/kauel/imkchat-app-dev/imkchat/server/node_modules/depd/index.js:244:18)
    at deprecate (/home/kauel/imkchat-app-dev/imkchat/server/node_modules/depd/index.js:116:9)
    at Function.urlencoded (/home/kauel/imkchat-app-dev/imkchat/server/node_modules/body-parser/lib/types/urlencoded.js:48:5)
    at initializeMiddlewares (/home/kauel/imkchat-app-dev/imkchat/server/src/app.ts:143:21)
    at App (/home/kauel/imkchat-app-dev/imkchat/server/src/app.ts:266:5)
    at startServer (/home/kauel/imkchat-app-dev/imkchat/server/src/server.ts:6:8)
    at Object.<anonymous> (/home/kauel/imkchat-app-dev/imkchat/server/src/server.ts:9:1)
    at Module._compile (node:internal/modules/cjs/loader:1256:14)
    at Module.m._compile (/home/kauel/imkchat-app-dev/imkchat/server/node_modules/ts-node/src/index.ts:1371:23)
2023-10-19 12:00:30 error: uncaughtException: write EPIPE
Error: write EPIPE
    at afterWriteDispatched (node:internal/stream_base_commons:160:15)
    at writeGeneric (node:internal/stream_base_commons:151:3)
    at Socket._writeGeneric (node:net:930:11)
    at Socket._write (node:net:942:8)
    at writeOrBuffer (node:internal/streams/writable:392:12)
    at _write (node:internal/streams/writable:333:10)
    at Socket.Writable.write (node:internal/streams/writable:337:10)
    at Console.log (/home/kauel/imkchat-app-dev/imkchat/server/node_modules/winston/lib/winston/transports/console.js:79:23)
    at Console._write (/home/kauel/imkchat-app-dev/imkchat/server/node_modules/winston-transport/index.js:103:17)
    at doWrite (/home/kauel/imkchat-app-dev/imkchat/server/node_modules/winston-transport/node_modules/readable-stream/lib/_stream_writable.js:428:64)
    at writeOrBuffer (/home/kauel/imkchat-app-dev/imkchat/server/node_modules/winston-transport/node_modules/readable-stream/lib/_stream_writable.js:417:5)
    at Console.Writable.write (/home/kauel/imkchat-app-dev/imkchat/server/node_modules/winston-transport/node_modules/readable-stream/lib/_stream_writable.js:334:11)
    at DerivedLogger.ondata (/home/kauel/imkchat-app-dev/imkchat/server/node_modules/readable-stream/lib/_stream_readable.js:681:20)
    at DerivedLogger.emit (node:events:525:35)
    at DerivedLogger.emit (node:domain:489:12)
    at addChunk (/home/kauel/imkchat-app-dev/imkchat/server/node_modules/readable-stream/lib/_stream_readable.js:298:12)
2023-10-19 12:00:32 error: uncaughtException: write EPIPE
Error: write EPIPE
    at afterWriteDispatched (node:internal/stream_base_commons:160:15)
    at writeGeneric (node:internal/stream_base_commons:151:3)
    at Socket._writeGeneric (node:net:930:11)
    at Socket._write (node:net:942:8)
    at writeOrBuffer (node:internal/streams/writable:392:12)
    at _write (node:internal/streams/writable:333:10)
    at Socket.Writable.write (node:internal/streams/writable:337:10)
    at console.value (node:internal/console/constructor:300:16)
    at console.log (node:internal/console/constructor:377:26)
    at NativeCollection.$print (/home/kauel/imkchat-app-dev/imkchat/server/node_modules/mongoose/lib/drivers/node-mongodb-native/collection.js:308:11)
    at NativeCollection.<computed> [as createIndex] (/home/kauel/imkchat-app-dev/imkchat/server/node_modules/mongoose/lib/drivers/node-mongodb-native/collection.js:231:14)
    at NativeCollection.create (/home/kauel/imkchat-app-dev/imkchat/server/node_modules/mongoose/lib/model.js:1753:33)
    at NativeCollection.Collection.doQueue (/home/kauel/imkchat-app-dev/imkchat/server/node_modules/mongoose/lib/collection.js:137:17)
    at /home/kauel/imkchat-app-dev/imkchat/server/node_modules/mongoose/lib/collection.js:82:24
    at processTicksAndRejections (node:internal/process/task_queues:77:11)
2023-10-19 12:00:32 error: uncaughtException: write EPIPE
Error: write EPIPE
    at afterWriteDispatched (node:internal/stream_base_commons:160:15)
    at writeGeneric (node:internal/stream_base_commons:151:3)
    at Socket._writeGeneric (node:net:930:11)
    at Socket._write (node:net:942:8)
    at writeOrBuffer (node:internal/streams/writable:392:12)
    at _write (node:internal/streams/writable:333:10)
    at Socket.Writable.write (node:internal/streams/writable:337:10)
    at console.value (node:internal/console/constructor:300:16)
    at console.log (node:internal/console/constructor:377:26)
    at /home/kauel/imkchat-app-dev/imkchat/server/src/app.ts:48:21
    at /home/kauel/imkchat-app-dev/imkchat/server/node_modules/mongoose/lib/helpers/promiseOrCallback.js:25:16
    at /home/kauel/imkchat-app-dev/imkchat/server/node_modules/mongoose/lib/index.js:355:14
    at /home/kauel/imkchat-app-dev/imkchat/server/node_modules/mongoose/lib/connection.js:874:13
    at processTicksAndRejections (node:internal/process/task_queues:95:5)
2023-10-19 12:00:32 error: uncaughtException: write EPIPE
Error: write EPIPE
    at afterWriteDispatched (node:internal/stream_base_commons:160:15)
    at writeGeneric (node:internal/stream_base_commons:151:3)
    at Socket._writeGeneric (node:net:930:11)
    at Socket._write (node:net:942:8)
    at writeOrBuffer (node:internal/streams/writable:392:12)
    at _write (node:internal/streams/writable:333:10)
    at Socket.Writable.write (node:internal/streams/writable:337:10)
    at console.value (node:internal/console/constructor:300:16)
    at console.log (node:internal/console/constructor:377:26)
    at NativeCollection.$print (/home/kauel/imkchat-app-dev/imkchat/server/node_modules/mongoose/lib/drivers/node-mongodb-native/collection.js:308:11)
    at NativeCollection.<computed> [as findOneAndUpdate] (/home/kauel/imkchat-app-dev/imkchat/server/node_modules/mongoose/lib/drivers/node-mongodb-native/collection.js:231:14)
    at model.Query.Query._findAndModify (/home/kauel/imkchat-app-dev/imkchat/server/node_modules/mongoose/lib/query.js:3730:31)
    at model.Query.<anonymous> (/home/kauel/imkchat-app-dev/imkchat/server/node_modules/mongoose/lib/query.js:3164:8)
    at model.Query._wrappedThunk [as _findOneAndUpdate] (/home/kauel/imkchat-app-dev/imkchat/server/node_modules/mongoose/lib/helpers/query/wrapThunk.js:16:8)
    at /home/kauel/imkchat-app-dev/imkchat/server/node_modules/kareem/index.js:279:20
    at _next (/home/kauel/imkchat-app-dev/imkchat/server/node_modules/kareem/index.js:103:16)
2023-10-19 12:00:33 error: uncaughtException: write EPIPE
Error: write EPIPE
    at afterWriteDispatched (node:internal/stream_base_commons:160:15)
    at writeGeneric (node:internal/stream_base_commons:151:3)
    at Socket._writeGeneric (node:net:930:11)
    at Socket._write (node:net:942:8)
    at writeOrBuffer (node:internal/streams/writable:392:12)
    at _write (node:internal/streams/writable:333:10)
    at Socket.Writable.write (node:internal/streams/writable:337:10)
    at console.value (node:internal/console/constructor:300:16)
    at console.log (node:internal/console/constructor:377:26)
    at NativeCollection.$print (/home/kauel/imkchat-app-dev/imkchat/server/node_modules/mongoose/lib/drivers/node-mongodb-native/collection.js:308:11)
    at NativeCollection.<computed> [as findOne] (/home/kauel/imkchat-app-dev/imkchat/server/node_modules/mongoose/lib/drivers/node-mongodb-native/collection.js:231:14)
    at NodeCollection.findOne (/home/kauel/imkchat-app-dev/imkchat/server/node_modules/mquery/lib/collection/node.js:42:19)
    at model.Query.Query.findOne (/home/kauel/imkchat-app-dev/imkchat/server/node_modules/mquery/lib/mquery.js:2024:20)
    at model.Query.<anonymous> (/home/kauel/imkchat-app-dev/imkchat/server/node_modules/mongoose/lib/query.js:2245:22)
    at model.Query._wrappedThunk [as _findOne] (/home/kauel/imkchat-app-dev/imkchat/server/node_modules/mongoose/lib/helpers/query/wrapThunk.js:16:8)
    at /home/kauel/imkchat-app-dev/imkchat/server/node_modules/kareem/index.js:370:33
2023-10-19 12:00:33 error: uncaughtException: write EPIPE
Error: write EPIPE
    at afterWriteDispatched (node:internal/stream_base_commons:160:15)
    at writeGeneric (node:internal/stream_base_commons:151:3)
    at Socket._writeGeneric (node:net:930:11)
    at Socket._write (node:net:942:8)
    at writeOrBuffer (node:internal/streams/writable:392:12)
    at _write (node:internal/streams/writable:333:10)
    at Socket.Writable.write (node:internal/streams/writable:337:10)
    at console.value (node:internal/console/constructor:300:16)
    at console.log (node:internal/console/constructor:377:26)
    at NativeCollection.$print (/home/kauel/imkchat-app-dev/imkchat/server/node_modules/mongoose/lib/drivers/node-mongodb-native/collection.js:308:11)
    at NativeCollection.<computed> [as findOneAndUpdate] (/home/kauel/imkchat-app-dev/imkchat/server/node_modules/mongoose/lib/drivers/node-mongodb-native/collection.js:231:14)
    at model.Query.Query._findAndModify (/home/kauel/imkchat-app-dev/imkchat/server/node_modules/mongoose/lib/query.js:3730:31)
    at model.Query.<anonymous> (/home/kauel/imkchat-app-dev/imkchat/server/node_modules/mongoose/lib/query.js:3164:8)
    at model.Query._wrappedThunk [as _findOneAndUpdate] (/home/kauel/imkchat-app-dev/imkchat/server/node_modules/mongoose/lib/helpers/query/wrapThunk.js:16:8)
    at /home/kauel/imkchat-app-dev/imkchat/server/node_modules/kareem/index.js:279:20
    at _next (/home/kauel/imkchat-app-dev/imkchat/server/node_modules/kareem/index.js:103:16)
2023-10-19 12:00:33 error: uncaughtException: write EPIPE
Error: write EPIPE
    at afterWriteDispatched (node:internal/stream_base_commons:160:15)
    at writeGeneric (node:internal/stream_base_commons:151:3)
    at Socket._writeGeneric (node:net:930:11)
    at Socket._write (node:net:942:8)
    at writeOrBuffer (node:internal/streams/writable:392:12)
    at _write (node:internal/streams/writable:333:10)
    at Socket.Writable.write (node:internal/streams/writable:337:10)
    at console.value (node:internal/console/constructor:300:16)
    at console.log (node:internal/console/constructor:377:26)
    at Object.initAccessControl (/home/kauel/imkchat-app-dev/imkchat/server/src/services/accessControl.service.ts:30:17)
    at processTicksAndRejections (node:internal/process/task_queues:95:5)
    at async /home/kauel/imkchat-app-dev/imkchat/server/src/app.ts:51:17
2023-10-19 10:48:24 error: [POST] /api/login >> StatusCode:: 500, Message:: Cannot read properties of null (reading '_id')
2023-10-19 10:48:48 error: [POST] /api/login >> StatusCode:: 500, Message:: Cannot read properties of null (reading '_id')
2023-10-19 10:48:49 error: [POST] /api/login >> StatusCode:: 500, Message:: Cannot read properties of null (reading '_id')
2023-10-19 10:49:56 error: [POST] /api/login >> StatusCode:: 500, Message:: Cannot read properties of null (reading '_id')
