2023-07-23 16:31:00 error: uncaughtException: undefined is not iterable (cannot read property Symbol(Symbol.iterator))
TypeError: undefined is not iterable (cannot read property Symbol(Symbol.iterator))
    at Function.from (<anonymous>)
    at Query.<anonymous> (/home/kauel/imkchat-dev/server/src/app.ts:73:40)
    at Query.<anonymous> (/home/kauel/imkchat-dev/server/node_modules/mysql/lib/Connection.js:526:10)
    at Query._callback (/home/kauel/imkchat-dev/server/node_modules/mysql/lib/Connection.js:488:16)
    at Query.Sequence.end (/home/kauel/imkchat-dev/server/node_modules/mysql/lib/protocol/sequences/Sequence.js:83:24)
    at Query.ErrorPacket (/home/kauel/imkchat-dev/server/node_modules/mysql/lib/protocol/sequences/Query.js:92:8)
    at Protocol._parsePacket (/home/kauel/imkchat-dev/server/node_modules/mysql/lib/protocol/Protocol.js:291:23)
    at Parser._parsePacket (/home/kauel/imkchat-dev/server/node_modules/mysql/lib/protocol/Parser.js:433:10)
    at Parser.write (/home/kauel/imkchat-dev/server/node_modules/mysql/lib/protocol/Parser.js:43:10)
    at Protocol.write (/home/kauel/imkchat-dev/server/node_modules/mysql/lib/protocol/Protocol.js:38:16)
    at Socket.<anonymous> (/home/kauel/imkchat-dev/server/node_modules/mysql/lib/Connection.js:88:28)
    at Socket.<anonymous> (/home/kauel/imkchat-dev/server/node_modules/mysql/lib/Connection.js:526:10)
    at Socket.emit (node:events:513:28)
    at Socket.emit (node:domain:489:12)
    at addChunk (node:internal/streams/readable:324:12)
    at readableAddChunk (node:internal/streams/readable:297:9)
2023-07-23 17:48:03 error: uncaughtException: Connection lost: The server closed the connection.
Error: Connection lost: The server closed the connection.
    at Protocol.end (/home/kauel/imkchat-dev/server/node_modules/mysql/lib/protocol/Protocol.js:112:13)
    at Socket.<anonymous> (/home/kauel/imkchat-dev/server/node_modules/mysql/lib/Connection.js:94:28)
    at Socket.<anonymous> (/home/kauel/imkchat-dev/server/node_modules/mysql/lib/Connection.js:526:10)
    at Socket.emit (node:events:525:35)
    at Socket.emit (node:domain:489:12)
    at endReadableNT (node:internal/streams/readable:1359:12)
    at processTicksAndRejections (node:internal/process/task_queues:82:21)
2023-07-23 19:06:59 error: uncaughtException: Field (minute) cannot be parsed
Error: Field (minute) cannot be parsed
    at CT._parseField (/home/kauel/imkchat-dev/server/node_modules/cron/lib/time.js:808:12)
    at CT._parse (/home/kauel/imkchat-dev/server/node_modules/cron/lib/time.js:727:10)
    at new CT (/home/kauel/imkchat-dev/server/node_modules/cron/lib/time.js:96:9)
    at new CJ (/home/kauel/imkchat-dev/server/node_modules/cron/lib/job.js:62:19)
    at Handshake.<anonymous> (/home/kauel/imkchat-dev/server/src/app.ts:95:22)
    at Handshake.<anonymous> (/home/kauel/imkchat-dev/server/node_modules/mysql/lib/Connection.js:526:10)
    at Handshake._callback (/home/kauel/imkchat-dev/server/node_modules/mysql/lib/Connection.js:488:16)
    at Handshake.Sequence.end (/home/kauel/imkchat-dev/server/node_modules/mysql/lib/protocol/sequences/Sequence.js:83:24)
    at Handshake.Sequence.OkPacket (/home/kauel/imkchat-dev/server/node_modules/mysql/lib/protocol/sequences/Sequence.js:92:8)
    at Protocol._parsePacket (/home/kauel/imkchat-dev/server/node_modules/mysql/lib/protocol/Protocol.js:291:23)
    at Parser._parsePacket (/home/kauel/imkchat-dev/server/node_modules/mysql/lib/protocol/Parser.js:433:10)
    at Parser.write (/home/kauel/imkchat-dev/server/node_modules/mysql/lib/protocol/Parser.js:43:10)
    at Protocol.write (/home/kauel/imkchat-dev/server/node_modules/mysql/lib/protocol/Protocol.js:38:16)
    at Socket.<anonymous> (/home/kauel/imkchat-dev/server/node_modules/mysql/lib/Connection.js:88:28)
    at Socket.<anonymous> (/home/kauel/imkchat-dev/server/node_modules/mysql/lib/Connection.js:526:10)
    at Socket.emit (node:events:513:28)
2023-07-23 19:09:02 error: uncaughtException: Connection lost: The server closed the connection.
Error: Connection lost: The server closed the connection.
    at Protocol.end (/home/kauel/imkchat-dev/server/node_modules/mysql/lib/protocol/Protocol.js:112:13)
    at Socket.<anonymous> (/home/kauel/imkchat-dev/server/node_modules/mysql/lib/Connection.js:94:28)
    at Socket.<anonymous> (/home/kauel/imkchat-dev/server/node_modules/mysql/lib/Connection.js:526:10)
    at Socket.emit (node:events:525:35)
    at Socket.emit (node:domain:489:12)
    at endReadableNT (node:internal/streams/readable:1359:12)
    at processTicksAndRejections (node:internal/process/task_queues:82:21)
2023-07-23 19:10:13 error: uncaughtException: undefined is not iterable (cannot read property Symbol(Symbol.iterator))
TypeError: undefined is not iterable (cannot read property Symbol(Symbol.iterator))
    at Function.from (<anonymous>)
    at Query.<anonymous> (/home/kauel/imkchat-dev/server/src/app.ts:71:36)
    at Query.<anonymous> (/home/kauel/imkchat-dev/server/node_modules/mysql/lib/Connection.js:526:10)
    at Query._callback (/home/kauel/imkchat-dev/server/node_modules/mysql/lib/Connection.js:488:16)
    at Query.Sequence.end (/home/kauel/imkchat-dev/server/node_modules/mysql/lib/protocol/sequences/Sequence.js:83:24)
    at /home/kauel/imkchat-dev/server/node_modules/mysql/lib/protocol/Protocol.js:236:14
    at processTicksAndRejections (node:internal/process/task_queues:77:11)
2023-07-23 19:12:02 error: uncaughtException: Connection lost: The server closed the connection.
Error: Connection lost: The server closed the connection.
    at Protocol.end (/home/kauel/imkchat-dev/server/node_modules/mysql/lib/protocol/Protocol.js:112:13)
    at Socket.<anonymous> (/home/kauel/imkchat-dev/server/node_modules/mysql/lib/Connection.js:94:28)
    at Socket.<anonymous> (/home/kauel/imkchat-dev/server/node_modules/mysql/lib/Connection.js:526:10)
    at Socket.emit (node:events:525:35)
    at Socket.emit (node:domain:489:12)
    at endReadableNT (node:internal/streams/readable:1359:12)
    at processTicksAndRejections (node:internal/process/task_queues:82:21)
2023-07-23 19:28:05 error: uncaughtException: Field (minute) cannot be parsed
Error: Field (minute) cannot be parsed
    at CT._parseField (/home/kauel/imkchat-dev/server/node_modules/cron/lib/time.js:808:12)
    at CT._parse (/home/kauel/imkchat-dev/server/node_modules/cron/lib/time.js:727:10)
    at new CT (/home/kauel/imkchat-dev/server/node_modules/cron/lib/time.js:96:9)
    at new CJ (/home/kauel/imkchat-dev/server/node_modules/cron/lib/job.js:62:19)
    at connectToDatabase (/home/kauel/imkchat-dev/server/src/app.ts:64:18)
    at App (/home/kauel/imkchat-dev/server/src/app.ts:200:5)
    at startServer (/home/kauel/imkchat-dev/server/src/server.ts:6:8)
    at Object.<anonymous> (/home/kauel/imkchat-dev/server/src/server.ts:9:1)
    at Module._compile (node:internal/modules/cjs/loader:1256:14)
    at Module.m._compile (/home/kauel/imkchat-dev/server/node_modules/ts-node/src/index.ts:1371:23)
    at Module._extensions..js (node:internal/modules/cjs/loader:1310:10)
    at Object.require.extensions.<computed> [as .ts] (/home/kauel/imkchat-dev/server/node_modules/ts-node/src/index.ts:1374:12)
    at Module.load (node:internal/modules/cjs/loader:1119:32)
    at Function.Module._load (node:internal/modules/cjs/loader:960:12)
    at Function.executeUserEntryPoint [as runMain] (node:internal/modules/run_main:81:12)
    at main (/home/kauel/imkchat-dev/server/node_modules/ts-node/src/bin.ts:331:12)
2023-07-23 20:03:00 error: uncaughtException: undefined is not iterable (cannot read property Symbol(Symbol.iterator))
TypeError: undefined is not iterable (cannot read property Symbol(Symbol.iterator))
    at Function.from (<anonymous>)
    at Query.<anonymous> (/home/kauel/imkchat-dev/server/src/app.ts:121:44)
    at Query.<anonymous> (/home/kauel/imkchat-dev/server/node_modules/mysql/lib/Connection.js:526:10)
    at Query._callback (/home/kauel/imkchat-dev/server/node_modules/mysql/lib/Connection.js:488:16)
    at Query.Sequence.end (/home/kauel/imkchat-dev/server/node_modules/mysql/lib/protocol/sequences/Sequence.js:83:24)
    at /home/kauel/imkchat-dev/server/node_modules/mysql/lib/protocol/Protocol.js:236:14
    at processTicksAndRejections (node:internal/process/task_queues:77:11)
2023-07-23 20:25:00 error: uncaughtException: undefined is not iterable (cannot read property Symbol(Symbol.iterator))
TypeError: undefined is not iterable (cannot read property Symbol(Symbol.iterator))
    at Function.from (<anonymous>)
    at Query.<anonymous> (/home/kauel/imkchat-dev/server/src/app.ts:81:40)
    at Query.<anonymous> (/home/kauel/imkchat-dev/server/node_modules/mysql/lib/Connection.js:526:10)
    at Query._callback (/home/kauel/imkchat-dev/server/node_modules/mysql/lib/Connection.js:488:16)
    at Query.Sequence.end (/home/kauel/imkchat-dev/server/node_modules/mysql/lib/protocol/sequences/Sequence.js:83:24)
    at /home/kauel/imkchat-dev/server/node_modules/mysql/lib/protocol/Protocol.js:236:14
    at processTicksAndRejections (node:internal/process/task_queues:77:11)
2023-07-23 23:00:39 error: uncaughtException: listen EADDRINUSE: address already in use :::5211
Error: listen EADDRINUSE: address already in use :::5211
    at Server.setupListenHandle [as _listen2] (node:net:1740:16)
    at listenInCluster (node:net:1788:12)
    at Server.listen (node:net:1876:7)
    at Function.listen (/home/kauel/imkchat-dev/server/node_modules/express/lib/application.js:618:24)
    at App (/home/kauel/imkchat-dev/server/src/app.ts:175:24)
    at startServer (/home/kauel/imkchat-dev/server/src/server.ts:6:8)
    at Object.<anonymous> (/home/kauel/imkchat-dev/server/src/server.ts:9:1)
    at Module._compile (node:internal/modules/cjs/loader:1256:14)
    at Module.m._compile (/home/kauel/imkchat-dev/server/node_modules/ts-node/src/index.ts:1371:23)
    at Module._extensions..js (node:internal/modules/cjs/loader:1310:10)
    at Object.require.extensions.<computed> [as .ts] (/home/kauel/imkchat-dev/server/node_modules/ts-node/src/index.ts:1374:12)
    at Module.load (node:internal/modules/cjs/loader:1119:32)
    at Function.Module._load (node:internal/modules/cjs/loader:960:12)
    at Function.executeUserEntryPoint [as runMain] (node:internal/modules/run_main:81:12)
    at main (/home/kauel/imkchat-dev/server/node_modules/ts-node/src/bin.ts:331:12)
    at Object.<anonymous> (/home/kauel/imkchat-dev/server/node_modules/ts-node/src/bin.ts:482:3)
2023-07-23 23:01:47 error: uncaughtException: listen EADDRINUSE: address already in use :::5211
Error: listen EADDRINUSE: address already in use :::5211
    at Server.setupListenHandle [as _listen2] (node:net:1740:16)
    at listenInCluster (node:net:1788:12)
    at Server.listen (node:net:1876:7)
    at Function.listen (/home/kauel/imkchat-dev/server/node_modules/express/lib/application.js:618:24)
    at App (/home/kauel/imkchat-dev/server/src/app.ts:175:24)
    at startServer (/home/kauel/imkchat-dev/server/src/server.ts:6:8)
    at Object.<anonymous> (/home/kauel/imkchat-dev/server/src/server.ts:9:1)
    at Module._compile (node:internal/modules/cjs/loader:1256:14)
    at Module.m._compile (/home/kauel/imkchat-dev/server/node_modules/ts-node/src/index.ts:1371:23)
    at Module._extensions..js (node:internal/modules/cjs/loader:1310:10)
    at Object.require.extensions.<computed> [as .ts] (/home/kauel/imkchat-dev/server/node_modules/ts-node/src/index.ts:1374:12)
    at Module.load (node:internal/modules/cjs/loader:1119:32)
    at Function.Module._load (node:internal/modules/cjs/loader:960:12)
    at Function.executeUserEntryPoint [as runMain] (node:internal/modules/run_main:81:12)
    at main (/home/kauel/imkchat-dev/server/node_modules/ts-node/src/bin.ts:331:12)
    at Object.<anonymous> (/home/kauel/imkchat-dev/server/node_modules/ts-node/src/bin.ts:482:3)
2023-07-23 23:04:11 error: uncaughtException: listen EADDRINUSE: address already in use :::5211
Error: listen EADDRINUSE: address already in use :::5211
    at Server.setupListenHandle [as _listen2] (node:net:1740:16)
    at listenInCluster (node:net:1788:12)
    at Server.listen (node:net:1876:7)
    at Function.listen (/home/kauel/imkchat-dev/server/node_modules/express/lib/application.js:618:24)
    at App (/home/kauel/imkchat-dev/server/src/app.ts:175:24)
    at startServer (/home/kauel/imkchat-dev/server/src/server.ts:6:8)
    at Object.<anonymous> (/home/kauel/imkchat-dev/server/src/server.ts:9:1)
    at Module._compile (node:internal/modules/cjs/loader:1256:14)
    at Module.m._compile (/home/kauel/imkchat-dev/server/node_modules/ts-node/src/index.ts:1371:23)
    at Module._extensions..js (node:internal/modules/cjs/loader:1310:10)
    at Object.require.extensions.<computed> [as .ts] (/home/kauel/imkchat-dev/server/node_modules/ts-node/src/index.ts:1374:12)
    at Module.load (node:internal/modules/cjs/loader:1119:32)
    at Function.Module._load (node:internal/modules/cjs/loader:960:12)
    at Function.executeUserEntryPoint [as runMain] (node:internal/modules/run_main:81:12)
    at main (/home/kauel/imkchat-dev/server/node_modules/ts-node/src/bin.ts:331:12)
    at Object.<anonymous> (/home/kauel/imkchat-dev/server/node_modules/ts-node/src/bin.ts:482:3)
2023-07-23 23:08:02 error: uncaughtException: listen EADDRINUSE: address already in use :::5211
Error: listen EADDRINUSE: address already in use :::5211
    at Server.setupListenHandle [as _listen2] (node:net:1740:16)
    at listenInCluster (node:net:1788:12)
    at Server.listen (node:net:1876:7)
    at Function.listen (/home/kauel/imkchat-dev/server/node_modules/express/lib/application.js:618:24)
    at App (/home/kauel/imkchat-dev/server/src/app.ts:175:24)
    at startServer (/home/kauel/imkchat-dev/server/src/server.ts:6:8)
    at Object.<anonymous> (/home/kauel/imkchat-dev/server/src/server.ts:9:1)
    at Module._compile (node:internal/modules/cjs/loader:1256:14)
    at Module.m._compile (/home/kauel/imkchat-dev/server/node_modules/ts-node/src/index.ts:1371:23)
    at Module._extensions..js (node:internal/modules/cjs/loader:1310:10)
    at Object.require.extensions.<computed> [as .ts] (/home/kauel/imkchat-dev/server/node_modules/ts-node/src/index.ts:1374:12)
    at Module.load (node:internal/modules/cjs/loader:1119:32)
    at Function.Module._load (node:internal/modules/cjs/loader:960:12)
    at Function.executeUserEntryPoint [as runMain] (node:internal/modules/run_main:81:12)
    at main (/home/kauel/imkchat-dev/server/node_modules/ts-node/src/bin.ts:331:12)
    at Object.<anonymous> (/home/kauel/imkchat-dev/server/node_modules/ts-node/src/bin.ts:482:3)
2023-07-23 23:08:29 error: uncaughtException: listen EADDRINUSE: address already in use :::5211
Error: listen EADDRINUSE: address already in use :::5211
    at Server.setupListenHandle [as _listen2] (node:net:1740:16)
    at listenInCluster (node:net:1788:12)
    at Server.listen (node:net:1876:7)
    at Function.listen (/home/kauel/imkchat-dev/server/node_modules/express/lib/application.js:618:24)
    at App (/home/kauel/imkchat-dev/server/src/app.ts:175:24)
    at startServer (/home/kauel/imkchat-dev/server/src/server.ts:6:8)
    at Object.<anonymous> (/home/kauel/imkchat-dev/server/src/server.ts:9:1)
    at Module._compile (node:internal/modules/cjs/loader:1256:14)
    at Module.m._compile (/home/kauel/imkchat-dev/server/node_modules/ts-node/src/index.ts:1371:23)
    at Module._extensions..js (node:internal/modules/cjs/loader:1310:10)
    at Object.require.extensions.<computed> [as .ts] (/home/kauel/imkchat-dev/server/node_modules/ts-node/src/index.ts:1374:12)
    at Module.load (node:internal/modules/cjs/loader:1119:32)
    at Function.Module._load (node:internal/modules/cjs/loader:960:12)
    at Function.executeUserEntryPoint [as runMain] (node:internal/modules/run_main:81:12)
    at main (/home/kauel/imkchat-dev/server/node_modules/ts-node/src/bin.ts:331:12)
    at Object.<anonymous> (/home/kauel/imkchat-dev/server/node_modules/ts-node/src/bin.ts:482:3)
2023-07-23 23:08:29 error: uncaughtException: listen EADDRINUSE: address already in use :::5211
Error: listen EADDRINUSE: address already in use :::5211
    at Server.setupListenHandle [as _listen2] (node:net:1740:16)
    at listenInCluster (node:net:1788:12)
    at Server.listen (node:net:1876:7)
    at Function.listen (/home/kauel/imkchat-dev/server/node_modules/express/lib/application.js:618:24)
    at App (/home/kauel/imkchat-dev/server/src/app.ts:175:24)
    at startServer (/home/kauel/imkchat-dev/server/src/server.ts:6:8)
    at Object.<anonymous> (/home/kauel/imkchat-dev/server/src/server.ts:9:1)
    at Module._compile (node:internal/modules/cjs/loader:1256:14)
    at Module.m._compile (/home/kauel/imkchat-dev/server/node_modules/ts-node/src/index.ts:1371:23)
    at Module._extensions..js (node:internal/modules/cjs/loader:1310:10)
    at Object.require.extensions.<computed> [as .ts] (/home/kauel/imkchat-dev/server/node_modules/ts-node/src/index.ts:1374:12)
    at Module.load (node:internal/modules/cjs/loader:1119:32)
    at Function.Module._load (node:internal/modules/cjs/loader:960:12)
    at Function.executeUserEntryPoint [as runMain] (node:internal/modules/run_main:81:12)
    at main (/home/kauel/imkchat-dev/server/node_modules/ts-node/src/bin.ts:331:12)
    at Object.<anonymous> (/home/kauel/imkchat-dev/server/node_modules/ts-node/src/bin.ts:482:3)
2023-07-23 23:10:30 error: uncaughtException: listen EADDRINUSE: address already in use :::5211
Error: listen EADDRINUSE: address already in use :::5211
    at Server.setupListenHandle [as _listen2] (node:net:1740:16)
    at listenInCluster (node:net:1788:12)
    at Server.listen (node:net:1876:7)
    at Function.listen (/home/kauel/imkchat-dev/server/node_modules/express/lib/application.js:618:24)
    at App (/home/kauel/imkchat-dev/server/src/app.ts:175:24)
    at startServer (/home/kauel/imkchat-dev/server/src/server.ts:6:8)
    at Object.<anonymous> (/home/kauel/imkchat-dev/server/src/server.ts:9:1)
    at Module._compile (node:internal/modules/cjs/loader:1256:14)
    at Module.m._compile (/home/kauel/imkchat-dev/server/node_modules/ts-node/src/index.ts:1371:23)
    at Module._extensions..js (node:internal/modules/cjs/loader:1310:10)
    at Object.require.extensions.<computed> [as .ts] (/home/kauel/imkchat-dev/server/node_modules/ts-node/src/index.ts:1374:12)
    at Module.load (node:internal/modules/cjs/loader:1119:32)
    at Function.Module._load (node:internal/modules/cjs/loader:960:12)
    at Function.executeUserEntryPoint [as runMain] (node:internal/modules/run_main:81:12)
    at main (/home/kauel/imkchat-dev/server/node_modules/ts-node/src/bin.ts:331:12)
    at Object.<anonymous> (/home/kauel/imkchat-dev/server/node_modules/ts-node/src/bin.ts:482:3)
2023-07-23 23:10:30 error: uncaughtException: listen EADDRINUSE: address already in use :::5211
Error: listen EADDRINUSE: address already in use :::5211
    at Server.setupListenHandle [as _listen2] (node:net:1740:16)
    at listenInCluster (node:net:1788:12)
    at Server.listen (node:net:1876:7)
    at Function.listen (/home/kauel/imkchat-dev/server/node_modules/express/lib/application.js:618:24)
    at App (/home/kauel/imkchat-dev/server/src/app.ts:175:24)
    at startServer (/home/kauel/imkchat-dev/server/src/server.ts:6:8)
    at Object.<anonymous> (/home/kauel/imkchat-dev/server/src/server.ts:9:1)
    at Module._compile (node:internal/modules/cjs/loader:1256:14)
    at Module.m._compile (/home/kauel/imkchat-dev/server/node_modules/ts-node/src/index.ts:1371:23)
    at Module._extensions..js (node:internal/modules/cjs/loader:1310:10)
    at Object.require.extensions.<computed> [as .ts] (/home/kauel/imkchat-dev/server/node_modules/ts-node/src/index.ts:1374:12)
    at Module.load (node:internal/modules/cjs/loader:1119:32)
    at Function.Module._load (node:internal/modules/cjs/loader:960:12)
    at Function.executeUserEntryPoint [as runMain] (node:internal/modules/run_main:81:12)
    at main (/home/kauel/imkchat-dev/server/node_modules/ts-node/src/bin.ts:331:12)
    at Object.<anonymous> (/home/kauel/imkchat-dev/server/node_modules/ts-node/src/bin.ts:482:3)
2023-07-23 23:10:50 error: uncaughtException: listen EADDRINUSE: address already in use :::5211
Error: listen EADDRINUSE: address already in use :::5211
    at Server.setupListenHandle [as _listen2] (node:net:1740:16)
    at listenInCluster (node:net:1788:12)
    at Server.listen (node:net:1876:7)
    at Function.listen (/home/kauel/imkchat-dev/server/node_modules/express/lib/application.js:618:24)
    at App (/home/kauel/imkchat-dev/server/src/app.ts:175:24)
    at startServer (/home/kauel/imkchat-dev/server/src/server.ts:6:8)
    at Object.<anonymous> (/home/kauel/imkchat-dev/server/src/server.ts:9:1)
    at Module._compile (node:internal/modules/cjs/loader:1256:14)
    at Module.m._compile (/home/kauel/imkchat-dev/server/node_modules/ts-node/src/index.ts:1371:23)
    at Module._extensions..js (node:internal/modules/cjs/loader:1310:10)
    at Object.require.extensions.<computed> [as .ts] (/home/kauel/imkchat-dev/server/node_modules/ts-node/src/index.ts:1374:12)
    at Module.load (node:internal/modules/cjs/loader:1119:32)
    at Function.Module._load (node:internal/modules/cjs/loader:960:12)
    at Function.executeUserEntryPoint [as runMain] (node:internal/modules/run_main:81:12)
    at main (/home/kauel/imkchat-dev/server/node_modules/ts-node/src/bin.ts:331:12)
    at Object.<anonymous> (/home/kauel/imkchat-dev/server/node_modules/ts-node/src/bin.ts:482:3)
2023-07-23 23:10:50 error: uncaughtException: listen EADDRINUSE: address already in use :::5211
Error: listen EADDRINUSE: address already in use :::5211
    at Server.setupListenHandle [as _listen2] (node:net:1740:16)
    at listenInCluster (node:net:1788:12)
    at Server.listen (node:net:1876:7)
    at Function.listen (/home/kauel/imkchat-dev/server/node_modules/express/lib/application.js:618:24)
    at App (/home/kauel/imkchat-dev/server/src/app.ts:175:24)
    at startServer (/home/kauel/imkchat-dev/server/src/server.ts:6:8)
    at Object.<anonymous> (/home/kauel/imkchat-dev/server/src/server.ts:9:1)
    at Module._compile (node:internal/modules/cjs/loader:1256:14)
    at Module.m._compile (/home/kauel/imkchat-dev/server/node_modules/ts-node/src/index.ts:1371:23)
    at Module._extensions..js (node:internal/modules/cjs/loader:1310:10)
    at Object.require.extensions.<computed> [as .ts] (/home/kauel/imkchat-dev/server/node_modules/ts-node/src/index.ts:1374:12)
    at Module.load (node:internal/modules/cjs/loader:1119:32)
    at Function.Module._load (node:internal/modules/cjs/loader:960:12)
    at Function.executeUserEntryPoint [as runMain] (node:internal/modules/run_main:81:12)
    at main (/home/kauel/imkchat-dev/server/node_modules/ts-node/src/bin.ts:331:12)
    at Object.<anonymous> (/home/kauel/imkchat-dev/server/node_modules/ts-node/src/bin.ts:482:3)
2023-07-23 23:11:23 error: uncaughtException: listen EADDRINUSE: address already in use :::5211
Error: listen EADDRINUSE: address already in use :::5211
    at Server.setupListenHandle [as _listen2] (node:net:1740:16)
    at listenInCluster (node:net:1788:12)
    at Server.listen (node:net:1876:7)
    at Function.listen (/home/kauel/imkchat-dev/server/node_modules/express/lib/application.js:618:24)
    at App (/home/kauel/imkchat-dev/server/src/app.ts:175:24)
    at startServer (/home/kauel/imkchat-dev/server/src/server.ts:6:8)
    at Object.<anonymous> (/home/kauel/imkchat-dev/server/src/server.ts:9:1)
    at Module._compile (node:internal/modules/cjs/loader:1256:14)
    at Module.m._compile (/home/kauel/imkchat-dev/server/node_modules/ts-node/src/index.ts:1371:23)
    at Module._extensions..js (node:internal/modules/cjs/loader:1310:10)
    at Object.require.extensions.<computed> [as .ts] (/home/kauel/imkchat-dev/server/node_modules/ts-node/src/index.ts:1374:12)
    at Module.load (node:internal/modules/cjs/loader:1119:32)
    at Function.Module._load (node:internal/modules/cjs/loader:960:12)
    at Function.executeUserEntryPoint [as runMain] (node:internal/modules/run_main:81:12)
    at main (/home/kauel/imkchat-dev/server/node_modules/ts-node/src/bin.ts:331:12)
    at Object.<anonymous> (/home/kauel/imkchat-dev/server/node_modules/ts-node/src/bin.ts:482:3)
2023-07-23 23:11:23 error: uncaughtException: listen EADDRINUSE: address already in use :::5211
Error: listen EADDRINUSE: address already in use :::5211
    at Server.setupListenHandle [as _listen2] (node:net:1740:16)
    at listenInCluster (node:net:1788:12)
    at Server.listen (node:net:1876:7)
    at Function.listen (/home/kauel/imkchat-dev/server/node_modules/express/lib/application.js:618:24)
    at App (/home/kauel/imkchat-dev/server/src/app.ts:175:24)
    at startServer (/home/kauel/imkchat-dev/server/src/server.ts:6:8)
    at Object.<anonymous> (/home/kauel/imkchat-dev/server/src/server.ts:9:1)
    at Module._compile (node:internal/modules/cjs/loader:1256:14)
    at Module.m._compile (/home/kauel/imkchat-dev/server/node_modules/ts-node/src/index.ts:1371:23)
    at Module._extensions..js (node:internal/modules/cjs/loader:1310:10)
    at Object.require.extensions.<computed> [as .ts] (/home/kauel/imkchat-dev/server/node_modules/ts-node/src/index.ts:1374:12)
    at Module.load (node:internal/modules/cjs/loader:1119:32)
    at Function.Module._load (node:internal/modules/cjs/loader:960:12)
    at Function.executeUserEntryPoint [as runMain] (node:internal/modules/run_main:81:12)
    at main (/home/kauel/imkchat-dev/server/node_modules/ts-node/src/bin.ts:331:12)
    at Object.<anonymous> (/home/kauel/imkchat-dev/server/node_modules/ts-node/src/bin.ts:482:3)
2023-07-23 23:11:54 error: uncaughtException: listen EADDRINUSE: address already in use :::5211
Error: listen EADDRINUSE: address already in use :::5211
    at Server.setupListenHandle [as _listen2] (node:net:1740:16)
    at listenInCluster (node:net:1788:12)
    at Server.listen (node:net:1876:7)
    at Function.listen (/home/kauel/imkchat-dev/server/node_modules/express/lib/application.js:618:24)
    at App (/home/kauel/imkchat-dev/server/src/app.ts:175:24)
    at startServer (/home/kauel/imkchat-dev/server/src/server.ts:6:8)
    at Object.<anonymous> (/home/kauel/imkchat-dev/server/src/server.ts:9:1)
    at Module._compile (node:internal/modules/cjs/loader:1256:14)
    at Module.m._compile (/home/kauel/imkchat-dev/server/node_modules/ts-node/src/index.ts:1371:23)
    at Module._extensions..js (node:internal/modules/cjs/loader:1310:10)
    at Object.require.extensions.<computed> [as .ts] (/home/kauel/imkchat-dev/server/node_modules/ts-node/src/index.ts:1374:12)
    at Module.load (node:internal/modules/cjs/loader:1119:32)
    at Function.Module._load (node:internal/modules/cjs/loader:960:12)
    at Function.executeUserEntryPoint [as runMain] (node:internal/modules/run_main:81:12)
    at main (/home/kauel/imkchat-dev/server/node_modules/ts-node/src/bin.ts:331:12)
    at Object.<anonymous> (/home/kauel/imkchat-dev/server/node_modules/ts-node/src/bin.ts:482:3)
2023-07-23 23:12:08 error: uncaughtException: write EPIPE
Error: write EPIPE
    at afterWriteDispatched (node:internal/stream_base_commons:160:15)
    at writeGeneric (node:internal/stream_base_commons:151:3)
    at Socket._writeGeneric (node:net:930:11)
    at Socket._write (node:net:942:8)
    at writeOrBuffer (node:internal/streams/writable:392:12)
    at _write (node:internal/streams/writable:333:10)
    at Socket.Writable.write (node:internal/streams/writable:337:10)
    at Console.log (/home/kauel/imkchat-dev/server/node_modules/winston/lib/winston/transports/console.js:79:23)
    at Console._write (/home/kauel/imkchat-dev/server/node_modules/winston-transport/index.js:103:17)
    at doWrite (/home/kauel/imkchat-dev/server/node_modules/winston-transport/node_modules/readable-stream/lib/_stream_writable.js:428:64)
    at writeOrBuffer (/home/kauel/imkchat-dev/server/node_modules/winston-transport/node_modules/readable-stream/lib/_stream_writable.js:417:5)
    at Console.Writable.write (/home/kauel/imkchat-dev/server/node_modules/winston-transport/node_modules/readable-stream/lib/_stream_writable.js:334:11)
    at DerivedLogger.ondata (/home/kauel/imkchat-dev/server/node_modules/readable-stream/lib/_stream_readable.js:681:20)
    at DerivedLogger.emit (node:events:525:35)
    at DerivedLogger.emit (node:domain:489:12)
    at addChunk (/home/kauel/imkchat-dev/server/node_modules/readable-stream/lib/_stream_readable.js:298:12)
2023-07-23 23:12:10 error: uncaughtException: write EPIPE
Error: write EPIPE
    at afterWriteDispatched (node:internal/stream_base_commons:160:15)
    at writeGeneric (node:internal/stream_base_commons:151:3)
    at Socket._writeGeneric (node:net:930:11)
    at Socket._write (node:net:942:8)
    at writeOrBuffer (node:internal/streams/writable:392:12)
    at _write (node:internal/streams/writable:333:10)
    at Socket.Writable.write (node:internal/streams/writable:337:10)
    at console.value (node:internal/console/constructor:300:16)
    at console.log (node:internal/console/constructor:377:26)
    at NativeCollection.$print (/home/kauel/imkchat-dev/server/node_modules/mongoose/lib/drivers/node-mongodb-native/collection.js:308:11)
    at NativeCollection.<computed> [as createIndex] (/home/kauel/imkchat-dev/server/node_modules/mongoose/lib/drivers/node-mongodb-native/collection.js:231:14)
    at NativeCollection.create (/home/kauel/imkchat-dev/server/node_modules/mongoose/lib/model.js:1753:33)
    at NativeCollection.Collection.doQueue (/home/kauel/imkchat-dev/server/node_modules/mongoose/lib/collection.js:137:17)
    at /home/kauel/imkchat-dev/server/node_modules/mongoose/lib/collection.js:82:24
    at processTicksAndRejections (node:internal/process/task_queues:77:11)
2023-07-23 23:12:10 error: uncaughtException: write EPIPE
Error: write EPIPE
    at afterWriteDispatched (node:internal/stream_base_commons:160:15)
    at writeGeneric (node:internal/stream_base_commons:151:3)
    at Socket._writeGeneric (node:net:930:11)
    at Socket._write (node:net:942:8)
    at writeOrBuffer (node:internal/streams/writable:392:12)
    at _write (node:internal/streams/writable:333:10)
    at Socket.Writable.write (node:internal/streams/writable:337:10)
    at console.value (node:internal/console/constructor:300:16)
    at console.log (node:internal/console/constructor:377:26)
    at /home/kauel/imkchat-dev/server/src/app.ts:45:21
    at /home/kauel/imkchat-dev/server/node_modules/mongoose/lib/helpers/promiseOrCallback.js:25:16
    at /home/kauel/imkchat-dev/server/node_modules/mongoose/lib/index.js:355:14
    at /home/kauel/imkchat-dev/server/node_modules/mongoose/lib/connection.js:874:13
    at processTicksAndRejections (node:internal/process/task_queues:95:5)
2023-07-23 23:12:10 error: uncaughtException: write EPIPE
Error: write EPIPE
    at afterWriteDispatched (node:internal/stream_base_commons:160:15)
    at writeGeneric (node:internal/stream_base_commons:151:3)
    at Socket._writeGeneric (node:net:930:11)
    at Socket._write (node:net:942:8)
    at writeOrBuffer (node:internal/streams/writable:392:12)
    at _write (node:internal/streams/writable:333:10)
    at Socket.Writable.write (node:internal/streams/writable:337:10)
    at console.value (node:internal/console/constructor:300:16)
    at console.log (node:internal/console/constructor:377:26)
    at NativeCollection.$print (/home/kauel/imkchat-dev/server/node_modules/mongoose/lib/drivers/node-mongodb-native/collection.js:308:11)
    at NativeCollection.<computed> [as findOneAndUpdate] (/home/kauel/imkchat-dev/server/node_modules/mongoose/lib/drivers/node-mongodb-native/collection.js:231:14)
    at model.Query.Query._findAndModify (/home/kauel/imkchat-dev/server/node_modules/mongoose/lib/query.js:3730:31)
    at model.Query.<anonymous> (/home/kauel/imkchat-dev/server/node_modules/mongoose/lib/query.js:3164:8)
    at model.Query._wrappedThunk [as _findOneAndUpdate] (/home/kauel/imkchat-dev/server/node_modules/mongoose/lib/helpers/query/wrapThunk.js:16:8)
    at /home/kauel/imkchat-dev/server/node_modules/kareem/index.js:279:20
    at _next (/home/kauel/imkchat-dev/server/node_modules/kareem/index.js:103:16)
2023-07-23 23:12:10 error: uncaughtException: write EPIPE
Error: write EPIPE
    at afterWriteDispatched (node:internal/stream_base_commons:160:15)
    at writeGeneric (node:internal/stream_base_commons:151:3)
    at Socket._writeGeneric (node:net:930:11)
    at Socket._write (node:net:942:8)
    at writeOrBuffer (node:internal/streams/writable:392:12)
    at _write (node:internal/streams/writable:333:10)
    at Socket.Writable.write (node:internal/streams/writable:337:10)
    at console.value (node:internal/console/constructor:300:16)
    at console.log (node:internal/console/constructor:377:26)
    at NativeCollection.$print (/home/kauel/imkchat-dev/server/node_modules/mongoose/lib/drivers/node-mongodb-native/collection.js:308:11)
    at NativeCollection.<computed> [as createIndex] (/home/kauel/imkchat-dev/server/node_modules/mongoose/lib/drivers/node-mongodb-native/collection.js:231:14)
    at create (/home/kauel/imkchat-dev/server/node_modules/mongoose/lib/model.js:1753:33)
    at /home/kauel/imkchat-dev/server/node_modules/mongoose/lib/model.js:1763:7
    at /home/kauel/imkchat-dev/server/node_modules/mongoose/lib/utils.js:440:16
    at collectionOperationCallback (/home/kauel/imkchat-dev/server/node_modules/mongoose/lib/drivers/node-mongodb-native/collection.js:217:24)
    at /home/kauel/imkchat-dev/server/node_modules/mongodb/lib/utils.js:704:5
2023-07-23 23:12:10 error: uncaughtException: write EPIPE
Error: write EPIPE
    at afterWriteDispatched (node:internal/stream_base_commons:160:15)
    at writeGeneric (node:internal/stream_base_commons:151:3)
    at Socket._writeGeneric (node:net:930:11)
    at Socket._write (node:net:942:8)
    at writeOrBuffer (node:internal/streams/writable:392:12)
    at _write (node:internal/streams/writable:333:10)
    at Socket.Writable.write (node:internal/streams/writable:337:10)
    at console.value (node:internal/console/constructor:300:16)
    at console.log (node:internal/console/constructor:377:26)
    at NativeCollection.$print (/home/kauel/imkchat-dev/server/node_modules/mongoose/lib/drivers/node-mongodb-native/collection.js:308:11)
    at NativeCollection.<computed> [as findOne] (/home/kauel/imkchat-dev/server/node_modules/mongoose/lib/drivers/node-mongodb-native/collection.js:231:14)
    at NodeCollection.findOne (/home/kauel/imkchat-dev/server/node_modules/mquery/lib/collection/node.js:42:19)
    at model.Query.Query.findOne (/home/kauel/imkchat-dev/server/node_modules/mquery/lib/mquery.js:2024:20)
    at model.Query.<anonymous> (/home/kauel/imkchat-dev/server/node_modules/mongoose/lib/query.js:2245:22)
    at model.Query._wrappedThunk [as _findOne] (/home/kauel/imkchat-dev/server/node_modules/mongoose/lib/helpers/query/wrapThunk.js:16:8)
    at /home/kauel/imkchat-dev/server/node_modules/kareem/index.js:370:33
2023-07-23 23:12:10 error: uncaughtException: write EPIPE
Error: write EPIPE
    at afterWriteDispatched (node:internal/stream_base_commons:160:15)
    at writeGeneric (node:internal/stream_base_commons:151:3)
    at Socket._writeGeneric (node:net:930:11)
    at Socket._write (node:net:942:8)
    at writeOrBuffer (node:internal/streams/writable:392:12)
    at _write (node:internal/streams/writable:333:10)
    at Socket.Writable.write (node:internal/streams/writable:337:10)
    at console.value (node:internal/console/constructor:300:16)
    at console.log (node:internal/console/constructor:377:26)
    at NativeCollection.$print (/home/kauel/imkchat-dev/server/node_modules/mongoose/lib/drivers/node-mongodb-native/collection.js:308:11)
    at NativeCollection.<computed> [as findOneAndUpdate] (/home/kauel/imkchat-dev/server/node_modules/mongoose/lib/drivers/node-mongodb-native/collection.js:231:14)
    at model.Query.Query._findAndModify (/home/kauel/imkchat-dev/server/node_modules/mongoose/lib/query.js:3730:31)
    at model.Query.<anonymous> (/home/kauel/imkchat-dev/server/node_modules/mongoose/lib/query.js:3164:8)
    at model.Query._wrappedThunk [as _findOneAndUpdate] (/home/kauel/imkchat-dev/server/node_modules/mongoose/lib/helpers/query/wrapThunk.js:16:8)
    at /home/kauel/imkchat-dev/server/node_modules/kareem/index.js:279:20
    at _next (/home/kauel/imkchat-dev/server/node_modules/kareem/index.js:103:16)
2023-07-23 23:12:10 error: uncaughtException: write EPIPE
Error: write EPIPE
    at afterWriteDispatched (node:internal/stream_base_commons:160:15)
    at writeGeneric (node:internal/stream_base_commons:151:3)
    at Socket._writeGeneric (node:net:930:11)
    at Socket._write (node:net:942:8)
    at writeOrBuffer (node:internal/streams/writable:392:12)
    at _write (node:internal/streams/writable:333:10)
    at Socket.Writable.write (node:internal/streams/writable:337:10)
    at console.value (node:internal/console/constructor:300:16)
    at console.log (node:internal/console/constructor:377:26)
    at Object.initAccessControl (/home/kauel/imkchat-dev/server/src/services/accessControl.service.ts:29:17)
    at processTicksAndRejections (node:internal/process/task_queues:95:5)
    at async /home/kauel/imkchat-dev/server/src/app.ts:48:17
2023-07-23 23:12:46 error: uncaughtException: write EPIPE
Error: write EPIPE
    at afterWriteDispatched (node:internal/stream_base_commons:160:15)
    at writeGeneric (node:internal/stream_base_commons:151:3)
    at Socket._writeGeneric (node:net:930:11)
    at Socket._write (node:net:942:8)
    at writeOrBuffer (node:internal/streams/writable:392:12)
    at _write (node:internal/streams/writable:333:10)
    at Socket.Writable.write (node:internal/streams/writable:337:10)
    at Console.log (/home/kauel/imkchat-dev/server/node_modules/winston/lib/winston/transports/console.js:79:23)
    at Console._write (/home/kauel/imkchat-dev/server/node_modules/winston-transport/index.js:103:17)
    at doWrite (/home/kauel/imkchat-dev/server/node_modules/winston-transport/node_modules/readable-stream/lib/_stream_writable.js:428:64)
    at writeOrBuffer (/home/kauel/imkchat-dev/server/node_modules/winston-transport/node_modules/readable-stream/lib/_stream_writable.js:417:5)
    at Console.Writable.write (/home/kauel/imkchat-dev/server/node_modules/winston-transport/node_modules/readable-stream/lib/_stream_writable.js:334:11)
    at DerivedLogger.ondata (/home/kauel/imkchat-dev/server/node_modules/readable-stream/lib/_stream_readable.js:681:20)
    at DerivedLogger.emit (node:events:525:35)
    at DerivedLogger.emit (node:domain:489:12)
    at addChunk (/home/kauel/imkchat-dev/server/node_modules/readable-stream/lib/_stream_readable.js:298:12)
2023-07-23 23:12:48 error: uncaughtException: write EPIPE
Error: write EPIPE
    at afterWriteDispatched (node:internal/stream_base_commons:160:15)
    at writeGeneric (node:internal/stream_base_commons:151:3)
    at Socket._writeGeneric (node:net:930:11)
    at Socket._write (node:net:942:8)
    at writeOrBuffer (node:internal/streams/writable:392:12)
    at _write (node:internal/streams/writable:333:10)
    at Socket.Writable.write (node:internal/streams/writable:337:10)
    at console.value (node:internal/console/constructor:300:16)
    at console.log (node:internal/console/constructor:377:26)
    at NativeCollection.$print (/home/kauel/imkchat-dev/server/node_modules/mongoose/lib/drivers/node-mongodb-native/collection.js:308:11)
    at NativeCollection.<computed> [as createIndex] (/home/kauel/imkchat-dev/server/node_modules/mongoose/lib/drivers/node-mongodb-native/collection.js:231:14)
    at NativeCollection.create (/home/kauel/imkchat-dev/server/node_modules/mongoose/lib/model.js:1753:33)
    at NativeCollection.Collection.doQueue (/home/kauel/imkchat-dev/server/node_modules/mongoose/lib/collection.js:137:17)
    at /home/kauel/imkchat-dev/server/node_modules/mongoose/lib/collection.js:82:24
    at processTicksAndRejections (node:internal/process/task_queues:77:11)
2023-07-23 23:12:48 error: uncaughtException: write EPIPE
Error: write EPIPE
    at afterWriteDispatched (node:internal/stream_base_commons:160:15)
    at writeGeneric (node:internal/stream_base_commons:151:3)
    at Socket._writeGeneric (node:net:930:11)
    at Socket._write (node:net:942:8)
    at writeOrBuffer (node:internal/streams/writable:392:12)
    at _write (node:internal/streams/writable:333:10)
    at Socket.Writable.write (node:internal/streams/writable:337:10)
    at console.value (node:internal/console/constructor:300:16)
    at console.log (node:internal/console/constructor:377:26)
    at /home/kauel/imkchat-dev/server/src/app.ts:45:21
    at /home/kauel/imkchat-dev/server/node_modules/mongoose/lib/helpers/promiseOrCallback.js:25:16
    at /home/kauel/imkchat-dev/server/node_modules/mongoose/lib/index.js:355:14
    at /home/kauel/imkchat-dev/server/node_modules/mongoose/lib/connection.js:874:13
    at processTicksAndRejections (node:internal/process/task_queues:95:5)
2023-07-23 23:12:48 error: uncaughtException: write EPIPE
Error: write EPIPE
    at afterWriteDispatched (node:internal/stream_base_commons:160:15)
    at writeGeneric (node:internal/stream_base_commons:151:3)
    at Socket._writeGeneric (node:net:930:11)
    at Socket._write (node:net:942:8)
    at writeOrBuffer (node:internal/streams/writable:392:12)
    at _write (node:internal/streams/writable:333:10)
    at Socket.Writable.write (node:internal/streams/writable:337:10)
    at console.value (node:internal/console/constructor:300:16)
    at console.log (node:internal/console/constructor:377:26)
    at NativeCollection.$print (/home/kauel/imkchat-dev/server/node_modules/mongoose/lib/drivers/node-mongodb-native/collection.js:308:11)
    at NativeCollection.<computed> [as findOneAndUpdate] (/home/kauel/imkchat-dev/server/node_modules/mongoose/lib/drivers/node-mongodb-native/collection.js:231:14)
    at model.Query.Query._findAndModify (/home/kauel/imkchat-dev/server/node_modules/mongoose/lib/query.js:3730:31)
    at model.Query.<anonymous> (/home/kauel/imkchat-dev/server/node_modules/mongoose/lib/query.js:3164:8)
    at model.Query._wrappedThunk [as _findOneAndUpdate] (/home/kauel/imkchat-dev/server/node_modules/mongoose/lib/helpers/query/wrapThunk.js:16:8)
    at /home/kauel/imkchat-dev/server/node_modules/kareem/index.js:279:20
    at _next (/home/kauel/imkchat-dev/server/node_modules/kareem/index.js:103:16)
2023-07-23 23:12:48 error: uncaughtException: write EPIPE
Error: write EPIPE
    at afterWriteDispatched (node:internal/stream_base_commons:160:15)
    at writeGeneric (node:internal/stream_base_commons:151:3)
    at Socket._writeGeneric (node:net:930:11)
    at Socket._write (node:net:942:8)
    at writeOrBuffer (node:internal/streams/writable:392:12)
    at _write (node:internal/streams/writable:333:10)
    at Socket.Writable.write (node:internal/streams/writable:337:10)
    at console.value (node:internal/console/constructor:300:16)
    at console.log (node:internal/console/constructor:377:26)
    at NativeCollection.$print (/home/kauel/imkchat-dev/server/node_modules/mongoose/lib/drivers/node-mongodb-native/collection.js:308:11)
    at NativeCollection.<computed> [as createIndex] (/home/kauel/imkchat-dev/server/node_modules/mongoose/lib/drivers/node-mongodb-native/collection.js:231:14)
    at create (/home/kauel/imkchat-dev/server/node_modules/mongoose/lib/model.js:1753:33)
    at /home/kauel/imkchat-dev/server/node_modules/mongoose/lib/model.js:1763:7
    at /home/kauel/imkchat-dev/server/node_modules/mongoose/lib/utils.js:440:16
    at collectionOperationCallback (/home/kauel/imkchat-dev/server/node_modules/mongoose/lib/drivers/node-mongodb-native/collection.js:217:24)
    at /home/kauel/imkchat-dev/server/node_modules/mongodb/lib/utils.js:704:5
2023-07-23 23:12:48 error: uncaughtException: write EPIPE
Error: write EPIPE
    at afterWriteDispatched (node:internal/stream_base_commons:160:15)
    at writeGeneric (node:internal/stream_base_commons:151:3)
    at Socket._writeGeneric (node:net:930:11)
    at Socket._write (node:net:942:8)
    at writeOrBuffer (node:internal/streams/writable:392:12)
    at _write (node:internal/streams/writable:333:10)
    at Socket.Writable.write (node:internal/streams/writable:337:10)
    at console.value (node:internal/console/constructor:300:16)
    at console.log (node:internal/console/constructor:377:26)
    at NativeCollection.$print (/home/kauel/imkchat-dev/server/node_modules/mongoose/lib/drivers/node-mongodb-native/collection.js:308:11)
    at NativeCollection.<computed> [as findOne] (/home/kauel/imkchat-dev/server/node_modules/mongoose/lib/drivers/node-mongodb-native/collection.js:231:14)
    at NodeCollection.findOne (/home/kauel/imkchat-dev/server/node_modules/mquery/lib/collection/node.js:42:19)
    at model.Query.Query.findOne (/home/kauel/imkchat-dev/server/node_modules/mquery/lib/mquery.js:2024:20)
    at model.Query.<anonymous> (/home/kauel/imkchat-dev/server/node_modules/mongoose/lib/query.js:2245:22)
    at model.Query._wrappedThunk [as _findOne] (/home/kauel/imkchat-dev/server/node_modules/mongoose/lib/helpers/query/wrapThunk.js:16:8)
    at /home/kauel/imkchat-dev/server/node_modules/kareem/index.js:370:33
2023-07-23 23:12:48 error: uncaughtException: write EPIPE
Error: write EPIPE
    at afterWriteDispatched (node:internal/stream_base_commons:160:15)
    at writeGeneric (node:internal/stream_base_commons:151:3)
    at Socket._writeGeneric (node:net:930:11)
    at Socket._write (node:net:942:8)
    at writeOrBuffer (node:internal/streams/writable:392:12)
    at _write (node:internal/streams/writable:333:10)
    at Socket.Writable.write (node:internal/streams/writable:337:10)
    at console.value (node:internal/console/constructor:300:16)
    at console.log (node:internal/console/constructor:377:26)
    at NativeCollection.$print (/home/kauel/imkchat-dev/server/node_modules/mongoose/lib/drivers/node-mongodb-native/collection.js:308:11)
    at NativeCollection.<computed> [as findOneAndUpdate] (/home/kauel/imkchat-dev/server/node_modules/mongoose/lib/drivers/node-mongodb-native/collection.js:231:14)
    at model.Query.Query._findAndModify (/home/kauel/imkchat-dev/server/node_modules/mongoose/lib/query.js:3730:31)
    at model.Query.<anonymous> (/home/kauel/imkchat-dev/server/node_modules/mongoose/lib/query.js:3164:8)
    at model.Query._wrappedThunk [as _findOneAndUpdate] (/home/kauel/imkchat-dev/server/node_modules/mongoose/lib/helpers/query/wrapThunk.js:16:8)
    at /home/kauel/imkchat-dev/server/node_modules/kareem/index.js:279:20
    at _next (/home/kauel/imkchat-dev/server/node_modules/kareem/index.js:103:16)
2023-07-23 23:12:49 error: uncaughtException: write EPIPE
Error: write EPIPE
    at afterWriteDispatched (node:internal/stream_base_commons:160:15)
    at writeGeneric (node:internal/stream_base_commons:151:3)
    at Socket._writeGeneric (node:net:930:11)
    at Socket._write (node:net:942:8)
    at writeOrBuffer (node:internal/streams/writable:392:12)
    at _write (node:internal/streams/writable:333:10)
    at Socket.Writable.write (node:internal/streams/writable:337:10)
    at console.value (node:internal/console/constructor:300:16)
    at console.log (node:internal/console/constructor:377:26)
    at Object.initAccessControl (/home/kauel/imkchat-dev/server/src/services/accessControl.service.ts:29:17)
    at processTicksAndRejections (node:internal/process/task_queues:95:5)
    at async /home/kauel/imkchat-dev/server/src/app.ts:48:17
