2023-08-10 13:42:42 error: uncaughtException: write EPIPE
Error: write EPIPE
    at afterWriteDispatched (node:internal/stream_base_commons:160:15)
    at writeGeneric (node:internal/stream_base_commons:151:3)
    at Socket._writeGeneric (node:net:930:11)
    at Socket._write (node:net:942:8)
    at writeOrBuffer (node:internal/streams/writable:392:12)
    at _write (node:internal/streams/writable:333:10)
    at Socket.Writable.write (node:internal/streams/writable:337:10)
    at Console.log (/home/kauel/imkchat-dev/server/node_modules/winston/lib/winston/transports/console.js:79:23)
    at Console._write (/home/kauel/imkchat-dev/server/node_modules/winston-transport/index.js:103:17)
    at doWrite (/home/kauel/imkchat-dev/server/node_modules/winston-transport/node_modules/readable-stream/lib/_stream_writable.js:428:64)
    at writeOrBuffer (/home/kauel/imkchat-dev/server/node_modules/winston-transport/node_modules/readable-stream/lib/_stream_writable.js:417:5)
    at Console.Writable.write (/home/kauel/imkchat-dev/server/node_modules/winston-transport/node_modules/readable-stream/lib/_stream_writable.js:334:11)
    at DerivedLogger.ondata (/home/kauel/imkchat-dev/server/node_modules/readable-stream/lib/_stream_readable.js:681:20)
    at DerivedLogger.emit (node:events:525:35)
    at DerivedLogger.emit (node:domain:489:12)
    at addChunk (/home/kauel/imkchat-dev/server/node_modules/readable-stream/lib/_stream_readable.js:298:12)
2023-08-10 13:42:44 error: uncaughtException: write EPIPE
Error: write EPIPE
    at afterWriteDispatched (node:internal/stream_base_commons:160:15)
    at writeGeneric (node:internal/stream_base_commons:151:3)
    at Socket._writeGeneric (node:net:930:11)
    at Socket._write (node:net:942:8)
    at writeOrBuffer (node:internal/streams/writable:392:12)
    at _write (node:internal/streams/writable:333:10)
    at Socket.Writable.write (node:internal/streams/writable:337:10)
    at console.value (node:internal/console/constructor:300:16)
    at console.log (node:internal/console/constructor:377:26)
    at NativeCollection.$print (/home/kauel/imkchat-dev/server/node_modules/mongoose/lib/drivers/node-mongodb-native/collection.js:308:11)
    at NativeCollection.<computed> [as createIndex] (/home/kauel/imkchat-dev/server/node_modules/mongoose/lib/drivers/node-mongodb-native/collection.js:231:14)
    at NativeCollection.create (/home/kauel/imkchat-dev/server/node_modules/mongoose/lib/model.js:1753:33)
    at NativeCollection.Collection.doQueue (/home/kauel/imkchat-dev/server/node_modules/mongoose/lib/collection.js:137:17)
    at /home/kauel/imkchat-dev/server/node_modules/mongoose/lib/collection.js:82:24
    at processTicksAndRejections (node:internal/process/task_queues:77:11)
2023-08-10 13:42:44 error: uncaughtException: write EPIPE
Error: write EPIPE
    at afterWriteDispatched (node:internal/stream_base_commons:160:15)
    at writeGeneric (node:internal/stream_base_commons:151:3)
    at Socket._writeGeneric (node:net:930:11)
    at Socket._write (node:net:942:8)
    at writeOrBuffer (node:internal/streams/writable:392:12)
    at _write (node:internal/streams/writable:333:10)
    at Socket.Writable.write (node:internal/streams/writable:337:10)
    at console.value (node:internal/console/constructor:300:16)
    at console.log (node:internal/console/constructor:377:26)
    at /home/kauel/imkchat-dev/server/src/app.ts:45:21
    at /home/kauel/imkchat-dev/server/node_modules/mongoose/lib/helpers/promiseOrCallback.js:25:16
    at /home/kauel/imkchat-dev/server/node_modules/mongoose/lib/index.js:355:14
    at /home/kauel/imkchat-dev/server/node_modules/mongoose/lib/connection.js:874:13
    at processTicksAndRejections (node:internal/process/task_queues:95:5)
2023-08-10 13:42:44 error: uncaughtException: write EPIPE
Error: write EPIPE
    at afterWriteDispatched (node:internal/stream_base_commons:160:15)
    at writeGeneric (node:internal/stream_base_commons:151:3)
    at Socket._writeGeneric (node:net:930:11)
    at Socket._write (node:net:942:8)
    at writeOrBuffer (node:internal/streams/writable:392:12)
    at _write (node:internal/streams/writable:333:10)
    at Socket.Writable.write (node:internal/streams/writable:337:10)
    at console.value (node:internal/console/constructor:300:16)
    at console.log (node:internal/console/constructor:377:26)
    at NativeCollection.$print (/home/kauel/imkchat-dev/server/node_modules/mongoose/lib/drivers/node-mongodb-native/collection.js:308:11)
    at NativeCollection.<computed> [as findOneAndUpdate] (/home/kauel/imkchat-dev/server/node_modules/mongoose/lib/drivers/node-mongodb-native/collection.js:231:14)
    at model.Query.Query._findAndModify (/home/kauel/imkchat-dev/server/node_modules/mongoose/lib/query.js:3730:31)
    at model.Query.<anonymous> (/home/kauel/imkchat-dev/server/node_modules/mongoose/lib/query.js:3164:8)
    at model.Query._wrappedThunk [as _findOneAndUpdate] (/home/kauel/imkchat-dev/server/node_modules/mongoose/lib/helpers/query/wrapThunk.js:16:8)
    at /home/kauel/imkchat-dev/server/node_modules/kareem/index.js:279:20
    at _next (/home/kauel/imkchat-dev/server/node_modules/kareem/index.js:103:16)
2023-08-10 13:42:44 error: uncaughtException: write EPIPE
Error: write EPIPE
    at afterWriteDispatched (node:internal/stream_base_commons:160:15)
    at writeGeneric (node:internal/stream_base_commons:151:3)
    at Socket._writeGeneric (node:net:930:11)
    at Socket._write (node:net:942:8)
    at writeOrBuffer (node:internal/streams/writable:392:12)
    at _write (node:internal/streams/writable:333:10)
    at Socket.Writable.write (node:internal/streams/writable:337:10)
    at console.value (node:internal/console/constructor:300:16)
    at console.log (node:internal/console/constructor:377:26)
    at NativeCollection.$print (/home/kauel/imkchat-dev/server/node_modules/mongoose/lib/drivers/node-mongodb-native/collection.js:308:11)
    at NativeCollection.<computed> [as createIndex] (/home/kauel/imkchat-dev/server/node_modules/mongoose/lib/drivers/node-mongodb-native/collection.js:231:14)
    at create (/home/kauel/imkchat-dev/server/node_modules/mongoose/lib/model.js:1753:33)
    at /home/kauel/imkchat-dev/server/node_modules/mongoose/lib/model.js:1763:7
    at /home/kauel/imkchat-dev/server/node_modules/mongoose/lib/utils.js:440:16
    at collectionOperationCallback (/home/kauel/imkchat-dev/server/node_modules/mongoose/lib/drivers/node-mongodb-native/collection.js:217:24)
    at /home/kauel/imkchat-dev/server/node_modules/mongodb/lib/utils.js:704:5
2023-08-10 13:42:44 error: uncaughtException: write EPIPE
Error: write EPIPE
    at afterWriteDispatched (node:internal/stream_base_commons:160:15)
    at writeGeneric (node:internal/stream_base_commons:151:3)
    at Socket._writeGeneric (node:net:930:11)
    at Socket._write (node:net:942:8)
    at writeOrBuffer (node:internal/streams/writable:392:12)
    at _write (node:internal/streams/writable:333:10)
    at Socket.Writable.write (node:internal/streams/writable:337:10)
    at console.value (node:internal/console/constructor:300:16)
    at console.log (node:internal/console/constructor:377:26)
    at NativeCollection.$print (/home/kauel/imkchat-dev/server/node_modules/mongoose/lib/drivers/node-mongodb-native/collection.js:308:11)
    at NativeCollection.<computed> [as findOne] (/home/kauel/imkchat-dev/server/node_modules/mongoose/lib/drivers/node-mongodb-native/collection.js:231:14)
    at NodeCollection.findOne (/home/kauel/imkchat-dev/server/node_modules/mquery/lib/collection/node.js:42:19)
    at model.Query.Query.findOne (/home/kauel/imkchat-dev/server/node_modules/mquery/lib/mquery.js:2024:20)
    at model.Query.<anonymous> (/home/kauel/imkchat-dev/server/node_modules/mongoose/lib/query.js:2245:22)
    at model.Query._wrappedThunk [as _findOne] (/home/kauel/imkchat-dev/server/node_modules/mongoose/lib/helpers/query/wrapThunk.js:16:8)
    at /home/kauel/imkchat-dev/server/node_modules/kareem/index.js:370:33
2023-08-10 13:42:45 error: uncaughtException: write EPIPE
Error: write EPIPE
    at afterWriteDispatched (node:internal/stream_base_commons:160:15)
    at writeGeneric (node:internal/stream_base_commons:151:3)
    at Socket._writeGeneric (node:net:930:11)
    at Socket._write (node:net:942:8)
    at writeOrBuffer (node:internal/streams/writable:392:12)
    at _write (node:internal/streams/writable:333:10)
    at Socket.Writable.write (node:internal/streams/writable:337:10)
    at console.value (node:internal/console/constructor:300:16)
    at console.log (node:internal/console/constructor:377:26)
    at NativeCollection.$print (/home/kauel/imkchat-dev/server/node_modules/mongoose/lib/drivers/node-mongodb-native/collection.js:308:11)
    at NativeCollection.<computed> [as findOneAndUpdate] (/home/kauel/imkchat-dev/server/node_modules/mongoose/lib/drivers/node-mongodb-native/collection.js:231:14)
    at model.Query.Query._findAndModify (/home/kauel/imkchat-dev/server/node_modules/mongoose/lib/query.js:3730:31)
    at model.Query.<anonymous> (/home/kauel/imkchat-dev/server/node_modules/mongoose/lib/query.js:3164:8)
    at model.Query._wrappedThunk [as _findOneAndUpdate] (/home/kauel/imkchat-dev/server/node_modules/mongoose/lib/helpers/query/wrapThunk.js:16:8)
    at /home/kauel/imkchat-dev/server/node_modules/kareem/index.js:279:20
    at _next (/home/kauel/imkchat-dev/server/node_modules/kareem/index.js:103:16)
2023-08-10 13:42:45 error: uncaughtException: write EPIPE
Error: write EPIPE
    at afterWriteDispatched (node:internal/stream_base_commons:160:15)
    at writeGeneric (node:internal/stream_base_commons:151:3)
    at Socket._writeGeneric (node:net:930:11)
    at Socket._write (node:net:942:8)
    at writeOrBuffer (node:internal/streams/writable:392:12)
    at _write (node:internal/streams/writable:333:10)
    at Socket.Writable.write (node:internal/streams/writable:337:10)
    at console.value (node:internal/console/constructor:300:16)
    at console.log (node:internal/console/constructor:377:26)
    at Object.initAccessControl (/home/kauel/imkchat-dev/server/src/services/accessControl.service.ts:29:17)
    at processTicksAndRejections (node:internal/process/task_queues:95:5)
    at async /home/kauel/imkchat-dev/server/src/app.ts:48:17
2023-08-10 15:05:54 error: uncaughtException: Cannot read properties of undefined (reading 'data')
TypeError: Cannot read properties of undefined (reading 'data')
    at uploadPdf (/home/kauel/imkchat-dev/server/src/controllers/ia.controller.ts:49:51)
    at Layer.handle [as handle_request] (/home/kauel/imkchat-dev/server/node_modules/express/lib/router/layer.js:95:5)
    at next (/home/kauel/imkchat-dev/server/node_modules/express/lib/router/route.js:137:13)
    at Route.dispatch (/home/kauel/imkchat-dev/server/node_modules/express/lib/router/route.js:112:3)
    at Layer.handle [as handle_request] (/home/kauel/imkchat-dev/server/node_modules/express/lib/router/layer.js:95:5)
    at /home/kauel/imkchat-dev/server/node_modules/express/lib/router/index.js:281:22
    at Function.process_params (/home/kauel/imkchat-dev/server/node_modules/express/lib/router/index.js:335:12)
    at next (/home/kauel/imkchat-dev/server/node_modules/express/lib/router/index.js:275:10)
    at Function.handle (/home/kauel/imkchat-dev/server/node_modules/express/lib/router/index.js:174:3)
    at router (/home/kauel/imkchat-dev/server/node_modules/express/lib/router/index.js:47:12)
    at Layer.handle [as handle_request] (/home/kauel/imkchat-dev/server/node_modules/express/lib/router/layer.js:95:5)
    at trim_prefix (/home/kauel/imkchat-dev/server/node_modules/express/lib/router/index.js:317:13)
    at /home/kauel/imkchat-dev/server/node_modules/express/lib/router/index.js:284:7
    at Function.process_params (/home/kauel/imkchat-dev/server/node_modules/express/lib/router/index.js:335:12)
    at next (/home/kauel/imkchat-dev/server/node_modules/express/lib/router/index.js:275:10)
    at /home/kauel/imkchat-dev/server/node_modules/express/lib/router/index.js:635:15
2023-08-10 15:06:36 error: uncaughtException: listen EADDRINUSE: address already in use :::5211
Error: listen EADDRINUSE: address already in use :::5211
    at Server.setupListenHandle [as _listen2] (node:net:1740:16)
    at listenInCluster (node:net:1788:12)
    at Server.listen (node:net:1876:7)
    at Function.listen (/home/kauel/imkchat-dev/server/node_modules/express/lib/application.js:618:24)
    at App (/home/kauel/imkchat-dev/server/src/app.ts:176:24)
    at startServer (/home/kauel/imkchat-dev/server/src/server.ts:6:8)
    at Object.<anonymous> (/home/kauel/imkchat-dev/server/src/server.ts:9:1)
    at Module._compile (node:internal/modules/cjs/loader:1256:14)
    at Module.m._compile (/home/kauel/imkchat-dev/server/node_modules/ts-node/src/index.ts:1371:23)
    at Module._extensions..js (node:internal/modules/cjs/loader:1310:10)
    at Object.require.extensions.<computed> [as .ts] (/home/kauel/imkchat-dev/server/node_modules/ts-node/src/index.ts:1374:12)
    at Module.load (node:internal/modules/cjs/loader:1119:32)
    at Function.Module._load (node:internal/modules/cjs/loader:960:12)
    at Function.executeUserEntryPoint [as runMain] (node:internal/modules/run_main:81:12)
    at main (/home/kauel/imkchat-dev/server/node_modules/ts-node/src/bin.ts:331:12)
    at Object.<anonymous> (/home/kauel/imkchat-dev/server/node_modules/ts-node/src/bin.ts:482:3)
2023-08-10 15:06:37 error: uncaughtException: write EPIPE
Error: write EPIPE
    at afterWriteDispatched (node:internal/stream_base_commons:160:15)
    at writeGeneric (node:internal/stream_base_commons:151:3)
    at Socket._writeGeneric (node:net:930:11)
    at Socket._write (node:net:942:8)
    at writeOrBuffer (node:internal/streams/writable:392:12)
    at _write (node:internal/streams/writable:333:10)
    at Socket.Writable.write (node:internal/streams/writable:337:10)
    at console.value (node:internal/console/constructor:300:16)
    at console.log (node:internal/console/constructor:377:26)
    at NativeCollection.$print (/home/kauel/imkchat-dev/server/node_modules/mongoose/lib/drivers/node-mongodb-native/collection.js:308:11)
    at NativeCollection.<computed> [as createIndex] (/home/kauel/imkchat-dev/server/node_modules/mongoose/lib/drivers/node-mongodb-native/collection.js:231:14)
    at NativeCollection.create (/home/kauel/imkchat-dev/server/node_modules/mongoose/lib/model.js:1753:33)
    at NativeCollection.Collection.doQueue (/home/kauel/imkchat-dev/server/node_modules/mongoose/lib/collection.js:137:17)
    at /home/kauel/imkchat-dev/server/node_modules/mongoose/lib/collection.js:82:24
    at processTicksAndRejections (node:internal/process/task_queues:77:11)
2023-08-10 15:06:37 error: uncaughtException: write EPIPE
Error: write EPIPE
    at afterWriteDispatched (node:internal/stream_base_commons:160:15)
    at writeGeneric (node:internal/stream_base_commons:151:3)
    at Socket._writeGeneric (node:net:930:11)
    at Socket._write (node:net:942:8)
    at writeOrBuffer (node:internal/streams/writable:392:12)
    at _write (node:internal/streams/writable:333:10)
    at Socket.Writable.write (node:internal/streams/writable:337:10)
    at console.value (node:internal/console/constructor:300:16)
    at console.log (node:internal/console/constructor:377:26)
    at /home/kauel/imkchat-dev/server/src/app.ts:46:21
    at /home/kauel/imkchat-dev/server/node_modules/mongoose/lib/helpers/promiseOrCallback.js:25:16
    at /home/kauel/imkchat-dev/server/node_modules/mongoose/lib/index.js:355:14
    at /home/kauel/imkchat-dev/server/node_modules/mongoose/lib/connection.js:874:13
    at processTicksAndRejections (node:internal/process/task_queues:95:5)
2023-08-10 15:06:37 error: uncaughtException: write EPIPE
Error: write EPIPE
    at afterWriteDispatched (node:internal/stream_base_commons:160:15)
    at writeGeneric (node:internal/stream_base_commons:151:3)
    at Socket._writeGeneric (node:net:930:11)
    at Socket._write (node:net:942:8)
    at writeOrBuffer (node:internal/streams/writable:392:12)
    at _write (node:internal/streams/writable:333:10)
    at Socket.Writable.write (node:internal/streams/writable:337:10)
    at console.value (node:internal/console/constructor:300:16)
    at console.log (node:internal/console/constructor:377:26)
    at NativeCollection.$print (/home/kauel/imkchat-dev/server/node_modules/mongoose/lib/drivers/node-mongodb-native/collection.js:308:11)
    at NativeCollection.<computed> [as findOneAndUpdate] (/home/kauel/imkchat-dev/server/node_modules/mongoose/lib/drivers/node-mongodb-native/collection.js:231:14)
    at model.Query.Query._findAndModify (/home/kauel/imkchat-dev/server/node_modules/mongoose/lib/query.js:3730:31)
    at model.Query.<anonymous> (/home/kauel/imkchat-dev/server/node_modules/mongoose/lib/query.js:3164:8)
    at model.Query._wrappedThunk [as _findOneAndUpdate] (/home/kauel/imkchat-dev/server/node_modules/mongoose/lib/helpers/query/wrapThunk.js:16:8)
    at /home/kauel/imkchat-dev/server/node_modules/kareem/index.js:279:20
    at _next (/home/kauel/imkchat-dev/server/node_modules/kareem/index.js:103:16)
2023-08-10 15:06:37 error: uncaughtException: write EPIPE
Error: write EPIPE
    at afterWriteDispatched (node:internal/stream_base_commons:160:15)
    at writeGeneric (node:internal/stream_base_commons:151:3)
    at Socket._writeGeneric (node:net:930:11)
    at Socket._write (node:net:942:8)
    at writeOrBuffer (node:internal/streams/writable:392:12)
    at _write (node:internal/streams/writable:333:10)
    at Socket.Writable.write (node:internal/streams/writable:337:10)
    at console.value (node:internal/console/constructor:300:16)
    at console.log (node:internal/console/constructor:377:26)
    at NativeCollection.$print (/home/kauel/imkchat-dev/server/node_modules/mongoose/lib/drivers/node-mongodb-native/collection.js:308:11)
    at NativeCollection.<computed> [as createIndex] (/home/kauel/imkchat-dev/server/node_modules/mongoose/lib/drivers/node-mongodb-native/collection.js:231:14)
    at create (/home/kauel/imkchat-dev/server/node_modules/mongoose/lib/model.js:1753:33)
    at /home/kauel/imkchat-dev/server/node_modules/mongoose/lib/model.js:1763:7
    at /home/kauel/imkchat-dev/server/node_modules/mongoose/lib/utils.js:440:16
    at collectionOperationCallback (/home/kauel/imkchat-dev/server/node_modules/mongoose/lib/drivers/node-mongodb-native/collection.js:217:24)
    at /home/kauel/imkchat-dev/server/node_modules/mongodb/lib/utils.js:704:5
2023-08-10 15:06:38 error: uncaughtException: write EPIPE
Error: write EPIPE
    at afterWriteDispatched (node:internal/stream_base_commons:160:15)
    at writeGeneric (node:internal/stream_base_commons:151:3)
    at Socket._writeGeneric (node:net:930:11)
    at Socket._write (node:net:942:8)
    at writeOrBuffer (node:internal/streams/writable:392:12)
    at _write (node:internal/streams/writable:333:10)
    at Socket.Writable.write (node:internal/streams/writable:337:10)
    at console.value (node:internal/console/constructor:300:16)
    at console.log (node:internal/console/constructor:377:26)
    at NativeCollection.$print (/home/kauel/imkchat-dev/server/node_modules/mongoose/lib/drivers/node-mongodb-native/collection.js:308:11)
    at NativeCollection.<computed> [as findOne] (/home/kauel/imkchat-dev/server/node_modules/mongoose/lib/drivers/node-mongodb-native/collection.js:231:14)
    at NodeCollection.findOne (/home/kauel/imkchat-dev/server/node_modules/mquery/lib/collection/node.js:42:19)
    at model.Query.Query.findOne (/home/kauel/imkchat-dev/server/node_modules/mquery/lib/mquery.js:2024:20)
    at model.Query.<anonymous> (/home/kauel/imkchat-dev/server/node_modules/mongoose/lib/query.js:2245:22)
    at model.Query._wrappedThunk [as _findOne] (/home/kauel/imkchat-dev/server/node_modules/mongoose/lib/helpers/query/wrapThunk.js:16:8)
    at /home/kauel/imkchat-dev/server/node_modules/kareem/index.js:370:33
2023-08-10 15:06:38 error: uncaughtException: write EPIPE
Error: write EPIPE
    at afterWriteDispatched (node:internal/stream_base_commons:160:15)
    at writeGeneric (node:internal/stream_base_commons:151:3)
    at Socket._writeGeneric (node:net:930:11)
    at Socket._write (node:net:942:8)
    at writeOrBuffer (node:internal/streams/writable:392:12)
    at _write (node:internal/streams/writable:333:10)
    at Socket.Writable.write (node:internal/streams/writable:337:10)
    at console.value (node:internal/console/constructor:300:16)
    at console.log (node:internal/console/constructor:377:26)
    at NativeCollection.$print (/home/kauel/imkchat-dev/server/node_modules/mongoose/lib/drivers/node-mongodb-native/collection.js:308:11)
    at NativeCollection.<computed> [as findOneAndUpdate] (/home/kauel/imkchat-dev/server/node_modules/mongoose/lib/drivers/node-mongodb-native/collection.js:231:14)
    at model.Query.Query._findAndModify (/home/kauel/imkchat-dev/server/node_modules/mongoose/lib/query.js:3730:31)
    at model.Query.<anonymous> (/home/kauel/imkchat-dev/server/node_modules/mongoose/lib/query.js:3164:8)
    at model.Query._wrappedThunk [as _findOneAndUpdate] (/home/kauel/imkchat-dev/server/node_modules/mongoose/lib/helpers/query/wrapThunk.js:16:8)
    at /home/kauel/imkchat-dev/server/node_modules/kareem/index.js:279:20
    at _next (/home/kauel/imkchat-dev/server/node_modules/kareem/index.js:103:16)
2023-08-10 15:06:38 error: uncaughtException: write EPIPE
Error: write EPIPE
    at afterWriteDispatched (node:internal/stream_base_commons:160:15)
    at writeGeneric (node:internal/stream_base_commons:151:3)
    at Socket._writeGeneric (node:net:930:11)
    at Socket._write (node:net:942:8)
    at writeOrBuffer (node:internal/streams/writable:392:12)
    at _write (node:internal/streams/writable:333:10)
    at Socket.Writable.write (node:internal/streams/writable:337:10)
    at console.value (node:internal/console/constructor:300:16)
    at console.log (node:internal/console/constructor:377:26)
    at Object.initAccessControl (/home/kauel/imkchat-dev/server/src/services/accessControl.service.ts:29:17)
    at processTicksAndRejections (node:internal/process/task_queues:95:5)
    at async /home/kauel/imkchat-dev/server/src/app.ts:49:17
