2023-07-21 02:18:34 error: [POST] /api/login >> StatusCode:: 410, Message:: Email gonzalo.orellana@gmail.com not found
2023-07-21 03:11:41 error: uncaughtException: ER_NO_DB_ERROR: No database selected
Error: ER_NO_DB_ERROR: No database selected
    at Query.Sequence._packetToError (/home/kauel/imkchat-dev/server/node_modules/mysql/lib/protocol/sequences/Sequence.js:47:14)
    at Query.ErrorPacket (/home/kauel/imkchat-dev/server/node_modules/mysql/lib/protocol/sequences/Query.js:79:18)
    at Protocol._parsePacket (/home/kauel/imkchat-dev/server/node_modules/mysql/lib/protocol/Protocol.js:291:23)
    at Parser._parsePacket (/home/kauel/imkchat-dev/server/node_modules/mysql/lib/protocol/Parser.js:433:10)
    at Parser.write (/home/kauel/imkchat-dev/server/node_modules/mysql/lib/protocol/Parser.js:43:10)
    at Protocol.write (/home/kauel/imkchat-dev/server/node_modules/mysql/lib/protocol/Protocol.js:38:16)
    at Socket.<anonymous> (/home/kauel/imkchat-dev/server/node_modules/mysql/lib/Connection.js:88:28)
    at Socket.<anonymous> (/home/kauel/imkchat-dev/server/node_modules/mysql/lib/Connection.js:526:10)
    at Socket.emit (node:events:513:28)
    at Socket.emit (node:domain:489:12)
    at addChunk (node:internal/streams/readable:324:12)
    at readableAddChunk (node:internal/streams/readable:297:9)
    at Socket.Readable.push (node:internal/streams/readable:234:10)
    at TCP.onStreamRead (node:internal/stream_base_commons:190:23)
    --------------------
    at Protocol._enqueue (/home/kauel/imkchat-dev/server/node_modules/mysql/lib/protocol/Protocol.js:144:48)
    at Connection.query (/home/kauel/imkchat-dev/server/node_modules/mysql/lib/Connection.js:198:25)
    at Handshake.<anonymous> (/home/kauel/imkchat-dev/server/src/app.ts:59:13)
    at Handshake.<anonymous> (/home/kauel/imkchat-dev/server/node_modules/mysql/lib/Connection.js:526:10)
    at Handshake._callback (/home/kauel/imkchat-dev/server/node_modules/mysql/lib/Connection.js:488:16)
    at Handshake.Sequence.end (/home/kauel/imkchat-dev/server/node_modules/mysql/lib/protocol/sequences/Sequence.js:83:24)
    at Handshake.Sequence.OkPacket (/home/kauel/imkchat-dev/server/node_modules/mysql/lib/protocol/sequences/Sequence.js:92:8)
    at Protocol._parsePacket (/home/kauel/imkchat-dev/server/node_modules/mysql/lib/protocol/Protocol.js:291:23)
    at Parser._parsePacket (/home/kauel/imkchat-dev/server/node_modules/mysql/lib/protocol/Parser.js:433:10)
    at Parser.write (/home/kauel/imkchat-dev/server/node_modules/mysql/lib/protocol/Parser.js:43:10)
    at Protocol.write (/home/kauel/imkchat-dev/server/node_modules/mysql/lib/protocol/Protocol.js:38:16)
    at Socket.<anonymous> (/home/kauel/imkchat-dev/server/node_modules/mysql/lib/Connection.js:88:28)
    at Socket.<anonymous> (/home/kauel/imkchat-dev/server/node_modules/mysql/lib/Connection.js:526:10)
    at Socket.emit (node:events:513:28)
    at Socket.emit (node:domain:489:12)
    at addChunk (node:internal/streams/readable:324:12)
2023-07-21 03:12:22 error: uncaughtException: ER_NO_DB_ERROR: No database selected
Error: ER_NO_DB_ERROR: No database selected
    at Query.Sequence._packetToError (/home/kauel/imkchat-dev/server/node_modules/mysql/lib/protocol/sequences/Sequence.js:47:14)
    at Query.ErrorPacket (/home/kauel/imkchat-dev/server/node_modules/mysql/lib/protocol/sequences/Query.js:79:18)
    at Protocol._parsePacket (/home/kauel/imkchat-dev/server/node_modules/mysql/lib/protocol/Protocol.js:291:23)
    at Parser._parsePacket (/home/kauel/imkchat-dev/server/node_modules/mysql/lib/protocol/Parser.js:433:10)
    at Parser.write (/home/kauel/imkchat-dev/server/node_modules/mysql/lib/protocol/Parser.js:43:10)
    at Protocol.write (/home/kauel/imkchat-dev/server/node_modules/mysql/lib/protocol/Protocol.js:38:16)
    at Socket.<anonymous> (/home/kauel/imkchat-dev/server/node_modules/mysql/lib/Connection.js:88:28)
    at Socket.<anonymous> (/home/kauel/imkchat-dev/server/node_modules/mysql/lib/Connection.js:526:10)
    at Socket.emit (node:events:513:28)
    at Socket.emit (node:domain:489:12)
    at addChunk (node:internal/streams/readable:324:12)
    at readableAddChunk (node:internal/streams/readable:297:9)
    at Socket.Readable.push (node:internal/streams/readable:234:10)
    at TCP.onStreamRead (node:internal/stream_base_commons:190:23)
    --------------------
    at Protocol._enqueue (/home/kauel/imkchat-dev/server/node_modules/mysql/lib/protocol/Protocol.js:144:48)
    at Connection.query (/home/kauel/imkchat-dev/server/node_modules/mysql/lib/Connection.js:198:25)
    at Handshake.<anonymous> (/home/kauel/imkchat-dev/server/src/app.ts:59:13)
    at Handshake.<anonymous> (/home/kauel/imkchat-dev/server/node_modules/mysql/lib/Connection.js:526:10)
    at Handshake._callback (/home/kauel/imkchat-dev/server/node_modules/mysql/lib/Connection.js:488:16)
    at Handshake.Sequence.end (/home/kauel/imkchat-dev/server/node_modules/mysql/lib/protocol/sequences/Sequence.js:83:24)
    at Handshake.Sequence.OkPacket (/home/kauel/imkchat-dev/server/node_modules/mysql/lib/protocol/sequences/Sequence.js:92:8)
    at Protocol._parsePacket (/home/kauel/imkchat-dev/server/node_modules/mysql/lib/protocol/Protocol.js:291:23)
    at Parser._parsePacket (/home/kauel/imkchat-dev/server/node_modules/mysql/lib/protocol/Parser.js:433:10)
    at Parser.write (/home/kauel/imkchat-dev/server/node_modules/mysql/lib/protocol/Parser.js:43:10)
    at Protocol.write (/home/kauel/imkchat-dev/server/node_modules/mysql/lib/protocol/Protocol.js:38:16)
    at Socket.<anonymous> (/home/kauel/imkchat-dev/server/node_modules/mysql/lib/Connection.js:88:28)
    at Socket.<anonymous> (/home/kauel/imkchat-dev/server/node_modules/mysql/lib/Connection.js:526:10)
    at Socket.emit (node:events:513:28)
    at Socket.emit (node:domain:489:12)
    at addChunk (node:internal/streams/readable:324:12)
2023-07-21 03:18:03 error: uncaughtException: Connection lost: The server closed the connection.
Error: Connection lost: The server closed the connection.
    at Protocol.end (/home/kauel/imkchat-dev/server/node_modules/mysql/lib/protocol/Protocol.js:112:13)
    at Socket.<anonymous> (/home/kauel/imkchat-dev/server/node_modules/mysql/lib/Connection.js:94:28)
    at Socket.<anonymous> (/home/kauel/imkchat-dev/server/node_modules/mysql/lib/Connection.js:526:10)
    at Socket.emit (node:events:525:35)
    at Socket.emit (node:domain:489:12)
    at endReadableNT (node:internal/streams/readable:1359:12)
    at processTicksAndRejections (node:internal/process/task_queues:82:21)
2023-07-21 14:09:01 error: uncaughtException: Connection lost: The server closed the connection.
Error: Connection lost: The server closed the connection.
    at Protocol.end (/home/kauel/imkchat-dev/server/node_modules/mysql/lib/protocol/Protocol.js:112:13)
    at Socket.<anonymous> (/home/kauel/imkchat-dev/server/node_modules/mysql/lib/Connection.js:94:28)
    at Socket.<anonymous> (/home/kauel/imkchat-dev/server/node_modules/mysql/lib/Connection.js:526:10)
    at Socket.emit (node:events:525:35)
    at Socket.emit (node:domain:489:12)
    at endReadableNT (node:internal/streams/readable:1359:12)
    at processTicksAndRejections (node:internal/process/task_queues:82:21)
2023-07-21 14:30:02 error: uncaughtException: Connection lost: The server closed the connection.
Error: Connection lost: The server closed the connection.
    at Protocol.end (/home/kauel/imkchat-dev/server/node_modules/mysql/lib/protocol/Protocol.js:112:13)
    at Socket.<anonymous> (/home/kauel/imkchat-dev/server/node_modules/mysql/lib/Connection.js:94:28)
    at Socket.<anonymous> (/home/kauel/imkchat-dev/server/node_modules/mysql/lib/Connection.js:526:10)
    at Socket.emit (node:events:525:35)
    at Socket.emit (node:domain:489:12)
    at endReadableNT (node:internal/streams/readable:1359:12)
    at processTicksAndRejections (node:internal/process/task_queues:82:21)
2023-07-21 14:48:03 error: uncaughtException: Connection lost: The server closed the connection.
Error: Connection lost: The server closed the connection.
    at Protocol.end (/home/kauel/imkchat-dev/server/node_modules/mysql/lib/protocol/Protocol.js:112:13)
    at Socket.<anonymous> (/home/kauel/imkchat-dev/server/node_modules/mysql/lib/Connection.js:94:28)
    at Socket.<anonymous> (/home/kauel/imkchat-dev/server/node_modules/mysql/lib/Connection.js:526:10)
    at Socket.emit (node:events:525:35)
    at Socket.emit (node:domain:489:12)
    at endReadableNT (node:internal/streams/readable:1359:12)
    at processTicksAndRejections (node:internal/process/task_queues:82:21)
2023-07-21 14:51:04 error: uncaughtException: Connection lost: The server closed the connection.
Error: Connection lost: The server closed the connection.
    at Protocol.end (/home/kauel/imkchat-dev/server/node_modules/mysql/lib/protocol/Protocol.js:112:13)
    at Socket.<anonymous> (/home/kauel/imkchat-dev/server/node_modules/mysql/lib/Connection.js:94:28)
    at Socket.<anonymous> (/home/kauel/imkchat-dev/server/node_modules/mysql/lib/Connection.js:526:10)
    at Socket.emit (node:events:525:35)
    at Socket.emit (node:domain:489:12)
    at endReadableNT (node:internal/streams/readable:1359:12)
    at processTicksAndRejections (node:internal/process/task_queues:82:21)
2023-07-21 14:53:27 error: uncaughtException: con is not defined
ReferenceError: con is not defined
    at connectToDatabase (/home/kauel/imkchat-dev/server/src/app.ts:58:5)
    at App (/home/kauel/imkchat-dev/server/src/app.ts:135:5)
    at startServer (/home/kauel/imkchat-dev/server/src/server.ts:6:8)
    at Object.<anonymous> (/home/kauel/imkchat-dev/server/src/server.ts:9:1)
    at Module._compile (node:internal/modules/cjs/loader:1256:14)
    at Module.m._compile (/home/kauel/imkchat-dev/server/node_modules/ts-node/src/index.ts:1371:23)
    at Module._extensions..js (node:internal/modules/cjs/loader:1310:10)
    at Object.require.extensions.<computed> [as .ts] (/home/kauel/imkchat-dev/server/node_modules/ts-node/src/index.ts:1374:12)
    at Module.load (node:internal/modules/cjs/loader:1119:32)
    at Function.Module._load (node:internal/modules/cjs/loader:960:12)
    at Function.executeUserEntryPoint [as runMain] (node:internal/modules/run_main:81:12)
    at main (/home/kauel/imkchat-dev/server/node_modules/ts-node/src/bin.ts:331:12)
    at Object.<anonymous> (/home/kauel/imkchat-dev/server/node_modules/ts-node/src/bin.ts:482:3)
    at Module._compile (node:internal/modules/cjs/loader:1256:14)
    at Object.Module._extensions..js (node:internal/modules/cjs/loader:1310:10)
    at Module.load (node:internal/modules/cjs/loader:1119:32)
