2024-08-14 15:16:08 error: uncaughtException: listen EADDRINUSE: address already in use :::5210
Error: listen EADDRINUSE: address already in use :::5210
    at Server.setupListenHandle [as _listen2] (node:net:1817:16)
    at listenInCluster (node:net:1865:12)
    at Server.listen (node:net:1953:7)
    at Function.listen (C:\Users\gorel\Documents\Projects\k-chat-pdf\server\node_modules\express\lib\application.js:618:24)
    at App (C:\Users\gorel\Documents\Projects\k-chat-pdf\server\src\app.ts:436:28)
    at startServer (C:\Users\gorel\Documents\Projects\k-chat-pdf\server\src\server.ts:6:8)
    at Object.<anonymous> (C:\Users\gorel\Documents\Projects\k-chat-pdf\server\src\server.ts:9:1)
    at Module._compile (node:internal/modules/cjs/loader:1364:14)
    at Module.m._compile (C:\Users\gorel\Documents\Projects\k-chat-pdf\server\node_modules\ts-node\src\index.ts:1371:23)
    at Module._extensions..js (node:internal/modules/cjs/loader:1422:10)
    at Object.require.extensions.<computed> [as .ts] (C:\Users\gorel\Documents\Projects\k-chat-pdf\server\node_modules\ts-node\src\index.ts:1374:12)
    at Module.load (node:internal/modules/cjs/loader:1203:32)
    at Function.Module._load (node:internal/modules/cjs/loader:1019:12)
    at Function.executeUserEntryPoint [as runMain] (node:internal/modules/run_main:128:12)
    at main (C:\Users\gorel\Documents\Projects\k-chat-pdf\server\node_modules\ts-node\src\bin.ts:331:12)
    at Object.<anonymous> (C:\Users\gorel\Documents\Projects\k-chat-pdf\server\node_modules\ts-node\src\bin.ts:482:3)
2024-08-14 15:18:06 error: uncaughtException: listen EADDRINUSE: address already in use :::5210
Error: listen EADDRINUSE: address already in use :::5210
    at Server.setupListenHandle [as _listen2] (node:net:1817:16)
    at listenInCluster (node:net:1865:12)
    at Server.listen (node:net:1953:7)
    at Function.listen (C:\Users\gorel\Documents\Projects\k-chat-pdf\server\node_modules\express\lib\application.js:618:24)
    at App (C:\Users\gorel\Documents\Projects\k-chat-pdf\server\src\app.ts:436:28)
    at startServer (C:\Users\gorel\Documents\Projects\k-chat-pdf\server\src\server.ts:6:8)
    at Object.<anonymous> (C:\Users\gorel\Documents\Projects\k-chat-pdf\server\src\server.ts:9:1)
    at Module._compile (node:internal/modules/cjs/loader:1364:14)
    at Module.m._compile (C:\Users\gorel\Documents\Projects\k-chat-pdf\server\node_modules\ts-node\src\index.ts:1371:23)
    at Module._extensions..js (node:internal/modules/cjs/loader:1422:10)
    at Object.require.extensions.<computed> [as .ts] (C:\Users\gorel\Documents\Projects\k-chat-pdf\server\node_modules\ts-node\src\index.ts:1374:12)
    at Module.load (node:internal/modules/cjs/loader:1203:32)
    at Function.Module._load (node:internal/modules/cjs/loader:1019:12)
    at Function.executeUserEntryPoint [as runMain] (node:internal/modules/run_main:128:12)
    at main (C:\Users\gorel\Documents\Projects\k-chat-pdf\server\node_modules\ts-node\src\bin.ts:331:12)
    at Object.<anonymous> (C:\Users\gorel\Documents\Projects\k-chat-pdf\server\node_modules\ts-node\src\bin.ts:482:3)
2024-08-14 15:18:39 error: uncaughtException: listen EADDRINUSE: address already in use :::5210
Error: listen EADDRINUSE: address already in use :::5210
    at Server.setupListenHandle [as _listen2] (node:net:1817:16)
    at listenInCluster (node:net:1865:12)
    at Server.listen (node:net:1953:7)
    at Function.listen (C:\Users\gorel\Documents\Projects\k-chat-pdf\server\node_modules\express\lib\application.js:618:24)
    at App (C:\Users\gorel\Documents\Projects\k-chat-pdf\server\src\app.ts:436:28)
    at startServer (C:\Users\gorel\Documents\Projects\k-chat-pdf\server\src\server.ts:6:8)
    at Object.<anonymous> (C:\Users\gorel\Documents\Projects\k-chat-pdf\server\src\server.ts:9:1)
    at Module._compile (node:internal/modules/cjs/loader:1364:14)
    at Module.m._compile (C:\Users\gorel\Documents\Projects\k-chat-pdf\server\node_modules\ts-node\src\index.ts:1371:23)
    at Module._extensions..js (node:internal/modules/cjs/loader:1422:10)
    at Object.require.extensions.<computed> [as .ts] (C:\Users\gorel\Documents\Projects\k-chat-pdf\server\node_modules\ts-node\src\index.ts:1374:12)
    at Module.load (node:internal/modules/cjs/loader:1203:32)
    at Function.Module._load (node:internal/modules/cjs/loader:1019:12)
    at Function.executeUserEntryPoint [as runMain] (node:internal/modules/run_main:128:12)
    at main (C:\Users\gorel\Documents\Projects\k-chat-pdf\server\node_modules\ts-node\src\bin.ts:331:12)
    at Object.<anonymous> (C:\Users\gorel\Documents\Projects\k-chat-pdf\server\node_modules\ts-node\src\bin.ts:482:3)
2024-08-14 15:19:16 error: uncaughtException: listen EADDRINUSE: address already in use :::5210
Error: listen EADDRINUSE: address already in use :::5210
    at Server.setupListenHandle [as _listen2] (node:net:1817:16)
    at listenInCluster (node:net:1865:12)
    at Server.listen (node:net:1953:7)
    at Function.listen (C:\Users\gorel\Documents\Projects\k-chat-pdf\server\node_modules\express\lib\application.js:618:24)
    at App (C:\Users\gorel\Documents\Projects\k-chat-pdf\server\src\app.ts:436:28)
    at startServer (C:\Users\gorel\Documents\Projects\k-chat-pdf\server\src\server.ts:6:8)
    at Object.<anonymous> (C:\Users\gorel\Documents\Projects\k-chat-pdf\server\src\server.ts:9:1)
    at Module._compile (node:internal/modules/cjs/loader:1364:14)
    at Module.m._compile (C:\Users\gorel\Documents\Projects\k-chat-pdf\server\node_modules\ts-node\src\index.ts:1371:23)
    at Module._extensions..js (node:internal/modules/cjs/loader:1422:10)
    at Object.require.extensions.<computed> [as .ts] (C:\Users\gorel\Documents\Projects\k-chat-pdf\server\node_modules\ts-node\src\index.ts:1374:12)
    at Module.load (node:internal/modules/cjs/loader:1203:32)
    at Function.Module._load (node:internal/modules/cjs/loader:1019:12)
    at Function.executeUserEntryPoint [as runMain] (node:internal/modules/run_main:128:12)
    at main (C:\Users\gorel\Documents\Projects\k-chat-pdf\server\node_modules\ts-node\src\bin.ts:331:12)
    at Object.<anonymous> (C:\Users\gorel\Documents\Projects\k-chat-pdf\server\node_modules\ts-node\src\bin.ts:482:3)
2024-08-14 15:19:35 error: uncaughtException: listen EADDRINUSE: address already in use :::5210
Error: listen EADDRINUSE: address already in use :::5210
    at Server.setupListenHandle [as _listen2] (node:net:1817:16)
    at listenInCluster (node:net:1865:12)
    at Server.listen (node:net:1953:7)
    at Function.listen (C:\Users\gorel\Documents\Projects\k-chat-pdf\server\node_modules\express\lib\application.js:618:24)
    at App (C:\Users\gorel\Documents\Projects\k-chat-pdf\server\src\app.ts:436:28)
    at startServer (C:\Users\gorel\Documents\Projects\k-chat-pdf\server\src\server.ts:6:8)
    at Object.<anonymous> (C:\Users\gorel\Documents\Projects\k-chat-pdf\server\src\server.ts:9:1)
    at Module._compile (node:internal/modules/cjs/loader:1364:14)
    at Module.m._compile (C:\Users\gorel\Documents\Projects\k-chat-pdf\server\node_modules\ts-node\src\index.ts:1371:23)
    at Module._extensions..js (node:internal/modules/cjs/loader:1422:10)
    at Object.require.extensions.<computed> [as .ts] (C:\Users\gorel\Documents\Projects\k-chat-pdf\server\node_modules\ts-node\src\index.ts:1374:12)
    at Module.load (node:internal/modules/cjs/loader:1203:32)
    at Function.Module._load (node:internal/modules/cjs/loader:1019:12)
    at Function.executeUserEntryPoint [as runMain] (node:internal/modules/run_main:128:12)
    at main (C:\Users\gorel\Documents\Projects\k-chat-pdf\server\node_modules\ts-node\src\bin.ts:331:12)
    at Object.<anonymous> (C:\Users\gorel\Documents\Projects\k-chat-pdf\server\node_modules\ts-node\src\bin.ts:482:3)
2024-08-14 15:21:18 error: uncaughtException: listen EADDRINUSE: address already in use :::5210
Error: listen EADDRINUSE: address already in use :::5210
    at Server.setupListenHandle [as _listen2] (node:net:1817:16)
    at listenInCluster (node:net:1865:12)
    at Server.listen (node:net:1953:7)
    at Function.listen (C:\Users\gorel\Documents\Projects\k-chat-pdf\server\node_modules\express\lib\application.js:618:24)
    at App (C:\Users\gorel\Documents\Projects\k-chat-pdf\server\src\app.ts:436:28)
    at startServer (C:\Users\gorel\Documents\Projects\k-chat-pdf\server\src\server.ts:6:8)
    at Object.<anonymous> (C:\Users\gorel\Documents\Projects\k-chat-pdf\server\src\server.ts:9:1)
    at Module._compile (node:internal/modules/cjs/loader:1364:14)
    at Module.m._compile (C:\Users\gorel\Documents\Projects\k-chat-pdf\server\node_modules\ts-node\src\index.ts:1371:23)
    at Module._extensions..js (node:internal/modules/cjs/loader:1422:10)
    at Object.require.extensions.<computed> [as .ts] (C:\Users\gorel\Documents\Projects\k-chat-pdf\server\node_modules\ts-node\src\index.ts:1374:12)
    at Module.load (node:internal/modules/cjs/loader:1203:32)
    at Function.Module._load (node:internal/modules/cjs/loader:1019:12)
    at Function.executeUserEntryPoint [as runMain] (node:internal/modules/run_main:128:12)
    at main (C:\Users\gorel\Documents\Projects\k-chat-pdf\server\node_modules\ts-node\src\bin.ts:331:12)
    at Object.<anonymous> (C:\Users\gorel\Documents\Projects\k-chat-pdf\server\node_modules\ts-node\src\bin.ts:482:3)
2024-08-14 15:21:34 error: uncaughtException: listen EADDRINUSE: address already in use :::5210
Error: listen EADDRINUSE: address already in use :::5210
    at Server.setupListenHandle [as _listen2] (node:net:1817:16)
    at listenInCluster (node:net:1865:12)
    at Server.listen (node:net:1953:7)
    at Function.listen (C:\Users\gorel\Documents\Projects\k-chat-pdf\server\node_modules\express\lib\application.js:618:24)
    at App (C:\Users\gorel\Documents\Projects\k-chat-pdf\server\src\app.ts:436:28)
    at startServer (C:\Users\gorel\Documents\Projects\k-chat-pdf\server\src\server.ts:6:8)
    at Object.<anonymous> (C:\Users\gorel\Documents\Projects\k-chat-pdf\server\src\server.ts:9:1)
    at Module._compile (node:internal/modules/cjs/loader:1364:14)
    at Module.m._compile (C:\Users\gorel\Documents\Projects\k-chat-pdf\server\node_modules\ts-node\src\index.ts:1371:23)
    at Module._extensions..js (node:internal/modules/cjs/loader:1422:10)
    at Object.require.extensions.<computed> [as .ts] (C:\Users\gorel\Documents\Projects\k-chat-pdf\server\node_modules\ts-node\src\index.ts:1374:12)
    at Module.load (node:internal/modules/cjs/loader:1203:32)
    at Function.Module._load (node:internal/modules/cjs/loader:1019:12)
    at Function.executeUserEntryPoint [as runMain] (node:internal/modules/run_main:128:12)
    at main (C:\Users\gorel\Documents\Projects\k-chat-pdf\server\node_modules\ts-node\src\bin.ts:331:12)
    at Object.<anonymous> (C:\Users\gorel\Documents\Projects\k-chat-pdf\server\node_modules\ts-node\src\bin.ts:482:3)
2024-08-14 15:22:44 error: uncaughtException: listen EADDRINUSE: address already in use :::5210
Error: listen EADDRINUSE: address already in use :::5210
    at Server.setupListenHandle [as _listen2] (node:net:1817:16)
    at listenInCluster (node:net:1865:12)
    at Server.listen (node:net:1953:7)
    at Function.listen (C:\Users\gorel\Documents\Projects\k-chat-pdf\server\node_modules\express\lib\application.js:618:24)
    at App (C:\Users\gorel\Documents\Projects\k-chat-pdf\server\src\app.ts:436:28)
    at startServer (C:\Users\gorel\Documents\Projects\k-chat-pdf\server\src\server.ts:6:8)
    at Object.<anonymous> (C:\Users\gorel\Documents\Projects\k-chat-pdf\server\src\server.ts:9:1)
    at Module._compile (node:internal/modules/cjs/loader:1364:14)
    at Module.m._compile (C:\Users\gorel\Documents\Projects\k-chat-pdf\server\node_modules\ts-node\src\index.ts:1371:23)
    at Module._extensions..js (node:internal/modules/cjs/loader:1422:10)
    at Object.require.extensions.<computed> [as .ts] (C:\Users\gorel\Documents\Projects\k-chat-pdf\server\node_modules\ts-node\src\index.ts:1374:12)
    at Module.load (node:internal/modules/cjs/loader:1203:32)
    at Function.Module._load (node:internal/modules/cjs/loader:1019:12)
    at Function.executeUserEntryPoint [as runMain] (node:internal/modules/run_main:128:12)
    at main (C:\Users\gorel\Documents\Projects\k-chat-pdf\server\node_modules\ts-node\src\bin.ts:331:12)
    at Object.<anonymous> (C:\Users\gorel\Documents\Projects\k-chat-pdf\server\node_modules\ts-node\src\bin.ts:482:3)
2024-08-14 15:24:35 error: [POST] /api/login >> StatusCode:: 409, Message:: Wrong password
2024-08-14 15:28:26 error: uncaughtException: listen EADDRINUSE: address already in use :::5210
Error: listen EADDRINUSE: address already in use :::5210
    at Server.setupListenHandle [as _listen2] (node:net:1817:16)
    at listenInCluster (node:net:1865:12)
    at Server.listen (node:net:1953:7)
    at Function.listen (C:\Users\gorel\Documents\Projects\k-chat-pdf\server\node_modules\express\lib\application.js:618:24)
    at App (C:\Users\gorel\Documents\Projects\k-chat-pdf\server\src\app.ts:436:28)
    at startServer (C:\Users\gorel\Documents\Projects\k-chat-pdf\server\src\server.ts:6:8)
    at Object.<anonymous> (C:\Users\gorel\Documents\Projects\k-chat-pdf\server\src\server.ts:9:1)
    at Module._compile (node:internal/modules/cjs/loader:1364:14)
    at Module.m._compile (C:\Users\gorel\Documents\Projects\k-chat-pdf\server\node_modules\ts-node\src\index.ts:1371:23)
    at Module._extensions..js (node:internal/modules/cjs/loader:1422:10)
    at Object.require.extensions.<computed> [as .ts] (C:\Users\gorel\Documents\Projects\k-chat-pdf\server\node_modules\ts-node\src\index.ts:1374:12)
    at Module.load (node:internal/modules/cjs/loader:1203:32)
    at Function.Module._load (node:internal/modules/cjs/loader:1019:12)
    at Function.executeUserEntryPoint [as runMain] (node:internal/modules/run_main:128:12)
    at main (C:\Users\gorel\Documents\Projects\k-chat-pdf\server\node_modules\ts-node\src\bin.ts:331:12)
    at Object.<anonymous> (C:\Users\gorel\Documents\Projects\k-chat-pdf\server\node_modules\ts-node\src\bin.ts:482:3)
2024-08-14 15:29:13 error: uncaughtException: listen EADDRINUSE: address already in use :::5210
Error: listen EADDRINUSE: address already in use :::5210
    at Server.setupListenHandle [as _listen2] (node:net:1817:16)
    at listenInCluster (node:net:1865:12)
    at Server.listen (node:net:1953:7)
    at Function.listen (C:\Users\gorel\Documents\Projects\k-chat-pdf\server\node_modules\express\lib\application.js:618:24)
    at App (C:\Users\gorel\Documents\Projects\k-chat-pdf\server\src\app.ts:436:28)
    at startServer (C:\Users\gorel\Documents\Projects\k-chat-pdf\server\src\server.ts:6:8)
    at Object.<anonymous> (C:\Users\gorel\Documents\Projects\k-chat-pdf\server\src\server.ts:9:1)
    at Module._compile (node:internal/modules/cjs/loader:1364:14)
    at Module.m._compile (C:\Users\gorel\Documents\Projects\k-chat-pdf\server\node_modules\ts-node\src\index.ts:1371:23)
    at Module._extensions..js (node:internal/modules/cjs/loader:1422:10)
    at Object.require.extensions.<computed> [as .ts] (C:\Users\gorel\Documents\Projects\k-chat-pdf\server\node_modules\ts-node\src\index.ts:1374:12)
    at Module.load (node:internal/modules/cjs/loader:1203:32)
    at Function.Module._load (node:internal/modules/cjs/loader:1019:12)
    at Function.executeUserEntryPoint [as runMain] (node:internal/modules/run_main:128:12)
    at main (C:\Users\gorel\Documents\Projects\k-chat-pdf\server\node_modules\ts-node\src\bin.ts:331:12)
    at Object.<anonymous> (C:\Users\gorel\Documents\Projects\k-chat-pdf\server\node_modules\ts-node\src\bin.ts:482:3)
2024-08-14 15:30:09 error: uncaughtException: listen EADDRINUSE: address already in use :::5210
Error: listen EADDRINUSE: address already in use :::5210
    at Server.setupListenHandle [as _listen2] (node:net:1817:16)
    at listenInCluster (node:net:1865:12)
    at Server.listen (node:net:1953:7)
    at Function.listen (C:\Users\gorel\Documents\Projects\k-chat-pdf\server\node_modules\express\lib\application.js:618:24)
    at App (C:\Users\gorel\Documents\Projects\k-chat-pdf\server\src\app.ts:436:28)
    at startServer (C:\Users\gorel\Documents\Projects\k-chat-pdf\server\src\server.ts:6:8)
    at Object.<anonymous> (C:\Users\gorel\Documents\Projects\k-chat-pdf\server\src\server.ts:9:1)
    at Module._compile (node:internal/modules/cjs/loader:1364:14)
    at Module.m._compile (C:\Users\gorel\Documents\Projects\k-chat-pdf\server\node_modules\ts-node\src\index.ts:1371:23)
    at Module._extensions..js (node:internal/modules/cjs/loader:1422:10)
    at Object.require.extensions.<computed> [as .ts] (C:\Users\gorel\Documents\Projects\k-chat-pdf\server\node_modules\ts-node\src\index.ts:1374:12)
    at Module.load (node:internal/modules/cjs/loader:1203:32)
    at Function.Module._load (node:internal/modules/cjs/loader:1019:12)
    at Function.executeUserEntryPoint [as runMain] (node:internal/modules/run_main:128:12)
    at main (C:\Users\gorel\Documents\Projects\k-chat-pdf\server\node_modules\ts-node\src\bin.ts:331:12)
    at Object.<anonymous> (C:\Users\gorel\Documents\Projects\k-chat-pdf\server\node_modules\ts-node\src\bin.ts:482:3)
2024-08-14 16:07:21 error: uncaughtException: listen EADDRINUSE: address already in use :::5210
Error: listen EADDRINUSE: address already in use :::5210
    at Server.setupListenHandle [as _listen2] (node:net:1817:16)
    at listenInCluster (node:net:1865:12)
    at Server.listen (node:net:1953:7)
    at Function.listen (C:\Users\gorel\Documents\Projects\k-chat-pdf\server\node_modules\express\lib\application.js:618:24)
    at App (C:\Users\gorel\Documents\Projects\k-chat-pdf\server\src\app.ts:436:28)
    at startServer (C:\Users\gorel\Documents\Projects\k-chat-pdf\server\src\server.ts:6:8)
    at Object.<anonymous> (C:\Users\gorel\Documents\Projects\k-chat-pdf\server\src\server.ts:9:1)
    at Module._compile (node:internal/modules/cjs/loader:1364:14)
    at Module.m._compile (C:\Users\gorel\Documents\Projects\k-chat-pdf\server\node_modules\ts-node\src\index.ts:1371:23)
    at Module._extensions..js (node:internal/modules/cjs/loader:1422:10)
    at Object.require.extensions.<computed> [as .ts] (C:\Users\gorel\Documents\Projects\k-chat-pdf\server\node_modules\ts-node\src\index.ts:1374:12)
    at Module.load (node:internal/modules/cjs/loader:1203:32)
    at Function.Module._load (node:internal/modules/cjs/loader:1019:12)
    at Function.executeUserEntryPoint [as runMain] (node:internal/modules/run_main:128:12)
    at main (C:\Users\gorel\Documents\Projects\k-chat-pdf\server\node_modules\ts-node\src\bin.ts:331:12)
    at Object.<anonymous> (C:\Users\gorel\Documents\Projects\k-chat-pdf\server\node_modules\ts-node\src\bin.ts:482:3)
2024-08-14 16:52:59 error: [GET] /api/roles/getRolesById/organization/[object%20Object] >> StatusCode:: 500, Message:: Argument passed in must be a single String of 12 bytes or a string of 24 hex characters
2024-08-14 16:52:59 error: [GET] /api/roles/getRolesById/organization/[object%20Object] >> StatusCode:: 500, Message:: Argument passed in must be a single String of 12 bytes or a string of 24 hex characters
2024-08-14 16:59:12 error: [GET] /api/roles/getRolesById/organization/[object%20Object] >> StatusCode:: 500, Message:: Argument passed in must be a single String of 12 bytes or a string of 24 hex characters
2024-08-14 16:59:12 error: [GET] /api/roles/getRolesById/organization/[object%20Object] >> StatusCode:: 500, Message:: Argument passed in must be a single String of 12 bytes or a string of 24 hex characters
2024-08-14 16:59:42 error: [POST] /api/login >> StatusCode:: 409, Message:: Wrong password
2024-08-14 16:59:48 error: [POST] /api/login >> StatusCode:: 409, Message:: Wrong password
2024-08-14 17:00:04 error: [GET] /api/roles/getRolesById/organization/[object%20Object] >> StatusCode:: 500, Message:: Argument passed in must be a single String of 12 bytes or a string of 24 hex characters
2024-08-14 17:04:20 error: [GET] /api/roles/getRolesById/organization/[object%20Object] >> StatusCode:: 500, Message:: Argument passed in must be a single String of 12 bytes or a string of 24 hex characters
2024-08-14 17:04:20 error: [GET] /api/roles/getRolesById/organization/[object%20Object] >> StatusCode:: 500, Message:: Argument passed in must be a single String of 12 bytes or a string of 24 hex characters
2024-08-14 17:04:20 error: [GET] /api/roles/getRolesById/organization/[object%20Object] >> StatusCode:: 500, Message:: Argument passed in must be a single String of 12 bytes or a string of 24 hex characters
2024-08-14 17:04:20 error: [GET] /api/roles/getRolesById/organization/[object%20Object] >> StatusCode:: 500, Message:: Argument passed in must be a single String of 12 bytes or a string of 24 hex characters
