2024-04-18 14:10:57 error: uncaughtException: Cannot overwrite `File` model once compiled.
OverwriteModelError: Cannot overwrite `File` model once compiled.
    at Mongoose.model (C:\Users\gorel\Documents\Kauel_USA\imKchat\app\server\node_modules\mongoose\lib\index.js:549:13)
    at Object.<anonymous> (C:\Users\gorel\Documents\Kauel_USA\imKchat\app\server\src\models\files.model.ts:27:24)
    at Module._compile (node:internal/modules/cjs/loader:1256:14)
    at Module.m._compile (C:\Users\gorel\Documents\Kauel_USA\imKchat\app\server\node_modules\ts-node\src\index.ts:1371:23)
    at Module._extensions..js (node:internal/modules/cjs/loader:1310:10)
    at Object.require.extensions.<computed> [as .ts] (C:\Users\gorel\Documents\Kauel_USA\imKchat\app\server\node_modules\ts-node\src\index.ts:1374:12)
    at Module.load (node:internal/modules/cjs/loader:1119:32)
    at Function.Module._load (node:internal/modules/cjs/loader:960:12)
    at Module.require (node:internal/modules/cjs/loader:1143:19)
    at require (node:internal/modules/cjs/helpers:110:18)
    at Object.<anonymous> (C:\Users\gorel\Documents\Kauel_USA\imKchat\app\server\src\services\accessControl.service.ts:15:1)
    at Module._compile (node:internal/modules/cjs/loader:1256:14)
    at Module.m._compile (C:\Users\gorel\Documents\Kauel_USA\imKchat\app\server\node_modules\ts-node\src\index.ts:1371:23)
    at Module._extensions..js (node:internal/modules/cjs/loader:1310:10)
    at Object.require.extensions.<computed> [as .ts] (C:\Users\gorel\Documents\Kauel_USA\imKchat\app\server\node_modules\ts-node\src\index.ts:1374:12)
    at Module.load (node:internal/modules/cjs/loader:1119:32)
2024-04-18 14:12:03 error: uncaughtException: Cannot overwrite `File` model once compiled.
OverwriteModelError: Cannot overwrite `File` model once compiled.
    at Mongoose.model (C:\Users\gorel\Documents\Kauel_USA\imKchat\app\server\node_modules\mongoose\lib\index.js:549:13)
    at Object.<anonymous> (C:\Users\gorel\Documents\Kauel_USA\imKchat\app\server\src\models\files.model.ts:27:24)
    at Module._compile (node:internal/modules/cjs/loader:1256:14)
    at Module.m._compile (C:\Users\gorel\Documents\Kauel_USA\imKchat\app\server\node_modules\ts-node\src\index.ts:1371:23)
    at Module._extensions..js (node:internal/modules/cjs/loader:1310:10)
    at Object.require.extensions.<computed> [as .ts] (C:\Users\gorel\Documents\Kauel_USA\imKchat\app\server\node_modules\ts-node\src\index.ts:1374:12)
    at Module.load (node:internal/modules/cjs/loader:1119:32)
    at Function.Module._load (node:internal/modules/cjs/loader:960:12)
    at Module.require (node:internal/modules/cjs/loader:1143:19)
    at require (node:internal/modules/cjs/helpers:110:18)
    at Object.<anonymous> (C:\Users\gorel\Documents\Kauel_USA\imKchat\app\server\src\services\accessControl.service.ts:15:1)
    at Module._compile (node:internal/modules/cjs/loader:1256:14)
    at Module.m._compile (C:\Users\gorel\Documents\Kauel_USA\imKchat\app\server\node_modules\ts-node\src\index.ts:1371:23)
    at Module._extensions..js (node:internal/modules/cjs/loader:1310:10)
    at Object.require.extensions.<computed> [as .ts] (C:\Users\gorel\Documents\Kauel_USA\imKchat\app\server\node_modules\ts-node\src\index.ts:1374:12)
    at Module.load (node:internal/modules/cjs/loader:1119:32)
2024-04-18 14:12:26 error: uncaughtException: Cannot overwrite `File` model once compiled.
OverwriteModelError: Cannot overwrite `File` model once compiled.
    at Mongoose.model (C:\Users\gorel\Documents\Kauel_USA\imKchat\app\server\node_modules\mongoose\lib\index.js:549:13)
    at Object.<anonymous> (C:\Users\gorel\Documents\Kauel_USA\imKchat\app\server\src\models\files.model.ts:27:24)
    at Module._compile (node:internal/modules/cjs/loader:1256:14)
    at Module.m._compile (C:\Users\gorel\Documents\Kauel_USA\imKchat\app\server\node_modules\ts-node\src\index.ts:1371:23)
    at Module._extensions..js (node:internal/modules/cjs/loader:1310:10)
    at Object.require.extensions.<computed> [as .ts] (C:\Users\gorel\Documents\Kauel_USA\imKchat\app\server\node_modules\ts-node\src\index.ts:1374:12)
    at Module.load (node:internal/modules/cjs/loader:1119:32)
    at Function.Module._load (node:internal/modules/cjs/loader:960:12)
    at Module.require (node:internal/modules/cjs/loader:1143:19)
    at require (node:internal/modules/cjs/helpers:110:18)
    at Object.<anonymous> (C:\Users\gorel\Documents\Kauel_USA\imKchat\app\server\src\services\accessControl.service.ts:15:1)
    at Module._compile (node:internal/modules/cjs/loader:1256:14)
    at Module.m._compile (C:\Users\gorel\Documents\Kauel_USA\imKchat\app\server\node_modules\ts-node\src\index.ts:1371:23)
    at Module._extensions..js (node:internal/modules/cjs/loader:1310:10)
    at Object.require.extensions.<computed> [as .ts] (C:\Users\gorel\Documents\Kauel_USA\imKchat\app\server\node_modules\ts-node\src\index.ts:1374:12)
    at Module.load (node:internal/modules/cjs/loader:1119:32)
2024-04-18 14:13:25 error: uncaughtException: Cannot overwrite `File` model once compiled.
OverwriteModelError: Cannot overwrite `File` model once compiled.
    at Mongoose.model (C:\Users\gorel\Documents\Kauel_USA\imKchat\app\server\node_modules\mongoose\lib\index.js:549:13)
    at Object.<anonymous> (C:\Users\gorel\Documents\Kauel_USA\imKchat\app\server\src\models\files.model.ts:27:24)
    at Module._compile (node:internal/modules/cjs/loader:1256:14)
    at Module.m._compile (C:\Users\gorel\Documents\Kauel_USA\imKchat\app\server\node_modules\ts-node\src\index.ts:1371:23)
    at Module._extensions..js (node:internal/modules/cjs/loader:1310:10)
    at Object.require.extensions.<computed> [as .ts] (C:\Users\gorel\Documents\Kauel_USA\imKchat\app\server\node_modules\ts-node\src\index.ts:1374:12)
    at Module.load (node:internal/modules/cjs/loader:1119:32)
    at Function.Module._load (node:internal/modules/cjs/loader:960:12)
    at Module.require (node:internal/modules/cjs/loader:1143:19)
    at require (node:internal/modules/cjs/helpers:110:18)
    at Object.<anonymous> (C:\Users\gorel\Documents\Kauel_USA\imKchat\app\server\src\services\accessControl.service.ts:15:1)
    at Module._compile (node:internal/modules/cjs/loader:1256:14)
    at Module.m._compile (C:\Users\gorel\Documents\Kauel_USA\imKchat\app\server\node_modules\ts-node\src\index.ts:1371:23)
    at Module._extensions..js (node:internal/modules/cjs/loader:1310:10)
    at Object.require.extensions.<computed> [as .ts] (C:\Users\gorel\Documents\Kauel_USA\imKchat\app\server\node_modules\ts-node\src\index.ts:1374:12)
    at Module.load (node:internal/modules/cjs/loader:1119:32)
2024-04-18 14:13:45 error: uncaughtException: Cannot overwrite `File` model once compiled.
OverwriteModelError: Cannot overwrite `File` model once compiled.
    at Mongoose.model (C:\Users\gorel\Documents\Kauel_USA\imKchat\app\server\node_modules\mongoose\lib\index.js:549:13)
    at Object.<anonymous> (C:\Users\gorel\Documents\Kauel_USA\imKchat\app\server\src\models\files.model.ts:27:24)
    at Module._compile (node:internal/modules/cjs/loader:1256:14)
    at Module.m._compile (C:\Users\gorel\Documents\Kauel_USA\imKchat\app\server\node_modules\ts-node\src\index.ts:1371:23)
    at Module._extensions..js (node:internal/modules/cjs/loader:1310:10)
    at Object.require.extensions.<computed> [as .ts] (C:\Users\gorel\Documents\Kauel_USA\imKchat\app\server\node_modules\ts-node\src\index.ts:1374:12)
    at Module.load (node:internal/modules/cjs/loader:1119:32)
    at Function.Module._load (node:internal/modules/cjs/loader:960:12)
    at Module.require (node:internal/modules/cjs/loader:1143:19)
    at require (node:internal/modules/cjs/helpers:110:18)
    at Object.<anonymous> (C:\Users\gorel\Documents\Kauel_USA\imKchat\app\server\src\services\accessControl.service.ts:15:1)
    at Module._compile (node:internal/modules/cjs/loader:1256:14)
    at Module.m._compile (C:\Users\gorel\Documents\Kauel_USA\imKchat\app\server\node_modules\ts-node\src\index.ts:1371:23)
    at Module._extensions..js (node:internal/modules/cjs/loader:1310:10)
    at Object.require.extensions.<computed> [as .ts] (C:\Users\gorel\Documents\Kauel_USA\imKchat\app\server\node_modules\ts-node\src\index.ts:1374:12)
    at Module.load (node:internal/modules/cjs/loader:1119:32)
2024-04-18 14:16:09 error: uncaughtException: Cannot overwrite `File` model once compiled.
OverwriteModelError: Cannot overwrite `File` model once compiled.
    at Mongoose.model (C:\Users\gorel\Documents\Kauel_USA\imKchat\app\server\node_modules\mongoose\lib\index.js:549:13)
    at Object.<anonymous> (C:\Users\gorel\Documents\Kauel_USA\imKchat\app\server\src\models\files.model.ts:27:24)
    at Module._compile (node:internal/modules/cjs/loader:1256:14)
    at Module.m._compile (C:\Users\gorel\Documents\Kauel_USA\imKchat\app\server\node_modules\ts-node\src\index.ts:1371:23)
    at Module._extensions..js (node:internal/modules/cjs/loader:1310:10)
    at Object.require.extensions.<computed> [as .ts] (C:\Users\gorel\Documents\Kauel_USA\imKchat\app\server\node_modules\ts-node\src\index.ts:1374:12)
    at Module.load (node:internal/modules/cjs/loader:1119:32)
    at Function.Module._load (node:internal/modules/cjs/loader:960:12)
    at Module.require (node:internal/modules/cjs/loader:1143:19)
    at require (node:internal/modules/cjs/helpers:110:18)
    at Object.<anonymous> (C:\Users\gorel\Documents\Kauel_USA\imKchat\app\server\src\app.ts:28:1)
    at Module._compile (node:internal/modules/cjs/loader:1256:14)
    at Module.m._compile (C:\Users\gorel\Documents\Kauel_USA\imKchat\app\server\node_modules\ts-node\src\index.ts:1371:23)
    at Module._extensions..js (node:internal/modules/cjs/loader:1310:10)
    at Object.require.extensions.<computed> [as .ts] (C:\Users\gorel\Documents\Kauel_USA\imKchat\app\server\node_modules\ts-node\src\index.ts:1374:12)
    at Module.load (node:internal/modules/cjs/loader:1119:32)
